#
# A fatal error has been detected by the Java Runtime Environment:
#
#  EXCEPTION_ACCESS_VIOLATION (0xc0000005) at pc=0x0000000063dd4db2, pid=11256, tid=6396
#
# JRE version: Java(TM) SE Runtime Environment (8.0_11-b12) (build 1.8.0_11-b12)
# Java VM: Java HotSpot(TM) 64-Bit Server VM (25.11-b03 mixed mode windows-amd64 compressed oops)
# Problematic frame:
# V  [jvm.dll+0x424db2]
#
# Failed to write core dump. Minidumps are not enabled by default on client versions of Windows
#
# If you would like to submit a bug report, please visit:
#   http://bugreport.sun.com/bugreport/crash.jsp
#

---------------  T H R E A D  ---------------

Current thread (0x0000000056364000):  JavaThread "C2 CompilerThread1" daemon [_thread_in_native, id=6396, stack(0x00000000568b0000,0x00000000569b0000)]

siginfo: ExceptionCode=0xc0000005, reading address 0x0000000000000000

Registers:
RAX=0x0000000058caf038, RBX=0x0000000000000600, RCX=0x0000000000000000, RDX=0x00000000570fb350
RSP=0x00000000569ac640, RBP=0x00000000000000c0, RSI=0x00000000000000b8, RDI=0x0000000000000000
R8 =0x00000000639b0000, R9 =0x00000000569ac960, R10=0x00000000ffffffff, R11=0x0000000056372890
R12=0x0000000058caf750, R13=0x0000000059bdd5d8, R14=0x0000000000000008, R15=0x0000000059bdd5d8
RIP=0x0000000063dd4db2, EFLAGS=0x0000000000010206

Top of Stack: (sp=0x00000000569ac640)
0x00000000569ac640:   00000000000000dc 00000000570f6aa0
0x00000000569ac650:   0000000000000000 0000000056e9f9c8
0x00000000569ac660:   0000000000000001 0000000000000600
0x00000000569ac670:   0000000000000180 00000000000000c0
0x00000000569ac680:   0000000057e9ccb0 000000005636f240
0x00000000569ac690:   0000000000000740 00000000570f6aa0
0x00000000569ac6a0:   00000000569ac960 0000000058cac0b0
0x00000000569ac6b0:   0000000000000020 0000000000000009
0x00000000569ac6c0:   0000000058caf720 00000000000000dc
0x00000000569ac6d0:   0000000059bdd5d8 0000000063dd598d
0x00000000569ac6e0:   0000000058caf720 000000000000001c
0x00000000569ac6f0:   00000000000000dc 00000000569ac960
0x00000000569ac700:   00000000570fb350 00000000000000dc
0x00000000569ac710:   0000000058cac0b0 0000000000000020
0x00000000569ac720:   00000000563e8b98 00000000569aecd0
0x00000000569ac730:   00000000563e91c8 0000000058caf720 

Instructions: (pc=0x0000000063dd4db2)
0x0000000063dd4d92:   c6 48 63 f0 48 03 f1 eb 04 48 83 ce ff 48 8b 84
0x0000000063dd4da2:   24 a0 00 00 00 48 8b 40 08 48 8b 3c 03 48 8b cf
0x0000000063dd4db2:   48 8b 07 ff 50 28 4c 8d 05 41 b2 bd ff 48 63 50
0x0000000063dd4dc2:   10 4c 8b d8 48 8b ca 48 c1 e1 05 42 80 bc 01 c0 


Register to memory mapping:

RAX=0x0000000058caf038 is an unknown value
RBX=0x0000000000000600 is an unknown value
RCX=0x0000000000000000 is an unknown value
RDX=0x00000000570fb350 is an unknown value
RSP=0x00000000569ac640 is pointing into the stack for thread: 0x0000000056364000
RBP=0x00000000000000c0 is an unknown value
RSI=0x00000000000000b8 is an unknown value
RDI=0x0000000000000000 is an unknown value
R8 =0x00000000639b0000 is an unknown value
R9 =0x00000000569ac960 is pointing into the stack for thread: 0x0000000056364000
R10=0x00000000ffffffff is an unknown value
R11=0x0000000056372890 is an unknown value
R12=0x0000000058caf750 is an unknown value
R13=0x0000000059bdd5d8 is an unknown value
R14=0x0000000000000008 is an unknown value
R15=0x0000000059bdd5d8 is an unknown value


Stack: [0x00000000568b0000,0x00000000569b0000],  sp=0x00000000569ac640,  free space=1009k
Native frames: (J=compiled Java code, j=interpreted, Vv=VM code, C=native code)
V  [jvm.dll+0x424db2]
V  [jvm.dll+0x42598d]
V  [jvm.dll+0x425ecf]
V  [jvm.dll+0x4c5a84]
V  [jvm.dll+0x4415bc]
V  [jvm.dll+0x443a29]
V  [jvm.dll+0x427722]
V  [jvm.dll+0x96982]
V  [jvm.dll+0x97173]
V  [jvm.dll+0x2234b4]
V  [jvm.dll+0x27bcca]
C  [msvcr100.dll+0x21d9f]
C  [msvcr100.dll+0x21e3b]
C  [kernel32.dll+0x159ed]
C  [ntdll.dll+0x2c541]


Current CompileTask:
C2:  49021 7437       4       groovy.lang.MetaClassImpl::findPropertyMethod (356 bytes)


---------------  P R O C E S S  ---------------

Java Threads: ( => current thread )
  0x00000000584c1000 JavaThread "net.sf.ehcache.CacheManager@37fcff49" daemon [_thread_blocked, id=4696, stack(0x00000000607f0000,0x00000000608f0000)]
  0x00000000584c0800 JavaThread "com.oumuo.SecurityGroup.data" daemon [_thread_blocked, id=5100, stack(0x00000000604e0000,0x00000000605e0000)]
  0x00000000584bf000 JavaThread "com.oumuo.Authority.data" daemon [_thread_blocked, id=9508, stack(0x000000005ffc0000,0x00000000600c0000)]
  0x00000000584be000 JavaThread "net.sf.ehcache.CacheManager@3a78030a" daemon [_thread_blocked, id=10740, stack(0x000000005fc80000,0x000000005fd80000)]
  0x0000000056648000 JavaThread "PoolCleaner[192694377:1430062454580]" daemon [_thread_blocked, id=8316, stack(0x000000005f1e0000,0x000000005f2e0000)]
  0x000000005b18d800 JavaThread "FileSystemWatcher: files=#303 cl=groovy.lang.GroovyClassLoader@b7c4869" daemon [_thread_blocked, id=10412, stack(0x000000005bf60000,0x000000005c060000)]
  0x0000000056626000 JavaThread "localhost-startStop-1" daemon [_thread_in_Java, id=8656, stack(0x000000005ade0000,0x000000005aee0000)]
  0x00000000593b3000 JavaThread "Tomcat-startStop-1" daemon [_thread_blocked, id=5744, stack(0x000000005ac80000,0x000000005ad80000)]
  0x00000000594c0000 JavaThread "Thread-3" [_thread_in_native, id=11052, stack(0x000000005a970000,0x000000005aa70000)]
  0x00000000583c2000 JavaThread "Thread-2" [_thread_blocked, id=8888, stack(0x000000005a5e0000,0x000000005a6e0000)]
  0x00000000571f0800 JavaThread "NonBlockingInputStreamThread" daemon [_thread_blocked, id=2736, stack(0x0000000057a90000,0x0000000057b90000)]
  0x00000000564ba000 JavaThread "Service Thread" daemon [_thread_blocked, id=4592, stack(0x0000000056d60000,0x0000000056e60000)]
  0x000000005639f000 JavaThread "C1 CompilerThread2" daemon [_thread_blocked, id=6856, stack(0x0000000056ae0000,0x0000000056be0000)]
=>0x0000000056364000 JavaThread "C2 CompilerThread1" daemon [_thread_in_native, id=6396, stack(0x00000000568b0000,0x00000000569b0000)]
  0x000000005636d000 JavaThread "C2 CompilerThread0" daemon [_thread_in_native, id=10204, stack(0x00000000569d0000,0x0000000056ad0000)]
  0x0000000056274800 JavaThread "Attach Listener" daemon [_thread_blocked, id=6400, stack(0x0000000056700000,0x0000000056800000)]
  0x0000000054dc7800 JavaThread "Signal Dispatcher" daemon [_thread_blocked, id=9060, stack(0x0000000055e10000,0x0000000055f10000)]
  0x0000000054d61000 JavaThread "Finalizer" daemon [_thread_blocked, id=10832, stack(0x0000000056070000,0x0000000056170000)]
  0x0000000054d5c000 JavaThread "Reference Handler" daemon [_thread_blocked, id=1096, stack(0x0000000056170000,0x0000000056270000)]
  0x000000000284a000 JavaThread "main" [_thread_blocked, id=11252, stack(0x0000000002b50000,0x0000000002c50000)]

Other Threads:
  0x0000000054d58000 VMThread [stack: 0x0000000055f70000,0x0000000056070000] [id=8276]
  0x00000000564bd000 WatcherThread [stack: 0x0000000056c40000,0x0000000056d40000] [id=8244]

VM state:not at safepoint (normal execution)

VM Mutex/Monitor currently owned by a thread: None

Heap:
 PSYoungGen      total 215040K, used 156500K [0x00000000f0000000, 0x0000000100000000, 0x0000000100000000)
  eden space 179200K, 74% used [0x00000000f0000000,0x00000000f81c0c88,0x00000000faf00000)
  from space 35840K, 65% used [0x00000000fdd00000,0x00000000ff414680,0x0000000100000000)
  to   space 41472K, 0% used [0x00000000faf00000,0x00000000faf00000,0x00000000fd780000)
 ParOldGen       total 136704K, used 118700K [0x00000000d0000000, 0x00000000d8580000, 0x00000000f0000000)
  object space 136704K, 86% used [0x00000000d0000000,0x00000000d73eb058,0x00000000d8580000)
 Metaspace       used 72023K, capacity 74022K, committed 74348K, reserved 1116160K
  class space    used 7435K, capacity 7991K, committed 8064K, reserved 1048576K

Card table byte_map: [0x0000000012210000,0x00000000123a0000] byte_map_base: 0x0000000011b90000

Marking Bits: (ParMarkBitMap*) 0x00000000641612b0
 Begin Bits: [0x0000000012bd0000, 0x00000000137d0000)
 End Bits:   [0x00000000137d0000, 0x00000000143d0000)

Polling page: 0x00000000002a0000

CodeCache: size=245760Kb used=24785Kb max_used=24872Kb free=220974Kb
 bounds [0x0000000002e50000, 0x00000000046e0000, 0x0000000011e50000]
 total_blobs=7137 nmethods=6372 adapters=675
 compilation: enabled

Compilation events (10 events):
Event: 48.921 Thread 0x000000005639f000 7453       3       grails.util.Environment::valueOf (11 bytes)
Event: 48.922 Thread 0x000000005639f000 nmethod 7453 0x00000000033afed0 code [0x00000000033b0040, 0x00000000033b0288]
Event: 48.922 Thread 0x000000005639f000 7454       3       org.springsource.loaded.MethodMember::superDispatcherFor (119 bytes)
Event: 48.922 Thread 0x000000005639f000 nmethod 7454 0x00000000032d1390 code [0x00000000032d1580, 0x00000000032d1f68]
Event: 48.923 Thread 0x0000000056364000 nmethod 7434 0x00000000039c3590 code [0x00000000039c38c0, 0x00000000039c5f78]
Event: 48.923 Thread 0x0000000056364000 7446       4       org.codehaus.groovy.reflection.ParameterTypes::coerceArgumentsToClasses (55 bytes)
Event: 48.932 Thread 0x0000000056364000 nmethod 7446 0x0000000003062490 code [0x0000000003062620, 0x0000000003062a88]
Event: 48.932 Thread 0x0000000056364000 7437       4       groovy.lang.MetaClassImpl::findPropertyMethod (356 bytes)
Event: 48.980 Thread 0x000000005639f000 7456   !   2       groovy.lang.MetaClassImpl::findMethod (146 bytes)
Event: 48.981 Thread 0x000000005639f000 nmethod 7456 0x000000000329df90 code [0x000000000329e180, 0x000000000329e798]

GC Heap History (10 events):
Event: 41.784 GC heap before
{Heap before GC invocations=56 (full 7):
 PSYoungGen      total 228864K, used 220277K [0x00000000f0000000, 0x0000000100000000, 0x0000000100000000)
  eden space 209920K, 95% used [0x00000000f0000000,0x00000000fc4a4800,0x00000000fcd00000)
  from space 18944K, 99% used [0x00000000fed80000,0x00000000ffff8ef0,0x0000000100000000)
  to   space 26112K, 0% used [0x00000000fcd00000,0x00000000fcd00000,0x00000000fe680000)
 ParOldGen       total 118784K, used 102669K [0x00000000d0000000, 0x00000000d7400000, 0x00000000f0000000)
  object space 118784K, 86% used [0x00000000d0000000,0x00000000d64437e0,0x00000000d7400000)
 Metaspace       used 68418K, capacity 70274K, committed 70636K, reserved 1112064K
  class space    used 6993K, capacity 7576K, committed 7680K, reserved 1048576K
Event: 41.832 GC heap after
Heap after GC invocations=56 (full 7):
 PSYoungGen      total 232960K, used 23012K [0x00000000f0000000, 0x0000000100000000, 0x0000000100000000)
  eden space 209920K, 0% used [0x00000000f0000000,0x00000000f0000000,0x00000000fcd00000)
  from space 23040K, 99% used [0x00000000fcd00000,0x00000000fe3790d8,0x00000000fe380000)
  to   space 29184K, 0% used [0x00000000fe380000,0x00000000fe380000,0x0000000100000000)
 ParOldGen       total 118784K, used 104022K [0x00000000d0000000, 0x00000000d7400000, 0x00000000f0000000)
  object space 118784K, 87% used [0x00000000d0000000,0x00000000d6595a50,0x00000000d7400000)
 Metaspace       used 68418K, capacity 70274K, committed 70636K, reserved 1112064K
  class space    used 6993K, capacity 7576K, committed 7680K, reserved 1048576K
}
Event: 44.088 GC heap before
{Heap before GC invocations=57 (full 7):
 PSYoungGen      total 232960K, used 232932K [0x00000000f0000000, 0x0000000100000000, 0x0000000100000000)
  eden space 209920K, 100% used [0x00000000f0000000,0x00000000fcd00000,0x00000000fcd00000)
  from space 23040K, 99% used [0x00000000fcd00000,0x00000000fe3790d8,0x00000000fe380000)
  to   space 29184K, 0% used [0x00000000fe380000,0x00000000fe380000,0x0000000100000000)
 ParOldGen       total 118784K, used 104022K [0x00000000d0000000, 0x00000000d7400000, 0x00000000f0000000)
  object space 118784K, 87% used [0x00000000d0000000,0x00000000d6595a50,0x00000000d7400000)
 Metaspace       used 69394K, capacity 71284K, committed 71660K, reserved 1114112K
  class space    used 7083K, capacity 7651K, committed 7680K, reserved 1048576K
Event: 44.172 GC heap after
Heap after GC invocations=57 (full 7):
 PSYoungGen      total 221696K, used 29161K [0x00000000f0000000, 0x0000000100000000, 0x0000000100000000)
  eden space 192512K, 0% used [0x00000000f0000000,0x00000000f0000000,0x00000000fbc00000)
  from space 29184K, 99% used [0x00000000fe380000,0x00000000ffffa710,0x0000000100000000)
  to   space 34816K, 0% used [0x00000000fbc00000,0x00000000fbc00000,0x00000000fde00000)
 ParOldGen       total 118784K, used 105948K [0x00000000d0000000, 0x00000000d7400000, 0x00000000f0000000)
  object space 118784K, 89% used [0x00000000d0000000,0x00000000d6777160,0x00000000d7400000)
 Metaspace       used 69394K, capacity 71284K, committed 71660K, reserved 1114112K
  class space    used 7083K, capacity 7651K, committed 7680K, reserved 1048576K
}
Event: 45.626 GC heap before
{Heap before GC invocations=58 (full 7):
 PSYoungGen      total 221696K, used 221673K [0x00000000f0000000, 0x0000000100000000, 0x0000000100000000)
  eden space 192512K, 100% used [0x00000000f0000000,0x00000000fbc00000,0x00000000fbc00000)
  from space 29184K, 99% used [0x00000000fe380000,0x00000000ffffa710,0x0000000100000000)
  to   space 34816K, 0% used [0x00000000fbc00000,0x00000000fbc00000,0x00000000fde00000)
 ParOldGen       total 118784K, used 105948K [0x00000000d0000000, 0x00000000d7400000, 0x00000000f0000000)
  object space 118784K, 89% used [0x00000000d0000000,0x00000000d6777160,0x00000000d7400000)
 Metaspace       used 71041K, capacity 72950K, committed 73196K, reserved 1114112K
  class space    used 7324K, capacity 7896K, committed 7936K, reserved 1048576K
Event: 45.693 GC heap after
Heap after GC invocations=58 (full 7):
 PSYoungGen      total 226304K, used 33705K [0x00000000f0000000, 0x0000000100000000, 0x0000000100000000)
  eden space 192512K, 0% used [0x00000000f0000000,0x00000000f0000000,0x00000000fbc00000)
  from space 33792K, 99% used [0x00000000fbc00000,0x00000000fdcea6c8,0x00000000fdd00000)
  to   space 35840K, 0% used [0x00000000fdd00000,0x00000000fdd00000,0x0000000100000000)
 ParOldGen       total 118784K, used 109525K [0x00000000d0000000, 0x00000000d7400000, 0x00000000f0000000)
  object space 118784K, 92% used [0x00000000d0000000,0x00000000d6af5660,0x00000000d7400000)
 Metaspace       used 71041K, capacity 72950K, committed 73196K, reserved 1114112K
  class space    used 7324K, capacity 7896K, committed 7936K, reserved 1048576K
}
Event: 45.693 GC heap before
{Heap before GC invocations=59 (full 8):
 PSYoungGen      total 226304K, used 33705K [0x00000000f0000000, 0x0000000100000000, 0x0000000100000000)
  eden space 192512K, 0% used [0x00000000f0000000,0x00000000f0000000,0x00000000fbc00000)
  from space 33792K, 99% used [0x00000000fbc00000,0x00000000fdcea6c8,0x00000000fdd00000)
  to   space 35840K, 0% used [0x00000000fdd00000,0x00000000fdd00000,0x0000000100000000)
 ParOldGen       total 118784K, used 109525K [0x00000000d0000000, 0x00000000d7400000, 0x00000000f0000000)
  object space 118784K, 92% used [0x00000000d0000000,0x00000000d6af5660,0x00000000d7400000)
 Metaspace       used 71041K, capacity 72950K, committed 73196K, reserved 1114112K
  class space    used 7324K, capacity 7896K, committed 7936K, reserved 1048576K
Event: 47.580 GC heap after
Heap after GC invocations=59 (full 8):
 PSYoungGen      total 226304K, used 22629K [0x00000000f0000000, 0x0000000100000000, 0x0000000100000000)
  eden space 192512K, 0% used [0x00000000f0000000,0x00000000f0000000,0x00000000fbc00000)
  from space 33792K, 66% used [0x00000000fbc00000,0x00000000fd219730,0x00000000fdd00000)
  to   space 35840K, 0% used [0x00000000fdd00000,0x00000000fdd00000,0x0000000100000000)
 ParOldGen       total 136704K, used 118692K [0x00000000d0000000, 0x00000000d8580000, 0x00000000f0000000)
  object space 136704K, 86% used [0x00000000d0000000,0x00000000d73e9058,0x00000000d8580000)
 Metaspace       used 71026K, capacity 72926K, committed 73196K, reserved 1114112K
  class space    used 7322K, capacity 7892K, committed 7936K, reserved 1048576K
}
Event: 48.083 GC heap before
{Heap before GC invocations=60 (full 8):
 PSYoungGen      total 226304K, used 215141K [0x00000000f0000000, 0x0000000100000000, 0x0000000100000000)
  eden space 192512K, 100% used [0x00000000f0000000,0x00000000fbc00000,0x00000000fbc00000)
  from space 33792K, 66% used [0x00000000fbc00000,0x00000000fd219730,0x00000000fdd00000)
  to   space 35840K, 0% used [0x00000000fdd00000,0x00000000fdd00000,0x0000000100000000)
 ParOldGen       total 136704K, used 118692K [0x00000000d0000000, 0x00000000d8580000, 0x00000000f0000000)
  object space 136704K, 86% used [0x00000000d0000000,0x00000000d73e9058,0x00000000d8580000)
 Metaspace       used 71454K, capacity 73436K, committed 73708K, reserved 1116160K
  class space    used 7358K, capacity 7928K, committed 7936K, reserved 1048576K
Event: 48.169 GC heap after
Heap after GC invocations=60 (full 8):
 PSYoungGen      total 215040K, used 23633K [0x00000000f0000000, 0x0000000100000000, 0x0000000100000000)
  eden space 179200K, 0% used [0x00000000f0000000,0x00000000f0000000,0x00000000faf00000)
  from space 35840K, 65% used [0x00000000fdd00000,0x00000000ff414680,0x0000000100000000)
  to   space 41472K, 0% used [0x00000000faf00000,0x00000000faf00000,0x00000000fd780000)
 ParOldGen       total 136704K, used 118700K [0x00000000d0000000, 0x00000000d8580000, 0x00000000f0000000)
  object space 136704K, 86% used [0x00000000d0000000,0x00000000d73eb058,0x00000000d8580000)
 Metaspace       used 71454K, capacity 73436K, committed 73708K, reserved 1116160K
  class space    used 7358K, capacity 7928K, committed 7936K, reserved 1048576K
}

Deoptimization events (10 events):
Event: 44.265 Thread 0x0000000056626000 Uncommon trap: reason=class_check action=maybe_recompile pc=0x0000000003e955e0 method=sun.reflect.generics.factory.CoreReflectionFactory.findTypeVariable(Ljava/lang/String;)Ljava/lang/reflect/TypeVariable; @ 5
Event: 47.637 Thread 0x0000000056626000 Uncommon trap: reason=unreached action=reinterpret pc=0x00000000044461b0 method=org.springframework.util.ObjectUtils.nullSafeEquals(Ljava/lang/Object;Ljava/lang/Object;)Z @ 8
Event: 47.707 Thread 0x0000000056626000 Uncommon trap: reason=class_check action=maybe_recompile pc=0x0000000003156d34 method=org.springsource.loaded.TypeRegistry.getDescriptorFor(Ljava/lang/String;)Lorg/springsource/loaded/TypeDescriptor; @ 19
Event: 47.711 Thread 0x0000000056626000 Uncommon trap: reason=class_check action=maybe_recompile pc=0x0000000003156d34 method=org.springsource.loaded.TypeRegistry.getDescriptorFor(Ljava/lang/String;)Lorg/springsource/loaded/TypeDescriptor; @ 19
Event: 47.726 Thread 0x0000000056626000 Uncommon trap: reason=bimorphic action=maybe_recompile pc=0x000000000409d064 method=sl.org.objectweb.asm.MethodVisitor.visitTryCatchBlock(Lsl/org/objectweb/asm/Label;Lsl/org/objectweb/asm/Label;Lsl/org/objectweb/asm/Label;Ljava/lang/String;)V @ 16
Event: 47.729 Thread 0x0000000056626000 Uncommon trap: reason=unreached action=reinterpret pc=0x000000000435fcec method=org.springsource.loaded.agent.SpringLoadedPreProcessor.preProcess(Ljava/lang/ClassLoader;Ljava/lang/String;Ljava/security/ProtectionDomain;[B)[B @ 1011
Event: 47.734 Thread 0x0000000056626000 Uncommon trap: reason=class_check action=maybe_recompile pc=0x0000000003156d34 method=org.springsource.loaded.TypeRegistry.getDescriptorFor(Ljava/lang/String;)Lorg/springsource/loaded/TypeDescriptor; @ 19
Event: 47.740 Thread 0x0000000056626000 Uncommon trap: reason=class_check action=maybe_recompile pc=0x0000000003156d34 method=org.springsource.loaded.TypeRegistry.getDescriptorFor(Ljava/lang/String;)Lorg/springsource/loaded/TypeDescriptor; @ 19
Event: 47.827 Thread 0x0000000056626000 Uncommon trap: reason=bimorphic action=maybe_recompile pc=0x000000000409d064 method=sl.org.objectweb.asm.MethodVisitor.visitTryCatchBlock(Lsl/org/objectweb/asm/Label;Lsl/org/objectweb/asm/Label;Lsl/org/objectweb/asm/Label;Ljava/lang/String;)V @ 16
Event: 48.913 Thread 0x0000000056626000 Uncommon trap: reason=unloaded action=reinterpret pc=0x00000000044f59dc method=org.codehaus.groovy.runtime.metaclass.ClosureMetaMethod.createMethodList(Ljava/lang/String;Ljava/lang/Class;Lgroovy/lang/Closure;)Ljava/util/List; @ 227

Internal exceptions (10 events):
Event: 48.976 Thread 0x0000000056626000 Exception <a 'java/security/PrivilegedActionException'> (0x00000000f7e31458) thrown at [C:\re\workspace\8-2-build-windows-amd64-cygwin\jdk8u11\648\hotspot\src\share\vm\prims\jvm.cpp, line 1248]
Event: 48.976 Thread 0x0000000056626000 Exception <a 'java/security/PrivilegedActionException'> (0x00000000f7e34940) thrown at [C:\re\workspace\8-2-build-windows-amd64-cygwin\jdk8u11\648\hotspot\src\share\vm\prims\jvm.cpp, line 1248]
Event: 48.976 Thread 0x0000000056626000 Exception <a 'java/security/PrivilegedActionException'> (0x00000000f7e421b8) thrown at [C:\re\workspace\8-2-build-windows-amd64-cygwin\jdk8u11\648\hotspot\src\share\vm\prims\jvm.cpp, line 1248]
Event: 48.977 Thread 0x0000000056626000 Exception <a 'java/security/PrivilegedActionException'> (0x00000000f7e52b30) thrown at [C:\re\workspace\8-2-build-windows-amd64-cygwin\jdk8u11\648\hotspot\src\share\vm\prims\jvm.cpp, line 1248]
Event: 48.978 Thread 0x0000000056626000 Exception <a 'java/security/PrivilegedActionException'> (0x00000000f7e56018) thrown at [C:\re\workspace\8-2-build-windows-amd64-cygwin\jdk8u11\648\hotspot\src\share\vm\prims\jvm.cpp, line 1248]
Event: 48.978 Thread 0x0000000056626000 Exception <a 'java/security/PrivilegedActionException'> (0x00000000f7e63890) thrown at [C:\re\workspace\8-2-build-windows-amd64-cygwin\jdk8u11\648\hotspot\src\share\vm\prims\jvm.cpp, line 1248]
Event: 48.979 Thread 0x0000000056626000 Exception <a 'java/security/PrivilegedActionException'> (0x00000000f7e812b8) thrown at [C:\re\workspace\8-2-build-windows-amd64-cygwin\jdk8u11\648\hotspot\src\share\vm\prims\jvm.cpp, line 1248]
Event: 48.979 Thread 0x0000000056626000 Exception <a 'java/lang/ClassNotFoundException': CsvGrailsPlugin$_closure4_closure10Customizer> (0x00000000f7e81d18) thrown at [C:\re\workspace\8-2-build-windows-amd64-cygwin\jdk8u11\648\hotspot\src\share\vm\classfile\systemDictionary.cpp, line 202]
Event: 48.980 Thread 0x0000000056626000 Exception <a 'java/security/PrivilegedActionException'> (0x00000000f7e96bf8) thrown at [C:\re\workspace\8-2-build-windows-amd64-cygwin\jdk8u11\648\hotspot\src\share\vm\prims\jvm.cpp, line 1248]
Event: 48.980 Thread 0x0000000056626000 Exception <a 'java/security/PrivilegedActionException'> (0x00000000f7e99ad0) thrown at [C:\re\workspace\8-2-build-windows-amd64-cygwin\jdk8u11\648\hotspot\src\share\vm\prims\jvm.cpp, line 1248]

Events (10 events):
Event: 48.976 loading class CsvGrailsPlugin$_closure4_closure10BeanInfo
Event: 48.976 loading class CsvGrailsPlugin$_closure4_closure10BeanInfo done
Event: 48.976 loading class CsvGrailsPlugin$_closure4_closure10Customizer
Event: 48.976 loading class CsvGrailsPlugin$_closure4_closure10Customizer done
Event: 48.977 loading class CsvGrailsPlugin$_closure4_closure10Customizer
Event: 48.977 loading class CsvGrailsPlugin$_closure4_closure10Customizer done
Event: 48.979 loading class CsvGrailsPlugin$_closure4_closure10Customizer
Event: 48.979 loading class CsvGrailsPlugin$_closure4_closure10Customizer done
Event: 48.980 loading class CsvGrailsPlugin$_closure4_closure11
Event: 48.980 loading class CsvGrailsPlugin$_closure4_closure11 done


Dynamic libraries:
0x000000013fac0000 - 0x000000013faf4000 	C:\Program Files\Java\jdk1.8.0_11\bin\java.exe
0x0000000076e80000 - 0x0000000077029000 	C:\Windows\SYSTEM32\ntdll.dll
0x0000000076c60000 - 0x0000000076d7f000 	C:\Windows\system32\kernel32.dll
0x000007fefd390000 - 0x000007fefd3fc000 	C:\Windows\system32\KERNELBASE.dll
0x000007fefd6c0000 - 0x000007fefd79b000 	C:\Windows\system32\ADVAPI32.dll
0x000007fefe610000 - 0x000007fefe6af000 	C:\Windows\system32\msvcrt.dll
0x000007fefeb60000 - 0x000007fefeb7f000 	C:\Windows\SYSTEM32\sechost.dll
0x000007fefedb0000 - 0x000007fefeedd000 	C:\Windows\system32\RPCRT4.dll
0x0000000076d80000 - 0x0000000076e7a000 	C:\Windows\system32\USER32.dll
0x000007fefed10000 - 0x000007fefed77000 	C:\Windows\system32\GDI32.dll
0x000007fefd6b0000 - 0x000007fefd6be000 	C:\Windows\system32\LPK.dll
0x000007fefeee0000 - 0x000007fefefa9000 	C:\Windows\system32\USP10.dll
0x000007fefb8e0000 - 0x000007fefbad4000 	C:\Windows\WinSxS\amd64_microsoft.windows.common-controls_6595b64144ccf1df_6.0.7601.17514_none_fa396087175ac9ac\COMCTL32.dll
0x000007fefe580000 - 0x000007fefe5f1000 	C:\Windows\system32\SHLWAPI.dll
0x000007fefed80000 - 0x000007fefedae000 	C:\Windows\system32\IMM32.DLL
0x000007fefeb80000 - 0x000007fefec89000 	C:\Windows\system32\MSCTF.dll
0x0000000180000000 - 0x000000018001c000 	C:\Windows\system32\btpload64.dll
0x0000000077050000 - 0x0000000077057000 	C:\Windows\system32\PSAPI.DLL
0x0000000000260000 - 0x000000000028c000 	C:\Windows\system32\privman64.dll
0x000007fefd230000 - 0x000007fefd23c000 	C:\Windows\system32\VERSION.dll
0x000007fefd7f0000 - 0x000007fefe579000 	C:\Windows\system32\SHELL32.dll
0x000007fefd210000 - 0x000007fefd22e000 	C:\Windows\system32\USERENV.dll
0x000007fefd2e0000 - 0x000007fefd2ef000 	C:\Windows\system32\profapi.dll
0x0000000064d70000 - 0x0000000064e42000 	C:\Program Files\Java\jdk1.8.0_11\jre\bin\msvcr100.dll
0x00000000639b0000 - 0x00000000641da000 	C:\Program Files\Java\jdk1.8.0_11\jre\bin\server\jvm.dll
0x000007fefc7c0000 - 0x000007fefc7c9000 	C:\Windows\system32\WSOCK32.dll
0x000007fefd7a0000 - 0x000007fefd7ed000 	C:\Windows\system32\WS2_32.dll
0x000007fefe600000 - 0x000007fefe608000 	C:\Windows\system32\NSI.dll
0x000007fefae20000 - 0x000007fefae5b000 	C:\Windows\system32\WINMM.dll
0x000000006a0c0000 - 0x000000006a0cf000 	C:\Program Files\Java\jdk1.8.0_11\jre\bin\verify.dll
0x0000000064d00000 - 0x0000000064d28000 	C:\Program Files\Java\jdk1.8.0_11\jre\bin\java.dll
0x000000006fc30000 - 0x000000006fc53000 	C:\Program Files\Java\jdk1.8.0_11\jre\bin\instrument.dll
0x000000006afe0000 - 0x000000006aff6000 	C:\Program Files\Java\jdk1.8.0_11\jre\bin\zip.dll
0x000007fefe6b0000 - 0x000007fefe8b3000 	C:\Windows\system32\ole32.dll
0x000007fefcb80000 - 0x000007fefcb97000 	C:\Windows\system32\CRYPTSP.dll
0x000007fefc880000 - 0x000007fefc8c7000 	C:\Windows\system32\rsaenh.dll
0x000007fefd1e0000 - 0x000007fefd1ef000 	C:\Windows\system32\CRYPTBASE.dll
0x0000000064630000 - 0x000000006464a000 	C:\Program Files\Java\jdk1.8.0_11\jre\bin\net.dll
0x000007fefcb20000 - 0x000007fefcb75000 	C:\Windows\system32\mswsock.dll
0x000007fefcb10000 - 0x000007fefcb17000 	C:\Windows\System32\wship6.dll
0x000007fefc280000 - 0x000007fefc2a7000 	C:\Windows\system32\IPHLPAPI.DLL
0x000007fefc270000 - 0x000007fefc27b000 	C:\Windows\system32\WINNSI.DLL
0x000007fefa8b0000 - 0x000007fefa8c8000 	C:\Windows\system32\dhcpcsvc.DLL
0x000007fefa840000 - 0x000007fefa851000 	C:\Windows\system32\dhcpcsvc6.DLL
0x0000000060c30000 - 0x0000000060c41000 	C:\Program Files\Java\jdk1.8.0_11\jre\bin\nio.dll
0x000007fefb820000 - 0x000007fefb82a000 	C:\Users\rgopal\AppData\Local\Temp\jansi-64-8750289611731191459.dll
0x000000006b3e0000 - 0x000000006b3ed000 	C:\Program Files\Java\jdk1.8.0_11\jre\bin\management.dll
0x000007fefc380000 - 0x000007fefc387000 	C:\Windows\System32\wshtcpip.dll
0x000007fefc9a0000 - 0x000007fefc9fb000 	C:\Windows\system32\DNSAPI.dll
0x00000000744a0000 - 0x00000000744c6000 	C:\Program Files\Bonjour\mdnsNSP.dll
0x000007fefa7d0000 - 0x000007fefa7d8000 	C:\Windows\system32\rasadhlp.dll
0x000007fefa7e0000 - 0x000007fefa833000 	C:\Windows\System32\fwpuclnt.dll
0x000007fefa9a0000 - 0x000007fefa9b5000 	C:\Windows\system32\NLAapi.dll
0x000007fefa910000 - 0x000007fefa925000 	C:\Windows\system32\napinsp.dll
0x000007fefa8f0000 - 0x000007fefa909000 	C:\Windows\system32\pnrpnsp.dll
0x000007fefa8e0000 - 0x000007fefa8eb000 	C:\Windows\System32\winrnr.dll
0x000007fefa8d0000 - 0x000007fefa8e0000 	C:\Windows\system32\wshbth.dll
0x000007fef5730000 - 0x000007fef5855000 	C:\Windows\system32\dbghelp.dll

VM Arguments:
jvm_args: -Dfile.encoding=UTF-8 -Xmx768M -Xms64M -Dgrails.fork.parent.process.port=57184 -Dgrails.fork.active=true -Dgrails.build.execution.context=C:\Users\rgopal\AppData\Local\Temp\central7387311746447419257grails-execution-context -Dgrails.home=C:\Users\rgopal\Documents\grails-2.4.4\grails-2.4.4 -javaagent:C:\Users\rgopal\Documents\grails-2.4.4\grails-2.4.4\lib\org.springframework\springloaded\jars\springloaded-1.2.1.RELEASE.jar -Xverify:none -Dspringloaded.synchronize=true -Djdk.reflect.allowGetCallerClass=true -Dspringloaded=profile=grails;cacheDir=C:\Users\rgopal/.grails/2.4.4/ 
java_command: org.grails.plugins.tomcat.fork.ForkedTomcatServer
java_class_path (initial): C:\Program Files\Java\jdk1.8.0_11\lib\tools.jar;C:\Users\rgopal\Documents\grails-2.4.4\grails-2.4.4\lib\org.codehaus.groovy\groovy-all\jars\groovy-all-2.3.7.jar;C:\Users\rgopal\Documents\grails-2.4.4\grails-2.4.4\lib\org.slf4j\jcl-over-slf4j\jars\jcl-over-slf4j-1.7.5.jar;C:\Users\rgopal\Documents\grails-2.4.4\grails-2.4.4\lib\org.codehaus.gant\gant_groovy1.8\jars\gant_groovy1.8-1.9.6.jar;C:\Users\rgopal\Documents\grails-2.4.4\grails-2.4.4\lib\org.apache.tomcat.embed\tomcat-embed-logging-log4j\jars\tomcat-embed-logging-log4j-7.0.50.jar;C:\Users\rgopal\Documents\grails-2.4.4\grails-2.4.4\dist\grails-plugin-log4j-2.4.4.jar;C:\Users\rgopal\Documents\grails-2.4.4\grails-2.4.4\lib\log4j\log4j\jars\log4j-1.2.17.jar;C:\Users\rgopal\Documents\grails-2.4.4\grails-2.4.4\dist\grails-bootstrap-2.4.4.jar;C:\Users\rgopal\Documents\grails-2.4.4\grails-2.4.4\lib\org.slf4j\slf4j-api\jars\slf4j-api-1.7.5.jar;C:\Users\rgopal\Documents\grails-2.4.4\grails-2.4.4\lib\jline\jline\jars\jline-2.12.jar;C:\Users\rgopal\Documents\grails-2.4.4\grails-2.4.4\lib\org.apache.ant\ant\jars\ant-1.8.4.jar;C:\Users\rgopal\Documents\grails-2.4.4\grails-2.4.4\lib\org.apache.ant\ant-launcher\jars\ant-launcher-1.8.4.jar;C:\Users\rgopal\Documents\grails-2.4.4\grails-2.4.4\lib\org.apache.ant\ant-trax\jars\ant-trax-1.7.1.jar;C:\Users\rgopal\Documents\grails-2.4.4\grails-2.4.4\lib\org.apache.ant\ant-junit\jars\ant-junit-1.8.4.jar;C:\Users\rgopal\Documents\grails-2.4.4\grails-2.4.4\lib\org.apache.ivy\ivy\jars\ivy-2.3.0.jar;C:\Users\rgopal\Documents\grails-2.4.4\grails-2.4.4\lib\org.fusesource.jansi\jansi\jars\jansi-1.11.jar;C:\Users\rgopal\.m2\repository\org\apache\tomcat\tomcat-catalina-ant\7.0.55\tomcat-catalina-ant-7.0.55.jar;C:\Users\rgopal\.m2\repository\org\apache\tomcat\embed\tomcat-embed-jasper\7.0.55\tomcat-embed-jasper-7.0.55.jar;C:\Users\rgopal\.m2\repository\org\apache\tomcat\embed\tomcat-embed-el\7.0.55\tomcat-embed-el-7.0.55.jar;C:\Users\rgopal\.m2\repository\org\apache\
Launcher Type: SUN_STANDARD

Environment Variables:
JAVA_HOME=C:\Program Files\Java\jdk1.8.0_11
PATH=C:\Windows\system32;C:\Windows;C:\Windows\System32\Wbem;C:\Windows\System32\WindowsPowerShell\v1.0\;C:\users\rgopal\My Documents\springsource\grails-2.3.5\bin\;c:\Program Files\Java\jdk1.7.0_51\bin\;C:\Program Files (x86)\MiKTeX 2.9\miktex\bin\
USERNAME=rgopal
OS=Windows_NT
PROCESSOR_IDENTIFIER=Intel64 Family 6 Model 37 Stepping 5, GenuineIntel



---------------  S Y S T E M  ---------------

OS: Windows 7 , 64 bit Build 7601 Service Pack 1

CPU:total 4 (2 cores per cpu, 2 threads per core) family 6 model 37 stepping 5, cmov, cx8, fxsr, mmx, sse, sse2, sse3, ssse3, sse4.1, sse4.2, popcnt, aes, clmul, ht, tsc, tscinvbit

Memory: 4k page, physical 8181608k(1882076k free), swap 16361352k(8899368k free)

vm_info: Java HotSpot(TM) 64-Bit Server VM (25.11-b03) for windows-amd64 JRE (1.8.0_11-b12), built on Jun 16 2014 20:57:32 by "java_re" with MS VC++ 10.0 (VS2010)

time: Sun Apr 26 11:34:32 2015
elapsed time: 49 seconds

