#
# A fatal error has been detected by the Java Runtime Environment:
#
#  EXCEPTION_ACCESS_VIOLATION (0xc0000005) at pc=0x0000000066184db2, pid=9428, tid=9912
#
# JRE version: Java(TM) SE Runtime Environment (8.0_11-b12) (build 1.8.0_11-b12)
# Java VM: Java HotSpot(TM) 64-Bit Server VM (25.11-b03 mixed mode windows-amd64 compressed oops)
# Problematic frame:
# V  [jvm.dll+0x424db2]
#
# Failed to write core dump. Minidumps are not enabled by default on client versions of Windows
#
# If you would like to submit a bug report, please visit:
#   http://bugreport.sun.com/bugreport/crash.jsp
#

---------------  T H R E A D  ---------------

Current thread (0x0000000056155000):  JavaThread "C2 CompilerThread1" daemon [_thread_in_native, id=9912, stack(0x0000000056760000,0x0000000056860000)]

siginfo: ExceptionCode=0xc0000005, reading address 0x0000000000000000

Registers:
RAX=0x00000000576e4688, RBX=0x0000000000000600, RCX=0x0000000000000000, RDX=0x00000000592e21c0
RSP=0x000000005685c330, RBP=0x00000000000000c0, RSI=0x00000000000000b8, RDI=0x0000000000000000
R8 =0x0000000065d60000, R9 =0x000000005685c650, R10=0x00000000ffffffff, R11=0x000000005618a0c0
R12=0x00000000576e4d90, R13=0x0000000056f884e8, R14=0x0000000000000008, R15=0x0000000056f884e8
RIP=0x0000000066184db2, EFLAGS=0x0000000000010206

Top of Stack: (sp=0x000000005685c330)
0x000000005685c330:   00000000000000da 00000000000000b0
0x000000005685c340:   000000000000000a 0000000000000400
0x000000005685c350:   0000000000000001 0000000000000600
0x000000005685c360:   0000000000000180 00000000000000c0
0x000000005685c370:   000000005ba36630 0000000056161b90
0x000000005685c380:   00000000000006d8 00000000592ddd80
0x000000005685c390:   000000005685c650 00000000576e1810
0x000000005685c3a0:   0000000000000020 0000000000000009
0x000000005685c3b0:   00000000576e4d60 00000000000000da
0x000000005685c3c0:   0000000056f884e8 000000006618598d
0x000000005685c3d0:   00000000576e4d60 000000000000001c
0x000000005685c3e0:   00000000000000da 000000005685c650
0x000000005685c3f0:   00000000592e21c0 00000000000000da
0x000000005685c400:   00000000576e1810 0000000000000020
0x000000005685c410:   000000005d65e1d8 000000005685e9c0
0x000000005685c420:   000000005d65e808 00000000576e4d60 

Instructions: (pc=0x0000000066184db2)
0x0000000066184d92:   c6 48 63 f0 48 03 f1 eb 04 48 83 ce ff 48 8b 84
0x0000000066184da2:   24 a0 00 00 00 48 8b 40 08 48 8b 3c 03 48 8b cf
0x0000000066184db2:   48 8b 07 ff 50 28 4c 8d 05 41 b2 bd ff 48 63 50
0x0000000066184dc2:   10 4c 8b d8 48 8b ca 48 c1 e1 05 42 80 bc 01 c0 


Register to memory mapping:

RAX=0x00000000576e4688 is an unknown value
RBX=0x0000000000000600 is an unknown value
RCX=0x0000000000000000 is an unknown value
RDX=0x00000000592e21c0 is an unknown value
RSP=0x000000005685c330 is pointing into the stack for thread: 0x0000000056155000
RBP=0x00000000000000c0 is an unknown value
RSI=0x00000000000000b8 is an unknown value
RDI=0x0000000000000000 is an unknown value
R8 =0x0000000065d60000 is an unknown value
R9 =0x000000005685c650 is pointing into the stack for thread: 0x0000000056155000
R10=0x00000000ffffffff is an unknown value
R11=0x000000005618a0c0 is an unknown value
R12=0x00000000576e4d90 is an unknown value
R13=0x0000000056f884e8 is an unknown value
R14=0x0000000000000008 is an unknown value
R15=0x0000000056f884e8 is an unknown value


Stack: [0x0000000056760000,0x0000000056860000],  sp=0x000000005685c330,  free space=1008k
Native frames: (J=compiled Java code, j=interpreted, Vv=VM code, C=native code)
V  [jvm.dll+0x424db2]
V  [jvm.dll+0x42598d]
V  [jvm.dll+0x425ecf]
V  [jvm.dll+0x4c5a84]
V  [jvm.dll+0x4415bc]
V  [jvm.dll+0x443a29]
V  [jvm.dll+0x427722]
V  [jvm.dll+0x96982]
V  [jvm.dll+0x97173]
V  [jvm.dll+0x2234b4]
V  [jvm.dll+0x27bcca]
C  [msvcr100.dll+0x21d9f]
C  [msvcr100.dll+0x21e3b]
C  [kernel32.dll+0x159ed]
C  [ntdll.dll+0x2c541]


Current CompileTask:
C2:  42222 7079       4       groovy.lang.MetaClassImpl::findPropertyMethod (356 bytes)


---------------  P R O C E S S  ---------------

Java Threads: ( => current thread )
  0x000000005d5d3000 JavaThread "com.oumuo.SecurityGroup.data" daemon [_thread_blocked, id=5896, stack(0x0000000061030000,0x0000000061130000)]
  0x000000005d5d1800 JavaThread "com.oumuo.Authority.data" daemon [_thread_blocked, id=6456, stack(0x000000005d100000,0x000000005d200000)]
  0x000000005d5cf800 JavaThread "net.sf.ehcache.CacheManager@599bacf2" daemon [_thread_blocked, id=8280, stack(0x000000005e400000,0x000000005e500000)]
  0x000000005ee0e800 JavaThread "PoolCleaner[1070157899:1429383239347]" daemon [_thread_blocked, id=9800, stack(0x000000005b070000,0x000000005b170000)]
  0x00000000583be000 JavaThread "FileSystemWatcher: files=#266 cl=groovy.lang.GroovyClassLoader@3fc9504b" daemon [_thread_blocked, id=6900, stack(0x000000005b180000,0x000000005b280000)]
  0x0000000059706000 JavaThread "localhost-startStop-1" daemon [_thread_in_vm, id=6864, stack(0x0000000059fd0000,0x000000005a0d0000)]
  0x0000000059705800 JavaThread "Tomcat-startStop-1" daemon [_thread_blocked, id=7100, stack(0x000000005ad50000,0x000000005ae50000)]
  0x0000000059aef800 JavaThread "Thread-3" [_thread_in_native, id=9848, stack(0x000000005a9d0000,0x000000005aad0000)]
  0x0000000058727800 JavaThread "Thread-2" [_thread_blocked, id=8052, stack(0x0000000058e60000,0x0000000058f60000)]
  0x00000000572d9800 JavaThread "NonBlockingInputStreamThread" daemon [_thread_blocked, id=10164, stack(0x0000000057b30000,0x0000000057c30000)]
  0x0000000056254800 JavaThread "Service Thread" daemon [_thread_blocked, id=9724, stack(0x0000000056a00000,0x0000000056b00000)]
  0x0000000056157000 JavaThread "C1 CompilerThread2" daemon [_thread_blocked, id=9340, stack(0x0000000056bb0000,0x0000000056cb0000)]
=>0x0000000056155000 JavaThread "C2 CompilerThread1" daemon [_thread_in_native, id=9912, stack(0x0000000056760000,0x0000000056860000)]
  0x000000005615c800 JavaThread "C2 CompilerThread0" daemon [_thread_in_native, id=9176, stack(0x00000000568e0000,0x00000000569e0000)]
  0x0000000056069000 JavaThread "Attach Listener" daemon [_thread_blocked, id=4276, stack(0x0000000056630000,0x0000000056730000)]
  0x0000000054b67800 JavaThread "Signal Dispatcher" daemon [_thread_blocked, id=1640, stack(0x0000000056460000,0x0000000056560000)]
  0x0000000054b01000 JavaThread "Finalizer" daemon [_thread_blocked, id=9668, stack(0x0000000055ab0000,0x0000000055bb0000)]
  0x0000000054afb800 JavaThread "Reference Handler" daemon [_thread_blocked, id=9144, stack(0x0000000055d50000,0x0000000055e50000)]
  0x000000000232a000 JavaThread "main" [_thread_blocked, id=2272, stack(0x0000000002a10000,0x0000000002b10000)]

Other Threads:
  0x0000000054af8000 VMThread [stack: 0x0000000055c20000,0x0000000055d20000] [id=968]
  0x0000000056247800 WatcherThread [stack: 0x0000000056df0000,0x0000000056ef0000] [id=9204]

VM state:not at safepoint (normal execution)

VM Mutex/Monitor currently owned by a thread: None

Heap:
 PSYoungGen      total 182272K, used 61803K [0x00000000f0000000, 0x0000000100000000, 0x0000000100000000)
  eden space 140288K, 14% used [0x00000000f0000000,0x00000000f1390db8,0x00000000f8900000)
  from space 41984K, 99% used [0x00000000f8900000,0x00000000fb1ca080,0x00000000fb200000)
  to   space 62976K, 0% used [0x00000000fc280000,0x00000000fc280000,0x0000000100000000)
 ParOldGen       total 107520K, used 91869K [0x00000000d0000000, 0x00000000d6900000, 0x00000000f0000000)
  object space 107520K, 85% used [0x00000000d0000000,0x00000000d59b7470,0x00000000d6900000)
 Metaspace       used 69053K, capacity 70784K, committed 71040K, reserved 1112064K
  class space    used 7229K, capacity 7715K, committed 7808K, reserved 1048576K

Card table byte_map: [0x0000000002b10000,0x0000000002ca0000] byte_map_base: 0x0000000002490000

Marking Bits: (ParMarkBitMap*) 0x00000000665112b0
 Begin Bits: [0x0000000012970000, 0x0000000013570000)
 End Bits:   [0x0000000013570000, 0x0000000014170000)

Polling page: 0x00000000020b0000

CodeCache: size=245760Kb used=23478Kb max_used=23982Kb free=222281Kb
 bounds [0x0000000002d10000, 0x00000000044a0000, 0x0000000011d10000]
 total_blobs=6697 nmethods=5933 adapters=675
 compilation: enabled

Compilation events (10 events):
Event: 42.125 Thread 0x0000000056157000 7080       2       org.codehaus.groovy.reflection.ParameterTypes::isValidMethod (79 bytes)
Event: 42.125 Thread 0x0000000056157000 nmethod 7080 0x0000000002f44310 code [0x0000000002f444a0, 0x0000000002f44748]
Event: 42.129 Thread 0x0000000056157000 7081       3       java.util.TimSort::mergeLo (659 bytes)
Event: 42.131 Thread 0x0000000056157000 nmethod 7081 0x000000000335b490 code [0x000000000335b7c0, 0x000000000335d8b8]
Event: 42.135 Thread 0x0000000056155000 nmethod 7062 0x0000000003154c50 code [0x0000000003154ec0, 0x0000000003155d80]
Event: 42.135 Thread 0x0000000056155000 7079       4       groovy.lang.MetaClassImpl::findPropertyMethod (356 bytes)
Event: 42.140 Thread 0x0000000056157000 7082       3       java.lang.reflect.Field::acquireFieldAccessor (59 bytes)
Event: 42.141 Thread 0x0000000056157000 nmethod 7082 0x000000000362cbd0 code [0x000000000362cda0, 0x000000000362d4c8]
Event: 42.144 Thread 0x0000000056157000 7085       1       org.codehaus.groovy.runtime.metaclass.ClosureMetaMethod$AnonymousMetaMethod::getName (5 bytes)
Event: 42.145 Thread 0x0000000056157000 nmethod 7085 0x0000000003329f90 code [0x000000000332a0e0, 0x000000000332a1f0]

GC Heap History (10 events):
Event: 36.402 GC heap before
{Heap before GC invocations=72 (full 6):
 PSYoungGen      total 218112K, used 215458K [0x00000000f0000000, 0x0000000100000000, 0x0000000100000000)
  eden space 174080K, 98% used [0x00000000f0000000,0x00000000fa7d1270,0x00000000faa00000)
  from space 44032K, 99% used [0x00000000faa00000,0x00000000fd4975a8,0x00000000fd500000)
  to   space 44032K, 0% used [0x00000000fd500000,0x00000000fd500000,0x0000000100000000)
 ParOldGen       total 90624K, used 75776K [0x00000000d0000000, 0x00000000d5880000, 0x00000000f0000000)
  object space 90624K, 83% used [0x00000000d0000000,0x00000000d4a002e0,0x00000000d5880000)
 Metaspace       used 66247K, capacity 67984K, committed 68352K, reserved 1110016K
  class space    used 6851K, capacity 7346K, committed 7424K, reserved 1048576K
Event: 36.507 GC heap after
Heap after GC invocations=72 (full 6):
 PSYoungGen      total 193536K, used 44026K [0x00000000f0000000, 0x0000000100000000, 0x0000000100000000)
  eden space 149504K, 0% used [0x00000000f0000000,0x00000000f0000000,0x00000000f9200000)
  from space 44032K, 99% used [0x00000000fd500000,0x00000000ffffe860,0x0000000100000000)
  to   space 56320K, 0% used [0x00000000f9200000,0x00000000f9200000,0x00000000fc900000)
 ParOldGen       total 90624K, used 76272K [0x00000000d0000000, 0x00000000d5880000, 0x00000000f0000000)
  object space 90624K, 84% used [0x00000000d0000000,0x00000000d4a7c018,0x00000000d5880000)
 Metaspace       used 66247K, capacity 67984K, committed 68352K, reserved 1110016K
  class space    used 6851K, capacity 7346K, committed 7424K, reserved 1048576K
}
Event: 38.138 GC heap before
{Heap before GC invocations=73 (full 6):
 PSYoungGen      total 193536K, used 193530K [0x00000000f0000000, 0x0000000100000000, 0x0000000100000000)
  eden space 149504K, 100% used [0x00000000f0000000,0x00000000f9200000,0x00000000f9200000)
  from space 44032K, 99% used [0x00000000fd500000,0x00000000ffffe860,0x0000000100000000)
  to   space 56320K, 0% used [0x00000000f9200000,0x00000000f9200000,0x00000000fc900000)
 ParOldGen       total 90624K, used 76272K [0x00000000d0000000, 0x00000000d5880000, 0x00000000f0000000)
  object space 90624K, 84% used [0x00000000d0000000,0x00000000d4a7c018,0x00000000d5880000)
 Metaspace       used 67152K, capacity 68838K, committed 69248K, reserved 1112064K
  class space    used 6936K, capacity 7430K, committed 7552K, reserved 1048576K
Event: 38.254 GC heap after
Heap after GC invocations=73 (full 6):
 PSYoungGen      total 187392K, used 37760K [0x00000000f0000000, 0x0000000100000000, 0x0000000100000000)
  eden space 149504K, 0% used [0x00000000f0000000,0x00000000f0000000,0x00000000f9200000)
  from space 37888K, 99% used [0x00000000f9200000,0x00000000fb6e0198,0x00000000fb700000)
  to   space 57856K, 0% used [0x00000000fc780000,0x00000000fc780000,0x0000000100000000)
 ParOldGen       total 90624K, used 89836K [0x00000000d0000000, 0x00000000d5880000, 0x00000000f0000000)
  object space 90624K, 99% used [0x00000000d0000000,0x00000000d57bb2c8,0x00000000d5880000)
 Metaspace       used 67152K, capacity 68838K, committed 69248K, reserved 1112064K
  class space    used 6936K, capacity 7430K, committed 7552K, reserved 1048576K
}
Event: 38.254 GC heap before
{Heap before GC invocations=74 (full 7):
 PSYoungGen      total 187392K, used 37760K [0x00000000f0000000, 0x0000000100000000, 0x0000000100000000)
  eden space 149504K, 0% used [0x00000000f0000000,0x00000000f0000000,0x00000000f9200000)
  from space 37888K, 99% used [0x00000000f9200000,0x00000000fb6e0198,0x00000000fb700000)
  to   space 57856K, 0% used [0x00000000fc780000,0x00000000fc780000,0x0000000100000000)
 ParOldGen       total 90624K, used 89836K [0x00000000d0000000, 0x00000000d5880000, 0x00000000f0000000)
  object space 90624K, 99% used [0x00000000d0000000,0x00000000d57bb2c8,0x00000000d5880000)
 Metaspace       used 67152K, capacity 68838K, committed 69248K, reserved 1112064K
  class space    used 6936K, capacity 7430K, committed 7552K, reserved 1048576K
Event: 40.097 GC heap after
Heap after GC invocations=74 (full 7):
 PSYoungGen      total 187392K, used 34912K [0x00000000f0000000, 0x0000000100000000, 0x0000000100000000)
  eden space 149504K, 0% used [0x00000000f0000000,0x00000000f0000000,0x00000000f9200000)
  from space 37888K, 92% used [0x00000000f9200000,0x00000000fb418330,0x00000000fb700000)
  to   space 57856K, 0% used [0x00000000fc780000,0x00000000fc780000,0x0000000100000000)
 ParOldGen       total 107520K, used 90173K [0x00000000d0000000, 0x00000000d6900000, 0x00000000f0000000)
  object space 107520K, 83% used [0x00000000d0000000,0x00000000d580f470,0x00000000d6900000)
 Metaspace       used 67145K, capacity 68826K, committed 69248K, reserved 1112064K
  class space    used 6935K, capacity 7428K, committed 7552K, reserved 1048576K
}
Event: 41.092 GC heap before
{Heap before GC invocations=75 (full 7):
 PSYoungGen      total 187392K, used 179189K [0x00000000f0000000, 0x0000000100000000, 0x0000000100000000)
  eden space 149504K, 96% used [0x00000000f0000000,0x00000000f8ce5148,0x00000000f9200000)
  from space 37888K, 92% used [0x00000000f9200000,0x00000000fb418330,0x00000000fb700000)
  to   space 57856K, 0% used [0x00000000fc780000,0x00000000fc780000,0x0000000100000000)
 ParOldGen       total 107520K, used 90173K [0x00000000d0000000, 0x00000000d6900000, 0x00000000f0000000)
  object space 107520K, 83% used [0x00000000d0000000,0x00000000d580f470,0x00000000d6900000)
 Metaspace       used 68655K, capacity 70284K, committed 70656K, reserved 1112064K
  class space    used 7164K, capacity 7655K, committed 7680K, reserved 1048576K
Event: 41.244 GC heap after
Heap after GC invocations=75 (full 7):
 PSYoungGen      total 198144K, used 41466K [0x00000000f0000000, 0x0000000100000000, 0x0000000100000000)
  eden space 140288K, 0% used [0x00000000f0000000,0x00000000f0000000,0x00000000f8900000)
  from space 57856K, 71% used [0x00000000fc780000,0x00000000feffe9e8,0x0000000100000000)
  to   space 60928K, 0% used [0x00000000f8900000,0x00000000f8900000,0x00000000fc480000)
 ParOldGen       total 107520K, used 90181K [0x00000000d0000000, 0x00000000d6900000, 0x00000000f0000000)
  object space 107520K, 83% used [0x00000000d0000000,0x00000000d5811470,0x00000000d6900000)
 Metaspace       used 68655K, capacity 70284K, committed 70656K, reserved 1112064K
  class space    used 7164K, capacity 7655K, committed 7680K, reserved 1048576K
}
Event: 41.939 GC heap before
{Heap before GC invocations=76 (full 7):
 PSYoungGen      total 198144K, used 181754K [0x00000000f0000000, 0x0000000100000000, 0x0000000100000000)
  eden space 140288K, 100% used [0x00000000f0000000,0x00000000f8900000,0x00000000f8900000)
  from space 57856K, 71% used [0x00000000fc780000,0x00000000feffe9e8,0x0000000100000000)
  to   space 60928K, 0% used [0x00000000f8900000,0x00000000f8900000,0x00000000fc480000)
 ParOldGen       total 107520K, used 90181K [0x00000000d0000000, 0x00000000d6900000, 0x00000000f0000000)
  object space 107520K, 83% used [0x00000000d0000000,0x00000000d5811470,0x00000000d6900000)
 Metaspace       used 68955K, capacity 70666K, committed 71040K, reserved 1112064K
  class space    used 7213K, capacity 7701K, committed 7808K, reserved 1048576K
Event: 42.000 GC heap after
Heap after GC invocations=76 (full 7):
 PSYoungGen      total 182272K, used 41768K [0x00000000f0000000, 0x0000000100000000, 0x0000000100000000)
  eden space 140288K, 0% used [0x00000000f0000000,0x00000000f0000000,0x00000000f8900000)
  from space 41984K, 99% used [0x00000000f8900000,0x00000000fb1ca080,0x00000000fb200000)
  to   space 62976K, 0% used [0x00000000fc280000,0x00000000fc280000,0x0000000100000000)
 ParOldGen       total 107520K, used 91869K [0x00000000d0000000, 0x00000000d6900000, 0x00000000f0000000)
  object space 107520K, 85% used [0x00000000d0000000,0x00000000d59b7470,0x00000000d6900000)
 Metaspace       used 68955K, capacity 70666K, committed 71040K, reserved 1112064K
  class space    used 7213K, capacity 7701K, committed 7808K, reserved 1048576K
}

Deoptimization events (10 events):
Event: 37.790 Thread 0x0000000059706000 Uncommon trap: reason=class_check action=maybe_recompile pc=0x00000000042b1018 method=java.util.concurrent.ConcurrentHashMap$TreeNode.findTreeNode(ILjava/lang/Object;Ljava/lang/Class;)Ljava/util/concurrent/ConcurrentHashMap$TreeNode; @ 73
Event: 37.790 Thread 0x0000000059706000 Uncommon trap: reason=class_check action=maybe_recompile pc=0x00000000042b1018 method=java.util.concurrent.ConcurrentHashMap$TreeNode.findTreeNode(ILjava/lang/Object;Ljava/lang/Class;)Ljava/util/concurrent/ConcurrentHashMap$TreeNode; @ 73
Event: 37.801 Thread 0x0000000059706000 Uncommon trap: reason=class_check action=maybe_recompile pc=0x0000000003d2b558 method=sun.reflect.generics.factory.CoreReflectionFactory.findTypeVariable(Ljava/lang/String;)Ljava/lang/reflect/TypeVariable; @ 5
Event: 37.801 Thread 0x0000000059706000 Uncommon trap: reason=class_check action=maybe_recompile pc=0x0000000003d2b558 method=sun.reflect.generics.factory.CoreReflectionFactory.findTypeVariable(Ljava/lang/String;)Ljava/lang/reflect/TypeVariable; @ 5
Event: 38.034 Thread 0x0000000059706000 Uncommon trap: reason=class_check action=maybe_recompile pc=0x00000000035c2eb4 method=sun.reflect.generics.factory.CoreReflectionFactory.getDeclsLoader()Ljava/lang/ClassLoader; @ 25
Event: 38.035 Thread 0x0000000059706000 Uncommon trap: reason=class_check action=maybe_recompile pc=0x00000000035c2eb4 method=sun.reflect.generics.factory.CoreReflectionFactory.getDeclsLoader()Ljava/lang/ClassLoader; @ 25
Event: 40.517 Thread 0x0000000059706000 Uncommon trap: reason=class_check action=maybe_recompile pc=0x00000000035c2eb4 method=sun.reflect.generics.factory.CoreReflectionFactory.getDeclsLoader()Ljava/lang/ClassLoader; @ 25
Event: 40.517 Thread 0x0000000059706000 Uncommon trap: reason=class_check action=maybe_recompile pc=0x00000000035c2eb4 method=sun.reflect.generics.factory.CoreReflectionFactory.getDeclsLoader()Ljava/lang/ClassLoader; @ 25
Event: 41.067 Thread 0x0000000059706000 Uncommon trap: reason=null_check action=make_not_entrant pc=0x00000000043f7100 method=org.springframework.util.ClassUtils.isAssignable(Ljava/lang/Class;Ljava/lang/Class;)Z @ 70
Event: 41.346 Thread 0x0000000059706000 Uncommon trap: reason=unreached action=reinterpret pc=0x0000000003663a68 method=org.springframework.util.ObjectUtils.nullSafeEquals(Ljava/lang/Object;Ljava/lang/Object;)Z @ 8

Internal exceptions (10 events):
Event: 42.180 Thread 0x0000000059706000 Exception <a 'java/security/PrivilegedActionException'> (0x00000000f0d8a6d8) thrown at [C:\re\workspace\8-2-build-windows-amd64-cygwin\jdk8u11\648\hotspot\src\share\vm\prims\jvm.cpp, line 1248]
Event: 42.181 Thread 0x0000000059706000 Exception <a 'java/security/PrivilegedActionException'> (0x00000000f0dbe878) thrown at [C:\re\workspace\8-2-build-windows-amd64-cygwin\jdk8u11\648\hotspot\src\share\vm\prims\jvm.cpp, line 1248]
Event: 42.181 Thread 0x0000000059706000 Exception <a 'java/lang/ClassNotFoundException': org/codehaus/groovy/grails/plugins/web/ServletsGrailsPluginSupport$_enhanceServletApi_closure2BeanInfo> (0x00000000f0dbf348) thrown at [C:\re\workspace\8-2-build-windows-amd64-cygwin\jdk8u11\648\hotspot\src\źe(3E@
Event: 42.181 Thread 0x0000000059706000 Exception <a 'java/security/PrivilegedActionException'> (0x00000000f0dc05f0) thrown at [C:\re\workspace\8-2-build-windows-amd64-cygwin\jdk8u11\648\hotspot\src\share\vm\prims\jvm.cpp, line 1248]
Event: 42.182 Thread 0x0000000059706000 Exception <a 'java/security/PrivilegedActionException'> (0x00000000f0dc6360) thrown at [C:\re\workspace\8-2-build-windows-amd64-cygwin\jdk8u11\648\hotspot\src\share\vm\prims\jvm.cpp, line 1248]
Event: 42.182 Thread 0x0000000059706000 Exception <a 'java/security/PrivilegedActionException'> (0x00000000f0dde068) thrown at [C:\re\workspace\8-2-build-windows-amd64-cygwin\jdk8u11\648\hotspot\src\share\vm\prims\jvm.cpp, line 1248]
Event: 42.183 Thread 0x0000000059706000 Exception <a 'java/security/PrivilegedActionException'> (0x00000000f0dfbf78) thrown at [C:\re\workspace\8-2-build-windows-amd64-cygwin\jdk8u11\648\hotspot\src\share\vm\prims\jvm.cpp, line 1248]
Event: 42.183 Thread 0x0000000059706000 Exception <a 'java/security/PrivilegedActionException'> (0x00000000f0e01ce8) thrown at [C:\re\workspace\8-2-build-windows-amd64-cygwin\jdk8u11\648\hotspot\src\share\vm\prims\jvm.cpp, line 1248]
Event: 42.184 Thread 0x0000000059706000 Exception <a 'java/security/PrivilegedActionException'> (0x00000000f0e199f0) thrown at [C:\re\workspace\8-2-build-windows-amd64-cygwin\jdk8u11\648\hotspot\src\share\vm\prims\jvm.cpp, line 1248]
Event: 42.185 Thread 0x0000000059706000 Exception <a 'java/security/PrivilegedActionException'> (0x00000000f0e4e5f8) thrown at [C:\re\workspace\8-2-build-windows-amd64-cygwin\jdk8u11\648\hotspot\src\share\vm\prims\jvm.cpp, line 1248]

Events (10 events):
Event: 42.178 loading class org/codehaus/groovy/grails/plugins/web/ServletsGrailsPluginSupport$_enhanceServletApi_closure2BeanInfo
Event: 42.178 loading class org/codehaus/groovy/grails/plugins/web/ServletsGrailsPluginSupport$_enhanceServletApi_closure2BeanInfo done
Event: 42.179 loading class org/codehaus/groovy/grails/plugins/web/ServletsGrailsPluginSupport$_enhanceServletApi_closure2BeanInfo
Event: 42.179 loading class org/codehaus/groovy/grails/plugins/web/ServletsGrailsPluginSupport$_enhanceServletApi_closure2BeanInfo done
Event: 42.181 loading class org/codehaus/groovy/grails/plugins/web/ServletsGrailsPluginSupport$_enhanceServletApi_closure2BeanInfo
Event: 42.181 loading class org/codehaus/groovy/grails/plugins/web/ServletsGrailsPluginSupport$_enhanceServletApi_closure2BeanInfo done
Event: 42.181 loading class org/codehaus/groovy/grails/plugins/web/ServletsGrailsPluginSupport$_enhanceServletApi_closure2Customizer
Event: 42.181 loading class org/codehaus/groovy/grails/plugins/web/ServletsGrailsPluginSupport$_enhanceServletApi_closure2Customizer done
Event: 42.183 loading class org/codehaus/groovy/grails/plugins/web/ServletsGrailsPluginSupport$_enhanceServletApi_closure2Customizer
Event: 42.183 loading class org/codehaus/groovy/grails/plugins/web/ServletsGrailsPluginSupport$_enhanceServletApi_closure2Customizer done


Dynamic libraries:
0x000000013fcf0000 - 0x000000013fd24000 	C:\Program Files\Java\jdk1.8.0_11\bin\java.exe
0x0000000077430000 - 0x00000000775d9000 	C:\Windows\SYSTEM32\ntdll.dll
0x0000000077310000 - 0x000000007742f000 	C:\Windows\system32\kernel32.dll
0x000007fefd9a0000 - 0x000007fefda0c000 	C:\Windows\system32\KERNELBASE.dll
0x000007feff3b0000 - 0x000007feff48b000 	C:\Windows\system32\ADVAPI32.dll
0x000007fefdea0000 - 0x000007fefdf3f000 	C:\Windows\system32\msvcrt.dll
0x000007fefdc60000 - 0x000007fefdc7f000 	C:\Windows\SYSTEM32\sechost.dll
0x000007feff060000 - 0x000007feff18d000 	C:\Windows\system32\RPCRT4.dll
0x0000000077210000 - 0x000000007730a000 	C:\Windows\system32\USER32.dll
0x000007fefdd80000 - 0x000007fefdde7000 	C:\Windows\system32\GDI32.dll
0x000007feff3a0000 - 0x000007feff3ae000 	C:\Windows\system32\LPK.dll
0x000007feff490000 - 0x000007feff559000 	C:\Windows\system32\USP10.dll
0x000007fefbe90000 - 0x000007fefc084000 	C:\Windows\WinSxS\amd64_microsoft.windows.common-controls_6595b64144ccf1df_6.0.7601.17514_none_fa396087175ac9ac\COMCTL32.dll
0x000007fefdd00000 - 0x000007fefdd71000 	C:\Windows\system32\SHLWAPI.dll
0x000007fefdcd0000 - 0x000007fefdcfe000 	C:\Windows\system32\IMM32.DLL
0x000007fefeeb0000 - 0x000007fefefb9000 	C:\Windows\system32\MSCTF.dll
0x0000000180000000 - 0x000000018001c000 	C:\Windows\system32\btpload64.dll
0x00000000775f0000 - 0x00000000775f7000 	C:\Windows\system32\PSAPI.DLL
0x0000000001b70000 - 0x0000000001b9c000 	C:\Windows\system32\privman64.dll
0x000007fefd7e0000 - 0x000007fefd7ec000 	C:\Windows\system32\VERSION.dll
0x000007fefdf40000 - 0x000007fefecc9000 	C:\Windows\system32\SHELL32.dll
0x000007fefd7c0000 - 0x000007fefd7de000 	C:\Windows\system32\USERENV.dll
0x000007fefd890000 - 0x000007fefd89f000 	C:\Windows\system32\profapi.dll
0x000000006bac0000 - 0x000000006bb92000 	C:\Program Files\Java\jdk1.8.0_11\jre\bin\msvcr100.dll
0x0000000065d60000 - 0x000000006658a000 	C:\Program Files\Java\jdk1.8.0_11\jre\bin\server\jvm.dll
0x000007fefcd70000 - 0x000007fefcd79000 	C:\Windows\system32\WSOCK32.dll
0x000007fefdc80000 - 0x000007fefdccd000 	C:\Windows\system32\WS2_32.dll
0x000007fefddf0000 - 0x000007fefddf8000 	C:\Windows\system32\NSI.dll
0x000007fefb3d0000 - 0x000007fefb40b000 	C:\Windows\system32\WINMM.dll
0x000000006c660000 - 0x000000006c66f000 	C:\Program Files\Java\jdk1.8.0_11\jre\bin\verify.dll
0x000000006ba60000 - 0x000000006ba88000 	C:\Program Files\Java\jdk1.8.0_11\jre\bin\java.dll
0x0000000070460000 - 0x0000000070483000 	C:\Program Files\Java\jdk1.8.0_11\jre\bin\instrument.dll
0x000000006b9f0000 - 0x000000006ba06000 	C:\Program Files\Java\jdk1.8.0_11\jre\bin\zip.dll
0x0000000055e50000 - 0x0000000056053000 	C:\Windows\system32\ole32.dll
0x000007fefd130000 - 0x000007fefd147000 	C:\Windows\system32\CRYPTSP.dll
0x000007fefce30000 - 0x000007fefce77000 	C:\Windows\system32\rsaenh.dll
0x000007fefd790000 - 0x000007fefd79f000 	C:\Windows\system32\CRYPTBASE.dll
0x000000006b8d0000 - 0x000000006b8ea000 	C:\Program Files\Java\jdk1.8.0_11\jre\bin\net.dll
0x000007fefd0d0000 - 0x000007fefd125000 	C:\Windows\system32\mswsock.dll
0x000007fefd0c0000 - 0x000007fefd0c7000 	C:\Windows\System32\wship6.dll
0x000007fefc460000 - 0x000007fefc487000 	C:\Windows\system32\IPHLPAPI.DLL
0x000007fefc450000 - 0x000007fefc45b000 	C:\Windows\system32\WINNSI.DLL
0x000007fefadd0000 - 0x000007fefade8000 	C:\Windows\system32\dhcpcsvc.DLL
0x000007fefae10000 - 0x000007fefae21000 	C:\Windows\system32\dhcpcsvc6.DLL
0x000000006b890000 - 0x000000006b8a1000 	C:\Program Files\Java\jdk1.8.0_11\jre\bin\nio.dll
0x000007fefc580000 - 0x000007fefc58a000 	C:\Users\rgopal\AppData\Local\Temp\jansi-64-7540088405048381314.dll
0x0000000060220000 - 0x000000006022d000 	C:\Program Files\Java\jdk1.8.0_11\jre\bin\management.dll
0x000007fefc950000 - 0x000007fefc957000 	C:\Windows\System32\wshtcpip.dll
0x000007fefcf50000 - 0x000007fefcfab000 	C:\Windows\system32\DNSAPI.dll
0x0000000074b00000 - 0x0000000074b26000 	C:\Program Files\Bonjour\mdnsNSP.dll
0x000007fefae00000 - 0x000007fefae08000 	C:\Windows\system32\rasadhlp.dll
0x000007fefad70000 - 0x000007fefadc3000 	C:\Windows\System32\fwpuclnt.dll
0x000007fefaf50000 - 0x000007fefaf65000 	C:\Windows\system32\NLAapi.dll
0x000007fefaf30000 - 0x000007fefaf45000 	C:\Windows\system32\napinsp.dll
0x000007fefaea0000 - 0x000007fefaeb9000 	C:\Windows\system32\pnrpnsp.dll
0x000007fefae90000 - 0x000007fefae9b000 	C:\Windows\System32\winrnr.dll
0x000007fefae80000 - 0x000007fefae90000 	C:\Windows\system32\wshbth.dll
0x000007fef3a30000 - 0x000007fef3b55000 	C:\Windows\system32\dbghelp.dll

VM Arguments:
jvm_args: -Dfile.encoding=UTF-8 -Xmx768M -Xms64M -Dgrails.fork.parent.process.port=64434 -Dgrails.fork.active=true -Dgrails.build.execution.context=C:\Users\rgopal\AppData\Local\Temp\central4637705136091386556grails-execution-context -Dgrails.home=C:\Users\rgopal\Documents\grails-2.4.4\grails-2.4.4 -javaagent:C:\Users\rgopal\Documents\grails-2.4.4\grails-2.4.4\lib\org.springframework\springloaded\jars\springloaded-1.2.1.RELEASE.jar -Xverify:none -Dspringloaded.synchronize=true -Djdk.reflect.allowGetCallerClass=true -Dspringloaded=profile=grails;cacheDir=C:\Users\rgopal/.grails/2.4.4/ 
java_command: org.grails.plugins.tomcat.fork.ForkedTomcatServer
java_class_path (initial): C:\Program Files\Java\jdk1.8.0_11\lib\tools.jar;C:\Users\rgopal\Documents\grails-2.4.4\grails-2.4.4\lib\org.codehaus.groovy\groovy-all\jars\groovy-all-2.3.7.jar;C:\Users\rgopal\Documents\grails-2.4.4\grails-2.4.4\lib\org.slf4j\jcl-over-slf4j\jars\jcl-over-slf4j-1.7.5.jar;C:\Users\rgopal\Documents\grails-2.4.4\grails-2.4.4\lib\org.codehaus.gant\gant_groovy1.8\jars\gant_groovy1.8-1.9.6.jar;C:\Users\rgopal\Documents\grails-2.4.4\grails-2.4.4\lib\org.apache.tomcat.embed\tomcat-embed-logging-log4j\jars\tomcat-embed-logging-log4j-7.0.50.jar;C:\Users\rgopal\Documents\grails-2.4.4\grails-2.4.4\dist\grails-plugin-log4j-2.4.4.jar;C:\Users\rgopal\Documents\grails-2.4.4\grails-2.4.4\lib\log4j\log4j\jars\log4j-1.2.17.jar;C:\Users\rgopal\Documents\grails-2.4.4\grails-2.4.4\dist\grails-bootstrap-2.4.4.jar;C:\Users\rgopal\Documents\grails-2.4.4\grails-2.4.4\lib\org.slf4j\slf4j-api\jars\slf4j-api-1.7.5.jar;C:\Users\rgopal\Documents\grails-2.4.4\grails-2.4.4\lib\jline\jline\jars\jline-2.12.jar;C:\Users\rgopal\Documents\grails-2.4.4\grails-2.4.4\lib\org.apache.ant\ant\jars\ant-1.8.4.jar;C:\Users\rgopal\Documents\grails-2.4.4\grails-2.4.4\lib\org.apache.ant\ant-launcher\jars\ant-launcher-1.8.4.jar;C:\Users\rgopal\Documents\grails-2.4.4\grails-2.4.4\lib\org.apache.ant\ant-trax\jars\ant-trax-1.7.1.jar;C:\Users\rgopal\Documents\grails-2.4.4\grails-2.4.4\lib\org.apache.ant\ant-junit\jars\ant-junit-1.8.4.jar;C:\Users\rgopal\Documents\grails-2.4.4\grails-2.4.4\lib\org.apache.ivy\ivy\jars\ivy-2.3.0.jar;C:\Users\rgopal\Documents\grails-2.4.4\grails-2.4.4\lib\org.fusesource.jansi\jansi\jars\jansi-1.11.jar;C:\Users\rgopal\.m2\repository\org\apache\tomcat\tomcat-catalina-ant\7.0.55\tomcat-catalina-ant-7.0.55.jar;C:\Users\rgopal\.m2\repository\org\apache\tomcat\embed\tomcat-embed-jasper\7.0.55\tomcat-embed-jasper-7.0.55.jar;C:\Users\rgopal\.m2\repository\org\apache\tomcat\embed\tomcat-embed-el\7.0.55\tomcat-embed-el-7.0.55.jar;C:\Users\rgopal\.m2\repository\org\apache\
Launcher Type: SUN_STANDARD

Environment Variables:
JAVA_HOME=C:\Program Files\Java\jdk1.8.0_11
PATH=C:\Windows\system32;C:\Windows;C:\Windows\System32\Wbem;C:\Windows\System32\WindowsPowerShell\v1.0\;C:\users\rgopal\My Documents\springsource\grails-2.3.5\bin\;c:\Program Files\Java\jdk1.7.0_51\bin\;C:\Program Files (x86)\MiKTeX 2.9\miktex\bin\
USERNAME=rgopal
OS=Windows_NT
PROCESSOR_IDENTIFIER=Intel64 Family 6 Model 37 Stepping 5, GenuineIntel



---------------  S Y S T E M  ---------------

OS: Windows 7 , 64 bit Build 7601 Service Pack 1

CPU:total 4 (2 cores per cpu, 2 threads per core) family 6 model 37 stepping 5, cmov, cx8, fxsr, mmx, sse, sse2, sse3, ssse3, sse4.1, sse4.2, popcnt, aes, clmul, ht, tsc, tscinvbit

Memory: 4k page, physical 8181608k(2845688k free), swap 16361352k(10293304k free)

vm_info: Java HotSpot(TM) 64-Bit Server VM (25.11-b03) for windows-amd64 JRE (1.8.0_11-b12), built on Jun 16 2014 20:57:32 by "java_re" with MS VC++ 10.0 (VS2010)

time: Sat Apr 18 14:54:13 2015
elapsed time: 42 seconds

