#
# A fatal error has been detected by the Java Runtime Environment:
#
#  EXCEPTION_ACCESS_VIOLATION (0xc0000005) at pc=0x0000000070774db2, pid=10936, tid=11156
#
# JRE version: Java(TM) SE Runtime Environment (8.0_11-b12) (build 1.8.0_11-b12)
# Java VM: Java HotSpot(TM) 64-Bit Server VM (25.11-b03 mixed mode windows-amd64 compressed oops)
# Problematic frame:
# V  [jvm.dll+0x424db2]
#
# Failed to write core dump. Minidumps are not enabled by default on client versions of Windows
#
# If you would like to submit a bug report, please visit:
#   http://bugreport.sun.com/bugreport/crash.jsp
#

---------------  T H R E A D  ---------------

Current thread (0x00000000561ef800):  JavaThread "C2 CompilerThread1" daemon [_thread_in_native, id=11156, stack(0x0000000056500000,0x0000000056600000)]

siginfo: ExceptionCode=0xc0000005, reading address 0x0000000000000000

Registers:
RAX=0x000000005b0bc0f8, RBX=0x0000000000000600, RCX=0x0000000000000000, RDX=0x0000000057c6fcf0
RSP=0x00000000565fc6e0, RBP=0x00000000000000c0, RSI=0x00000000000000b8, RDI=0x0000000000000000
R8 =0x0000000070350000, R9 =0x00000000565fca00, R10=0x00000000ffffffff, R11=0x00000000561f36c0
R12=0x000000005b0bc800, R13=0x000000005879fce8, R14=0x0000000000000008, R15=0x000000005879fce8
RIP=0x0000000070774db2, EFLAGS=0x0000000000010206

Top of Stack: (sp=0x00000000565fc6e0)
0x00000000565fc6e0:   00000000000000da 00000000000000b0
0x00000000565fc6f0:   000000000000000a 0000000058a34d50
0x00000000565fc700:   0000000000000001 0000000000000600
0x00000000565fc710:   0000000000000180 00000000000000c0
0x00000000565fc720:   000000005b7cb7b0 00000000561e6410
0x00000000565fc730:   00000000000006e0 0000000057c6b5d0
0x00000000565fc740:   00000000565fca00 000000005b0b9240
0x00000000565fc750:   0000000000000020 0000000000000009
0x00000000565fc760:   000000005b0bc7d0 00000000000000da
0x00000000565fc770:   000000005879fce8 000000007077598d
0x00000000565fc780:   000000005b0bc7d0 000000000000001c
0x00000000565fc790:   00000000000000da 00000000565fca00
0x00000000565fc7a0:   0000000057c6fcf0 00000000000000da
0x00000000565fc7b0:   000000005b0b9240 0000000000000020
0x00000000565fc7c0:   000000005d498f80 00000000565fed70
0x00000000565fc7d0:   000000005d4995b0 000000005b0bc7d0 

Instructions: (pc=0x0000000070774db2)
0x0000000070774d92:   c6 48 63 f0 48 03 f1 eb 04 48 83 ce ff 48 8b 84
0x0000000070774da2:   24 a0 00 00 00 48 8b 40 08 48 8b 3c 03 48 8b cf
0x0000000070774db2:   48 8b 07 ff 50 28 4c 8d 05 41 b2 bd ff 48 63 50
0x0000000070774dc2:   10 4c 8b d8 48 8b ca 48 c1 e1 05 42 80 bc 01 c0 


Register to memory mapping:

RAX=0x000000005b0bc0f8 is an unknown value
RBX=0x0000000000000600 is an unknown value
RCX=0x0000000000000000 is an unknown value
RDX=0x0000000057c6fcf0 is an unknown value
RSP=0x00000000565fc6e0 is pointing into the stack for thread: 0x00000000561ef800
RBP=0x00000000000000c0 is an unknown value
RSI=0x00000000000000b8 is an unknown value
RDI=0x0000000000000000 is an unknown value
R8 =0x0000000070350000 is an unknown value
R9 =0x00000000565fca00 is pointing into the stack for thread: 0x00000000561ef800
R10=0x00000000ffffffff is an unknown value
R11=0x00000000561f36c0 is an unknown value
R12=0x000000005b0bc800 is an unknown value
R13=0x000000005879fce8 is an unknown value
R14=0x0000000000000008 is an unknown value
R15=0x000000005879fce8 is an unknown value


Stack: [0x0000000056500000,0x0000000056600000],  sp=0x00000000565fc6e0,  free space=1009k
Native frames: (J=compiled Java code, j=interpreted, Vv=VM code, C=native code)
V  [jvm.dll+0x424db2]
V  [jvm.dll+0x42598d]
V  [jvm.dll+0x425ecf]
V  [jvm.dll+0x4c5a84]
V  [jvm.dll+0x4415bc]
V  [jvm.dll+0x443a29]
V  [jvm.dll+0x427722]
V  [jvm.dll+0x96982]
V  [jvm.dll+0x97173]
V  [jvm.dll+0x2234b4]
V  [jvm.dll+0x27bcca]
C  [msvcr100.dll+0x21d9f]
C  [msvcr100.dll+0x21e3b]
C  [kernel32.dll+0x159ed]
C  [ntdll.dll+0x2c541]


Current CompileTask:
C2:  51139 7083       4       groovy.lang.MetaClassImpl::findPropertyMethod (356 bytes)


---------------  P R O C E S S  ---------------

Java Threads: ( => current thread )
  0x0000000057511800 JavaThread "com.oumuo.SecurityGroup.data" daemon [_thread_blocked, id=10148, stack(0x000000005ac10000,0x000000005ad10000)]
  0x000000005996e800 JavaThread "com.oumuo.Authority.data" daemon [_thread_blocked, id=10748, stack(0x000000005fd70000,0x000000005fe70000)]
  0x0000000057306800 JavaThread "net.sf.ehcache.CacheManager@2c0b071" daemon [_thread_blocked, id=10360, stack(0x000000005f2b0000,0x000000005f3b0000)]
  0x000000005b7b4000 JavaThread "PoolCleaner[1070157899:1429195265747]" daemon [_thread_blocked, id=5424, stack(0x000000005f1a0000,0x000000005f2a0000)]
  0x0000000059c12000 JavaThread "FileSystemWatcher: files=#266 cl=groovy.lang.GroovyClassLoader@3fc9504b" daemon [_thread_blocked, id=8624, stack(0x000000005ada0000,0x000000005aea0000)]
  0x00000000591d3800 JavaThread "localhost-startStop-1" daemon [_thread_in_vm, id=9700, stack(0x000000005ab10000,0x000000005ac10000)]
  0x000000005848c000 JavaThread "Tomcat-startStop-1" daemon [_thread_blocked, id=10964, stack(0x0000000058e10000,0x0000000058f10000)]
  0x000000005894c800 JavaThread "Thread-3" [_thread_in_native, id=10116, stack(0x0000000057660000,0x0000000057760000)]
  0x00000000575e5800 JavaThread "Thread-2" [_thread_blocked, id=5732, stack(0x000000005a360000,0x000000005a460000)]
  0x0000000057224000 JavaThread "NonBlockingInputStreamThread" daemon [_thread_blocked, id=10164, stack(0x0000000057af0000,0x0000000057bf0000)]
  0x0000000056331000 JavaThread "Service Thread" daemon [_thread_blocked, id=10816, stack(0x0000000056d30000,0x0000000056e30000)]
  0x0000000056238000 JavaThread "C1 CompilerThread2" daemon [_thread_blocked, id=12152, stack(0x0000000056bf0000,0x0000000056cf0000)]
=>0x00000000561ef800 JavaThread "C2 CompilerThread1" daemon [_thread_in_native, id=11156, stack(0x0000000056500000,0x0000000056600000)]
  0x00000000561ee800 JavaThread "C2 CompilerThread0" daemon [_thread_in_native, id=11952, stack(0x0000000056a90000,0x0000000056b90000)]
  0x00000000560f4800 JavaThread "Attach Listener" daemon [_thread_blocked, id=8304, stack(0x0000000056800000,0x0000000056900000)]
  0x0000000054d97800 JavaThread "Signal Dispatcher" daemon [_thread_blocked, id=10104, stack(0x0000000056630000,0x0000000056730000)]
  0x0000000054d31000 JavaThread "Finalizer" daemon [_thread_blocked, id=10952, stack(0x0000000055de0000,0x0000000055ee0000)]
  0x0000000054d2c000 JavaThread "Reference Handler" daemon [_thread_blocked, id=8828, stack(0x0000000055ff0000,0x00000000560f0000)]
  0x000000000288a000 JavaThread "main" [_thread_blocked, id=1604, stack(0x0000000002c10000,0x0000000002d10000)]

Other Threads:
  0x0000000054d28800 VMThread [stack: 0x0000000055ef0000,0x0000000055ff0000] [id=9472]
  0x0000000056334000 WatcherThread [stack: 0x0000000056960000,0x0000000056a60000] [id=12212]

VM state:not at safepoint (normal execution)

VM Mutex/Monitor currently owned by a thread: None

Heap:
 PSYoungGen      total 212992K, used 70400K [0x00000000f0000000, 0x0000000100000000, 0x0000000100000000)
  eden space 184320K, 27% used [0x00000000f0000000,0x00000000f31dc0a8,0x00000000fb400000)
  from space 28672K, 67% used [0x00000000fe400000,0x00000000ff6e4188,0x0000000100000000)
  to   space 38912K, 0% used [0x00000000fb400000,0x00000000fb400000,0x00000000fda00000)
 ParOldGen       total 132096K, used 112762K [0x00000000d0000000, 0x00000000d8100000, 0x00000000f0000000)
  object space 132096K, 85% used [0x00000000d0000000,0x00000000d6e1e9e8,0x00000000d8100000)
 Metaspace       used 68475K, capacity 70186K, committed 70528K, reserved 1112064K
  class space    used 7220K, capacity 7713K, committed 7808K, reserved 1048576K

Card table byte_map: [0x00000000121d0000,0x0000000012360000] byte_map_base: 0x0000000011b50000

Marking Bits: (ParMarkBitMap*) 0x0000000070b012b0
 Begin Bits: [0x0000000012a20000, 0x0000000013620000)
 End Bits:   [0x0000000013620000, 0x0000000014220000)

Polling page: 0x0000000001cc0000

CodeCache: size=245760Kb used=24133Kb max_used=24647Kb free=221626Kb
 bounds [0x0000000002e10000, 0x0000000004640000, 0x0000000011e10000]
 total_blobs=6837 nmethods=6073 adapters=675
 compilation: enabled

Compilation events (10 events):
Event: 51.031 Thread 0x00000000561ee800 nmethod 7073 0x000000000462f910 code [0x000000000462fbc0, 0x0000000004630598]
Event: 51.032 Thread 0x00000000561ee800 7081       4       groovy.lang.MetaClassImpl$1MOPIter::methodNameAction (482 bytes)
Event: 51.033 Thread 0x00000000561ef800 nmethod 7078 0x0000000002f22790 code [0x0000000002f228e0, 0x0000000002f22af8]
Event: 51.034 Thread 0x00000000561ef800 7077       4       org.codehaus.groovy.runtime.metaclass.MetaMethodIndex::addMethodToList (290 bytes)
Event: 51.061 Thread 0x0000000056238000 7084       3       groovyjarjarasm.asm.FieldVisitor::<init> (35 bytes)
Event: 51.061 Thread 0x0000000056238000 nmethod 7084 0x0000000002f6fa90 code [0x0000000002f6fc00, 0x0000000002f6fec8]
Event: 51.063 Thread 0x00000000561ef800 nmethod 7077 0x0000000003321c50 code [0x0000000003321ec0, 0x0000000003322e18]
Event: 51.064 Thread 0x00000000561ef800 7083       4       groovy.lang.MetaClassImpl::findPropertyMethod (356 bytes)
Event: 51.089 Thread 0x0000000056238000 7086       3       java.lang.reflect.Field::acquireFieldAccessor (59 bytes)
Event: 51.091 Thread 0x0000000056238000 nmethod 7086 0x0000000002f25310 code [0x0000000002f254e0, 0x0000000002f25c08]

GC Heap History (10 events):
Event: 44.171 GC heap before
{Heap before GC invocations=54 (full 7):
 PSYoungGen      total 240128K, used 234321K [0x00000000f0000000, 0x0000000100000000, 0x0000000100000000)
  eden space 220160K, 100% used [0x00000000f0000000,0x00000000fd700000,0x00000000fd700000)
  from space 19968K, 70% used [0x00000000feb80000,0x00000000ff954458,0x00000000fff00000)
  to   space 20992K, 0% used [0x00000000fd700000,0x00000000fd700000,0x00000000feb80000)
 ParOldGen       total 113152K, used 93055K [0x00000000d0000000, 0x00000000d6e80000, 0x00000000f0000000)
  object space 113152K, 82% used [0x00000000d0000000,0x00000000d5adfe98,0x00000000d6e80000)
 Metaspace       used 64320K, capacity 66002K, committed 66432K, reserved 1107968K
  class space    used 6694K, capacity 7177K, committed 7296K, reserved 1048576K
Event: 44.259 GC heap after
Heap after GC invocations=54 (full 7):
 PSYoungGen      total 241152K, used 20962K [0x00000000f0000000, 0x0000000100000000, 0x0000000100000000)
  eden space 220160K, 0% used [0x00000000f0000000,0x00000000f0000000,0x00000000fd700000)
  from space 20992K, 99% used [0x00000000fd700000,0x00000000feb789e8,0x00000000feb80000)
  to   space 20992K, 0% used [0x00000000feb80000,0x00000000feb80000,0x0000000100000000)
 ParOldGen       total 113152K, used 93578K [0x00000000d0000000, 0x00000000d6e80000, 0x00000000f0000000)
  object space 113152K, 82% used [0x00000000d0000000,0x00000000d5b628f8,0x00000000d6e80000)
 Metaspace       used 64320K, capacity 66002K, committed 66432K, reserved 1107968K
  class space    used 6694K, capacity 7177K, committed 7296K, reserved 1048576K
}
Event: 45.585 GC heap before
{Heap before GC invocations=55 (full 7):
 PSYoungGen      total 241152K, used 235083K [0x00000000f0000000, 0x0000000100000000, 0x0000000100000000)
  eden space 220160K, 97% used [0x00000000f0000000,0x00000000fd11a580,0x00000000fd700000)
  from space 20992K, 99% used [0x00000000fd700000,0x00000000feb789e8,0x00000000feb80000)
  to   space 20992K, 0% used [0x00000000feb80000,0x00000000feb80000,0x0000000100000000)
 ParOldGen       total 113152K, used 93578K [0x00000000d0000000, 0x00000000d6e80000, 0x00000000f0000000)
  object space 113152K, 82% used [0x00000000d0000000,0x00000000d5b628f8,0x00000000d6e80000)
 Metaspace       used 65668K, capacity 67316K, committed 67584K, reserved 1110016K
  class space    used 6837K, capacity 7314K, committed 7424K, reserved 1048576K
Event: 45.667 GC heap after
Heap after GC invocations=55 (full 7):
 PSYoungGen      total 225792K, used 20961K [0x00000000f0000000, 0x0000000100000000, 0x0000000100000000)
  eden space 204800K, 0% used [0x00000000f0000000,0x00000000f0000000,0x00000000fc800000)
  from space 20992K, 99% used [0x00000000feb80000,0x00000000ffff85a0,0x0000000100000000)
  to   space 28672K, 0% used [0x00000000fc800000,0x00000000fc800000,0x00000000fe400000)
 ParOldGen       total 113152K, used 97313K [0x00000000d0000000, 0x00000000d6e80000, 0x00000000f0000000)
  object space 113152K, 86% used [0x00000000d0000000,0x00000000d5f08548,0x00000000d6e80000)
 Metaspace       used 65668K, capacity 67316K, committed 67584K, reserved 1110016K
  class space    used 6837K, capacity 7314K, committed 7424K, reserved 1048576K
}
Event: 47.938 GC heap before
{Heap before GC invocations=56 (full 7):
 PSYoungGen      total 225792K, used 220558K [0x00000000f0000000, 0x0000000100000000, 0x0000000100000000)
  eden space 204800K, 97% used [0x00000000f0000000,0x00000000fc2eb340,0x00000000fc800000)
  from space 20992K, 99% used [0x00000000feb80000,0x00000000ffff85a0,0x0000000100000000)
  to   space 28672K, 0% used [0x00000000fc800000,0x00000000fc800000,0x00000000fe400000)
 ParOldGen       total 113152K, used 97313K [0x00000000d0000000, 0x00000000d6e80000, 0x00000000f0000000)
  object space 113152K, 86% used [0x00000000d0000000,0x00000000d5f08548,0x00000000d6e80000)
 Metaspace       used 66702K, capacity 68434K, committed 68736K, reserved 1110016K
  class space    used 6946K, capacity 7464K, committed 7552K, reserved 1048576K
Event: 47.976 GC heap after
Heap after GC invocations=56 (full 7):
 PSYoungGen      total 233472K, used 28289K [0x00000000f0000000, 0x0000000100000000, 0x0000000100000000)
  eden space 204800K, 0% used [0x00000000f0000000,0x00000000f0000000,0x00000000fc800000)
  from space 28672K, 98% used [0x00000000fc800000,0x00000000fe3a0560,0x00000000fe400000)
  to   space 28672K, 0% used [0x00000000fe400000,0x00000000fe400000,0x0000000100000000)
 ParOldGen       total 113152K, used 99317K [0x00000000d0000000, 0x00000000d6e80000, 0x00000000f0000000)
  object space 113152K, 87% used [0x00000000d0000000,0x00000000d60fd578,0x00000000d6e80000)
 Metaspace       used 66702K, capacity 68434K, committed 68736K, reserved 1110016K
  class space    used 6946K, capacity 7464K, committed 7552K, reserved 1048576K
}
Event: 49.167 GC heap before
{Heap before GC invocations=57 (full 7):
 PSYoungGen      total 233472K, used 233089K [0x00000000f0000000, 0x0000000100000000, 0x0000000100000000)
  eden space 204800K, 100% used [0x00000000f0000000,0x00000000fc800000,0x00000000fc800000)
  from space 28672K, 98% used [0x00000000fc800000,0x00000000fe3a0560,0x00000000fe400000)
  to   space 28672K, 0% used [0x00000000fe400000,0x00000000fe400000,0x0000000100000000)
 ParOldGen       total 113152K, used 99317K [0x00000000d0000000, 0x00000000d6e80000, 0x00000000f0000000)
  object space 113152K, 87% used [0x00000000d0000000,0x00000000d60fd578,0x00000000d6e80000)
 Metaspace       used 68264K, capacity 70008K, committed 70272K, reserved 1112064K
  class space    used 7175K, capacity 7689K, committed 7808K, reserved 1048576K
Event: 49.220 GC heap after
Heap after GC invocations=57 (full 7):
 PSYoungGen      total 212992K, used 28649K [0x00000000f0000000, 0x0000000100000000, 0x0000000100000000)
  eden space 184320K, 0% used [0x00000000f0000000,0x00000000f0000000,0x00000000fb400000)
  from space 28672K, 99% used [0x00000000fe400000,0x00000000ffffa450,0x0000000100000000)
  to   space 38912K, 0% used [0x00000000fb400000,0x00000000fb400000,0x00000000fda00000)
 ParOldGen       total 113152K, used 105532K [0x00000000d0000000, 0x00000000d6e80000, 0x00000000f0000000)
  object space 113152K, 93% used [0x00000000d0000000,0x00000000d670f2c8,0x00000000d6e80000)
 Metaspace       used 68264K, capacity 70008K, committed 70272K, reserved 1112064K
  class space    used 7175K, capacity 7689K, committed 7808K, reserved 1048576K
}
Event: 49.220 GC heap before
{Heap before GC invocations=58 (full 8):
 PSYoungGen      total 212992K, used 28649K [0x00000000f0000000, 0x0000000100000000, 0x0000000100000000)
  eden space 184320K, 0% used [0x00000000f0000000,0x00000000f0000000,0x00000000fb400000)
  from space 28672K, 99% used [0x00000000fe400000,0x00000000ffffa450,0x0000000100000000)
  to   space 38912K, 0% used [0x00000000fb400000,0x00000000fb400000,0x00000000fda00000)
 ParOldGen       total 113152K, used 105532K [0x00000000d0000000, 0x00000000d6e80000, 0x00000000f0000000)
  object space 113152K, 93% used [0x00000000d0000000,0x00000000d670f2c8,0x00000000d6e80000)
 Metaspace       used 68264K, capacity 70008K, committed 70272K, reserved 1112064K
  class space    used 7175K, capacity 7689K, committed 7808K, reserved 1048576K
Event: 50.751 GC heap after
Heap after GC invocations=58 (full 8):
 PSYoungGen      total 212992K, used 19344K [0x00000000f0000000, 0x0000000100000000, 0x0000000100000000)
  eden space 184320K, 0% used [0x00000000f0000000,0x00000000f0000000,0x00000000fb400000)
  from space 28672K, 67% used [0x00000000fe400000,0x00000000ff6e4188,0x0000000100000000)
  to   space 38912K, 0% used [0x00000000fb400000,0x00000000fb400000,0x00000000fda00000)
 ParOldGen       total 132096K, used 112762K [0x00000000d0000000, 0x00000000d8100000, 0x00000000f0000000)
  object space 132096K, 85% used [0x00000000d0000000,0x00000000d6e1e9e8,0x00000000d8100000)
 Metaspace       used 68257K, capacity 69996K, committed 70272K, reserved 1112064K
  class space    used 7174K, capacity 7687K, committed 7808K, reserved 1048576K
}

Deoptimization events (10 events):
Event: 47.403 Thread 0x00000000591d3800 Uncommon trap: reason=class_check action=maybe_recompile pc=0x0000000004502b34 method=sun.reflect.generics.factory.CoreReflectionFactory.getDeclsLoader()Ljava/lang/ClassLoader; @ 25
Event: 47.881 Thread 0x00000000591d3800 Uncommon trap: reason=class_check action=maybe_recompile pc=0x0000000004502b34 method=sun.reflect.generics.factory.CoreReflectionFactory.getDeclsLoader()Ljava/lang/ClassLoader; @ 25
Event: 47.881 Thread 0x00000000591d3800 Uncommon trap: reason=class_check action=maybe_recompile pc=0x0000000004502b34 method=sun.reflect.generics.factory.CoreReflectionFactory.getDeclsLoader()Ljava/lang/ClassLoader; @ 25
Event: 48.719 Thread 0x00000000591d3800 Uncommon trap: reason=unreached action=reinterpret pc=0x0000000004396128 method=org.springframework.util.ObjectUtils.nullSafeEquals(Ljava/lang/Object;Ljava/lang/Object;)Z @ 8
Event: 48.984 Thread 0x00000000591d3800 Uncommon trap: reason=class_check action=maybe_recompile pc=0x000000000445459c method=java.util.concurrent.locks.ReentrantReadWriteLock$Sync.tryAcquire(I)Z @ 66
Event: 49.140 Thread 0x00000000591d3800 Uncommon trap: reason=class_check action=maybe_recompile pc=0x0000000004393ab4 method=org.springframework.core.AttributeAccessorSupport.copyAttributesFrom(Lorg/springframework/core/AttributeAccessor;)V @ 7
Event: 49.140 Thread 0x00000000591d3800 Uncommon trap: reason=class_check action=maybe_recompile pc=0x0000000004393ab4 method=org.springframework.core.AttributeAccessorSupport.copyAttributesFrom(Lorg/springframework/core/AttributeAccessor;)V @ 7
Event: 49.141 Thread 0x00000000591d3800 Uncommon trap: reason=class_check action=maybe_recompile pc=0x0000000004393ab4 method=org.springframework.core.AttributeAccessorSupport.copyAttributesFrom(Lorg/springframework/core/AttributeAccessor;)V @ 7
Event: 49.141 Thread 0x00000000591d3800 Uncommon trap: reason=class_check action=maybe_recompile pc=0x0000000004393ab4 method=org.springframework.core.AttributeAccessorSupport.copyAttributesFrom(Lorg/springframework/core/AttributeAccessor;)V @ 7
Event: 49.156 Thread 0x00000000591d3800 Uncommon trap: reason=unreached action=reinterpret pc=0x00000000044587c8 method=groovy.lang.MetaClassImpl.invokeMethod(Ljava/lang/Class;Ljava/lang/Object;Ljava/lang/String;[Ljava/lang/Object;ZZ)Ljava/lang/Object; @ 136

Internal exceptions (10 events):
Event: 51.098 Thread 0x00000000591d3800 Exception <a 'java/security/PrivilegedActionException'> (0x00000000f2e73858) thrown at [C:\re\workspace\8-2-build-windows-amd64-cygwin\jdk8u11\648\hotspot\src\share\vm\prims\jvm.cpp, line 1248]
Event: 51.099 Thread 0x00000000591d3800 Exception <a 'java/security/PrivilegedActionException'> (0x00000000f2e889c0) thrown at [C:\re\workspace\8-2-build-windows-amd64-cygwin\jdk8u11\648\hotspot\src\share\vm\prims\jvm.cpp, line 1248]
Event: 51.101 Thread 0x00000000591d3800 Exception <a 'java/security/PrivilegedActionException'> (0x00000000f2eb8040) thrown at [C:\re\workspace\8-2-build-windows-amd64-cygwin\jdk8u11\648\hotspot\src\share\vm\prims\jvm.cpp, line 1248]
Event: 51.101 Thread 0x00000000591d3800 Exception <a 'java/lang/ClassNotFoundException': org/codehaus/groovy/grails/plugins/web/ControllersGrailsPlugin$_closure3_closure21BeanInfo> (0x00000000f2eb8af8) thrown at [C:\re\workspace\8-2-build-windows-amd64-cygwin\jdk8u11\648\hotspot\src\share\vm\claiXo®òŒI@
Event: 51.101 Thread 0x00000000591d3800 Exception <a 'java/security/PrivilegedActionException'> (0x00000000f2eb9c80) thrown at [C:\re\workspace\8-2-build-windows-amd64-cygwin\jdk8u11\648\hotspot\src\share\vm\prims\jvm.cpp, line 1248]
Event: 51.101 Thread 0x00000000591d3800 Exception <a 'java/security/PrivilegedActionException'> (0x00000000f2ebf1e0) thrown at [C:\re\workspace\8-2-build-windows-amd64-cygwin\jdk8u11\648\hotspot\src\share\vm\prims\jvm.cpp, line 1248]
Event: 51.102 Thread 0x00000000591d3800 Exception <a 'java/security/PrivilegedActionException'> (0x00000000f2ed4dd0) thrown at [C:\re\workspace\8-2-build-windows-amd64-cygwin\jdk8u11\648\hotspot\src\share\vm\prims\jvm.cpp, line 1248]
Event: 51.102 Thread 0x00000000591d3800 Exception <a 'java/security/PrivilegedActionException'> (0x00000000f2ef0548) thrown at [C:\re\workspace\8-2-build-windows-amd64-cygwin\jdk8u11\648\hotspot\src\share\vm\prims\jvm.cpp, line 1248]
Event: 51.103 Thread 0x00000000591d3800 Exception <a 'java/security/PrivilegedActionException'> (0x00000000f2ef5aa8) thrown at [C:\re\workspace\8-2-build-windows-amd64-cygwin\jdk8u11\648\hotspot\src\share\vm\prims\jvm.cpp, line 1248]
Event: 51.103 Thread 0x00000000591d3800 Exception <a 'java/security/PrivilegedActionException'> (0x00000000f2f0b698) thrown at [C:\re\workspace\8-2-build-windows-amd64-cygwin\jdk8u11\648\hotspot\src\share\vm\prims\jvm.cpp, line 1248]

Events (10 events):
Event: 51.096 loading class org/codehaus/groovy/grails/plugins/web/ControllersGrailsPlugin$_closure3_closure21BeanInfo
Event: 51.096 loading class org/codehaus/groovy/grails/plugins/web/ControllersGrailsPlugin$_closure3_closure21BeanInfo done
Event: 51.098 loading class org/codehaus/groovy/grails/plugins/web/ControllersGrailsPlugin$_closure3_closure21BeanInfo
Event: 51.098 loading class org/codehaus/groovy/grails/plugins/web/ControllersGrailsPlugin$_closure3_closure21BeanInfo done
Event: 51.101 loading class org/codehaus/groovy/grails/plugins/web/ControllersGrailsPlugin$_closure3_closure21BeanInfo
Event: 51.101 loading class org/codehaus/groovy/grails/plugins/web/ControllersGrailsPlugin$_closure3_closure21BeanInfo done
Event: 51.101 loading class org/codehaus/groovy/grails/plugins/web/ControllersGrailsPlugin$_closure3_closure21Customizer
Event: 51.101 loading class org/codehaus/groovy/grails/plugins/web/ControllersGrailsPlugin$_closure3_closure21Customizer done
Event: 51.102 loading class org/codehaus/groovy/grails/plugins/web/ControllersGrailsPlugin$_closure3_closure21Customizer
Event: 51.102 loading class org/codehaus/groovy/grails/plugins/web/ControllersGrailsPlugin$_closure3_closure21Customizer done


Dynamic libraries:
0x000000013fe40000 - 0x000000013fe74000 	C:\Program Files\Java\jdk1.8.0_11\bin\java.exe
0x0000000077500000 - 0x00000000776a9000 	C:\Windows\SYSTEM32\ntdll.dll
0x0000000076e00000 - 0x0000000076f1f000 	C:\Windows\system32\kernel32.dll
0x000007fefda10000 - 0x000007fefda7c000 	C:\Windows\system32\KERNELBASE.dll
0x000007fefe210000 - 0x000007fefe2eb000 	C:\Windows\system32\ADVAPI32.dll
0x000007fefe8b0000 - 0x000007fefe94f000 	C:\Windows\system32\msvcrt.dll
0x000007fefe890000 - 0x000007fefe8af000 	C:\Windows\SYSTEM32\sechost.dll
0x000007fefe3c0000 - 0x000007fefe4ed000 	C:\Windows\system32\RPCRT4.dll
0x00000000771e0000 - 0x00000000772da000 	C:\Windows\system32\USER32.dll
0x000007fefdf40000 - 0x000007fefdfa7000 	C:\Windows\system32\GDI32.dll
0x000007fefe4f0000 - 0x000007fefe4fe000 	C:\Windows\system32\LPK.dll
0x000007fefe2f0000 - 0x000007fefe3b9000 	C:\Windows\system32\USP10.dll
0x000007fefbf60000 - 0x000007fefc154000 	C:\Windows\WinSxS\amd64_microsoft.windows.common-controls_6595b64144ccf1df_6.0.7601.17514_none_fa396087175ac9ac\COMCTL32.dll
0x000007fefe050000 - 0x000007fefe0c1000 	C:\Windows\system32\SHLWAPI.dll
0x000007fefe1e0000 - 0x000007fefe20e000 	C:\Windows\system32\IMM32.DLL
0x000007fefe0d0000 - 0x000007fefe1d9000 	C:\Windows\system32\MSCTF.dll
0x0000000180000000 - 0x000000018001c000 	C:\Windows\system32\btpload64.dll
0x00000000776d0000 - 0x00000000776d7000 	C:\Windows\system32\PSAPI.DLL
0x0000000000230000 - 0x000000000025c000 	C:\Windows\system32\privman64.dll
0x000007fefd8b0000 - 0x000007fefd8bc000 	C:\Windows\system32\VERSION.dll
0x000007fefea70000 - 0x000007feff7f9000 	C:\Windows\system32\SHELL32.dll
0x000007fefd890000 - 0x000007fefd8ae000 	C:\Windows\system32\USERENV.dll
0x000007fefd960000 - 0x000007fefd96f000 	C:\Windows\system32\profapi.dll
0x000000006b4a0000 - 0x000000006b572000 	C:\Program Files\Java\jdk1.8.0_11\jre\bin\msvcr100.dll
0x0000000070350000 - 0x0000000070b7a000 	C:\Program Files\Java\jdk1.8.0_11\jre\bin\server\jvm.dll
0x000007fefce40000 - 0x000007fefce49000 	C:\Windows\system32\WSOCK32.dll
0x000007fefe6e0000 - 0x000007fefe72d000 	C:\Windows\system32\WS2_32.dll
0x000007feff800000 - 0x000007feff808000 	C:\Windows\system32\NSI.dll
0x000007fefb4a0000 - 0x000007fefb4db000 	C:\Windows\system32\WINMM.dll
0x000000006fa50000 - 0x000000006fa5f000 	C:\Program Files\Java\jdk1.8.0_11\jre\bin\verify.dll
0x000000006d9f0000 - 0x000000006da18000 	C:\Program Files\Java\jdk1.8.0_11\jre\bin\java.dll
0x000000006c960000 - 0x000000006c983000 	C:\Program Files\Java\jdk1.8.0_11\jre\bin\instrument.dll
0x000000006d110000 - 0x000000006d126000 	C:\Program Files\Java\jdk1.8.0_11\jre\bin\zip.dll
0x000007fefdd30000 - 0x000007fefdf33000 	C:\Windows\system32\ole32.dll
0x000007fefd200000 - 0x000007fefd217000 	C:\Windows\system32\CRYPTSP.dll
0x000007fefcf00000 - 0x000007fefcf47000 	C:\Windows\system32\rsaenh.dll
0x000007fefd860000 - 0x000007fefd86f000 	C:\Windows\system32\CRYPTBASE.dll
0x000000006d380000 - 0x000000006d39a000 	C:\Program Files\Java\jdk1.8.0_11\jre\bin\net.dll
0x000007fefd1a0000 - 0x000007fefd1f5000 	C:\Windows\system32\mswsock.dll
0x000007fefd190000 - 0x000007fefd197000 	C:\Windows\System32\wship6.dll
0x000007fefc900000 - 0x000007fefc927000 	C:\Windows\system32\IPHLPAPI.DLL
0x000007fefc8f0000 - 0x000007fefc8fb000 	C:\Windows\system32\WINNSI.DLL
0x000007fefaf30000 - 0x000007fefaf48000 	C:\Windows\system32\dhcpcsvc.DLL
0x000007fefaec0000 - 0x000007fefaed1000 	C:\Windows\system32\dhcpcsvc6.DLL
0x000000006ccd0000 - 0x000000006cce1000 	C:\Program Files\Java\jdk1.8.0_11\jre\bin\nio.dll
0x000007fefb2c0000 - 0x000007fefb2ca000 	C:\Users\rgopal\AppData\Local\Temp\jansi-64-2591857392254863430.dll
0x000000006fd70000 - 0x000000006fd7d000 	C:\Program Files\Java\jdk1.8.0_11\jre\bin\management.dll
0x000007fefca00000 - 0x000007fefca07000 	C:\Windows\System32\wshtcpip.dll
0x000007fefd020000 - 0x000007fefd07b000 	C:\Windows\system32\DNSAPI.dll
0x0000000074bd0000 - 0x0000000074bf6000 	C:\Program Files\Bonjour\mdnsNSP.dll
0x000007fefae50000 - 0x000007fefae58000 	C:\Windows\system32\rasadhlp.dll
0x000007fefae60000 - 0x000007fefaeb3000 	C:\Windows\System32\fwpuclnt.dll
0x000007fefb200000 - 0x000007fefb215000 	C:\Windows\system32\NLAapi.dll
0x000007fefb000000 - 0x000007fefb015000 	C:\Windows\system32\napinsp.dll
0x000007fefaf70000 - 0x000007fefaf89000 	C:\Windows\system32\pnrpnsp.dll
0x000007fefaf60000 - 0x000007fefaf6b000 	C:\Windows\System32\winrnr.dll
0x000007fefaf50000 - 0x000007fefaf60000 	C:\Windows\system32\wshbth.dll
0x000007fef4860000 - 0x000007fef4985000 	C:\Windows\system32\dbghelp.dll

VM Arguments:
jvm_args: -Dfile.encoding=UTF-8 -Xmx768M -Xms64M -Dgrails.fork.parent.process.port=64386 -Dgrails.fork.active=true -Dgrails.build.execution.context=C:\Users\rgopal\AppData\Local\Temp\central1477477015484752208grails-execution-context -Dgrails.home=C:\Users\rgopal\Documents\grails-2.4.4\grails-2.4.4 -javaagent:C:\Users\rgopal\Documents\grails-2.4.4\grails-2.4.4\lib\org.springframework\springloaded\jars\springloaded-1.2.1.RELEASE.jar -Xverify:none -Dspringloaded.synchronize=true -Djdk.reflect.allowGetCallerClass=true -Dspringloaded=profile=grails;cacheDir=C:\Users\rgopal/.grails/2.4.4/ 
java_command: org.grails.plugins.tomcat.fork.ForkedTomcatServer
java_class_path (initial): C:\Program Files\Java\jdk1.8.0_11\lib\tools.jar;C:\Users\rgopal\Documents\grails-2.4.4\grails-2.4.4\lib\org.codehaus.groovy\groovy-all\jars\groovy-all-2.3.7.jar;C:\Users\rgopal\Documents\grails-2.4.4\grails-2.4.4\lib\org.slf4j\jcl-over-slf4j\jars\jcl-over-slf4j-1.7.5.jar;C:\Users\rgopal\Documents\grails-2.4.4\grails-2.4.4\lib\org.codehaus.gant\gant_groovy1.8\jars\gant_groovy1.8-1.9.6.jar;C:\Users\rgopal\Documents\grails-2.4.4\grails-2.4.4\lib\org.apache.tomcat.embed\tomcat-embed-logging-log4j\jars\tomcat-embed-logging-log4j-7.0.50.jar;C:\Users\rgopal\Documents\grails-2.4.4\grails-2.4.4\dist\grails-plugin-log4j-2.4.4.jar;C:\Users\rgopal\Documents\grails-2.4.4\grails-2.4.4\lib\log4j\log4j\jars\log4j-1.2.17.jar;C:\Users\rgopal\Documents\grails-2.4.4\grails-2.4.4\dist\grails-bootstrap-2.4.4.jar;C:\Users\rgopal\Documents\grails-2.4.4\grails-2.4.4\lib\org.slf4j\slf4j-api\jars\slf4j-api-1.7.5.jar;C:\Users\rgopal\Documents\grails-2.4.4\grails-2.4.4\lib\jline\jline\jars\jline-2.12.jar;C:\Users\rgopal\Documents\grails-2.4.4\grails-2.4.4\lib\org.apache.ant\ant\jars\ant-1.8.4.jar;C:\Users\rgopal\Documents\grails-2.4.4\grails-2.4.4\lib\org.apache.ant\ant-launcher\jars\ant-launcher-1.8.4.jar;C:\Users\rgopal\Documents\grails-2.4.4\grails-2.4.4\lib\org.apache.ant\ant-trax\jars\ant-trax-1.7.1.jar;C:\Users\rgopal\Documents\grails-2.4.4\grails-2.4.4\lib\org.apache.ant\ant-junit\jars\ant-junit-1.8.4.jar;C:\Users\rgopal\Documents\grails-2.4.4\grails-2.4.4\lib\org.apache.ivy\ivy\jars\ivy-2.3.0.jar;C:\Users\rgopal\Documents\grails-2.4.4\grails-2.4.4\lib\org.fusesource.jansi\jansi\jars\jansi-1.11.jar;C:\Users\rgopal\.m2\repository\org\apache\tomcat\tomcat-catalina-ant\7.0.55\tomcat-catalina-ant-7.0.55.jar;C:\Users\rgopal\.m2\repository\org\apache\tomcat\embed\tomcat-embed-jasper\7.0.55\tomcat-embed-jasper-7.0.55.jar;C:\Users\rgopal\.m2\repository\org\apache\tomcat\embed\tomcat-embed-el\7.0.55\tomcat-embed-el-7.0.55.jar;C:\Users\rgopal\.m2\repository\org\apache\
Launcher Type: SUN_STANDARD

Environment Variables:
JAVA_HOME=C:\Program Files\Java\jdk1.8.0_11
PATH=C:\Windows\system32;C:\Windows;C:\Windows\System32\Wbem;C:\Windows\System32\WindowsPowerShell\v1.0\;C:\users\rgopal\My Documents\springsource\grails-2.3.5\bin\;c:\Program Files\Java\jdk1.7.0_51\bin\;C:\Program Files (x86)\MiKTeX 2.9\miktex\bin\
USERNAME=rgopal
OS=Windows_NT
PROCESSOR_IDENTIFIER=Intel64 Family 6 Model 37 Stepping 5, GenuineIntel



---------------  S Y S T E M  ---------------

OS: Windows 7 , 64 bit Build 7601 Service Pack 1

CPU:total 4 (2 cores per cpu, 2 threads per core) family 6 model 37 stepping 5, cmov, cx8, fxsr, mmx, sse, sse2, sse3, ssse3, sse4.1, sse4.2, popcnt, aes, clmul, ht, tsc, tscinvbit

Memory: 4k page, physical 8181608k(2462264k free), swap 16361352k(8807752k free)

vm_info: Java HotSpot(TM) 64-Bit Server VM (25.11-b03) for windows-amd64 JRE (1.8.0_11-b12), built on Jun 16 2014 20:57:32 by "java_re" with MS VC++ 10.0 (VS2010)

time: Thu Apr 16 10:41:24 2015
elapsed time: 51 seconds

