#
# A fatal error has been detected by the Java Runtime Environment:
#
#  EXCEPTION_ACCESS_VIOLATION (0xc0000005) at pc=0x000000006c3f4db2, pid=8052, tid=5892
#
# JRE version: Java(TM) SE Runtime Environment (8.0_11-b12) (build 1.8.0_11-b12)
# Java VM: Java HotSpot(TM) 64-Bit Server VM (25.11-b03 mixed mode windows-amd64 compressed oops)
# Problematic frame:
# V  [jvm.dll+0x424db2]
#
# Failed to write core dump. Minidumps are not enabled by default on client versions of Windows
#
# If you would like to submit a bug report, please visit:
#   http://bugreport.sun.com/bugreport/crash.jsp
#

---------------  T H R E A D  ---------------

Current thread (0x0000000016429000):  JavaThread "C2 CompilerThread1" daemon [_thread_in_native, id=5892, stack(0x0000000016b60000,0x0000000016c60000)]

siginfo: ExceptionCode=0xc0000005, reading address 0x0000000000000000

Registers:
RAX=0x000000001a1144c8, RBX=0x0000000000000600, RCX=0x0000000000000000, RDX=0x00000000180ada70
RSP=0x0000000016c5bf60, RBP=0x00000000000000c0, RSI=0x00000000000000b8, RDI=0x0000000000000000
R8 =0x000000006bfd0000, R9 =0x0000000016c5c280, R10=0x00000000ffffffff, R11=0x0000000016441890
R12=0x000000001a114bd0, R13=0x0000000017450e38, R14=0x0000000000000008, R15=0x0000000017450e38
RIP=0x000000006c3f4db2, EFLAGS=0x0000000000010206

Top of Stack: (sp=0x0000000016c5bf60)
0x0000000016c5bf60:   00000000000000da 00000000180a9360
0x0000000016c5bf70:   0000000000000040 0000000000000400
0x0000000016c5bf80:   0000000000000001 0000000000000600
0x0000000016c5bf90:   0000000000000180 00000000000000c0
0x0000000016c5bfa0:   00000000177fe830 0000000016431450
0x0000000016c5bfb0:   00000000000006a8 00000000180a9360
0x0000000016c5bfc0:   0000000016c5c280 000000001a111640
0x0000000016c5bfd0:   0000000000000020 0000000000000009
0x0000000016c5bfe0:   000000001a114ba0 00000000000000da
0x0000000016c5bff0:   0000000017450e38 000000006c3f598d
0x0000000016c5c000:   000000001a114ba0 000000000000001c
0x0000000016c5c010:   00000000000000da 0000000016c5c280
0x0000000016c5c020:   00000000180ada70 00000000000000da
0x0000000016c5c030:   000000001a111640 0000000000000020
0x0000000016c5c040:   00000000178ca1c8 0000000016c5e5f0
0x0000000016c5c050:   00000000178ca7f8 000000001a114ba0 

Instructions: (pc=0x000000006c3f4db2)
0x000000006c3f4d92:   c6 48 63 f0 48 03 f1 eb 04 48 83 ce ff 48 8b 84
0x000000006c3f4da2:   24 a0 00 00 00 48 8b 40 08 48 8b 3c 03 48 8b cf
0x000000006c3f4db2:   48 8b 07 ff 50 28 4c 8d 05 41 b2 bd ff 48 63 50
0x000000006c3f4dc2:   10 4c 8b d8 48 8b ca 48 c1 e1 05 42 80 bc 01 c0 


Register to memory mapping:

RAX=0x000000001a1144c8 is an unknown value
RBX=0x0000000000000600 is an unknown value
RCX=0x0000000000000000 is an unknown value
RDX=0x00000000180ada70 is an unknown value
RSP=0x0000000016c5bf60 is pointing into the stack for thread: 0x0000000016429000
RBP=0x00000000000000c0 is an unknown value
RSI=0x00000000000000b8 is an unknown value
RDI=0x0000000000000000 is an unknown value
R8 =0x000000006bfd0000 is an unknown value
R9 =0x0000000016c5c280 is pointing into the stack for thread: 0x0000000016429000
R10=0x00000000ffffffff is an unknown value
R11=0x0000000016441890 is an unknown value
R12=0x000000001a114bd0 is an unknown value
R13=0x0000000017450e38 is an unknown value
R14=0x0000000000000008 is an unknown value
R15=0x0000000017450e38 is an unknown value


Stack: [0x0000000016b60000,0x0000000016c60000],  sp=0x0000000016c5bf60,  free space=1007k
Native frames: (J=compiled Java code, j=interpreted, Vv=VM code, C=native code)
V  [jvm.dll+0x424db2]
V  [jvm.dll+0x42598d]
V  [jvm.dll+0x425ecf]
V  [jvm.dll+0x4c5a84]
V  [jvm.dll+0x4415bc]
V  [jvm.dll+0x443a29]
V  [jvm.dll+0x427722]
V  [jvm.dll+0x96982]
V  [jvm.dll+0x97173]
V  [jvm.dll+0x2234b4]
V  [jvm.dll+0x27bcca]
C  [msvcr100.dll+0x21d9f]
C  [msvcr100.dll+0x21e3b]
C  [kernel32.dll+0x159ed]
C  [ntdll.dll+0x2c541]


Current CompileTask:
C2:  43901 5618       4       groovy.lang.MetaClassImpl::findPropertyMethod (356 bytes)


---------------  P R O C E S S  ---------------

Java Threads: ( => current thread )
  0x0000000018a0b800 JavaThread "net.sf.ehcache.CacheManager@3e3305cd" daemon [_thread_blocked, id=1220, stack(0x000000001ec70000,0x000000001ed70000)]
  0x000000001c03b800 JavaThread "PoolCleaner[1543043602:1428091419164]" daemon [_thread_blocked, id=5664, stack(0x000000001c6b0000,0x000000001c7b0000)]
  0x0000000019d66000 JavaThread "FileSystemWatcher: files=#149 cl=groovy.lang.GroovyClassLoader@5bf8fa12" daemon [_thread_blocked, id=8064, stack(0x000000001afb0000,0x000000001b0b0000)]
  0x0000000019c79800 JavaThread "localhost-startStop-1" daemon [_thread_in_Java, id=7956, stack(0x000000001ae80000,0x000000001af80000)]
  0x0000000019c70000 JavaThread "Tomcat-startStop-1" daemon [_thread_blocked, id=7632, stack(0x000000001ad50000,0x000000001ae50000)]
  0x0000000019b81000 JavaThread "Thread-3" [_thread_in_native, id=9064, stack(0x000000001a290000,0x000000001a390000)]
  0x00000000187cf800 JavaThread "Thread-2" [_thread_blocked, id=7672, stack(0x000000001a850000,0x000000001a950000)]
  0x00000000176f2800 JavaThread "NonBlockingInputStreamThread" daemon [_thread_blocked, id=9148, stack(0x0000000017ac0000,0x0000000017bc0000)]
  0x00000000164fd000 JavaThread "Service Thread" daemon [_thread_blocked, id=8640, stack(0x0000000016f20000,0x0000000017020000)]
  0x000000001642a800 JavaThread "C1 CompilerThread2" daemon [_thread_blocked, id=7324, stack(0x0000000016ce0000,0x0000000016de0000)]
=>0x0000000016429000 JavaThread "C2 CompilerThread1" daemon [_thread_in_native, id=5892, stack(0x0000000016b60000,0x0000000016c60000)]
  0x0000000016428000 JavaThread "C2 CompilerThread0" daemon [_thread_in_native, id=1144, stack(0x0000000016a30000,0x0000000016b30000)]
  0x0000000016339000 JavaThread "Attach Listener" daemon [_thread_blocked, id=7432, stack(0x0000000016750000,0x0000000016850000)]
  0x0000000014e17800 JavaThread "Signal Dispatcher" daemon [_thread_blocked, id=7336, stack(0x00000000168f0000,0x00000000169f0000)]
  0x0000000014db6800 JavaThread "Finalizer" daemon [_thread_blocked, id=8684, stack(0x0000000016230000,0x0000000016330000)]
  0x0000000014dab800 JavaThread "Reference Handler" daemon [_thread_blocked, id=8100, stack(0x0000000016070000,0x0000000016170000)]
  0x00000000029da000 JavaThread "main" [_thread_blocked, id=7884, stack(0x0000000002df0000,0x0000000002ef0000)]

Other Threads:
  0x0000000014da8000 VMThread [stack: 0x0000000015e70000,0x0000000015f70000] [id=7928]
  0x000000001657e000 WatcherThread [stack: 0x0000000017120000,0x0000000017220000] [id=6368]

VM state:not at safepoint (normal execution)

VM Mutex/Monitor currently owned by a thread: None

Heap:
 PSYoungGen      total 245248K, used 245222K [0x00000000f0000000, 0x0000000100000000, 0x0000000100000000)
  eden space 228352K, 100% used [0x00000000f0000000,0x00000000fdf00000,0x00000000fdf00000)
  from space 16896K, 99% used [0x00000000fdf00000,0x00000000fef798a0,0x00000000fef80000)
  to   space 16896K, 0% used [0x00000000fef80000,0x00000000fef80000,0x0000000100000000)
 ParOldGen       total 123904K, used 107798K [0x00000000d0000000, 0x00000000d7900000, 0x00000000f0000000)
  object space 123904K, 87% used [0x00000000d0000000,0x00000000d69458c8,0x00000000d7900000)
 Metaspace       used 68088K, capacity 70382K, committed 70524K, reserved 1112064K
  class space    used 7538K, capacity 8204K, committed 8320K, reserved 1048576K

Card table byte_map: [0x0000000002ef0000,0x0000000003080000] byte_map_base: 0x0000000002870000

Marking Bits: (ParMarkBitMap*) 0x000000006c7812b0
 Begin Bits: [0x0000000012c20000, 0x0000000013820000)
 End Bits:   [0x0000000013820000, 0x0000000014420000)

Polling page: 0x0000000000190000

CodeCache: size=245760Kb used=19735Kb max_used=19735Kb free=226024Kb
 bounds [0x00000000030f0000, 0x0000000004450000, 0x00000000120f0000]
 total_blobs=7085 nmethods=6322 adapters=671
 compilation: enabled

Compilation events (10 events):
Event: 43.864 Thread 0x000000001642a800 nmethod 7017 0x000000000442a7d0 code [0x000000000442a920, 0x000000000442aa30]
Event: 43.864 Thread 0x000000001642a800 7019       1       org.hibernate.engine.internal.StatefulPersistenceContext::getNaturalIdHelper (5 bytes)
Event: 43.864 Thread 0x000000001642a800 nmethod 7019 0x000000000442aa90 code [0x000000000442abe0, 0x000000000442acf0]
Event: 43.864 Thread 0x000000001642a800 7022       1       java.util.HashMap::afterNodeRemoval (1 bytes)
Event: 43.864 Thread 0x000000001642a800 nmethod 7022 0x000000000442ad50 code [0x000000000442aea0, 0x000000000442afb0]
Event: 43.864 Thread 0x000000001642a800 7020       1       org.hibernate.engine.internal.EntityEntryContext$ManagedEntityImpl::$$_hibernate_getEntityEntry (5 bytes)
Event: 43.864 Thread 0x000000001642a800 nmethod 7020 0x000000000442b010 code [0x000000000442b160, 0x000000000442b270]
Event: 43.864 Thread 0x000000001642a800 7023   !   2       org.h2.engine.Database::afterWriting (54 bytes)
Event: 43.864 Thread 0x000000001642a800 nmethod 7023 0x000000000442b2d0 code [0x000000000442b460, 0x000000000442b858]
Event: 43.865 Thread 0x000000001642a800 7024       2       org.springframework.beans.TypeConverterDelegate::<init> (7 bytes)

GC Heap History (10 events):
Event: 37.738 GC heap before
{Heap before GC invocations=57 (full 7):
 PSYoungGen      total 244224K, used 241140K [0x00000000f0000000, 0x0000000100000000, 0x0000000100000000)
  eden space 234496K, 99% used [0x00000000f0000000,0x00000000fe40bfd8,0x00000000fe500000)
  from space 9728K, 78% used [0x00000000fe500000,0x00000000fec71230,0x00000000fee80000)
  to   space 14336K, 0% used [0x00000000ff200000,0x00000000ff200000,0x0000000100000000)
 ParOldGen       total 104960K, used 88157K [0x00000000d0000000, 0x00000000d6680000, 0x00000000f0000000)
  object space 104960K, 83% used [0x00000000d0000000,0x00000000d5617660,0x00000000d6680000)
 Metaspace       used 60082K, capacity 61766K, committed 61948K, reserved 1103872K
  class space    used 6792K, capacity 7305K, committed 7424K, reserved 1048576K
Event: 37.853 GC heap after
Heap after GC invocations=57 (full 7):
 PSYoungGen      total 246784K, used 9423K [0x00000000f0000000, 0x0000000100000000, 0x0000000100000000)
  eden space 232448K, 0% used [0x00000000f0000000,0x00000000f0000000,0x00000000fe300000)
  from space 14336K, 65% used [0x00000000ff200000,0x00000000ffb33ec0,0x0000000100000000)
  to   space 14848K, 0% used [0x00000000fe300000,0x00000000fe300000,0x00000000ff180000)
 ParOldGen       total 104960K, used 94944K [0x00000000d0000000, 0x00000000d6680000, 0x00000000f0000000)
  object space 104960K, 90% used [0x00000000d0000000,0x00000000d5cb8030,0x00000000d6680000)
 Metaspace       used 60082K, capacity 61766K, committed 61948K, reserved 1103872K
  class space    used 6792K, capacity 7305K, committed 7424K, reserved 1048576K
}
Event: 37.853 GC heap before
{Heap before GC invocations=58 (full 8):
 PSYoungGen      total 246784K, used 9423K [0x00000000f0000000, 0x0000000100000000, 0x0000000100000000)
  eden space 232448K, 0% used [0x00000000f0000000,0x00000000f0000000,0x00000000fe300000)
  from space 14336K, 65% used [0x00000000ff200000,0x00000000ffb33ec0,0x0000000100000000)
  to   space 14848K, 0% used [0x00000000fe300000,0x00000000fe300000,0x00000000ff180000)
 ParOldGen       total 104960K, used 94944K [0x00000000d0000000, 0x00000000d6680000, 0x00000000f0000000)
  object space 104960K, 90% used [0x00000000d0000000,0x00000000d5cb8030,0x00000000d6680000)
 Metaspace       used 60082K, capacity 61766K, committed 61948K, reserved 1103872K
  class space    used 6792K, capacity 7305K, committed 7424K, reserved 1048576K
Event: 38.681 GC heap after
Heap after GC invocations=58 (full 8):
 PSYoungGen      total 246784K, used 0K [0x00000000f0000000, 0x0000000100000000, 0x0000000100000000)
  eden space 232448K, 0% used [0x00000000f0000000,0x00000000f0000000,0x00000000fe300000)
  from space 14336K, 0% used [0x00000000ff200000,0x00000000ff200000,0x0000000100000000)
  to   space 14848K, 0% used [0x00000000fe300000,0x00000000fe300000,0x00000000ff180000)
 ParOldGen       total 123904K, used 104054K [0x00000000d0000000, 0x00000000d7900000, 0x00000000f0000000)
  object space 123904K, 83% used [0x00000000d0000000,0x00000000d659d988,0x00000000d7900000)
 Metaspace       used 60082K, capacity 61766K, committed 61948K, reserved 1103872K
  class space    used 6792K, capacity 7305K, committed 7424K, reserved 1048576K
}
Event: 39.768 GC heap before
{Heap before GC invocations=59 (full 8):
 PSYoungGen      total 246784K, used 232448K [0x00000000f0000000, 0x0000000100000000, 0x0000000100000000)
  eden space 232448K, 100% used [0x00000000f0000000,0x00000000fe300000,0x00000000fe300000)
  from space 14336K, 0% used [0x00000000ff200000,0x00000000ff200000,0x0000000100000000)
  to   space 14848K, 0% used [0x00000000fe300000,0x00000000fe300000,0x00000000ff180000)
 ParOldGen       total 123904K, used 104054K [0x00000000d0000000, 0x00000000d7900000, 0x00000000f0000000)
  object space 123904K, 83% used [0x00000000d0000000,0x00000000d659d988,0x00000000d7900000)
 Metaspace       used 62048K, capacity 63854K, committed 63996K, reserved 1105920K
  class space    used 7097K, capacity 7621K, committed 7680K, reserved 1048576K
Event: 39.782 GC heap after
Heap after GC invocations=59 (full 8):
 PSYoungGen      total 247296K, used 4622K [0x00000000f0000000, 0x00000000fff80000, 0x0000000100000000)
  eden space 232448K, 0% used [0x00000000f0000000,0x00000000f0000000,0x00000000fe300000)
  from space 14848K, 31% used [0x00000000fe300000,0x00000000fe783900,0x00000000ff180000)
  to   space 14336K, 0% used [0x00000000ff180000,0x00000000ff180000,0x00000000fff80000)
 ParOldGen       total 123904K, used 104062K [0x00000000d0000000, 0x00000000d7900000, 0x00000000f0000000)
  object space 123904K, 83% used [0x00000000d0000000,0x00000000d659f988,0x00000000d7900000)
 Metaspace       used 62048K, capacity 63854K, committed 63996K, reserved 1105920K
  class space    used 7097K, capacity 7621K, committed 7680K, reserved 1048576K
}
Event: 40.974 GC heap before
{Heap before GC invocations=60 (full 8):
 PSYoungGen      total 247296K, used 237070K [0x00000000f0000000, 0x00000000fff80000, 0x0000000100000000)
  eden space 232448K, 100% used [0x00000000f0000000,0x00000000fe300000,0x00000000fe300000)
  from space 14848K, 31% used [0x00000000fe300000,0x00000000fe783900,0x00000000ff180000)
  to   space 14336K, 0% used [0x00000000ff180000,0x00000000ff180000,0x00000000fff80000)
 ParOldGen       total 123904K, used 104062K [0x00000000d0000000, 0x00000000d7900000, 0x00000000f0000000)
  object space 123904K, 83% used [0x00000000d0000000,0x00000000d659f988,0x00000000d7900000)
 Metaspace       used 63987K, capacity 65876K, committed 66044K, reserved 1107968K
  class space    used 7255K, capacity 7862K, committed 7936K, reserved 1048576K
Event: 41.042 GC heap after
Heap after GC invocations=60 (full 8):
 PSYoungGen      total 242688K, used 14333K [0x00000000f0000000, 0x0000000100000000, 0x0000000100000000)
  eden space 228352K, 0% used [0x00000000f0000000,0x00000000f0000000,0x00000000fdf00000)
  from space 14336K, 99% used [0x00000000ff180000,0x00000000fff7f760,0x00000000fff80000)
  to   space 16896K, 0% used [0x00000000fdf00000,0x00000000fdf00000,0x00000000fef80000)
 ParOldGen       total 123904K, used 104561K [0x00000000d0000000, 0x00000000d7900000, 0x00000000f0000000)
  object space 123904K, 84% used [0x00000000d0000000,0x00000000d661c570,0x00000000d7900000)
 Metaspace       used 63987K, capacity 65876K, committed 66044K, reserved 1107968K
  class space    used 7255K, capacity 7862K, committed 7936K, reserved 1048576K
}
Event: 42.356 GC heap before
{Heap before GC invocations=61 (full 8):
 PSYoungGen      total 242688K, used 236400K [0x00000000f0000000, 0x0000000100000000, 0x0000000100000000)
  eden space 228352K, 97% used [0x00000000f0000000,0x00000000fd8dca48,0x00000000fdf00000)
  from space 14336K, 99% used [0x00000000ff180000,0x00000000fff7f760,0x00000000fff80000)
  to   space 16896K, 0% used [0x00000000fdf00000,0x00000000fdf00000,0x00000000fef80000)
 ParOldGen       total 123904K, used 104561K [0x00000000d0000000, 0x00000000d7900000, 0x00000000f0000000)
  object space 123904K, 84% used [0x00000000d0000000,0x00000000d661c570,0x00000000d7900000)
 Metaspace       used 65274K, capacity 67404K, committed 67580K, reserved 1110016K
  class space    used 7310K, capacity 7928K, committed 7936K, reserved 1048576K
Event: 42.410 GC heap after
Heap after GC invocations=61 (full 8):
 PSYoungGen      total 245248K, used 16870K [0x00000000f0000000, 0x0000000100000000, 0x0000000100000000)
  eden space 228352K, 0% used [0x00000000f0000000,0x00000000f0000000,0x00000000fdf00000)
  from space 16896K, 99% used [0x00000000fdf00000,0x00000000fef798a0,0x00000000fef80000)
  to   space 16896K, 0% used [0x00000000fef80000,0x00000000fef80000,0x0000000100000000)
 ParOldGen       total 123904K, used 107798K [0x00000000d0000000, 0x00000000d7900000, 0x00000000f0000000)
  object space 123904K, 87% used [0x00000000d0000000,0x00000000d69458c8,0x00000000d7900000)
 Metaspace       used 65274K, capacity 67404K, committed 67580K, reserved 1110016K
  class space    used 7310K, capacity 7928K, committed 7936K, reserved 1048576K
}

Deoptimization events (10 events):
Event: 26.408 Thread 0x0000000019c79800 Uncommon trap: reason=bimorphic action=maybe_recompile pc=0x00000000033cc9e0 method=groovy.lang.MetaClassImpl$1MOPIter.processFastArray(Lorg/codehaus/groovy/util/FastArray;)V @ 41
Event: 27.546 Thread 0x0000000019c79800 Uncommon trap: reason=unreached action=reinterpret pc=0x0000000003fa2084 method=java.net.URL.<init>(Ljava/net/URL;Ljava/lang/String;Ljava/net/URLStreamHandler;)V @ 391
Event: 27.643 Thread 0x0000000019c79800 Uncommon trap: reason=null_assert action=make_not_entrant pc=0x0000000003213220 method=java.util.concurrent.ConcurrentHashMap.putVal(Ljava/lang/Object;Ljava/lang/Object;Z)Ljava/lang/Object; @ 264
Event: 28.769 Thread 0x0000000019c79800 Uncommon trap: reason=unreached action=reinterpret pc=0x0000000003309a30 method=java.lang.reflect.Method.equals(Ljava/lang/Object;)Z @ 1
Event: 29.106 Thread 0x0000000019c79800 Uncommon trap: reason=bimorphic action=maybe_recompile pc=0x0000000003ee4264 method=groovy.lang.MetaMethod.getMopName()Ljava/lang/String; @ 8
Event: 40.275 Thread 0x0000000019c79800 Uncommon trap: reason=bimorphic action=maybe_recompile pc=0x0000000003f92fe8 method=java.io.BufferedInputStream.read1([BII)I @ 39
Event: 40.301 Thread 0x0000000019c79800 Uncommon trap: reason=bimorphic action=maybe_recompile pc=0x0000000003f92fe8 method=java.io.BufferedInputStream.read1([BII)I @ 39
Event: 40.301 Thread 0x0000000019c79800 Uncommon trap: reason=bimorphic action=maybe_recompile pc=0x0000000003f92fe8 method=java.io.BufferedInputStream.read1([BII)I @ 39
Event: 40.306 Thread 0x0000000019c79800 Uncommon trap: reason=bimorphic action=maybe_recompile pc=0x0000000003f92fe8 method=java.io.BufferedInputStream.read1([BII)I @ 39
Event: 43.633 Thread 0x0000000019c79800 Uncommon trap: reason=class_check action=maybe_recompile pc=0x00000000038d498c method=java.util.Collections$SynchronizedMap.get(Ljava/lang/Object;)Ljava/lang/Object; @ 12

Internal exceptions (10 events):
Event: 43.684 Thread 0x0000000019c79800 Exception <a 'java/security/PrivilegedActionException'> (0x00000000fdbad748) thrown at [C:\re\workspace\8-2-build-windows-amd64-cygwin\jdk8u11\648\hotspot\src\share\vm\prims\jvm.cpp, line 1248]
Event: 43.685 Thread 0x0000000019c79800 Exception <a 'java/security/PrivilegedActionException'> (0x00000000fdbb13a8) thrown at [C:\re\workspace\8-2-build-windows-amd64-cygwin\jdk8u11\648\hotspot\src\share\vm\prims\jvm.cpp, line 1248]
Event: 43.687 Thread 0x0000000019c79800 Exception <a 'java/security/PrivilegedActionException'> (0x00000000fdbc3b00) thrown at [C:\re\workspace\8-2-build-windows-amd64-cygwin\jdk8u11\648\hotspot\src\share\vm\prims\jvm.cpp, line 1248]
Event: 43.687 Thread 0x0000000019c79800 Exception <a 'java/security/PrivilegedActionException'> (0x00000000fdbc7ee8) thrown at [C:\re\workspace\8-2-build-windows-amd64-cygwin\jdk8u11\648\hotspot\src\share\vm\prims\jvm.cpp, line 1248]
Event: 43.689 Thread 0x0000000019c79800 Exception <a 'java/security/PrivilegedActionException'> (0x00000000fdbda568) thrown at [C:\re\workspace\8-2-build-windows-amd64-cygwin\jdk8u11\648\hotspot\src\share\vm\prims\jvm.cpp, line 1248]
Event: 43.689 Thread 0x0000000019c79800 Exception <a 'java/security/PrivilegedActionException'> (0x00000000fdbdde98) thrown at [C:\re\workspace\8-2-build-windows-amd64-cygwin\jdk8u11\648\hotspot\src\share\vm\prims\jvm.cpp, line 1248]
Event: 43.691 Thread 0x0000000019c79800 Exception <a 'java/security/PrivilegedActionException'> (0x00000000fdbf4640) thrown at [C:\re\workspace\8-2-build-windows-amd64-cygwin\jdk8u11\648\hotspot\src\share\vm\prims\jvm.cpp, line 1248]
Event: 43.691 Thread 0x0000000019c79800 Exception <a 'java/security/PrivilegedActionException'> (0x00000000fdbf8768) thrown at [C:\re\workspace\8-2-build-windows-amd64-cygwin\jdk8u11\648\hotspot\src\share\vm\prims\jvm.cpp, line 1248]
Event: 43.692 Thread 0x0000000019c79800 Exception <a 'java/security/PrivilegedActionException'> (0x00000000fdc08850) thrown at [C:\re\workspace\8-2-build-windows-amd64-cygwin\jdk8u11\648\hotspot\src\share\vm\prims\jvm.cpp, line 1248]
Event: 43.692 Thread 0x0000000019c79800 Exception <a 'java/security/PrivilegedActionException'> (0x00000000fdc0ced8) thrown at [C:\re\workspace\8-2-build-windows-amd64-cygwin\jdk8u11\648\hotspot\src\share\vm\prims\jvm.cpp, line 1248]

Events (10 events):
Event: 43.684 loading class org/hibernate/engine/jdbc/spi/JdbcWrapper
Event: 43.684 loading class org/hibernate/engine/jdbc/spi/JdbcWrapper done
Event: 43.687 loading class org/grails/datastore/mapping/engine/event/PostInsertEvent
Event: 43.687 loading class org/grails/datastore/mapping/engine/event/PostInsertEvent done
Event: 43.689 loading class org/hibernate/engine/spi/BatchFetchQueue
Event: 43.689 loading class org/hibernate/engine/spi/BatchFetchQueue done
Event: 43.691 loading class org/hibernate/engine/spi/CachedNaturalIdValueSource
Event: 43.691 loading class org/hibernate/engine/spi/CachedNaturalIdValueSource done
Event: 43.692 loading class org/grails/datastore/mapping/engine/event/SaveOrUpdateEvent
Event: 43.692 loading class org/grails/datastore/mapping/engine/event/SaveOrUpdateEvent done


Dynamic libraries:
0x000000013f790000 - 0x000000013f7c4000 	C:\Program Files\Java\jdk1.8.0_11\bin\java.exe
0x0000000077980000 - 0x0000000077b29000 	C:\Windows\SYSTEM32\ntdll.dll
0x0000000077860000 - 0x000000007797f000 	C:\Windows\system32\kernel32.dll
0x000007fefe140000 - 0x000007fefe1ac000 	C:\Windows\system32\KERNELBASE.dll
0x000007feff400000 - 0x000007feff4db000 	C:\Windows\system32\ADVAPI32.dll
0x000007feffb10000 - 0x000007feffbaf000 	C:\Windows\system32\msvcrt.dll
0x000007feffae0000 - 0x000007feffaff000 	C:\Windows\SYSTEM32\sechost.dll
0x000007fefef40000 - 0x000007feff06d000 	C:\Windows\system32\RPCRT4.dll
0x0000000077280000 - 0x000000007737a000 	C:\Windows\system32\USER32.dll
0x000007feffc20000 - 0x000007feffc87000 	C:\Windows\system32\GDI32.dll
0x000007feffc10000 - 0x000007feffc1e000 	C:\Windows\system32\LPK.dll
0x000007feff560000 - 0x000007feff629000 	C:\Windows\system32\USP10.dll
0x000007fefc3e0000 - 0x000007fefc5d4000 	C:\Windows\WinSxS\amd64_microsoft.windows.common-controls_6595b64144ccf1df_6.0.7601.17514_none_fa396087175ac9ac\COMCTL32.dll
0x000007feff4e0000 - 0x000007feff551000 	C:\Windows\system32\SHLWAPI.dll
0x000007feff110000 - 0x000007feff13e000 	C:\Windows\system32\IMM32.DLL
0x000007feff720000 - 0x000007feff829000 	C:\Windows\system32\MSCTF.dll
0x0000000180000000 - 0x000000018001c000 	C:\Windows\system32\btpload64.dll
0x0000000077b40000 - 0x0000000077b47000 	C:\Windows\system32\PSAPI.DLL
0x0000000000130000 - 0x000000000015c000 	C:\Windows\system32\privman64.dll
0x000007fefdd30000 - 0x000007fefdd3c000 	C:\Windows\system32\VERSION.dll
0x000007fefe1b0000 - 0x000007fefef39000 	C:\Windows\system32\SHELL32.dll
0x000007fefdd10000 - 0x000007fefdd2e000 	C:\Windows\system32\USERENV.dll
0x000007fefdde0000 - 0x000007fefddef000 	C:\Windows\system32\profapi.dll
0x000000006e110000 - 0x000000006e1e2000 	C:\Program Files\Java\jdk1.8.0_11\jre\bin\msvcr100.dll
0x000000006bfd0000 - 0x000000006c7fa000 	C:\Program Files\Java\jdk1.8.0_11\jre\bin\server\jvm.dll
0x000007fefd2c0000 - 0x000007fefd2c9000 	C:\Windows\system32\WSOCK32.dll
0x000007feff6d0000 - 0x000007feff71d000 	C:\Windows\system32\WS2_32.dll
0x000007feffb00000 - 0x000007feffb08000 	C:\Windows\system32\NSI.dll
0x000007fefb930000 - 0x000007fefb96b000 	C:\Windows\system32\WINMM.dll
0x000000006f870000 - 0x000000006f87f000 	C:\Program Files\Java\jdk1.8.0_11\jre\bin\verify.dll
0x000000006f840000 - 0x000000006f868000 	C:\Program Files\Java\jdk1.8.0_11\jre\bin\java.dll
0x0000000051e80000 - 0x0000000051ea3000 	C:\Program Files\Java\jdk1.8.0_11\jre\bin\instrument.dll
0x000000006f800000 - 0x000000006f816000 	C:\Program Files\Java\jdk1.8.0_11\jre\bin\zip.dll
0x000007feff830000 - 0x000007feffa33000 	C:\Windows\system32\ole32.dll
0x000007fefd680000 - 0x000007fefd697000 	C:\Windows\system32\CRYPTSP.dll
0x000007fefd380000 - 0x000007fefd3c7000 	C:\Windows\system32\rsaenh.dll
0x000007fefdce0000 - 0x000007fefdcef000 	C:\Windows\system32\CRYPTBASE.dll
0x000000006e820000 - 0x000000006e83a000 	C:\Program Files\Java\jdk1.8.0_11\jre\bin\net.dll
0x000007fefd620000 - 0x000007fefd675000 	C:\Windows\system32\mswsock.dll
0x000007fefd610000 - 0x000007fefd617000 	C:\Windows\System32\wship6.dll
0x000007fefcd80000 - 0x000007fefcda7000 	C:\Windows\system32\IPHLPAPI.DLL
0x000007fefcd70000 - 0x000007fefcd7b000 	C:\Windows\system32\WINNSI.DLL
0x000007fefb3d0000 - 0x000007fefb3e8000 	C:\Windows\system32\dhcpcsvc.DLL
0x000007fefb3b0000 - 0x000007fefb3c1000 	C:\Windows\system32\dhcpcsvc6.DLL
0x000000006e0c0000 - 0x000000006e0d1000 	C:\Program Files\Java\jdk1.8.0_11\jre\bin\nio.dll
0x000007fefb210000 - 0x000007fefb21a000 	C:\Users\rgopal\AppData\Local\Temp\jansi-64-159749875756889962.dll
0x000000006da50000 - 0x000000006da5d000 	C:\Program Files\Java\jdk1.8.0_11\jre\bin\management.dll
0x000007fefce80000 - 0x000007fefce87000 	C:\Windows\System32\wshtcpip.dll
0x000007fefd4a0000 - 0x000007fefd4fb000 	C:\Windows\system32\DNSAPI.dll
0x0000000074fa0000 - 0x0000000074fc6000 	C:\Program Files\Bonjour\mdnsNSP.dll
0x000007fefb340000 - 0x000007fefb348000 	C:\Windows\system32\rasadhlp.dll
0x000007fefb350000 - 0x000007fefb3a3000 	C:\Windows\System32\fwpuclnt.dll
0x000007fefb450000 - 0x000007fefb465000 	C:\Windows\system32\NLAapi.dll
0x000007fefb430000 - 0x000007fefb445000 	C:\Windows\system32\napinsp.dll
0x000007fefb410000 - 0x000007fefb429000 	C:\Windows\system32\pnrpnsp.dll
0x000007fefb400000 - 0x000007fefb40b000 	C:\Windows\System32\winrnr.dll
0x000007fefb3f0000 - 0x000007fefb400000 	C:\Windows\system32\wshbth.dll
0x000007fef6a90000 - 0x000007fef6bb5000 	C:\Windows\system32\dbghelp.dll

VM Arguments:
jvm_args: -Dfile.encoding=UTF-8 -Xmx768M -Xms64M -Dgrails.fork.parent.process.port=61609 -Dgrails.fork.active=true -Dgrails.build.execution.context=C:\Users\rgopal\AppData\Local\Temp\central7439895385060374216grails-execution-context -Dgrails.home=C:\Users\rgopal\Documents\grails-2.4.4\grails-2.4.4 -javaagent:C:\Users\rgopal\Documents\grails-2.4.4\grails-2.4.4\lib\org.springframework\springloaded\jars\springloaded-1.2.1.RELEASE.jar -Xverify:none -Dspringloaded.synchronize=true -Djdk.reflect.allowGetCallerClass=true -Dspringloaded=profile=grails;cacheDir=C:\Users\rgopal/.grails/2.4.4/ 
java_command: org.grails.plugins.tomcat.fork.ForkedTomcatServer
java_class_path (initial): C:\Program Files\Java\jdk1.8.0_11\lib\tools.jar;C:\Users\rgopal\Documents\grails-2.4.4\grails-2.4.4\lib\org.codehaus.groovy\groovy-all\jars\groovy-all-2.3.7.jar;C:\Users\rgopal\Documents\grails-2.4.4\grails-2.4.4\lib\org.slf4j\jcl-over-slf4j\jars\jcl-over-slf4j-1.7.5.jar;C:\Users\rgopal\Documents\grails-2.4.4\grails-2.4.4\lib\org.codehaus.gant\gant_groovy1.8\jars\gant_groovy1.8-1.9.6.jar;C:\Users\rgopal\Documents\grails-2.4.4\grails-2.4.4\lib\org.apache.tomcat.embed\tomcat-embed-logging-log4j\jars\tomcat-embed-logging-log4j-7.0.50.jar;C:\Users\rgopal\Documents\grails-2.4.4\grails-2.4.4\dist\grails-plugin-log4j-2.4.4.jar;C:\Users\rgopal\Documents\grails-2.4.4\grails-2.4.4\lib\log4j\log4j\jars\log4j-1.2.17.jar;C:\Users\rgopal\Documents\grails-2.4.4\grails-2.4.4\dist\grails-bootstrap-2.4.4.jar;C:\Users\rgopal\Documents\grails-2.4.4\grails-2.4.4\lib\org.slf4j\slf4j-api\jars\slf4j-api-1.7.5.jar;C:\Users\rgopal\Documents\grails-2.4.4\grails-2.4.4\lib\jline\jline\jars\jline-2.12.jar;C:\Users\rgopal\Documents\grails-2.4.4\grails-2.4.4\lib\org.apache.ant\ant\jars\ant-1.8.4.jar;C:\Users\rgopal\Documents\grails-2.4.4\grails-2.4.4\lib\org.apache.ant\ant-launcher\jars\ant-launcher-1.8.4.jar;C:\Users\rgopal\Documents\grails-2.4.4\grails-2.4.4\lib\org.apache.ant\ant-trax\jars\ant-trax-1.7.1.jar;C:\Users\rgopal\Documents\grails-2.4.4\grails-2.4.4\lib\org.apache.ant\ant-junit\jars\ant-junit-1.8.4.jar;C:\Users\rgopal\Documents\grails-2.4.4\grails-2.4.4\lib\org.apache.ivy\ivy\jars\ivy-2.3.0.jar;C:\Users\rgopal\Documents\grails-2.4.4\grails-2.4.4\lib\org.fusesource.jansi\jansi\jars\jansi-1.11.jar;C:\Users\rgopal\.m2\repository\org\apache\tomcat\tomcat-catalina-ant\7.0.55\tomcat-catalina-ant-7.0.55.jar;C:\Users\rgopal\.m2\repository\org\apache\tomcat\embed\tomcat-embed-jasper\7.0.55\tomcat-embed-jasper-7.0.55.jar;C:\Users\rgopal\.m2\repository\org\apache\tomcat\embed\tomcat-embed-el\7.0.55\tomcat-embed-el-7.0.55.jar;C:\Users\rgopal\.m2\repository\org\apache\
Launcher Type: SUN_STANDARD

Environment Variables:
JAVA_HOME=C:\Program Files\Java\jdk1.8.0_11
PATH=C:\Windows\system32;C:\Windows;C:\Windows\System32\Wbem;C:\Windows\System32\WindowsPowerShell\v1.0\;C:\users\rgopal\My Documents\springsource\grails-2.3.5\bin\;c:\Program Files\Java\jdk1.7.0_51\bin\;C:\Program Files (x86)\MiKTeX 2.9\miktex\bin\
USERNAME=rgopal
OS=Windows_NT
PROCESSOR_IDENTIFIER=Intel64 Family 6 Model 37 Stepping 5, GenuineIntel



---------------  S Y S T E M  ---------------

OS: Windows 7 , 64 bit Build 7601 Service Pack 1

CPU:total 4 (2 cores per cpu, 2 threads per core) family 6 model 37 stepping 5, cmov, cx8, fxsr, mmx, sse, sse2, sse3, ssse3, sse4.1, sse4.2, popcnt, aes, clmul, ht, tsc, tscinvbit

Memory: 4k page, physical 8181608k(2067760k free), swap 16361352k(9366808k free)

vm_info: Java HotSpot(TM) 64-Bit Server VM (25.11-b03) for windows-amd64 JRE (1.8.0_11-b12), built on Jun 16 2014 20:57:32 by "java_re" with MS VC++ 10.0 (VS2010)

time: Fri Apr 03 16:04:02 2015
elapsed time: 43 seconds

