#
# A fatal error has been detected by the Java Runtime Environment:
#
#  EXCEPTION_ACCESS_VIOLATION (0xc0000005) at pc=0x0000000069794db2, pid=6392, tid=8908
#
# JRE version: Java(TM) SE Runtime Environment (8.0_11-b12) (build 1.8.0_11-b12)
# Java VM: Java HotSpot(TM) 64-Bit Server VM (25.11-b03 mixed mode windows-amd64 compressed oops)
# Problematic frame:
# V  [jvm.dll+0x424db2]
#
# Failed to write core dump. Minidumps are not enabled by default on client versions of Windows
#
# If you would like to submit a bug report, please visit:
#   http://bugreport.sun.com/bugreport/crash.jsp
#

---------------  T H R E A D  ---------------

Current thread (0x0000000056299000):  JavaThread "C2 CompilerThread1" daemon [_thread_in_native, id=8908, stack(0x00000000569d0000,0x0000000056ad0000)]

siginfo: ExceptionCode=0xc0000005, reading address 0x0000000000000000

Registers:
RAX=0x000000005d8d8c38, RBX=0x0000000000000600, RCX=0x0000000000000000, RDX=0x0000000058476350
RSP=0x0000000056acc3c0, RBP=0x00000000000000c0, RSI=0x00000000000000b8, RDI=0x0000000000000000
R8 =0x0000000069370000, R9 =0x0000000056acc6e0, R10=0x00000000ffffffff, R11=0x00000000562cf860
R12=0x000000005d8d9340, R13=0x000000005d8be908, R14=0x0000000000000008, R15=0x000000005d8be908
RIP=0x0000000069794db2, EFLAGS=0x0000000000010206

Top of Stack: (sp=0x0000000056acc3c0)
0x0000000056acc3c0:   00000000000000da 0000000058471c00
0x0000000056acc3d0:   0000000000000030 0000000000000400
0x0000000056acc3e0:   0000000000000001 0000000000000600
0x0000000056acc3f0:   0000000000000180 00000000000000c0
0x0000000056acc400:   00000000580817e0 000000005629f420
0x0000000056acc410:   00000000000006b0 0000000058471c00
0x0000000056acc420:   0000000056acc6e0 000000005d8d5db0
0x0000000056acc430:   0000000000000020 0000000000000009
0x0000000056acc440:   000000005d8d9310 00000000000000da
0x0000000056acc450:   000000005d8be908 000000006979598d
0x0000000056acc460:   000000005d8d9310 000000000000001c
0x0000000056acc470:   00000000000000da 0000000056acc6e0
0x0000000056acc480:   0000000058476350 00000000000000da
0x0000000056acc490:   000000005d8d5db0 0000000000000020
0x0000000056acc4a0:   000000005b243f68 0000000056acea50
0x0000000056acc4b0:   000000005b244598 000000005d8d9310 

Instructions: (pc=0x0000000069794db2)
0x0000000069794d92:   c6 48 63 f0 48 03 f1 eb 04 48 83 ce ff 48 8b 84
0x0000000069794da2:   24 a0 00 00 00 48 8b 40 08 48 8b 3c 03 48 8b cf
0x0000000069794db2:   48 8b 07 ff 50 28 4c 8d 05 41 b2 bd ff 48 63 50
0x0000000069794dc2:   10 4c 8b d8 48 8b ca 48 c1 e1 05 42 80 bc 01 c0 


Register to memory mapping:

RAX=0x000000005d8d8c38 is an unknown value
RBX=0x0000000000000600 is an unknown value
RCX=0x0000000000000000 is an unknown value
RDX=0x0000000058476350 is an unknown value
RSP=0x0000000056acc3c0 is pointing into the stack for thread: 0x0000000056299000
RBP=0x00000000000000c0 is an unknown value
RSI=0x00000000000000b8 is an unknown value
RDI=0x0000000000000000 is an unknown value
R8 =0x0000000069370000 is an unknown value
R9 =0x0000000056acc6e0 is pointing into the stack for thread: 0x0000000056299000
R10=0x00000000ffffffff is an unknown value
R11=0x00000000562cf860 is an unknown value
R12=0x000000005d8d9340 is an unknown value
R13=0x000000005d8be908 is an unknown value
R14=0x0000000000000008 is an unknown value
R15=0x000000005d8be908 is an unknown value


Stack: [0x00000000569d0000,0x0000000056ad0000],  sp=0x0000000056acc3c0,  free space=1008k
Native frames: (J=compiled Java code, j=interpreted, Vv=VM code, C=native code)
V  [jvm.dll+0x424db2]
V  [jvm.dll+0x42598d]
V  [jvm.dll+0x425ecf]
V  [jvm.dll+0x4c5a84]
V  [jvm.dll+0x4415bc]
V  [jvm.dll+0x443a29]
V  [jvm.dll+0x427722]
V  [jvm.dll+0x96982]
V  [jvm.dll+0x97173]
V  [jvm.dll+0x2234b4]
V  [jvm.dll+0x27bcca]
C  [msvcr100.dll+0x21d9f]
C  [msvcr100.dll+0x21e3b]
C  [kernel32.dll+0x159ed]
C  [ntdll.dll+0x2c541]


Current CompileTask:
C2:  65673 6992       4       groovy.lang.MetaClassImpl::findPropertyMethod (356 bytes)


---------------  P R O C E S S  ---------------

Java Threads: ( => current thread )
  0x000000005de33800 JavaThread "com.oumuo.SecurityGroup.data" daemon [_thread_blocked, id=12216, stack(0x0000000060df0000,0x0000000060ef0000)]
  0x000000005e0b2800 JavaThread "com.oumuo.Authority.data" daemon [_thread_blocked, id=1504, stack(0x00000000604d0000,0x00000000605d0000)]
  0x000000005def0800 JavaThread "net.sf.ehcache.CacheManager@331f9db9" daemon [_thread_blocked, id=7492, stack(0x0000000060be0000,0x0000000060ce0000)]
  0x000000005ab99000 JavaThread "PoolCleaner[1070157899:1429106321534]" daemon [_thread_blocked, id=6548, stack(0x000000005a820000,0x000000005a920000)]
  0x0000000056f48800 JavaThread "FileSystemWatcher: files=#266 cl=groovy.lang.GroovyClassLoader@3fc9504b" daemon [_thread_blocked, id=6256, stack(0x000000005bed0000,0x000000005bfd0000)]
  0x0000000058ff1000 JavaThread "localhost-startStop-1" daemon [_thread_in_native_trans, id=10268, stack(0x000000005bd40000,0x000000005be40000)]
  0x000000005a9ee800 JavaThread "Tomcat-startStop-1" daemon [_thread_blocked, id=9288, stack(0x0000000058d10000,0x0000000058e10000)]
  0x0000000059464000 JavaThread "Thread-3" [_thread_in_native, id=2064, stack(0x000000005b970000,0x000000005ba70000)]
  0x00000000587a7800 JavaThread "Thread-2" [_thread_blocked, id=11036, stack(0x000000005a070000,0x000000005a170000)]
  0x00000000572e7800 JavaThread "NonBlockingInputStreamThread" daemon [_thread_blocked, id=9680, stack(0x0000000057a00000,0x0000000057b00000)]
  0x00000000563e6000 JavaThread "Service Thread" daemon [_thread_blocked, id=5756, stack(0x00000000568d0000,0x00000000569d0000)]
  0x000000005629a800 JavaThread "C1 CompilerThread2" daemon [_thread_blocked, id=11120, stack(0x0000000056b90000,0x0000000056c90000)]
=>0x0000000056299000 JavaThread "C2 CompilerThread1" daemon [_thread_in_native, id=8908, stack(0x00000000569d0000,0x0000000056ad0000)]
  0x0000000056298000 JavaThread "C2 CompilerThread0" daemon [_thread_in_native, id=11404, stack(0x0000000055f00000,0x0000000056000000)]
  0x00000000561a9000 JavaThread "Attach Listener" daemon [_thread_blocked, id=11324, stack(0x0000000056720000,0x0000000056820000)]
  0x0000000054be7800 JavaThread "Signal Dispatcher" daemon [_thread_blocked, id=3576, stack(0x00000000565c0000,0x00000000566c0000)]
  0x0000000054b87000 JavaThread "Finalizer" daemon [_thread_blocked, id=6356, stack(0x00000000560a0000,0x00000000561a0000)]
  0x0000000054b7c000 JavaThread "Reference Handler" daemon [_thread_blocked, id=8572, stack(0x0000000055dc0000,0x0000000055ec0000)]
  0x000000000289a000 JavaThread "main" [_thread_blocked, id=5408, stack(0x0000000002ac0000,0x0000000002bc0000)]

Other Threads:
  0x0000000054b78800 VMThread [stack: 0x0000000055c40000,0x0000000055d40000] [id=8400]
  0x00000000563e8800 WatcherThread [stack: 0x0000000056e40000,0x0000000056f40000] [id=7708]

VM state:not at safepoint (normal execution)

VM Mutex/Monitor currently owned by a thread: None

Heap:
 PSYoungGen      total 229376K, used 148888K [0x00000000f0000000, 0x0000000100000000, 0x0000000100000000)
  eden space 201728K, 62% used [0x00000000f0000000,0x00000000f7b376c0,0x00000000fc500000)
  from space 27648K, 82% used [0x00000000fe500000,0x00000000ffb2ec00,0x0000000100000000)
  to   space 30208K, 0% used [0x00000000fc500000,0x00000000fc500000,0x00000000fe280000)
 ParOldGen       total 127488K, used 110640K [0x00000000d0000000, 0x00000000d7c80000, 0x00000000f0000000)
  object space 127488K, 86% used [0x00000000d0000000,0x00000000d6c0c030,0x00000000d7c80000)
 Metaspace       used 69283K, capacity 71084K, committed 71244K, reserved 1112064K
  class space    used 7270K, capacity 7792K, committed 7808K, reserved 1048576K

Card table byte_map: [0x00000000120b0000,0x0000000012240000] byte_map_base: 0x0000000011a30000

Marking Bits: (ParMarkBitMap*) 0x0000000069b212b0
 Begin Bits: [0x0000000012870000, 0x0000000013470000)
 End Bits:   [0x0000000013470000, 0x0000000014070000)

Polling page: 0x0000000000590000

CodeCache: size=245760Kb used=23121Kb max_used=23737Kb free=222638Kb
 bounds [0x0000000002cf0000, 0x0000000004440000, 0x0000000011cf0000]
 total_blobs=6765 nmethods=6001 adapters=675
 compilation: enabled

Compilation events (10 events):
Event: 65.452 Thread 0x000000005629a800 7011   !   2       grails.util.Environment::resolveCurrentEnvironment (74 bytes)
Event: 65.453 Thread 0x000000005629a800 nmethod 7011 0x000000000335bbd0 code [0x000000000335be80, 0x000000000335c728]
Event: 65.453 Thread 0x000000005629a800 7012       2       grails.util.Environment::valueOf (11 bytes)
Event: 65.454 Thread 0x000000005629a800 nmethod 7012 0x0000000003acfc10 code [0x0000000003acfd80, 0x0000000003acff08]
Event: 65.480 Thread 0x0000000056299000 nmethod 6862 0x00000000031dc790 code [0x00000000031dd040, 0x00000000031e4020]
Event: 65.481 Thread 0x0000000056299000 6990       4       groovy.lang.MetaClassImpl$1MOPIter::processFastArray (210 bytes)
Event: 65.491 Thread 0x000000005629a800 7014   !   2       java.lang.StringCoding$StringDecoder::decode (179 bytes)
Event: 65.492 Thread 0x000000005629a800 nmethod 7014 0x00000000031db0d0 code [0x00000000031db320, 0x00000000031dbe08]
Event: 65.497 Thread 0x0000000056299000 nmethod 6990 0x0000000003626f50 code [0x0000000003627100, 0x0000000003627b28]
Event: 65.497 Thread 0x0000000056299000 6992       4       groovy.lang.MetaClassImpl::findPropertyMethod (356 bytes)

GC Heap History (10 events):
Event: 57.483 GC heap before
{Heap before GC invocations=52 (full 7):
 PSYoungGen      total 241664K, used 238152K [0x00000000f0000000, 0x0000000100000000, 0x0000000100000000)
  eden space 226304K, 98% used [0x00000000f0000000,0x00000000fd992ca8,0x00000000fdd00000)
  from space 15360K, 99% used [0x00000000ff100000,0x00000000fffff360,0x0000000100000000)
  to   space 17920K, 0% used [0x00000000fdd00000,0x00000000fdd00000,0x00000000fee80000)
 ParOldGen       total 110080K, used 92295K [0x00000000d0000000, 0x00000000d6b80000, 0x00000000f0000000)
  object space 110080K, 83% used [0x00000000d0000000,0x00000000d5a21fd0,0x00000000d6b80000)
 Metaspace       used 64570K, capacity 66216K, committed 66508K, reserved 1107968K
  class space    used 6668K, capacity 7144K, committed 7168K, reserved 1048576K
Event: 57.535 GC heap after
Heap after GC invocations=52 (full 7):
 PSYoungGen      total 244224K, used 17900K [0x00000000f0000000, 0x0000000100000000, 0x0000000100000000)
  eden space 226304K, 0% used [0x00000000f0000000,0x00000000f0000000,0x00000000fdd00000)
  from space 17920K, 99% used [0x00000000fdd00000,0x00000000fee7b390,0x00000000fee80000)
  to   space 17920K, 0% used [0x00000000fee80000,0x00000000fee80000,0x0000000100000000)
 ParOldGen       total 110080K, used 97353K [0x00000000d0000000, 0x00000000d6b80000, 0x00000000f0000000)
  object space 110080K, 88% used [0x00000000d0000000,0x00000000d5f12770,0x00000000d6b80000)
 Metaspace       used 64570K, capacity 66216K, committed 66508K, reserved 1107968K
  class space    used 6668K, capacity 7144K, committed 7168K, reserved 1048576K
}
Event: 58.608 GC heap before
{Heap before GC invocations=53 (full 7):
 PSYoungGen      total 244224K, used 238738K [0x00000000f0000000, 0x0000000100000000, 0x0000000100000000)
  eden space 226304K, 97% used [0x00000000f0000000,0x00000000fd7a95d8,0x00000000fdd00000)
  from space 17920K, 99% used [0x00000000fdd00000,0x00000000fee7b390,0x00000000fee80000)
  to   space 17920K, 0% used [0x00000000fee80000,0x00000000fee80000,0x0000000100000000)
 ParOldGen       total 110080K, used 97353K [0x00000000d0000000, 0x00000000d6b80000, 0x00000000f0000000)
  object space 110080K, 88% used [0x00000000d0000000,0x00000000d5f12770,0x00000000d6b80000)
 Metaspace       used 66194K, capacity 67790K, committed 68044K, reserved 1110016K
  class space    used 6833K, capacity 7305K, committed 7424K, reserved 1048576K
Event: 58.649 GC heap after
Heap after GC invocations=53 (full 7):
 PSYoungGen      total 225792K, used 17909K [0x00000000f0000000, 0x0000000100000000, 0x0000000100000000)
  eden space 207872K, 0% used [0x00000000f0000000,0x00000000f0000000,0x00000000fcb00000)
  from space 17920K, 99% used [0x00000000fee80000,0x00000000ffffd760,0x0000000100000000)
  to   space 27136K, 0% used [0x00000000fcb00000,0x00000000fcb00000,0x00000000fe580000)
 ParOldGen       total 110080K, used 102798K [0x00000000d0000000, 0x00000000d6b80000, 0x00000000f0000000)
  object space 110080K, 93% used [0x00000000d0000000,0x00000000d6463a48,0x00000000d6b80000)
 Metaspace       used 66194K, capacity 67790K, committed 68044K, reserved 1110016K
  class space    used 6833K, capacity 7305K, committed 7424K, reserved 1048576K
}
Event: 58.649 GC heap before
{Heap before GC invocations=54 (full 8):
 PSYoungGen      total 225792K, used 17909K [0x00000000f0000000, 0x0000000100000000, 0x0000000100000000)
  eden space 207872K, 0% used [0x00000000f0000000,0x00000000f0000000,0x00000000fcb00000)
  from space 17920K, 99% used [0x00000000fee80000,0x00000000ffffd760,0x0000000100000000)
  to   space 27136K, 0% used [0x00000000fcb00000,0x00000000fcb00000,0x00000000fe580000)
 ParOldGen       total 110080K, used 102798K [0x00000000d0000000, 0x00000000d6b80000, 0x00000000f0000000)
  object space 110080K, 93% used [0x00000000d0000000,0x00000000d6463a48,0x00000000d6b80000)
 Metaspace       used 66194K, capacity 67790K, committed 68044K, reserved 1110016K
  class space    used 6833K, capacity 7305K, committed 7424K, reserved 1048576K
Event: 60.790 GC heap after
Heap after GC invocations=54 (full 8):
 PSYoungGen      total 225792K, used 7642K [0x00000000f0000000, 0x0000000100000000, 0x0000000100000000)
  eden space 207872K, 0% used [0x00000000f0000000,0x00000000f0000000,0x00000000fcb00000)
  from space 17920K, 42% used [0x00000000fee80000,0x00000000ff5f69a0,0x0000000100000000)
  to   space 27136K, 0% used [0x00000000fcb00000,0x00000000fcb00000,0x00000000fe580000)
 ParOldGen       total 127488K, used 109924K [0x00000000d0000000, 0x00000000d7c80000, 0x00000000f0000000)
  object space 127488K, 86% used [0x00000000d0000000,0x00000000d6b59020,0x00000000d7c80000)
 Metaspace       used 66194K, capacity 67790K, committed 68044K, reserved 1110016K
  class space    used 6833K, capacity 7305K, committed 7424K, reserved 1048576K
}
Event: 63.030 GC heap before
{Heap before GC invocations=55 (full 8):
 PSYoungGen      total 225792K, used 215514K [0x00000000f0000000, 0x0000000100000000, 0x0000000100000000)
  eden space 207872K, 100% used [0x00000000f0000000,0x00000000fcb00000,0x00000000fcb00000)
  from space 17920K, 42% used [0x00000000fee80000,0x00000000ff5f69a0,0x0000000100000000)
  to   space 27136K, 0% used [0x00000000fcb00000,0x00000000fcb00000,0x00000000fe580000)
 ParOldGen       total 127488K, used 109924K [0x00000000d0000000, 0x00000000d7c80000, 0x00000000f0000000)
  object space 127488K, 86% used [0x00000000d0000000,0x00000000d6b59020,0x00000000d7c80000)
 Metaspace       used 67153K, capacity 68838K, committed 69196K, reserved 1112064K
  class space    used 6934K, capacity 7430K, committed 7552K, reserved 1048576K
Event: 63.128 GC heap after
Heap after GC invocations=55 (full 8):
 PSYoungGen      total 223744K, used 15795K [0x00000000f0000000, 0x0000000100000000, 0x0000000100000000)
  eden space 207872K, 0% used [0x00000000f0000000,0x00000000f0000000,0x00000000fcb00000)
  from space 15872K, 99% used [0x00000000fcb00000,0x00000000fda6cd60,0x00000000fda80000)
  to   space 27648K, 0% used [0x00000000fe500000,0x00000000fe500000,0x0000000100000000)
 ParOldGen       total 127488K, used 110640K [0x00000000d0000000, 0x00000000d7c80000, 0x00000000f0000000)
  object space 127488K, 86% used [0x00000000d0000000,0x00000000d6c0c030,0x00000000d7c80000)
 Metaspace       used 67153K, capacity 68838K, committed 69196K, reserved 1112064K
  class space    used 6934K, capacity 7430K, committed 7552K, reserved 1048576K
}
Event: 64.585 GC heap before
{Heap before GC invocations=56 (full 8):
 PSYoungGen      total 223744K, used 223667K [0x00000000f0000000, 0x0000000100000000, 0x0000000100000000)
  eden space 207872K, 100% used [0x00000000f0000000,0x00000000fcb00000,0x00000000fcb00000)
  from space 15872K, 99% used [0x00000000fcb00000,0x00000000fda6cd60,0x00000000fda80000)
  to   space 27648K, 0% used [0x00000000fe500000,0x00000000fe500000,0x0000000100000000)
 ParOldGen       total 127488K, used 110640K [0x00000000d0000000, 0x00000000d7c80000, 0x00000000f0000000)
  object space 127488K, 86% used [0x00000000d0000000,0x00000000d6c0c030,0x00000000d7c80000)
 Metaspace       used 68754K, capacity 70424K, committed 70604K, reserved 1112064K
  class space    used 7170K, capacity 7657K, committed 7680K, reserved 1048576K
Event: 64.716 GC heap after
Heap after GC invocations=56 (full 8):
 PSYoungGen      total 229376K, used 22715K [0x00000000f0000000, 0x0000000100000000, 0x0000000100000000)
  eden space 201728K, 0% used [0x00000000f0000000,0x00000000f0000000,0x00000000fc500000)
  from space 27648K, 82% used [0x00000000fe500000,0x00000000ffb2ec00,0x0000000100000000)
  to   space 30208K, 0% used [0x00000000fc500000,0x00000000fc500000,0x00000000fe280000)
 ParOldGen       total 127488K, used 110640K [0x00000000d0000000, 0x00000000d7c80000, 0x00000000f0000000)
  object space 127488K, 86% used [0x00000000d0000000,0x00000000d6c0c030,0x00000000d7c80000)
 Metaspace       used 68754K, capacity 70424K, committed 70604K, reserved 1112064K
  class space    used 7170K, capacity 7657K, committed 7680K, reserved 1048576K
}

Deoptimization events (10 events):
Event: 55.818 Thread 0x0000000058ff1000 Uncommon trap: reason=bimorphic action=maybe_recompile pc=0x000000000403f674 method=groovy.lang.MetaClassImpl$1MOPIter.methodNameAction(Ljava/lang/Class;Lorg/codehaus/groovy/runtime/metaclass/MetaMethodIndex$Entry;)V @ 62
Event: 58.122 Thread 0x0000000058ff1000 Uncommon trap: reason=unreached action=reinterpret pc=0x0000000002e4aa20 method=java.lang.reflect.AnnotatedElement.isAnnotationPresent(Ljava/lang/Class;)Z @ 7
Event: 58.366 Thread 0x0000000058ff1000 Uncommon trap: reason=bimorphic action=maybe_recompile pc=0x0000000004175028 method=sl.org.objectweb.asm.ClassReader.a(Lsl/org/objectweb/asm/MethodVisitor;Lsl/org/objectweb/asm/Context;I)V @ 2782
Event: 58.555 Thread 0x0000000058ff1000 Uncommon trap: reason=class_check action=maybe_recompile pc=0x00000000041764a4 method=sl.org.objectweb.asm.ClassReader.a(Lsl/org/objectweb/asm/MethodVisitor;Lsl/org/objectweb/asm/Context;I)V @ 1945
Event: 58.555 Thread 0x0000000058ff1000 Uncommon trap: reason=class_check action=maybe_recompile pc=0x00000000041764a4 method=sl.org.objectweb.asm.ClassReader.a(Lsl/org/objectweb/asm/MethodVisitor;Lsl/org/objectweb/asm/Context;I)V @ 1945
Event: 60.800 Thread 0x0000000058ff1000 Uncommon trap: reason=unloaded action=reinterpret pc=0x0000000002fdd33c method=org.springframework.core.BridgeMethodResolver.findBridgedMethod(Ljava/lang/reflect/Method;)Ljava/lang/reflect/Method; @ 13
Event: 61.743 Thread 0x0000000058ff1000 Uncommon trap: reason=unreached action=reinterpret pc=0x000000000320f634 method=org.codehaus.groovy.runtime.metaclass.MetaMethodIndex.getMethods(Ljava/lang/Class;Ljava/lang/String;)Lorg/codehaus/groovy/runtime/metaclass/MetaMethodIndex$Entry; @ 61
Event: 62.703 Thread 0x0000000058ff1000 Uncommon trap: reason=null_check action=make_not_entrant pc=0x00000000043563f4 method=java.util.concurrent.ConcurrentHashMap$TreeBin.<init>(Ljava/util/concurrent/ConcurrentHashMap$TreeNode;)V @ 26
Event: 64.335 Thread 0x0000000058ff1000 Uncommon trap: reason=unreached action=reinterpret pc=0x0000000003181b28 method=org.springframework.util.ObjectUtils.nullSafeEquals(Ljava/lang/Object;Ljava/lang/Object;)Z @ 8
Event: 65.018 Thread 0x0000000058ff1000 Uncommon trap: reason=null_check action=make_not_entrant pc=0x00000000031f3754 method=java.beans.PropertyDescriptor.findPropertyType(Ljava/lang/reflect/Method;Ljava/lang/reflect/Method;)Ljava/lang/Class; @ 157

Internal exceptions (10 events):
Event: 65.565 Thread 0x0000000058ff1000 Exception <a 'java/security/PrivilegedActionException'> (0x00000000f6ec4ca8) thrown at [C:\re\workspace\8-2-build-windows-amd64-cygwin\jdk8u11\648\hotspot\src\share\vm\prims\jvm.cpp, line 1248]
Event: 65.565 Thread 0x0000000058ff1000 Exception <a 'java/security/PrivilegedActionException'> (0x00000000f6ecb860) thrown at [C:\re\workspace\8-2-build-windows-amd64-cygwin\jdk8u11\648\hotspot\src\share\vm\prims\jvm.cpp, line 1248]
Event: 65.566 Thread 0x0000000058ff1000 Exception <a 'java/security/PrivilegedActionException'> (0x00000000f6ef0280) thrown at [C:\re\workspace\8-2-build-windows-amd64-cygwin\jdk8u11\648\hotspot\src\share\vm\prims\jvm.cpp, line 1248]
Event: 65.566 Thread 0x0000000058ff1000 Exception <a 'java/security/PrivilegedActionException'> (0x00000000f6ef5d40) thrown at [C:\re\workspace\8-2-build-windows-amd64-cygwin\jdk8u11\648\hotspot\src\share\vm\prims\jvm.cpp, line 1248]
Event: 65.566 Thread 0x0000000058ff1000 Exception <a 'java/security/PrivilegedActionException'> (0x00000000f6f0cf60) thrown at [C:\re\workspace\8-2-build-windows-amd64-cygwin\jdk8u11\648\hotspot\src\share\vm\prims\jvm.cpp, line 1248]
Event: 65.567 Thread 0x0000000058ff1000 Exception <a 'java/security/PrivilegedActionException'> (0x00000000f6f2a2f8) thrown at [C:\re\workspace\8-2-build-windows-amd64-cygwin\jdk8u11\648\hotspot\src\share\vm\prims\jvm.cpp, line 1248]
Event: 65.567 Thread 0x0000000058ff1000 Exception <a 'java/security/PrivilegedActionException'> (0x00000000f6f2fdb8) thrown at [C:\re\workspace\8-2-build-windows-amd64-cygwin\jdk8u11\648\hotspot\src\share\vm\prims\jvm.cpp, line 1248]
Event: 65.567 Thread 0x0000000058ff1000 Exception <a 'java/security/PrivilegedActionException'> (0x00000000f6f46fd8) thrown at [C:\re\workspace\8-2-build-windows-amd64-cygwin\jdk8u11\648\hotspot\src\share\vm\prims\jvm.cpp, line 1248]
Event: 65.568 Thread 0x0000000058ff1000 Exception <a 'java/security/PrivilegedActionException'> (0x00000000f6f7a790) thrown at [C:\re\workspace\8-2-build-windows-amd64-cygwin\jdk8u11\648\hotspot\src\share\vm\prims\jvm.cpp, line 1248]
Event: 65.568 Thread 0x0000000058ff1000 Exception <a 'java/lang/ClassNotFoundException': org/codehaus/groovy/grails/plugins/web/async/ControllersAsyncGrailsPlugin$_closure2_closure3BeanInfo> (0x00000000f6f7b258) thrown at [C:\re\workspace\8-2-build-windows-amd64-cygwin\jdk8u11\648\hotspot\src\sh#Q"dP@

Events (10 events):
Event: 65.563 loading class org/codehaus/groovy/grails/plugins/web/async/ControllersAsyncGrailsPlugin$_closure2_closure3
Event: 65.563 loading class org/codehaus/groovy/grails/plugins/web/async/ControllersAsyncGrailsPlugin$_closure2_closure3 done
Event: 65.565 loading class groovy/runtime/metaclass/org/codehaus/groovy/grails/plugins/web/async/ControllersAsyncGrailsPlugin$_closure2_closure3MetaClass
Event: 65.565 loading class groovy/runtime/metaclass/org/codehaus/groovy/grails/plugins/web/async/ControllersAsyncGrailsPlugin$_closure2_closure3MetaClass done
Event: 65.565 loading class org/codehaus/groovy/grails/plugins/web/async/ControllersAsyncGrailsPlugin$_closure2_closure3BeanInfo
Event: 65.565 loading class org/codehaus/groovy/grails/plugins/web/async/ControllersAsyncGrailsPlugin$_closure2_closure3BeanInfo done
Event: 65.567 loading class org/codehaus/groovy/grails/plugins/web/async/ControllersAsyncGrailsPlugin$_closure2_closure3BeanInfo
Event: 65.567 loading class org/codehaus/groovy/grails/plugins/web/async/ControllersAsyncGrailsPlugin$_closure2_closure3BeanInfo done
Event: 65.568 loading class org/codehaus/groovy/grails/plugins/web/async/ControllersAsyncGrailsPlugin$_closure2_closure3BeanInfo
Event: 65.568 loading class org/codehaus/groovy/grails/plugins/web/async/ControllersAsyncGrailsPlugin$_closure2_closure3BeanInfo done


Dynamic libraries:
0x000000013f080000 - 0x000000013f0b4000 	C:\Program Files\Java\jdk1.8.0_11\bin\java.exe
0x0000000077500000 - 0x00000000776a9000 	C:\Windows\SYSTEM32\ntdll.dll
0x0000000076e00000 - 0x0000000076f1f000 	C:\Windows\system32\kernel32.dll
0x000007fefda10000 - 0x000007fefda7c000 	C:\Windows\system32\KERNELBASE.dll
0x000007fefe210000 - 0x000007fefe2eb000 	C:\Windows\system32\ADVAPI32.dll
0x000007fefe8b0000 - 0x000007fefe94f000 	C:\Windows\system32\msvcrt.dll
0x000007fefe890000 - 0x000007fefe8af000 	C:\Windows\SYSTEM32\sechost.dll
0x000007fefe3c0000 - 0x000007fefe4ed000 	C:\Windows\system32\RPCRT4.dll
0x00000000771e0000 - 0x00000000772da000 	C:\Windows\system32\USER32.dll
0x000007fefdf40000 - 0x000007fefdfa7000 	C:\Windows\system32\GDI32.dll
0x000007fefe4f0000 - 0x000007fefe4fe000 	C:\Windows\system32\LPK.dll
0x000007fefe2f0000 - 0x000007fefe3b9000 	C:\Windows\system32\USP10.dll
0x000007fefbf60000 - 0x000007fefc154000 	C:\Windows\WinSxS\amd64_microsoft.windows.common-controls_6595b64144ccf1df_6.0.7601.17514_none_fa396087175ac9ac\COMCTL32.dll
0x000007fefe050000 - 0x000007fefe0c1000 	C:\Windows\system32\SHLWAPI.dll
0x000007fefe1e0000 - 0x000007fefe20e000 	C:\Windows\system32\IMM32.DLL
0x000007fefe0d0000 - 0x000007fefe1d9000 	C:\Windows\system32\MSCTF.dll
0x0000000180000000 - 0x000000018001c000 	C:\Windows\system32\btpload64.dll
0x00000000776d0000 - 0x00000000776d7000 	C:\Windows\system32\PSAPI.DLL
0x0000000000530000 - 0x000000000055c000 	C:\Windows\system32\privman64.dll
0x000007fefd8b0000 - 0x000007fefd8bc000 	C:\Windows\system32\VERSION.dll
0x000007fefea70000 - 0x000007feff7f9000 	C:\Windows\system32\SHELL32.dll
0x000007fefd890000 - 0x000007fefd8ae000 	C:\Windows\system32\USERENV.dll
0x000007fefd960000 - 0x000007fefd96f000 	C:\Windows\system32\profapi.dll
0x0000000069290000 - 0x0000000069362000 	C:\Program Files\Java\jdk1.8.0_11\jre\bin\msvcr100.dll
0x0000000069370000 - 0x0000000069b9a000 	C:\Program Files\Java\jdk1.8.0_11\jre\bin\server\jvm.dll
0x000007fefce40000 - 0x000007fefce49000 	C:\Windows\system32\WSOCK32.dll
0x000007fefe6e0000 - 0x000007fefe72d000 	C:\Windows\system32\WS2_32.dll
0x000007feff800000 - 0x000007feff808000 	C:\Windows\system32\NSI.dll
0x000007fefb4a0000 - 0x000007fefb4db000 	C:\Windows\system32\WINMM.dll
0x000000006da30000 - 0x000000006da3f000 	C:\Program Files\Java\jdk1.8.0_11\jre\bin\verify.dll
0x000000006da00000 - 0x000000006da28000 	C:\Program Files\Java\jdk1.8.0_11\jre\bin\java.dll
0x000000006c7c0000 - 0x000000006c7e3000 	C:\Program Files\Java\jdk1.8.0_11\jre\bin\instrument.dll
0x000000006d9e0000 - 0x000000006d9f6000 	C:\Program Files\Java\jdk1.8.0_11\jre\bin\zip.dll
0x000007fefdd30000 - 0x000007fefdf33000 	C:\Windows\system32\ole32.dll
0x000007fefd200000 - 0x000007fefd217000 	C:\Windows\system32\CRYPTSP.dll
0x000007fefcf00000 - 0x000007fefcf47000 	C:\Windows\system32\rsaenh.dll
0x000007fefd860000 - 0x000007fefd86f000 	C:\Windows\system32\CRYPTBASE.dll
0x000000006d380000 - 0x000000006d39a000 	C:\Program Files\Java\jdk1.8.0_11\jre\bin\net.dll
0x000007fefd1a0000 - 0x000007fefd1f5000 	C:\Windows\system32\mswsock.dll
0x000007fefd190000 - 0x000007fefd197000 	C:\Windows\System32\wship6.dll
0x000007fefc900000 - 0x000007fefc927000 	C:\Windows\system32\IPHLPAPI.DLL
0x000007fefc8f0000 - 0x000007fefc8fb000 	C:\Windows\system32\WINNSI.DLL
0x000007fefaf30000 - 0x000007fefaf48000 	C:\Windows\system32\dhcpcsvc.DLL
0x000007fefaec0000 - 0x000007fefaed1000 	C:\Windows\system32\dhcpcsvc6.DLL
0x000000006ccd0000 - 0x000000006cce1000 	C:\Program Files\Java\jdk1.8.0_11\jre\bin\nio.dll
0x000007fefb3d0000 - 0x000007fefb3da000 	C:\Users\rgopal\AppData\Local\Temp\jansi-64-2801764588589982574.dll
0x000000006fa50000 - 0x000000006fa5d000 	C:\Program Files\Java\jdk1.8.0_11\jre\bin\management.dll
0x000007fefca00000 - 0x000007fefca07000 	C:\Windows\System32\wshtcpip.dll
0x000007fefd020000 - 0x000007fefd07b000 	C:\Windows\system32\DNSAPI.dll
0x0000000074bd0000 - 0x0000000074bf6000 	C:\Program Files\Bonjour\mdnsNSP.dll
0x000007fefae50000 - 0x000007fefae58000 	C:\Windows\system32\rasadhlp.dll
0x000007fefae60000 - 0x000007fefaeb3000 	C:\Windows\System32\fwpuclnt.dll
0x000007fefb200000 - 0x000007fefb215000 	C:\Windows\system32\NLAapi.dll
0x000007fefb000000 - 0x000007fefb015000 	C:\Windows\system32\napinsp.dll
0x000007fefaf70000 - 0x000007fefaf89000 	C:\Windows\system32\pnrpnsp.dll
0x000007fefaf60000 - 0x000007fefaf6b000 	C:\Windows\System32\winrnr.dll
0x000007fefaf50000 - 0x000007fefaf60000 	C:\Windows\system32\wshbth.dll
0x000007fef4860000 - 0x000007fef4985000 	C:\Windows\system32\dbghelp.dll

VM Arguments:
jvm_args: -Dfile.encoding=UTF-8 -Xmx768M -Xms64M -Dgrails.fork.parent.process.port=58960 -Dgrails.fork.active=true -Dgrails.build.execution.context=C:\Users\rgopal\AppData\Local\Temp\central5220846157062368928grails-execution-context -Dgrails.home=C:\Users\rgopal\Documents\grails-2.4.4\grails-2.4.4 -javaagent:C:\Users\rgopal\Documents\grails-2.4.4\grails-2.4.4\lib\org.springframework\springloaded\jars\springloaded-1.2.1.RELEASE.jar -Xverify:none -Dspringloaded.synchronize=true -Djdk.reflect.allowGetCallerClass=true -Dspringloaded=profile=grails;cacheDir=C:\Users\rgopal/.grails/2.4.4/ 
java_command: org.grails.plugins.tomcat.fork.ForkedTomcatServer
java_class_path (initial): C:\Program Files\Java\jdk1.8.0_11\lib\tools.jar;C:\Users\rgopal\Documents\grails-2.4.4\grails-2.4.4\lib\org.codehaus.groovy\groovy-all\jars\groovy-all-2.3.7.jar;C:\Users\rgopal\Documents\grails-2.4.4\grails-2.4.4\lib\org.slf4j\jcl-over-slf4j\jars\jcl-over-slf4j-1.7.5.jar;C:\Users\rgopal\Documents\grails-2.4.4\grails-2.4.4\lib\org.codehaus.gant\gant_groovy1.8\jars\gant_groovy1.8-1.9.6.jar;C:\Users\rgopal\Documents\grails-2.4.4\grails-2.4.4\lib\org.apache.tomcat.embed\tomcat-embed-logging-log4j\jars\tomcat-embed-logging-log4j-7.0.50.jar;C:\Users\rgopal\Documents\grails-2.4.4\grails-2.4.4\dist\grails-plugin-log4j-2.4.4.jar;C:\Users\rgopal\Documents\grails-2.4.4\grails-2.4.4\lib\log4j\log4j\jars\log4j-1.2.17.jar;C:\Users\rgopal\Documents\grails-2.4.4\grails-2.4.4\dist\grails-bootstrap-2.4.4.jar;C:\Users\rgopal\Documents\grails-2.4.4\grails-2.4.4\lib\org.slf4j\slf4j-api\jars\slf4j-api-1.7.5.jar;C:\Users\rgopal\Documents\grails-2.4.4\grails-2.4.4\lib\jline\jline\jars\jline-2.12.jar;C:\Users\rgopal\Documents\grails-2.4.4\grails-2.4.4\lib\org.apache.ant\ant\jars\ant-1.8.4.jar;C:\Users\rgopal\Documents\grails-2.4.4\grails-2.4.4\lib\org.apache.ant\ant-launcher\jars\ant-launcher-1.8.4.jar;C:\Users\rgopal\Documents\grails-2.4.4\grails-2.4.4\lib\org.apache.ant\ant-trax\jars\ant-trax-1.7.1.jar;C:\Users\rgopal\Documents\grails-2.4.4\grails-2.4.4\lib\org.apache.ant\ant-junit\jars\ant-junit-1.8.4.jar;C:\Users\rgopal\Documents\grails-2.4.4\grails-2.4.4\lib\org.apache.ivy\ivy\jars\ivy-2.3.0.jar;C:\Users\rgopal\Documents\grails-2.4.4\grails-2.4.4\lib\org.fusesource.jansi\jansi\jars\jansi-1.11.jar;C:\Users\rgopal\.m2\repository\org\apache\tomcat\tomcat-catalina-ant\7.0.55\tomcat-catalina-ant-7.0.55.jar;C:\Users\rgopal\.m2\repository\org\apache\tomcat\embed\tomcat-embed-jasper\7.0.55\tomcat-embed-jasper-7.0.55.jar;C:\Users\rgopal\.m2\repository\org\apache\tomcat\embed\tomcat-embed-el\7.0.55\tomcat-embed-el-7.0.55.jar;C:\Users\rgopal\.m2\repository\org\apache\
Launcher Type: SUN_STANDARD

Environment Variables:
JAVA_HOME=C:\Program Files\Java\jdk1.8.0_11
PATH=C:\Windows\system32;C:\Windows;C:\Windows\System32\Wbem;C:\Windows\System32\WindowsPowerShell\v1.0\;C:\users\rgopal\My Documents\springsource\grails-2.3.5\bin\;c:\Program Files\Java\jdk1.7.0_51\bin\;C:\Program Files (x86)\MiKTeX 2.9\miktex\bin\
USERNAME=rgopal
OS=Windows_NT
PROCESSOR_IDENTIFIER=Intel64 Family 6 Model 37 Stepping 5, GenuineIntel



---------------  S Y S T E M  ---------------

OS: Windows 7 , 64 bit Build 7601 Service Pack 1

CPU:total 4 (2 cores per cpu, 2 threads per core) family 6 model 37 stepping 5, cmov, cx8, fxsr, mmx, sse, sse2, sse3, ssse3, sse4.1, sse4.2, popcnt, aes, clmul, ht, tsc, tscinvbit

Memory: 4k page, physical 8181608k(2118584k free), swap 16361352k(8433464k free)

vm_info: Java HotSpot(TM) 64-Bit Server VM (25.11-b03) for windows-amd64 JRE (1.8.0_11-b12), built on Jun 16 2014 20:57:32 by "java_re" with MS VC++ 10.0 (VS2010)

time: Wed Apr 15 09:59:01 2015
elapsed time: 65 seconds

