#
# A fatal error has been detected by the Java Runtime Environment:
#
#  EXCEPTION_ACCESS_VIOLATION (0xc0000005) at pc=0x000000006c3f4db2, pid=1904, tid=10940
#
# JRE version: Java(TM) SE Runtime Environment (8.0_11-b12) (build 1.8.0_11-b12)
# Java VM: Java HotSpot(TM) 64-Bit Server VM (25.11-b03 mixed mode windows-amd64 compressed oops)
# Problematic frame:
# V  [jvm.dll+0x424db2]
#
# Failed to write core dump. Minidumps are not enabled by default on client versions of Windows
#
# If you would like to submit a bug report, please visit:
#   http://bugreport.sun.com/bugreport/crash.jsp
#

---------------  T H R E A D  ---------------

Current thread (0x0000000056256000):  JavaThread "C2 CompilerThread1" daemon [_thread_in_native, id=10940, stack(0x0000000056c90000,0x0000000056d90000)]

siginfo: ExceptionCode=0xc0000005, reading address 0x0000000000000000

Registers:
RAX=0x000000005bed0e28, RBX=0x0000000000000600, RCX=0x0000000000000000, RDX=0x00000000587c2640
RSP=0x0000000056d8c8d0, RBP=0x00000000000000c0, RSI=0x00000000000000b8, RDI=0x0000000000000000
R8 =0x000000006bfd0000, R9 =0x0000000056d8cbf0, R10=0x00000000ffffffff, R11=0x00000000562d7940
R12=0x000000005bed1530, R13=0x0000000057759ef8, R14=0x0000000000000008, R15=0x0000000057759ef8
RIP=0x000000006c3f4db2, EFLAGS=0x0000000000010206

Top of Stack: (sp=0x0000000056d8c8d0)
0x0000000056d8c8d0:   00000000000000da 00000000587be140
0x0000000056d8c8e0:   0000000000000000 0000000056492140
0x0000000056d8c8f0:   0000000000000001 0000000000000600
0x0000000056d8c900:   0000000000000180 00000000000000c0
0x0000000056d8c910:   000000005bbfa070 00000000562cba70
0x0000000056d8c920:   0000000000000698 00000000587be140
0x0000000056d8c930:   0000000056d8cbf0 000000005becdff0
0x0000000056d8c940:   0000000000000020 0000000000000009
0x0000000056d8c950:   000000005bed1500 00000000000000da
0x0000000056d8c960:   0000000057759ef8 000000006c3f598d
0x0000000056d8c970:   000000005bed1500 000000000000001c
0x0000000056d8c980:   00000000000000da 0000000056d8cbf0
0x0000000056d8c990:   00000000587c2640 00000000000000da
0x0000000056d8c9a0:   000000005becdff0 0000000000000020
0x0000000056d8c9b0:   0000000059ff2e40 0000000056d8ef60
0x0000000056d8c9c0:   0000000059ff3470 000000005bed1500 

Instructions: (pc=0x000000006c3f4db2)
0x000000006c3f4d92:   c6 48 63 f0 48 03 f1 eb 04 48 83 ce ff 48 8b 84
0x000000006c3f4da2:   24 a0 00 00 00 48 8b 40 08 48 8b 3c 03 48 8b cf
0x000000006c3f4db2:   48 8b 07 ff 50 28 4c 8d 05 41 b2 bd ff 48 63 50
0x000000006c3f4dc2:   10 4c 8b d8 48 8b ca 48 c1 e1 05 42 80 bc 01 c0 


Register to memory mapping:

RAX=0x000000005bed0e28 is an unknown value
RBX=0x0000000000000600 is an unknown value
RCX=0x0000000000000000 is an unknown value
RDX=0x00000000587c2640 is an unknown value
RSP=0x0000000056d8c8d0 is pointing into the stack for thread: 0x0000000056256000
RBP=0x00000000000000c0 is an unknown value
RSI=0x00000000000000b8 is an unknown value
RDI=0x0000000000000000 is an unknown value
R8 =0x000000006bfd0000 is an unknown value
R9 =0x0000000056d8cbf0 is pointing into the stack for thread: 0x0000000056256000
R10=0x00000000ffffffff is an unknown value
R11=0x00000000562d7940 is an unknown value
R12=0x000000005bed1530 is an unknown value
R13=0x0000000057759ef8 is an unknown value
R14=0x0000000000000008 is an unknown value
R15=0x0000000057759ef8 is an unknown value


Stack: [0x0000000056c90000,0x0000000056d90000],  sp=0x0000000056d8c8d0,  free space=1010k
Native frames: (J=compiled Java code, j=interpreted, Vv=VM code, C=native code)
V  [jvm.dll+0x424db2]
V  [jvm.dll+0x42598d]
V  [jvm.dll+0x425ecf]
V  [jvm.dll+0x4c5a84]
V  [jvm.dll+0x4415bc]
V  [jvm.dll+0x443a29]
V  [jvm.dll+0x427722]
V  [jvm.dll+0x96982]
V  [jvm.dll+0x97173]
V  [jvm.dll+0x2234b4]
V  [jvm.dll+0x27bcca]
C  [msvcr100.dll+0x21d9f]
C  [msvcr100.dll+0x21e3b]
C  [kernel32.dll+0x159ed]
C  [ntdll.dll+0x2c541]


Current CompileTask:
C2:  43625 5535       4       groovy.lang.MetaClassImpl::findPropertyMethod (356 bytes)


---------------  P R O C E S S  ---------------

Java Threads: ( => current thread )
  0x00000000588a2800 JavaThread "net.sf.ehcache.CacheManager@23368b08" daemon [_thread_blocked, id=7556, stack(0x000000005ebc0000,0x000000005ecc0000)]
  0x00000000588a2000 JavaThread "PoolCleaner[1543043602:1428180769635]" daemon [_thread_blocked, id=10532, stack(0x000000005ca70000,0x000000005cb70000)]
  0x00000000596a1000 JavaThread "FileSystemWatcher: files=#143 cl=groovy.lang.GroovyClassLoader@5bf8fa12" daemon [_thread_blocked, id=4524, stack(0x000000005b3e0000,0x000000005b4e0000)]
  0x00000000594d0800 JavaThread "localhost-startStop-1" daemon [_thread_in_vm, id=1500, stack(0x000000005ae90000,0x000000005af90000)]
  0x00000000594cf800 JavaThread "Tomcat-startStop-1" daemon [_thread_blocked, id=8132, stack(0x000000005afc0000,0x000000005b0c0000)]
  0x0000000058ee9000 JavaThread "Thread-3" [_thread_in_native, id=3292, stack(0x00000000591f0000,0x00000000592f0000)]
  0x00000000582c9800 JavaThread "Thread-2" [_thread_blocked, id=10052, stack(0x000000005a330000,0x000000005a430000)]
  0x000000005751c000 JavaThread "NonBlockingInputStreamThread" daemon [_thread_blocked, id=7496, stack(0x0000000057ea0000,0x0000000057fa0000)]
  0x00000000563e1800 JavaThread "Service Thread" daemon [_thread_blocked, id=5616, stack(0x0000000056780000,0x0000000056880000)]
  0x00000000562d5000 JavaThread "C1 CompilerThread2" daemon [_thread_blocked, id=8028, stack(0x0000000056e70000,0x0000000056f70000)]
=>0x0000000056256000 JavaThread "C2 CompilerThread1" daemon [_thread_in_native, id=10940, stack(0x0000000056c90000,0x0000000056d90000)]
  0x00000000562c8800 JavaThread "C2 CompilerThread0" daemon [_thread_in_native, id=10460, stack(0x0000000056a70000,0x0000000056b70000)]
  0x00000000561d2800 JavaThread "Attach Listener" daemon [_thread_blocked, id=9140, stack(0x00000000568a0000,0x00000000569a0000)]
  0x0000000054e99000 JavaThread "Signal Dispatcher" daemon [_thread_blocked, id=9416, stack(0x0000000056670000,0x0000000056770000)]
  0x0000000054e31000 JavaThread "Finalizer" daemon [_thread_blocked, id=9012, stack(0x0000000055f80000,0x0000000056080000)]
  0x0000000054e2b800 JavaThread "Reference Handler" daemon [_thread_blocked, id=11204, stack(0x00000000560d0000,0x00000000561d0000)]
  0x000000000298a000 JavaThread "main" [_thread_blocked, id=10716, stack(0x0000000002c20000,0x0000000002d20000)]

Other Threads:
  0x0000000054e28000 VMThread [stack: 0x0000000055e50000,0x0000000055f50000] [id=6104]
  0x00000000563e6800 WatcherThread [stack: 0x0000000057040000,0x0000000057140000] [id=9372]

VM state:not at safepoint (normal execution)

VM Mutex/Monitor currently owned by a thread: None

Heap:
 PSYoungGen      total 230400K, used 60623K [0x00000000f0000000, 0x0000000100000000, 0x0000000100000000)
  eden space 198656K, 14% used [0x00000000f0000000,0x00000000f1c37d38,0x00000000fc200000)
  from space 31744K, 99% used [0x00000000fc200000,0x00000000fe0fbf60,0x00000000fe100000)
  to   space 31744K, 0% used [0x00000000fe100000,0x00000000fe100000,0x0000000100000000)
 ParOldGen       total 109568K, used 97754K [0x00000000d0000000, 0x00000000d6b00000, 0x00000000f0000000)
  object space 109568K, 89% used [0x00000000d0000000,0x00000000d5f76898,0x00000000d6b00000)
 Metaspace       used 67004K, capacity 69186K, committed 69376K, reserved 1110016K
  class space    used 7427K, capacity 8092K, committed 8192K, reserved 1048576K

Card table byte_map: [0x00000000121e0000,0x0000000012370000] byte_map_base: 0x0000000011b60000

Marking Bits: (ParMarkBitMap*) 0x000000006c7812b0
 Begin Bits: [0x0000000012ca0000, 0x00000000138a0000)
 End Bits:   [0x00000000138a0000, 0x00000000144a0000)

Polling page: 0x0000000000390000

CodeCache: size=245760Kb used=22490Kb max_used=22490Kb free=223269Kb
 bounds [0x0000000002e20000, 0x0000000004420000, 0x0000000011e20000]
 total_blobs=7296 nmethods=6540 adapters=666
 compilation: enabled

Compilation events (10 events):
Event: 43.556 Thread 0x0000000056256000 5535       4       groovy.lang.MetaClassImpl::findPropertyMethod (356 bytes)
Event: 43.557 Thread 0x00000000562d5000 nmethod 6679 0x0000000004417e50 code [0x0000000004418260, 0x00000000044196f8]
Event: 43.557 Thread 0x00000000562d5000 6681       1       org.codehaus.groovy.grails.validation.ConstrainedProperty::getPropertyType (5 bytes)
Event: 43.558 Thread 0x00000000562d5000 nmethod 6681 0x00000000043ff350 code [0x00000000043ff4a0, 0x00000000043ff5b0]
Event: 43.558 Thread 0x00000000562d5000 6677       2       sun.reflect.ClassFileAssembler::opc_dup_x1 (11 bytes)
Event: 43.558 Thread 0x00000000562d5000 nmethod 6677 0x00000000043feed0 code [0x00000000043ff040, 0x00000000043ff208]
Event: 43.558 Thread 0x00000000562d5000 6678       2       sun.reflect.ClassFileAssembler::opc_swap (7 bytes)
Event: 43.558 Thread 0x00000000562d5000 nmethod 6678 0x00000000043fea10 code [0x00000000043feb80, 0x00000000043fed28]
Event: 43.558 Thread 0x00000000562d5000 6680       2       sun.reflect.ClassFileAssembler::getMaxStack (6 bytes)
Event: 43.558 Thread 0x00000000562d5000 nmethod 6680 0x0000000004401650 code [0x00000000044017a0, 0x00000000044018f0]

GC Heap History (10 events):
Event: 37.169 GC heap before
{Heap before GC invocations=50 (full 7):
 PSYoungGen      total 240128K, used 22010K [0x00000000f0000000, 0x0000000100000000, 0x0000000100000000)
  eden space 218112K, 0% used [0x00000000f0000000,0x00000000f0000000,0x00000000fd500000)
  from space 22016K, 99% used [0x00000000fd500000,0x00000000fea7ea20,0x00000000fea80000)
  to   space 22016K, 0% used [0x00000000fea80000,0x00000000fea80000,0x0000000100000000)
 ParOldGen       total 93184K, used 84566K [0x00000000d0000000, 0x00000000d5b00000, 0x00000000f0000000)
  object space 93184K, 90% used [0x00000000d0000000,0x00000000d5295a48,0x00000000d5b00000)
 Metaspace       used 60126K, capacity 61890K, committed 62208K, reserved 1103872K
  class space    used 6810K, capacity 7305K, committed 7424K, reserved 1048576K
Event: 38.828 GC heap after
Heap after GC invocations=50 (full 7):
 PSYoungGen      total 240128K, used 11128K [0x00000000f0000000, 0x0000000100000000, 0x0000000100000000)
  eden space 218112K, 0% used [0x00000000f0000000,0x00000000f0000000,0x00000000fd500000)
  from space 22016K, 50% used [0x00000000fd500000,0x00000000fdfde2a0,0x00000000fea80000)
  to   space 22016K, 0% used [0x00000000fea80000,0x00000000fea80000,0x0000000100000000)
 ParOldGen       total 109568K, used 93021K [0x00000000d0000000, 0x00000000d6b00000, 0x00000000f0000000)
  object space 109568K, 84% used [0x00000000d0000000,0x00000000d5ad7418,0x00000000d6b00000)
 Metaspace       used 60126K, capacity 61890K, committed 62208K, reserved 1103872K
  class space    used 6810K, capacity 7305K, committed 7424K, reserved 1048576K
}
Event: 39.918 GC heap before
{Heap before GC invocations=51 (full 7):
 PSYoungGen      total 240128K, used 229240K [0x00000000f0000000, 0x0000000100000000, 0x0000000100000000)
  eden space 218112K, 100% used [0x00000000f0000000,0x00000000fd500000,0x00000000fd500000)
  from space 22016K, 50% used [0x00000000fd500000,0x00000000fdfde2a0,0x00000000fea80000)
  to   space 22016K, 0% used [0x00000000fea80000,0x00000000fea80000,0x0000000100000000)
 ParOldGen       total 109568K, used 93021K [0x00000000d0000000, 0x00000000d6b00000, 0x00000000f0000000)
  object space 109568K, 84% used [0x00000000d0000000,0x00000000d5ad7418,0x00000000d6b00000)
 Metaspace       used 62086K, capacity 63944K, committed 64128K, reserved 1105920K
  class space    used 7118K, capacity 7695K, committed 7808K, reserved 1048576K
Event: 39.996 GC heap after
Heap after GC invocations=51 (full 7):
 PSYoungGen      total 231936K, used 11746K [0x00000000f0000000, 0x0000000100000000, 0x0000000100000000)
  eden space 209920K, 0% used [0x00000000f0000000,0x00000000f0000000,0x00000000fcd00000)
  from space 22016K, 53% used [0x00000000fea80000,0x00000000ff5f88d0,0x0000000100000000)
  to   space 26112K, 0% used [0x00000000fcd00000,0x00000000fcd00000,0x00000000fe680000)
 ParOldGen       total 109568K, used 97448K [0x00000000d0000000, 0x00000000d6b00000, 0x00000000f0000000)
  object space 109568K, 88% used [0x00000000d0000000,0x00000000d5f2a098,0x00000000d6b00000)
 Metaspace       used 62086K, capacity 63944K, committed 64128K, reserved 1105920K
  class space    used 7118K, capacity 7695K, committed 7808K, reserved 1048576K
}
Event: 41.092 GC heap before
{Heap before GC invocations=52 (full 7):
 PSYoungGen      total 231936K, used 215755K [0x00000000f0000000, 0x0000000100000000, 0x0000000100000000)
  eden space 209920K, 97% used [0x00000000f0000000,0x00000000fc73a708,0x00000000fcd00000)
  from space 22016K, 53% used [0x00000000fea80000,0x00000000ff5f88d0,0x0000000100000000)
  to   space 26112K, 0% used [0x00000000fcd00000,0x00000000fcd00000,0x00000000fe680000)
 ParOldGen       total 109568K, used 97448K [0x00000000d0000000, 0x00000000d6b00000, 0x00000000f0000000)
  object space 109568K, 88% used [0x00000000d0000000,0x00000000d5f2a098,0x00000000d6b00000)
 Metaspace       used 63465K, capacity 65414K, committed 65536K, reserved 1107968K
  class space    used 7243K, capacity 7836K, committed 7936K, reserved 1048576K
Event: 41.144 GC heap after
Heap after GC invocations=52 (full 7):
 PSYoungGen      total 231936K, used 21550K [0x00000000f0000000, 0x0000000100000000, 0x0000000100000000)
  eden space 209920K, 0% used [0x00000000f0000000,0x00000000f0000000,0x00000000fcd00000)
  from space 22016K, 97% used [0x00000000fcd00000,0x00000000fe20b870,0x00000000fe280000)
  to   space 28672K, 0% used [0x00000000fe400000,0x00000000fe400000,0x0000000100000000)
 ParOldGen       total 109568K, used 97456K [0x00000000d0000000, 0x00000000d6b00000, 0x00000000f0000000)
  object space 109568K, 88% used [0x00000000d0000000,0x00000000d5f2c098,0x00000000d6b00000)
 Metaspace       used 63465K, capacity 65414K, committed 65536K, reserved 1107968K
  class space    used 7243K, capacity 7836K, committed 7936K, reserved 1048576K
}
Event: 42.322 GC heap before
{Heap before GC invocations=53 (full 7):
 PSYoungGen      total 231936K, used 231470K [0x00000000f0000000, 0x0000000100000000, 0x0000000100000000)
  eden space 209920K, 100% used [0x00000000f0000000,0x00000000fcd00000,0x00000000fcd00000)
  from space 22016K, 97% used [0x00000000fcd00000,0x00000000fe20b870,0x00000000fe280000)
  to   space 28672K, 0% used [0x00000000fe400000,0x00000000fe400000,0x0000000100000000)
 ParOldGen       total 109568K, used 97456K [0x00000000d0000000, 0x00000000d6b00000, 0x00000000f0000000)
  object space 109568K, 88% used [0x00000000d0000000,0x00000000d5f2c098,0x00000000d6b00000)
 Metaspace       used 65207K, capacity 67312K, committed 67456K, reserved 1107968K
  class space    used 7333K, capacity 7970K, committed 8064K, reserved 1048576K
Event: 42.390 GC heap after
Heap after GC invocations=53 (full 7):
 PSYoungGen      total 227328K, used 25196K [0x00000000f0000000, 0x0000000100000000, 0x0000000100000000)
  eden space 198656K, 0% used [0x00000000f0000000,0x00000000f0000000,0x00000000fc200000)
  from space 28672K, 87% used [0x00000000fe400000,0x00000000ffc9b110,0x0000000100000000)
  to   space 31744K, 0% used [0x00000000fc200000,0x00000000fc200000,0x00000000fe100000)
 ParOldGen       total 109568K, used 97464K [0x00000000d0000000, 0x00000000d6b00000, 0x00000000f0000000)
  object space 109568K, 88% used [0x00000000d0000000,0x00000000d5f2e098,0x00000000d6b00000)
 Metaspace       used 65207K, capacity 67312K, committed 67456K, reserved 1107968K
  class space    used 7333K, capacity 7970K, committed 8064K, reserved 1048576K
}
Event: 43.427 GC heap before
{Heap before GC invocations=54 (full 7):
 PSYoungGen      total 227328K, used 223852K [0x00000000f0000000, 0x0000000100000000, 0x0000000100000000)
  eden space 198656K, 100% used [0x00000000f0000000,0x00000000fc200000,0x00000000fc200000)
  from space 28672K, 87% used [0x00000000fe400000,0x00000000ffc9b110,0x0000000100000000)
  to   space 31744K, 0% used [0x00000000fc200000,0x00000000fc200000,0x00000000fe100000)
 ParOldGen       total 109568K, used 97464K [0x00000000d0000000, 0x00000000d6b00000, 0x00000000f0000000)
  object space 109568K, 88% used [0x00000000d0000000,0x00000000d5f2e098,0x00000000d6b00000)
 Metaspace       used 66631K, capacity 68816K, committed 68992K, reserved 1110016K
  class space    used 7399K, capacity 8057K, committed 8064K, reserved 1048576K
Event: 43.504 GC heap after
Heap after GC invocations=54 (full 7):
 PSYoungGen      total 230400K, used 31727K [0x00000000f0000000, 0x0000000100000000, 0x0000000100000000)
  eden space 198656K, 0% used [0x00000000f0000000,0x00000000f0000000,0x00000000fc200000)
  from space 31744K, 99% used [0x00000000fc200000,0x00000000fe0fbf60,0x00000000fe100000)
  to   space 31744K, 0% used [0x00000000fe100000,0x00000000fe100000,0x0000000100000000)
 ParOldGen       total 109568K, used 97754K [0x00000000d0000000, 0x00000000d6b00000, 0x00000000f0000000)
  object space 109568K, 89% used [0x00000000d0000000,0x00000000d5f76898,0x00000000d6b00000)
 Metaspace       used 66631K, capacity 68816K, committed 68992K, reserved 1110016K
  class space    used 7399K, capacity 8057K, committed 8064K, reserved 1048576K
}

Deoptimization events (10 events):
Event: 26.680 Thread 0x00000000594d0800 Uncommon trap: reason=bimorphic action=maybe_recompile pc=0x0000000003c8f1a8 method=groovy.lang.MetaClassImpl$1MOPIter.processFastArray(Lorg/codehaus/groovy/util/FastArray;)V @ 41
Event: 26.680 Thread 0x00000000594d0800 Uncommon trap: reason=bimorphic action=maybe_recompile pc=0x0000000003c8f1a8 method=groovy.lang.MetaClassImpl$1MOPIter.processFastArray(Lorg/codehaus/groovy/util/FastArray;)V @ 41
Event: 27.531 Thread 0x00000000594d0800 Uncommon trap: reason=unreached action=reinterpret pc=0x0000000003dcc1e0 method=java.net.URL.<init>(Ljava/net/URL;Ljava/lang/String;Ljava/net/URLStreamHandler;)V @ 391
Event: 27.604 Thread 0x00000000594d0800 Uncommon trap: reason=null_assert action=make_not_entrant pc=0x0000000003c436e4 method=java.util.concurrent.ConcurrentHashMap.putVal(Ljava/lang/Object;Ljava/lang/Object;Z)Ljava/lang/Object; @ 264
Event: 28.347 Thread 0x00000000594d0800 Uncommon trap: reason=unreached action=reinterpret pc=0x0000000003033ef0 method=java.lang.reflect.Method.equals(Ljava/lang/Object;)Z @ 1
Event: 33.402 Thread 0x00000000594d0800 Uncommon trap: reason=unreached action=reinterpret pc=0x0000000003dd6e70 method=org.codehaus.groovy.runtime.metaclass.MetaMethodIndex.getMethods(Ljava/lang/Class;Ljava/lang/String;)Lorg/codehaus/groovy/runtime/metaclass/MetaMethodIndex$Entry; @ 61
Event: 40.550 Thread 0x00000000594d0800 Uncommon trap: reason=bimorphic action=maybe_recompile pc=0x0000000003dc2e68 method=java.io.BufferedInputStream.read1([BII)I @ 39
Event: 40.570 Thread 0x00000000594d0800 Uncommon trap: reason=bimorphic action=maybe_recompile pc=0x0000000003dc2e68 method=java.io.BufferedInputStream.read1([BII)I @ 39
Event: 40.571 Thread 0x00000000594d0800 Uncommon trap: reason=bimorphic action=maybe_recompile pc=0x0000000003dc2e68 method=java.io.BufferedInputStream.read1([BII)I @ 39
Event: 40.575 Thread 0x00000000594d0800 Uncommon trap: reason=bimorphic action=maybe_recompile pc=0x0000000003dc2e68 method=java.io.BufferedInputStream.read1([BII)I @ 39

Internal exceptions (10 events):
Event: 43.586 Thread 0x00000000594d0800 Exception <a 'java/security/PrivilegedActionException'> (0x00000000f18f32c0) thrown at [C:\re\workspace\8-2-build-windows-amd64-cygwin\jdk8u11\648\hotspot\src\share\vm\prims\jvm.cpp, line 1248]
Event: 43.586 Thread 0x00000000594d0800 Exception <a 'java/security/PrivilegedActionException'> (0x00000000f18f6e90) thrown at [C:\re\workspace\8-2-build-windows-amd64-cygwin\jdk8u11\648\hotspot\src\share\vm\prims\jvm.cpp, line 1248]
Event: 43.586 Thread 0x00000000594d0800 Exception <a 'java/security/PrivilegedActionException'> (0x00000000f1905a30) thrown at [C:\re\workspace\8-2-build-windows-amd64-cygwin\jdk8u11\648\hotspot\src\share\vm\prims\jvm.cpp, line 1248]
Event: 43.587 Thread 0x00000000594d0800 Exception <a 'java/security/PrivilegedActionException'> (0x00000000f1918540) thrown at [C:\re\workspace\8-2-build-windows-amd64-cygwin\jdk8u11\648\hotspot\src\share\vm\prims\jvm.cpp, line 1248]
Event: 43.587 Thread 0x00000000594d0800 Exception <a 'java/security/PrivilegedActionException'> (0x00000000f191c028) thrown at [C:\re\workspace\8-2-build-windows-amd64-cygwin\jdk8u11\648\hotspot\src\share\vm\prims\jvm.cpp, line 1248]
Event: 43.587 Thread 0x00000000594d0800 Exception <a 'java/security/PrivilegedActionException'> (0x00000000f192a838) thrown at [C:\re\workspace\8-2-build-windows-amd64-cygwin\jdk8u11\648\hotspot\src\share\vm\prims\jvm.cpp, line 1248]
Event: 43.588 Thread 0x00000000594d0800 Exception <a 'java/security/PrivilegedActionException'> (0x00000000f193cc80) thrown at [C:\re\workspace\8-2-build-windows-amd64-cygwin\jdk8u11\648\hotspot\src\share\vm\prims\jvm.cpp, line 1248]
Event: 43.588 Thread 0x00000000594d0800 Exception <a 'java/security/PrivilegedActionException'> (0x00000000f193fb88) thrown at [C:\re\workspace\8-2-build-windows-amd64-cygwin\jdk8u11\648\hotspot\src\share\vm\prims\jvm.cpp, line 1248]
Event: 43.589 Thread 0x00000000594d0800 Exception <a 'java/security/PrivilegedActionException'> (0x00000000f1951960) thrown at [C:\re\workspace\8-2-build-windows-amd64-cygwin\jdk8u11\648\hotspot\src\share\vm\prims\jvm.cpp, line 1248]
Event: 43.589 Thread 0x00000000594d0800 Exception <a 'java/security/PrivilegedActionException'> (0x00000000f1955310) thrown at [C:\re\workspace\8-2-build-windows-amd64-cygwin\jdk8u11\648\hotspot\src\share\vm\prims\jvm.cpp, line 1248]

Events (10 events):
Event: 43.584 loading class org/hibernate/action/internal/UnresolvedEntityInsertActions
Event: 43.584 loading class org/hibernate/action/internal/UnresolvedEntityInsertActions done
Event: 43.586 loading class org/hibernate/internal/CoreMessageLogger_$logger_en_US
Event: 43.586 loading class org/hibernate/internal/CoreMessageLogger_$logger_en_US done
Event: 43.587 loading class org/hibernate/internal/CoreMessageLogger_$logger_en
Event: 43.587 loading class org/hibernate/internal/CoreMessageLogger_$logger_en done
Event: 43.588 loading class org/hibernate/engine/spi/ExecutableList
Event: 43.588 loading class org/hibernate/engine/spi/ExecutableList done
Event: 43.589 loading class org/hibernate/engine/spi/ActionQueue$InsertActionSorter
Event: 43.589 loading class org/hibernate/engine/spi/ActionQueue$InsertActionSorter done


Dynamic libraries:
0x000000013f270000 - 0x000000013f2a4000 	C:\Program Files\Java\jdk1.8.0_11\bin\java.exe
0x0000000077980000 - 0x0000000077b29000 	C:\Windows\SYSTEM32\ntdll.dll
0x0000000077860000 - 0x000000007797f000 	C:\Windows\system32\kernel32.dll
0x000007fefe140000 - 0x000007fefe1ac000 	C:\Windows\system32\KERNELBASE.dll
0x000007feff400000 - 0x000007feff4db000 	C:\Windows\system32\ADVAPI32.dll
0x000007feffb10000 - 0x000007feffbaf000 	C:\Windows\system32\msvcrt.dll
0x000007feffae0000 - 0x000007feffaff000 	C:\Windows\SYSTEM32\sechost.dll
0x000007fefef40000 - 0x000007feff06d000 	C:\Windows\system32\RPCRT4.dll
0x0000000077280000 - 0x000000007737a000 	C:\Windows\system32\USER32.dll
0x000007feffc20000 - 0x000007feffc87000 	C:\Windows\system32\GDI32.dll
0x000007feffc10000 - 0x000007feffc1e000 	C:\Windows\system32\LPK.dll
0x000007feff560000 - 0x000007feff629000 	C:\Windows\system32\USP10.dll
0x000007fefc3e0000 - 0x000007fefc5d4000 	C:\Windows\WinSxS\amd64_microsoft.windows.common-controls_6595b64144ccf1df_6.0.7601.17514_none_fa396087175ac9ac\COMCTL32.dll
0x000007feff4e0000 - 0x000007feff551000 	C:\Windows\system32\SHLWAPI.dll
0x000007feff110000 - 0x000007feff13e000 	C:\Windows\system32\IMM32.DLL
0x000007feff720000 - 0x000007feff829000 	C:\Windows\system32\MSCTF.dll
0x0000000180000000 - 0x000000018001c000 	C:\Windows\system32\btpload64.dll
0x0000000077b40000 - 0x0000000077b47000 	C:\Windows\system32\PSAPI.DLL
0x0000000000330000 - 0x000000000035c000 	C:\Windows\system32\privman64.dll
0x000007fefdd30000 - 0x000007fefdd3c000 	C:\Windows\system32\VERSION.dll
0x000007fefe1b0000 - 0x000007fefef39000 	C:\Windows\system32\SHELL32.dll
0x000007fefdd10000 - 0x000007fefdd2e000 	C:\Windows\system32\USERENV.dll
0x000007fefdde0000 - 0x000007fefddef000 	C:\Windows\system32\profapi.dll
0x000000006e110000 - 0x000000006e1e2000 	C:\Program Files\Java\jdk1.8.0_11\jre\bin\msvcr100.dll
0x000000006bfd0000 - 0x000000006c7fa000 	C:\Program Files\Java\jdk1.8.0_11\jre\bin\server\jvm.dll
0x000007fefd2c0000 - 0x000007fefd2c9000 	C:\Windows\system32\WSOCK32.dll
0x000007feff6d0000 - 0x000007feff71d000 	C:\Windows\system32\WS2_32.dll
0x000007feffb00000 - 0x000007feffb08000 	C:\Windows\system32\NSI.dll
0x000007fefb930000 - 0x000007fefb96b000 	C:\Windows\system32\WINMM.dll
0x000000006f870000 - 0x000000006f87f000 	C:\Program Files\Java\jdk1.8.0_11\jre\bin\verify.dll
0x000000006f840000 - 0x000000006f868000 	C:\Program Files\Java\jdk1.8.0_11\jre\bin\java.dll
0x0000000070670000 - 0x0000000070693000 	C:\Program Files\Java\jdk1.8.0_11\jre\bin\instrument.dll
0x000000006f800000 - 0x000000006f816000 	C:\Program Files\Java\jdk1.8.0_11\jre\bin\zip.dll
0x000007feff830000 - 0x000007feffa33000 	C:\Windows\system32\ole32.dll
0x000007fefd680000 - 0x000007fefd697000 	C:\Windows\system32\CRYPTSP.dll
0x000007fefd380000 - 0x000007fefd3c7000 	C:\Windows\system32\rsaenh.dll
0x000007fefdce0000 - 0x000007fefdcef000 	C:\Windows\system32\CRYPTBASE.dll
0x000000006e820000 - 0x000000006e83a000 	C:\Program Files\Java\jdk1.8.0_11\jre\bin\net.dll
0x000007fefd620000 - 0x000007fefd675000 	C:\Windows\system32\mswsock.dll
0x000007fefd610000 - 0x000007fefd617000 	C:\Windows\System32\wship6.dll
0x000007fefcd80000 - 0x000007fefcda7000 	C:\Windows\system32\IPHLPAPI.DLL
0x000007fefcd70000 - 0x000007fefcd7b000 	C:\Windows\system32\WINNSI.DLL
0x000007fefb3d0000 - 0x000007fefb3e8000 	C:\Windows\system32\dhcpcsvc.DLL
0x000007fefb3b0000 - 0x000007fefb3c1000 	C:\Windows\system32\dhcpcsvc6.DLL
0x000000006e0c0000 - 0x000000006e0d1000 	C:\Program Files\Java\jdk1.8.0_11\jre\bin\nio.dll
0x000007fefb210000 - 0x000007fefb21a000 	C:\Users\rgopal\AppData\Local\Temp\jansi-64-5276139145333223951.dll
0x000000006da50000 - 0x000000006da5d000 	C:\Program Files\Java\jdk1.8.0_11\jre\bin\management.dll
0x000007fefce80000 - 0x000007fefce87000 	C:\Windows\System32\wshtcpip.dll
0x000007fefd4a0000 - 0x000007fefd4fb000 	C:\Windows\system32\DNSAPI.dll
0x0000000074fa0000 - 0x0000000074fc6000 	C:\Program Files\Bonjour\mdnsNSP.dll
0x000007fefb340000 - 0x000007fefb348000 	C:\Windows\system32\rasadhlp.dll
0x000007fefb350000 - 0x000007fefb3a3000 	C:\Windows\System32\fwpuclnt.dll
0x000007fefb450000 - 0x000007fefb465000 	C:\Windows\system32\NLAapi.dll
0x000007fefb430000 - 0x000007fefb445000 	C:\Windows\system32\napinsp.dll
0x000007fefb410000 - 0x000007fefb429000 	C:\Windows\system32\pnrpnsp.dll
0x000007fefb400000 - 0x000007fefb40b000 	C:\Windows\System32\winrnr.dll
0x000007fefb3f0000 - 0x000007fefb400000 	C:\Windows\system32\wshbth.dll
0x000007fef6a90000 - 0x000007fef6bb5000 	C:\Windows\system32\dbghelp.dll

VM Arguments:
jvm_args: -Dfile.encoding=UTF-8 -Xmx768M -Xms64M -Dgrails.fork.parent.process.port=59334 -Dgrails.fork.active=true -Dgrails.build.execution.context=C:\Users\rgopal\AppData\Local\Temp\central1782905967742533200grails-execution-context -Dgrails.home=C:\Users\rgopal\Documents\grails-2.4.4\grails-2.4.4 -javaagent:C:\Users\rgopal\Documents\grails-2.4.4\grails-2.4.4\lib\org.springframework\springloaded\jars\springloaded-1.2.1.RELEASE.jar -Xverify:none -Dspringloaded.synchronize=true -Djdk.reflect.allowGetCallerClass=true -Dspringloaded=profile=grails;cacheDir=C:\Users\rgopal/.grails/2.4.4/ 
java_command: org.grails.plugins.tomcat.fork.ForkedTomcatServer
java_class_path (initial): C:\Program Files\Java\jdk1.8.0_11\lib\tools.jar;C:\Users\rgopal\Documents\grails-2.4.4\grails-2.4.4\lib\org.codehaus.groovy\groovy-all\jars\groovy-all-2.3.7.jar;C:\Users\rgopal\Documents\grails-2.4.4\grails-2.4.4\lib\org.slf4j\jcl-over-slf4j\jars\jcl-over-slf4j-1.7.5.jar;C:\Users\rgopal\Documents\grails-2.4.4\grails-2.4.4\lib\org.codehaus.gant\gant_groovy1.8\jars\gant_groovy1.8-1.9.6.jar;C:\Users\rgopal\Documents\grails-2.4.4\grails-2.4.4\lib\org.apache.tomcat.embed\tomcat-embed-logging-log4j\jars\tomcat-embed-logging-log4j-7.0.50.jar;C:\Users\rgopal\Documents\grails-2.4.4\grails-2.4.4\dist\grails-plugin-log4j-2.4.4.jar;C:\Users\rgopal\Documents\grails-2.4.4\grails-2.4.4\lib\log4j\log4j\jars\log4j-1.2.17.jar;C:\Users\rgopal\Documents\grails-2.4.4\grails-2.4.4\dist\grails-bootstrap-2.4.4.jar;C:\Users\rgopal\Documents\grails-2.4.4\grails-2.4.4\lib\org.slf4j\slf4j-api\jars\slf4j-api-1.7.5.jar;C:\Users\rgopal\Documents\grails-2.4.4\grails-2.4.4\lib\jline\jline\jars\jline-2.12.jar;C:\Users\rgopal\Documents\grails-2.4.4\grails-2.4.4\lib\org.apache.ant\ant\jars\ant-1.8.4.jar;C:\Users\rgopal\Documents\grails-2.4.4\grails-2.4.4\lib\org.apache.ant\ant-launcher\jars\ant-launcher-1.8.4.jar;C:\Users\rgopal\Documents\grails-2.4.4\grails-2.4.4\lib\org.apache.ant\ant-trax\jars\ant-trax-1.7.1.jar;C:\Users\rgopal\Documents\grails-2.4.4\grails-2.4.4\lib\org.apache.ant\ant-junit\jars\ant-junit-1.8.4.jar;C:\Users\rgopal\Documents\grails-2.4.4\grails-2.4.4\lib\org.apache.ivy\ivy\jars\ivy-2.3.0.jar;C:\Users\rgopal\Documents\grails-2.4.4\grails-2.4.4\lib\org.fusesource.jansi\jansi\jars\jansi-1.11.jar;C:\Users\rgopal\.m2\repository\org\apache\tomcat\tomcat-catalina-ant\7.0.55\tomcat-catalina-ant-7.0.55.jar;C:\Users\rgopal\.m2\repository\org\apache\tomcat\embed\tomcat-embed-jasper\7.0.55\tomcat-embed-jasper-7.0.55.jar;C:\Users\rgopal\.m2\repository\org\apache\tomcat\embed\tomcat-embed-el\7.0.55\tomcat-embed-el-7.0.55.jar;C:\Users\rgopal\.m2\repository\org\apache\
Launcher Type: SUN_STANDARD

Environment Variables:
JAVA_HOME=C:\Program Files\Java\jdk1.8.0_11
PATH=C:\Windows\system32;C:\Windows;C:\Windows\System32\Wbem;C:\Windows\System32\WindowsPowerShell\v1.0\;C:\users\rgopal\My Documents\springsource\grails-2.3.5\bin\;c:\Program Files\Java\jdk1.7.0_51\bin\;C:\Program Files (x86)\MiKTeX 2.9\miktex\bin\
USERNAME=rgopal
OS=Windows_NT
PROCESSOR_IDENTIFIER=Intel64 Family 6 Model 37 Stepping 5, GenuineIntel



---------------  S Y S T E M  ---------------

OS: Windows 7 , 64 bit Build 7601 Service Pack 1

CPU:total 4 (2 cores per cpu, 2 threads per core) family 6 model 37 stepping 5, cmov, cx8, fxsr, mmx, sse, sse2, sse3, ssse3, sse4.1, sse4.2, popcnt, aes, clmul, ht, tsc, tscinvbit

Memory: 4k page, physical 8181608k(2563268k free), swap 16361352k(9507944k free)

vm_info: Java HotSpot(TM) 64-Bit Server VM (25.11-b03) for windows-amd64 JRE (1.8.0_11-b12), built on Jun 16 2014 20:57:32 by "java_re" with MS VC++ 10.0 (VS2010)

time: Sat Apr 04 16:53:09 2015
elapsed time: 43 seconds

