#
# A fatal error has been detected by the Java Runtime Environment:
#
#  EXCEPTION_ACCESS_VIOLATION (0xc0000005) at pc=0x000000005abd4db2, pid=5932, tid=10000
#
# JRE version: Java(TM) SE Runtime Environment (8.0_11-b12) (build 1.8.0_11-b12)
# Java VM: Java HotSpot(TM) 64-Bit Server VM (25.11-b03 mixed mode windows-amd64 compressed oops)
# Problematic frame:
# V  [jvm.dll+0x424db2]
#
# Failed to write core dump. Minidumps are not enabled by default on client versions of Windows
#
# If you would like to submit a bug report, please visit:
#   http://bugreport.sun.com/bugreport/crash.jsp
#

---------------  T H R E A D  ---------------

Current thread (0x0000000056108000):  JavaThread "C2 CompilerThread0" daemon [_thread_in_native, id=10000, stack(0x0000000056410000,0x0000000056510000)]

siginfo: ExceptionCode=0xc0000005, reading address 0x0000000000000000

Registers:
RAX=0x000000005c9e7f08, RBX=0x0000000000000600, RCX=0x0000000000000000, RDX=0x000000005a162330
RSP=0x000000005650c3c0, RBP=0x00000000000000c0, RSI=0x00000000000000b8, RDI=0x0000000000000000
R8 =0x000000005a7b0000, R9 =0x000000005650c6e0, R10=0x00000000ffffffff, R11=0x0000000056125870
R12=0x000000005c9e8610, R13=0x000000005c7aed18, R14=0x0000000000000008, R15=0x000000005c7aed18
RIP=0x000000005abd4db2, EFLAGS=0x0000000000010206

Top of Stack: (sp=0x000000005650c3c0)
0x000000005650c3c0:   00000000000000da 00000000000000b0
0x000000005650c3d0:   000000000000000a 0000000000000400
0x000000005650c3e0:   0000000000000001 0000000000000600
0x000000005650c3f0:   0000000000000180 00000000000000c0
0x000000005650c400:   000000005c4f3760 000000005610afb0
0x000000005650c410:   00000000000006b8 000000005a15dc70
0x000000005650c420:   000000005650c6e0 000000005c9e5090
0x000000005650c430:   0000000000000020 0000000000000009
0x000000005650c440:   000000005c9e85e0 00000000000000da
0x000000005650c450:   000000005c7aed18 000000005abd598d
0x000000005650c460:   000000005c9e85e0 000000000000001c
0x000000005650c470:   00000000000000da 000000005650c6e0
0x000000005650c480:   000000005a162330 00000000000000da
0x000000005650c490:   000000005c9e5090 0000000000000020
0x000000005650c4a0:   000000005bc467e8 000000005650ea50
0x000000005650c4b0:   000000005bc46e18 000000005c9e85e0 

Instructions: (pc=0x000000005abd4db2)
0x000000005abd4d92:   c6 48 63 f0 48 03 f1 eb 04 48 83 ce ff 48 8b 84
0x000000005abd4da2:   24 a0 00 00 00 48 8b 40 08 48 8b 3c 03 48 8b cf
0x000000005abd4db2:   48 8b 07 ff 50 28 4c 8d 05 41 b2 bd ff 48 63 50
0x000000005abd4dc2:   10 4c 8b d8 48 8b ca 48 c1 e1 05 42 80 bc 01 c0 


Register to memory mapping:

RAX=0x000000005c9e7f08 is an unknown value
RBX=0x0000000000000600 is an unknown value
RCX=0x0000000000000000 is an unknown value
RDX=0x000000005a162330 is an unknown value
RSP=0x000000005650c3c0 is pointing into the stack for thread: 0x0000000056108000
RBP=0x00000000000000c0 is an unknown value
RSI=0x00000000000000b8 is an unknown value
RDI=0x0000000000000000 is an unknown value
R8 =0x000000005a7b0000 is an unknown value
R9 =0x000000005650c6e0 is pointing into the stack for thread: 0x0000000056108000
R10=0x00000000ffffffff is an unknown value
R11=0x0000000056125870 is an unknown value
R12=0x000000005c9e8610 is an unknown value
R13=0x000000005c7aed18 is an unknown value
R14=0x0000000000000008 is an unknown value
R15=0x000000005c7aed18 is an unknown value


Stack: [0x0000000056410000,0x0000000056510000],  sp=0x000000005650c3c0,  free space=1008k
Native frames: (J=compiled Java code, j=interpreted, Vv=VM code, C=native code)
V  [jvm.dll+0x424db2]
V  [jvm.dll+0x42598d]
V  [jvm.dll+0x425ecf]
V  [jvm.dll+0x4c5a84]
V  [jvm.dll+0x4415bc]
V  [jvm.dll+0x443a29]
V  [jvm.dll+0x427722]
V  [jvm.dll+0x96982]
V  [jvm.dll+0x97173]
V  [jvm.dll+0x2234b4]
V  [jvm.dll+0x27bcca]
C  [msvcr100.dll+0x21d9f]
C  [msvcr100.dll+0x21e3b]
C  [kernel32.dll+0x159ed]
C  [ntdll.dll+0x2c541]


Current CompileTask:
C2:  44833 6246       4       groovy.lang.MetaClassImpl::findPropertyMethod (356 bytes)


---------------  P R O C E S S  ---------------

Java Threads: ( => current thread )
  0x000000005a1a6000 JavaThread "com.oumuo.SecurityGroup.data" daemon [_thread_blocked, id=12044, stack(0x000000005f690000,0x000000005f790000)]
  0x000000005a1a5000 JavaThread "com.oumuo.Authority.data" daemon [_thread_blocked, id=9320, stack(0x0000000060030000,0x0000000060130000)]
  0x000000005a1a4800 JavaThread "net.sf.ehcache.CacheManager@28c14677" daemon [_thread_blocked, id=9492, stack(0x000000005fcb0000,0x000000005fdb0000)]
  0x000000005a1a3800 JavaThread "PoolCleaner[1430861186:1428624659906]" daemon [_thread_blocked, id=11396, stack(0x000000005cb60000,0x000000005cc60000)]
  0x0000000059d24000 JavaThread "FileSystemWatcher: files=#247 cl=groovy.lang.GroovyClassLoader@55493582" daemon [_thread_blocked, id=9428, stack(0x000000005b680000,0x000000005b780000)]
  0x0000000059d1f000 JavaThread "localhost-startStop-1" daemon [_thread_in_Java, id=12200, stack(0x00000000591b0000,0x00000000592b0000)]
  0x0000000058b6f000 JavaThread "Tomcat-startStop-1" daemon [_thread_blocked, id=9272, stack(0x000000005b400000,0x000000005b500000)]
  0x0000000059c79800 JavaThread "Thread-3" [_thread_in_native, id=7684, stack(0x0000000056c90000,0x0000000056d90000)]
  0x0000000058a2e800 JavaThread "Thread-2" [_thread_blocked, id=7300, stack(0x000000005a3e0000,0x000000005a4e0000)]
  0x0000000057254800 JavaThread "NonBlockingInputStreamThread" daemon [_thread_blocked, id=7540, stack(0x0000000057aa0000,0x0000000057ba0000)]
  0x00000000561f1000 JavaThread "Service Thread" daemon [_thread_blocked, id=11536, stack(0x0000000056a00000,0x0000000056b00000)]
  0x0000000056103800 JavaThread "C1 CompilerThread2" daemon [_thread_blocked, id=8616, stack(0x0000000056b80000,0x0000000056c80000)]
  0x0000000056102000 JavaThread "C2 CompilerThread1" daemon [_thread_in_native, id=12116, stack(0x00000000568d0000,0x00000000569d0000)]
=>0x0000000056108000 JavaThread "C2 CompilerThread0" daemon [_thread_in_native, id=10000, stack(0x0000000056410000,0x0000000056510000)]
  0x0000000056016000 JavaThread "Attach Listener" daemon [_thread_blocked, id=11040, stack(0x0000000056700000,0x0000000056800000)]
  0x0000000056013000 JavaThread "Signal Dispatcher" daemon [_thread_blocked, id=11824, stack(0x00000000565f0000,0x00000000566f0000)]
  0x0000000054c14800 JavaThread "Finalizer" daemon [_thread_blocked, id=9600, stack(0x0000000055f10000,0x0000000056010000)]
  0x0000000054c0f800 JavaThread "Reference Handler" daemon [_thread_blocked, id=9136, stack(0x0000000055e00000,0x0000000055f00000)]
  0x000000000283a000 JavaThread "main" [_thread_blocked, id=12000, stack(0x0000000002a00000,0x0000000002b00000)]

Other Threads:
  0x0000000054c08800 VMThread [stack: 0x0000000055c80000,0x0000000055d80000] [id=10628]
  0x00000000561f6000 WatcherThread [stack: 0x0000000056da0000,0x0000000056ea0000] [id=2852]

VM state:not at safepoint (normal execution)

VM Mutex/Monitor currently owned by a thread: None

Heap:
 PSYoungGen      total 229376K, used 144476K [0x00000000f0000000, 0x0000000100000000, 0x0000000100000000)
  eden space 196608K, 64% used [0x00000000f0000000,0x00000000f7c1a710,0x00000000fc000000)
  from space 32768K, 53% used [0x00000000fc000000,0x00000000fd0fc9e8,0x00000000fe000000)
  to   space 32256K, 0% used [0x00000000fe080000,0x00000000fe080000,0x0000000100000000)
 ParOldGen       total 131584K, used 110692K [0x00000000d0000000, 0x00000000d8080000, 0x00000000f0000000)
  object space 131584K, 84% used [0x00000000d0000000,0x00000000d6c191e8,0x00000000d8080000)
 Metaspace       used 68729K, capacity 70596K, committed 70912K, reserved 1112064K
  class space    used 7561K, capacity 8110K, committed 8192K, reserved 1048576K

Card table byte_map: [0x0000000011fc0000,0x0000000012150000] byte_map_base: 0x0000000011940000

Marking Bits: (ParMarkBitMap*) 0x000000005af612b0
 Begin Bits: [0x0000000012a80000, 0x0000000013680000)
 End Bits:   [0x0000000013680000, 0x0000000014280000)

Polling page: 0x00000000001c0000

CodeCache: size=245760Kb used=19664Kb max_used=19664Kb free=226095Kb
 bounds [0x0000000002c00000, 0x0000000003f50000, 0x0000000011c00000]
 total_blobs=6594 nmethods=5832 adapters=671
 compilation: enabled

Compilation events (10 events):
Event: 44.641 Thread 0x0000000056103800 6538       3       sun.misc.URLClassPath$1::next (59 bytes)
Event: 44.642 Thread 0x0000000056103800 nmethod 6538 0x0000000003f10f50 code [0x0000000003f110e0, 0x0000000003f114f8]
Event: 44.746 Thread 0x0000000056108000 nmethod 6193 0x0000000003f1c710 code [0x0000000003f1cec0, 0x0000000003f25000]
Event: 44.747 Thread 0x0000000056108000 6307       4       groovy.lang.MetaClassImpl$1MOPIter::processFastArray (210 bytes)
Event: 44.760 Thread 0x0000000056108000 nmethod 6307 0x0000000003f17490 code [0x0000000003f17640, 0x0000000003f18168]
Event: 44.760 Thread 0x0000000056108000 6285       4       org.codehaus.groovy.runtime.metaclass.MetaMethodIndex::isMatchingMethod (68 bytes)
Event: 44.763 Thread 0x0000000056108000 nmethod 6285 0x0000000003f195d0 code [0x0000000003f19720, 0x0000000003f19858]
Event: 44.763 Thread 0x0000000056108000 6246       4       groovy.lang.MetaClassImpl::findPropertyMethod (356 bytes)
Event: 44.781 Thread 0x0000000056103800 6539       3       java.beans.Introspector::processPropertyDescriptors (724 bytes)
Event: 44.787 Thread 0x0000000056103800 nmethod 6539 0x0000000003f32510 code [0x0000000003f32ce0, 0x0000000003f388e8]

GC Heap History (10 events):
Event: 37.707 GC heap before
{Heap before GC invocations=57 (full 7):
 PSYoungGen      total 241152K, used 232575K [0x00000000f0000000, 0x0000000100000000, 0x0000000100000000)
  eden space 220160K, 100% used [0x00000000f0000000,0x00000000fd700000,0x00000000fd700000)
  from space 20992K, 59% used [0x00000000fd700000,0x00000000fe31fc08,0x00000000feb80000)
  to   space 20992K, 0% used [0x00000000feb80000,0x00000000feb80000,0x0000000100000000)
 ParOldGen       total 110592K, used 92200K [0x00000000d0000000, 0x00000000d6c00000, 0x00000000f0000000)
  object space 110592K, 83% used [0x00000000d0000000,0x00000000d5a0a148,0x00000000d6c00000)
 Metaspace       used 62964K, capacity 64540K, committed 64896K, reserved 1107968K
  class space    used 6726K, capacity 7208K, committed 7296K, reserved 1048576K
Event: 37.781 GC heap after
Heap after GC invocations=57 (full 7):
 PSYoungGen      total 238080K, used 16795K [0x00000000f0000000, 0x0000000100000000, 0x0000000100000000)
  eden space 217088K, 0% used [0x00000000f0000000,0x00000000f0000000,0x00000000fd400000)
  from space 20992K, 80% used [0x00000000feb80000,0x00000000ffbe6e78,0x0000000100000000)
  to   space 22528K, 0% used [0x00000000fd400000,0x00000000fd400000,0x00000000fea00000)
 ParOldGen       total 110592K, used 92208K [0x00000000d0000000, 0x00000000d6c00000, 0x00000000f0000000)
  object space 110592K, 83% used [0x00000000d0000000,0x00000000d5a0c148,0x00000000d6c00000)
 Metaspace       used 62964K, capacity 64540K, committed 64896K, reserved 1107968K
  class space    used 6726K, capacity 7208K, committed 7296K, reserved 1048576K
}
Event: 38.843 GC heap before
{Heap before GC invocations=58 (full 7):
 PSYoungGen      total 238080K, used 233883K [0x00000000f0000000, 0x0000000100000000, 0x0000000100000000)
  eden space 217088K, 100% used [0x00000000f0000000,0x00000000fd400000,0x00000000fd400000)
  from space 20992K, 80% used [0x00000000feb80000,0x00000000ffbe6e78,0x0000000100000000)
  to   space 22528K, 0% used [0x00000000fd400000,0x00000000fd400000,0x00000000fea00000)
 ParOldGen       total 110592K, used 92208K [0x00000000d0000000, 0x00000000d6c00000, 0x00000000f0000000)
  object space 110592K, 83% used [0x00000000d0000000,0x00000000d5a0c148,0x00000000d6c00000)
 Metaspace       used 64619K, capacity 66210K, committed 66688K, reserved 1107968K
  class space    used 6971K, capacity 7465K, committed 7552K, reserved 1048576K
Event: 38.905 GC heap after
Heap after GC invocations=58 (full 7):
 PSYoungGen      total 239616K, used 22514K [0x00000000f0000000, 0x0000000100000000, 0x0000000100000000)
  eden space 217088K, 0% used [0x00000000f0000000,0x00000000f0000000,0x00000000fd400000)
  from space 22528K, 99% used [0x00000000fd400000,0x00000000fe9fc920,0x00000000fea00000)
  to   space 22528K, 0% used [0x00000000fea00000,0x00000000fea00000,0x0000000100000000)
 ParOldGen       total 110592K, used 93332K [0x00000000d0000000, 0x00000000d6c00000, 0x00000000f0000000)
  object space 110592K, 84% used [0x00000000d0000000,0x00000000d5b253f8,0x00000000d6c00000)
 Metaspace       used 64619K, capacity 66210K, committed 66688K, reserved 1107968K
  class space    used 6971K, capacity 7465K, committed 7552K, reserved 1048576K
}
Event: 40.273 GC heap before
{Heap before GC invocations=59 (full 7):
 PSYoungGen      total 239616K, used 239602K [0x00000000f0000000, 0x0000000100000000, 0x0000000100000000)
  eden space 217088K, 100% used [0x00000000f0000000,0x00000000fd400000,0x00000000fd400000)
  from space 22528K, 99% used [0x00000000fd400000,0x00000000fe9fc920,0x00000000fea00000)
  to   space 22528K, 0% used [0x00000000fea00000,0x00000000fea00000,0x0000000100000000)
 ParOldGen       total 110592K, used 93332K [0x00000000d0000000, 0x00000000d6c00000, 0x00000000f0000000)
  object space 110592K, 84% used [0x00000000d0000000,0x00000000d5b253f8,0x00000000d6c00000)
 Metaspace       used 66380K, capacity 68210K, committed 68480K, reserved 1110016K
  class space    used 7200K, capacity 7725K, committed 7808K, reserved 1048576K
Event: 40.371 GC heap after
Heap after GC invocations=59 (full 7):
 PSYoungGen      total 219136K, used 22498K [0x00000000f0000000, 0x0000000100000000, 0x0000000100000000)
  eden space 196608K, 0% used [0x00000000f0000000,0x00000000f0000000,0x00000000fc000000)
  from space 22528K, 99% used [0x00000000fea00000,0x00000000ffff8870,0x0000000100000000)
  to   space 32768K, 0% used [0x00000000fc000000,0x00000000fc000000,0x00000000fe000000)
 ParOldGen       total 110592K, used 102723K [0x00000000d0000000, 0x00000000d6c00000, 0x00000000f0000000)
  object space 110592K, 92% used [0x00000000d0000000,0x00000000d6450cb8,0x00000000d6c00000)
 Metaspace       used 66380K, capacity 68210K, committed 68480K, reserved 1110016K
  class space    used 7200K, capacity 7725K, committed 7808K, reserved 1048576K
}
Event: 40.371 GC heap before
{Heap before GC invocations=60 (full 8):
 PSYoungGen      total 219136K, used 22498K [0x00000000f0000000, 0x0000000100000000, 0x0000000100000000)
  eden space 196608K, 0% used [0x00000000f0000000,0x00000000f0000000,0x00000000fc000000)
  from space 22528K, 99% used [0x00000000fea00000,0x00000000ffff8870,0x0000000100000000)
  to   space 32768K, 0% used [0x00000000fc000000,0x00000000fc000000,0x00000000fe000000)
 ParOldGen       total 110592K, used 102723K [0x00000000d0000000, 0x00000000d6c00000, 0x00000000f0000000)
  object space 110592K, 92% used [0x00000000d0000000,0x00000000d6450cb8,0x00000000d6c00000)
 Metaspace       used 66380K, capacity 68210K, committed 68480K, reserved 1110016K
  class space    used 7200K, capacity 7725K, committed 7808K, reserved 1048576K
Event: 43.017 GC heap after
Heap after GC invocations=60 (full 8):
 PSYoungGen      total 219136K, used 12695K [0x00000000f0000000, 0x0000000100000000, 0x0000000100000000)
  eden space 196608K, 0% used [0x00000000f0000000,0x00000000f0000000,0x00000000fc000000)
  from space 22528K, 56% used [0x00000000fea00000,0x00000000ff665c88,0x0000000100000000)
  to   space 32768K, 0% used [0x00000000fc000000,0x00000000fc000000,0x00000000fe000000)
 ParOldGen       total 131584K, used 110236K [0x00000000d0000000, 0x00000000d8080000, 0x00000000f0000000)
  object space 131584K, 83% used [0x00000000d0000000,0x00000000d6ba71e8,0x00000000d8080000)
 Metaspace       used 66376K, capacity 68204K, committed 68480K, reserved 1110016K
  class space    used 7200K, capacity 7724K, committed 7808K, reserved 1048576K
}
Event: 44.195 GC heap before
{Heap before GC invocations=61 (full 8):
 PSYoungGen      total 219136K, used 206269K [0x00000000f0000000, 0x0000000100000000, 0x0000000100000000)
  eden space 196608K, 98% used [0x00000000f0000000,0x00000000fbd09828,0x00000000fc000000)
  from space 22528K, 56% used [0x00000000fea00000,0x00000000ff665c88,0x0000000100000000)
  to   space 32768K, 0% used [0x00000000fc000000,0x00000000fc000000,0x00000000fe000000)
 ParOldGen       total 131584K, used 110236K [0x00000000d0000000, 0x00000000d8080000, 0x00000000f0000000)
  object space 131584K, 83% used [0x00000000d0000000,0x00000000d6ba71e8,0x00000000d8080000)
 Metaspace       used 67640K, capacity 69480K, committed 69632K, reserved 1112064K
  class space    used 7418K, capacity 7930K, committed 7936K, reserved 1048576K
Event: 44.247 GC heap after
Heap after GC invocations=61 (full 8):
 PSYoungGen      total 229376K, used 17394K [0x00000000f0000000, 0x0000000100000000, 0x0000000100000000)
  eden space 196608K, 0% used [0x00000000f0000000,0x00000000f0000000,0x00000000fc000000)
  from space 32768K, 53% used [0x00000000fc000000,0x00000000fd0fc9e8,0x00000000fe000000)
  to   space 32256K, 0% used [0x00000000fe080000,0x00000000fe080000,0x0000000100000000)
 ParOldGen       total 131584K, used 110692K [0x00000000d0000000, 0x00000000d8080000, 0x00000000f0000000)
  object space 131584K, 84% used [0x00000000d0000000,0x00000000d6c191e8,0x00000000d8080000)
 Metaspace       used 67640K, capacity 69480K, committed 69632K, reserved 1112064K
  class space    used 7418K, capacity 7930K, committed 7936K, reserved 1048576K
}

Deoptimization events (10 events):
Event: 31.127 Thread 0x0000000059d1f000 Uncommon trap: reason=null_assert action=make_not_entrant pc=0x0000000002d0a018 method=java.util.concurrent.ConcurrentHashMap.putVal(Ljava/lang/Object;Ljava/lang/Object;Z)Ljava/lang/Object; @ 264
Event: 32.116 Thread 0x0000000059d1f000 Uncommon trap: reason=unreached action=reinterpret pc=0x0000000002e0c370 method=java.lang.reflect.Method.equals(Ljava/lang/Object;)Z @ 1
Event: 32.445 Thread 0x0000000059d1f000 Uncommon trap: reason=bimorphic action=maybe_recompile pc=0x000000000329c53c method=groovy.lang.MetaClassImpl$1MOPIter.methodNameAction(Ljava/lang/Class;Lorg/codehaus/groovy/runtime/metaclass/MetaMethodIndex$Entry;)V @ 268
Event: 32.445 Thread 0x0000000059d1f000 Uncommon trap: reason=bimorphic action=maybe_recompile pc=0x00000000033b9180 method=groovy.lang.MetaMethod.getMopName()Ljava/lang/String; @ 8
Event: 32.445 Thread 0x0000000059d1f000 Uncommon trap: reason=bimorphic action=maybe_recompile pc=0x000000000329c53c method=groovy.lang.MetaClassImpl$1MOPIter.methodNameAction(Ljava/lang/Class;Lorg/codehaus/groovy/runtime/metaclass/MetaMethodIndex$Entry;)V @ 268
Event: 32.445 Thread 0x0000000059d1f000 Uncommon trap: reason=bimorphic action=maybe_recompile pc=0x000000000329c53c method=groovy.lang.MetaClassImpl$1MOPIter.methodNameAction(Ljava/lang/Class;Lorg/codehaus/groovy/runtime/metaclass/MetaMethodIndex$Entry;)V @ 268
Event: 36.249 Thread 0x0000000059d1f000 Uncommon trap: reason=bimorphic action=maybe_recompile pc=0x00000000038c5b58 method=sl.org.objectweb.asm.ClassReader.a(Lsl/org/objectweb/asm/MethodVisitor;Lsl/org/objectweb/asm/Context;I)V @ 2782
Event: 37.089 Thread 0x0000000059d1f000 Uncommon trap: reason=unreached action=reinterpret pc=0x0000000003ac9870 method=org.codehaus.groovy.runtime.metaclass.MetaMethodIndex.getMethods(Ljava/lang/Class;Ljava/lang/String;)Lorg/codehaus/groovy/runtime/metaclass/MetaMethodIndex$Entry; @ 61
Event: 38.175 Thread 0x0000000059d1f000 Uncommon trap: reason=unloaded action=reinterpret pc=0x00000000034555fc method=org.springframework.core.BridgeMethodResolver.findBridgedMethod(Ljava/lang/reflect/Method;)Ljava/lang/reflect/Method; @ 13
Event: 38.634 Thread 0x0000000059d1f000 Uncommon trap: reason=unreached action=reinterpret pc=0x0000000003e100e8 method=org.springframework.util.ObjectUtils.nullSafeEquals(Ljava/lang/Object;Ljava/lang/Object;)Z @ 8

Internal exceptions (10 events):
Event: 44.795 Thread 0x0000000059d1f000 Exception <a 'java/security/PrivilegedActionException'> (0x00000000f77bd578) thrown at [C:\re\workspace\8-2-build-windows-amd64-cygwin\jdk8u11\648\hotspot\src\share\vm\prims\jvm.cpp, line 1248]
Event: 44.795 Thread 0x0000000059d1f000 Exception <a 'java/lang/ClassNotFoundException': liquibase/logging/LogFactoryBeanInfo> (0x00000000f77be470) thrown at [C:\re\workspace\8-2-build-windows-amd64-cygwin\jdk8u11\648\hotspot\src\share\vm\classfile\systemDictionary.cpp, line 202]
Event: 44.795 Thread 0x0000000059d1f000 Exception <a 'java/security/PrivilegedActionException'> (0x00000000f77bf470) thrown at [C:\re\workspace\8-2-build-windows-amd64-cygwin\jdk8u11\648\hotspot\src\share\vm\prims\jvm.cpp, line 1248]
Event: 44.795 Thread 0x0000000059d1f000 Exception <a 'java/security/PrivilegedActionException'> (0x00000000f77c2840) thrown at [C:\re\workspace\8-2-build-windows-amd64-cygwin\jdk8u11\648\hotspot\src\share\vm\prims\jvm.cpp, line 1248]
Event: 44.796 Thread 0x0000000059d1f000 Exception <a 'java/security/PrivilegedActionException'> (0x00000000f77ced98) thrown at [C:\re\workspace\8-2-build-windows-amd64-cygwin\jdk8u11\648\hotspot\src\share\vm\prims\jvm.cpp, line 1248]
Event: 44.796 Thread 0x0000000059d1f000 Exception <a 'java/security/PrivilegedActionException'> (0x00000000f77de688) thrown at [C:\re\workspace\8-2-build-windows-amd64-cygwin\jdk8u11\648\hotspot\src\share\vm\prims\jvm.cpp, line 1248]
Event: 44.796 Thread 0x0000000059d1f000 Exception <a 'java/security/PrivilegedActionException'> (0x00000000f77e1a58) thrown at [C:\re\workspace\8-2-build-windows-amd64-cygwin\jdk8u11\648\hotspot\src\share\vm\prims\jvm.cpp, line 1248]
Event: 44.796 Thread 0x0000000059d1f000 Exception <a 'java/security/PrivilegedActionException'> (0x00000000f77edfb0) thrown at [C:\re\workspace\8-2-build-windows-amd64-cygwin\jdk8u11\648\hotspot\src\share\vm\prims\jvm.cpp, line 1248]
Event: 44.797 Thread 0x0000000059d1f000 Exception <a 'java/security/PrivilegedActionException'> (0x00000000f78091d0) thrown at [C:\re\workspace\8-2-build-windows-amd64-cygwin\jdk8u11\648\hotspot\src\share\vm\prims\jvm.cpp, line 1248]
Event: 44.797 Thread 0x0000000059d1f000 Exception <a 'java/lang/ClassNotFoundException': liquibase/logging/LogFactoryCustomizer> (0x00000000f780a0d0) thrown at [C:\re\workspace\8-2-build-windows-amd64-cygwin\jdk8u11\648\hotspot\src\share\vm\classfile\systemDictionary.cpp, line 202]

Events (10 events):
Event: 44.794 loading class liquibase/logging/LogFactoryBeanInfo
Event: 44.794 loading class liquibase/logging/LogFactoryBeanInfo done
Event: 44.795 loading class liquibase/logging/LogFactoryBeanInfo
Event: 44.795 loading class liquibase/logging/LogFactoryBeanInfo done
Event: 44.795 loading class liquibase/logging/LogFactoryCustomizer
Event: 44.795 loading class liquibase/logging/LogFactoryCustomizer done
Event: 44.796 loading class liquibase/logging/LogFactoryCustomizer
Event: 44.796 loading class liquibase/logging/LogFactoryCustomizer done
Event: 44.797 loading class liquibase/logging/LogFactoryCustomizer
Event: 44.797 loading class liquibase/logging/LogFactoryCustomizer done


Dynamic libraries:
0x000000013f890000 - 0x000000013f8c4000 	C:\Program Files\Java\jdk1.8.0_11\bin\java.exe
0x0000000077980000 - 0x0000000077b29000 	C:\Windows\SYSTEM32\ntdll.dll
0x0000000077860000 - 0x000000007797f000 	C:\Windows\system32\kernel32.dll
0x000007fefe140000 - 0x000007fefe1ac000 	C:\Windows\system32\KERNELBASE.dll
0x000007feff400000 - 0x000007feff4db000 	C:\Windows\system32\ADVAPI32.dll
0x000007feffb10000 - 0x000007feffbaf000 	C:\Windows\system32\msvcrt.dll
0x000007feffae0000 - 0x000007feffaff000 	C:\Windows\SYSTEM32\sechost.dll
0x000007fefef40000 - 0x000007feff06d000 	C:\Windows\system32\RPCRT4.dll
0x0000000077280000 - 0x000000007737a000 	C:\Windows\system32\USER32.dll
0x000007feffc20000 - 0x000007feffc87000 	C:\Windows\system32\GDI32.dll
0x000007feffc10000 - 0x000007feffc1e000 	C:\Windows\system32\LPK.dll
0x000007feff560000 - 0x000007feff629000 	C:\Windows\system32\USP10.dll
0x000007fefc3e0000 - 0x000007fefc5d4000 	C:\Windows\WinSxS\amd64_microsoft.windows.common-controls_6595b64144ccf1df_6.0.7601.17514_none_fa396087175ac9ac\COMCTL32.dll
0x000007feff4e0000 - 0x000007feff551000 	C:\Windows\system32\SHLWAPI.dll
0x000007feff110000 - 0x000007feff13e000 	C:\Windows\system32\IMM32.DLL
0x000007feff720000 - 0x000007feff829000 	C:\Windows\system32\MSCTF.dll
0x0000000180000000 - 0x000000018001c000 	C:\Windows\system32\btpload64.dll
0x0000000077b40000 - 0x0000000077b47000 	C:\Windows\system32\PSAPI.DLL
0x0000000000150000 - 0x000000000017c000 	C:\Windows\system32\privman64.dll
0x000007fefdd30000 - 0x000007fefdd3c000 	C:\Windows\system32\VERSION.dll
0x000007fefe1b0000 - 0x000007fefef39000 	C:\Windows\system32\SHELL32.dll
0x000007fefdd10000 - 0x000007fefdd2e000 	C:\Windows\system32\USERENV.dll
0x000007fefdde0000 - 0x000007fefddef000 	C:\Windows\system32\profapi.dll
0x000000006e110000 - 0x000000006e1e2000 	C:\Program Files\Java\jdk1.8.0_11\jre\bin\msvcr100.dll
0x000000005a7b0000 - 0x000000005afda000 	C:\Program Files\Java\jdk1.8.0_11\jre\bin\server\jvm.dll
0x000007fefd2c0000 - 0x000007fefd2c9000 	C:\Windows\system32\WSOCK32.dll
0x000007feff6d0000 - 0x000007feff71d000 	C:\Windows\system32\WS2_32.dll
0x000007feffb00000 - 0x000007feffb08000 	C:\Windows\system32\NSI.dll
0x000007fefb930000 - 0x000007fefb96b000 	C:\Windows\system32\WINMM.dll
0x0000000070860000 - 0x000000007086f000 	C:\Program Files\Java\jdk1.8.0_11\jre\bin\verify.dll
0x0000000070830000 - 0x0000000070858000 	C:\Program Files\Java\jdk1.8.0_11\jre\bin\java.dll
0x000000006f890000 - 0x000000006f8b3000 	C:\Program Files\Java\jdk1.8.0_11\jre\bin\instrument.dll
0x0000000070680000 - 0x0000000070696000 	C:\Program Files\Java\jdk1.8.0_11\jre\bin\zip.dll
0x000007feff830000 - 0x000007feffa33000 	C:\Windows\system32\ole32.dll
0x000007fefd680000 - 0x000007fefd697000 	C:\Windows\system32\CRYPTSP.dll
0x000007fefd380000 - 0x000007fefd3c7000 	C:\Windows\system32\rsaenh.dll
0x000007fefdce0000 - 0x000007fefdcef000 	C:\Windows\system32\CRYPTBASE.dll
0x0000000070660000 - 0x000000007067a000 	C:\Program Files\Java\jdk1.8.0_11\jre\bin\net.dll
0x000007fefd620000 - 0x000007fefd675000 	C:\Windows\system32\mswsock.dll
0x000007fefd610000 - 0x000007fefd617000 	C:\Windows\System32\wship6.dll
0x000007fefcd80000 - 0x000007fefcda7000 	C:\Windows\system32\IPHLPAPI.DLL
0x000007fefcd70000 - 0x000007fefcd7b000 	C:\Windows\system32\WINNSI.DLL
0x000007fefb3d0000 - 0x000007fefb3e8000 	C:\Windows\system32\dhcpcsvc.DLL
0x000007fefb3b0000 - 0x000007fefb3c1000 	C:\Windows\system32\dhcpcsvc6.DLL
0x0000000070640000 - 0x0000000070651000 	C:\Program Files\Java\jdk1.8.0_11\jre\bin\nio.dll
0x000007fef2f40000 - 0x000007fef2f4a000 	C:\Users\rgopal\AppData\Local\Temp\jansi-64-1442138807525997526.dll
0x0000000070590000 - 0x000000007059d000 	C:\Program Files\Java\jdk1.8.0_11\jre\bin\management.dll
0x000007fefce80000 - 0x000007fefce87000 	C:\Windows\System32\wshtcpip.dll
0x000007fefd4a0000 - 0x000007fefd4fb000 	C:\Windows\system32\DNSAPI.dll
0x0000000074fa0000 - 0x0000000074fc6000 	C:\Program Files\Bonjour\mdnsNSP.dll
0x000007fefb340000 - 0x000007fefb348000 	C:\Windows\system32\rasadhlp.dll
0x000007fefb350000 - 0x000007fefb3a3000 	C:\Windows\System32\fwpuclnt.dll
0x000007fefb450000 - 0x000007fefb465000 	C:\Windows\system32\NLAapi.dll
0x000007fefb430000 - 0x000007fefb445000 	C:\Windows\system32\napinsp.dll
0x000007fefb410000 - 0x000007fefb429000 	C:\Windows\system32\pnrpnsp.dll
0x000007fefb400000 - 0x000007fefb40b000 	C:\Windows\System32\winrnr.dll
0x000007fefb3f0000 - 0x000007fefb400000 	C:\Windows\system32\wshbth.dll
0x000007fef6a90000 - 0x000007fef6bb5000 	C:\Windows\system32\dbghelp.dll

VM Arguments:
jvm_args: -Dfile.encoding=UTF-8 -Xmx768M -Xms64M -Dgrails.fork.parent.process.port=58689 -Dgrails.fork.active=true -Dgrails.build.execution.context=C:\Users\rgopal\AppData\Local\Temp\central3412353900399517138grails-execution-context -Dgrails.home=C:\Users\rgopal\Documents\grails-2.4.4\grails-2.4.4 -javaagent:C:\Users\rgopal\Documents\grails-2.4.4\grails-2.4.4\lib\org.springframework\springloaded\jars\springloaded-1.2.1.RELEASE.jar -Xverify:none -Dspringloaded.synchronize=true -Djdk.reflect.allowGetCallerClass=true -Dspringloaded=profile=grails;cacheDir=C:\Users\rgopal/.grails/2.4.4/ 
java_command: org.grails.plugins.tomcat.fork.ForkedTomcatServer
java_class_path (initial): C:\Program Files\Java\jdk1.8.0_11\lib\tools.jar;C:\Users\rgopal\Documents\grails-2.4.4\grails-2.4.4\lib\org.codehaus.groovy\groovy-all\jars\groovy-all-2.3.7.jar;C:\Users\rgopal\Documents\grails-2.4.4\grails-2.4.4\lib\org.slf4j\jcl-over-slf4j\jars\jcl-over-slf4j-1.7.5.jar;C:\Users\rgopal\Documents\grails-2.4.4\grails-2.4.4\lib\org.codehaus.gant\gant_groovy1.8\jars\gant_groovy1.8-1.9.6.jar;C:\Users\rgopal\Documents\grails-2.4.4\grails-2.4.4\lib\org.apache.tomcat.embed\tomcat-embed-logging-log4j\jars\tomcat-embed-logging-log4j-7.0.50.jar;C:\Users\rgopal\Documents\grails-2.4.4\grails-2.4.4\dist\grails-plugin-log4j-2.4.4.jar;C:\Users\rgopal\Documents\grails-2.4.4\grails-2.4.4\lib\log4j\log4j\jars\log4j-1.2.17.jar;C:\Users\rgopal\Documents\grails-2.4.4\grails-2.4.4\dist\grails-bootstrap-2.4.4.jar;C:\Users\rgopal\Documents\grails-2.4.4\grails-2.4.4\lib\org.slf4j\slf4j-api\jars\slf4j-api-1.7.5.jar;C:\Users\rgopal\Documents\grails-2.4.4\grails-2.4.4\lib\jline\jline\jars\jline-2.12.jar;C:\Users\rgopal\Documents\grails-2.4.4\grails-2.4.4\lib\org.apache.ant\ant\jars\ant-1.8.4.jar;C:\Users\rgopal\Documents\grails-2.4.4\grails-2.4.4\lib\org.apache.ant\ant-launcher\jars\ant-launcher-1.8.4.jar;C:\Users\rgopal\Documents\grails-2.4.4\grails-2.4.4\lib\org.apache.ant\ant-trax\jars\ant-trax-1.7.1.jar;C:\Users\rgopal\Documents\grails-2.4.4\grails-2.4.4\lib\org.apache.ant\ant-junit\jars\ant-junit-1.8.4.jar;C:\Users\rgopal\Documents\grails-2.4.4\grails-2.4.4\lib\org.apache.ivy\ivy\jars\ivy-2.3.0.jar;C:\Users\rgopal\Documents\grails-2.4.4\grails-2.4.4\lib\org.fusesource.jansi\jansi\jars\jansi-1.11.jar;C:\Users\rgopal\.m2\repository\org\apache\tomcat\tomcat-catalina-ant\7.0.55\tomcat-catalina-ant-7.0.55.jar;C:\Users\rgopal\.m2\repository\org\apache\tomcat\embed\tomcat-embed-jasper\7.0.55\tomcat-embed-jasper-7.0.55.jar;C:\Users\rgopal\.m2\repository\org\apache\tomcat\embed\tomcat-embed-el\7.0.55\tomcat-embed-el-7.0.55.jar;C:\Users\rgopal\.m2\repository\org\apache\
Launcher Type: SUN_STANDARD

Environment Variables:
JAVA_HOME=C:\Program Files\Java\jdk1.8.0_11
PATH=C:\Windows\system32;C:\Windows;C:\Windows\System32\Wbem;C:\Windows\System32\WindowsPowerShell\v1.0\;C:\users\rgopal\My Documents\springsource\grails-2.3.5\bin\;c:\Program Files\Java\jdk1.7.0_51\bin\;C:\Program Files (x86)\MiKTeX 2.9\miktex\bin\
USERNAME=rgopal
OS=Windows_NT
PROCESSOR_IDENTIFIER=Intel64 Family 6 Model 37 Stepping 5, GenuineIntel



---------------  S Y S T E M  ---------------

OS: Windows 7 , 64 bit Build 7601 Service Pack 1

CPU:total 4 (2 cores per cpu, 2 threads per core) family 6 model 37 stepping 5, cmov, cx8, fxsr, mmx, sse, sse2, sse3, ssse3, sse4.1, sse4.2, popcnt, aes, clmul, ht, tsc, tscinvbit

Memory: 4k page, physical 8181608k(1876088k free), swap 16361352k(7617456k free)

vm_info: Java HotSpot(TM) 64-Bit Server VM (25.11-b03) for windows-amd64 JRE (1.8.0_11-b12), built on Jun 16 2014 20:57:32 by "java_re" with MS VC++ 10.0 (VS2010)

time: Thu Apr 09 20:11:17 2015
elapsed time: 44 seconds

