#
# A fatal error has been detected by the Java Runtime Environment:
#
#  EXCEPTION_ACCESS_VIOLATION (0xc0000005) at pc=0x000000006c3f4db2, pid=7252, tid=4600
#
# JRE version: Java(TM) SE Runtime Environment (8.0_11-b12) (build 1.8.0_11-b12)
# Java VM: Java HotSpot(TM) 64-Bit Server VM (25.11-b03 mixed mode windows-amd64 compressed oops)
# Problematic frame:
# V  [jvm.dll+0x424db2]
#
# Failed to write core dump. Minidumps are not enabled by default on client versions of Windows
#
# If you would like to submit a bug report, please visit:
#   http://bugreport.sun.com/bugreport/crash.jsp
#

---------------  T H R E A D  ---------------

Current thread (0x00000000563e0000):  JavaThread "C2 CompilerThread1" daemon [_thread_in_native, id=4600, stack(0x0000000056990000,0x0000000056a90000)]

siginfo: ExceptionCode=0xc0000005, reading address 0x0000000000000000

Registers:
RAX=0x000000005d306a08, RBX=0x0000000000000600, RCX=0x0000000000000000, RDX=0x000000005c3ef3d0
RSP=0x0000000056a8c100, RBP=0x00000000000000c0, RSI=0x00000000000000b8, RDI=0x0000000000000000
R8 =0x000000006bfd0000, R9 =0x0000000056a8c420, R10=0x00000000ffffffff, R11=0x00000000563e3880
R12=0x000000005d307110, R13=0x0000000057f8b808, R14=0x0000000000000008, R15=0x0000000057f8b808
RIP=0x000000006c3f4db2, EFLAGS=0x0000000000010206

Top of Stack: (sp=0x0000000056a8c100)
0x0000000056a8c100:   00000000000000da 00000000000000b0
0x0000000056a8c110:   000000000000000a 000000005c3ead10
0x0000000056a8c120:   0000000000000001 0000000000000600
0x0000000056a8c130:   0000000000000180 00000000000000c0
0x0000000056a8c140:   000000005bb36590 00000000563d73c0
0x0000000056a8c150:   00000000000006b8 000000005c3ead10
0x0000000056a8c160:   0000000056a8c420 000000005d303b90
0x0000000056a8c170:   0000000000000020 0000000000000009
0x0000000056a8c180:   000000005d3070e0 00000000000000da
0x0000000056a8c190:   0000000057f8b808 000000006c3f598d
0x0000000056a8c1a0:   000000005d3070e0 000000000000001c
0x0000000056a8c1b0:   00000000000000da 0000000056a8c420
0x0000000056a8c1c0:   000000005c3ef3d0 00000000000000da
0x0000000056a8c1d0:   000000005d303b90 0000000000000020
0x0000000056a8c1e0:   000000005b7667e8 0000000056a8e790
0x0000000056a8c1f0:   000000005b766e18 000000005d3070e0 

Instructions: (pc=0x000000006c3f4db2)
0x000000006c3f4d92:   c6 48 63 f0 48 03 f1 eb 04 48 83 ce ff 48 8b 84
0x000000006c3f4da2:   24 a0 00 00 00 48 8b 40 08 48 8b 3c 03 48 8b cf
0x000000006c3f4db2:   48 8b 07 ff 50 28 4c 8d 05 41 b2 bd ff 48 63 50
0x000000006c3f4dc2:   10 4c 8b d8 48 8b ca 48 c1 e1 05 42 80 bc 01 c0 


Register to memory mapping:

RAX=0x000000005d306a08 is an unknown value
RBX=0x0000000000000600 is an unknown value
RCX=0x0000000000000000 is an unknown value
RDX=0x000000005c3ef3d0 is an unknown value
RSP=0x0000000056a8c100 is pointing into the stack for thread: 0x00000000563e0000
RBP=0x00000000000000c0 is an unknown value
RSI=0x00000000000000b8 is an unknown value
RDI=0x0000000000000000 is an unknown value
R8 =0x000000006bfd0000 is an unknown value
R9 =0x0000000056a8c420 is pointing into the stack for thread: 0x00000000563e0000
R10=0x00000000ffffffff is an unknown value
R11=0x00000000563e3880 is an unknown value
R12=0x000000005d307110 is an unknown value
R13=0x0000000057f8b808 is an unknown value
R14=0x0000000000000008 is an unknown value
R15=0x0000000057f8b808 is an unknown value


Stack: [0x0000000056990000,0x0000000056a90000],  sp=0x0000000056a8c100,  free space=1008k
Native frames: (J=compiled Java code, j=interpreted, Vv=VM code, C=native code)
V  [jvm.dll+0x424db2]
V  [jvm.dll+0x42598d]
V  [jvm.dll+0x425ecf]
V  [jvm.dll+0x4c5a84]
V  [jvm.dll+0x4415bc]
V  [jvm.dll+0x443a29]
V  [jvm.dll+0x427722]
V  [jvm.dll+0x96982]
V  [jvm.dll+0x97173]
V  [jvm.dll+0x2234b4]
V  [jvm.dll+0x27bcca]
C  [msvcr100.dll+0x21d9f]
C  [msvcr100.dll+0x21e3b]
C  [kernel32.dll+0x159ed]
C  [ntdll.dll+0x2c541]


Current CompileTask:
C2:  28075 5857       4       groovy.lang.MetaClassImpl::findPropertyMethod (356 bytes)


---------------  P R O C E S S  ---------------

Java Threads: ( => current thread )
  0x000000005809e800 JavaThread "net.sf.ehcache.CacheManager@41948141" daemon [_thread_blocked, id=9640, stack(0x000000005e8e0000,0x000000005e9e0000)]
  0x000000005809c000 JavaThread "PoolCleaner[1543043602:1428094725509]" daemon [_thread_blocked, id=9084, stack(0x000000005cae0000,0x000000005cbe0000)]
  0x00000000599a5000 JavaThread "FileSystemWatcher: files=#122 cl=groovy.lang.GroovyClassLoader@5bf8fa12" daemon [_thread_blocked, id=4028, stack(0x000000005ada0000,0x000000005aea0000)]
  0x0000000059915000 JavaThread "localhost-startStop-1" daemon [_thread_in_native, id=5264, stack(0x000000005abc0000,0x000000005acc0000)]
  0x000000005760f000 JavaThread "Tomcat-startStop-1" daemon [_thread_blocked, id=9024, stack(0x0000000059f50000,0x000000005a050000)]
  0x000000005819c800 JavaThread "Thread-3" [_thread_in_native, id=9784, stack(0x0000000057660000,0x0000000057760000)]
  0x000000005815c000 JavaThread "Thread-2" [_thread_blocked, id=9604, stack(0x000000005a330000,0x000000005a430000)]
  0x0000000056eda000 JavaThread "NonBlockingInputStreamThread" daemon [_thread_blocked, id=7068, stack(0x0000000057ab0000,0x0000000057bb0000)]
  0x00000000565aa800 JavaThread "Service Thread" daemon [_thread_blocked, id=8772, stack(0x0000000056ae0000,0x0000000056be0000)]
  0x00000000563dd000 JavaThread "C1 CompilerThread2" daemon [_thread_blocked, id=9316, stack(0x0000000056c10000,0x0000000056d10000)]
=>0x00000000563e0000 JavaThread "C2 CompilerThread1" daemon [_thread_in_native, id=4600, stack(0x0000000056990000,0x0000000056a90000)]
  0x00000000563df000 JavaThread "C2 CompilerThread0" daemon [_thread_in_native, id=9356, stack(0x0000000055eb0000,0x0000000055fb0000)]
  0x00000000562e4800 JavaThread "Attach Listener" daemon [_thread_blocked, id=9476, stack(0x0000000056880000,0x0000000056980000)]
  0x0000000054f97800 JavaThread "Signal Dispatcher" daemon [_thread_blocked, id=7536, stack(0x0000000056750000,0x0000000056850000)]
  0x0000000054f31000 JavaThread "Finalizer" daemon [_thread_blocked, id=6768, stack(0x00000000561e0000,0x00000000562e0000)]
  0x0000000054f2b800 JavaThread "Reference Handler" daemon [_thread_blocked, id=9352, stack(0x0000000056040000,0x0000000056140000)]
  0x00000000028fa000 JavaThread "main" [_thread_blocked, id=5852, stack(0x0000000002d10000,0x0000000002e10000)]

Other Threads:
  0x0000000054f28000 VMThread [stack: 0x0000000055d70000,0x0000000055e70000] [id=7648]
  0x00000000565ab800 WatcherThread [stack: 0x0000000056d10000,0x0000000056e10000] [id=9276]

VM state:not at safepoint (normal execution)

VM Mutex/Monitor currently owned by a thread: None

Heap:
 PSYoungGen      total 246784K, used 51030K [0x00000000f0000000, 0x0000000100000000, 0x0000000100000000)
  eden space 231424K, 15% used [0x00000000f0000000,0x00000000f22db878,0x00000000fe200000)
  from space 15360K, 99% used [0x00000000fe200000,0x00000000ff0fa1c0,0x00000000ff100000)
  to   space 15360K, 0% used [0x00000000ff100000,0x00000000ff100000,0x0000000100000000)
 ParOldGen       total 92160K, used 81977K [0x00000000d0000000, 0x00000000d5a00000, 0x00000000f0000000)
  object space 92160K, 88% used [0x00000000d0000000,0x00000000d500e490,0x00000000d5a00000)
 Metaspace       used 58292K, capacity 59890K, committed 60160K, reserved 1101824K
  class space    used 6577K, capacity 7057K, committed 7168K, reserved 1048576K

Card table byte_map: [0x0000000012340000,0x00000000124d0000] byte_map_base: 0x0000000011cc0000

Marking Bits: (ParMarkBitMap*) 0x000000006c7812b0
 Begin Bits: [0x0000000012c20000, 0x0000000013820000)
 End Bits:   [0x0000000013820000, 0x0000000014420000)

Polling page: 0x00000000004a0000

CodeCache: size=245760Kb used=18479Kb max_used=18487Kb free=227280Kb
 bounds [0x0000000002f80000, 0x00000000041a0000, 0x0000000011f80000]
 total_blobs=5977 nmethods=5225 adapters=662
 compilation: enabled

Compilation events (10 events):
Event: 27.977 Thread 0x00000000563dd000 5887       2       sun.reflect.Label::<init> (16 bytes)
Event: 27.977 Thread 0x00000000563dd000 nmethod 5887 0x0000000004182f50 code [0x00000000041830a0, 0x0000000004183270]
Event: 27.977 Thread 0x00000000563dd000 5888       2       sun.reflect.Label::bind (74 bytes)
Event: 27.978 Thread 0x00000000563dd000 nmethod 5888 0x0000000004182810 code [0x00000000041829c0, 0x0000000004182cb8]
Event: 28.005 Thread 0x00000000563e0000 nmethod 5848 0x0000000004192650 code [0x0000000004192a80, 0x0000000004196df8]
Event: 28.005 Thread 0x00000000563e0000 5875       4       org.codehaus.groovy.runtime.metaclass.MetaMethodIndex::isMatchingMethod (68 bytes)
Event: 28.008 Thread 0x00000000563e0000 nmethod 5875 0x0000000004180f10 code [0x0000000004181060, 0x0000000004181198]
Event: 28.008 Thread 0x00000000563e0000 5857       4       groovy.lang.MetaClassImpl::findPropertyMethod (356 bytes)
Event: 28.014 Thread 0x00000000563dd000 5892   !   2       sun.net.www.protocol.jar.JarFileFactory::getCachedJarFile (145 bytes)
Event: 28.016 Thread 0x00000000563dd000 nmethod 5892 0x0000000004181990 code [0x0000000004181ba0, 0x0000000004182198]

GC Heap History (10 events):
Event: 22.783 GC heap before
{Heap before GC invocations=45 (full 5):
 PSYoungGen      total 251904K, used 248212K [0x00000000f0000000, 0x0000000100000000, 0x0000000100000000)
  eden space 243200K, 100% used [0x00000000f0000000,0x00000000fed80000,0x00000000fed80000)
  from space 8704K, 57% used [0x00000000fed80000,0x00000000ff265378,0x00000000ff600000)
  to   space 8704K, 0% used [0x00000000ff780000,0x00000000ff780000,0x0000000100000000)
 ParOldGen       total 77312K, used 62714K [0x00000000d0000000, 0x00000000d4b80000, 0x00000000f0000000)
  object space 77312K, 81% used [0x00000000d0000000,0x00000000d3d3eae0,0x00000000d4b80000)
 Metaspace       used 53088K, capacity 54644K, committed 54912K, reserved 1097728K
  class space    used 5923K, capacity 6414K, committed 6528K, reserved 1048576K
Event: 22.824 GC heap after
Heap after GC invocations=45 (full 5):
 PSYoungGen      total 250368K, used 8643K [0x00000000f0000000, 0x0000000100000000, 0x0000000100000000)
  eden space 241664K, 0% used [0x00000000f0000000,0x00000000f0000000,0x00000000fec00000)
  from space 8704K, 99% used [0x00000000ff780000,0x00000000ffff0d18,0x0000000100000000)
  to   space 10240K, 0% used [0x00000000fec00000,0x00000000fec00000,0x00000000ff600000)
 ParOldGen       total 77312K, used 62722K [0x00000000d0000000, 0x00000000d4b80000, 0x00000000f0000000)
  object space 77312K, 81% used [0x00000000d0000000,0x00000000d3d40ae0,0x00000000d4b80000)
 Metaspace       used 53088K, capacity 54644K, committed 54912K, reserved 1097728K
  class space    used 5923K, capacity 6414K, committed 6528K, reserved 1048576K
}
Event: 24.252 GC heap before
{Heap before GC invocations=46 (full 5):
 PSYoungGen      total 250368K, used 250307K [0x00000000f0000000, 0x0000000100000000, 0x0000000100000000)
  eden space 241664K, 100% used [0x00000000f0000000,0x00000000fec00000,0x00000000fec00000)
  from space 8704K, 99% used [0x00000000ff780000,0x00000000ffff0d18,0x0000000100000000)
  to   space 10240K, 0% used [0x00000000fec00000,0x00000000fec00000,0x00000000ff600000)
 ParOldGen       total 77312K, used 62722K [0x00000000d0000000, 0x00000000d4b80000, 0x00000000f0000000)
  object space 77312K, 81% used [0x00000000d0000000,0x00000000d3d40ae0,0x00000000d4b80000)
 Metaspace       used 54368K, capacity 55990K, committed 56320K, reserved 1099776K
  class space    used 6071K, capacity 6554K, committed 6656K, reserved 1048576K
Event: 24.284 GC heap after
Heap after GC invocations=46 (full 5):
 PSYoungGen      total 251904K, used 10224K [0x00000000f0000000, 0x0000000100000000, 0x0000000100000000)
  eden space 241664K, 0% used [0x00000000f0000000,0x00000000f0000000,0x00000000fec00000)
  from space 10240K, 99% used [0x00000000fec00000,0x00000000ff5fc030,0x00000000ff600000)
  to   space 10240K, 0% used [0x00000000ff600000,0x00000000ff600000,0x0000000100000000)
 ParOldGen       total 77312K, used 68092K [0x00000000d0000000, 0x00000000d4b80000, 0x00000000f0000000)
  object space 77312K, 88% used [0x00000000d0000000,0x00000000d427f1b8,0x00000000d4b80000)
 Metaspace       used 54368K, capacity 55990K, committed 56320K, reserved 1099776K
  class space    used 6071K, capacity 6554K, committed 6656K, reserved 1048576K
}
Event: 24.284 GC heap before
{Heap before GC invocations=47 (full 6):
 PSYoungGen      total 251904K, used 10224K [0x00000000f0000000, 0x0000000100000000, 0x0000000100000000)
  eden space 241664K, 0% used [0x00000000f0000000,0x00000000f0000000,0x00000000fec00000)
  from space 10240K, 99% used [0x00000000fec00000,0x00000000ff5fc030,0x00000000ff600000)
  to   space 10240K, 0% used [0x00000000ff600000,0x00000000ff600000,0x0000000100000000)
 ParOldGen       total 77312K, used 68092K [0x00000000d0000000, 0x00000000d4b80000, 0x00000000f0000000)
  object space 77312K, 88% used [0x00000000d0000000,0x00000000d427f1b8,0x00000000d4b80000)
 Metaspace       used 54368K, capacity 55990K, committed 56320K, reserved 1099776K
  class space    used 6071K, capacity 6554K, committed 6656K, reserved 1048576K
Event: 24.904 GC heap after
Heap after GC invocations=47 (full 6):
 PSYoungGen      total 251904K, used 0K [0x00000000f0000000, 0x0000000100000000, 0x0000000100000000)
  eden space 241664K, 0% used [0x00000000f0000000,0x00000000f0000000,0x00000000fec00000)
  from space 10240K, 0% used [0x00000000fec00000,0x00000000fec00000,0x00000000ff600000)
  to   space 10240K, 0% used [0x00000000ff600000,0x00000000ff600000,0x0000000100000000)
 ParOldGen       total 92160K, used 76720K [0x00000000d0000000, 0x00000000d5a00000, 0x00000000f0000000)
  object space 92160K, 83% used [0x00000000d0000000,0x00000000d4aec258,0x00000000d5a00000)
 Metaspace       used 54368K, capacity 55990K, committed 56320K, reserved 1099776K
  class space    used 6071K, capacity 6554K, committed 6656K, reserved 1048576K
}
Event: 26.799 GC heap before
{Heap before GC invocations=48 (full 6):
 PSYoungGen      total 251904K, used 241664K [0x00000000f0000000, 0x0000000100000000, 0x0000000100000000)
  eden space 241664K, 100% used [0x00000000f0000000,0x00000000fec00000,0x00000000fec00000)
  from space 10240K, 0% used [0x00000000fec00000,0x00000000fec00000,0x00000000ff600000)
  to   space 10240K, 0% used [0x00000000ff600000,0x00000000ff600000,0x0000000100000000)
 ParOldGen       total 92160K, used 76720K [0x00000000d0000000, 0x00000000d5a00000, 0x00000000f0000000)
  object space 92160K, 83% used [0x00000000d0000000,0x00000000d4aec258,0x00000000d5a00000)
 Metaspace       used 56199K, capacity 57782K, committed 57984K, reserved 1099776K
  class space    used 6243K, capacity 6722K, committed 6784K, reserved 1048576K
Event: 26.819 GC heap after
Heap after GC invocations=48 (full 6):
 PSYoungGen      total 241664K, used 10209K [0x00000000f0000000, 0x0000000100000000, 0x0000000100000000)
  eden space 231424K, 0% used [0x00000000f0000000,0x00000000f0000000,0x00000000fe200000)
  from space 10240K, 99% used [0x00000000ff600000,0x00000000ffff85b0,0x0000000100000000)
  to   space 15360K, 0% used [0x00000000fe200000,0x00000000fe200000,0x00000000ff100000)
 ParOldGen       total 92160K, used 78469K [0x00000000d0000000, 0x00000000d5a00000, 0x00000000f0000000)
  object space 92160K, 85% used [0x00000000d0000000,0x00000000d4ca1468,0x00000000d5a00000)
 Metaspace       used 56199K, capacity 57782K, committed 57984K, reserved 1099776K
  class space    used 6243K, capacity 6722K, committed 6784K, reserved 1048576K
}
Event: 27.792 GC heap before
{Heap before GC invocations=49 (full 6):
 PSYoungGen      total 241664K, used 241633K [0x00000000f0000000, 0x0000000100000000, 0x0000000100000000)
  eden space 231424K, 100% used [0x00000000f0000000,0x00000000fe200000,0x00000000fe200000)
  from space 10240K, 99% used [0x00000000ff600000,0x00000000ffff85b0,0x0000000100000000)
  to   space 15360K, 0% used [0x00000000fe200000,0x00000000fe200000,0x00000000ff100000)
 ParOldGen       total 92160K, used 78469K [0x00000000d0000000, 0x00000000d5a00000, 0x00000000f0000000)
  object space 92160K, 85% used [0x00000000d0000000,0x00000000d4ca1468,0x00000000d5a00000)
 Metaspace       used 58066K, capacity 59752K, committed 60032K, reserved 1101824K
  class space    used 6532K, capacity 7038K, committed 7040K, reserved 1048576K
Event: 27.818 GC heap after
Heap after GC invocations=49 (full 6):
 PSYoungGen      total 246784K, used 15336K [0x00000000f0000000, 0x0000000100000000, 0x0000000100000000)
  eden space 231424K, 0% used [0x00000000f0000000,0x00000000f0000000,0x00000000fe200000)
  from space 15360K, 99% used [0x00000000fe200000,0x00000000ff0fa1c0,0x00000000ff100000)
  to   space 15360K, 0% used [0x00000000ff100000,0x00000000ff100000,0x0000000100000000)
 ParOldGen       total 92160K, used 81977K [0x00000000d0000000, 0x00000000d5a00000, 0x00000000f0000000)
  object space 92160K, 88% used [0x00000000d0000000,0x00000000d500e490,0x00000000d5a00000)
 Metaspace       used 58066K, capacity 59752K, committed 60032K, reserved 1101824K
  class space    used 6532K, capacity 7038K, committed 7040K, reserved 1048576K
}

Deoptimization events (10 events):
Event: 27.629 Thread 0x0000000059915000 Uncommon trap: reason=class_check action=maybe_recompile pc=0x00000000034b5b64 method=java.lang.reflect.Executable.getAnnotation(Ljava/lang/Class;)Ljava/lang/annotation/Annotation; @ 19
Event: 27.630 Thread 0x0000000059915000 Uncommon trap: reason=class_check action=maybe_recompile pc=0x00000000034b5b64 method=java.lang.reflect.Executable.getAnnotation(Ljava/lang/Class;)Ljava/lang/annotation/Annotation; @ 19
Event: 27.879 Thread 0x0000000059915000 Uncommon trap: reason=class_check action=maybe_recompile pc=0x0000000004187e00 method=groovy.lang.MetaClassImpl.isGenericGetMethod(Lgroovy/lang/MetaMethod;)Z @ 14
Event: 27.879 Thread 0x0000000059915000 Uncommon trap: reason=class_check action=maybe_recompile pc=0x0000000004187ea4 method=org.codehaus.groovy.runtime.MetaClassHelper.isGenericSetMethod(Lgroovy/lang/MetaMethod;)Z @ 14
Event: 27.879 Thread 0x0000000059915000 Uncommon trap: reason=class_check action=maybe_recompile pc=0x0000000004187e00 method=groovy.lang.MetaClassImpl.isGenericGetMethod(Lgroovy/lang/MetaMethod;)Z @ 14
Event: 27.879 Thread 0x0000000059915000 Uncommon trap: reason=class_check action=maybe_recompile pc=0x0000000004187ea4 method=org.codehaus.groovy.runtime.MetaClassHelper.isGenericSetMethod(Lgroovy/lang/MetaMethod;)Z @ 14
Event: 27.886 Thread 0x0000000059915000 Uncommon trap: reason=class_check action=maybe_recompile pc=0x0000000003431054 method=sun.reflect.generics.factory.CoreReflectionFactory.findTypeVariable(Ljava/lang/String;)Ljava/lang/reflect/TypeVariable; @ 5
Event: 27.886 Thread 0x0000000059915000 Uncommon trap: reason=class_check action=maybe_recompile pc=0x0000000003431054 method=sun.reflect.generics.factory.CoreReflectionFactory.findTypeVariable(Ljava/lang/String;)Ljava/lang/reflect/TypeVariable; @ 5
Event: 27.890 Thread 0x0000000059915000 Uncommon trap: reason=class_check action=maybe_recompile pc=0x0000000003431054 method=sun.reflect.generics.factory.CoreReflectionFactory.findTypeVariable(Ljava/lang/String;)Ljava/lang/reflect/TypeVariable; @ 5
Event: 27.907 Thread 0x0000000059915000 Uncommon trap: reason=unreached action=reinterpret pc=0x0000000004188040 method=org.codehaus.groovy.runtime.metaclass.MetaMethodIndex.isNonRealMethod(Lgroovy/lang/MetaMethod;)Z @ 32

Internal exceptions (10 events):
Event: 28.044 Thread 0x0000000059915000 Exception <a 'java/security/PrivilegedActionException'> (0x00000000f1d24b18) thrown at [C:\re\workspace\8-2-build-windows-amd64-cygwin\jdk8u11\648\hotspot\src\share\vm\prims\jvm.cpp, line 1248]
Event: 28.044 Thread 0x0000000059915000 Exception <a 'java/security/PrivilegedActionException'> (0x00000000f1d33de8) thrown at [C:\re\workspace\8-2-build-windows-amd64-cygwin\jdk8u11\648\hotspot\src\share\vm\prims\jvm.cpp, line 1248]
Event: 28.044 Thread 0x0000000059915000 Exception <a 'java/security/PrivilegedActionException'> (0x00000000f1d554f0) thrown at [C:\re\workspace\8-2-build-windows-amd64-cygwin\jdk8u11\648\hotspot\src\share\vm\prims\jvm.cpp, line 1248]
Event: 28.044 Thread 0x0000000059915000 Exception <a 'java/lang/ClassNotFoundException': org/springframework/validation/AbstractErrorsCustomizer> (0x00000000f1d56410) thrown at [C:\re\workspace\8-2-build-windows-amd64-cygwin\jdk8u11\648\hotspot\src\share\vm\classfile\systemDictionary.cpp, line 2.§go<@
Event: 28.045 Thread 0x0000000059915000 Exception <a 'java/security/PrivilegedActionException'> (0x00000000f1d6ace0) thrown at [C:\re\workspace\8-2-build-windows-amd64-cygwin\jdk8u11\648\hotspot\src\share\vm\prims\jvm.cpp, line 1248]
Event: 28.045 Thread 0x0000000059915000 Exception <a 'java/security/PrivilegedActionException'> (0x00000000f1d6f130) thrown at [C:\re\workspace\8-2-build-windows-amd64-cygwin\jdk8u11\648\hotspot\src\share\vm\prims\jvm.cpp, line 1248]
Event: 28.045 Thread 0x0000000059915000 Exception <a 'java/security/PrivilegedActionException'> (0x00000000f1d7f500) thrown at [C:\re\workspace\8-2-build-windows-amd64-cygwin\jdk8u11\648\hotspot\src\share\vm\prims\jvm.cpp, line 1248]
Event: 28.045 Thread 0x0000000059915000 Exception <a 'java/security/PrivilegedActionException'> (0x00000000f1d93e98) thrown at [C:\re\workspace\8-2-build-windows-amd64-cygwin\jdk8u11\648\hotspot\src\share\vm\prims\jvm.cpp, line 1248]
Event: 28.045 Thread 0x0000000059915000 Exception <a 'java/security/PrivilegedActionException'> (0x00000000f1d982e8) thrown at [C:\re\workspace\8-2-build-windows-amd64-cygwin\jdk8u11\648\hotspot\src\share\vm\prims\jvm.cpp, line 1248]
Event: 28.046 Thread 0x0000000059915000 Exception <a 'java/security/PrivilegedActionException'> (0x00000000f1da86b8) thrown at [C:\re\workspace\8-2-build-windows-amd64-cygwin\jdk8u11\648\hotspot\src\share\vm\prims\jvm.cpp, line 1248]

Events (10 events):
Event: 28.043 loading class org/springframework/validation/AbstractErrorsCustomizer
Event: 28.043 loading class org/springframework/validation/AbstractErrorsCustomizer done
Event: 28.044 loading class org/springframework/validation/AbstractErrorsCustomizer
Event: 28.044 loading class org/springframework/validation/AbstractErrorsCustomizer done
Event: 28.044 loading class org/springframework/validation/AbstractErrorsCustomizer
Event: 28.044 loading class org/springframework/validation/AbstractErrorsCustomizer done
Event: 28.045 loading class org/springframework/validation/AbstractBindingResultCustomizer
Event: 28.045 loading class org/springframework/validation/AbstractBindingResultCustomizer done
Event: 28.045 loading class org/springframework/validation/AbstractBindingResultCustomizer
Event: 28.045 loading class org/springframework/validation/AbstractBindingResultCustomizer done


Dynamic libraries:
0x000000013f680000 - 0x000000013f6b4000 	C:\Program Files\Java\jdk1.8.0_11\bin\java.exe
0x0000000077980000 - 0x0000000077b29000 	C:\Windows\SYSTEM32\ntdll.dll
0x0000000077860000 - 0x000000007797f000 	C:\Windows\system32\kernel32.dll
0x000007fefe140000 - 0x000007fefe1ac000 	C:\Windows\system32\KERNELBASE.dll
0x000007feff400000 - 0x000007feff4db000 	C:\Windows\system32\ADVAPI32.dll
0x000007feffb10000 - 0x000007feffbaf000 	C:\Windows\system32\msvcrt.dll
0x000007feffae0000 - 0x000007feffaff000 	C:\Windows\SYSTEM32\sechost.dll
0x000007fefef40000 - 0x000007feff06d000 	C:\Windows\system32\RPCRT4.dll
0x0000000077280000 - 0x000000007737a000 	C:\Windows\system32\USER32.dll
0x000007feffc20000 - 0x000007feffc87000 	C:\Windows\system32\GDI32.dll
0x000007feffc10000 - 0x000007feffc1e000 	C:\Windows\system32\LPK.dll
0x000007feff560000 - 0x000007feff629000 	C:\Windows\system32\USP10.dll
0x000007fefc3e0000 - 0x000007fefc5d4000 	C:\Windows\WinSxS\amd64_microsoft.windows.common-controls_6595b64144ccf1df_6.0.7601.17514_none_fa396087175ac9ac\COMCTL32.dll
0x000007feff4e0000 - 0x000007feff551000 	C:\Windows\system32\SHLWAPI.dll
0x000007feff110000 - 0x000007feff13e000 	C:\Windows\system32\IMM32.DLL
0x000007feff720000 - 0x000007feff829000 	C:\Windows\system32\MSCTF.dll
0x0000000180000000 - 0x000000018001c000 	C:\Windows\system32\btpload64.dll
0x0000000077b40000 - 0x0000000077b47000 	C:\Windows\system32\PSAPI.DLL
0x0000000000240000 - 0x000000000026c000 	C:\Windows\system32\privman64.dll
0x000007fefdd30000 - 0x000007fefdd3c000 	C:\Windows\system32\VERSION.dll
0x000007fefe1b0000 - 0x000007fefef39000 	C:\Windows\system32\SHELL32.dll
0x000007fefdd10000 - 0x000007fefdd2e000 	C:\Windows\system32\USERENV.dll
0x000007fefdde0000 - 0x000007fefddef000 	C:\Windows\system32\profapi.dll
0x000000006e110000 - 0x000000006e1e2000 	C:\Program Files\Java\jdk1.8.0_11\jre\bin\msvcr100.dll
0x000000006bfd0000 - 0x000000006c7fa000 	C:\Program Files\Java\jdk1.8.0_11\jre\bin\server\jvm.dll
0x000007fefd2c0000 - 0x000007fefd2c9000 	C:\Windows\system32\WSOCK32.dll
0x000007feff6d0000 - 0x000007feff71d000 	C:\Windows\system32\WS2_32.dll
0x000007feffb00000 - 0x000007feffb08000 	C:\Windows\system32\NSI.dll
0x000007fefb930000 - 0x000007fefb96b000 	C:\Windows\system32\WINMM.dll
0x000000006f870000 - 0x000000006f87f000 	C:\Program Files\Java\jdk1.8.0_11\jre\bin\verify.dll
0x000000006f840000 - 0x000000006f868000 	C:\Program Files\Java\jdk1.8.0_11\jre\bin\java.dll
0x000000006f450000 - 0x000000006f473000 	C:\Program Files\Java\jdk1.8.0_11\jre\bin\instrument.dll
0x000000006f800000 - 0x000000006f816000 	C:\Program Files\Java\jdk1.8.0_11\jre\bin\zip.dll
0x000007feff830000 - 0x000007feffa33000 	C:\Windows\system32\ole32.dll
0x000007fefd680000 - 0x000007fefd697000 	C:\Windows\system32\CRYPTSP.dll
0x000007fefd380000 - 0x000007fefd3c7000 	C:\Windows\system32\rsaenh.dll
0x000007fefdce0000 - 0x000007fefdcef000 	C:\Windows\system32\CRYPTBASE.dll
0x000000006e820000 - 0x000000006e83a000 	C:\Program Files\Java\jdk1.8.0_11\jre\bin\net.dll
0x000007fefd620000 - 0x000007fefd675000 	C:\Windows\system32\mswsock.dll
0x000007fefd610000 - 0x000007fefd617000 	C:\Windows\System32\wship6.dll
0x000007fefcd80000 - 0x000007fefcda7000 	C:\Windows\system32\IPHLPAPI.DLL
0x000007fefcd70000 - 0x000007fefcd7b000 	C:\Windows\system32\WINNSI.DLL
0x000007fefb3d0000 - 0x000007fefb3e8000 	C:\Windows\system32\dhcpcsvc.DLL
0x000007fefb3b0000 - 0x000007fefb3c1000 	C:\Windows\system32\dhcpcsvc6.DLL
0x000000006e0c0000 - 0x000000006e0d1000 	C:\Program Files\Java\jdk1.8.0_11\jre\bin\nio.dll
0x000007fef3a50000 - 0x000007fef3a5a000 	C:\Users\rgopal\AppData\Local\Temp\jansi-64-4761061977929272582.dll
0x000000006da50000 - 0x000000006da5d000 	C:\Program Files\Java\jdk1.8.0_11\jre\bin\management.dll
0x000007fefb450000 - 0x000007fefb465000 	C:\Windows\system32\NLAapi.dll
0x000007fefb430000 - 0x000007fefb445000 	C:\Windows\system32\napinsp.dll
0x000007fefb410000 - 0x000007fefb429000 	C:\Windows\system32\pnrpnsp.dll
0x000007fefd4a0000 - 0x000007fefd4fb000 	C:\Windows\system32\DNSAPI.dll
0x000007fefb400000 - 0x000007fefb40b000 	C:\Windows\System32\winrnr.dll
0x000007fefb3f0000 - 0x000007fefb400000 	C:\Windows\system32\wshbth.dll
0x0000000074fa0000 - 0x0000000074fc6000 	C:\Program Files\Bonjour\mdnsNSP.dll
0x000007fefce80000 - 0x000007fefce87000 	C:\Windows\System32\wshtcpip.dll
0x000007fefb340000 - 0x000007fefb348000 	C:\Windows\system32\rasadhlp.dll
0x000007fefb350000 - 0x000007fefb3a3000 	C:\Windows\System32\fwpuclnt.dll
0x000007fef6a90000 - 0x000007fef6bb5000 	C:\Windows\system32\dbghelp.dll

VM Arguments:
jvm_args: -Dfile.encoding=UTF-8 -Xmx768M -Xms64M -Dgrails.fork.parent.process.port=52138 -Dgrails.fork.active=true -Dgrails.build.execution.context=C:\Users\rgopal\AppData\Local\Temp\central1336234499010044895grails-execution-context -Dgrails.home=C:\Users\rgopal\Documents\grails-2.4.4\grails-2.4.4 -javaagent:C:\Users\rgopal\Documents\grails-2.4.4\grails-2.4.4\lib\org.springframework\springloaded\jars\springloaded-1.2.1.RELEASE.jar -Xverify:none -Dspringloaded.synchronize=true -Djdk.reflect.allowGetCallerClass=true -Dspringloaded=profile=grails;cacheDir=C:\Users\rgopal/.grails/2.4.4/ 
java_command: org.grails.plugins.tomcat.fork.ForkedTomcatServer
java_class_path (initial): C:\Program Files\Java\jdk1.8.0_11\lib\tools.jar;C:\Users\rgopal\Documents\grails-2.4.4\grails-2.4.4\lib\org.codehaus.groovy\groovy-all\jars\groovy-all-2.3.7.jar;C:\Users\rgopal\Documents\grails-2.4.4\grails-2.4.4\lib\org.slf4j\jcl-over-slf4j\jars\jcl-over-slf4j-1.7.5.jar;C:\Users\rgopal\Documents\grails-2.4.4\grails-2.4.4\lib\org.codehaus.gant\gant_groovy1.8\jars\gant_groovy1.8-1.9.6.jar;C:\Users\rgopal\Documents\grails-2.4.4\grails-2.4.4\lib\org.apache.tomcat.embed\tomcat-embed-logging-log4j\jars\tomcat-embed-logging-log4j-7.0.50.jar;C:\Users\rgopal\Documents\grails-2.4.4\grails-2.4.4\dist\grails-plugin-log4j-2.4.4.jar;C:\Users\rgopal\Documents\grails-2.4.4\grails-2.4.4\lib\log4j\log4j\jars\log4j-1.2.17.jar;C:\Users\rgopal\Documents\grails-2.4.4\grails-2.4.4\dist\grails-bootstrap-2.4.4.jar;C:\Users\rgopal\Documents\grails-2.4.4\grails-2.4.4\lib\org.slf4j\slf4j-api\jars\slf4j-api-1.7.5.jar;C:\Users\rgopal\Documents\grails-2.4.4\grails-2.4.4\lib\jline\jline\jars\jline-2.12.jar;C:\Users\rgopal\Documents\grails-2.4.4\grails-2.4.4\lib\org.apache.ant\ant\jars\ant-1.8.4.jar;C:\Users\rgopal\Documents\grails-2.4.4\grails-2.4.4\lib\org.apache.ant\ant-launcher\jars\ant-launcher-1.8.4.jar;C:\Users\rgopal\Documents\grails-2.4.4\grails-2.4.4\lib\org.apache.ant\ant-trax\jars\ant-trax-1.7.1.jar;C:\Users\rgopal\Documents\grails-2.4.4\grails-2.4.4\lib\org.apache.ant\ant-junit\jars\ant-junit-1.8.4.jar;C:\Users\rgopal\Documents\grails-2.4.4\grails-2.4.4\lib\org.apache.ivy\ivy\jars\ivy-2.3.0.jar;C:\Users\rgopal\Documents\grails-2.4.4\grails-2.4.4\lib\org.fusesource.jansi\jansi\jars\jansi-1.11.jar;C:\Users\rgopal\.m2\repository\org\apache\tomcat\tomcat-catalina-ant\7.0.55\tomcat-catalina-ant-7.0.55.jar;C:\Users\rgopal\.m2\repository\org\apache\tomcat\embed\tomcat-embed-jasper\7.0.55\tomcat-embed-jasper-7.0.55.jar;C:\Users\rgopal\.m2\repository\org\apache\tomcat\embed\tomcat-embed-el\7.0.55\tomcat-embed-el-7.0.55.jar;C:\Users\rgopal\.m2\repository\org\apache\
Launcher Type: SUN_STANDARD

Environment Variables:
JAVA_HOME=C:\Program Files\Java\jdk1.8.0_11
PATH=C:\Windows\system32;C:\Windows;C:\Windows\System32\Wbem;C:\Windows\System32\WindowsPowerShell\v1.0\;C:\users\rgopal\My Documents\springsource\grails-2.3.5\bin\;c:\Program Files\Java\jdk1.7.0_51\bin\;C:\Program Files (x86)\MiKTeX 2.9\miktex\bin\
USERNAME=rgopal
OS=Windows_NT
PROCESSOR_IDENTIFIER=Intel64 Family 6 Model 37 Stepping 5, GenuineIntel



---------------  S Y S T E M  ---------------

OS: Windows 7 , 64 bit Build 7601 Service Pack 1

CPU:total 4 (2 cores per cpu, 2 threads per core) family 6 model 37 stepping 5, cmov, cx8, fxsr, mmx, sse, sse2, sse3, ssse3, sse4.1, sse4.2, popcnt, aes, clmul, ht, tsc, tscinvbit

Memory: 4k page, physical 8181608k(1868620k free), swap 16361352k(9177956k free)

vm_info: Java HotSpot(TM) 64-Bit Server VM (25.11-b03) for windows-amd64 JRE (1.8.0_11-b12), built on Jun 16 2014 20:57:32 by "java_re" with MS VC++ 10.0 (VS2010)

time: Fri Apr 03 16:58:54 2015
elapsed time: 28 seconds

