#
# A fatal error has been detected by the Java Runtime Environment:
#
#  EXCEPTION_ACCESS_VIOLATION (0xc0000005) at pc=0x0000000063dd4db2, pid=11228, tid=8844
#
# JRE version: Java(TM) SE Runtime Environment (8.0_11-b12) (build 1.8.0_11-b12)
# Java VM: Java HotSpot(TM) 64-Bit Server VM (25.11-b03 mixed mode windows-amd64 compressed oops)
# Problematic frame:
# V  [jvm.dll+0x424db2]
#
# Failed to write core dump. Minidumps are not enabled by default on client versions of Windows
#
# If you would like to submit a bug report, please visit:
#   http://bugreport.sun.com/bugreport/crash.jsp
#

---------------  T H R E A D  ---------------

Current thread (0x0000000056390800):  JavaThread "C2 CompilerThread0" daemon [_thread_in_native, id=8844, stack(0x0000000056aa0000,0x0000000056ba0000)]

siginfo: ExceptionCode=0xc0000005, reading address 0x0000000000000000

Registers:
RAX=0x00000000566715c8, RBX=0x0000000000000600, RCX=0x0000000000000000, RDX=0x00000000584c62b0
RSP=0x0000000056b9c100, RBP=0x00000000000000c0, RSI=0x00000000000000b8, RDI=0x0000000000000000
R8 =0x00000000639b0000, R9 =0x0000000056b9c420, R10=0x00000000ffffffff, R11=0x00000000563a9fa0
R12=0x0000000056671cd0, R13=0x000000005afcbae8, R14=0x0000000000000008, R15=0x000000005afcbae8
RIP=0x0000000063dd4db2, EFLAGS=0x0000000000010206

Top of Stack: (sp=0x0000000056b9c100)
0x0000000056b9c100:   00000000000000da 00000000584c19d0
0x0000000056b9c110:   0000000000000000 0000000059593138
0x0000000056b9c120:   0000000000000001 0000000000000600
0x0000000056b9c130:   0000000000000180 00000000000000c0
0x0000000056b9c140:   00000000563b1bb0 000000005638a250
0x0000000056b9c150:   0000000000000730 00000000584c19d0
0x0000000056b9c160:   0000000056b9c420 000000005666e6a0
0x0000000056b9c170:   0000000000000020 0000000000000009
0x0000000056b9c180:   0000000056671ca0 00000000000000da
0x0000000056b9c190:   000000005afcbae8 0000000063dd598d
0x0000000056b9c1a0:   0000000056671ca0 000000000000001c
0x0000000056b9c1b0:   00000000000000da 0000000056b9c420
0x0000000056b9c1c0:   00000000584c62b0 00000000000000da
0x0000000056b9c1d0:   000000005666e6a0 0000000000000020
0x0000000056b9c1e0:   000000005b8396f8 0000000056b9e790
0x0000000056b9c1f0:   000000005b839d28 0000000056671ca0 

Instructions: (pc=0x0000000063dd4db2)
0x0000000063dd4d92:   c6 48 63 f0 48 03 f1 eb 04 48 83 ce ff 48 8b 84
0x0000000063dd4da2:   24 a0 00 00 00 48 8b 40 08 48 8b 3c 03 48 8b cf
0x0000000063dd4db2:   48 8b 07 ff 50 28 4c 8d 05 41 b2 bd ff 48 63 50
0x0000000063dd4dc2:   10 4c 8b d8 48 8b ca 48 c1 e1 05 42 80 bc 01 c0 


Register to memory mapping:

RAX=0x00000000566715c8 is an unknown value
RBX=0x0000000000000600 is an unknown value
RCX=0x0000000000000000 is an unknown value
RDX=0x00000000584c62b0 is an unknown value
RSP=0x0000000056b9c100 is pointing into the stack for thread: 0x0000000056390800
RBP=0x00000000000000c0 is an unknown value
RSI=0x00000000000000b8 is an unknown value
RDI=0x0000000000000000 is an unknown value
R8 =0x00000000639b0000 is an unknown value
R9 =0x0000000056b9c420 is pointing into the stack for thread: 0x0000000056390800
R10=0x00000000ffffffff is an unknown value
R11=0x00000000563a9fa0 is an unknown value
R12=0x0000000056671cd0 is an unknown value
R13=0x000000005afcbae8 is an unknown value
R14=0x0000000000000008 is an unknown value
R15=0x000000005afcbae8 is an unknown value


Stack: [0x0000000056aa0000,0x0000000056ba0000],  sp=0x0000000056b9c100,  free space=1008k
Native frames: (J=compiled Java code, j=interpreted, Vv=VM code, C=native code)
V  [jvm.dll+0x424db2]
V  [jvm.dll+0x42598d]
V  [jvm.dll+0x425ecf]
V  [jvm.dll+0x4c5a84]
V  [jvm.dll+0x4415bc]
V  [jvm.dll+0x443a29]
V  [jvm.dll+0x427722]
V  [jvm.dll+0x96982]
V  [jvm.dll+0x97173]
V  [jvm.dll+0x2234b4]
V  [jvm.dll+0x27bcca]
C  [msvcr100.dll+0x21d9f]
C  [msvcr100.dll+0x21e3b]
C  [kernel32.dll+0x159ed]
C  [ntdll.dll+0x2c541]


Current CompileTask:
C2:  72488 7790       4       groovy.lang.MetaClassImpl::findPropertyMethod (356 bytes)


---------------  P R O C E S S  ---------------

Java Threads: ( => current thread )
  0x0000000058bf3000 JavaThread "net.sf.ehcache.CacheManager@47ff12f2" daemon [_thread_blocked, id=3572, stack(0x000000005deb0000,0x000000005dfb0000)]
  0x000000005965e000 JavaThread "com.oumuo.SecurityGroup.data" daemon [_thread_blocked, id=6016, stack(0x0000000061340000,0x0000000061440000)]
  0x000000005ba1e000 JavaThread "com.oumuo.Authority.data" daemon [_thread_blocked, id=8356, stack(0x0000000060fb0000,0x00000000610b0000)]
  0x0000000057388800 JavaThread "net.sf.ehcache.CacheManager@29d0888f" daemon [_thread_blocked, id=10924, stack(0x0000000060a10000,0x0000000060b10000)]
  0x0000000059a1a800 JavaThread "PoolCleaner[192694377:1430534919023]" daemon [_thread_blocked, id=8928, stack(0x0000000060000000,0x0000000060100000)]
  0x000000005908a000 JavaThread "FileSystemWatcher: files=#307 cl=groovy.lang.GroovyClassLoader@b7c4869" daemon [_thread_blocked, id=6764, stack(0x000000005c010000,0x000000005c110000)]
  0x000000005860b800 JavaThread "localhost-startStop-1" daemon [_thread_blocked, id=6844, stack(0x000000005ac70000,0x000000005ad70000)]
  0x000000005915c000 JavaThread "Tomcat-startStop-1" daemon [_thread_blocked, id=5500, stack(0x000000005ade0000,0x000000005aee0000)]
  0x0000000057620000 JavaThread "Thread-3" [_thread_in_native, id=6528, stack(0x00000000582b0000,0x00000000583b0000)]
  0x0000000058987000 JavaThread "Thread-2" [_thread_blocked, id=7064, stack(0x0000000057860000,0x0000000057960000)]
  0x000000005738c000 JavaThread "NonBlockingInputStreamThread" daemon [_thread_blocked, id=8268, stack(0x0000000057d80000,0x0000000057e80000)]
  0x00000000564cf800 JavaThread "Service Thread" daemon [_thread_blocked, id=10272, stack(0x0000000056080000,0x0000000056180000)]
  0x000000005638e800 JavaThread "C1 CompilerThread2" daemon [_thread_blocked, id=9132, stack(0x0000000056d50000,0x0000000056e50000)]
  0x0000000056391800 JavaThread "C2 CompilerThread1" daemon [_thread_in_native, id=3960, stack(0x0000000056bb0000,0x0000000056cb0000)]
=>0x0000000056390800 JavaThread "C2 CompilerThread0" daemon [_thread_in_native, id=8844, stack(0x0000000056aa0000,0x0000000056ba0000)]
  0x0000000056294800 JavaThread "Attach Listener" daemon [_thread_blocked, id=8544, stack(0x0000000056920000,0x0000000056a20000)]
  0x0000000054dca800 JavaThread "Signal Dispatcher" daemon [_thread_blocked, id=10460, stack(0x0000000056740000,0x0000000056840000)]
  0x0000000054d64800 JavaThread "Finalizer" daemon [_thread_blocked, id=10564, stack(0x0000000056190000,0x0000000056290000)]
  0x0000000054d5f800 JavaThread "Reference Handler" daemon [_thread_blocked, id=4712, stack(0x0000000055de0000,0x0000000055ee0000)]
  0x000000000297a000 JavaThread "main" [_thread_blocked, id=10812, stack(0x0000000002cf0000,0x0000000002df0000)]

Other Threads:
  0x0000000054d5c000 VMThread [stack: 0x0000000055f10000,0x0000000056010000] [id=8524]
  0x00000000564d2800 WatcherThread [stack: 0x0000000056f00000,0x0000000057000000] [id=5276]

VM state:at safepoint (normal execution)

VM Mutex/Monitor currently owned by a thread:  ([mutex/lock_event])
[0x0000000002978900] Threads_lock - owner thread: 0x0000000054d5c000
[0x0000000002978e00] Heap_lock - owner thread: 0x000000005860b800

Heap:
 PSYoungGen      total 237568K, used 232408K [0x00000000f0000000, 0x0000000100000000, 0x0000000100000000)
  eden space 212992K, 97% used [0x00000000f0000000,0x00000000fcaf6c68,0x00000000fd000000)
  from space 24576K, 99% used [0x00000000fd000000,0x00000000fe7ff6c0,0x00000000fe800000)
  to   space 24576K, 18% used [0x00000000fe800000,0x00000000fec69d58,0x0000000100000000)
 ParOldGen       total 135680K, used 127714K [0x00000000d0000000, 0x00000000d8480000, 0x00000000f0000000)
  object space 135680K, 94% used [0x00000000d0000000,0x00000000d7cb8810,0x00000000d8480000)
 Metaspace       used 73418K, capacity 75560K, committed 75604K, reserved 1116160K
  class space    used 7470K, capacity 8020K, committed 8064K, reserved 1048576K

Card table byte_map: [0x0000000012340000,0x00000000124d0000] byte_map_base: 0x0000000011cc0000

Marking Bits: (ParMarkBitMap*) 0x00000000641612b0
 Begin Bits: [0x0000000012bd0000, 0x00000000137d0000)
 End Bits:   [0x00000000137d0000, 0x00000000143d0000)

Polling page: 0x00000000001b0000

CodeCache: size=245760Kb used=25382Kb max_used=25382Kb free=220377Kb
 bounds [0x0000000002f80000, 0x0000000004890000, 0x0000000011f80000]
 total_blobs=7188 nmethods=6424 adapters=675
 compilation: enabled

Compilation events (10 events):
Event: 72.376 Thread 0x000000005638e800 nmethod 7810 0x00000000044885d0 code [0x00000000044887c0, 0x0000000004488d88]
Event: 72.376 Thread 0x000000005638e800 7811       3       sun.reflect.MethodAccessorGenerator::usesPrimitiveTypes (45 bytes)
Event: 72.376 Thread 0x000000005638e800 nmethod 7811 0x00000000031b7890 code [0x00000000031b7a20, 0x00000000031b7e38]
Event: 72.376 Thread 0x000000005638e800 7812       3       sun.reflect.MethodAccessorGenerator::numNonPrimitiveParameterTypes (36 bytes)
Event: 72.377 Thread 0x000000005638e800 nmethod 7812 0x00000000034d5410 code [0x00000000034d5580, 0x00000000034d58a8]
Event: 72.377 Thread 0x000000005638e800 7813  s    3       sun.reflect.MethodAccessorGenerator::generateName (98 bytes)
Event: 72.378 Thread 0x000000005638e800 nmethod 7813 0x0000000003a2a450 code [0x0000000003a2a700, 0x0000000003a2bbc8]
Event: 72.378 Thread 0x000000005638e800 7814       3       sun.reflect.MethodAccessorGenerator::buildInternalSignature (72 bytes)
Event: 72.379 Thread 0x000000005638e800 nmethod 7814 0x00000000039fdd90 code [0x00000000039fdfc0, 0x00000000039fefe8]
Event: 72.379 Thread 0x000000005638e800 7815       3       sun.reflect.AccessorGenerator::emitCommonConstantPoolEntries (573 bytes)

GC Heap History (10 events):
Event: 60.769 GC heap before
{Heap before GC invocations=56 (full 9):
 PSYoungGen      total 245248K, used 16894K [0x00000000f0000000, 0x0000000100000000, 0x0000000100000000)
  eden space 228352K, 0% used [0x00000000f0000000,0x00000000f0000000,0x00000000fdf00000)
  from space 16896K, 99% used [0x00000000fdf00000,0x00000000fef7fa98,0x00000000fef80000)
  to   space 16896K, 0% used [0x00000000fef80000,0x00000000fef80000,0x0000000100000000)
 ParOldGen       total 119808K, used 110248K [0x00000000d0000000, 0x00000000d7500000, 0x00000000f0000000)
  object space 119808K, 92% used [0x00000000d0000000,0x00000000d6baa0f0,0x00000000d7500000)
 Metaspace       used 67846K, capacity 69776K, committed 70100K, reserved 1112064K
  class space    used 6847K, capacity 7395K, committed 7424K, reserved 1048576K
Event: 62.732 GC heap after
Heap after GC invocations=56 (full 9):
 PSYoungGen      total 245248K, used 6118K [0x00000000f0000000, 0x0000000100000000, 0x0000000100000000)
  eden space 228352K, 0% used [0x00000000f0000000,0x00000000f0000000,0x00000000fdf00000)
  from space 16896K, 36% used [0x00000000fdf00000,0x00000000fe4f9a78,0x00000000fef80000)
  to   space 16896K, 0% used [0x00000000fef80000,0x00000000fef80000,0x0000000100000000)
 ParOldGen       total 135680K, used 119343K [0x00000000d0000000, 0x00000000d8480000, 0x00000000f0000000)
  object space 135680K, 87% used [0x00000000d0000000,0x00000000d748bf80,0x00000000d8480000)
 Metaspace       used 67846K, capacity 69776K, committed 70100K, reserved 1112064K
  class space    used 6847K, capacity 7395K, committed 7424K, reserved 1048576K
}
Event: 64.260 GC heap before
{Heap before GC invocations=57 (full 9):
 PSYoungGen      total 245248K, used 225999K [0x00000000f0000000, 0x0000000100000000, 0x0000000100000000)
  eden space 228352K, 96% used [0x00000000f0000000,0x00000000fd6ba288,0x00000000fdf00000)
  from space 16896K, 36% used [0x00000000fdf00000,0x00000000fe4f9a78,0x00000000fef80000)
  to   space 16896K, 0% used [0x00000000fef80000,0x00000000fef80000,0x0000000100000000)
 ParOldGen       total 135680K, used 119343K [0x00000000d0000000, 0x00000000d8480000, 0x00000000f0000000)
  object space 135680K, 87% used [0x00000000d0000000,0x00000000d748bf80,0x00000000d8480000)
 Metaspace       used 69453K, capacity 71344K, committed 71636K, reserved 1114112K
  class space    used 7014K, capacity 7555K, committed 7680K, reserved 1048576K
Event: 64.534 GC heap after
Heap after GC invocations=57 (full 9):
 PSYoungGen      total 240128K, used 7614K [0x00000000f0000000, 0x0000000100000000, 0x0000000100000000)
  eden space 223232K, 0% used [0x00000000f0000000,0x00000000f0000000,0x00000000fda00000)
  from space 16896K, 45% used [0x00000000fef80000,0x00000000ff6ef9e0,0x0000000100000000)
  to   space 19456K, 0% used [0x00000000fda00000,0x00000000fda00000,0x00000000fed00000)
 ParOldGen       total 135680K, used 123740K [0x00000000d0000000, 0x00000000d8480000, 0x00000000f0000000)
  object space 135680K, 91% used [0x00000000d0000000,0x00000000d78d73d8,0x00000000d8480000)
 Metaspace       used 69453K, capacity 71344K, committed 71636K, reserved 1114112K
  class space    used 7014K, capacity 7555K, committed 7680K, reserved 1048576K
}
Event: 67.817 GC heap before
{Heap before GC invocations=58 (full 9):
 PSYoungGen      total 240128K, used 230846K [0x00000000f0000000, 0x0000000100000000, 0x0000000100000000)
  eden space 223232K, 100% used [0x00000000f0000000,0x00000000fda00000,0x00000000fda00000)
  from space 16896K, 45% used [0x00000000fef80000,0x00000000ff6ef9e0,0x0000000100000000)
  to   space 19456K, 0% used [0x00000000fda00000,0x00000000fda00000,0x00000000fed00000)
 ParOldGen       total 135680K, used 123740K [0x00000000d0000000, 0x00000000d8480000, 0x00000000f0000000)
  object space 135680K, 91% used [0x00000000d0000000,0x00000000d78d73d8,0x00000000d8480000)
 Metaspace       used 70523K, capacity 72438K, committed 72788K, reserved 1114112K
  class space    used 7119K, capacity 7702K, committed 7808K, reserved 1048576K
Event: 68.488 GC heap after
Heap after GC invocations=58 (full 9):
 PSYoungGen      total 240128K, used 16857K [0x00000000f0000000, 0x0000000100000000, 0x0000000100000000)
  eden space 223232K, 0% used [0x00000000f0000000,0x00000000f0000000,0x00000000fda00000)
  from space 16896K, 99% used [0x00000000fda00000,0x00000000fea76748,0x00000000fea80000)
  to   space 21504K, 0% used [0x00000000feb00000,0x00000000feb00000,0x0000000100000000)
 ParOldGen       total 135680K, used 123748K [0x00000000d0000000, 0x00000000d8480000, 0x00000000f0000000)
  object space 135680K, 91% used [0x00000000d0000000,0x00000000d78d93d8,0x00000000d8480000)
 Metaspace       used 70523K, capacity 72438K, committed 72788K, reserved 1114112K
  class space    used 7119K, capacity 7702K, committed 7808K, reserved 1048576K
}
Event: 69.988 GC heap before
{Heap before GC invocations=59 (full 9):
 PSYoungGen      total 240128K, used 234685K [0x00000000f0000000, 0x0000000100000000, 0x0000000100000000)
  eden space 223232K, 97% used [0x00000000f0000000,0x00000000fd4b8e98,0x00000000fda00000)
  from space 16896K, 99% used [0x00000000fda00000,0x00000000fea76748,0x00000000fea80000)
  to   space 21504K, 0% used [0x00000000feb00000,0x00000000feb00000,0x0000000100000000)
 ParOldGen       total 135680K, used 123748K [0x00000000d0000000, 0x00000000d8480000, 0x00000000f0000000)
  object space 135680K, 91% used [0x00000000d0000000,0x00000000d78d93d8,0x00000000d8480000)
 Metaspace       used 71116K, capacity 73090K, committed 73300K, reserved 1114112K
  class space    used 7165K, capacity 7751K, committed 7808K, reserved 1048576K
Event: 70.029 GC heap after
Heap after GC invocations=59 (full 9):
 PSYoungGen      total 234496K, used 19264K [0x00000000f0000000, 0x0000000100000000, 0x0000000100000000)
  eden space 212992K, 0% used [0x00000000f0000000,0x00000000f0000000,0x00000000fd000000)
  from space 21504K, 89% used [0x00000000feb00000,0x00000000ffdd0380,0x0000000100000000)
  to   space 24576K, 0% used [0x00000000fd000000,0x00000000fd000000,0x00000000fe800000)
 ParOldGen       total 135680K, used 123756K [0x00000000d0000000, 0x00000000d8480000, 0x00000000f0000000)
  object space 135680K, 91% used [0x00000000d0000000,0x00000000d78db3d8,0x00000000d8480000)
 Metaspace       used 71116K, capacity 73090K, committed 73300K, reserved 1114112K
  class space    used 7165K, capacity 7751K, committed 7808K, reserved 1048576K
}
Event: 70.906 GC heap before
{Heap before GC invocations=60 (full 9):
 PSYoungGen      total 234496K, used 230640K [0x00000000f0000000, 0x0000000100000000, 0x0000000100000000)
  eden space 212992K, 99% used [0x00000000f0000000,0x00000000fce6bfe8,0x00000000fd000000)
  from space 21504K, 89% used [0x00000000feb00000,0x00000000ffdd0380,0x0000000100000000)
  to   space 24576K, 0% used [0x00000000fd000000,0x00000000fd000000,0x00000000fe800000)
 ParOldGen       total 135680K, used 123756K [0x00000000d0000000, 0x00000000d8480000, 0x00000000f0000000)
  object space 135680K, 91% used [0x00000000d0000000,0x00000000d78db3d8,0x00000000d8480000)
 Metaspace       used 72772K, capacity 74852K, committed 74964K, reserved 1116160K
  class space    used 7368K, capacity 7920K, committed 7936K, reserved 1048576K
Event: 71.225 GC heap after
Heap after GC invocations=60 (full 9):
 PSYoungGen      total 237568K, used 24573K [0x00000000f0000000, 0x0000000100000000, 0x0000000100000000)
  eden space 212992K, 0% used [0x00000000f0000000,0x00000000f0000000,0x00000000fd000000)
  from space 24576K, 99% used [0x00000000fd000000,0x00000000fe7ff6c0,0x00000000fe800000)
  to   space 24576K, 0% used [0x00000000fe800000,0x00000000fe800000,0x0000000100000000)
 ParOldGen       total 135680K, used 124578K [0x00000000d0000000, 0x00000000d8480000, 0x00000000f0000000)
  object space 135680K, 91% used [0x00000000d0000000,0x00000000d79a8868,0x00000000d8480000)
 Metaspace       used 72772K, capacity 74852K, committed 74964K, reserved 1116160K
  class space    used 7368K, capacity 7920K, committed 7936K, reserved 1048576K
}

Deoptimization events (10 events):
Event: 69.969 Thread 0x000000005860b800 Uncommon trap: reason=bimorphic action=maybe_recompile pc=0x00000000045e1bf4 method=sl.org.objectweb.asm.MethodVisitor.visitTryCatchBlock(Lsl/org/objectweb/asm/Label;Lsl/org/objectweb/asm/Label;Lsl/org/objectweb/asm/Label;Ljava/lang/String;)V @ 16
Event: 70.148 Thread 0x000000005860b800 Uncommon trap: reason=class_check action=maybe_recompile pc=0x00000000046167d8 method=org.springsource.loaded.TypeRegistry.getDescriptorFor(Ljava/lang/String;)Lorg/springsource/loaded/TypeDescriptor; @ 19
Event: 70.175 Thread 0x000000005860b800 Uncommon trap: reason=bimorphic action=maybe_recompile pc=0x00000000045e1bf4 method=sl.org.objectweb.asm.MethodVisitor.visitTryCatchBlock(Lsl/org/objectweb/asm/Label;Lsl/org/objectweb/asm/Label;Lsl/org/objectweb/asm/Label;Ljava/lang/String;)V @ 16
Event: 70.233 Thread 0x000000005860b800 Uncommon trap: reason=bimorphic action=maybe_recompile pc=0x00000000045e1bf4 method=sl.org.objectweb.asm.MethodVisitor.visitTryCatchBlock(Lsl/org/objectweb/asm/Label;Lsl/org/objectweb/asm/Label;Lsl/org/objectweb/asm/Label;Ljava/lang/String;)V @ 16
Event: 70.768 Thread 0x000000005860b800 Uncommon trap: reason=class_check action=maybe_recompile pc=0x00000000046167d8 method=org.springsource.loaded.TypeRegistry.getDescriptorFor(Ljava/lang/String;)Lorg/springsource/loaded/TypeDescriptor; @ 19
Event: 72.168 Thread 0x000000005860b800 Uncommon trap: reason=unreached action=reinterpret pc=0x0000000003a833c8 method=groovy.lang.ExpandoMetaClass.hasOverrideGetProperty(Ljava/lang/String;)Z @ 4
Event: 72.358 Thread 0x000000005860b800 Uncommon trap: reason=unreached action=reinterpret pc=0x00000000044e5ac8 method=groovy.lang.MetaClassImpl.invokeMethod(Ljava/lang/Class;Ljava/lang/Object;Ljava/lang/String;[Ljava/lang/Object;ZZ)Ljava/lang/Object; @ 789
Event: 72.363 Thread 0x000000005860b800 Uncommon trap: reason=class_check action=maybe_recompile pc=0x0000000003d69ddc method=groovy.lang.MetaClassImpl.checkIfStdMethod(Lgroovy/lang/MetaMethod;)V @ 123
Event: 72.363 Thread 0x000000005860b800 Uncommon trap: reason=class_check action=maybe_recompile pc=0x0000000003d69dc0 method=groovy.lang.MetaClassImpl.checkIfStdMethod(Lgroovy/lang/MetaMethod;)V @ 60
Event: 72.363 Thread 0x000000005860b800 Uncommon trap: reason=class_check action=maybe_recompile pc=0x0000000003d69dc0 method=groovy.lang.MetaClassImpl.checkIfStdMethod(Lgroovy/lang/MetaMethod;)V @ 60

Internal exceptions (10 events):
Event: 72.366 Thread 0x000000005860b800 Exception <a 'java/security/PrivilegedActionException'> (0x00000000fc518d48) thrown at [C:\re\workspace\8-2-build-windows-amd64-cygwin\jdk8u11\648\hotspot\src\share\vm\prims\jvm.cpp, line 1248]
Event: 72.366 Thread 0x000000005860b800 Exception <a 'java/lang/ClassNotFoundException': org/codehaus/groovy/grails/commons/metaclass/MetaClassEnhancer$1BeanInfo> (0x00000000fc519c88) thrown at [C:\re\workspace\8-2-build-windows-amd64-cygwin\jdk8u11\648\hotspot\src\share\vm\classfile\systemDictiÒ¿«voR@
Event: 72.366 Thread 0x000000005860b800 Exception <a 'java/security/PrivilegedActionException'> (0x00000000fc51af88) thrown at [C:\re\workspace\8-2-build-windows-amd64-cygwin\jdk8u11\648\hotspot\src\share\vm\prims\jvm.cpp, line 1248]
Event: 72.366 Thread 0x000000005860b800 Exception <a 'java/security/PrivilegedActionException'> (0x00000000fc51faa8) thrown at [C:\re\workspace\8-2-build-windows-amd64-cygwin\jdk8u11\648\hotspot\src\share\vm\prims\jvm.cpp, line 1248]
Event: 72.367 Thread 0x000000005860b800 Exception <a 'java/security/PrivilegedActionException'> (0x00000000fc532560) thrown at [C:\re\workspace\8-2-build-windows-amd64-cygwin\jdk8u11\648\hotspot\src\share\vm\prims\jvm.cpp, line 1248]
Event: 72.367 Thread 0x000000005860b800 Exception <a 'java/security/PrivilegedActionException'> (0x00000000fc54a5b0) thrown at [C:\re\workspace\8-2-build-windows-amd64-cygwin\jdk8u11\648\hotspot\src\share\vm\prims\jvm.cpp, line 1248]
Event: 72.367 Thread 0x000000005860b800 Exception <a 'java/security/PrivilegedActionException'> (0x00000000fc54f0d0) thrown at [C:\re\workspace\8-2-build-windows-amd64-cygwin\jdk8u11\648\hotspot\src\share\vm\prims\jvm.cpp, line 1248]
Event: 72.368 Thread 0x000000005860b800 Exception <a 'java/security/PrivilegedActionException'> (0x00000000fc561b88) thrown at [C:\re\workspace\8-2-build-windows-amd64-cygwin\jdk8u11\648\hotspot\src\share\vm\prims\jvm.cpp, line 1248]
Event: 72.368 Thread 0x000000005860b800 Exception <a 'java/security/PrivilegedActionException'> (0x00000000fc58b6b8) thrown at [C:\re\workspace\8-2-build-windows-amd64-cygwin\jdk8u11\648\hotspot\src\share\vm\prims\jvm.cpp, line 1248]
Event: 72.368 Thread 0x000000005860b800 Exception <a 'java/lang/ClassNotFoundException': org/codehaus/groovy/grails/commons/metaclass/MetaClassEnhancer$1Customizer> (0x00000000fc58c600) thrown at [C:\re\workspace\8-2-build-windows-amd64-cygwin\jdk8u11\648\hotspot\src\share\vm\classfile\systemDic‰TWlR@

Events (10 events):
Event: 72.365 loading class org/codehaus/groovy/grails/commons/metaclass/MetaClassEnhancer$1BeanInfo
Event: 72.365 loading class org/codehaus/groovy/grails/commons/metaclass/MetaClassEnhancer$1BeanInfo done
Event: 72.366 loading class org/codehaus/groovy/grails/commons/metaclass/MetaClassEnhancer$1BeanInfo
Event: 72.366 loading class org/codehaus/groovy/grails/commons/metaclass/MetaClassEnhancer$1BeanInfo done
Event: 72.366 loading class org/codehaus/groovy/grails/commons/metaclass/MetaClassEnhancer$1Customizer
Event: 72.366 loading class org/codehaus/groovy/grails/commons/metaclass/MetaClassEnhancer$1Customizer done
Event: 72.367 loading class org/codehaus/groovy/grails/commons/metaclass/MetaClassEnhancer$1Customizer
Event: 72.367 loading class org/codehaus/groovy/grails/commons/metaclass/MetaClassEnhancer$1Customizer done
Event: 72.368 loading class org/codehaus/groovy/grails/commons/metaclass/MetaClassEnhancer$1Customizer
Event: 72.368 loading class org/codehaus/groovy/grails/commons/metaclass/MetaClassEnhancer$1Customizer done


Dynamic libraries:
0x000000013f340000 - 0x000000013f374000 	C:\Program Files\Java\jdk1.8.0_11\bin\java.exe
0x0000000076e80000 - 0x0000000077029000 	C:\Windows\SYSTEM32\ntdll.dll
0x0000000076c60000 - 0x0000000076d7f000 	C:\Windows\system32\kernel32.dll
0x000007fefd390000 - 0x000007fefd3fc000 	C:\Windows\system32\KERNELBASE.dll
0x000007fefd6c0000 - 0x000007fefd79b000 	C:\Windows\system32\ADVAPI32.dll
0x000007fefe610000 - 0x000007fefe6af000 	C:\Windows\system32\msvcrt.dll
0x000007fefeb60000 - 0x000007fefeb7f000 	C:\Windows\SYSTEM32\sechost.dll
0x000007fefedb0000 - 0x000007fefeedd000 	C:\Windows\system32\RPCRT4.dll
0x0000000076d80000 - 0x0000000076e7a000 	C:\Windows\system32\USER32.dll
0x000007fefed10000 - 0x000007fefed77000 	C:\Windows\system32\GDI32.dll
0x000007fefd6b0000 - 0x000007fefd6be000 	C:\Windows\system32\LPK.dll
0x000007fefeee0000 - 0x000007fefefa9000 	C:\Windows\system32\USP10.dll
0x000007fefb8e0000 - 0x000007fefbad4000 	C:\Windows\WinSxS\amd64_microsoft.windows.common-controls_6595b64144ccf1df_6.0.7601.17514_none_fa396087175ac9ac\COMCTL32.dll
0x000007fefe580000 - 0x000007fefe5f1000 	C:\Windows\system32\SHLWAPI.dll
0x000007fefed80000 - 0x000007fefedae000 	C:\Windows\system32\IMM32.DLL
0x000007fefeb80000 - 0x000007fefec89000 	C:\Windows\system32\MSCTF.dll
0x0000000180000000 - 0x000000018001c000 	C:\Windows\system32\btpload64.dll
0x0000000077050000 - 0x0000000077057000 	C:\Windows\system32\PSAPI.DLL
0x0000000000140000 - 0x000000000016c000 	C:\Windows\system32\privman64.dll
0x000007fefd230000 - 0x000007fefd23c000 	C:\Windows\system32\VERSION.dll
0x000007fefd7f0000 - 0x000007fefe579000 	C:\Windows\system32\SHELL32.dll
0x000007fefd210000 - 0x000007fefd22e000 	C:\Windows\system32\USERENV.dll
0x000007fefd2e0000 - 0x000007fefd2ef000 	C:\Windows\system32\profapi.dll
0x0000000064d70000 - 0x0000000064e42000 	C:\Program Files\Java\jdk1.8.0_11\jre\bin\msvcr100.dll
0x00000000639b0000 - 0x00000000641da000 	C:\Program Files\Java\jdk1.8.0_11\jre\bin\server\jvm.dll
0x000007fefc7c0000 - 0x000007fefc7c9000 	C:\Windows\system32\WSOCK32.dll
0x000007fefd7a0000 - 0x000007fefd7ed000 	C:\Windows\system32\WS2_32.dll
0x000007fefe600000 - 0x000007fefe608000 	C:\Windows\system32\NSI.dll
0x000007fefae20000 - 0x000007fefae5b000 	C:\Windows\system32\WINMM.dll
0x000000006a0c0000 - 0x000000006a0cf000 	C:\Program Files\Java\jdk1.8.0_11\jre\bin\verify.dll
0x0000000064d00000 - 0x0000000064d28000 	C:\Program Files\Java\jdk1.8.0_11\jre\bin\java.dll
0x0000000058430000 - 0x0000000058453000 	C:\Program Files\Java\jdk1.8.0_11\jre\bin\instrument.dll
0x000000006afe0000 - 0x000000006aff6000 	C:\Program Files\Java\jdk1.8.0_11\jre\bin\zip.dll
0x000007fefe6b0000 - 0x000007fefe8b3000 	C:\Windows\system32\ole32.dll
0x000007fefcb80000 - 0x000007fefcb97000 	C:\Windows\system32\CRYPTSP.dll
0x000007fefc880000 - 0x000007fefc8c7000 	C:\Windows\system32\rsaenh.dll
0x000007fefd1e0000 - 0x000007fefd1ef000 	C:\Windows\system32\CRYPTBASE.dll
0x0000000064630000 - 0x000000006464a000 	C:\Program Files\Java\jdk1.8.0_11\jre\bin\net.dll
0x000007fefcb20000 - 0x000007fefcb75000 	C:\Windows\system32\mswsock.dll
0x000007fefcb10000 - 0x000007fefcb17000 	C:\Windows\System32\wship6.dll
0x000007fefc280000 - 0x000007fefc2a7000 	C:\Windows\system32\IPHLPAPI.DLL
0x000007fefc270000 - 0x000007fefc27b000 	C:\Windows\system32\WINNSI.DLL
0x000007fefa8b0000 - 0x000007fefa8c8000 	C:\Windows\system32\dhcpcsvc.DLL
0x000007fefa840000 - 0x000007fefa851000 	C:\Windows\system32\dhcpcsvc6.DLL
0x0000000060c30000 - 0x0000000060c41000 	C:\Program Files\Java\jdk1.8.0_11\jre\bin\nio.dll
0x000007fefb820000 - 0x000007fefb82a000 	C:\Users\rgopal\AppData\Local\Temp\jansi-64-306272687297035183.dll
0x000000006b3e0000 - 0x000000006b3ed000 	C:\Program Files\Java\jdk1.8.0_11\jre\bin\management.dll
0x000007fefc380000 - 0x000007fefc387000 	C:\Windows\System32\wshtcpip.dll
0x000007fefc9a0000 - 0x000007fefc9fb000 	C:\Windows\system32\DNSAPI.dll
0x00000000744a0000 - 0x00000000744c6000 	C:\Program Files\Bonjour\mdnsNSP.dll
0x000007fefa7d0000 - 0x000007fefa7d8000 	C:\Windows\system32\rasadhlp.dll
0x000007fefa7e0000 - 0x000007fefa833000 	C:\Windows\System32\fwpuclnt.dll
0x000007fefa9a0000 - 0x000007fefa9b5000 	C:\Windows\system32\NLAapi.dll
0x000007fefa910000 - 0x000007fefa925000 	C:\Windows\system32\napinsp.dll
0x000007fefa8f0000 - 0x000007fefa909000 	C:\Windows\system32\pnrpnsp.dll
0x000007fefa8e0000 - 0x000007fefa8eb000 	C:\Windows\System32\winrnr.dll
0x000007fefa8d0000 - 0x000007fefa8e0000 	C:\Windows\system32\wshbth.dll
0x000007fef5730000 - 0x000007fef5855000 	C:\Windows\system32\dbghelp.dll

VM Arguments:
jvm_args: -Dfile.encoding=UTF-8 -Xmx768M -Xms64M -Dgrails.fork.parent.process.port=53938 -Dgrails.fork.active=true -Dgrails.build.execution.context=C:\Users\rgopal\AppData\Local\Temp\central6110245925253183473grails-execution-context -Dgrails.home=C:\Users\rgopal\Documents\grails-2.4.4\grails-2.4.4 -javaagent:C:\Users\rgopal\Documents\grails-2.4.4\grails-2.4.4\lib\org.springframework\springloaded\jars\springloaded-1.2.1.RELEASE.jar -Xverify:none -Dspringloaded.synchronize=true -Djdk.reflect.allowGetCallerClass=true -Dspringloaded=profile=grails;cacheDir=C:\Users\rgopal/.grails/2.4.4/ 
java_command: org.grails.plugins.tomcat.fork.ForkedTomcatServer
java_class_path (initial): C:\Program Files\Java\jdk1.8.0_11\lib\tools.jar;C:\Users\rgopal\Documents\grails-2.4.4\grails-2.4.4\lib\org.codehaus.groovy\groovy-all\jars\groovy-all-2.3.7.jar;C:\Users\rgopal\Documents\grails-2.4.4\grails-2.4.4\lib\org.slf4j\jcl-over-slf4j\jars\jcl-over-slf4j-1.7.5.jar;C:\Users\rgopal\Documents\grails-2.4.4\grails-2.4.4\lib\org.codehaus.gant\gant_groovy1.8\jars\gant_groovy1.8-1.9.6.jar;C:\Users\rgopal\Documents\grails-2.4.4\grails-2.4.4\lib\org.apache.tomcat.embed\tomcat-embed-logging-log4j\jars\tomcat-embed-logging-log4j-7.0.50.jar;C:\Users\rgopal\Documents\grails-2.4.4\grails-2.4.4\dist\grails-plugin-log4j-2.4.4.jar;C:\Users\rgopal\Documents\grails-2.4.4\grails-2.4.4\lib\log4j\log4j\jars\log4j-1.2.17.jar;C:\Users\rgopal\Documents\grails-2.4.4\grails-2.4.4\dist\grails-bootstrap-2.4.4.jar;C:\Users\rgopal\Documents\grails-2.4.4\grails-2.4.4\lib\org.slf4j\slf4j-api\jars\slf4j-api-1.7.5.jar;C:\Users\rgopal\Documents\grails-2.4.4\grails-2.4.4\lib\jline\jline\jars\jline-2.12.jar;C:\Users\rgopal\Documents\grails-2.4.4\grails-2.4.4\lib\org.apache.ant\ant\jars\ant-1.8.4.jar;C:\Users\rgopal\Documents\grails-2.4.4\grails-2.4.4\lib\org.apache.ant\ant-launcher\jars\ant-launcher-1.8.4.jar;C:\Users\rgopal\Documents\grails-2.4.4\grails-2.4.4\lib\org.apache.ant\ant-trax\jars\ant-trax-1.7.1.jar;C:\Users\rgopal\Documents\grails-2.4.4\grails-2.4.4\lib\org.apache.ant\ant-junit\jars\ant-junit-1.8.4.jar;C:\Users\rgopal\Documents\grails-2.4.4\grails-2.4.4\lib\org.apache.ivy\ivy\jars\ivy-2.3.0.jar;C:\Users\rgopal\Documents\grails-2.4.4\grails-2.4.4\lib\org.fusesource.jansi\jansi\jars\jansi-1.11.jar;C:\Users\rgopal\.m2\repository\org\apache\tomcat\tomcat-catalina-ant\7.0.55\tomcat-catalina-ant-7.0.55.jar;C:\Users\rgopal\.m2\repository\org\apache\tomcat\embed\tomcat-embed-jasper\7.0.55\tomcat-embed-jasper-7.0.55.jar;C:\Users\rgopal\.m2\repository\org\apache\tomcat\embed\tomcat-embed-el\7.0.55\tomcat-embed-el-7.0.55.jar;C:\Users\rgopal\.m2\repository\org\apache\
Launcher Type: SUN_STANDARD

Environment Variables:
JAVA_HOME=C:\Program Files\Java\jdk1.8.0_11
PATH=C:\Windows\system32;C:\Windows;C:\Windows\System32\Wbem;C:\Windows\System32\WindowsPowerShell\v1.0\;C:\users\rgopal\My Documents\springsource\grails-2.3.5\bin\;c:\Program Files\Java\jdk1.7.0_51\bin\;C:\Program Files (x86)\MiKTeX 2.9\miktex\bin\
USERNAME=rgopal
OS=Windows_NT
PROCESSOR_IDENTIFIER=Intel64 Family 6 Model 37 Stepping 5, GenuineIntel



---------------  S Y S T E M  ---------------

OS: Windows 7 , 64 bit Build 7601 Service Pack 1

CPU:total 4 (2 cores per cpu, 2 threads per core) family 6 model 37 stepping 5, cmov, cx8, fxsr, mmx, sse, sse2, sse3, ssse3, sse4.1, sse4.2, popcnt, aes, clmul, ht, tsc, tscinvbit

Memory: 4k page, physical 8181608k(1059936k free), swap 16361352k(6731108k free)

vm_info: Java HotSpot(TM) 64-Bit Server VM (25.11-b03) for windows-amd64 JRE (1.8.0_11-b12), built on Jun 16 2014 20:57:32 by "java_re" with MS VC++ 10.0 (VS2010)

time: Fri May 01 22:49:02 2015
elapsed time: 72 seconds

