#
# A fatal error has been detected by the Java Runtime Environment:
#
#  EXCEPTION_ACCESS_VIOLATION (0xc0000005) at pc=0x0000000063dd4db2, pid=9540, tid=6836
#
# JRE version: Java(TM) SE Runtime Environment (8.0_11-b12) (build 1.8.0_11-b12)
# Java VM: Java HotSpot(TM) 64-Bit Server VM (25.11-b03 mixed mode windows-amd64 compressed oops)
# Problematic frame:
# V  [jvm.dll+0x424db2]
#
# Failed to write core dump. Minidumps are not enabled by default on client versions of Windows
#
# If you would like to submit a bug report, please visit:
#   http://bugreport.sun.com/bugreport/crash.jsp
#

---------------  T H R E A D  ---------------

Current thread (0x000000005623b000):  JavaThread "C2 CompilerThread0" daemon [_thread_in_native, id=6836, stack(0x0000000056830000,0x0000000056930000)]

siginfo: ExceptionCode=0xc0000005, reading address 0x0000000000000000

Registers:
RAX=0x000000005b3d8a38, RBX=0x0000000000000600, RCX=0x0000000000000000, RDX=0x000000005ae39250
RSP=0x000000005692bfb0, RBP=0x00000000000000c0, RSI=0x00000000000000b8, RDI=0x0000000000000000
R8 =0x00000000639b0000, R9 =0x000000005692c2d0, R10=0x00000000ffffffff, R11=0x0000000056242790
R12=0x000000005b3d9150, R13=0x0000000057e8ad58, R14=0x0000000000000008, R15=0x0000000057e8ad58
RIP=0x0000000063dd4db2, EFLAGS=0x0000000000010206

Top of Stack: (sp=0x000000005692bfb0)
0x000000005692bfb0:   00000000000000dc 000000005ae34b30
0x000000005692bfc0:   0000000000000000 00000000586e4940
0x000000005692bfd0:   0000000000000001 0000000000000600
0x000000005692bfe0:   0000000000000180 00000000000000c0
0x000000005692bff0:   00000000591f5c50 000000005623e250
0x000000005692c000:   0000000000000740 000000005ae34b30
0x000000005692c010:   000000005692c2d0 000000005b3d5ac0
0x000000005692c020:   0000000000000020 0000000000000009
0x000000005692c030:   000000005b3d9120 00000000000000dc
0x000000005692c040:   0000000057e8ad58 0000000063dd598d
0x000000005692c050:   000000005b3d9120 000000000000001c
0x000000005692c060:   00000000000000dc 000000005692c2d0
0x000000005692c070:   000000005ae39250 00000000000000dc
0x000000005692c080:   000000005b3d5ac0 0000000000000020
0x000000005692c090:   000000005b27fb28 000000005692e640
0x000000005692c0a0:   000000005b280158 000000005b3d9120 

Instructions: (pc=0x0000000063dd4db2)
0x0000000063dd4d92:   c6 48 63 f0 48 03 f1 eb 04 48 83 ce ff 48 8b 84
0x0000000063dd4da2:   24 a0 00 00 00 48 8b 40 08 48 8b 3c 03 48 8b cf
0x0000000063dd4db2:   48 8b 07 ff 50 28 4c 8d 05 41 b2 bd ff 48 63 50
0x0000000063dd4dc2:   10 4c 8b d8 48 8b ca 48 c1 e1 05 42 80 bc 01 c0 


Register to memory mapping:

RAX=0x000000005b3d8a38 is an unknown value
RBX=0x0000000000000600 is an unknown value
RCX=0x0000000000000000 is an unknown value
RDX=0x000000005ae39250 is an unknown value
RSP=0x000000005692bfb0 is pointing into the stack for thread: 0x000000005623b000
RBP=0x00000000000000c0 is an unknown value
RSI=0x00000000000000b8 is an unknown value
RDI=0x0000000000000000 is an unknown value
R8 =0x00000000639b0000 is an unknown value
R9 =0x000000005692c2d0 is pointing into the stack for thread: 0x000000005623b000
R10=0x00000000ffffffff is an unknown value
R11=0x0000000056242790 is an unknown value
R12=0x000000005b3d9150 is an unknown value
R13=0x0000000057e8ad58 is an unknown value
R14=0x0000000000000008 is an unknown value
R15=0x0000000057e8ad58 is an unknown value


Stack: [0x0000000056830000,0x0000000056930000],  sp=0x000000005692bfb0,  free space=1007k
Native frames: (J=compiled Java code, j=interpreted, Vv=VM code, C=native code)
V  [jvm.dll+0x424db2]
V  [jvm.dll+0x42598d]
V  [jvm.dll+0x425ecf]
V  [jvm.dll+0x4c5a84]
V  [jvm.dll+0x4415bc]
V  [jvm.dll+0x443a29]
V  [jvm.dll+0x427722]
V  [jvm.dll+0x96982]
V  [jvm.dll+0x97173]
V  [jvm.dll+0x2234b4]
V  [jvm.dll+0x27bcca]
C  [msvcr100.dll+0x21d9f]
C  [msvcr100.dll+0x21e3b]
C  [kernel32.dll+0x159ed]
C  [ntdll.dll+0x2c541]


Current CompileTask:
C2:  54046 7486       4       groovy.lang.MetaClassImpl::findPropertyMethod (356 bytes)


---------------  P R O C E S S  ---------------

Java Threads: ( => current thread )
  0x00000000594cd000 JavaThread "net.sf.ehcache.CacheManager@6d677ddc" daemon [_thread_blocked, id=9336, stack(0x00000000615b0000,0x00000000616b0000)]
  0x00000000591c9800 JavaThread "com.oumuo.SecurityGroup.data" daemon [_thread_blocked, id=4016, stack(0x0000000061060000,0x0000000061160000)]
  0x00000000591c8000 JavaThread "com.oumuo.Authority.data" daemon [_thread_blocked, id=9404, stack(0x000000005ea40000,0x000000005eb40000)]
  0x00000000591c7800 JavaThread "net.sf.ehcache.CacheManager@596cbd77" daemon [_thread_blocked, id=6844, stack(0x0000000060c60000,0x0000000060d60000)]
  0x00000000591c6800 JavaThread "PoolCleaner[192694377:1429991302779]" daemon [_thread_blocked, id=10204, stack(0x000000005ffa0000,0x00000000600a0000)]
  0x0000000057d5e800 JavaThread "FileSystemWatcher: files=#302 cl=groovy.lang.GroovyClassLoader@b7c4869" daemon [_thread_blocked, id=7868, stack(0x000000005bc10000,0x000000005bd10000)]
  0x0000000057fa6000 JavaThread "localhost-startStop-1" daemon [_thread_in_vm, id=9228, stack(0x0000000056b70000,0x0000000056c70000)]
  0x0000000057fa1000 JavaThread "Tomcat-startStop-1" daemon [_thread_blocked, id=5312, stack(0x0000000056720000,0x0000000056820000)]
  0x000000005a02f800 JavaThread "Thread-3" [_thread_in_native, id=9324, stack(0x000000005b860000,0x000000005b960000)]
  0x000000005987d000 JavaThread "Thread-2" [_thread_blocked, id=5612, stack(0x000000005a4a0000,0x000000005a5a0000)]
  0x000000005735a800 JavaThread "NonBlockingInputStreamThread" daemon [_thread_blocked, id=8424, stack(0x00000000577c0000,0x00000000578c0000)]
  0x0000000056399000 JavaThread "Service Thread" daemon [_thread_blocked, id=6872, stack(0x0000000056930000,0x0000000056a30000)]
  0x0000000056288000 JavaThread "C1 CompilerThread2" daemon [_thread_blocked, id=8108, stack(0x0000000056c80000,0x0000000056d80000)]
  0x0000000056233800 JavaThread "C2 CompilerThread1" daemon [_thread_in_native, id=8096, stack(0x0000000056a30000,0x0000000056b30000)]
=>0x000000005623b000 JavaThread "C2 CompilerThread0" daemon [_thread_in_native, id=6836, stack(0x0000000056830000,0x0000000056930000)]
  0x0000000056148000 JavaThread "Attach Listener" daemon [_thread_blocked, id=8916, stack(0x00000000565d0000,0x00000000566d0000)]
  0x0000000056145000 JavaThread "Signal Dispatcher" daemon [_thread_blocked, id=8912, stack(0x0000000055b00000,0x0000000055c00000)]
  0x0000000054b91000 JavaThread "Finalizer" daemon [_thread_blocked, id=1760, stack(0x0000000056040000,0x0000000056140000)]
  0x0000000054b8c000 JavaThread "Reference Handler" daemon [_thread_blocked, id=5924, stack(0x0000000055e50000,0x0000000055f50000)]
  0x000000000283a000 JavaThread "main" [_thread_blocked, id=6112, stack(0x0000000002970000,0x0000000002a70000)]

Other Threads:
  0x0000000054b88800 VMThread [stack: 0x0000000055c80000,0x0000000055d80000] [id=5352]
  0x000000005639c000 WatcherThread [stack: 0x0000000056e80000,0x0000000056f80000] [id=2360]

VM state:not at safepoint (normal execution)

VM Mutex/Monitor currently owned by a thread: None

Heap:
 PSYoungGen      total 216576K, used 128365K [0x00000000f0000000, 0x0000000100000000, 0x0000000100000000)
  eden space 184320K, 52% used [0x00000000f0000000,0x00000000f5e57838,0x00000000fb400000)
  from space 32256K, 98% used [0x00000000fb400000,0x00000000fd303c88,0x00000000fd380000)
  to   space 41984K, 0% used [0x00000000fd700000,0x00000000fd700000,0x0000000100000000)
 ParOldGen       total 131072K, used 111687K [0x00000000d0000000, 0x00000000d8000000, 0x00000000f0000000)
  object space 131072K, 85% used [0x00000000d0000000,0x00000000d6d11f50,0x00000000d8000000)
 Metaspace       used 71982K, capacity 74002K, committed 74088K, reserved 1116160K
  class space    used 7463K, capacity 8037K, committed 8040K, reserved 1048576K

Card table byte_map: [0x0000000011f30000,0x00000000120c0000] byte_map_base: 0x00000000118b0000

Marking Bits: (ParMarkBitMap*) 0x00000000641612b0
 Begin Bits: [0x0000000012880000, 0x0000000013480000)
 End Bits:   [0x0000000013480000, 0x0000000014080000)

Polling page: 0x00000000020a0000

CodeCache: size=245760Kb used=25438Kb max_used=25625Kb free=220321Kb
 bounds [0x0000000002b70000, 0x0000000004490000, 0x0000000011b70000]
 total_blobs=7099 nmethods=6335 adapters=675
 compilation: enabled

Compilation events (10 events):
Event: 53.808 Thread 0x0000000056288000 7500       1       org.codehaus.groovy.runtime.metaclass.ClosureMetaMethod$AnonymousMetaMethod::getName (5 bytes)
Event: 53.808 Thread 0x0000000056288000 nmethod 7500 0x0000000002df6210 code [0x0000000002df6360, 0x0000000002df6470]
Event: 53.813 Thread 0x0000000056288000 7501       3       sun.reflect.MethodAccessorGenerator::isInterface (8 bytes)
Event: 53.814 Thread 0x0000000056288000 nmethod 7501 0x0000000003efc290 code [0x0000000003efc400, 0x0000000003efc608]
Event: 53.820 Thread 0x0000000056288000 7502       3       java.util.AbstractList$Itr::<init> (31 bytes)
Event: 53.821 Thread 0x0000000056288000 nmethod 7502 0x0000000004475d10 code [0x0000000004475e80, 0x0000000004476050]
Event: 53.828 Thread 0x0000000056288000 7503       2       groovy.lang.MetaClassImpl::chooseMethodInternal (269 bytes)
Event: 53.830 Thread 0x0000000056288000 nmethod 7503 0x00000000037e4450 code [0x00000000037e46a0, 0x00000000037e5138]
Event: 53.854 Thread 0x000000005623b000 nmethod 7485 0x00000000041df650 code [0x00000000041df9a0, 0x00000000041e2898]
Event: 53.854 Thread 0x000000005623b000 7486       4       groovy.lang.MetaClassImpl::findPropertyMethod (356 bytes)

GC Heap History (10 events):
Event: 48.550 GC heap before
{Heap before GC invocations=59 (full 7):
 PSYoungGen      total 236544K, used 236515K [0x00000000f0000000, 0x0000000100000000, 0x0000000100000000)
  eden space 210944K, 100% used [0x00000000f0000000,0x00000000fce00000,0x00000000fce00000)
  from space 25600K, 99% used [0x00000000fce00000,0x00000000fe6f8f00,0x00000000fe700000)
  to   space 25600K, 0% used [0x00000000fe700000,0x00000000fe700000,0x0000000100000000)
 ParOldGen       total 112128K, used 99753K [0x00000000d0000000, 0x00000000d6d80000, 0x00000000f0000000)
  object space 112128K, 88% used [0x00000000d0000000,0x00000000d616a7c0,0x00000000d6d80000)
 Metaspace       used 68593K, capacity 70438K, committed 70632K, reserved 1112064K
  class space    used 7022K, capacity 7582K, committed 7656K, reserved 1048576K
Event: 48.619 GC heap after
Heap after GC invocations=59 (full 7):
 PSYoungGen      total 221184K, used 25576K [0x00000000f0000000, 0x0000000100000000, 0x0000000100000000)
  eden space 195584K, 0% used [0x00000000f0000000,0x00000000f0000000,0x00000000fbf00000)
  from space 25600K, 99% used [0x00000000fe700000,0x00000000ffffa238,0x0000000100000000)
  to   space 33280K, 0% used [0x00000000fbf00000,0x00000000fbf00000,0x00000000fdf80000)
 ParOldGen       total 112128K, used 102845K [0x00000000d0000000, 0x00000000d6d80000, 0x00000000f0000000)
  object space 112128K, 91% used [0x00000000d0000000,0x00000000d646f608,0x00000000d6d80000)
 Metaspace       used 68593K, capacity 70438K, committed 70632K, reserved 1112064K
  class space    used 7022K, capacity 7582K, committed 7656K, reserved 1048576K
}
Event: 50.373 GC heap before
{Heap before GC invocations=60 (full 7):
 PSYoungGen      total 221184K, used 213264K [0x00000000f0000000, 0x0000000100000000, 0x0000000100000000)
  eden space 195584K, 95% used [0x00000000f0000000,0x00000000fb749f38,0x00000000fbf00000)
  from space 25600K, 99% used [0x00000000fe700000,0x00000000ffffa238,0x0000000100000000)
  to   space 33280K, 0% used [0x00000000fbf00000,0x00000000fbf00000,0x00000000fdf80000)
 ParOldGen       total 112128K, used 102845K [0x00000000d0000000, 0x00000000d6d80000, 0x00000000f0000000)
  object space 112128K, 91% used [0x00000000d0000000,0x00000000d646f608,0x00000000d6d80000)
 Metaspace       used 69496K, capacity 71380K, committed 71784K, reserved 1114112K
  class space    used 7112K, capacity 7669K, committed 7784K, reserved 1048576K
Event: 50.411 GC heap after
Heap after GC invocations=60 (full 7):
 PSYoungGen      total 222720K, used 27082K [0x00000000f0000000, 0x0000000100000000, 0x0000000100000000)
  eden space 195584K, 0% used [0x00000000f0000000,0x00000000f0000000,0x00000000fbf00000)
  from space 27136K, 99% used [0x00000000fbf00000,0x00000000fd972b40,0x00000000fd980000)
  to   space 35840K, 0% used [0x00000000fdd00000,0x00000000fdd00000,0x0000000100000000)
 ParOldGen       total 112128K, used 110039K [0x00000000d0000000, 0x00000000d6d80000, 0x00000000f0000000)
  object space 112128K, 98% used [0x00000000d0000000,0x00000000d6b75dd0,0x00000000d6d80000)
 Metaspace       used 69496K, capacity 71380K, committed 71784K, reserved 1114112K
  class space    used 7112K, capacity 7669K, committed 7784K, reserved 1048576K
}
Event: 50.411 GC heap before
{Heap before GC invocations=61 (full 8):
 PSYoungGen      total 222720K, used 27082K [0x00000000f0000000, 0x0000000100000000, 0x0000000100000000)
  eden space 195584K, 0% used [0x00000000f0000000,0x00000000f0000000,0x00000000fbf00000)
  from space 27136K, 99% used [0x00000000fbf00000,0x00000000fd972b40,0x00000000fd980000)
  to   space 35840K, 0% used [0x00000000fdd00000,0x00000000fdd00000,0x0000000100000000)
 ParOldGen       total 112128K, used 110039K [0x00000000d0000000, 0x00000000d6d80000, 0x00000000f0000000)
  object space 112128K, 98% used [0x00000000d0000000,0x00000000d6b75dd0,0x00000000d6d80000)
 Metaspace       used 69496K, capacity 71380K, committed 71784K, reserved 1114112K
  class space    used 7112K, capacity 7669K, committed 7784K, reserved 1048576K
Event: 51.907 GC heap after
Heap after GC invocations=61 (full 8):
 PSYoungGen      total 222720K, used 23261K [0x00000000f0000000, 0x0000000100000000, 0x0000000100000000)
  eden space 195584K, 0% used [0x00000000f0000000,0x00000000f0000000,0x00000000fbf00000)
  from space 27136K, 85% used [0x00000000fbf00000,0x00000000fd5b74e8,0x00000000fd980000)
  to   space 35840K, 0% used [0x00000000fdd00000,0x00000000fdd00000,0x0000000100000000)
 ParOldGen       total 131072K, used 111679K [0x00000000d0000000, 0x00000000d8000000, 0x00000000f0000000)
  object space 131072K, 85% used [0x00000000d0000000,0x00000000d6d0ff50,0x00000000d8000000)
 Metaspace       used 69485K, capacity 71362K, committed 71784K, reserved 1114112K
  class space    used 7110K, capacity 7666K, committed 7784K, reserved 1048576K
}
Event: 52.892 GC heap before
{Heap before GC invocations=62 (full 8):
 PSYoungGen      total 222720K, used 211266K [0x00000000f0000000, 0x0000000100000000, 0x0000000100000000)
  eden space 195584K, 96% used [0x00000000f0000000,0x00000000fb799378,0x00000000fbf00000)
  from space 27136K, 85% used [0x00000000fbf00000,0x00000000fd5b74e8,0x00000000fd980000)
  to   space 35840K, 0% used [0x00000000fdd00000,0x00000000fdd00000,0x0000000100000000)
 ParOldGen       total 131072K, used 111679K [0x00000000d0000000, 0x00000000d8000000, 0x00000000f0000000)
  object space 131072K, 85% used [0x00000000d0000000,0x00000000d6d0ff50,0x00000000d8000000)
 Metaspace       used 71034K, capacity 72972K, committed 73192K, reserved 1114112K
  class space    used 7329K, capacity 7896K, committed 7912K, reserved 1048576K
Event: 52.973 GC heap after
Heap after GC invocations=62 (full 8):
 PSYoungGen      total 220160K, used 29960K [0x00000000f0000000, 0x0000000100000000, 0x0000000100000000)
  eden space 184320K, 0% used [0x00000000f0000000,0x00000000f0000000,0x00000000fb400000)
  from space 35840K, 83% used [0x00000000fdd00000,0x00000000ffa42148,0x0000000100000000)
  to   space 38912K, 0% used [0x00000000fb400000,0x00000000fb400000,0x00000000fda00000)
 ParOldGen       total 131072K, used 111687K [0x00000000d0000000, 0x00000000d8000000, 0x00000000f0000000)
  object space 131072K, 85% used [0x00000000d0000000,0x00000000d6d11f50,0x00000000d8000000)
 Metaspace       used 71034K, capacity 72972K, committed 73192K, reserved 1114112K
  class space    used 7329K, capacity 7896K, committed 7912K, reserved 1048576K
}
Event: 53.348 GC heap before
{Heap before GC invocations=63 (full 8):
 PSYoungGen      total 220160K, used 214280K [0x00000000f0000000, 0x0000000100000000, 0x0000000100000000)
  eden space 184320K, 100% used [0x00000000f0000000,0x00000000fb400000,0x00000000fb400000)
  from space 35840K, 83% used [0x00000000fdd00000,0x00000000ffa42148,0x0000000100000000)
  to   space 38912K, 0% used [0x00000000fb400000,0x00000000fb400000,0x00000000fda00000)
 ParOldGen       total 131072K, used 111687K [0x00000000d0000000, 0x00000000d8000000, 0x00000000f0000000)
  object space 131072K, 85% used [0x00000000d0000000,0x00000000d6d11f50,0x00000000d8000000)
 Metaspace       used 71424K, capacity 73394K, committed 73576K, reserved 1114112K
  class space    used 7369K, capacity 7929K, committed 8040K, reserved 1048576K
Event: 53.385 GC heap after
Heap after GC invocations=63 (full 8):
 PSYoungGen      total 216576K, used 31759K [0x00000000f0000000, 0x0000000100000000, 0x0000000100000000)
  eden space 184320K, 0% used [0x00000000f0000000,0x00000000f0000000,0x00000000fb400000)
  from space 32256K, 98% used [0x00000000fb400000,0x00000000fd303c88,0x00000000fd380000)
  to   space 41984K, 0% used [0x00000000fd700000,0x00000000fd700000,0x0000000100000000)
 ParOldGen       total 131072K, used 111687K [0x00000000d0000000, 0x00000000d8000000, 0x00000000f0000000)
  object space 131072K, 85% used [0x00000000d0000000,0x00000000d6d11f50,0x00000000d8000000)
 Metaspace       used 71424K, capacity 73394K, committed 73576K, reserved 1114112K
  class space    used 7369K, capacity 7929K, committed 8040K, reserved 1048576K
}

Deoptimization events (10 events):
Event: 52.825 Thread 0x0000000057fa6000 Uncommon trap: reason=unreached action=reinterpret pc=0x00000000035cf728 method=org.springframework.util.ObjectUtils.nullSafeEquals(Ljava/lang/Object;Ljava/lang/Object;)Z @ 8
Event: 52.871 Thread 0x0000000057fa6000 Uncommon trap: reason=bimorphic action=maybe_recompile pc=0x00000000042b5510 method=sl.org.objectweb.asm.MethodVisitor.visitTryCatchBlock(Lsl/org/objectweb/asm/Label;Lsl/org/objectweb/asm/Label;Lsl/org/objectweb/asm/Label;Ljava/lang/String;)V @ 16
Event: 53.002 Thread 0x0000000057fa6000 Uncommon trap: reason=bimorphic action=maybe_recompile pc=0x00000000042b5510 method=sl.org.objectweb.asm.MethodVisitor.visitTryCatchBlock(Lsl/org/objectweb/asm/Label;Lsl/org/objectweb/asm/Label;Lsl/org/objectweb/asm/Label;Ljava/lang/String;)V @ 16
Event: 53.607 Thread 0x0000000057fa6000 Uncommon trap: reason=unreached action=reinterpret pc=0x00000000038ec448 method=groovy.lang.ExpandoMetaClass.hasOverrideGetProperty(Ljava/lang/String;)Z @ 4
Event: 53.794 Thread 0x0000000057fa6000 Uncommon trap: reason=unloaded action=reinterpret pc=0x00000000042fee44 method=org.codehaus.groovy.runtime.metaclass.ClosureMetaMethod.createMethodList(Ljava/lang/String;Ljava/lang/Class;Lgroovy/lang/Closure;)Ljava/util/List; @ 227
Event: 53.834 Thread 0x0000000057fa6000 Uncommon trap: reason=class_check action=maybe_recompile pc=0x0000000003aeaeac method=groovy.lang.MetaClassImpl.isGenericGetMethod(Lgroovy/lang/MetaMethod;)Z @ 14
Event: 53.835 Thread 0x0000000057fa6000 Uncommon trap: reason=class_check action=maybe_recompile pc=0x0000000003aeaeac method=groovy.lang.MetaClassImpl.isGenericGetMethod(Lgroovy/lang/MetaMethod;)Z @ 14
Event: 53.845 Thread 0x0000000057fa6000 Uncommon trap: reason=class_check action=maybe_recompile pc=0x0000000003c7ba78 method=sun.reflect.generics.factory.CoreReflectionFactory.findTypeVariable(Ljava/lang/String;)Ljava/lang/reflect/TypeVariable; @ 5
Event: 53.845 Thread 0x0000000057fa6000 Uncommon trap: reason=class_check action=maybe_recompile pc=0x0000000003c7ba78 method=sun.reflect.generics.factory.CoreReflectionFactory.findTypeVariable(Ljava/lang/String;)Ljava/lang/reflect/TypeVariable; @ 5
Event: 53.853 Thread 0x0000000057fa6000 Uncommon trap: reason=class_check action=maybe_recompile pc=0x0000000003c95e10 method=sun.reflect.generics.factory.CoreReflectionFactory.findTypeVariable(Ljava/lang/String;)Ljava/lang/reflect/TypeVariable; @ 5

Internal exceptions (10 events):
Event: 53.925 Thread 0x0000000057fa6000 Exception <a 'java/security/PrivilegedActionException'> (0x00000000f511e958) thrown at [C:\re\workspace\8-2-build-windows-amd64-cygwin\jdk8u11\648\hotspot\src\share\vm\prims\jvm.cpp, line 1248]
Event: 53.925 Thread 0x0000000057fa6000 Exception <a 'java/security/PrivilegedActionException'> (0x00000000f5131e70) thrown at [C:\re\workspace\8-2-build-windows-amd64-cygwin\jdk8u11\648\hotspot\src\share\vm\prims\jvm.cpp, line 1248]
Event: 53.926 Thread 0x0000000057fa6000 Exception <a 'java/security/PrivilegedActionException'> (0x00000000f5149ee8) thrown at [C:\re\workspace\8-2-build-windows-amd64-cygwin\jdk8u11\648\hotspot\src\share\vm\prims\jvm.cpp, line 1248]
Event: 53.926 Thread 0x0000000057fa6000 Exception <a 'java/security/PrivilegedActionException'> (0x00000000f514ec98) thrown at [C:\re\workspace\8-2-build-windows-amd64-cygwin\jdk8u11\648\hotspot\src\share\vm\prims\jvm.cpp, line 1248]
Event: 53.926 Thread 0x0000000057fa6000 Exception <a 'java/security/PrivilegedActionException'> (0x00000000f5162198) thrown at [C:\re\workspace\8-2-build-windows-amd64-cygwin\jdk8u11\648\hotspot\src\share\vm\prims\jvm.cpp, line 1248]
Event: 53.927 Thread 0x0000000057fa6000 Exception <a 'java/security/PrivilegedActionException'> (0x00000000f518c730) thrown at [C:\re\workspace\8-2-build-windows-amd64-cygwin\jdk8u11\648\hotspot\src\share\vm\prims\jvm.cpp, line 1248]
Event: 53.927 Thread 0x0000000057fa6000 Exception <a 'java/lang/ClassNotFoundException': org/springframework/beans/factory/config/AutowireCapableBeanFactoryBeanInfo> (0x00000000f518d678) thrown at [C:\re\workspace\8-2-build-windows-amd64-cygwin\jdk8u11\648\hotspot\src\share\vm\classfile\systemDi§Pm¶¸öJ@
Event: 53.928 Thread 0x0000000057fa6000 Exception <a 'java/security/PrivilegedActionException'> (0x00000000f518e998) thrown at [C:\re\workspace\8-2-build-windows-amd64-cygwin\jdk8u11\648\hotspot\src\share\vm\prims\jvm.cpp, line 1248]
Event: 53.928 Thread 0x0000000057fa6000 Exception <a 'java/security/PrivilegedActionException'> (0x00000000f5193830) thrown at [C:\re\workspace\8-2-build-windows-amd64-cygwin\jdk8u11\648\hotspot\src\share\vm\prims\jvm.cpp, line 1248]
Event: 53.928 Thread 0x0000000057fa6000 Exception <a 'java/security/PrivilegedActionException'> (0x00000000f51a70f8) thrown at [C:\re\workspace\8-2-build-windows-amd64-cygwin\jdk8u11\648\hotspot\src\share\vm\prims\jvm.cpp, line 1248]

Events (10 events):
Event: 53.924 loading class groovy/runtime/metaclass/org/springframework/beans/factory/config/AutowireCapableBeanFactoryMetaClass
Event: 53.924 loading class groovy/runtime/metaclass/org/springframework/beans/factory/config/AutowireCapableBeanFactoryMetaClass done
Event: 53.925 loading class org/springframework/beans/factory/config/AutowireCapableBeanFactoryBeanInfo
Event: 53.925 loading class org/springframework/beans/factory/config/AutowireCapableBeanFactoryBeanInfo done
Event: 53.926 loading class org/springframework/beans/factory/config/AutowireCapableBeanFactoryBeanInfo
Event: 53.926 loading class org/springframework/beans/factory/config/AutowireCapableBeanFactoryBeanInfo done
Event: 53.927 loading class org/springframework/beans/factory/config/AutowireCapableBeanFactoryBeanInfo
Event: 53.927 loading class org/springframework/beans/factory/config/AutowireCapableBeanFactoryBeanInfo done
Event: 53.927 loading class org/springframework/beans/factory/config/AutowireCapableBeanFactoryCustomizer
Event: 53.927 loading class org/springframework/beans/factory/config/AutowireCapableBeanFactoryCustomizer done


Dynamic libraries:
0x000000013ff20000 - 0x000000013ff54000 	C:\Program Files\Java\jdk1.8.0_11\bin\java.exe
0x0000000076e80000 - 0x0000000077029000 	C:\Windows\SYSTEM32\ntdll.dll
0x0000000076c60000 - 0x0000000076d7f000 	C:\Windows\system32\kernel32.dll
0x000007fefd390000 - 0x000007fefd3fc000 	C:\Windows\system32\KERNELBASE.dll
0x000007fefd6c0000 - 0x000007fefd79b000 	C:\Windows\system32\ADVAPI32.dll
0x000007fefe610000 - 0x000007fefe6af000 	C:\Windows\system32\msvcrt.dll
0x000007fefeb60000 - 0x000007fefeb7f000 	C:\Windows\SYSTEM32\sechost.dll
0x000007fefedb0000 - 0x000007fefeedd000 	C:\Windows\system32\RPCRT4.dll
0x0000000076d80000 - 0x0000000076e7a000 	C:\Windows\system32\USER32.dll
0x000007fefed10000 - 0x000007fefed77000 	C:\Windows\system32\GDI32.dll
0x000007fefd6b0000 - 0x000007fefd6be000 	C:\Windows\system32\LPK.dll
0x000007fefeee0000 - 0x000007fefefa9000 	C:\Windows\system32\USP10.dll
0x000007fefb8e0000 - 0x000007fefbad4000 	C:\Windows\WinSxS\amd64_microsoft.windows.common-controls_6595b64144ccf1df_6.0.7601.17514_none_fa396087175ac9ac\COMCTL32.dll
0x000007fefe580000 - 0x000007fefe5f1000 	C:\Windows\system32\SHLWAPI.dll
0x000007fefed80000 - 0x000007fefedae000 	C:\Windows\system32\IMM32.DLL
0x000007fefeb80000 - 0x000007fefec89000 	C:\Windows\system32\MSCTF.dll
0x0000000180000000 - 0x000000018001c000 	C:\Windows\system32\btpload64.dll
0x0000000077050000 - 0x0000000077057000 	C:\Windows\system32\PSAPI.DLL
0x0000000001b70000 - 0x0000000001b9c000 	C:\Windows\system32\privman64.dll
0x000007fefd230000 - 0x000007fefd23c000 	C:\Windows\system32\VERSION.dll
0x000007fefd7f0000 - 0x000007fefe579000 	C:\Windows\system32\SHELL32.dll
0x000007fefd210000 - 0x000007fefd22e000 	C:\Windows\system32\USERENV.dll
0x000007fefd2e0000 - 0x000007fefd2ef000 	C:\Windows\system32\profapi.dll
0x0000000064d70000 - 0x0000000064e42000 	C:\Program Files\Java\jdk1.8.0_11\jre\bin\msvcr100.dll
0x00000000639b0000 - 0x00000000641da000 	C:\Program Files\Java\jdk1.8.0_11\jre\bin\server\jvm.dll
0x000007fefc7c0000 - 0x000007fefc7c9000 	C:\Windows\system32\WSOCK32.dll
0x000007fefd7a0000 - 0x000007fefd7ed000 	C:\Windows\system32\WS2_32.dll
0x000007fefe600000 - 0x000007fefe608000 	C:\Windows\system32\NSI.dll
0x000007fefae20000 - 0x000007fefae5b000 	C:\Windows\system32\WINMM.dll
0x000000006a0c0000 - 0x000000006a0cf000 	C:\Program Files\Java\jdk1.8.0_11\jre\bin\verify.dll
0x0000000064d00000 - 0x0000000064d28000 	C:\Program Files\Java\jdk1.8.0_11\jre\bin\java.dll
0x000000006ff40000 - 0x000000006ff63000 	C:\Program Files\Java\jdk1.8.0_11\jre\bin\instrument.dll
0x000000006afe0000 - 0x000000006aff6000 	C:\Program Files\Java\jdk1.8.0_11\jre\bin\zip.dll
0x000007fefe6b0000 - 0x000007fefe8b3000 	C:\Windows\system32\ole32.dll
0x000007fefcb80000 - 0x000007fefcb97000 	C:\Windows\system32\CRYPTSP.dll
0x000007fefc880000 - 0x000007fefc8c7000 	C:\Windows\system32\rsaenh.dll
0x000007fefd1e0000 - 0x000007fefd1ef000 	C:\Windows\system32\CRYPTBASE.dll
0x0000000064630000 - 0x000000006464a000 	C:\Program Files\Java\jdk1.8.0_11\jre\bin\net.dll
0x000007fefcb20000 - 0x000007fefcb75000 	C:\Windows\system32\mswsock.dll
0x000007fefcb10000 - 0x000007fefcb17000 	C:\Windows\System32\wship6.dll
0x000007fefc280000 - 0x000007fefc2a7000 	C:\Windows\system32\IPHLPAPI.DLL
0x000007fefc270000 - 0x000007fefc27b000 	C:\Windows\system32\WINNSI.DLL
0x000007fefa8b0000 - 0x000007fefa8c8000 	C:\Windows\system32\dhcpcsvc.DLL
0x000007fefa840000 - 0x000007fefa851000 	C:\Windows\system32\dhcpcsvc6.DLL
0x0000000060c30000 - 0x0000000060c41000 	C:\Program Files\Java\jdk1.8.0_11\jre\bin\nio.dll
0x000007fefbae0000 - 0x000007fefbaea000 	C:\Users\rgopal\AppData\Local\Temp\jansi-64-8745760251343792594.dll
0x000000006b3e0000 - 0x000000006b3ed000 	C:\Program Files\Java\jdk1.8.0_11\jre\bin\management.dll
0x000007fefc380000 - 0x000007fefc387000 	C:\Windows\System32\wshtcpip.dll
0x000007fefc9a0000 - 0x000007fefc9fb000 	C:\Windows\system32\DNSAPI.dll
0x00000000744a0000 - 0x00000000744c6000 	C:\Program Files\Bonjour\mdnsNSP.dll
0x000007fefa7d0000 - 0x000007fefa7d8000 	C:\Windows\system32\rasadhlp.dll
0x000007fefa7e0000 - 0x000007fefa833000 	C:\Windows\System32\fwpuclnt.dll
0x000007fefa9a0000 - 0x000007fefa9b5000 	C:\Windows\system32\NLAapi.dll
0x000007fefa910000 - 0x000007fefa925000 	C:\Windows\system32\napinsp.dll
0x000007fefa8f0000 - 0x000007fefa909000 	C:\Windows\system32\pnrpnsp.dll
0x000007fefa8e0000 - 0x000007fefa8eb000 	C:\Windows\System32\winrnr.dll
0x000007fefa8d0000 - 0x000007fefa8e0000 	C:\Windows\system32\wshbth.dll
0x000007fef5730000 - 0x000007fef5855000 	C:\Windows\system32\dbghelp.dll

VM Arguments:
jvm_args: -Dfile.encoding=UTF-8 -Xmx768M -Xms64M -Dgrails.fork.parent.process.port=57695 -Dgrails.fork.active=true -Dgrails.build.execution.context=C:\Users\rgopal\AppData\Local\Temp\central1635388267632709131grails-execution-context -Dgrails.home=C:\Users\rgopal\Documents\grails-2.4.4\grails-2.4.4 -javaagent:C:\Users\rgopal\Documents\grails-2.4.4\grails-2.4.4\lib\org.springframework\springloaded\jars\springloaded-1.2.1.RELEASE.jar -Xverify:none -Dspringloaded.synchronize=true -Djdk.reflect.allowGetCallerClass=true -Dspringloaded=profile=grails;cacheDir=C:\Users\rgopal/.grails/2.4.4/ 
java_command: org.grails.plugins.tomcat.fork.ForkedTomcatServer
java_class_path (initial): C:\Program Files\Java\jdk1.8.0_11\lib\tools.jar;C:\Users\rgopal\Documents\grails-2.4.4\grails-2.4.4\lib\org.codehaus.groovy\groovy-all\jars\groovy-all-2.3.7.jar;C:\Users\rgopal\Documents\grails-2.4.4\grails-2.4.4\lib\org.slf4j\jcl-over-slf4j\jars\jcl-over-slf4j-1.7.5.jar;C:\Users\rgopal\Documents\grails-2.4.4\grails-2.4.4\lib\org.codehaus.gant\gant_groovy1.8\jars\gant_groovy1.8-1.9.6.jar;C:\Users\rgopal\Documents\grails-2.4.4\grails-2.4.4\lib\org.apache.tomcat.embed\tomcat-embed-logging-log4j\jars\tomcat-embed-logging-log4j-7.0.50.jar;C:\Users\rgopal\Documents\grails-2.4.4\grails-2.4.4\dist\grails-plugin-log4j-2.4.4.jar;C:\Users\rgopal\Documents\grails-2.4.4\grails-2.4.4\lib\log4j\log4j\jars\log4j-1.2.17.jar;C:\Users\rgopal\Documents\grails-2.4.4\grails-2.4.4\dist\grails-bootstrap-2.4.4.jar;C:\Users\rgopal\Documents\grails-2.4.4\grails-2.4.4\lib\org.slf4j\slf4j-api\jars\slf4j-api-1.7.5.jar;C:\Users\rgopal\Documents\grails-2.4.4\grails-2.4.4\lib\jline\jline\jars\jline-2.12.jar;C:\Users\rgopal\Documents\grails-2.4.4\grails-2.4.4\lib\org.apache.ant\ant\jars\ant-1.8.4.jar;C:\Users\rgopal\Documents\grails-2.4.4\grails-2.4.4\lib\org.apache.ant\ant-launcher\jars\ant-launcher-1.8.4.jar;C:\Users\rgopal\Documents\grails-2.4.4\grails-2.4.4\lib\org.apache.ant\ant-trax\jars\ant-trax-1.7.1.jar;C:\Users\rgopal\Documents\grails-2.4.4\grails-2.4.4\lib\org.apache.ant\ant-junit\jars\ant-junit-1.8.4.jar;C:\Users\rgopal\Documents\grails-2.4.4\grails-2.4.4\lib\org.apache.ivy\ivy\jars\ivy-2.3.0.jar;C:\Users\rgopal\Documents\grails-2.4.4\grails-2.4.4\lib\org.fusesource.jansi\jansi\jars\jansi-1.11.jar;C:\Users\rgopal\.m2\repository\org\apache\tomcat\tomcat-catalina-ant\7.0.55\tomcat-catalina-ant-7.0.55.jar;C:\Users\rgopal\.m2\repository\org\apache\tomcat\embed\tomcat-embed-jasper\7.0.55\tomcat-embed-jasper-7.0.55.jar;C:\Users\rgopal\.m2\repository\org\apache\tomcat\embed\tomcat-embed-el\7.0.55\tomcat-embed-el-7.0.55.jar;C:\Users\rgopal\.m2\repository\org\apache\
Launcher Type: SUN_STANDARD

Environment Variables:
JAVA_HOME=C:\Program Files\Java\jdk1.8.0_11
PATH=C:\Windows\system32;C:\Windows;C:\Windows\System32\Wbem;C:\Windows\System32\WindowsPowerShell\v1.0\;C:\users\rgopal\My Documents\springsource\grails-2.3.5\bin\;c:\Program Files\Java\jdk1.7.0_51\bin\;C:\Program Files (x86)\MiKTeX 2.9\miktex\bin\
USERNAME=rgopal
OS=Windows_NT
PROCESSOR_IDENTIFIER=Intel64 Family 6 Model 37 Stepping 5, GenuineIntel



---------------  S Y S T E M  ---------------

OS: Windows 7 , 64 bit Build 7601 Service Pack 1

CPU:total 4 (2 cores per cpu, 2 threads per core) family 6 model 37 stepping 5, cmov, cx8, fxsr, mmx, sse, sse2, sse3, ssse3, sse4.1, sse4.2, popcnt, aes, clmul, ht, tsc, tscinvbit

Memory: 4k page, physical 8181608k(1739344k free), swap 16361352k(9135552k free)

vm_info: Java HotSpot(TM) 64-Bit Server VM (25.11-b03) for windows-amd64 JRE (1.8.0_11-b12), built on Jun 16 2014 20:57:32 by "java_re" with MS VC++ 10.0 (VS2010)

time: Sat Apr 25 15:48:42 2015
elapsed time: 54 seconds

