#
# A fatal error has been detected by the Java Runtime Environment:
#
#  EXCEPTION_ACCESS_VIOLATION (0xc0000005) at pc=0x000000005abd4db2, pid=3156, tid=216
#
# JRE version: Java(TM) SE Runtime Environment (8.0_11-b12) (build 1.8.0_11-b12)
# Java VM: Java HotSpot(TM) 64-Bit Server VM (25.11-b03 mixed mode windows-amd64 compressed oops)
# Problematic frame:
# V  [jvm.dll+0x424db2]
#
# Failed to write core dump. Minidumps are not enabled by default on client versions of Windows
#
# If you would like to submit a bug report, please visit:
#   http://bugreport.sun.com/bugreport/crash.jsp
#

---------------  T H R E A D  ---------------

Current thread (0x000000005640c000):  JavaThread "C2 CompilerThread1" daemon [_thread_in_native, id=216, stack(0x0000000056cb0000,0x0000000056db0000)]

siginfo: ExceptionCode=0xc0000005, reading address 0x0000000000000000

Registers:
RAX=0x00000000598301a8, RBX=0x0000000000000600, RCX=0x0000000000000000, RDX=0x00000000581c3ab0
RSP=0x0000000056dac3c0, RBP=0x00000000000000c0, RSI=0x00000000000000b8, RDI=0x0000000000000000
R8 =0x000000005a7b0000, R9 =0x0000000056dac6e0, R10=0x00000000ffffffff, R11=0x0000000056424890
R12=0x00000000598308b0, R13=0x00000000599b5bf8, R14=0x0000000000000008, R15=0x00000000599b5bf8
RIP=0x000000005abd4db2, EFLAGS=0x0000000000010206

Top of Stack: (sp=0x0000000056dac3c0)
0x0000000056dac3c0:   00000000000000da 00000000581bf440
0x0000000056dac3d0:   0000000000000060 0000000000000400
0x0000000056dac3e0:   0000000000000001 0000000000000600
0x0000000056dac3f0:   0000000000000180 00000000000000c0
0x0000000056dac400:   0000000057650b80 0000000056376200
0x0000000056dac410:   00000000000006b0 00000000581bf440
0x0000000056dac420:   0000000056dac6e0 000000005982d320
0x0000000056dac430:   0000000000000020 0000000000000009
0x0000000056dac440:   0000000059830880 00000000000000da
0x0000000056dac450:   00000000599b5bf8 000000005abd598d
0x0000000056dac460:   0000000059830880 000000000000001c
0x0000000056dac470:   00000000000000da 0000000056dac6e0
0x0000000056dac480:   00000000581c3ab0 00000000000000da
0x0000000056dac490:   000000005982d320 0000000000000020
0x0000000056dac4a0:   0000000056657308 0000000056daea50
0x0000000056dac4b0:   0000000056657938 0000000059830880 

Instructions: (pc=0x000000005abd4db2)
0x000000005abd4d92:   c6 48 63 f0 48 03 f1 eb 04 48 83 ce ff 48 8b 84
0x000000005abd4da2:   24 a0 00 00 00 48 8b 40 08 48 8b 3c 03 48 8b cf
0x000000005abd4db2:   48 8b 07 ff 50 28 4c 8d 05 41 b2 bd ff 48 63 50
0x000000005abd4dc2:   10 4c 8b d8 48 8b ca 48 c1 e1 05 42 80 bc 01 c0 


Register to memory mapping:

RAX=0x00000000598301a8 is an unknown value
RBX=0x0000000000000600 is an unknown value
RCX=0x0000000000000000 is an unknown value
RDX=0x00000000581c3ab0 is an unknown value
RSP=0x0000000056dac3c0 is pointing into the stack for thread: 0x000000005640c000
RBP=0x00000000000000c0 is an unknown value
RSI=0x00000000000000b8 is an unknown value
RDI=0x0000000000000000 is an unknown value
R8 =0x000000005a7b0000 is an unknown value
R9 =0x0000000056dac6e0 is pointing into the stack for thread: 0x000000005640c000
R10=0x00000000ffffffff is an unknown value
R11=0x0000000056424890 is an unknown value
R12=0x00000000598308b0 is an unknown value
R13=0x00000000599b5bf8 is an unknown value
R14=0x0000000000000008 is an unknown value
R15=0x00000000599b5bf8 is an unknown value


Stack: [0x0000000056cb0000,0x0000000056db0000],  sp=0x0000000056dac3c0,  free space=1008k
Native frames: (J=compiled Java code, j=interpreted, Vv=VM code, C=native code)
V  [jvm.dll+0x424db2]
V  [jvm.dll+0x42598d]
V  [jvm.dll+0x425ecf]
V  [jvm.dll+0x4c5a84]
V  [jvm.dll+0x4415bc]
V  [jvm.dll+0x443a29]
V  [jvm.dll+0x427722]
V  [jvm.dll+0x96982]
V  [jvm.dll+0x97173]
V  [jvm.dll+0x2234b4]
V  [jvm.dll+0x27bcca]
C  [msvcr100.dll+0x21d9f]
C  [msvcr100.dll+0x21e3b]
C  [kernel32.dll+0x159ed]
C  [ntdll.dll+0x2c541]


Current CompileTask:
C2:  75645 7170       4       groovy.lang.MetaClassImpl::findPropertyMethod (356 bytes)


---------------  P R O C E S S  ---------------

Java Threads: ( => current thread )
  0x000000005ce5e000 JavaThread "com.oumuo.SecurityGroup.data" daemon [_thread_blocked, id=8068, stack(0x00000000602d0000,0x00000000603d0000)]
  0x000000005ce5d000 JavaThread "com.oumuo.Authority.data" daemon [_thread_blocked, id=6032, stack(0x000000005c380000,0x000000005c480000)]
  0x000000005ce5b000 JavaThread "net.sf.ehcache.CacheManager@3bd740d1" daemon [_thread_blocked, id=10200, stack(0x000000005ed00000,0x000000005ee00000)]
  0x000000005ce5a000 JavaThread "PoolCleaner[1430861186:1428628845277]" daemon [_thread_blocked, id=10960, stack(0x000000005ef30000,0x000000005f030000)]
  0x000000005a040000 JavaThread "FileSystemWatcher: files=#231 cl=groovy.lang.GroovyClassLoader@55493582" daemon [_thread_blocked, id=8760, stack(0x000000005ba60000,0x000000005bb60000)]
  0x000000005850e000 JavaThread "localhost-startStop-1" daemon [_thread_in_native, id=6712, stack(0x000000005b940000,0x000000005ba40000)]
  0x0000000058433000 JavaThread "Tomcat-startStop-1" daemon [_thread_blocked, id=4652, stack(0x000000005b710000,0x000000005b810000)]
  0x00000000598bb800 JavaThread "Thread-3" [_thread_in_native, id=11160, stack(0x0000000059240000,0x0000000059340000)]
  0x000000005806d800 JavaThread "Thread-2" [_thread_blocked, id=6540, stack(0x000000005a5c0000,0x000000005a6c0000)]
  0x0000000057589800 JavaThread "NonBlockingInputStreamThread" daemon [_thread_blocked, id=8020, stack(0x0000000056ba0000,0x0000000056ca0000)]
  0x00000000565ba000 JavaThread "Service Thread" daemon [_thread_blocked, id=8496, stack(0x0000000056fc0000,0x00000000570c0000)]
  0x0000000056408800 JavaThread "C1 CompilerThread2" daemon [_thread_in_native, id=6364, stack(0x0000000056e50000,0x0000000056f50000)]
=>0x000000005640c000 JavaThread "C2 CompilerThread1" daemon [_thread_in_native, id=216, stack(0x0000000056cb0000,0x0000000056db0000)]
  0x000000005640b000 JavaThread "C2 CompilerThread0" daemon [_thread_in_native, id=10992, stack(0x0000000056a40000,0x0000000056b40000)]
  0x0000000056314800 JavaThread "Attach Listener" daemon [_thread_blocked, id=11688, stack(0x00000000568b0000,0x00000000569b0000)]
  0x0000000054e99000 JavaThread "Signal Dispatcher" daemon [_thread_blocked, id=11508, stack(0x0000000056770000,0x0000000056870000)]
  0x0000000054e38800 JavaThread "Finalizer" daemon [_thread_blocked, id=10804, stack(0x0000000056210000,0x0000000056310000)]
  0x0000000054e2b800 JavaThread "Reference Handler" daemon [_thread_blocked, id=7848, stack(0x0000000056070000,0x0000000056170000)]
  0x00000000029aa000 JavaThread "main" [_thread_blocked, id=3292, stack(0x0000000002de0000,0x0000000002ee0000)]

Other Threads:
  0x0000000054e28000 VMThread [stack: 0x0000000055ee0000,0x0000000055fe0000] [id=11512]
  0x00000000565bd800 WatcherThread [stack: 0x00000000570c0000,0x00000000571c0000] [id=6872]

VM state:not at safepoint (normal execution)

VM Mutex/Monitor currently owned by a thread:  ([mutex/lock_event])
[0x00000000029a9300] Compile_lock - owner thread: 0x0000000056408800
[0x00000000029a9400] MethodCompileQueue_lock - owner thread: 0x0000000056408800

Heap:
 PSYoungGen      total 238080K, used 45951K [0x00000000f0000000, 0x0000000100000000, 0x0000000100000000)
  eden space 214016K, 10% used [0x00000000f0000000,0x00000000f1566aa0,0x00000000fd100000)
  from space 24064K, 99% used [0x00000000fd100000,0x00000000fe8793e0,0x00000000fe880000)
  to   space 24064K, 0% used [0x00000000fe880000,0x00000000fe880000,0x0000000100000000)
 ParOldGen       total 105984K, used 93445K [0x00000000d0000000, 0x00000000d6780000, 0x00000000f0000000)
  object space 105984K, 88% used [0x00000000d0000000,0x00000000d5b41478,0x00000000d6780000)
 Metaspace       used 65053K, capacity 66684K, committed 66944K, reserved 1107968K
  class space    used 7042K, capacity 7532K, committed 7552K, reserved 1048576K

Card table byte_map: [0x00000000122a0000,0x0000000012430000] byte_map_base: 0x0000000011c20000

Marking Bits: (ParMarkBitMap*) 0x000000005af612b0
 Begin Bits: [0x0000000012ca0000, 0x00000000138a0000)
 End Bits:   [0x00000000138a0000, 0x00000000144a0000)

Polling page: 0x0000000000190000

CodeCache: size=245760Kb used=23288Kb max_used=23288Kb free=222471Kb
 bounds [0x0000000002ee0000, 0x00000000045c0000, 0x0000000011ee0000]
 total_blobs=6685 nmethods=5925 adapters=671
 compilation: enabled

Compilation events (10 events):
Event: 75.527 Thread 0x000000005640c000 nmethod 7163 0x0000000004567450 code [0x00000000045675a0, 0x00000000045676d8]
Event: 75.527 Thread 0x000000005640c000 7162       4       org.codehaus.groovy.runtime.metaclass.MetaMethodIndex::addMethodToList (290 bytes)
Event: 75.533 Thread 0x0000000056408800 7171       3       org.springsource.loaded.TypeRegistry::getPatternsFrom (168 bytes)
Event: 75.536 Thread 0x0000000056408800 nmethod 7171 0x000000000459e450 code [0x000000000459e800, 0x00000000045a04c8]
Event: 75.557 Thread 0x000000005640c000 nmethod 7162 0x00000000045a6d90 code [0x00000000045a7000, 0x00000000045a7f38]
Event: 75.557 Thread 0x000000005640c000 7170       4       groovy.lang.MetaClassImpl::findPropertyMethod (356 bytes)
Event: 75.600 Thread 0x0000000056408800 7175       3       org.codehaus.groovy.util.ComplexKeyHashMap::resize (103 bytes)
Event: 75.601 Thread 0x0000000056408800 nmethod 7175 0x000000000459b8d0 code [0x000000000459ba60, 0x000000000459bf50]
Event: 75.602 Thread 0x0000000056408800 7176       3       java.util.Collections$UnmodifiableCollection::toArray (10 bytes)
Event: 75.602 Thread 0x0000000056408800 nmethod 7176 0x000000000459e010 code [0x000000000459e180, 0x000000000459e388]

GC Heap History (10 events):
Event: 58.186 GC heap before
{Heap before GC invocations=52 (full 6):
 PSYoungGen      total 244736K, used 244625K [0x00000000f0000000, 0x0000000100000000, 0x0000000100000000)
  eden space 231424K, 100% used [0x00000000f0000000,0x00000000fe200000,0x00000000fe200000)
  from space 13312K, 99% used [0x00000000fe200000,0x00000000feee4458,0x00000000fef00000)
  to   space 16896K, 0% used [0x00000000fef80000,0x00000000fef80000,0x0000000100000000)
 ParOldGen       total 90624K, used 79828K [0x00000000d0000000, 0x00000000d5880000, 0x00000000f0000000)
  object space 90624K, 88% used [0x00000000d0000000,0x00000000d4df5318,0x00000000d5880000)
 Metaspace       used 60810K, capacity 62428K, committed 62848K, reserved 1105920K
  class space    used 6504K, capacity 6999K, committed 7040K, reserved 1048576K
Event: 58.215 GC heap after
Heap after GC invocations=52 (full 6):
 PSYoungGen      total 237056K, used 16880K [0x00000000f0000000, 0x0000000100000000, 0x0000000100000000)
  eden space 220160K, 0% used [0x00000000f0000000,0x00000000f0000000,0x00000000fd700000)
  from space 16896K, 99% used [0x00000000fef80000,0x00000000ffffc030,0x0000000100000000)
  to   space 20992K, 0% used [0x00000000fd700000,0x00000000fd700000,0x00000000feb80000)
 ParOldGen       total 90624K, used 83595K [0x00000000d0000000, 0x00000000d5880000, 0x00000000f0000000)
  object space 90624K, 92% used [0x00000000d0000000,0x00000000d51a2e70,0x00000000d5880000)
 Metaspace       used 60810K, capacity 62428K, committed 62848K, reserved 1105920K
  class space    used 6504K, capacity 6999K, committed 7040K, reserved 1048576K
}
Event: 58.215 GC heap before
{Heap before GC invocations=53 (full 7):
 PSYoungGen      total 237056K, used 16880K [0x00000000f0000000, 0x0000000100000000, 0x0000000100000000)
  eden space 220160K, 0% used [0x00000000f0000000,0x00000000f0000000,0x00000000fd700000)
  from space 16896K, 99% used [0x00000000fef80000,0x00000000ffffc030,0x0000000100000000)
  to   space 20992K, 0% used [0x00000000fd700000,0x00000000fd700000,0x00000000feb80000)
 ParOldGen       total 90624K, used 83595K [0x00000000d0000000, 0x00000000d5880000, 0x00000000f0000000)
  object space 90624K, 92% used [0x00000000d0000000,0x00000000d51a2e70,0x00000000d5880000)
 Metaspace       used 60810K, capacity 62428K, committed 62848K, reserved 1105920K
  class space    used 6504K, capacity 6999K, committed 7040K, reserved 1048576K
Event: 59.214 GC heap after
Heap after GC invocations=53 (full 7):
 PSYoungGen      total 237056K, used 8151K [0x00000000f0000000, 0x0000000100000000, 0x0000000100000000)
  eden space 220160K, 0% used [0x00000000f0000000,0x00000000f0000000,0x00000000fd700000)
  from space 16896K, 48% used [0x00000000fef80000,0x00000000ff775e08,0x0000000100000000)
  to   space 20992K, 0% used [0x00000000fd700000,0x00000000fd700000,0x00000000feb80000)
 ParOldGen       total 105984K, used 90479K [0x00000000d0000000, 0x00000000d6780000, 0x00000000f0000000)
  object space 105984K, 85% used [0x00000000d0000000,0x00000000d585bd10,0x00000000d6780000)
 Metaspace       used 60810K, capacity 62428K, committed 62848K, reserved 1105920K
  class space    used 6504K, capacity 6999K, committed 7040K, reserved 1048576K
}
Event: 62.774 GC heap before
{Heap before GC invocations=54 (full 7):
 PSYoungGen      total 237056K, used 224804K [0x00000000f0000000, 0x0000000100000000, 0x0000000100000000)
  eden space 220160K, 98% used [0x00000000f0000000,0x00000000fd393428,0x00000000fd700000)
  from space 16896K, 48% used [0x00000000fef80000,0x00000000ff775e08,0x0000000100000000)
  to   space 20992K, 0% used [0x00000000fd700000,0x00000000fd700000,0x00000000feb80000)
 ParOldGen       total 105984K, used 90479K [0x00000000d0000000, 0x00000000d6780000, 0x00000000f0000000)
  object space 105984K, 85% used [0x00000000d0000000,0x00000000d585bd10,0x00000000d6780000)
 Metaspace       used 62488K, capacity 64130K, committed 64512K, reserved 1105920K
  class space    used 6680K, capacity 7160K, committed 7168K, reserved 1048576K
Event: 62.851 GC heap after
Heap after GC invocations=54 (full 7):
 PSYoungGen      total 233984K, used 13781K [0x00000000f0000000, 0x0000000100000000, 0x0000000100000000)
  eden space 220160K, 0% used [0x00000000f0000000,0x00000000f0000000,0x00000000fd700000)
  from space 13824K, 99% used [0x00000000fd700000,0x00000000fe4754e0,0x00000000fe480000)
  to   space 21504K, 0% used [0x00000000feb00000,0x00000000feb00000,0x0000000100000000)
 ParOldGen       total 105984K, used 91071K [0x00000000d0000000, 0x00000000d6780000, 0x00000000f0000000)
  object space 105984K, 85% used [0x00000000d0000000,0x00000000d58efc38,0x00000000d6780000)
 Metaspace       used 62488K, capacity 64130K, committed 64512K, reserved 1105920K
  class space    used 6680K, capacity 7160K, committed 7168K, reserved 1048576K
}
Event: 70.204 GC heap before
{Heap before GC invocations=55 (full 7):
 PSYoungGen      total 233984K, used 233941K [0x00000000f0000000, 0x0000000100000000, 0x0000000100000000)
  eden space 220160K, 100% used [0x00000000f0000000,0x00000000fd700000,0x00000000fd700000)
  from space 13824K, 99% used [0x00000000fd700000,0x00000000fe4754e0,0x00000000fe480000)
  to   space 21504K, 0% used [0x00000000feb00000,0x00000000feb00000,0x0000000100000000)
 ParOldGen       total 105984K, used 91071K [0x00000000d0000000, 0x00000000d6780000, 0x00000000f0000000)
  object space 105984K, 85% used [0x00000000d0000000,0x00000000d58efc38,0x00000000d6780000)
 Metaspace       used 63490K, capacity 65150K, committed 65408K, reserved 1107968K
  class space    used 6804K, capacity 7277K, committed 7296K, reserved 1048576K
Event: 70.238 GC heap after
Heap after GC invocations=55 (full 7):
 PSYoungGen      total 235520K, used 19856K [0x00000000f0000000, 0x0000000100000000, 0x0000000100000000)
  eden space 214016K, 0% used [0x00000000f0000000,0x00000000f0000000,0x00000000fd100000)
  from space 21504K, 92% used [0x00000000feb00000,0x00000000ffe64260,0x0000000100000000)
  to   space 24064K, 0% used [0x00000000fd100000,0x00000000fd100000,0x00000000fe880000)
 ParOldGen       total 105984K, used 91079K [0x00000000d0000000, 0x00000000d6780000, 0x00000000f0000000)
  object space 105984K, 85% used [0x00000000d0000000,0x00000000d58f1c38,0x00000000d6780000)
 Metaspace       used 63490K, capacity 65150K, committed 65408K, reserved 1107968K
  class space    used 6804K, capacity 7277K, committed 7296K, reserved 1048576K
}
Event: 75.444 GC heap before
{Heap before GC invocations=56 (full 7):
 PSYoungGen      total 235520K, used 229444K [0x00000000f0000000, 0x0000000100000000, 0x0000000100000000)
  eden space 214016K, 97% used [0x00000000f0000000,0x00000000fccace88,0x00000000fd100000)
  from space 21504K, 92% used [0x00000000feb00000,0x00000000ffe64260,0x0000000100000000)
  to   space 24064K, 0% used [0x00000000fd100000,0x00000000fd100000,0x00000000fe880000)
 ParOldGen       total 105984K, used 91079K [0x00000000d0000000, 0x00000000d6780000, 0x00000000f0000000)
  object space 105984K, 85% used [0x00000000d0000000,0x00000000d58f1c38,0x00000000d6780000)
 Metaspace       used 64955K, capacity 66598K, committed 66944K, reserved 1107968K
  class space    used 7016K, capacity 7505K, committed 7552K, reserved 1048576K
Event: 75.478 GC heap after
Heap after GC invocations=56 (full 7):
 PSYoungGen      total 238080K, used 24036K [0x00000000f0000000, 0x0000000100000000, 0x0000000100000000)
  eden space 214016K, 0% used [0x00000000f0000000,0x00000000f0000000,0x00000000fd100000)
  from space 24064K, 99% used [0x00000000fd100000,0x00000000fe8793e0,0x00000000fe880000)
  to   space 24064K, 0% used [0x00000000fe880000,0x00000000fe880000,0x0000000100000000)
 ParOldGen       total 105984K, used 93445K [0x00000000d0000000, 0x00000000d6780000, 0x00000000f0000000)
  object space 105984K, 88% used [0x00000000d0000000,0x00000000d5b41478,0x00000000d6780000)
 Metaspace       used 64955K, capacity 66598K, committed 66944K, reserved 1107968K
  class space    used 7016K, capacity 7505K, committed 7552K, reserved 1048576K
}

Deoptimization events (10 events):
Event: 65.701 Thread 0x000000005850e000 Uncommon trap: reason=unreached action=reinterpret pc=0x000000000432550c method=org.springframework.beans.factory.support.AbstractAutowireCapableBeanFactory.predictBeanType(Ljava/lang/String;Lorg/springframework/beans/factory/support/RootBeanDefinition;[Ljm+p9xP@
Event: 65.876 Thread 0x000000005850e000 Uncommon trap: reason=unreached action=reinterpret pc=0x000000000424f1d8 method=org.springframework.beans.factory.support.AbstractAutowireCapableBeanFactory.predictBeanType(Ljava/lang/String;Lorg/springframework/beans/factory/support/RootBeanDefinition;[Ljó9\†•P@
Event: 66.330 Thread 0x000000005850e000 Uncommon trap: reason=null_check action=make_not_entrant pc=0x000000000354ac50 method=org.springframework.beans.ExtendedBeanInfo.isCandidateWriteMethod(Ljava/lang/reflect/Method;)Z @ 47
Event: 66.885 Thread 0x000000005850e000 Uncommon trap: reason=class_check action=maybe_recompile pc=0x0000000003ef6734 method=sun.reflect.generics.factory.CoreReflectionFactory.getDeclsLoader()Ljava/lang/ClassLoader; @ 25
Event: 66.885 Thread 0x000000005850e000 Uncommon trap: reason=class_check action=maybe_recompile pc=0x0000000003ef6734 method=sun.reflect.generics.factory.CoreReflectionFactory.getDeclsLoader()Ljava/lang/ClassLoader; @ 25
Event: 69.199 Thread 0x000000005850e000 Uncommon trap: reason=class_check action=maybe_recompile pc=0x0000000003ef6734 method=sun.reflect.generics.factory.CoreReflectionFactory.getDeclsLoader()Ljava/lang/ClassLoader; @ 25
Event: 69.199 Thread 0x000000005850e000 Uncommon trap: reason=class_check action=maybe_recompile pc=0x0000000003ef6734 method=sun.reflect.generics.factory.CoreReflectionFactory.getDeclsLoader()Ljava/lang/ClassLoader; @ 25
Event: 70.305 Thread 0x000000005850e000 Uncommon trap: reason=predicate action=maybe_recompile pc=0x0000000003bc58b8 method=java.nio.charset.CharsetDecoder.decode(Ljava/nio/ByteBuffer;Ljava/nio/CharBuffer;Z)Ljava/nio/charset/CoderResult; @ 54
Event: 70.849 Thread 0x000000005850e000 Uncommon trap: reason=unreached action=reinterpret pc=0x000000000425c0f8 method=org.springframework.beans.factory.support.AbstractBeanFactory.getMergedBeanDefinition(Ljava/lang/String;Lorg/springframework/beans/factory/config/BeanDefinition;Lorg/springframDe!	¶éQ@
Event: 71.652 Thread 0x000000005850e000 Uncommon trap: reason=unreached action=reinterpret pc=0x00000000030c5ab0 method=org.springframework.util.ObjectUtils.nullSafeEquals(Ljava/lang/Object;Ljava/lang/Object;)Z @ 8

Internal exceptions (10 events):
Event: 75.575 Thread 0x000000005850e000 Exception <a 'java/security/PrivilegedActionException'> (0x00000000f11cc8d8) thrown at [C:\re\workspace\8-2-build-windows-amd64-cygwin\jdk8u11\648\hotspot\src\share\vm\prims\jvm.cpp, line 1248]
Event: 75.576 Thread 0x000000005850e000 Exception <a 'java/security/PrivilegedActionException'> (0x00000000f11fbf38) thrown at [C:\re\workspace\8-2-build-windows-amd64-cygwin\jdk8u11\648\hotspot\src\share\vm\prims\jvm.cpp, line 1248]
Event: 75.576 Thread 0x000000005850e000 Exception <a 'java/lang/ClassNotFoundException': org/codehaus/groovy/grails/plugins/web/ControllersGrailsPlugin$_closure3_closure21Customizer> (0x00000000f11fc9f0) thrown at [C:\re\workspace\8-2-build-windows-amd64-cygwin\jdk8u11\648\hotspot\src\share\vm\cbô|-WæR@
Event: 75.599 Thread 0x000000005850e000 Exception <a 'java/security/PrivilegedActionException'> (0x00000000f1388f28) thrown at [C:\re\workspace\8-2-build-windows-amd64-cygwin\jdk8u11\648\hotspot\src\share\vm\prims\jvm.cpp, line 1248]
Event: 75.599 Thread 0x000000005850e000 Exception <a 'java/security/PrivilegedActionException'> (0x00000000f138cf88) thrown at [C:\re\workspace\8-2-build-windows-amd64-cygwin\jdk8u11\648\hotspot\src\share\vm\prims\jvm.cpp, line 1248]
Event: 75.601 Thread 0x000000005850e000 Exception <a 'java/lang/ClassNotFoundException': groovy/runtime/metaclass/[Ljava/lang/Class;MetaClass> (0x00000000f1395c28) thrown at [C:\re\workspace\8-2-build-windows-amd64-cygwin\jdk8u11\648\hotspot\src\share\vm\prims\jni.cpp, line 742]
Event: 75.602 Thread 0x000000005850e000 Exception <a 'java/lang/ClassNotFoundException': [Ljava/lang/Class;BeanInfo> (0x00000000f139c5d8) thrown at [C:\re\workspace\8-2-build-windows-amd64-cygwin\jdk8u11\648\hotspot\src\share\vm\prims\jni.cpp, line 742]
Event: 75.602 Thread 0x000000005850e000 Exception <a 'java/lang/ClassNotFoundException': [Ljava/lang/Class;BeanInfo> (0x00000000f139cb10) thrown at [C:\re\workspace\8-2-build-windows-amd64-cygwin\jdk8u11\648\hotspot\src\share\vm\prims\jni.cpp, line 742]
Event: 75.603 Thread 0x000000005850e000 Exception <a 'java/lang/ClassNotFoundException': [Ljava/lang/Class;Customizer> (0x00000000f139d210) thrown at [C:\re\workspace\8-2-build-windows-amd64-cygwin\jdk8u11\648\hotspot\src\share\vm\prims\jni.cpp, line 742]
Event: 75.603 Thread 0x000000005850e000 Exception <a 'java/lang/ClassNotFoundException': [Ljava/lang/Class;Customizer> (0x00000000f139d748) thrown at [C:\re\workspace\8-2-build-windows-amd64-cygwin\jdk8u11\648\hotspot\src\share\vm\prims\jni.cpp, line 742]

Events (10 events):
Event: 75.576 loading class org/codehaus/groovy/grails/plugins/web/ControllersGrailsPlugin$_closure3_closure21Customizer
Event: 75.576 loading class org/codehaus/groovy/grails/plugins/web/ControllersGrailsPlugin$_closure3_closure21Customizer done
Event: 75.579 loading class org/springsource/loaded/ri/ReflectiveInterceptor
Event: 75.579 loading class org/springsource/loaded/ri/ReflectiveInterceptor done
Event: 75.585 loading class org/codehaus/groovy/runtime/ArrayUtil
Event: 75.586 loading class org/codehaus/groovy/runtime/ArrayUtil done
Event: 75.599 loading class groovy/runtime/metaclass/java/lang/reflect/MethodMetaClass
Event: 75.599 loading class groovy/runtime/metaclass/java/lang/reflect/MethodMetaClass done
Event: 75.601 Thread 0x000000005850e000 DEOPT PACKING pc=0x0000000003a85cd0 sp=0x000000005ba3c490
Event: 75.601 Thread 0x000000005850e000 DEOPT UNPACKING pc=0x0000000002f27204 sp=0x000000005ba3c188 mode 0


Dynamic libraries:
0x000000013fcc0000 - 0x000000013fcf4000 	C:\Program Files\Java\jdk1.8.0_11\bin\java.exe
0x0000000077980000 - 0x0000000077b29000 	C:\Windows\SYSTEM32\ntdll.dll
0x0000000077860000 - 0x000000007797f000 	C:\Windows\system32\kernel32.dll
0x000007fefe140000 - 0x000007fefe1ac000 	C:\Windows\system32\KERNELBASE.dll
0x000007feff400000 - 0x000007feff4db000 	C:\Windows\system32\ADVAPI32.dll
0x000007feffb10000 - 0x000007feffbaf000 	C:\Windows\system32\msvcrt.dll
0x000007feffae0000 - 0x000007feffaff000 	C:\Windows\SYSTEM32\sechost.dll
0x000007fefef40000 - 0x000007feff06d000 	C:\Windows\system32\RPCRT4.dll
0x0000000077280000 - 0x000000007737a000 	C:\Windows\system32\USER32.dll
0x000007feffc20000 - 0x000007feffc87000 	C:\Windows\system32\GDI32.dll
0x000007feffc10000 - 0x000007feffc1e000 	C:\Windows\system32\LPK.dll
0x000007feff560000 - 0x000007feff629000 	C:\Windows\system32\USP10.dll
0x000007fefc3e0000 - 0x000007fefc5d4000 	C:\Windows\WinSxS\amd64_microsoft.windows.common-controls_6595b64144ccf1df_6.0.7601.17514_none_fa396087175ac9ac\COMCTL32.dll
0x000007feff4e0000 - 0x000007feff551000 	C:\Windows\system32\SHLWAPI.dll
0x000007feff110000 - 0x000007feff13e000 	C:\Windows\system32\IMM32.DLL
0x000007feff720000 - 0x000007feff829000 	C:\Windows\system32\MSCTF.dll
0x0000000180000000 - 0x000000018001c000 	C:\Windows\system32\btpload64.dll
0x0000000077b40000 - 0x0000000077b47000 	C:\Windows\system32\PSAPI.DLL
0x0000000000130000 - 0x000000000015c000 	C:\Windows\system32\privman64.dll
0x000007fefdd30000 - 0x000007fefdd3c000 	C:\Windows\system32\VERSION.dll
0x000007fefe1b0000 - 0x000007fefef39000 	C:\Windows\system32\SHELL32.dll
0x000007fefdd10000 - 0x000007fefdd2e000 	C:\Windows\system32\USERENV.dll
0x000007fefdde0000 - 0x000007fefddef000 	C:\Windows\system32\profapi.dll
0x000000006e110000 - 0x000000006e1e2000 	C:\Program Files\Java\jdk1.8.0_11\jre\bin\msvcr100.dll
0x000000005a7b0000 - 0x000000005afda000 	C:\Program Files\Java\jdk1.8.0_11\jre\bin\server\jvm.dll
0x000007fefd2c0000 - 0x000007fefd2c9000 	C:\Windows\system32\WSOCK32.dll
0x000007feff6d0000 - 0x000007feff71d000 	C:\Windows\system32\WS2_32.dll
0x000007feffb00000 - 0x000007feffb08000 	C:\Windows\system32\NSI.dll
0x000007fefb930000 - 0x000007fefb96b000 	C:\Windows\system32\WINMM.dll
0x0000000070860000 - 0x000000007086f000 	C:\Program Files\Java\jdk1.8.0_11\jre\bin\verify.dll
0x0000000070830000 - 0x0000000070858000 	C:\Program Files\Java\jdk1.8.0_11\jre\bin\java.dll
0x0000000070500000 - 0x0000000070523000 	C:\Program Files\Java\jdk1.8.0_11\jre\bin\instrument.dll
0x0000000070680000 - 0x0000000070696000 	C:\Program Files\Java\jdk1.8.0_11\jre\bin\zip.dll
0x000007feff830000 - 0x000007feffa33000 	C:\Windows\system32\ole32.dll
0x000007fefd680000 - 0x000007fefd697000 	C:\Windows\system32\CRYPTSP.dll
0x000007fefd380000 - 0x000007fefd3c7000 	C:\Windows\system32\rsaenh.dll
0x000007fefdce0000 - 0x000007fefdcef000 	C:\Windows\system32\CRYPTBASE.dll
0x0000000070660000 - 0x000000007067a000 	C:\Program Files\Java\jdk1.8.0_11\jre\bin\net.dll
0x000007fefd620000 - 0x000007fefd675000 	C:\Windows\system32\mswsock.dll
0x000007fefd610000 - 0x000007fefd617000 	C:\Windows\System32\wship6.dll
0x000007fefcd80000 - 0x000007fefcda7000 	C:\Windows\system32\IPHLPAPI.DLL
0x000007fefcd70000 - 0x000007fefcd7b000 	C:\Windows\system32\WINNSI.DLL
0x000007fefb3d0000 - 0x000007fefb3e8000 	C:\Windows\system32\dhcpcsvc.DLL
0x000007fefb3b0000 - 0x000007fefb3c1000 	C:\Windows\system32\dhcpcsvc6.DLL
0x0000000070640000 - 0x0000000070651000 	C:\Program Files\Java\jdk1.8.0_11\jre\bin\nio.dll
0x000007fefae60000 - 0x000007fefae6a000 	C:\Users\rgopal\AppData\Local\Temp\jansi-64-2773409558735547496.dll
0x0000000070590000 - 0x000000007059d000 	C:\Program Files\Java\jdk1.8.0_11\jre\bin\management.dll
0x000007fefce80000 - 0x000007fefce87000 	C:\Windows\System32\wshtcpip.dll
0x000007fefd4a0000 - 0x000007fefd4fb000 	C:\Windows\system32\DNSAPI.dll
0x0000000074fa0000 - 0x0000000074fc6000 	C:\Program Files\Bonjour\mdnsNSP.dll
0x000007fefb340000 - 0x000007fefb348000 	C:\Windows\system32\rasadhlp.dll
0x000007fefb350000 - 0x000007fefb3a3000 	C:\Windows\System32\fwpuclnt.dll
0x000007fefb450000 - 0x000007fefb465000 	C:\Windows\system32\NLAapi.dll
0x000007fefb430000 - 0x000007fefb445000 	C:\Windows\system32\napinsp.dll
0x000007fefb410000 - 0x000007fefb429000 	C:\Windows\system32\pnrpnsp.dll
0x000007fefb400000 - 0x000007fefb40b000 	C:\Windows\System32\winrnr.dll
0x000007fefb3f0000 - 0x000007fefb400000 	C:\Windows\system32\wshbth.dll
0x000007fef6a90000 - 0x000007fef6bb5000 	C:\Windows\system32\dbghelp.dll

VM Arguments:
jvm_args: -Dfile.encoding=UTF-8 -Xmx768M -Xms64M -Dgrails.fork.parent.process.port=53732 -Dgrails.fork.active=true -Dgrails.build.execution.context=C:\Users\rgopal\AppData\Local\Temp\central5866809231867902128grails-execution-context -Dgrails.home=C:\Users\rgopal\Documents\grails-2.4.4\grails-2.4.4 -javaagent:C:\Users\rgopal\Documents\grails-2.4.4\grails-2.4.4\lib\org.springframework\springloaded\jars\springloaded-1.2.1.RELEASE.jar -Xverify:none -Dspringloaded.synchronize=true -Djdk.reflect.allowGetCallerClass=true -Dspringloaded=profile=grails;cacheDir=C:\Users\rgopal/.grails/2.4.4/ 
java_command: org.grails.plugins.tomcat.fork.ForkedTomcatServer
java_class_path (initial): C:\Program Files\Java\jdk1.8.0_11\lib\tools.jar;C:\Users\rgopal\Documents\grails-2.4.4\grails-2.4.4\lib\org.codehaus.groovy\groovy-all\jars\groovy-all-2.3.7.jar;C:\Users\rgopal\Documents\grails-2.4.4\grails-2.4.4\lib\org.slf4j\jcl-over-slf4j\jars\jcl-over-slf4j-1.7.5.jar;C:\Users\rgopal\Documents\grails-2.4.4\grails-2.4.4\lib\org.codehaus.gant\gant_groovy1.8\jars\gant_groovy1.8-1.9.6.jar;C:\Users\rgopal\Documents\grails-2.4.4\grails-2.4.4\lib\org.apache.tomcat.embed\tomcat-embed-logging-log4j\jars\tomcat-embed-logging-log4j-7.0.50.jar;C:\Users\rgopal\Documents\grails-2.4.4\grails-2.4.4\dist\grails-plugin-log4j-2.4.4.jar;C:\Users\rgopal\Documents\grails-2.4.4\grails-2.4.4\lib\log4j\log4j\jars\log4j-1.2.17.jar;C:\Users\rgopal\Documents\grails-2.4.4\grails-2.4.4\dist\grails-bootstrap-2.4.4.jar;C:\Users\rgopal\Documents\grails-2.4.4\grails-2.4.4\lib\org.slf4j\slf4j-api\jars\slf4j-api-1.7.5.jar;C:\Users\rgopal\Documents\grails-2.4.4\grails-2.4.4\lib\jline\jline\jars\jline-2.12.jar;C:\Users\rgopal\Documents\grails-2.4.4\grails-2.4.4\lib\org.apache.ant\ant\jars\ant-1.8.4.jar;C:\Users\rgopal\Documents\grails-2.4.4\grails-2.4.4\lib\org.apache.ant\ant-launcher\jars\ant-launcher-1.8.4.jar;C:\Users\rgopal\Documents\grails-2.4.4\grails-2.4.4\lib\org.apache.ant\ant-trax\jars\ant-trax-1.7.1.jar;C:\Users\rgopal\Documents\grails-2.4.4\grails-2.4.4\lib\org.apache.ant\ant-junit\jars\ant-junit-1.8.4.jar;C:\Users\rgopal\Documents\grails-2.4.4\grails-2.4.4\lib\org.apache.ivy\ivy\jars\ivy-2.3.0.jar;C:\Users\rgopal\Documents\grails-2.4.4\grails-2.4.4\lib\org.fusesource.jansi\jansi\jars\jansi-1.11.jar;C:\Users\rgopal\.m2\repository\org\apache\tomcat\tomcat-catalina-ant\7.0.55\tomcat-catalina-ant-7.0.55.jar;C:\Users\rgopal\.m2\repository\org\apache\tomcat\embed\tomcat-embed-jasper\7.0.55\tomcat-embed-jasper-7.0.55.jar;C:\Users\rgopal\.m2\repository\org\apache\tomcat\embed\tomcat-embed-el\7.0.55\tomcat-embed-el-7.0.55.jar;C:\Users\rgopal\.m2\repository\org\apache\
Launcher Type: SUN_STANDARD

Environment Variables:
JAVA_HOME=C:\Program Files\Java\jdk1.8.0_11
PATH=C:\Windows\system32;C:\Windows;C:\Windows\System32\Wbem;C:\Windows\System32\WindowsPowerShell\v1.0\;C:\users\rgopal\My Documents\springsource\grails-2.3.5\bin\;c:\Program Files\Java\jdk1.7.0_51\bin\;C:\Program Files (x86)\MiKTeX 2.9\miktex\bin\
USERNAME=rgopal
OS=Windows_NT
PROCESSOR_IDENTIFIER=Intel64 Family 6 Model 37 Stepping 5, GenuineIntel



---------------  S Y S T E M  ---------------

OS: Windows 7 , 64 bit Build 7601 Service Pack 1

CPU:total 4 (2 cores per cpu, 2 threads per core) family 6 model 37 stepping 5, cmov, cx8, fxsr, mmx, sse, sse2, sse3, ssse3, sse4.1, sse4.2, popcnt, aes, clmul, ht, tsc, tscinvbit

Memory: 4k page, physical 8181608k(2190088k free), swap 16361352k(8350712k free)

vm_info: Java HotSpot(TM) 64-Bit Server VM (25.11-b03) for windows-amd64 JRE (1.8.0_11-b12), built on Jun 16 2014 20:57:32 by "java_re" with MS VC++ 10.0 (VS2010)

time: Thu Apr 09 21:21:32 2015
elapsed time: 75 seconds

