#
# A fatal error has been detected by the Java Runtime Environment:
#
#  EXCEPTION_ACCESS_VIOLATION (0xc0000005) at pc=0x000000005abd4db2, pid=7848, tid=2908
#
# JRE version: Java(TM) SE Runtime Environment (8.0_11-b12) (build 1.8.0_11-b12)
# Java VM: Java HotSpot(TM) 64-Bit Server VM (25.11-b03 mixed mode windows-amd64 compressed oops)
# Problematic frame:
# V  [jvm.dll+0x424db2]
#
# Failed to write core dump. Minidumps are not enabled by default on client versions of Windows
#
# If you would like to submit a bug report, please visit:
#   http://bugreport.sun.com/bugreport/crash.jsp
#

---------------  T H R E A D  ---------------

Current thread (0x0000000056126000):  JavaThread "C2 CompilerThread0" daemon [_thread_in_native, id=2908, stack(0x0000000056980000,0x0000000056a80000)]

siginfo: ExceptionCode=0xc0000005, reading address 0x0000000000000000

Registers:
RAX=0x000000005849b908, RBX=0x0000000000000600, RCX=0x0000000000000000, RDX=0x00000000561f47e0
RSP=0x0000000056a7c4e0, RBP=0x00000000000000c0, RSI=0x00000000000000b8, RDI=0x0000000000000000
R8 =0x000000005a7b0000, R9 =0x0000000056a7c800, R10=0x00000000ffffffff, R11=0x00000000561d4870
R12=0x000000005849c010, R13=0x000000005864d7f8, R14=0x0000000000000008, R15=0x000000005864d7f8
RIP=0x000000005abd4db2, EFLAGS=0x0000000000010206

Top of Stack: (sp=0x0000000056a7c4e0)
0x0000000056a7c4e0:   00000000000000da 00000000561f0380
0x0000000056a7c4f0:   0000000000000000 00000000574c09a0
0x0000000056a7c500:   0000000000000001 0000000000000600
0x0000000056a7c510:   0000000000000180 00000000000000c0
0x0000000056a7c520:   00000000575b9280 00000000561a9d90
0x0000000056a7c530:   00000000000006a8 00000000561f0380
0x0000000056a7c540:   0000000056a7c800 0000000058498aa0
0x0000000056a7c550:   0000000000000020 0000000000000009
0x0000000056a7c560:   000000005849bfe0 00000000000000da
0x0000000056a7c570:   000000005864d7f8 000000005abd598d
0x0000000056a7c580:   000000005849bfe0 000000000000001c
0x0000000056a7c590:   00000000000000da 0000000056a7c800
0x0000000056a7c5a0:   00000000561f47e0 00000000000000da
0x0000000056a7c5b0:   0000000058498aa0 0000000000000020
0x0000000056a7c5c0:   0000000057ec3590 0000000056a7eb70
0x0000000056a7c5d0:   0000000057ec3bc0 000000005849bfe0 

Instructions: (pc=0x000000005abd4db2)
0x000000005abd4d92:   c6 48 63 f0 48 03 f1 eb 04 48 83 ce ff 48 8b 84
0x000000005abd4da2:   24 a0 00 00 00 48 8b 40 08 48 8b 3c 03 48 8b cf
0x000000005abd4db2:   48 8b 07 ff 50 28 4c 8d 05 41 b2 bd ff 48 63 50
0x000000005abd4dc2:   10 4c 8b d8 48 8b ca 48 c1 e1 05 42 80 bc 01 c0 


Register to memory mapping:

RAX=0x000000005849b908 is an unknown value
RBX=0x0000000000000600 is an unknown value
RCX=0x0000000000000000 is an unknown value
RDX=0x00000000561f47e0 is an unknown value
RSP=0x0000000056a7c4e0 is pointing into the stack for thread: 0x0000000056126000
RBP=0x00000000000000c0 is an unknown value
RSI=0x00000000000000b8 is an unknown value
RDI=0x0000000000000000 is an unknown value
R8 =0x000000005a7b0000 is an unknown value
R9 =0x0000000056a7c800 is pointing into the stack for thread: 0x0000000056126000
R10=0x00000000ffffffff is an unallocated location in the heap
R11=0x00000000561d4870 is an unknown value
R12=0x000000005849c010 is an unknown value
R13=0x000000005864d7f8 is an unknown value
R14=0x0000000000000008 is an unknown value
R15=0x000000005864d7f8 is an unknown value


Stack: [0x0000000056980000,0x0000000056a80000],  sp=0x0000000056a7c4e0,  free space=1009k
Native frames: (J=compiled Java code, j=interpreted, Vv=VM code, C=native code)
V  [jvm.dll+0x424db2]
V  [jvm.dll+0x42598d]
V  [jvm.dll+0x425ecf]
V  [jvm.dll+0x4c5a84]
V  [jvm.dll+0x4415bc]
V  [jvm.dll+0x443a29]
V  [jvm.dll+0x427722]
V  [jvm.dll+0x96982]
V  [jvm.dll+0x97173]
V  [jvm.dll+0x2234b4]
V  [jvm.dll+0x27bcca]
C  [msvcr100.dll+0x21d9f]
C  [msvcr100.dll+0x21e3b]
C  [kernel32.dll+0x159ed]
C  [ntdll.dll+0x2c541]


Current CompileTask:
C2: 160601 6824       4       groovy.lang.MetaClassImpl::findPropertyMethod (356 bytes)


---------------  P R O C E S S  ---------------

Java Threads: ( => current thread )
  0x0000000056416800 JavaThread "com.oumuo.SecurityGroup.data" daemon [_thread_blocked, id=6688, stack(0x0000000060070000,0x0000000060170000)]
  0x0000000056416000 JavaThread "com.oumuo.Authority.data" daemon [_thread_blocked, id=10168, stack(0x000000005fda0000,0x000000005fea0000)]
  0x0000000056414800 JavaThread "net.sf.ehcache.CacheManager@42da2445" daemon [_thread_blocked, id=8580, stack(0x000000005fa60000,0x000000005fb60000)]
  0x0000000056413800 JavaThread "PoolCleaner[1804126860:1428371286561]" daemon [_thread_blocked, id=7856, stack(0x000000005a1e0000,0x000000005a2e0000)]
  0x0000000058f59000 JavaThread "FileSystemWatcher: files=#234 cl=groovy.lang.GroovyClassLoader@6b88ca8c" daemon [_thread_blocked, id=11092, stack(0x000000005cad0000,0x000000005cbd0000)]
  0x0000000059aa9800 JavaThread "localhost-startStop-1" daemon [_thread_in_native, id=4696, stack(0x000000005b8b0000,0x000000005b9b0000)]
  0x0000000058ef3000 JavaThread "Tomcat-startStop-1" daemon [_thread_blocked, id=10736, stack(0x000000005b230000,0x000000005b330000)]
  0x0000000058861800 JavaThread "Thread-3" [_thread_in_native, id=4668, stack(0x000000005b530000,0x000000005b630000)]
  0x00000000581cc000 JavaThread "Thread-2" [_thread_blocked, id=5368, stack(0x0000000056f00000,0x0000000057000000)]
  0x0000000057b4c800 JavaThread "NonBlockingInputStreamThread" daemon [_thread_blocked, id=10332, stack(0x0000000059e90000,0x0000000059f90000)]
  0x00000000562da800 JavaThread "Service Thread" daemon [_thread_blocked, id=10492, stack(0x0000000057000000,0x0000000057100000)]
  0x00000000561a5000 JavaThread "C1 CompilerThread2" daemon [_thread_blocked, id=9728, stack(0x0000000056de0000,0x0000000056ee0000)]
  0x00000000561a3000 JavaThread "C2 CompilerThread1" daemon [_thread_in_native, id=10096, stack(0x0000000056bb0000,0x0000000056cb0000)]
=>0x0000000056126000 JavaThread "C2 CompilerThread0" daemon [_thread_in_native, id=2908, stack(0x0000000056980000,0x0000000056a80000)]
  0x00000000560b9000 JavaThread "Attach Listener" daemon [_thread_blocked, id=7188, stack(0x0000000056790000,0x0000000056890000)]
  0x0000000054c97800 JavaThread "Signal Dispatcher" daemon [_thread_blocked, id=5572, stack(0x00000000565f0000,0x00000000566f0000)]
  0x0000000054c37000 JavaThread "Finalizer" daemon [_thread_blocked, id=8764, stack(0x0000000055fb0000,0x00000000560b0000)]
  0x0000000054c2b800 JavaThread "Reference Handler" daemon [_thread_blocked, id=10004, stack(0x0000000055ea0000,0x0000000055fa0000)]
  0x000000000245a000 JavaThread "main" [_thread_blocked, id=11016, stack(0x0000000002bd0000,0x0000000002cd0000)]

Other Threads:
  0x0000000054c28000 VMThread [stack: 0x0000000055d80000,0x0000000055e80000] [id=9152]
  0x00000000562df000 WatcherThread [stack: 0x0000000057130000,0x0000000057230000] [id=9296]

VM state:not at safepoint (normal execution)

VM Mutex/Monitor currently owned by a thread: None

Heap:
 PSYoungGen      total 196608K, used 59205K [0x00000000f0000000, 0x00000000fd780000, 0x0000000100000000)
  eden space 175616K, 25% used [0x00000000f0000000,0x00000000f2bf52e0,0x00000000fab80000)
  from space 20992K, 67% used [0x00000000fc300000,0x00000000fd0dc470,0x00000000fd780000)
  to   space 22528K, 0% used [0x00000000fab80000,0x00000000fab80000,0x00000000fc180000)
 ParOldGen       total 110592K, used 99860K [0x00000000d0000000, 0x00000000d6c00000, 0x00000000f0000000)
  object space 110592K, 90% used [0x00000000d0000000,0x00000000d6185048,0x00000000d6c00000)
 Metaspace       used 65067K, capacity 66780K, committed 66944K, reserved 1107968K
  class space    used 7045K, capacity 7544K, committed 7552K, reserved 1048576K

Card table byte_map: [0x0000000012090000,0x0000000012220000] byte_map_base: 0x0000000011a10000

Marking Bits: (ParMarkBitMap*) 0x000000005af612b0
 Begin Bits: [0x0000000012aa0000, 0x00000000136a0000)
 End Bits:   [0x00000000136a0000, 0x00000000142a0000)

Polling page: 0x00000000001b0000

CodeCache: size=245760Kb used=24041Kb max_used=24071Kb free=221718Kb
 bounds [0x0000000002cd0000, 0x0000000004480000, 0x0000000011cd0000]
 total_blobs=6511 nmethods=5749 adapters=672
 compilation: enabled

Compilation events (10 events):
Event: 160.319 Thread 0x0000000056126000 6824       4       groovy.lang.MetaClassImpl::findPropertyMethod (356 bytes)
Event: 160.336 Thread 0x00000000561a3000 nmethod 6819 0x00000000044734d0 code [0x00000000044737a0, 0x0000000004474c78]
Event: 160.338 Thread 0x00000000561a3000 6821       4       org.codehaus.groovy.runtime.MetaClassHelper::isGenericSetMethod (28 bytes)
Event: 160.340 Thread 0x00000000561a3000 nmethod 6821 0x0000000003267c90 code [0x0000000003267de0, 0x0000000003267f88]
Event: 160.355 Thread 0x00000000561a5000 6826       3       groovyjarjarasm.asm.ClassWriter::<init> (122 bytes)
Event: 160.356 Thread 0x00000000561a5000 nmethod 6826 0x00000000031063d0 code [0x00000000031065e0, 0x0000000003106fa8]
Event: 160.357 Thread 0x00000000561a5000 6828       3       groovyjarjarasm.asm.ClassWriter::visit (121 bytes)
Event: 160.358 Thread 0x00000000561a5000 nmethod 6828 0x0000000003046810 code [0x00000000030469e0, 0x00000000030470b8]
Event: 160.360 Thread 0x00000000561a5000 6827       3       groovyjarjarasm.asm.ClassVisitor::<init> (7 bytes)
Event: 160.361 Thread 0x00000000561a5000 nmethod 6827 0x0000000003345d10 code [0x0000000003345e80, 0x00000000033461a8]

GC Heap History (10 events):
Event: 141.754 GC heap before
{Heap before GC invocations=54 (full 5):
 PSYoungGen      total 170496K, used 165113K [0x00000000f0000000, 0x00000000fb400000, 0x0000000100000000)
  eden space 158720K, 100% used [0x00000000f0000000,0x00000000f9b00000,0x00000000f9b00000)
  from space 11776K, 54% used [0x00000000fa880000,0x00000000faebe708,0x00000000fb400000)
  to   space 12800K, 0% used [0x00000000f9b00000,0x00000000f9b00000,0x00000000fa780000)
 ParOldGen       total 95744K, used 81598K [0x00000000d0000000, 0x00000000d5d80000, 0x00000000f0000000)
  object space 95744K, 85% used [0x00000000d0000000,0x00000000d4faf848,0x00000000d5d80000)
 Metaspace       used 59934K, capacity 61500K, committed 61952K, reserved 1103872K
  class space    used 6398K, capacity 6861K, committed 6912K, reserved 1048576K
Event: 141.813 GC heap after
Heap after GC invocations=54 (full 5):
 PSYoungGen      total 171520K, used 11268K [0x00000000f0000000, 0x00000000fc000000, 0x0000000100000000)
  eden space 158720K, 0% used [0x00000000f0000000,0x00000000f0000000,0x00000000f9b00000)
  from space 12800K, 88% used [0x00000000f9b00000,0x00000000fa6013e8,0x00000000fa780000)
  to   space 13824K, 0% used [0x00000000fb280000,0x00000000fb280000,0x00000000fc000000)
 ParOldGen       total 95744K, used 81606K [0x00000000d0000000, 0x00000000d5d80000, 0x00000000f0000000)
  object space 95744K, 85% used [0x00000000d0000000,0x00000000d4fb1848,0x00000000d5d80000)
 Metaspace       used 59934K, capacity 61500K, committed 61952K, reserved 1103872K
  class space    used 6398K, capacity 6861K, committed 6912K, reserved 1048576K
}
Event: 145.836 GC heap before
{Heap before GC invocations=55 (full 5):
 PSYoungGen      total 171520K, used 165057K [0x00000000f0000000, 0x00000000fc000000, 0x0000000100000000)
  eden space 158720K, 96% used [0x00000000f0000000,0x00000000f962f2d8,0x00000000f9b00000)
  from space 12800K, 88% used [0x00000000f9b00000,0x00000000fa6013e8,0x00000000fa780000)
  to   space 13824K, 0% used [0x00000000fb280000,0x00000000fb280000,0x00000000fc000000)
 ParOldGen       total 95744K, used 81606K [0x00000000d0000000, 0x00000000d5d80000, 0x00000000f0000000)
  object space 95744K, 85% used [0x00000000d0000000,0x00000000d4fb1848,0x00000000d5d80000)
 Metaspace       used 60927K, capacity 62504K, committed 62848K, reserved 1105920K
  class space    used 6533K, capacity 6999K, committed 7040K, reserved 1048576K
Event: 145.937 GC heap after
Heap after GC invocations=55 (full 5):
 PSYoungGen      total 179200K, used 13811K [0x00000000f0000000, 0x00000000fc800000, 0x0000000100000000)
  eden space 165376K, 0% used [0x00000000f0000000,0x00000000f0000000,0x00000000fa180000)
  from space 13824K, 99% used [0x00000000fb280000,0x00000000fbffcfb0,0x00000000fc000000)
  to   space 17408K, 0% used [0x00000000fa180000,0x00000000fa180000,0x00000000fb280000)
 ParOldGen       total 95744K, used 85032K [0x00000000d0000000, 0x00000000d5d80000, 0x00000000f0000000)
  object space 95744K, 88% used [0x00000000d0000000,0x00000000d530a1d0,0x00000000d5d80000)
 Metaspace       used 60927K, capacity 62504K, committed 62848K, reserved 1105920K
  class space    used 6533K, capacity 6999K, committed 7040K, reserved 1048576K
}
Event: 153.537 GC heap before
{Heap before GC invocations=56 (full 5):
 PSYoungGen      total 179200K, used 179187K [0x00000000f0000000, 0x00000000fc800000, 0x0000000100000000)
  eden space 165376K, 100% used [0x00000000f0000000,0x00000000fa180000,0x00000000fa180000)
  from space 13824K, 99% used [0x00000000fb280000,0x00000000fbffcfb0,0x00000000fc000000)
  to   space 17408K, 0% used [0x00000000fa180000,0x00000000fa180000,0x00000000fb280000)
 ParOldGen       total 95744K, used 85032K [0x00000000d0000000, 0x00000000d5d80000, 0x00000000f0000000)
  object space 95744K, 88% used [0x00000000d0000000,0x00000000d530a1d0,0x00000000d5d80000)
 Metaspace       used 62792K, capacity 64436K, committed 64896K, reserved 1107968K
  class space    used 6718K, capacity 7193K, committed 7296K, reserved 1048576K
Event: 153.771 GC heap after
Heap after GC invocations=56 (full 5):
 PSYoungGen      total 182784K, used 17392K [0x00000000f0000000, 0x00000000fd800000, 0x0000000100000000)
  eden space 165376K, 0% used [0x00000000f0000000,0x00000000f0000000,0x00000000fa180000)
  from space 17408K, 99% used [0x00000000fa180000,0x00000000fb27c0a0,0x00000000fb280000)
  to   space 21504K, 0% used [0x00000000fc300000,0x00000000fc300000,0x00000000fd800000)
 ParOldGen       total 95744K, used 89251K [0x00000000d0000000, 0x00000000d5d80000, 0x00000000f0000000)
  object space 95744K, 93% used [0x00000000d0000000,0x00000000d5728fb8,0x00000000d5d80000)
 Metaspace       used 62792K, capacity 64436K, committed 64896K, reserved 1107968K
  class space    used 6718K, capacity 7193K, committed 7296K, reserved 1048576K
}
Event: 153.771 GC heap before
{Heap before GC invocations=57 (full 6):
 PSYoungGen      total 182784K, used 17392K [0x00000000f0000000, 0x00000000fd800000, 0x0000000100000000)
  eden space 165376K, 0% used [0x00000000f0000000,0x00000000f0000000,0x00000000fa180000)
  from space 17408K, 99% used [0x00000000fa180000,0x00000000fb27c0a0,0x00000000fb280000)
  to   space 21504K, 0% used [0x00000000fc300000,0x00000000fc300000,0x00000000fd800000)
 ParOldGen       total 95744K, used 89251K [0x00000000d0000000, 0x00000000d5d80000, 0x00000000f0000000)
  object space 95744K, 93% used [0x00000000d0000000,0x00000000d5728fb8,0x00000000d5d80000)
 Metaspace       used 62792K, capacity 64436K, committed 64896K, reserved 1107968K
  class space    used 6718K, capacity 7193K, committed 7296K, reserved 1048576K
Event: 155.311 GC heap after
Heap after GC invocations=57 (full 6):
 PSYoungGen      total 182784K, used 9085K [0x00000000f0000000, 0x00000000fd800000, 0x0000000100000000)
  eden space 165376K, 0% used [0x00000000f0000000,0x00000000f0000000,0x00000000fa180000)
  from space 17408K, 52% used [0x00000000fa180000,0x00000000faa5f4c0,0x00000000fb280000)
  to   space 21504K, 0% used [0x00000000fc300000,0x00000000fc300000,0x00000000fd800000)
 ParOldGen       total 110592K, used 95468K [0x00000000d0000000, 0x00000000d6c00000, 0x00000000f0000000)
  object space 110592K, 86% used [0x00000000d0000000,0x00000000d5d3b028,0x00000000d6c00000)
 Metaspace       used 62788K, capacity 64430K, committed 64896K, reserved 1107968K
  class space    used 6718K, capacity 7192K, committed 7296K, reserved 1048576K
}
Event: 159.498 GC heap before
{Heap before GC invocations=58 (full 6):
 PSYoungGen      total 182784K, used 174461K [0x00000000f0000000, 0x00000000fd800000, 0x0000000100000000)
  eden space 165376K, 100% used [0x00000000f0000000,0x00000000fa180000,0x00000000fa180000)
  from space 17408K, 52% used [0x00000000fa180000,0x00000000faa5f4c0,0x00000000fb280000)
  to   space 21504K, 0% used [0x00000000fc300000,0x00000000fc300000,0x00000000fd800000)
 ParOldGen       total 110592K, used 95468K [0x00000000d0000000, 0x00000000d6c00000, 0x00000000f0000000)
  object space 110592K, 86% used [0x00000000d0000000,0x00000000d5d3b028,0x00000000d6c00000)
 Metaspace       used 64689K, capacity 66298K, committed 66688K, reserved 1107968K
  class space    used 6987K, capacity 7450K, committed 7552K, reserved 1048576K
Event: 159.564 GC heap after
Heap after GC invocations=58 (full 6):
 PSYoungGen      total 196608K, used 14193K [0x00000000f0000000, 0x00000000fd780000, 0x0000000100000000)
  eden space 175616K, 0% used [0x00000000f0000000,0x00000000f0000000,0x00000000fab80000)
  from space 20992K, 67% used [0x00000000fc300000,0x00000000fd0dc470,0x00000000fd780000)
  to   space 22528K, 0% used [0x00000000fab80000,0x00000000fab80000,0x00000000fc180000)
 ParOldGen       total 110592K, used 99860K [0x00000000d0000000, 0x00000000d6c00000, 0x00000000f0000000)
  object space 110592K, 90% used [0x00000000d0000000,0x00000000d6185048,0x00000000d6c00000)
 Metaspace       used 64689K, capacity 66298K, committed 66688K, reserved 1107968K
  class space    used 6987K, capacity 7450K, committed 7552K, reserved 1048576K
}

Deoptimization events (10 events):
Event: 156.827 Thread 0x0000000059aa9800 Uncommon trap: reason=class_check action=maybe_recompile pc=0x000000000355da44 method=sun.reflect.generics.factory.CoreReflectionFactory.getDeclsLoader()Ljava/lang/ClassLoader; @ 25
Event: 156.827 Thread 0x0000000059aa9800 Uncommon trap: reason=class_check action=maybe_recompile pc=0x000000000355da44 method=sun.reflect.generics.factory.CoreReflectionFactory.getDeclsLoader()Ljava/lang/ClassLoader; @ 25
Event: 158.104 Thread 0x0000000059aa9800 Uncommon trap: reason=unreached action=reinterpret pc=0x0000000002e621d4 method=org.springframework.beans.factory.support.AbstractBeanFactory.getMergedBeanDefinition(Ljava/lang/String;Lorg/springframework/beans/factory/config/BeanDefinition;Lorg/springfram¿iKÜc@
Event: 158.876 Thread 0x0000000059aa9800 Uncommon trap: reason=unreached action=reinterpret pc=0x00000000042972ac method=org.springframework.util.ObjectUtils.nullSafeEquals(Ljava/lang/Object;Ljava/lang/Object;)Z @ 8
Event: 159.261 Thread 0x0000000059aa9800 Uncommon trap: reason=array_check action=maybe_recompile pc=0x00000000043306d8 method=java.util.ComparableTimSort.binarySort([Ljava/lang/Object;III)V @ 215
Event: 159.405 Thread 0x0000000059aa9800 Uncommon trap: reason=array_check action=maybe_recompile pc=0x00000000044249c0 method=java.util.ComparableTimSort.binarySort([Ljava/lang/Object;III)V @ 183
Event: 159.415 Thread 0x0000000059aa9800 Uncommon trap: reason=array_check action=maybe_recompile pc=0x00000000044249c0 method=java.util.ComparableTimSort.binarySort([Ljava/lang/Object;III)V @ 183
Event: 159.434 Thread 0x0000000059aa9800 Uncommon trap: reason=array_check action=maybe_recompile pc=0x0000000004424920 method=java.util.ComparableTimSort.binarySort([Ljava/lang/Object;III)V @ 193
Event: 159.641 Thread 0x0000000059aa9800 Uncommon trap: reason=array_check action=maybe_recompile pc=0x00000000044249c0 method=java.util.ComparableTimSort.binarySort([Ljava/lang/Object;III)V @ 183
Event: 159.649 Thread 0x0000000059aa9800 Uncommon trap: reason=array_check action=maybe_recompile pc=0x00000000043306d8 method=java.util.ComparableTimSort.binarySort([Ljava/lang/Object;III)V @ 215

Internal exceptions (10 events):
Event: 160.409 Thread 0x0000000059aa9800 Exception <a 'java/security/PrivilegedActionException'> (0x00000000f1f88740) thrown at [C:\re\workspace\8-2-build-windows-amd64-cygwin\jdk8u11\648\hotspot\src\share\vm\prims\jvm.cpp, line 1248]
Event: 160.410 Thread 0x0000000059aa9800 Exception <a 'java/security/PrivilegedActionException'> (0x00000000f1fa1bb8) thrown at [C:\re\workspace\8-2-build-windows-amd64-cygwin\jdk8u11\648\hotspot\src\share\vm\prims\jvm.cpp, line 1248]
Event: 160.410 Thread 0x0000000059aa9800 Exception <a 'java/security/PrivilegedActionException'> (0x00000000f1fa6bb8) thrown at [C:\re\workspace\8-2-build-windows-amd64-cygwin\jdk8u11\648\hotspot\src\share\vm\prims\jvm.cpp, line 1248]
Event: 160.410 Thread 0x0000000059aa9800 Exception <a 'java/security/PrivilegedActionException'> (0x00000000f1fbaab0) thrown at [C:\re\workspace\8-2-build-windows-amd64-cygwin\jdk8u11\648\hotspot\src\share\vm\prims\jvm.cpp, line 1248]
Event: 160.411 Thread 0x0000000059aa9800 Exception <a 'java/security/PrivilegedActionException'> (0x00000000f1fe70e0) thrown at [C:\re\workspace\8-2-build-windows-amd64-cygwin\jdk8u11\648\hotspot\src\share\vm\prims\jvm.cpp, line 1248]
Event: 160.411 Thread 0x0000000059aa9800 Exception <a 'java/lang/ClassNotFoundException': org/codehaus/groovy/grails/commons/metaclass/AbstractDynamicMethodInvocationBeanInfo> (0x00000000f1fe7b88) thrown at [C:\re\workspace\8-2-build-windows-amd64-cygwin\jdk8u11\648\hotspot\src\share\vm\classfileS@2a)d@
Event: 160.411 Thread 0x0000000059aa9800 Exception <a 'java/security/PrivilegedActionException'> (0x00000000f1fe8c88) thrown at [C:\re\workspace\8-2-build-windows-amd64-cygwin\jdk8u11\648\hotspot\src\share\vm\prims\jvm.cpp, line 1248]
Event: 160.411 Thread 0x0000000059aa9800 Exception <a 'java/security/PrivilegedActionException'> (0x00000000f1fedd60) thrown at [C:\re\workspace\8-2-build-windows-amd64-cygwin\jdk8u11\648\hotspot\src\share\vm\prims\jvm.cpp, line 1248]
Event: 160.412 Thread 0x0000000059aa9800 Exception <a 'java/security/PrivilegedActionException'> (0x00000000f2001ff0) thrown at [C:\re\workspace\8-2-build-windows-amd64-cygwin\jdk8u11\648\hotspot\src\share\vm\prims\jvm.cpp, line 1248]
Event: 160.412 Thread 0x0000000059aa9800 Exception <a 'java/security/PrivilegedActionException'> (0x00000000f201b9b0) thrown at [C:\re\workspace\8-2-build-windows-amd64-cygwin\jdk8u11\648\hotspot\src\share\vm\prims\jvm.cpp, line 1248]

Events (10 events):
Event: 160.409 loading class org/codehaus/groovy/grails/commons/metaclass/AbstractDynamicMethodInvocationBeanInfo
Event: 160.409 loading class org/codehaus/groovy/grails/commons/metaclass/AbstractDynamicMethodInvocationBeanInfo done
Event: 160.410 loading class org/codehaus/groovy/grails/commons/metaclass/AbstractDynamicMethodInvocationBeanInfo
Event: 160.410 loading class org/codehaus/groovy/grails/commons/metaclass/AbstractDynamicMethodInvocationBeanInfo done
Event: 160.411 loading class org/codehaus/groovy/grails/commons/metaclass/AbstractDynamicMethodInvocationBeanInfo
Event: 160.411 loading class org/codehaus/groovy/grails/commons/metaclass/AbstractDynamicMethodInvocationBeanInfo done
Event: 160.411 loading class org/codehaus/groovy/grails/commons/metaclass/AbstractDynamicMethodInvocationCustomizer
Event: 160.411 loading class org/codehaus/groovy/grails/commons/metaclass/AbstractDynamicMethodInvocationCustomizer done
Event: 160.412 loading class org/codehaus/groovy/grails/commons/metaclass/AbstractDynamicMethodInvocationCustomizer
Event: 160.412 loading class org/codehaus/groovy/grails/commons/metaclass/AbstractDynamicMethodInvocationCustomizer done


Dynamic libraries:
0x000000013ffd0000 - 0x0000000140004000 	C:\Program Files\Java\jdk1.8.0_11\bin\java.exe
0x0000000077980000 - 0x0000000077b29000 	C:\Windows\SYSTEM32\ntdll.dll
0x0000000077860000 - 0x000000007797f000 	C:\Windows\system32\kernel32.dll
0x000007fefe140000 - 0x000007fefe1ac000 	C:\Windows\system32\KERNELBASE.dll
0x000007feff400000 - 0x000007feff4db000 	C:\Windows\system32\ADVAPI32.dll
0x000007feffb10000 - 0x000007feffbaf000 	C:\Windows\system32\msvcrt.dll
0x000007feffae0000 - 0x000007feffaff000 	C:\Windows\SYSTEM32\sechost.dll
0x000007fefef40000 - 0x000007feff06d000 	C:\Windows\system32\RPCRT4.dll
0x0000000077280000 - 0x000000007737a000 	C:\Windows\system32\USER32.dll
0x000007feffc20000 - 0x000007feffc87000 	C:\Windows\system32\GDI32.dll
0x000007feffc10000 - 0x000007feffc1e000 	C:\Windows\system32\LPK.dll
0x000007feff560000 - 0x000007feff629000 	C:\Windows\system32\USP10.dll
0x000007fefc3e0000 - 0x000007fefc5d4000 	C:\Windows\WinSxS\amd64_microsoft.windows.common-controls_6595b64144ccf1df_6.0.7601.17514_none_fa396087175ac9ac\COMCTL32.dll
0x000007feff4e0000 - 0x000007feff551000 	C:\Windows\system32\SHLWAPI.dll
0x000007feff110000 - 0x000007feff13e000 	C:\Windows\system32\IMM32.DLL
0x000007feff720000 - 0x000007feff829000 	C:\Windows\system32\MSCTF.dll
0x0000000180000000 - 0x000000018001c000 	C:\Windows\system32\btpload64.dll
0x0000000077b40000 - 0x0000000077b47000 	C:\Windows\system32\PSAPI.DLL
0x0000000000170000 - 0x000000000019c000 	C:\Windows\system32\privman64.dll
0x000007fefdd30000 - 0x000007fefdd3c000 	C:\Windows\system32\VERSION.dll
0x000007fefe1b0000 - 0x000007fefef39000 	C:\Windows\system32\SHELL32.dll
0x000007fefdd10000 - 0x000007fefdd2e000 	C:\Windows\system32\USERENV.dll
0x000007fefdde0000 - 0x000007fefddef000 	C:\Windows\system32\profapi.dll
0x000000006e110000 - 0x000000006e1e2000 	C:\Program Files\Java\jdk1.8.0_11\jre\bin\msvcr100.dll
0x000000005a7b0000 - 0x000000005afda000 	C:\Program Files\Java\jdk1.8.0_11\jre\bin\server\jvm.dll
0x000007fefd2c0000 - 0x000007fefd2c9000 	C:\Windows\system32\WSOCK32.dll
0x000007feff6d0000 - 0x000007feff71d000 	C:\Windows\system32\WS2_32.dll
0x000007feffb00000 - 0x000007feffb08000 	C:\Windows\system32\NSI.dll
0x000007fefb930000 - 0x000007fefb96b000 	C:\Windows\system32\WINMM.dll
0x0000000070860000 - 0x000000007086f000 	C:\Program Files\Java\jdk1.8.0_11\jre\bin\verify.dll
0x0000000070830000 - 0x0000000070858000 	C:\Program Files\Java\jdk1.8.0_11\jre\bin\java.dll
0x0000000070470000 - 0x0000000070493000 	C:\Program Files\Java\jdk1.8.0_11\jre\bin\instrument.dll
0x0000000070680000 - 0x0000000070696000 	C:\Program Files\Java\jdk1.8.0_11\jre\bin\zip.dll
0x000007feff830000 - 0x000007feffa33000 	C:\Windows\system32\ole32.dll
0x000007fefd680000 - 0x000007fefd697000 	C:\Windows\system32\CRYPTSP.dll
0x000007fefd380000 - 0x000007fefd3c7000 	C:\Windows\system32\rsaenh.dll
0x000007fefdce0000 - 0x000007fefdcef000 	C:\Windows\system32\CRYPTBASE.dll
0x0000000070660000 - 0x000000007067a000 	C:\Program Files\Java\jdk1.8.0_11\jre\bin\net.dll
0x000007fefd620000 - 0x000007fefd675000 	C:\Windows\system32\mswsock.dll
0x000007fefd610000 - 0x000007fefd617000 	C:\Windows\System32\wship6.dll
0x000007fefcd80000 - 0x000007fefcda7000 	C:\Windows\system32\IPHLPAPI.DLL
0x000007fefcd70000 - 0x000007fefcd7b000 	C:\Windows\system32\WINNSI.DLL
0x000007fefb3d0000 - 0x000007fefb3e8000 	C:\Windows\system32\dhcpcsvc.DLL
0x000007fefb3b0000 - 0x000007fefb3c1000 	C:\Windows\system32\dhcpcsvc6.DLL
0x0000000070640000 - 0x0000000070651000 	C:\Program Files\Java\jdk1.8.0_11\jre\bin\nio.dll
0x000007fefb1f0000 - 0x000007fefb1fa000 	C:\Users\rgopal\AppData\Local\Temp\jansi-64-8599585386561605427.dll
0x0000000070590000 - 0x000000007059d000 	C:\Program Files\Java\jdk1.8.0_11\jre\bin\management.dll
0x000007fefce80000 - 0x000007fefce87000 	C:\Windows\System32\wshtcpip.dll
0x000007fefd4a0000 - 0x000007fefd4fb000 	C:\Windows\system32\DNSAPI.dll
0x0000000074fa0000 - 0x0000000074fc6000 	C:\Program Files\Bonjour\mdnsNSP.dll
0x000007fefb340000 - 0x000007fefb348000 	C:\Windows\system32\rasadhlp.dll
0x000007fefb350000 - 0x000007fefb3a3000 	C:\Windows\System32\fwpuclnt.dll
0x000007fefb450000 - 0x000007fefb465000 	C:\Windows\system32\NLAapi.dll
0x000007fefb430000 - 0x000007fefb445000 	C:\Windows\system32\napinsp.dll
0x000007fefb410000 - 0x000007fefb429000 	C:\Windows\system32\pnrpnsp.dll
0x000007fefb400000 - 0x000007fefb40b000 	C:\Windows\System32\winrnr.dll
0x000007fefb3f0000 - 0x000007fefb400000 	C:\Windows\system32\wshbth.dll
0x000007fef6a90000 - 0x000007fef6bb5000 	C:\Windows\system32\dbghelp.dll

VM Arguments:
jvm_args: -Dfile.encoding=UTF-8 -Xmx768M -Xms64M -Dgrails.fork.parent.process.port=54978 -Dgrails.fork.active=true -Dgrails.build.execution.context=C:\Users\rgopal\AppData\Local\Temp\central1245578241615884382grails-execution-context -Dgrails.home=C:\Users\rgopal\Documents\grails-2.4.4\grails-2.4.4 -javaagent:C:\Users\rgopal\Documents\grails-2.4.4\grails-2.4.4\lib\org.springframework\springloaded\jars\springloaded-1.2.1.RELEASE.jar -Xverify:none -Dspringloaded.synchronize=true -Djdk.reflect.allowGetCallerClass=true -Dspringloaded=profile=grails;cacheDir=C:\Users\rgopal/.grails/2.4.4/ 
java_command: org.grails.plugins.tomcat.fork.ForkedTomcatServer
java_class_path (initial): C:\Program Files\Java\jdk1.8.0_11\lib\tools.jar;C:\Users\rgopal\Documents\grails-2.4.4\grails-2.4.4\lib\org.codehaus.groovy\groovy-all\jars\groovy-all-2.3.7.jar;C:\Users\rgopal\Documents\grails-2.4.4\grails-2.4.4\lib\org.slf4j\jcl-over-slf4j\jars\jcl-over-slf4j-1.7.5.jar;C:\Users\rgopal\Documents\grails-2.4.4\grails-2.4.4\lib\org.codehaus.gant\gant_groovy1.8\jars\gant_groovy1.8-1.9.6.jar;C:\Users\rgopal\Documents\grails-2.4.4\grails-2.4.4\lib\org.apache.tomcat.embed\tomcat-embed-logging-log4j\jars\tomcat-embed-logging-log4j-7.0.50.jar;C:\Users\rgopal\Documents\grails-2.4.4\grails-2.4.4\dist\grails-plugin-log4j-2.4.4.jar;C:\Users\rgopal\Documents\grails-2.4.4\grails-2.4.4\lib\log4j\log4j\jars\log4j-1.2.17.jar;C:\Users\rgopal\Documents\grails-2.4.4\grails-2.4.4\dist\grails-bootstrap-2.4.4.jar;C:\Users\rgopal\Documents\grails-2.4.4\grails-2.4.4\lib\org.slf4j\slf4j-api\jars\slf4j-api-1.7.5.jar;C:\Users\rgopal\Documents\grails-2.4.4\grails-2.4.4\lib\jline\jline\jars\jline-2.12.jar;C:\Users\rgopal\Documents\grails-2.4.4\grails-2.4.4\lib\org.apache.ant\ant\jars\ant-1.8.4.jar;C:\Users\rgopal\Documents\grails-2.4.4\grails-2.4.4\lib\org.apache.ant\ant-launcher\jars\ant-launcher-1.8.4.jar;C:\Users\rgopal\Documents\grails-2.4.4\grails-2.4.4\lib\org.apache.ant\ant-trax\jars\ant-trax-1.7.1.jar;C:\Users\rgopal\Documents\grails-2.4.4\grails-2.4.4\lib\org.apache.ant\ant-junit\jars\ant-junit-1.8.4.jar;C:\Users\rgopal\Documents\grails-2.4.4\grails-2.4.4\lib\org.apache.ivy\ivy\jars\ivy-2.3.0.jar;C:\Users\rgopal\Documents\grails-2.4.4\grails-2.4.4\lib\org.fusesource.jansi\jansi\jars\jansi-1.11.jar;C:\Users\rgopal\.m2\repository\org\apache\tomcat\tomcat-catalina-ant\7.0.55\tomcat-catalina-ant-7.0.55.jar;C:\Users\rgopal\.m2\repository\org\apache\tomcat\embed\tomcat-embed-jasper\7.0.55\tomcat-embed-jasper-7.0.55.jar;C:\Users\rgopal\.m2\repository\org\apache\tomcat\embed\tomcat-embed-el\7.0.55\tomcat-embed-el-7.0.55.jar;C:\Users\rgopal\.m2\repository\org\apache\
Launcher Type: SUN_STANDARD

Environment Variables:
JAVA_HOME=C:\Program Files\Java\jdk1.8.0_11
PATH=C:\Windows\system32;C:\Windows;C:\Windows\System32\Wbem;C:\Windows\System32\WindowsPowerShell\v1.0\;C:\users\rgopal\My Documents\springsource\grails-2.3.5\bin\;c:\Program Files\Java\jdk1.7.0_51\bin\;C:\Program Files (x86)\MiKTeX 2.9\miktex\bin\
USERNAME=rgopal
OS=Windows_NT
PROCESSOR_IDENTIFIER=Intel64 Family 6 Model 37 Stepping 5, GenuineIntel



---------------  S Y S T E M  ---------------

OS: Windows 7 , 64 bit Build 7601 Service Pack 1

CPU:total 4 (2 cores per cpu, 2 threads per core) family 6 model 37 stepping 5, cmov, cx8, fxsr, mmx, sse, sse2, sse3, ssse3, sse4.1, sse4.2, popcnt, aes, clmul, ht, tsc, tscinvbit

Memory: 4k page, physical 8181608k(919752k free), swap 16361352k(6840480k free)

vm_info: Java HotSpot(TM) 64-Bit Server VM (25.11-b03) for windows-amd64 JRE (1.8.0_11-b12), built on Jun 16 2014 20:57:32 by "java_re" with MS VC++ 10.0 (VS2010)

time: Mon Apr 06 21:49:12 2015
elapsed time: 160 seconds

