#
# A fatal error has been detected by the Java Runtime Environment:
#
#  EXCEPTION_ACCESS_VIOLATION (0xc0000005) at pc=0x0000000055df4db2, pid=1600, tid=7780
#
# JRE version: Java(TM) SE Runtime Environment (8.0_11-b12) (build 1.8.0_11-b12)
# Java VM: Java HotSpot(TM) 64-Bit Server VM (25.11-b03 mixed mode windows-amd64 compressed oops)
# Problematic frame:
# V  [jvm.dll+0x424db2]
#
# Failed to write core dump. Minidumps are not enabled by default on client versions of Windows
#
# If you would like to submit a bug report, please visit:
#   http://bugreport.sun.com/bugreport/crash.jsp
#

---------------  T H R E A D  ---------------

Current thread (0x00000000569ed800):  JavaThread "C2 CompilerThread1" daemon [_thread_in_native, id=7780, stack(0x0000000057350000,0x0000000057450000)]

siginfo: ExceptionCode=0xc0000005, reading address 0x0000000000000000

Registers:
RAX=0x0000000059f585c8, RBX=0x0000000000000600, RCX=0x0000000000000000, RDX=0x000000005c012f10
RSP=0x000000005744c1f0, RBP=0x00000000000000c0, RSI=0x00000000000000b8, RDI=0x0000000000000000
R8 =0x00000000559d0000, R9 =0x000000005744c510, R10=0x00000000ffffffff, R11=0x00000000569f17d0
R12=0x0000000059f58cd0, R13=0x000000005dd907e8, R14=0x0000000000000008, R15=0x000000005dd907e8
RIP=0x0000000055df4db2, EFLAGS=0x0000000000010206

Top of Stack: (sp=0x000000005744c1f0)
0x000000005744c1f0:   00000000000000da 000000005c00e9d0
0x000000005744c200:   0000000000000000 000000005dd5d4a0
0x000000005744c210:   0000000000000001 0000000000000600
0x000000005744c220:   0000000000000180 00000000000000c0
0x000000005744c230:   000000005b5cc7d0 00000000569e73e0
0x000000005744c240:   00000000000006f0 000000005c00e9d0
0x000000005744c250:   000000005744c510 0000000059f55720
0x000000005744c260:   0000000000000020 0000000000000009
0x000000005744c270:   0000000059f58ca0 00000000000000da
0x000000005744c280:   000000005dd907e8 0000000055df598d
0x000000005744c290:   0000000059f58ca0 000000000000001c
0x000000005744c2a0:   00000000000000da 000000005744c510
0x000000005744c2b0:   000000005c012f10 00000000000000da
0x000000005744c2c0:   0000000059f55720 0000000000000020
0x000000005744c2d0:   0000000059023a28 000000005744e880
0x000000005744c2e0:   0000000059024058 0000000059f58ca0 

Instructions: (pc=0x0000000055df4db2)
0x0000000055df4d92:   c6 48 63 f0 48 03 f1 eb 04 48 83 ce ff 48 8b 84
0x0000000055df4da2:   24 a0 00 00 00 48 8b 40 08 48 8b 3c 03 48 8b cf
0x0000000055df4db2:   48 8b 07 ff 50 28 4c 8d 05 41 b2 bd ff 48 63 50
0x0000000055df4dc2:   10 4c 8b d8 48 8b ca 48 c1 e1 05 42 80 bc 01 c0 


Register to memory mapping:

RAX=0x0000000059f585c8 is an unknown value
RBX=0x0000000000000600 is an unknown value
RCX=0x0000000000000000 is an unknown value
RDX=0x000000005c012f10 is an unknown value
RSP=0x000000005744c1f0 is pointing into the stack for thread: 0x00000000569ed800
RBP=0x00000000000000c0 is an unknown value
RSI=0x00000000000000b8 is an unknown value
RDI=0x0000000000000000 is an unknown value
R8 =0x00000000559d0000 is an unknown value
R9 =0x000000005744c510 is pointing into the stack for thread: 0x00000000569ed800
R10=0x00000000ffffffff is an unknown value
R11=0x00000000569f17d0 is an unknown value
R12=0x0000000059f58cd0 is an unknown value
R13=0x000000005dd907e8 is an unknown value
R14=0x0000000000000008 is an unknown value
R15=0x000000005dd907e8 is an unknown value


Stack: [0x0000000057350000,0x0000000057450000],  sp=0x000000005744c1f0,  free space=1008k
Native frames: (J=compiled Java code, j=interpreted, Vv=VM code, C=native code)
V  [jvm.dll+0x424db2]
V  [jvm.dll+0x42598d]
V  [jvm.dll+0x425ecf]
V  [jvm.dll+0x4c5a84]
V  [jvm.dll+0x4415bc]
V  [jvm.dll+0x443a29]
V  [jvm.dll+0x427722]
V  [jvm.dll+0x96982]
V  [jvm.dll+0x97173]
V  [jvm.dll+0x2234b4]
V  [jvm.dll+0x27bcca]
C  [msvcr100.dll+0x21d9f]
C  [msvcr100.dll+0x21e3b]
C  [kernel32.dll+0x159ed]
C  [ntdll.dll+0x2c541]


Current CompileTask:
C2:  42282 6662       4       groovy.lang.MetaClassImpl::findPropertyMethod (356 bytes)


---------------  P R O C E S S  ---------------

Java Threads: ( => current thread )
  0x0000000059fab800 JavaThread "com.oumuo.SecurityGroup.data" daemon [_thread_blocked, id=5876, stack(0x0000000061b90000,0x0000000061c90000)]
  0x0000000059fab000 JavaThread "com.oumuo.Authority.data" daemon [_thread_blocked, id=5548, stack(0x00000000617b0000,0x00000000618b0000)]
  0x0000000059fa9000 JavaThread "net.sf.ehcache.CacheManager@3b8aacc2" daemon [_thread_blocked, id=8280, stack(0x000000005d190000,0x000000005d290000)]
  0x000000005dcde800 JavaThread "PoolCleaner[1070157899:1429389190674]" daemon [_thread_blocked, id=10232, stack(0x000000005f720000,0x000000005f820000)]
  0x00000000589e7800 JavaThread "FileSystemWatcher: files=#279 cl=groovy.lang.GroovyClassLoader@3fc9504b" daemon [_thread_blocked, id=1508, stack(0x000000005c840000,0x000000005c940000)]
  0x0000000057919000 JavaThread "localhost-startStop-1" daemon [_thread_in_vm, id=8496, stack(0x000000005c480000,0x000000005c580000)]
  0x0000000057918000 JavaThread "Tomcat-startStop-1" daemon [_thread_blocked, id=7104, stack(0x000000005b100000,0x000000005b200000)]
  0x0000000059073000 JavaThread "Thread-3" [_thread_in_native, id=6856, stack(0x0000000057fe0000,0x00000000580e0000)]
  0x0000000058ecf000 JavaThread "Thread-2" [_thread_blocked, id=5896, stack(0x000000005a7b0000,0x000000005a8b0000)]
  0x0000000057c02000 JavaThread "NonBlockingInputStreamThread" daemon [_thread_blocked, id=9616, stack(0x00000000584c0000,0x00000000585c0000)]
  0x0000000056bd1000 JavaThread "Service Thread" daemon [_thread_blocked, id=7936, stack(0x00000000576a0000,0x00000000577a0000)]
  0x00000000569eb000 JavaThread "C1 CompilerThread2" daemon [_thread_in_vm, id=9620, stack(0x00000000575a0000,0x00000000576a0000)]
=>0x00000000569ed800 JavaThread "C2 CompilerThread1" daemon [_thread_in_native, id=7780, stack(0x0000000057350000,0x0000000057450000)]
  0x00000000569ec800 JavaThread "C2 CompilerThread0" daemon [_thread_in_native, id=6572, stack(0x00000000571d0000,0x00000000572d0000)]
  0x00000000568f3000 JavaThread "Attach Listener" daemon [_thread_blocked, id=7108, stack(0x0000000057020000,0x0000000057120000)]
  0x0000000054bf9800 JavaThread "Signal Dispatcher" daemon [_thread_blocked, id=6240, stack(0x0000000056e60000,0x0000000056f60000)]
  0x0000000054b91000 JavaThread "Finalizer" daemon [_thread_blocked, id=6792, stack(0x00000000565e0000,0x00000000566e0000)]
  0x0000000054b8c000 JavaThread "Reference Handler" daemon [_thread_blocked, id=8504, stack(0x00000000564b0000,0x00000000565b0000)]
  0x000000000239a000 JavaThread "main" [_thread_blocked, id=8076, stack(0x0000000002d10000,0x0000000002e10000)]

Other Threads:
  0x0000000054b88800 VMThread [stack: 0x0000000056360000,0x0000000056460000] [id=4716]
  0x0000000056bd3800 WatcherThread [stack: 0x0000000056d40000,0x0000000056e40000] [id=2528]

VM state:not at safepoint (normal execution)

VM Mutex/Monitor currently owned by a thread: None

Heap:
 PSYoungGen      total 214528K, used 186215K [0x00000000f0000000, 0x0000000100000000, 0x0000000100000000)
  eden space 177152K, 84% used [0x00000000f0000000,0x00000000f91bb1f0,0x00000000fad00000)
  from space 37376K, 98% used [0x00000000fad00000,0x00000000fd11ec20,0x00000000fd180000)
  to   space 45568K, 0% used [0x00000000fd380000,0x00000000fd380000,0x0000000100000000)
 ParOldGen       total 100864K, used 93526K [0x00000000d0000000, 0x00000000d6280000, 0x00000000f0000000)
  object space 100864K, 92% used [0x00000000d0000000,0x00000000d5b558a8,0x00000000d6280000)
 Metaspace       used 68986K, capacity 70730K, committed 70968K, reserved 1112064K
  class space    used 7263K, capacity 7757K, committed 7808K, reserved 1048576K

Card table byte_map: [0x0000000002a60000,0x0000000002bf0000] byte_map_base: 0x00000000023e0000

Marking Bits: (ParMarkBitMap*) 0x00000000561812b0
 Begin Bits: [0x0000000012a00000, 0x0000000013600000)
 End Bits:   [0x0000000013600000, 0x0000000014200000)

Polling page: 0x0000000001cd0000

CodeCache: size=245760Kb used=21421Kb max_used=22581Kb free=224338Kb
 bounds [0x0000000002e10000, 0x0000000004460000, 0x0000000011e10000]
 total_blobs=6413 nmethods=5649 adapters=675
 compilation: enabled

Compilation events (10 events):
Event: 42.129 Thread 0x00000000569eb000 6660       2       groovy.lang.ExpandoMetaClass$3::call (244 bytes)
Event: 42.132 Thread 0x00000000569eb000 nmethod 6660 0x00000000034bc5d0 code [0x00000000034bc860, 0x00000000034bd138]
Event: 42.157 Thread 0x00000000569eb000 6661       2       groovy.lang.MetaClassImpl::findMatchingMethod (93 bytes)
Event: 42.157 Thread 0x00000000569eb000 nmethod 6661 0x0000000003b7a5d0 code [0x0000000003b7a760, 0x0000000003b7aa98]
Event: 42.203 Thread 0x00000000569ed800 nmethod 6565 0x0000000003483110 code [0x0000000003483c80, 0x0000000003488860]
Event: 42.203 Thread 0x00000000569ed800 6655       4       org.codehaus.groovy.runtime.metaclass.MetaMethodIndex::isMatchingMethod (68 bytes)
Event: 42.205 Thread 0x00000000569ed800 nmethod 6655 0x0000000003bb3050 code [0x0000000003bb31a0, 0x0000000003bb32d8]
Event: 42.205 Thread 0x00000000569ed800 6662       4       groovy.lang.MetaClassImpl::findPropertyMethod (356 bytes)
Event: 42.212 Thread 0x00000000569eb000 6663   !   2       java.lang.StringCoding$StringDecoder::decode (179 bytes)
Event: 42.214 Thread 0x00000000569eb000 nmethod 6663 0x0000000002f977d0 code [0x0000000002f97a20, 0x0000000002f98508]

GC Heap History (10 events):
Event: 36.187 GC heap before
{Heap before GC invocations=72 (full 7):
 PSYoungGen      total 214016K, used 184888K [0x00000000f0000000, 0x00000000ffe00000, 0x0000000100000000)
  eden space 169984K, 100% used [0x00000000f0000000,0x00000000fa600000,0x00000000fa600000)
  from space 44032K, 33% used [0x00000000fd300000,0x00000000fe18e3b8,0x00000000ffe00000)
  to   space 45056K, 0% used [0x00000000fa600000,0x00000000fa600000,0x00000000fd200000)
 ParOldGen       total 100864K, used 88888K [0x00000000d0000000, 0x00000000d6280000, 0x00000000f0000000)
  object space 100864K, 88% used [0x00000000d0000000,0x00000000d56ce050,0x00000000d6280000)
 Metaspace       used 63584K, capacity 65280K, committed 65720K, reserved 1107968K
  class space    used 6617K, capacity 7109K, committed 7168K, reserved 1048576K
Event: 36.388 GC heap after
Heap after GC invocations=72 (full 7):
 PSYoungGen      total 215040K, used 19272K [0x00000000f0000000, 0x00000000ffd00000, 0x0000000100000000)
  eden space 169984K, 0% used [0x00000000f0000000,0x00000000f0000000,0x00000000fa600000)
  from space 45056K, 42% used [0x00000000fa600000,0x00000000fb8d2108,0x00000000fd200000)
  to   space 43008K, 0% used [0x00000000fd300000,0x00000000fd300000,0x00000000ffd00000)
 ParOldGen       total 100864K, used 90056K [0x00000000d0000000, 0x00000000d6280000, 0x00000000f0000000)
  object space 100864K, 89% used [0x00000000d0000000,0x00000000d57f2050,0x00000000d6280000)
 Metaspace       used 63584K, capacity 65280K, committed 65720K, reserved 1107968K
  class space    used 6617K, capacity 7109K, committed 7168K, reserved 1048576K
}
Event: 37.655 GC heap before
{Heap before GC invocations=73 (full 7):
 PSYoungGen      total 215040K, used 182271K [0x00000000f0000000, 0x00000000ffd00000, 0x0000000100000000)
  eden space 169984K, 95% used [0x00000000f0000000,0x00000000f9f2dcf8,0x00000000fa600000)
  from space 45056K, 42% used [0x00000000fa600000,0x00000000fb8d2108,0x00000000fd200000)
  to   space 43008K, 0% used [0x00000000fd300000,0x00000000fd300000,0x00000000ffd00000)
 ParOldGen       total 100864K, used 90056K [0x00000000d0000000, 0x00000000d6280000, 0x00000000f0000000)
  object space 100864K, 89% used [0x00000000d0000000,0x00000000d57f2050,0x00000000d6280000)
 Metaspace       used 64820K, capacity 66536K, committed 66872K, reserved 1110016K
  class space    used 6736K, capacity 7208K, committed 7296K, reserved 1048576K
Event: 37.737 GC heap after
Heap after GC invocations=73 (full 7):
 PSYoungGen      total 216064K, used 23762K [0x00000000f0000000, 0x00000000ffc00000, 0x0000000100000000)
  eden space 174080K, 0% used [0x00000000f0000000,0x00000000f0000000,0x00000000faa00000)
  from space 41984K, 56% used [0x00000000fd300000,0x00000000fea34b70,0x00000000ffc00000)
  to   space 41984K, 0% used [0x00000000faa00000,0x00000000faa00000,0x00000000fd300000)
 ParOldGen       total 100864K, used 91982K [0x00000000d0000000, 0x00000000d6280000, 0x00000000f0000000)
  object space 100864K, 91% used [0x00000000d0000000,0x00000000d59d38a8,0x00000000d6280000)
 Metaspace       used 64820K, capacity 66536K, committed 66872K, reserved 1110016K
  class space    used 6736K, capacity 7208K, committed 7296K, reserved 1048576K
}
Event: 38.490 GC heap before
{Heap before GC invocations=74 (full 7):
 PSYoungGen      total 216064K, used 195334K [0x00000000f0000000, 0x00000000ffc00000, 0x0000000100000000)
  eden space 174080K, 98% used [0x00000000f0000000,0x00000000fa78cf10,0x00000000faa00000)
  from space 41984K, 56% used [0x00000000fd300000,0x00000000fea34b70,0x00000000ffc00000)
  to   space 41984K, 0% used [0x00000000faa00000,0x00000000faa00000,0x00000000fd300000)
 ParOldGen       total 100864K, used 91982K [0x00000000d0000000, 0x00000000d6280000, 0x00000000f0000000)
  object space 100864K, 91% used [0x00000000d0000000,0x00000000d59d38a8,0x00000000d6280000)
 Metaspace       used 65592K, capacity 67306K, committed 67768K, reserved 1110016K
  class space    used 6839K, capacity 7313K, committed 7424K, reserved 1048576K
Event: 38.542 GC heap after
Heap after GC invocations=74 (full 7):
 PSYoungGen      total 216064K, used 24467K [0x00000000f0000000, 0x00000000ffe00000, 0x0000000100000000)
  eden space 174080K, 0% used [0x00000000f0000000,0x00000000f0000000,0x00000000faa00000)
  from space 41984K, 58% used [0x00000000faa00000,0x00000000fc1e4eb0,0x00000000fd300000)
  to   space 40960K, 0% used [0x00000000fd600000,0x00000000fd600000,0x00000000ffe00000)
 ParOldGen       total 100864K, used 92238K [0x00000000d0000000, 0x00000000d6280000, 0x00000000f0000000)
  object space 100864K, 91% used [0x00000000d0000000,0x00000000d5a138a8,0x00000000d6280000)
 Metaspace       used 65592K, capacity 67306K, committed 67768K, reserved 1110016K
  class space    used 6839K, capacity 7313K, committed 7424K, reserved 1048576K
}
Event: 40.107 GC heap before
{Heap before GC invocations=75 (full 7):
 PSYoungGen      total 216064K, used 198547K [0x00000000f0000000, 0x00000000ffe00000, 0x0000000100000000)
  eden space 174080K, 100% used [0x00000000f0000000,0x00000000faa00000,0x00000000faa00000)
  from space 41984K, 58% used [0x00000000faa00000,0x00000000fc1e4eb0,0x00000000fd300000)
  to   space 40960K, 0% used [0x00000000fd600000,0x00000000fd600000,0x00000000ffe00000)
 ParOldGen       total 100864K, used 92238K [0x00000000d0000000, 0x00000000d6280000, 0x00000000f0000000)
  object space 100864K, 91% used [0x00000000d0000000,0x00000000d5a138a8,0x00000000d6280000)
 Metaspace       used 66558K, capacity 68232K, committed 68536K, reserved 1110016K
  class space    used 6938K, capacity 7399K, committed 7424K, reserved 1048576K
Event: 40.214 GC heap after
Heap after GC invocations=75 (full 7):
 PSYoungGen      total 218112K, used 31002K [0x00000000f0000000, 0x0000000100000000, 0x0000000100000000)
  eden space 177152K, 0% used [0x00000000f0000000,0x00000000f0000000,0x00000000fad00000)
  from space 40960K, 75% used [0x00000000fd600000,0x00000000ff446810,0x00000000ffe00000)
  to   space 41984K, 0% used [0x00000000fad00000,0x00000000fad00000,0x00000000fd600000)
 ParOldGen       total 100864K, used 93294K [0x00000000d0000000, 0x00000000d6280000, 0x00000000f0000000)
  object space 100864K, 92% used [0x00000000d0000000,0x00000000d5b1b8a8,0x00000000d6280000)
 Metaspace       used 66558K, capacity 68232K, committed 68536K, reserved 1110016K
  class space    used 6938K, capacity 7399K, committed 7424K, reserved 1048576K
}
Event: 41.210 GC heap before
{Heap before GC invocations=76 (full 7):
 PSYoungGen      total 218112K, used 208154K [0x00000000f0000000, 0x0000000100000000, 0x0000000100000000)
  eden space 177152K, 100% used [0x00000000f0000000,0x00000000fad00000,0x00000000fad00000)
  from space 40960K, 75% used [0x00000000fd600000,0x00000000ff446810,0x00000000ffe00000)
  to   space 41984K, 0% used [0x00000000fad00000,0x00000000fad00000,0x00000000fd600000)
 ParOldGen       total 100864K, used 93294K [0x00000000d0000000, 0x00000000d6280000, 0x00000000f0000000)
  object space 100864K, 92% used [0x00000000d0000000,0x00000000d5b1b8a8,0x00000000d6280000)
 Metaspace       used 68092K, capacity 69742K, committed 70072K, reserved 1112064K
  class space    used 7161K, capacity 7624K, committed 7680K, reserved 1048576K
Event: 41.295 GC heap after
Heap after GC invocations=76 (full 7):
 PSYoungGen      total 214528K, used 36987K [0x00000000f0000000, 0x0000000100000000, 0x0000000100000000)
  eden space 177152K, 0% used [0x00000000f0000000,0x00000000f0000000,0x00000000fad00000)
  from space 37376K, 98% used [0x00000000fad00000,0x00000000fd11ec20,0x00000000fd180000)
  to   space 45568K, 0% used [0x00000000fd380000,0x00000000fd380000,0x0000000100000000)
 ParOldGen       total 100864K, used 93526K [0x00000000d0000000, 0x00000000d6280000, 0x00000000f0000000)
  object space 100864K, 92% used [0x00000000d0000000,0x00000000d5b558a8,0x00000000d6280000)
 Metaspace       used 68092K, capacity 69742K, committed 70072K, reserved 1112064K
  class space    used 7161K, capacity 7624K, committed 7680K, reserved 1048576K
}

Deoptimization events (10 events):
Event: 37.950 Thread 0x0000000057919000 Uncommon trap: reason=class_check action=maybe_recompile pc=0x0000000003efdda0 method=sl.org.objectweb.asm.ClassReader.a(Lsl/org/objectweb/asm/MethodVisitor;Lsl/org/objectweb/asm/Context;I)V @ 1945
Event: 37.950 Thread 0x0000000057919000 Uncommon trap: reason=class_check action=maybe_recompile pc=0x0000000003efdda0 method=sl.org.objectweb.asm.ClassReader.a(Lsl/org/objectweb/asm/MethodVisitor;Lsl/org/objectweb/asm/Context;I)V @ 1945
Event: 37.950 Thread 0x0000000057919000 Uncommon trap: reason=class_check action=maybe_recompile pc=0x0000000003efdda0 method=sl.org.objectweb.asm.ClassReader.a(Lsl/org/objectweb/asm/MethodVisitor;Lsl/org/objectweb/asm/Context;I)V @ 1945
Event: 38.466 Thread 0x0000000057919000 Uncommon trap: reason=null_check action=make_not_entrant pc=0x0000000003b99d3c method=org.springsource.loaded.ri.ReflectiveInterceptor.jlClassGetModifiers(Ljava/lang/Class;)I @ 10
Event: 38.935 Thread 0x0000000057919000 Uncommon trap: reason=unreached action=reinterpret pc=0x00000000041c2768 method=org.codehaus.groovy.runtime.metaclass.MetaMethodIndex.getMethods(Ljava/lang/Class;Ljava/lang/String;)Lorg/codehaus/groovy/runtime/metaclass/MetaMethodIndex$Entry; @ 61
Event: 38.942 Thread 0x0000000057919000 Uncommon trap: reason=unreached action=reinterpret pc=0x0000000003723574 method=org.codehaus.groovy.runtime.metaclass.MetaMethodIndex.getMethods(Ljava/lang/Class;Ljava/lang/String;)Lorg/codehaus/groovy/runtime/metaclass/MetaMethodIndex$Entry; @ 61
Event: 39.337 Thread 0x0000000057919000 Uncommon trap: reason=unreached action=reinterpret pc=0x000000000369a9f8 method=org.springframework.beans.factory.support.AbstractAutowireCapableBeanFactory.predictBeanType(Ljava/lang/String;Lorg/springframework/beans/factory/support/RootBeanDefinition;[Lj@gÃã“C@
Event: 39.645 Thread 0x0000000057919000 Uncommon trap: reason=class_check action=maybe_recompile pc=0x0000000004036a78 method=sun.reflect.generics.factory.CoreReflectionFactory.findTypeVariable(Ljava/lang/String;)Ljava/lang/reflect/TypeVariable; @ 5
Event: 39.645 Thread 0x0000000057919000 Uncommon trap: reason=class_check action=maybe_recompile pc=0x0000000004036a78 method=sun.reflect.generics.factory.CoreReflectionFactory.findTypeVariable(Ljava/lang/String;)Ljava/lang/reflect/TypeVariable; @ 5
Event: 40.841 Thread 0x0000000057919000 Uncommon trap: reason=unloaded action=reinterpret pc=0x000000000316ef7c method=org.springframework.core.BridgeMethodResolver.findBridgedMethod(Ljava/lang/reflect/Method;)Ljava/lang/reflect/Method; @ 13

Internal exceptions (10 events):
Event: 42.244 Thread 0x0000000057919000 Exception <a 'java/security/PrivilegedActionException'> (0x00000000f8df04f8) thrown at [C:\re\workspace\8-2-build-windows-amd64-cygwin\jdk8u11\648\hotspot\src\share\vm\prims\jvm.cpp, line 1248]
Event: 42.244 Thread 0x0000000057919000 Exception <a 'java/lang/ClassNotFoundException': org/grails/async/factory/gpars/LoggingPoolFactoryBeanInfo> (0x00000000f8df1290) thrown at [C:\re\workspace\8-2-build-windows-amd64-cygwin\jdk8u11\648\hotspot\src\share\vm\classfile\systemDictionary.cpp, line>¶®:E@
Event: 42.244 Thread 0x0000000057919000 Exception <a 'java/security/PrivilegedActionException'> (0x00000000f8df22b0) thrown at [C:\re\workspace\8-2-build-windows-amd64-cygwin\jdk8u11\648\hotspot\src\share\vm\prims\jvm.cpp, line 1248]
Event: 42.244 Thread 0x0000000057919000 Exception <a 'java/security/PrivilegedActionException'> (0x00000000f8df65a0) thrown at [C:\re\workspace\8-2-build-windows-amd64-cygwin\jdk8u11\648\hotspot\src\share\vm\prims\jvm.cpp, line 1248]
Event: 42.244 Thread 0x0000000057919000 Exception <a 'java/security/PrivilegedActionException'> (0x00000000f8e06c98) thrown at [C:\re\workspace\8-2-build-windows-amd64-cygwin\jdk8u11\648\hotspot\src\share\vm\prims\jvm.cpp, line 1248]
Event: 42.245 Thread 0x0000000057919000 Exception <a 'java/security/PrivilegedActionException'> (0x00000000f8e1b318) thrown at [C:\re\workspace\8-2-build-windows-amd64-cygwin\jdk8u11\648\hotspot\src\share\vm\prims\jvm.cpp, line 1248]
Event: 42.245 Thread 0x0000000057919000 Exception <a 'java/security/PrivilegedActionException'> (0x00000000f8e1f608) thrown at [C:\re\workspace\8-2-build-windows-amd64-cygwin\jdk8u11\648\hotspot\src\share\vm\prims\jvm.cpp, line 1248]
Event: 42.245 Thread 0x0000000057919000 Exception <a 'java/security/PrivilegedActionException'> (0x00000000f8e2fd00) thrown at [C:\re\workspace\8-2-build-windows-amd64-cygwin\jdk8u11\648\hotspot\src\share\vm\prims\jvm.cpp, line 1248]
Event: 42.246 Thread 0x0000000057919000 Exception <a 'java/security/PrivilegedActionException'> (0x00000000f8e53b98) thrown at [C:\re\workspace\8-2-build-windows-amd64-cygwin\jdk8u11\648\hotspot\src\share\vm\prims\jvm.cpp, line 1248]
Event: 42.246 Thread 0x0000000057919000 Exception <a 'java/lang/ClassNotFoundException': org/grails/async/factory/gpars/LoggingPoolFactoryCustomizer> (0x00000000f8e54930) thrown at [C:\re\workspace\8-2-build-windows-amd64-cygwin\jdk8u11\648\hotspot\src\share\vm\classfile\systemDictionary.cpp, li›ËWõ3E@

Events (10 events):
Event: 42.243 loading class org/grails/async/factory/gpars/LoggingPoolFactoryBeanInfo
Event: 42.243 loading class org/grails/async/factory/gpars/LoggingPoolFactoryBeanInfo done
Event: 42.244 loading class org/grails/async/factory/gpars/LoggingPoolFactoryBeanInfo
Event: 42.244 loading class org/grails/async/factory/gpars/LoggingPoolFactoryBeanInfo done
Event: 42.244 loading class org/grails/async/factory/gpars/LoggingPoolFactoryCustomizer
Event: 42.244 loading class org/grails/async/factory/gpars/LoggingPoolFactoryCustomizer done
Event: 42.245 loading class org/grails/async/factory/gpars/LoggingPoolFactoryCustomizer
Event: 42.245 loading class org/grails/async/factory/gpars/LoggingPoolFactoryCustomizer done
Event: 42.246 loading class org/grails/async/factory/gpars/LoggingPoolFactoryCustomizer
Event: 42.246 loading class org/grails/async/factory/gpars/LoggingPoolFactoryCustomizer done


Dynamic libraries:
0x000000013fea0000 - 0x000000013fed4000 	C:\Program Files\Java\jdk1.8.0_11\bin\java.exe
0x0000000077430000 - 0x00000000775d9000 	C:\Windows\SYSTEM32\ntdll.dll
0x0000000077310000 - 0x000000007742f000 	C:\Windows\system32\kernel32.dll
0x000007fefd9a0000 - 0x000007fefda0c000 	C:\Windows\system32\KERNELBASE.dll
0x000007feff3b0000 - 0x000007feff48b000 	C:\Windows\system32\ADVAPI32.dll
0x000007fefdea0000 - 0x000007fefdf3f000 	C:\Windows\system32\msvcrt.dll
0x000007fefdc60000 - 0x000007fefdc7f000 	C:\Windows\SYSTEM32\sechost.dll
0x000007feff060000 - 0x000007feff18d000 	C:\Windows\system32\RPCRT4.dll
0x0000000077210000 - 0x000000007730a000 	C:\Windows\system32\USER32.dll
0x000007fefdd80000 - 0x000007fefdde7000 	C:\Windows\system32\GDI32.dll
0x000007feff3a0000 - 0x000007feff3ae000 	C:\Windows\system32\LPK.dll
0x000007feff490000 - 0x000007feff559000 	C:\Windows\system32\USP10.dll
0x000007fefbe90000 - 0x000007fefc084000 	C:\Windows\WinSxS\amd64_microsoft.windows.common-controls_6595b64144ccf1df_6.0.7601.17514_none_fa396087175ac9ac\COMCTL32.dll
0x000007fefdd00000 - 0x000007fefdd71000 	C:\Windows\system32\SHLWAPI.dll
0x000007fefdcd0000 - 0x000007fefdcfe000 	C:\Windows\system32\IMM32.DLL
0x000007fefeeb0000 - 0x000007fefefb9000 	C:\Windows\system32\MSCTF.dll
0x0000000180000000 - 0x000000018001c000 	C:\Windows\system32\btpload64.dll
0x00000000775f0000 - 0x00000000775f7000 	C:\Windows\system32\PSAPI.DLL
0x0000000001c60000 - 0x0000000001c8c000 	C:\Windows\system32\privman64.dll
0x000007fefd7e0000 - 0x000007fefd7ec000 	C:\Windows\system32\VERSION.dll
0x000007fefdf40000 - 0x000007fefecc9000 	C:\Windows\system32\SHELL32.dll
0x000007fefd7c0000 - 0x000007fefd7de000 	C:\Windows\system32\USERENV.dll
0x000007fefd890000 - 0x000007fefd89f000 	C:\Windows\system32\profapi.dll
0x000000006ed90000 - 0x000000006ee62000 	C:\Program Files\Java\jdk1.8.0_11\jre\bin\msvcr100.dll
0x00000000559d0000 - 0x00000000561fa000 	C:\Program Files\Java\jdk1.8.0_11\jre\bin\server\jvm.dll
0x000007fefcd70000 - 0x000007fefcd79000 	C:\Windows\system32\WSOCK32.dll
0x000007fefdc80000 - 0x000007fefdccd000 	C:\Windows\system32\WS2_32.dll
0x000007fefddf0000 - 0x000007fefddf8000 	C:\Windows\system32\NSI.dll
0x000007fefb3d0000 - 0x000007fefb40b000 	C:\Windows\system32\WINMM.dll
0x00000000707c0000 - 0x00000000707cf000 	C:\Program Files\Java\jdk1.8.0_11\jre\bin\verify.dll
0x0000000070790000 - 0x00000000707b8000 	C:\Program Files\Java\jdk1.8.0_11\jre\bin\java.dll
0x0000000070690000 - 0x00000000706b3000 	C:\Program Files\Java\jdk1.8.0_11\jre\bin\instrument.dll
0x0000000070460000 - 0x0000000070476000 	C:\Program Files\Java\jdk1.8.0_11\jre\bin\zip.dll
0x00000000566e0000 - 0x00000000568e3000 	C:\Windows\system32\ole32.dll
0x000007fefd130000 - 0x000007fefd147000 	C:\Windows\system32\CRYPTSP.dll
0x000007fefce30000 - 0x000007fefce77000 	C:\Windows\system32\rsaenh.dll
0x000007fefd790000 - 0x000007fefd79f000 	C:\Windows\system32\CRYPTBASE.dll
0x0000000070440000 - 0x000000007045a000 	C:\Program Files\Java\jdk1.8.0_11\jre\bin\net.dll
0x000007fefd0d0000 - 0x000007fefd125000 	C:\Windows\system32\mswsock.dll
0x000007fefd0c0000 - 0x000007fefd0c7000 	C:\Windows\System32\wship6.dll
0x000007fefc460000 - 0x000007fefc487000 	C:\Windows\system32\IPHLPAPI.DLL
0x000007fefc450000 - 0x000007fefc45b000 	C:\Windows\system32\WINNSI.DLL
0x000007fefadd0000 - 0x000007fefade8000 	C:\Windows\system32\dhcpcsvc.DLL
0x000007fefae10000 - 0x000007fefae21000 	C:\Windows\system32\dhcpcsvc6.DLL
0x0000000070420000 - 0x0000000070431000 	C:\Program Files\Java\jdk1.8.0_11\jre\bin\nio.dll
0x000007fefc580000 - 0x000007fefc58a000 	C:\Users\rgopal\AppData\Local\Temp\jansi-64-4097385222054634641.dll
0x0000000070780000 - 0x000000007078d000 	C:\Program Files\Java\jdk1.8.0_11\jre\bin\management.dll
0x000007fefc950000 - 0x000007fefc957000 	C:\Windows\System32\wshtcpip.dll
0x000007fefcf50000 - 0x000007fefcfab000 	C:\Windows\system32\DNSAPI.dll
0x0000000074b00000 - 0x0000000074b26000 	C:\Program Files\Bonjour\mdnsNSP.dll
0x000007fefae00000 - 0x000007fefae08000 	C:\Windows\system32\rasadhlp.dll
0x000007fefad70000 - 0x000007fefadc3000 	C:\Windows\System32\fwpuclnt.dll
0x000007fefaf50000 - 0x000007fefaf65000 	C:\Windows\system32\NLAapi.dll
0x000007fefaf30000 - 0x000007fefaf45000 	C:\Windows\system32\napinsp.dll
0x000007fefaea0000 - 0x000007fefaeb9000 	C:\Windows\system32\pnrpnsp.dll
0x000007fefae90000 - 0x000007fefae9b000 	C:\Windows\System32\winrnr.dll
0x000007fefae80000 - 0x000007fefae90000 	C:\Windows\system32\wshbth.dll
0x000007fef3a30000 - 0x000007fef3b55000 	C:\Windows\system32\dbghelp.dll

VM Arguments:
jvm_args: -Dfile.encoding=UTF-8 -Xmx768M -Xms64M -Dgrails.fork.parent.process.port=61265 -Dgrails.fork.active=true -Dgrails.build.execution.context=C:\Users\rgopal\AppData\Local\Temp\central8061420638021780256grails-execution-context -Dgrails.home=C:\Users\rgopal\Documents\grails-2.4.4\grails-2.4.4 -javaagent:C:\Users\rgopal\Documents\grails-2.4.4\grails-2.4.4\lib\org.springframework\springloaded\jars\springloaded-1.2.1.RELEASE.jar -Xverify:none -Dspringloaded.synchronize=true -Djdk.reflect.allowGetCallerClass=true -Dspringloaded=profile=grails;cacheDir=C:\Users\rgopal/.grails/2.4.4/ 
java_command: org.grails.plugins.tomcat.fork.ForkedTomcatServer
java_class_path (initial): C:\Program Files\Java\jdk1.8.0_11\lib\tools.jar;C:\Users\rgopal\Documents\grails-2.4.4\grails-2.4.4\lib\org.codehaus.groovy\groovy-all\jars\groovy-all-2.3.7.jar;C:\Users\rgopal\Documents\grails-2.4.4\grails-2.4.4\lib\org.slf4j\jcl-over-slf4j\jars\jcl-over-slf4j-1.7.5.jar;C:\Users\rgopal\Documents\grails-2.4.4\grails-2.4.4\lib\org.codehaus.gant\gant_groovy1.8\jars\gant_groovy1.8-1.9.6.jar;C:\Users\rgopal\Documents\grails-2.4.4\grails-2.4.4\lib\org.apache.tomcat.embed\tomcat-embed-logging-log4j\jars\tomcat-embed-logging-log4j-7.0.50.jar;C:\Users\rgopal\Documents\grails-2.4.4\grails-2.4.4\dist\grails-plugin-log4j-2.4.4.jar;C:\Users\rgopal\Documents\grails-2.4.4\grails-2.4.4\lib\log4j\log4j\jars\log4j-1.2.17.jar;C:\Users\rgopal\Documents\grails-2.4.4\grails-2.4.4\dist\grails-bootstrap-2.4.4.jar;C:\Users\rgopal\Documents\grails-2.4.4\grails-2.4.4\lib\org.slf4j\slf4j-api\jars\slf4j-api-1.7.5.jar;C:\Users\rgopal\Documents\grails-2.4.4\grails-2.4.4\lib\jline\jline\jars\jline-2.12.jar;C:\Users\rgopal\Documents\grails-2.4.4\grails-2.4.4\lib\org.apache.ant\ant\jars\ant-1.8.4.jar;C:\Users\rgopal\Documents\grails-2.4.4\grails-2.4.4\lib\org.apache.ant\ant-launcher\jars\ant-launcher-1.8.4.jar;C:\Users\rgopal\Documents\grails-2.4.4\grails-2.4.4\lib\org.apache.ant\ant-trax\jars\ant-trax-1.7.1.jar;C:\Users\rgopal\Documents\grails-2.4.4\grails-2.4.4\lib\org.apache.ant\ant-junit\jars\ant-junit-1.8.4.jar;C:\Users\rgopal\Documents\grails-2.4.4\grails-2.4.4\lib\org.apache.ivy\ivy\jars\ivy-2.3.0.jar;C:\Users\rgopal\Documents\grails-2.4.4\grails-2.4.4\lib\org.fusesource.jansi\jansi\jars\jansi-1.11.jar;C:\Users\rgopal\.m2\repository\org\apache\tomcat\tomcat-catalina-ant\7.0.55\tomcat-catalina-ant-7.0.55.jar;C:\Users\rgopal\.m2\repository\org\apache\tomcat\embed\tomcat-embed-jasper\7.0.55\tomcat-embed-jasper-7.0.55.jar;C:\Users\rgopal\.m2\repository\org\apache\tomcat\embed\tomcat-embed-el\7.0.55\tomcat-embed-el-7.0.55.jar;C:\Users\rgopal\.m2\repository\org\apache\
Launcher Type: SUN_STANDARD

Environment Variables:
JAVA_HOME=C:\Program Files\Java\jdk1.8.0_11
PATH=C:\Windows\system32;C:\Windows;C:\Windows\System32\Wbem;C:\Windows\System32\WindowsPowerShell\v1.0\;C:\users\rgopal\My Documents\springsource\grails-2.3.5\bin\;c:\Program Files\Java\jdk1.7.0_51\bin\;C:\Program Files (x86)\MiKTeX 2.9\miktex\bin\
USERNAME=rgopal
OS=Windows_NT
PROCESSOR_IDENTIFIER=Intel64 Family 6 Model 37 Stepping 5, GenuineIntel



---------------  S Y S T E M  ---------------

OS: Windows 7 , 64 bit Build 7601 Service Pack 1

CPU:total 4 (2 cores per cpu, 2 threads per core) family 6 model 37 stepping 5, cmov, cx8, fxsr, mmx, sse, sse2, sse3, ssse3, sse4.1, sse4.2, popcnt, aes, clmul, ht, tsc, tscinvbit

Memory: 4k page, physical 8181608k(2391240k free), swap 16361352k(9805592k free)

vm_info: Java HotSpot(TM) 64-Bit Server VM (25.11-b03) for windows-amd64 JRE (1.8.0_11-b12), built on Jun 16 2014 20:57:32 by "java_re" with MS VC++ 10.0 (VS2010)

time: Sat Apr 18 16:33:25 2015
elapsed time: 42 seconds

