#
# A fatal error has been detected by the Java Runtime Environment:
#
#  EXCEPTION_ACCESS_VIOLATION (0xc0000005) at pc=0x000000005abd4db2, pid=9128, tid=8476
#
# JRE version: Java(TM) SE Runtime Environment (8.0_11-b12) (build 1.8.0_11-b12)
# Java VM: Java HotSpot(TM) 64-Bit Server VM (25.11-b03 mixed mode windows-amd64 compressed oops)
# Problematic frame:
# V  [jvm.dll+0x424db2]
#
# Failed to write core dump. Minidumps are not enabled by default on client versions of Windows
#
# If you would like to submit a bug report, please visit:
#   http://bugreport.sun.com/bugreport/crash.jsp
#

---------------  T H R E A D  ---------------

Current thread (0x00000000562f9800):  JavaThread "C2 CompilerThread0" daemon [_thread_in_native, id=8476, stack(0x0000000056920000,0x0000000056a20000)]

siginfo: ExceptionCode=0xc0000005, reading address 0x0000000000000000

Registers:
RAX=0x000000005f575fc8, RBX=0x0000000000000600, RCX=0x0000000000000000, RDX=0x0000000058c20b90
RSP=0x0000000056a1c400, RBP=0x00000000000000c0, RSI=0x00000000000000b8, RDI=0x0000000000000000
R8 =0x000000005a7b0000, R9 =0x0000000056a1c720, R10=0x00000000ffffffff, R11=0x0000000056317480
R12=0x000000005f5766d0, R13=0x000000005d066858, R14=0x0000000000000008, R15=0x000000005d066858
RIP=0x000000005abd4db2, EFLAGS=0x0000000000010206

Top of Stack: (sp=0x0000000056a1c400)
0x0000000056a1c400:   00000000000000da 00000000000000b0
0x0000000056a1c410:   000000000000000a 0000000000000400
0x0000000056a1c420:   0000000000000001 0000000000000600
0x0000000056a1c430:   0000000000000180 00000000000000c0
0x0000000056a1c440:   000000005954a6b0 00000000562f6300
0x0000000056a1c450:   00000000000006f8 0000000058c1c690
0x0000000056a1c460:   0000000056a1c720 000000005f573120
0x0000000056a1c470:   0000000000000020 0000000000000009
0x0000000056a1c480:   000000005f5766a0 00000000000000da
0x0000000056a1c490:   000000005d066858 000000005abd598d
0x0000000056a1c4a0:   000000005f5766a0 000000000000001c
0x0000000056a1c4b0:   00000000000000da 0000000056a1c720
0x0000000056a1c4c0:   0000000058c20b90 00000000000000da
0x0000000056a1c4d0:   000000005f573120 0000000000000020
0x0000000056a1c4e0:   000000005e482780 0000000056a1ea90
0x0000000056a1c4f0:   000000005e482db0 000000005f5766a0 

Instructions: (pc=0x000000005abd4db2)
0x000000005abd4d92:   c6 48 63 f0 48 03 f1 eb 04 48 83 ce ff 48 8b 84
0x000000005abd4da2:   24 a0 00 00 00 48 8b 40 08 48 8b 3c 03 48 8b cf
0x000000005abd4db2:   48 8b 07 ff 50 28 4c 8d 05 41 b2 bd ff 48 63 50
0x000000005abd4dc2:   10 4c 8b d8 48 8b ca 48 c1 e1 05 42 80 bc 01 c0 


Register to memory mapping:

RAX=0x000000005f575fc8 is an unknown value
RBX=0x0000000000000600 is an unknown value
RCX=0x0000000000000000 is an unknown value
RDX=0x0000000058c20b90 is an unknown value
RSP=0x0000000056a1c400 is pointing into the stack for thread: 0x00000000562f9800
RBP=0x00000000000000c0 is an unknown value
RSI=0x00000000000000b8 is an unknown value
RDI=0x0000000000000000 is an unknown value
R8 =0x000000005a7b0000 is an unknown value
R9 =0x0000000056a1c720 is pointing into the stack for thread: 0x00000000562f9800
R10=0x00000000ffffffff is an unknown value
R11=0x0000000056317480 is an unknown value
R12=0x000000005f5766d0 is an unknown value
R13=0x000000005d066858 is an unknown value
R14=0x0000000000000008 is an unknown value
R15=0x000000005d066858 is an unknown value


Stack: [0x0000000056920000,0x0000000056a20000],  sp=0x0000000056a1c400,  free space=1009k
Native frames: (J=compiled Java code, j=interpreted, Vv=VM code, C=native code)
V  [jvm.dll+0x424db2]
V  [jvm.dll+0x42598d]
V  [jvm.dll+0x425ecf]
V  [jvm.dll+0x4c5a84]
V  [jvm.dll+0x4415bc]
V  [jvm.dll+0x443a29]
V  [jvm.dll+0x427722]
V  [jvm.dll+0x96982]
V  [jvm.dll+0x97173]
V  [jvm.dll+0x2234b4]
V  [jvm.dll+0x27bcca]
C  [msvcr100.dll+0x21d9f]
C  [msvcr100.dll+0x21e3b]
C  [kernel32.dll+0x159ed]
C  [ntdll.dll+0x2c541]


Current CompileTask:
C2:  41328 6988       4       groovy.lang.MetaClassImpl::findPropertyMethod (356 bytes)


---------------  P R O C E S S  ---------------

Java Threads: ( => current thread )
  0x00000000587db000 JavaThread "com.oumuo.SecurityGroup.data" daemon [_thread_blocked, id=10832, stack(0x0000000061830000,0x0000000061930000)]
  0x00000000587da800 JavaThread "com.oumuo.Authority.data" daemon [_thread_blocked, id=7868, stack(0x0000000061340000,0x0000000061440000)]
  0x00000000587d9000 JavaThread "net.sf.ehcache.CacheManager@8291fa6" daemon [_thread_blocked, id=9292, stack(0x0000000060950000,0x0000000060a50000)]
  0x00000000587d8000 JavaThread "PoolCleaner[1070157899:1428775516451]" daemon [_thread_blocked, id=8752, stack(0x0000000060830000,0x0000000060930000)]
  0x0000000059780800 JavaThread "FileSystemWatcher: files=#266 cl=groovy.lang.GroovyClassLoader@3fc9504b" daemon [_thread_blocked, id=9848, stack(0x000000005b8a0000,0x000000005b9a0000)]
  0x0000000059397800 JavaThread "localhost-startStop-1" daemon [_thread_in_native, id=7904, stack(0x0000000059060000,0x0000000059160000)]
  0x0000000059387800 JavaThread "Tomcat-startStop-1" daemon [_thread_blocked, id=9312, stack(0x000000005b6b0000,0x000000005b7b0000)]
  0x0000000059af0000 JavaThread "Thread-3" [_thread_in_native, id=7068, stack(0x00000000579a0000,0x0000000057aa0000)]
  0x0000000057fad800 JavaThread "Thread-2" [_thread_blocked, id=3764, stack(0x000000005a5d0000,0x000000005a6d0000)]
  0x00000000575eb000 JavaThread "NonBlockingInputStreamThread" daemon [_thread_blocked, id=11248, stack(0x0000000056a50000,0x0000000056b50000)]
  0x0000000056480000 JavaThread "Service Thread" daemon [_thread_blocked, id=11200, stack(0x0000000056ed0000,0x0000000056fd0000)]
  0x0000000056281800 JavaThread "C1 CompilerThread2" daemon [_thread_blocked, id=5640, stack(0x0000000056d40000,0x0000000056e40000)]
  0x00000000562fa000 JavaThread "C2 CompilerThread1" daemon [_thread_in_native, id=9208, stack(0x0000000056ba0000,0x0000000056ca0000)]
=>0x00000000562f9800 JavaThread "C2 CompilerThread0" daemon [_thread_in_native, id=8476, stack(0x0000000056920000,0x0000000056a20000)]
  0x0000000056202800 JavaThread "Attach Listener" daemon [_thread_blocked, id=7980, stack(0x00000000566c0000,0x00000000567c0000)]
  0x0000000054cd9000 JavaThread "Signal Dispatcher" daemon [_thread_blocked, id=11496, stack(0x0000000055d10000,0x0000000055e10000)]
  0x0000000054c71000 JavaThread "Finalizer" daemon [_thread_blocked, id=3068, stack(0x0000000056100000,0x0000000056200000)]
  0x0000000054c6b800 JavaThread "Reference Handler" daemon [_thread_blocked, id=8376, stack(0x0000000055f60000,0x0000000056060000)]
  0x00000000029fa000 JavaThread "main" [_thread_blocked, id=4428, stack(0x0000000002d60000,0x0000000002e60000)]

Other Threads:
  0x0000000054c68000 VMThread [stack: 0x0000000055e10000,0x0000000055f10000] [id=7828]
  0x0000000056483000 WatcherThread [stack: 0x0000000057040000,0x0000000057140000] [id=5896]

VM state:not at safepoint (normal execution)

VM Mutex/Monitor currently owned by a thread: None

Heap:
 PSYoungGen      total 230912K, used 130883K [0x00000000f0000000, 0x0000000100000000, 0x0000000100000000)
  eden space 204800K, 53% used [0x00000000f0000000,0x00000000f6a416e8,0x00000000fc800000)
  from space 26112K, 84% used [0x00000000fe680000,0x00000000ffc0f620,0x0000000100000000)
  to   space 28672K, 0% used [0x00000000fc800000,0x00000000fc800000,0x00000000fe400000)
 ParOldGen       total 126976K, used 112031K [0x00000000d0000000, 0x00000000d7c00000, 0x00000000f0000000)
  object space 126976K, 88% used [0x00000000d0000000,0x00000000d6d67cb0,0x00000000d7c00000)
 Metaspace       used 68989K, capacity 70690K, committed 70960K, reserved 1112064K
  class space    used 7237K, capacity 7719K, committed 7788K, reserved 1048576K

Card table byte_map: [0x0000000012220000,0x00000000123b0000] byte_map_base: 0x0000000011ba0000

Marking Bits: (ParMarkBitMap*) 0x000000005af612b0
 Begin Bits: [0x0000000012ae0000, 0x00000000136e0000)
 End Bits:   [0x00000000136e0000, 0x00000000142e0000)

Polling page: 0x0000000000390000

CodeCache: size=245760Kb used=23216Kb max_used=23604Kb free=222544Kb
 bounds [0x0000000002e60000, 0x00000000045a0000, 0x0000000011e60000]
 total_blobs=6773 nmethods=6009 adapters=675
 compilation: enabled

Compilation events (10 events):
Event: 41.238 Thread 0x00000000562f9800 nmethod 6961 0x00000000034bcf50 code [0x00000000034bd380, 0x00000000034c1180]
Event: 41.238 Thread 0x00000000562f9800 7001       4       groovy.lang.MetaClassImpl$1MOPIter::processFastArray (210 bytes)
Event: 41.248 Thread 0x0000000056281800 7017   !   2       groovy.lang.MetaClassImpl::findMethod (146 bytes)
Event: 41.249 Thread 0x0000000056281800 nmethod 7017 0x000000000344c450 code [0x000000000344c640, 0x000000000344cc58]
Event: 41.252 Thread 0x00000000562f9800 nmethod 7001 0x0000000003d07490 code [0x0000000003d07640, 0x0000000003d08048]
Event: 41.252 Thread 0x00000000562f9800 7008       4       org.codehaus.groovy.reflection.ParameterTypes::coerceArgumentsToClasses (55 bytes)
Event: 41.260 Thread 0x00000000562f9800 nmethod 7008 0x0000000003170090 code [0x0000000003170220, 0x00000000031706a8]
Event: 41.260 Thread 0x00000000562f9800 6988       4       groovy.lang.MetaClassImpl::findPropertyMethod (356 bytes)
Event: 41.269 Thread 0x0000000056281800 7020       2       groovy.lang.MetaBeanProperty::setSetter (6 bytes)
Event: 41.269 Thread 0x0000000056281800 nmethod 7020 0x0000000003fe79d0 code [0x0000000003fe7b20, 0x0000000003fe7c90]

GC Heap History (10 events):
Event: 35.122 GC heap before
{Heap before GC invocations=62 (full 7):
 PSYoungGen      total 238592K, used 238575K [0x00000000f0000000, 0x0000000100000000, 0x0000000100000000)
  eden space 226304K, 100% used [0x00000000f0000000,0x00000000fdd00000,0x00000000fdd00000)
  from space 12288K, 99% used [0x00000000ff400000,0x00000000ffffbed0,0x0000000100000000)
  to   space 17920K, 0% used [0x00000000fdd00000,0x00000000fdd00000,0x00000000fee80000)
 ParOldGen       total 108544K, used 95890K [0x00000000d0000000, 0x00000000d6a00000, 0x00000000f0000000)
  object space 108544K, 88% used [0x00000000d0000000,0x00000000d5da4ab8,0x00000000d6a00000)
 Metaspace       used 64333K, capacity 66040K, committed 66224K, reserved 1107968K
  class space    used 6655K, capacity 7144K, committed 7148K, reserved 1048576K
Event: 35.176 GC heap after
Heap after GC invocations=62 (full 7):
 PSYoungGen      total 244224K, used 17914K [0x00000000f0000000, 0x0000000100000000, 0x0000000100000000)
  eden space 226304K, 0% used [0x00000000f0000000,0x00000000f0000000,0x00000000fdd00000)
  from space 17920K, 99% used [0x00000000fdd00000,0x00000000fee7eba0,0x00000000fee80000)
  to   space 17920K, 0% used [0x00000000fee80000,0x00000000fee80000,0x0000000100000000)
 ParOldGen       total 108544K, used 98042K [0x00000000d0000000, 0x00000000d6a00000, 0x00000000f0000000)
  object space 108544K, 90% used [0x00000000d0000000,0x00000000d5fbeb60,0x00000000d6a00000)
 Metaspace       used 64333K, capacity 66040K, committed 66224K, reserved 1107968K
  class space    used 6655K, capacity 7144K, committed 7148K, reserved 1048576K
}
Event: 36.206 GC heap before
{Heap before GC invocations=63 (full 7):
 PSYoungGen      total 244224K, used 243262K [0x00000000f0000000, 0x0000000100000000, 0x0000000100000000)
  eden space 226304K, 99% used [0x00000000f0000000,0x00000000fdc10f08,0x00000000fdd00000)
  from space 17920K, 99% used [0x00000000fdd00000,0x00000000fee7eba0,0x00000000fee80000)
  to   space 17920K, 0% used [0x00000000fee80000,0x00000000fee80000,0x0000000100000000)
 ParOldGen       total 108544K, used 98042K [0x00000000d0000000, 0x00000000d6a00000, 0x00000000f0000000)
  object space 108544K, 90% used [0x00000000d0000000,0x00000000d5fbeb60,0x00000000d6a00000)
 Metaspace       used 66015K, capacity 67678K, committed 68016K, reserved 1110016K
  class space    used 6829K, capacity 7305K, committed 7404K, reserved 1048576K
Event: 36.261 GC heap after
Heap after GC invocations=63 (full 7):
 PSYoungGen      total 228864K, used 17908K [0x00000000f0000000, 0x0000000100000000, 0x0000000100000000)
  eden space 210944K, 0% used [0x00000000f0000000,0x00000000f0000000,0x00000000fce00000)
  from space 17920K, 99% used [0x00000000fee80000,0x00000000ffffd108,0x0000000100000000)
  to   space 25600K, 0% used [0x00000000fce00000,0x00000000fce00000,0x00000000fe700000)
 ParOldGen       total 108544K, used 104098K [0x00000000d0000000, 0x00000000d6a00000, 0x00000000f0000000)
  object space 108544K, 95% used [0x00000000d0000000,0x00000000d65a88c8,0x00000000d6a00000)
 Metaspace       used 66015K, capacity 67678K, committed 68016K, reserved 1110016K
  class space    used 6829K, capacity 7305K, committed 7404K, reserved 1048576K
}
Event: 36.261 GC heap before
{Heap before GC invocations=64 (full 8):
 PSYoungGen      total 228864K, used 17908K [0x00000000f0000000, 0x0000000100000000, 0x0000000100000000)
  eden space 210944K, 0% used [0x00000000f0000000,0x00000000f0000000,0x00000000fce00000)
  from space 17920K, 99% used [0x00000000fee80000,0x00000000ffffd108,0x0000000100000000)
  to   space 25600K, 0% used [0x00000000fce00000,0x00000000fce00000,0x00000000fe700000)
 ParOldGen       total 108544K, used 104098K [0x00000000d0000000, 0x00000000d6a00000, 0x00000000f0000000)
  object space 108544K, 95% used [0x00000000d0000000,0x00000000d65a88c8,0x00000000d6a00000)
 Metaspace       used 66015K, capacity 67678K, committed 68016K, reserved 1110016K
  class space    used 6829K, capacity 7305K, committed 7404K, reserved 1048576K
Event: 37.853 GC heap after
Heap after GC invocations=64 (full 8):
 PSYoungGen      total 228864K, used 9661K [0x00000000f0000000, 0x0000000100000000, 0x0000000100000000)
  eden space 210944K, 0% used [0x00000000f0000000,0x00000000f0000000,0x00000000fce00000)
  from space 17920K, 53% used [0x00000000fee80000,0x00000000ff7ef4e0,0x0000000100000000)
  to   space 25600K, 0% used [0x00000000fce00000,0x00000000fce00000,0x00000000fe700000)
 ParOldGen       total 126976K, used 108539K [0x00000000d0000000, 0x00000000d7c00000, 0x00000000f0000000)
  object space 126976K, 85% used [0x00000000d0000000,0x00000000d69fec28,0x00000000d7c00000)
 Metaspace       used 66015K, capacity 67678K, committed 68016K, reserved 1110016K
  class space    used 6829K, capacity 7305K, committed 7404K, reserved 1048576K
}
Event: 39.633 GC heap before
{Heap before GC invocations=65 (full 8):
 PSYoungGen      total 228864K, used 220605K [0x00000000f0000000, 0x0000000100000000, 0x0000000100000000)
  eden space 210944K, 100% used [0x00000000f0000000,0x00000000fce00000,0x00000000fce00000)
  from space 17920K, 53% used [0x00000000fee80000,0x00000000ff7ef4e0,0x0000000100000000)
  to   space 25600K, 0% used [0x00000000fce00000,0x00000000fce00000,0x00000000fe700000)
 ParOldGen       total 126976K, used 108539K [0x00000000d0000000, 0x00000000d7c00000, 0x00000000f0000000)
  object space 126976K, 85% used [0x00000000d0000000,0x00000000d69fec28,0x00000000d7c00000)
 Metaspace       used 66997K, capacity 68662K, committed 68912K, reserved 1110016K
  class space    used 6930K, capacity 7430K, committed 7532K, reserved 1048576K
Event: 39.727 GC heap after
Heap after GC invocations=65 (full 8):
 PSYoungGen      total 226304K, used 14886K [0x00000000f0000000, 0x0000000100000000, 0x0000000100000000)
  eden space 210944K, 0% used [0x00000000f0000000,0x00000000f0000000,0x00000000fce00000)
  from space 15360K, 96% used [0x00000000fce00000,0x00000000fdc899f0,0x00000000fdd00000)
  to   space 26112K, 0% used [0x00000000fe680000,0x00000000fe680000,0x0000000100000000)
 ParOldGen       total 126976K, used 112023K [0x00000000d0000000, 0x00000000d7c00000, 0x00000000f0000000)
  object space 126976K, 88% used [0x00000000d0000000,0x00000000d6d65cb0,0x00000000d7c00000)
 Metaspace       used 66997K, capacity 68662K, committed 68912K, reserved 1110016K
  class space    used 6930K, capacity 7430K, committed 7532K, reserved 1048576K
}
Event: 40.713 GC heap before
{Heap before GC invocations=66 (full 8):
 PSYoungGen      total 226304K, used 222418K [0x00000000f0000000, 0x0000000100000000, 0x0000000100000000)
  eden space 210944K, 98% used [0x00000000f0000000,0x00000000fcaaae18,0x00000000fce00000)
  from space 15360K, 96% used [0x00000000fce00000,0x00000000fdc899f0,0x00000000fdd00000)
  to   space 26112K, 0% used [0x00000000fe680000,0x00000000fe680000,0x0000000100000000)
 ParOldGen       total 126976K, used 112023K [0x00000000d0000000, 0x00000000d7c00000, 0x00000000f0000000)
  object space 126976K, 88% used [0x00000000d0000000,0x00000000d6d65cb0,0x00000000d7c00000)
 Metaspace       used 68618K, capacity 70312K, committed 70576K, reserved 1112064K
  class space    used 7170K, capacity 7657K, committed 7660K, reserved 1048576K
Event: 40.756 GC heap after
Heap after GC invocations=66 (full 8):
 PSYoungGen      total 230912K, used 22077K [0x00000000f0000000, 0x0000000100000000, 0x0000000100000000)
  eden space 204800K, 0% used [0x00000000f0000000,0x00000000f0000000,0x00000000fc800000)
  from space 26112K, 84% used [0x00000000fe680000,0x00000000ffc0f620,0x0000000100000000)
  to   space 28672K, 0% used [0x00000000fc800000,0x00000000fc800000,0x00000000fe400000)
 ParOldGen       total 126976K, used 112031K [0x00000000d0000000, 0x00000000d7c00000, 0x00000000f0000000)
  object space 126976K, 88% used [0x00000000d0000000,0x00000000d6d67cb0,0x00000000d7c00000)
 Metaspace       used 68618K, capacity 70312K, committed 70576K, reserved 1112064K
  class space    used 7170K, capacity 7657K, committed 7660K, reserved 1048576K
}

Deoptimization events (10 events):
Event: 39.495 Thread 0x0000000059397800 Uncommon trap: reason=class_check action=maybe_recompile pc=0x00000000043606e0 method=java.beans.Introspector.addPropertyDescriptor(Ljava/beans/PropertyDescriptor;)V @ 110
Event: 39.564 Thread 0x0000000059397800 Uncommon trap: reason=class_check action=maybe_recompile pc=0x00000000033487c0 method=sun.reflect.generics.factory.CoreReflectionFactory.getDeclsLoader()Ljava/lang/ClassLoader; @ 25
Event: 39.564 Thread 0x0000000059397800 Uncommon trap: reason=class_check action=maybe_recompile pc=0x00000000033487c0 method=sun.reflect.generics.factory.CoreReflectionFactory.getDeclsLoader()Ljava/lang/ClassLoader; @ 25
Event: 39.901 Thread 0x0000000059397800 Uncommon trap: reason=class_check action=maybe_recompile pc=0x00000000043606e0 method=java.beans.Introspector.addPropertyDescriptor(Ljava/beans/PropertyDescriptor;)V @ 110
Event: 39.903 Thread 0x0000000059397800 Uncommon trap: reason=class_check action=maybe_recompile pc=0x00000000043606e0 method=java.beans.Introspector.addPropertyDescriptor(Ljava/beans/PropertyDescriptor;)V @ 110
Event: 40.007 Thread 0x0000000059397800 Uncommon trap: reason=null_check action=make_not_entrant pc=0x0000000004540510 method=org.springframework.util.ClassUtils.isAssignable(Ljava/lang/Class;Ljava/lang/Class;)Z @ 70
Event: 40.055 Thread 0x0000000059397800 Uncommon trap: reason=class_check action=maybe_recompile pc=0x00000000033487c0 method=sun.reflect.generics.factory.CoreReflectionFactory.getDeclsLoader()Ljava/lang/ClassLoader; @ 25
Event: 40.055 Thread 0x0000000059397800 Uncommon trap: reason=class_check action=maybe_recompile pc=0x00000000033487c0 method=sun.reflect.generics.factory.CoreReflectionFactory.getDeclsLoader()Ljava/lang/ClassLoader; @ 25
Event: 40.541 Thread 0x0000000059397800 Uncommon trap: reason=unloaded action=reinterpret pc=0x0000000003a433fc method=org.springframework.core.BridgeMethodResolver.findBridgedMethod(Ljava/lang/reflect/Method;)Ljava/lang/reflect/Method; @ 13
Event: 40.565 Thread 0x0000000059397800 Uncommon trap: reason=unreached action=reinterpret pc=0x000000000342c62c method=org.springframework.util.ObjectUtils.nullSafeEquals(Ljava/lang/Object;Ljava/lang/Object;)Z @ 8

Internal exceptions (10 events):
Event: 41.291 Thread 0x0000000059397800 Exception <a 'java/security/PrivilegedActionException'> (0x00000000f65233f0) thrown at [C:\re\workspace\8-2-build-windows-amd64-cygwin\jdk8u11\648\hotspot\src\share\vm\prims\jvm.cpp, line 1248]
Event: 41.291 Thread 0x0000000059397800 Exception <a 'java/security/PrivilegedActionException'> (0x00000000f6527a08) thrown at [C:\re\workspace\8-2-build-windows-amd64-cygwin\jdk8u11\648\hotspot\src\share\vm\prims\jvm.cpp, line 1248]
Event: 41.292 Thread 0x0000000059397800 Exception <a 'java/security/PrivilegedActionException'> (0x00000000f6537a50) thrown at [C:\re\workspace\8-2-build-windows-amd64-cygwin\jdk8u11\648\hotspot\src\share\vm\prims\jvm.cpp, line 1248]
Event: 41.292 Thread 0x0000000059397800 Exception <a 'java/security/PrivilegedActionException'> (0x00000000f653d7c0) thrown at [C:\re\workspace\8-2-build-windows-amd64-cygwin\jdk8u11\648\hotspot\src\share\vm\prims\jvm.cpp, line 1248]
Event: 41.294 Thread 0x0000000059397800 Exception <a 'java/security/PrivilegedActionException'> (0x00000000f6561ea0) thrown at [C:\re\workspace\8-2-build-windows-amd64-cygwin\jdk8u11\648\hotspot\src\share\vm\prims\jvm.cpp, line 1248]
Event: 41.294 Thread 0x0000000059397800 Exception <a 'java/security/PrivilegedActionException'> (0x00000000f6566d68) thrown at [C:\re\workspace\8-2-build-windows-amd64-cygwin\jdk8u11\648\hotspot\src\share\vm\prims\jvm.cpp, line 1248]
Event: 41.294 Thread 0x0000000059397800 Exception <a 'java/security/PrivilegedActionException'> (0x00000000f657a438) thrown at [C:\re\workspace\8-2-build-windows-amd64-cygwin\jdk8u11\648\hotspot\src\share\vm\prims\jvm.cpp, line 1248]
Event: 41.295 Thread 0x0000000059397800 Exception <a 'java/security/PrivilegedActionException'> (0x00000000f6592c58) thrown at [C:\re\workspace\8-2-build-windows-amd64-cygwin\jdk8u11\648\hotspot\src\share\vm\prims\jvm.cpp, line 1248]
Event: 41.295 Thread 0x0000000059397800 Exception <a 'java/security/PrivilegedActionException'> (0x00000000f6597af0) thrown at [C:\re\workspace\8-2-build-windows-amd64-cygwin\jdk8u11\648\hotspot\src\share\vm\prims\jvm.cpp, line 1248]
Event: 41.295 Thread 0x0000000059397800 Exception <a 'java/security/PrivilegedActionException'> (0x00000000f65ab1c0) thrown at [C:\re\workspace\8-2-build-windows-amd64-cygwin\jdk8u11\648\hotspot\src\share\vm\prims\jvm.cpp, line 1248]

Events (10 events):
Event: 41.290 loading class org/codehaus/groovy/grails/plugins/web/api/ServletRequestApiCustomizer
Event: 41.290 loading class org/codehaus/groovy/grails/plugins/web/api/ServletRequestApiCustomizer done
Event: 41.291 loading class org/codehaus/groovy/grails/plugins/web/api/ServletRequestApi$_closure1
Event: 41.291 loading class org/codehaus/groovy/grails/plugins/web/api/ServletRequestApi$_closure1 done
Event: 41.292 loading class groovy/runtime/metaclass/org/codehaus/groovy/grails/plugins/web/api/ServletRequestApi$_closure1MetaClass
Event: 41.292 loading class groovy/runtime/metaclass/org/codehaus/groovy/grails/plugins/web/api/ServletRequestApi$_closure1MetaClass done
Event: 41.294 loading class org/codehaus/groovy/grails/plugins/web/api/ServletRequestApi$_closure1BeanInfo
Event: 41.294 loading class org/codehaus/groovy/grails/plugins/web/api/ServletRequestApi$_closure1BeanInfo done
Event: 41.295 loading class org/codehaus/groovy/grails/plugins/web/api/ServletRequestApi$_closure1BeanInfo
Event: 41.295 loading class org/codehaus/groovy/grails/plugins/web/api/ServletRequestApi$_closure1BeanInfo done


Dynamic libraries:
0x000000013f700000 - 0x000000013f734000 	C:\Program Files\Java\jdk1.8.0_11\bin\java.exe
0x0000000077980000 - 0x0000000077b29000 	C:\Windows\SYSTEM32\ntdll.dll
0x0000000077860000 - 0x000000007797f000 	C:\Windows\system32\kernel32.dll
0x000007fefe140000 - 0x000007fefe1ac000 	C:\Windows\system32\KERNELBASE.dll
0x000007feff400000 - 0x000007feff4db000 	C:\Windows\system32\ADVAPI32.dll
0x000007feffb10000 - 0x000007feffbaf000 	C:\Windows\system32\msvcrt.dll
0x000007feffae0000 - 0x000007feffaff000 	C:\Windows\SYSTEM32\sechost.dll
0x000007fefef40000 - 0x000007feff06d000 	C:\Windows\system32\RPCRT4.dll
0x0000000077280000 - 0x000000007737a000 	C:\Windows\system32\USER32.dll
0x000007feffc20000 - 0x000007feffc87000 	C:\Windows\system32\GDI32.dll
0x000007feffc10000 - 0x000007feffc1e000 	C:\Windows\system32\LPK.dll
0x000007feff560000 - 0x000007feff629000 	C:\Windows\system32\USP10.dll
0x000007fefc3e0000 - 0x000007fefc5d4000 	C:\Windows\WinSxS\amd64_microsoft.windows.common-controls_6595b64144ccf1df_6.0.7601.17514_none_fa396087175ac9ac\COMCTL32.dll
0x000007feff4e0000 - 0x000007feff551000 	C:\Windows\system32\SHLWAPI.dll
0x000007feff110000 - 0x000007feff13e000 	C:\Windows\system32\IMM32.DLL
0x000007feff720000 - 0x000007feff829000 	C:\Windows\system32\MSCTF.dll
0x0000000180000000 - 0x000000018001c000 	C:\Windows\system32\btpload64.dll
0x0000000077b40000 - 0x0000000077b47000 	C:\Windows\system32\PSAPI.DLL
0x0000000000130000 - 0x000000000015c000 	C:\Windows\system32\privman64.dll
0x000007fefdd30000 - 0x000007fefdd3c000 	C:\Windows\system32\VERSION.dll
0x000007fefe1b0000 - 0x000007fefef39000 	C:\Windows\system32\SHELL32.dll
0x000007fefdd10000 - 0x000007fefdd2e000 	C:\Windows\system32\USERENV.dll
0x000007fefdde0000 - 0x000007fefddef000 	C:\Windows\system32\profapi.dll
0x000000006e110000 - 0x000000006e1e2000 	C:\Program Files\Java\jdk1.8.0_11\jre\bin\msvcr100.dll
0x000000005a7b0000 - 0x000000005afda000 	C:\Program Files\Java\jdk1.8.0_11\jre\bin\server\jvm.dll
0x000007fefd2c0000 - 0x000007fefd2c9000 	C:\Windows\system32\WSOCK32.dll
0x000007feff6d0000 - 0x000007feff71d000 	C:\Windows\system32\WS2_32.dll
0x000007feffb00000 - 0x000007feffb08000 	C:\Windows\system32\NSI.dll
0x000007fefb930000 - 0x000007fefb96b000 	C:\Windows\system32\WINMM.dll
0x0000000070860000 - 0x000000007086f000 	C:\Program Files\Java\jdk1.8.0_11\jre\bin\verify.dll
0x0000000070830000 - 0x0000000070858000 	C:\Program Files\Java\jdk1.8.0_11\jre\bin\java.dll
0x000000006c150000 - 0x000000006c173000 	C:\Program Files\Java\jdk1.8.0_11\jre\bin\instrument.dll
0x0000000070680000 - 0x0000000070696000 	C:\Program Files\Java\jdk1.8.0_11\jre\bin\zip.dll
0x000007feff830000 - 0x000007feffa33000 	C:\Windows\system32\ole32.dll
0x000007fefd680000 - 0x000007fefd697000 	C:\Windows\system32\CRYPTSP.dll
0x000007fefd380000 - 0x000007fefd3c7000 	C:\Windows\system32\rsaenh.dll
0x000007fefdce0000 - 0x000007fefdcef000 	C:\Windows\system32\CRYPTBASE.dll
0x0000000070660000 - 0x000000007067a000 	C:\Program Files\Java\jdk1.8.0_11\jre\bin\net.dll
0x000007fefd620000 - 0x000007fefd675000 	C:\Windows\system32\mswsock.dll
0x000007fefd610000 - 0x000007fefd617000 	C:\Windows\System32\wship6.dll
0x000007fefcd80000 - 0x000007fefcda7000 	C:\Windows\system32\IPHLPAPI.DLL
0x000007fefcd70000 - 0x000007fefcd7b000 	C:\Windows\system32\WINNSI.DLL
0x000007fefb3d0000 - 0x000007fefb3e8000 	C:\Windows\system32\dhcpcsvc.DLL
0x000007fefb3b0000 - 0x000007fefb3c1000 	C:\Windows\system32\dhcpcsvc6.DLL
0x0000000070640000 - 0x0000000070651000 	C:\Program Files\Java\jdk1.8.0_11\jre\bin\nio.dll
0x000007fefae60000 - 0x000007fefae6a000 	C:\Users\rgopal\AppData\Local\Temp\jansi-64-4900383642964899.dll
0x0000000070590000 - 0x000000007059d000 	C:\Program Files\Java\jdk1.8.0_11\jre\bin\management.dll
0x000007fefce80000 - 0x000007fefce87000 	C:\Windows\System32\wshtcpip.dll
0x000007fefd4a0000 - 0x000007fefd4fb000 	C:\Windows\system32\DNSAPI.dll
0x0000000074fa0000 - 0x0000000074fc6000 	C:\Program Files\Bonjour\mdnsNSP.dll
0x000007fefb340000 - 0x000007fefb348000 	C:\Windows\system32\rasadhlp.dll
0x000007fefb350000 - 0x000007fefb3a3000 	C:\Windows\System32\fwpuclnt.dll
0x000007fefb450000 - 0x000007fefb465000 	C:\Windows\system32\NLAapi.dll
0x000007fefb430000 - 0x000007fefb445000 	C:\Windows\system32\napinsp.dll
0x000007fefb410000 - 0x000007fefb429000 	C:\Windows\system32\pnrpnsp.dll
0x000007fefb400000 - 0x000007fefb40b000 	C:\Windows\System32\winrnr.dll
0x000007fefb3f0000 - 0x000007fefb400000 	C:\Windows\system32\wshbth.dll
0x000007fef6a90000 - 0x000007fef6bb5000 	C:\Windows\system32\dbghelp.dll

VM Arguments:
jvm_args: -Dfile.encoding=UTF-8 -Xmx768M -Xms64M -Dgrails.fork.parent.process.port=55479 -Dgrails.fork.active=true -Dgrails.build.execution.context=C:\Users\rgopal\AppData\Local\Temp\central3388581496169915959grails-execution-context -Dgrails.home=C:\Users\rgopal\Documents\grails-2.4.4\grails-2.4.4 -javaagent:C:\Users\rgopal\Documents\grails-2.4.4\grails-2.4.4\lib\org.springframework\springloaded\jars\springloaded-1.2.1.RELEASE.jar -Xverify:none -Dspringloaded.synchronize=true -Djdk.reflect.allowGetCallerClass=true -Dspringloaded=profile=grails;cacheDir=C:\Users\rgopal/.grails/2.4.4/ 
java_command: org.grails.plugins.tomcat.fork.ForkedTomcatServer
java_class_path (initial): C:\Program Files\Java\jdk1.8.0_11\lib\tools.jar;C:\Users\rgopal\Documents\grails-2.4.4\grails-2.4.4\lib\org.codehaus.groovy\groovy-all\jars\groovy-all-2.3.7.jar;C:\Users\rgopal\Documents\grails-2.4.4\grails-2.4.4\lib\org.slf4j\jcl-over-slf4j\jars\jcl-over-slf4j-1.7.5.jar;C:\Users\rgopal\Documents\grails-2.4.4\grails-2.4.4\lib\org.codehaus.gant\gant_groovy1.8\jars\gant_groovy1.8-1.9.6.jar;C:\Users\rgopal\Documents\grails-2.4.4\grails-2.4.4\lib\org.apache.tomcat.embed\tomcat-embed-logging-log4j\jars\tomcat-embed-logging-log4j-7.0.50.jar;C:\Users\rgopal\Documents\grails-2.4.4\grails-2.4.4\dist\grails-plugin-log4j-2.4.4.jar;C:\Users\rgopal\Documents\grails-2.4.4\grails-2.4.4\lib\log4j\log4j\jars\log4j-1.2.17.jar;C:\Users\rgopal\Documents\grails-2.4.4\grails-2.4.4\dist\grails-bootstrap-2.4.4.jar;C:\Users\rgopal\Documents\grails-2.4.4\grails-2.4.4\lib\org.slf4j\slf4j-api\jars\slf4j-api-1.7.5.jar;C:\Users\rgopal\Documents\grails-2.4.4\grails-2.4.4\lib\jline\jline\jars\jline-2.12.jar;C:\Users\rgopal\Documents\grails-2.4.4\grails-2.4.4\lib\org.apache.ant\ant\jars\ant-1.8.4.jar;C:\Users\rgopal\Documents\grails-2.4.4\grails-2.4.4\lib\org.apache.ant\ant-launcher\jars\ant-launcher-1.8.4.jar;C:\Users\rgopal\Documents\grails-2.4.4\grails-2.4.4\lib\org.apache.ant\ant-trax\jars\ant-trax-1.7.1.jar;C:\Users\rgopal\Documents\grails-2.4.4\grails-2.4.4\lib\org.apache.ant\ant-junit\jars\ant-junit-1.8.4.jar;C:\Users\rgopal\Documents\grails-2.4.4\grails-2.4.4\lib\org.apache.ivy\ivy\jars\ivy-2.3.0.jar;C:\Users\rgopal\Documents\grails-2.4.4\grails-2.4.4\lib\org.fusesource.jansi\jansi\jars\jansi-1.11.jar;C:\Users\rgopal\.m2\repository\org\apache\tomcat\tomcat-catalina-ant\7.0.55\tomcat-catalina-ant-7.0.55.jar;C:\Users\rgopal\.m2\repository\org\apache\tomcat\embed\tomcat-embed-jasper\7.0.55\tomcat-embed-jasper-7.0.55.jar;C:\Users\rgopal\.m2\repository\org\apache\tomcat\embed\tomcat-embed-el\7.0.55\tomcat-embed-el-7.0.55.jar;C:\Users\rgopal\.m2\repository\org\apache\
Launcher Type: SUN_STANDARD

Environment Variables:
JAVA_HOME=C:\Program Files\Java\jdk1.8.0_11
PATH=C:\Windows\system32;C:\Windows;C:\Windows\System32\Wbem;C:\Windows\System32\WindowsPowerShell\v1.0\;C:\users\rgopal\My Documents\springsource\grails-2.3.5\bin\;c:\Program Files\Java\jdk1.7.0_51\bin\;C:\Program Files (x86)\MiKTeX 2.9\miktex\bin\
USERNAME=rgopal
OS=Windows_NT
PROCESSOR_IDENTIFIER=Intel64 Family 6 Model 37 Stepping 5, GenuineIntel



---------------  S Y S T E M  ---------------

OS: Windows 7 , 64 bit Build 7601 Service Pack 1

CPU:total 4 (2 cores per cpu, 2 threads per core) family 6 model 37 stepping 5, cmov, cx8, fxsr, mmx, sse, sse2, sse3, ssse3, sse4.1, sse4.2, popcnt, aes, clmul, ht, tsc, tscinvbit

Memory: 4k page, physical 8181608k(1725720k free), swap 16361352k(7999456k free)

vm_info: Java HotSpot(TM) 64-Bit Server VM (25.11-b03) for windows-amd64 JRE (1.8.0_11-b12), built on Jun 16 2014 20:57:32 by "java_re" with MS VC++ 10.0 (VS2010)

time: Sat Apr 11 14:05:29 2015
elapsed time: 41 seconds

