#
# A fatal error has been detected by the Java Runtime Environment:
#
#  EXCEPTION_ACCESS_VIOLATION (0xc0000005) at pc=0x0000000063dd4db2, pid=9484, tid=1460
#
# JRE version: Java(TM) SE Runtime Environment (8.0_11-b12) (build 1.8.0_11-b12)
# Java VM: Java HotSpot(TM) 64-Bit Server VM (25.11-b03 mixed mode windows-amd64 compressed oops)
# Problematic frame:
# V  [jvm.dll+0x424db2]
#
# Failed to write core dump. Minidumps are not enabled by default on client versions of Windows
#
# If you would like to submit a bug report, please visit:
#   http://bugreport.sun.com/bugreport/crash.jsp
#

---------------  T H R E A D  ---------------

Current thread (0x0000000056250000):  JavaThread "C2 CompilerThread1" daemon [_thread_in_native, id=1460, stack(0x0000000056a30000,0x0000000056b30000)]

siginfo: ExceptionCode=0xc0000005, reading address 0x0000000000000000

Registers:
RAX=0x000000005adb03d8, RBX=0x0000000000000600, RCX=0x0000000000000000, RDX=0x000000005adabfe0
RSP=0x0000000056b2c360, RBP=0x00000000000000c0, RSI=0x00000000000000b8, RDI=0x0000000000000000
R8 =0x00000000639b0000, R9 =0x0000000056b2c680, R10=0x00000000ffffffff, R11=0x0000000056261910
R12=0x000000005adb0af0, R13=0x00000000575bdbf8, R14=0x0000000000000008, R15=0x00000000575bdbf8
RIP=0x0000000063dd4db2, EFLAGS=0x0000000000010206

Top of Stack: (sp=0x0000000056b2c360)
0x0000000056b2c360:   00000000000000dc 00000000000000b0
0x0000000056b2c370:   000000000000000a 00000000584ed3e8
0x0000000056b2c380:   0000000000000001 0000000000000600
0x0000000056b2c390:   0000000000000180 00000000000000c0
0x0000000056b2c3a0:   000000005ab508f0 000000005625dc80
0x0000000056b2c3b0:   0000000000000768 0000000058dfce40
0x0000000056b2c3c0:   0000000056b2c680 000000005adad440
0x0000000056b2c3d0:   0000000000000020 0000000000000009
0x0000000056b2c3e0:   000000005adb0ac0 00000000000000dc
0x0000000056b2c3f0:   00000000575bdbf8 0000000063dd598d
0x0000000056b2c400:   000000005adb0ac0 000000000000001c
0x0000000056b2c410:   00000000000000dc 0000000056b2c680
0x0000000056b2c420:   000000005adabfe0 00000000000000dc
0x0000000056b2c430:   000000005adad440 0000000000000020
0x0000000056b2c440:   000000005887bd30 0000000056b2e9f0
0x0000000056b2c450:   000000005887c360 000000005adb0ac0 

Instructions: (pc=0x0000000063dd4db2)
0x0000000063dd4d92:   c6 48 63 f0 48 03 f1 eb 04 48 83 ce ff 48 8b 84
0x0000000063dd4da2:   24 a0 00 00 00 48 8b 40 08 48 8b 3c 03 48 8b cf
0x0000000063dd4db2:   48 8b 07 ff 50 28 4c 8d 05 41 b2 bd ff 48 63 50
0x0000000063dd4dc2:   10 4c 8b d8 48 8b ca 48 c1 e1 05 42 80 bc 01 c0 


Register to memory mapping:

RAX=0x000000005adb03d8 is an unknown value
RBX=0x0000000000000600 is an unknown value
RCX=0x0000000000000000 is an unknown value
RDX=0x000000005adabfe0 is an unknown value
RSP=0x0000000056b2c360 is pointing into the stack for thread: 0x0000000056250000
RBP=0x00000000000000c0 is an unknown value
RSI=0x00000000000000b8 is an unknown value
RDI=0x0000000000000000 is an unknown value
R8 =0x00000000639b0000 is an unknown value
R9 =0x0000000056b2c680 is pointing into the stack for thread: 0x0000000056250000
R10=0x00000000ffffffff is an unknown value
R11=0x0000000056261910 is an unknown value
R12=0x000000005adb0af0 is an unknown value
R13=0x00000000575bdbf8 is an unknown value
R14=0x0000000000000008 is an unknown value
R15=0x00000000575bdbf8 is an unknown value


Stack: [0x0000000056a30000,0x0000000056b30000],  sp=0x0000000056b2c360,  free space=1008k
Native frames: (J=compiled Java code, j=interpreted, Vv=VM code, C=native code)
V  [jvm.dll+0x424db2]
V  [jvm.dll+0x42598d]
V  [jvm.dll+0x425ecf]
V  [jvm.dll+0x4c5a84]
V  [jvm.dll+0x4415bc]
V  [jvm.dll+0x443a29]
V  [jvm.dll+0x427722]
V  [jvm.dll+0x96982]
V  [jvm.dll+0x97173]
V  [jvm.dll+0x2234b4]
V  [jvm.dll+0x27bcca]
C  [msvcr100.dll+0x21d9f]
C  [msvcr100.dll+0x21e3b]
C  [kernel32.dll+0x159ed]
C  [ntdll.dll+0x2c541]


Current CompileTask:
C2:  60385 7560       4       groovy.lang.MetaClassImpl::findPropertyMethod (356 bytes)


---------------  P R O C E S S  ---------------

Java Threads: ( => current thread )
  0x0000000057491800 JavaThread "net.sf.ehcache.CacheManager@53b4c88e" daemon [_thread_blocked, id=4576, stack(0x000000005bcc0000,0x000000005bdc0000)]
  0x0000000057491000 JavaThread "com.oumuo.SecurityGroup.data" daemon [_thread_blocked, id=5856, stack(0x000000005e110000,0x000000005e210000)]
  0x0000000057490000 JavaThread "com.oumuo.Authority.data" daemon [_thread_blocked, id=7024, stack(0x000000005eb90000,0x000000005ec90000)]
  0x000000005748e800 JavaThread "net.sf.ehcache.CacheManager@45e9a503" daemon [_thread_blocked, id=9380, stack(0x000000005ff20000,0x0000000060020000)]
  0x000000005802f800 JavaThread "PoolCleaner[192694377:1430079846344]" daemon [_thread_blocked, id=3128, stack(0x000000005f730000,0x000000005f830000)]
  0x000000005862d800 JavaThread "FileSystemWatcher: files=#298 cl=groovy.lang.GroovyClassLoader@b7c4869" daemon [_thread_blocked, id=8060, stack(0x000000005be10000,0x000000005bf10000)]
  0x0000000059699800 JavaThread "localhost-startStop-1" daemon [_thread_in_vm, id=5708, stack(0x0000000059ea0000,0x0000000059fa0000)]
  0x0000000057b3b000 JavaThread "Tomcat-startStop-1" daemon [_thread_blocked, id=4628, stack(0x000000005bba0000,0x000000005bca0000)]
  0x0000000059615000 JavaThread "Thread-3" [_thread_in_native, id=10248, stack(0x000000005a850000,0x000000005a950000)]
  0x0000000057fd8800 JavaThread "Thread-2" [_thread_blocked, id=4356, stack(0x000000005a030000,0x000000005a130000)]
  0x000000005739b000 JavaThread "NonBlockingInputStreamThread" daemon [_thread_blocked, id=8016, stack(0x00000000567a0000,0x00000000568a0000)]
  0x0000000056382800 JavaThread "Service Thread" daemon [_thread_blocked, id=8028, stack(0x0000000056580000,0x0000000056680000)]
  0x0000000056254000 JavaThread "C1 CompilerThread2" daemon [_thread_blocked, id=10888, stack(0x0000000056c10000,0x0000000056d10000)]
=>0x0000000056250000 JavaThread "C2 CompilerThread1" daemon [_thread_in_native, id=1460, stack(0x0000000056a30000,0x0000000056b30000)]
  0x0000000056259800 JavaThread "C2 CompilerThread0" daemon [_thread_in_native, id=7240, stack(0x00000000568c0000,0x00000000569c0000)]
  0x0000000054c78800 JavaThread "Attach Listener" daemon [_thread_blocked, id=9048, stack(0x0000000055f10000,0x0000000056010000)]
  0x0000000054c77800 JavaThread "Signal Dispatcher" daemon [_thread_blocked, id=2148, stack(0x00000000566a0000,0x00000000567a0000)]
  0x0000000054c17000 JavaThread "Finalizer" daemon [_thread_blocked, id=7376, stack(0x0000000056050000,0x0000000056150000)]
  0x0000000054c0c000 JavaThread "Reference Handler" daemon [_thread_blocked, id=9164, stack(0x0000000055cc0000,0x0000000055dc0000)]
  0x00000000023ea000 JavaThread "main" [_thread_blocked, id=10344, stack(0x0000000002c10000,0x0000000002d10000)]

Other Threads:
  0x0000000054c08800 VMThread [stack: 0x0000000055dc0000,0x0000000055ec0000] [id=7772]
  0x0000000056385800 WatcherThread [stack: 0x0000000056dd0000,0x0000000056ed0000] [id=4988]

VM state:not at safepoint (normal execution)

VM Mutex/Monitor currently owned by a thread: None

Heap:
 PSYoungGen      total 213504K, used 100870K [0x00000000f0000000, 0x0000000100000000, 0x0000000100000000)
  eden space 184320K, 38% used [0x00000000f0000000,0x00000000f4608038,0x00000000fb400000)
  from space 29184K, 99% used [0x00000000fe380000,0x00000000ffff9bc0,0x0000000100000000)
  to   space 38912K, 0% used [0x00000000fb400000,0x00000000fb400000,0x00000000fda00000)
 ParOldGen       total 132096K, used 116093K [0x00000000d0000000, 0x00000000d8100000, 0x00000000f0000000)
  object space 132096K, 87% used [0x00000000d0000000,0x00000000d715f5e0,0x00000000d8100000)
 Metaspace       used 71953K, capacity 73994K, committed 74112K, reserved 1116160K
  class space    used 7443K, capacity 8034K, committed 8064K, reserved 1048576K

Card table byte_map: [0x00000000120d0000,0x0000000012260000] byte_map_base: 0x0000000011a50000

Marking Bits: (ParMarkBitMap*) 0x00000000641612b0
 Begin Bits: [0x0000000012900000, 0x0000000013500000)
 End Bits:   [0x0000000013500000, 0x0000000014100000)

Polling page: 0x0000000000730000

CodeCache: size=245760Kb used=25804Kb max_used=25807Kb free=219955Kb
 bounds [0x0000000002d10000, 0x0000000004670000, 0x0000000011d10000]
 total_blobs=7180 nmethods=6416 adapters=675
 compilation: enabled

Compilation events (10 events):
Event: 60.268 Thread 0x0000000056254000 7595 %     3       org.codehaus.groovy.runtime.metaclass.ClosureMetaMethod::createMethodList @ 164 (254 bytes)
Event: 60.274 Thread 0x0000000056254000 nmethod 7595% 0x00000000046480d0 code [0x0000000004648680, 0x000000000464c048]
Event: 60.274 Thread 0x0000000056254000 7596       3       org.codehaus.groovy.runtime.metaclass.ClosureMetaMethod::createMethodList (254 bytes)
Event: 60.281 Thread 0x0000000056254000 nmethod 7596 0x000000000464f150 code [0x000000000464f780, 0x0000000004653668]
Event: 60.297 Thread 0x0000000056250000 nmethod 7557 0x000000000465ab10 code [0x000000000465ae40, 0x000000000465d3f8]
Event: 60.297 Thread 0x0000000056250000 7553       4       org.codehaus.groovy.runtime.metaclass.MetaMethodIndex::isMatchingMethod (68 bytes)
Event: 60.300 Thread 0x0000000056250000 nmethod 7553 0x0000000004637ad0 code [0x0000000004637c20, 0x0000000004637d58]
Event: 60.300 Thread 0x0000000056250000 7560       4       groovy.lang.MetaClassImpl::findPropertyMethod (356 bytes)
Event: 60.319 Thread 0x0000000056254000 7598       1       groovy.lang.ExpandoMetaClass::getMetaClass (5 bytes)
Event: 60.319 Thread 0x0000000056254000 nmethod 7598 0x00000000040e48d0 code [0x00000000040e4a20, 0x00000000040e4b30]

GC Heap History (10 events):
Event: 51.709 GC heap before
{Heap before GC invocations=54 (full 8):
 PSYoungGen      total 226304K, used 17384K [0x00000000f0000000, 0x0000000100000000, 0x0000000100000000)
  eden space 208896K, 0% used [0x00000000f0000000,0x00000000f0000000,0x00000000fcc00000)
  from space 17408K, 99% used [0x00000000fef00000,0x00000000ffffa058,0x0000000100000000)
  to   space 26624K, 0% used [0x00000000fcc00000,0x00000000fcc00000,0x00000000fe600000)
 ParOldGen       total 114176K, used 108657K [0x00000000d0000000, 0x00000000d6f80000, 0x00000000f0000000)
  object space 114176K, 95% used [0x00000000d0000000,0x00000000d6a1c658,0x00000000d6f80000)
 Metaspace       used 67480K, capacity 69298K, committed 69376K, reserved 1112064K
  class space    used 6875K, capacity 7416K, committed 7424K, reserved 1048576K
Event: 53.575 GC heap after
Heap after GC invocations=54 (full 8):
 PSYoungGen      total 226304K, used 10182K [0x00000000f0000000, 0x0000000100000000, 0x0000000100000000)
  eden space 208896K, 0% used [0x00000000f0000000,0x00000000f0000000,0x00000000fcc00000)
  from space 17408K, 58% used [0x00000000fef00000,0x00000000ff8f1be0,0x0000000100000000)
  to   space 26624K, 0% used [0x00000000fcc00000,0x00000000fcc00000,0x00000000fe600000)
 ParOldGen       total 132096K, used 113706K [0x00000000d0000000, 0x00000000d8100000, 0x00000000f0000000)
  object space 132096K, 86% used [0x00000000d0000000,0x00000000d6f0ab70,0x00000000d8100000)
 Metaspace       used 67480K, capacity 69298K, committed 69376K, reserved 1112064K
  class space    used 6875K, capacity 7416K, committed 7424K, reserved 1048576K
}
Event: 54.988 GC heap before
{Heap before GC invocations=55 (full 8):
 PSYoungGen      total 226304K, used 219078K [0x00000000f0000000, 0x0000000100000000, 0x0000000100000000)
  eden space 208896K, 100% used [0x00000000f0000000,0x00000000fcc00000,0x00000000fcc00000)
  from space 17408K, 58% used [0x00000000fef00000,0x00000000ff8f1be0,0x0000000100000000)
  to   space 26624K, 0% used [0x00000000fcc00000,0x00000000fcc00000,0x00000000fe600000)
 ParOldGen       total 132096K, used 113706K [0x00000000d0000000, 0x00000000d8100000, 0x00000000f0000000)
  object space 132096K, 86% used [0x00000000d0000000,0x00000000d6f0ab70,0x00000000d8100000)
 Metaspace       used 68664K, capacity 70502K, committed 70656K, reserved 1112064K
  class space    used 7017K, capacity 7582K, committed 7680K, reserved 1048576K
Event: 55.123 GC heap after
Heap after GC invocations=55 (full 8):
 PSYoungGen      total 235520K, used 13901K [0x00000000f0000000, 0x0000000100000000, 0x0000000100000000)
  eden space 208896K, 0% used [0x00000000f0000000,0x00000000f0000000,0x00000000fcc00000)
  from space 26624K, 52% used [0x00000000fcc00000,0x00000000fd993460,0x00000000fe600000)
  to   space 26624K, 0% used [0x00000000fe600000,0x00000000fe600000,0x0000000100000000)
 ParOldGen       total 132096K, used 113810K [0x00000000d0000000, 0x00000000d8100000, 0x00000000f0000000)
  object space 132096K, 86% used [0x00000000d0000000,0x00000000d6f24b70,0x00000000d8100000)
 Metaspace       used 68664K, capacity 70502K, committed 70656K, reserved 1112064K
  class space    used 7017K, capacity 7582K, committed 7680K, reserved 1048576K
}
Event: 57.607 GC heap before
{Heap before GC invocations=56 (full 8):
 PSYoungGen      total 235520K, used 220673K [0x00000000f0000000, 0x0000000100000000, 0x0000000100000000)
  eden space 208896K, 98% used [0x00000000f0000000,0x00000000fc9ed168,0x00000000fcc00000)
  from space 26624K, 52% used [0x00000000fcc00000,0x00000000fd993460,0x00000000fe600000)
  to   space 26624K, 0% used [0x00000000fe600000,0x00000000fe600000,0x0000000100000000)
 ParOldGen       total 132096K, used 113810K [0x00000000d0000000, 0x00000000d8100000, 0x00000000f0000000)
  object space 132096K, 86% used [0x00000000d0000000,0x00000000d6f24b70,0x00000000d8100000)
 Metaspace       used 69622K, capacity 71572K, committed 71680K, reserved 1114112K
  class space    used 7108K, capacity 7669K, committed 7680K, reserved 1048576K
Event: 57.654 GC heap after
Heap after GC invocations=56 (full 8):
 PSYoungGen      total 230400K, used 22338K [0x00000000f0000000, 0x0000000100000000, 0x0000000100000000)
  eden space 203776K, 0% used [0x00000000f0000000,0x00000000f0000000,0x00000000fc700000)
  from space 26624K, 83% used [0x00000000fe600000,0x00000000ffbd0b08,0x0000000100000000)
  to   space 29184K, 0% used [0x00000000fc700000,0x00000000fc700000,0x00000000fe380000)
 ParOldGen       total 132096K, used 113818K [0x00000000d0000000, 0x00000000d8100000, 0x00000000f0000000)
  object space 132096K, 86% used [0x00000000d0000000,0x00000000d6f26b70,0x00000000d8100000)
 Metaspace       used 69622K, capacity 71572K, committed 71680K, reserved 1114112K
  class space    used 7108K, capacity 7669K, committed 7680K, reserved 1048576K
}
Event: 58.829 GC heap before
{Heap before GC invocations=57 (full 8):
 PSYoungGen      total 230400K, used 223436K [0x00000000f0000000, 0x0000000100000000, 0x0000000100000000)
  eden space 203776K, 98% used [0x00000000f0000000,0x00000000fc4626f8,0x00000000fc700000)
  from space 26624K, 83% used [0x00000000fe600000,0x00000000ffbd0b08,0x0000000100000000)
  to   space 29184K, 0% used [0x00000000fc700000,0x00000000fc700000,0x00000000fe380000)
 ParOldGen       total 132096K, used 113818K [0x00000000d0000000, 0x00000000d8100000, 0x00000000f0000000)
  object space 132096K, 86% used [0x00000000d0000000,0x00000000d6f26b70,0x00000000d8100000)
 Metaspace       used 71178K, capacity 73118K, committed 73216K, reserved 1114112K
  class space    used 7327K, capacity 7899K, committed 7936K, reserved 1048576K
Event: 58.870 GC heap after
Heap after GC invocations=57 (full 8):
 PSYoungGen      total 232960K, used 29065K [0x00000000f0000000, 0x0000000100000000, 0x0000000100000000)
  eden space 203776K, 0% used [0x00000000f0000000,0x00000000f0000000,0x00000000fc700000)
  from space 29184K, 99% used [0x00000000fc700000,0x00000000fe3626c0,0x00000000fe380000)
  to   space 29184K, 0% used [0x00000000fe380000,0x00000000fe380000,0x0000000100000000)
 ParOldGen       total 132096K, used 113826K [0x00000000d0000000, 0x00000000d8100000, 0x00000000f0000000)
  object space 132096K, 86% used [0x00000000d0000000,0x00000000d6f28b70,0x00000000d8100000)
 Metaspace       used 71178K, capacity 73118K, committed 73216K, reserved 1114112K
  class space    used 7327K, capacity 7899K, committed 7936K, reserved 1048576K
}
Event: 59.557 GC heap before
{Heap before GC invocations=58 (full 8):
 PSYoungGen      total 232960K, used 224776K [0x00000000f0000000, 0x0000000100000000, 0x0000000100000000)
  eden space 203776K, 96% used [0x00000000f0000000,0x00000000fbf1fa60,0x00000000fc700000)
  from space 29184K, 99% used [0x00000000fc700000,0x00000000fe3626c0,0x00000000fe380000)
  to   space 29184K, 0% used [0x00000000fe380000,0x00000000fe380000,0x0000000100000000)
 ParOldGen       total 132096K, used 113826K [0x00000000d0000000, 0x00000000d8100000, 0x00000000f0000000)
  object space 132096K, 86% used [0x00000000d0000000,0x00000000d6f28b70,0x00000000d8100000)
 Metaspace       used 71628K, capacity 73610K, committed 73728K, reserved 1116160K
  class space    used 7377K, capacity 7933K, committed 7936K, reserved 1048576K
Event: 59.652 GC heap after
Heap after GC invocations=58 (full 8):
 PSYoungGen      total 213504K, used 29158K [0x00000000f0000000, 0x0000000100000000, 0x0000000100000000)
  eden space 184320K, 0% used [0x00000000f0000000,0x00000000f0000000,0x00000000fb400000)
  from space 29184K, 99% used [0x00000000fe380000,0x00000000ffff9bc0,0x0000000100000000)
  to   space 38912K, 0% used [0x00000000fb400000,0x00000000fb400000,0x00000000fda00000)
 ParOldGen       total 132096K, used 116093K [0x00000000d0000000, 0x00000000d8100000, 0x00000000f0000000)
  object space 132096K, 87% used [0x00000000d0000000,0x00000000d715f5e0,0x00000000d8100000)
 Metaspace       used 71628K, capacity 73610K, committed 73728K, reserved 1116160K
  class space    used 7377K, capacity 7933K, committed 7936K, reserved 1048576K
}

Deoptimization events (10 events):
Event: 58.793 Thread 0x0000000059699800 Uncommon trap: reason=bimorphic action=maybe_recompile pc=0x000000000439c978 method=sl.org.objectweb.asm.MethodVisitor.visitTryCatchBlock(Lsl/org/objectweb/asm/Label;Lsl/org/objectweb/asm/Label;Lsl/org/objectweb/asm/Label;Ljava/lang/String;)V @ 16
Event: 58.889 Thread 0x0000000059699800 Uncommon trap: reason=bimorphic action=maybe_recompile pc=0x000000000439c978 method=sl.org.objectweb.asm.MethodVisitor.visitTryCatchBlock(Lsl/org/objectweb/asm/Label;Lsl/org/objectweb/asm/Label;Lsl/org/objectweb/asm/Label;Ljava/lang/String;)V @ 16
Event: 59.984 Thread 0x0000000059699800 Uncommon trap: reason=unreached action=reinterpret pc=0x000000000342ae10 method=groovy.lang.MetaClassImpl.invokeMethod(Ljava/lang/Class;Ljava/lang/Object;Ljava/lang/String;[Ljava/lang/Object;ZZ)Ljava/lang/Object; @ 789
Event: 60.007 Thread 0x0000000059699800 Uncommon trap: reason=unloaded action=reinterpret pc=0x000000000444865c method=org.codehaus.groovy.runtime.metaclass.ClosureMetaMethod.createMethodList(Ljava/lang/String;Ljava/lang/Class;Lgroovy/lang/Closure;)Ljava/util/List; @ 227
Event: 60.079 Thread 0x0000000059699800 Uncommon trap: reason=class_check action=maybe_recompile pc=0x000000000462b0ec method=groovy.lang.MetaClassImpl.checkIfStdMethod(Lgroovy/lang/MetaMethod;)V @ 123
Event: 60.107 Thread 0x0000000059699800 Uncommon trap: reason=unreached action=reinterpret pc=0x000000000443c210 method=org.codehaus.groovy.runtime.InvokerHelper.invokeMethod(Ljava/lang/Object;Ljava/lang/String;Ljava/lang/Object;)Ljava/lang/Object; @ 12
Event: 60.187 Thread 0x0000000059699800 Uncommon trap: reason=class_check action=maybe_recompile pc=0x000000000462b0d4 method=org.codehaus.groovy.runtime.MetaClassHelper.isGenericSetMethod(Lgroovy/lang/MetaMethod;)Z @ 14
Event: 60.187 Thread 0x0000000059699800 Uncommon trap: reason=class_check action=maybe_recompile pc=0x000000000462b0d4 method=org.codehaus.groovy.runtime.MetaClassHelper.isGenericSetMethod(Lgroovy/lang/MetaMethod;)Z @ 14
Event: 60.187 Thread 0x0000000059699800 Uncommon trap: reason=class_check action=maybe_recompile pc=0x000000000462b0d4 method=org.codehaus.groovy.runtime.MetaClassHelper.isGenericSetMethod(Lgroovy/lang/MetaMethod;)Z @ 14
Event: 60.187 Thread 0x0000000059699800 Uncommon trap: reason=class_check action=maybe_recompile pc=0x000000000462b0d4 method=org.codehaus.groovy.runtime.MetaClassHelper.isGenericSetMethod(Lgroovy/lang/MetaMethod;)Z @ 14

Internal exceptions (10 events):
Event: 60.198 Thread 0x0000000059699800 Exception <a 'java/security/PrivilegedActionException'> (0x00000000f4092e98) thrown at [C:\re\workspace\8-2-build-windows-amd64-cygwin\jdk8u11\648\hotspot\src\share\vm\prims\jvm.cpp, line 1248]
Event: 60.198 Thread 0x0000000059699800 Exception <a 'java/lang/ClassNotFoundException': org/codehaus/groovy/grails/web/util/TagLibraryMetaUtils$_registerPropertyMissingForTag_closure6BeanInfo> (0x00000000f4093e18) thrown at [C:\re\workspace\8-2-build-windows-amd64-cygwin\jdk8u11\648\hotspot\srcπZd-eN@
Event: 60.198 Thread 0x0000000059699800 Exception <a 'java/security/PrivilegedActionException'> (0x00000000f4095420) thrown at [C:\re\workspace\8-2-build-windows-amd64-cygwin\jdk8u11\648\hotspot\src\share\vm\prims\jvm.cpp, line 1248]
Event: 60.199 Thread 0x0000000059699800 Exception <a 'java/security/PrivilegedActionException'> (0x00000000f409b4c0) thrown at [C:\re\workspace\8-2-build-windows-amd64-cygwin\jdk8u11\648\hotspot\src\share\vm\prims\jvm.cpp, line 1248]
Event: 60.199 Thread 0x0000000059699800 Exception <a 'java/security/PrivilegedActionException'> (0x00000000f40b37f8) thrown at [C:\re\workspace\8-2-build-windows-amd64-cygwin\jdk8u11\648\hotspot\src\share\vm\prims\jvm.cpp, line 1248]
Event: 60.200 Thread 0x0000000059699800 Exception <a 'java/security/PrivilegedActionException'> (0x00000000f40d1bb0) thrown at [C:\re\workspace\8-2-build-windows-amd64-cygwin\jdk8u11\648\hotspot\src\share\vm\prims\jvm.cpp, line 1248]
Event: 60.200 Thread 0x0000000059699800 Exception <a 'java/security/PrivilegedActionException'> (0x00000000f40d7c50) thrown at [C:\re\workspace\8-2-build-windows-amd64-cygwin\jdk8u11\648\hotspot\src\share\vm\prims\jvm.cpp, line 1248]
Event: 60.200 Thread 0x0000000059699800 Exception <a 'java/security/PrivilegedActionException'> (0x00000000f40eff88) thrown at [C:\re\workspace\8-2-build-windows-amd64-cygwin\jdk8u11\648\hotspot\src\share\vm\prims\jvm.cpp, line 1248]
Event: 60.202 Thread 0x0000000059699800 Exception <a 'java/security/PrivilegedActionException'> (0x00000000f41254a0) thrown at [C:\re\workspace\8-2-build-windows-amd64-cygwin\jdk8u11\648\hotspot\src\share\vm\prims\jvm.cpp, line 1248]
Event: 60.202 Thread 0x0000000059699800 Exception <a 'java/lang/ClassNotFoundException': org/codehaus/groovy/grails/web/util/TagLibraryMetaUtils$_registerPropertyMissingForTag_closure6Customizer> (0x00000000f4126428) thrown at [C:\re\workspace\8-2-build-windows-amd64-cygwin\jdk8u11\648\hotspot\sﬂŸVM[N@

Events (10 events):
Event: 60.198 loading class org/codehaus/groovy/grails/web/util/TagLibraryMetaUtils$_registerPropertyMissingForTag_closure6BeanInfo
Event: 60.198 loading class org/codehaus/groovy/grails/web/util/TagLibraryMetaUtils$_registerPropertyMissingForTag_closure6BeanInfo done
Event: 60.198 loading class org/codehaus/groovy/grails/web/util/TagLibraryMetaUtils$_registerPropertyMissingForTag_closure6Customizer
Event: 60.198 loading class org/codehaus/groovy/grails/web/util/TagLibraryMetaUtils$_registerPropertyMissingForTag_closure6Customizer done
Event: 60.200 loading class org/codehaus/groovy/grails/web/util/TagLibraryMetaUtils$_registerPropertyMissingForTag_closure6Customizer
Event: 60.200 loading class org/codehaus/groovy/grails/web/util/TagLibraryMetaUtils$_registerPropertyMissingForTag_closure6Customizer done
Event: 60.202 loading class org/codehaus/groovy/grails/web/util/TagLibraryMetaUtils$_registerPropertyMissingForTag_closure6Customizer
Event: 60.202 loading class org/codehaus/groovy/grails/web/util/TagLibraryMetaUtils$_registerPropertyMissingForTag_closure6Customizer done
Event: 60.282 Thread 0x0000000059699800 DEOPT PACKING pc=0x000000000463a020 sp=0x0000000059f9cb70
Event: 60.282 Thread 0x0000000059699800 DEOPT UNPACKING pc=0x0000000002d57204 sp=0x0000000059f9c990 mode 0


Dynamic libraries:
0x000000013ff30000 - 0x000000013ff64000 	C:\Program Files\Java\jdk1.8.0_11\bin\java.exe
0x0000000076e80000 - 0x0000000077029000 	C:\Windows\SYSTEM32\ntdll.dll
0x0000000076c60000 - 0x0000000076d7f000 	C:\Windows\system32\kernel32.dll
0x000007fefd390000 - 0x000007fefd3fc000 	C:\Windows\system32\KERNELBASE.dll
0x000007fefd6c0000 - 0x000007fefd79b000 	C:\Windows\system32\ADVAPI32.dll
0x000007fefe610000 - 0x000007fefe6af000 	C:\Windows\system32\msvcrt.dll
0x000007fefeb60000 - 0x000007fefeb7f000 	C:\Windows\SYSTEM32\sechost.dll
0x000007fefedb0000 - 0x000007fefeedd000 	C:\Windows\system32\RPCRT4.dll
0x0000000076d80000 - 0x0000000076e7a000 	C:\Windows\system32\USER32.dll
0x000007fefed10000 - 0x000007fefed77000 	C:\Windows\system32\GDI32.dll
0x000007fefd6b0000 - 0x000007fefd6be000 	C:\Windows\system32\LPK.dll
0x000007fefeee0000 - 0x000007fefefa9000 	C:\Windows\system32\USP10.dll
0x000007fefb8e0000 - 0x000007fefbad4000 	C:\Windows\WinSxS\amd64_microsoft.windows.common-controls_6595b64144ccf1df_6.0.7601.17514_none_fa396087175ac9ac\COMCTL32.dll
0x000007fefe580000 - 0x000007fefe5f1000 	C:\Windows\system32\SHLWAPI.dll
0x000007fefed80000 - 0x000007fefedae000 	C:\Windows\system32\IMM32.DLL
0x000007fefeb80000 - 0x000007fefec89000 	C:\Windows\system32\MSCTF.dll
0x0000000180000000 - 0x000000018001c000 	C:\Windows\system32\btpload64.dll
0x0000000077050000 - 0x0000000077057000 	C:\Windows\system32\PSAPI.DLL
0x0000000000440000 - 0x000000000046c000 	C:\Windows\system32\privman64.dll
0x000007fefd230000 - 0x000007fefd23c000 	C:\Windows\system32\VERSION.dll
0x000007fefd7f0000 - 0x000007fefe579000 	C:\Windows\system32\SHELL32.dll
0x000007fefd210000 - 0x000007fefd22e000 	C:\Windows\system32\USERENV.dll
0x000007fefd2e0000 - 0x000007fefd2ef000 	C:\Windows\system32\profapi.dll
0x0000000064d70000 - 0x0000000064e42000 	C:\Program Files\Java\jdk1.8.0_11\jre\bin\msvcr100.dll
0x00000000639b0000 - 0x00000000641da000 	C:\Program Files\Java\jdk1.8.0_11\jre\bin\server\jvm.dll
0x000007fefc7c0000 - 0x000007fefc7c9000 	C:\Windows\system32\WSOCK32.dll
0x000007fefd7a0000 - 0x000007fefd7ed000 	C:\Windows\system32\WS2_32.dll
0x000007fefe600000 - 0x000007fefe608000 	C:\Windows\system32\NSI.dll
0x000007fefae20000 - 0x000007fefae5b000 	C:\Windows\system32\WINMM.dll
0x000000006a0c0000 - 0x000000006a0cf000 	C:\Program Files\Java\jdk1.8.0_11\jre\bin\verify.dll
0x0000000064d00000 - 0x0000000064d28000 	C:\Program Files\Java\jdk1.8.0_11\jre\bin\java.dll
0x000000006fc60000 - 0x000000006fc83000 	C:\Program Files\Java\jdk1.8.0_11\jre\bin\instrument.dll
0x000000006afe0000 - 0x000000006aff6000 	C:\Program Files\Java\jdk1.8.0_11\jre\bin\zip.dll
0x000007fefe6b0000 - 0x000007fefe8b3000 	C:\Windows\system32\ole32.dll
0x000007fefcb80000 - 0x000007fefcb97000 	C:\Windows\system32\CRYPTSP.dll
0x000007fefc880000 - 0x000007fefc8c7000 	C:\Windows\system32\rsaenh.dll
0x000007fefd1e0000 - 0x000007fefd1ef000 	C:\Windows\system32\CRYPTBASE.dll
0x0000000064630000 - 0x000000006464a000 	C:\Program Files\Java\jdk1.8.0_11\jre\bin\net.dll
0x000007fefcb20000 - 0x000007fefcb75000 	C:\Windows\system32\mswsock.dll
0x000007fefcb10000 - 0x000007fefcb17000 	C:\Windows\System32\wship6.dll
0x000007fefc280000 - 0x000007fefc2a7000 	C:\Windows\system32\IPHLPAPI.DLL
0x000007fefc270000 - 0x000007fefc27b000 	C:\Windows\system32\WINNSI.DLL
0x000007fefa8b0000 - 0x000007fefa8c8000 	C:\Windows\system32\dhcpcsvc.DLL
0x000007fefa840000 - 0x000007fefa851000 	C:\Windows\system32\dhcpcsvc6.DLL
0x0000000060c30000 - 0x0000000060c41000 	C:\Program Files\Java\jdk1.8.0_11\jre\bin\nio.dll
0x000007fefbae0000 - 0x000007fefbaea000 	C:\Users\rgopal\AppData\Local\Temp\jansi-64-8890449852253570431.dll
0x000000006b3e0000 - 0x000000006b3ed000 	C:\Program Files\Java\jdk1.8.0_11\jre\bin\management.dll
0x000007fefc380000 - 0x000007fefc387000 	C:\Windows\System32\wshtcpip.dll
0x000007fefc9a0000 - 0x000007fefc9fb000 	C:\Windows\system32\DNSAPI.dll
0x00000000744a0000 - 0x00000000744c6000 	C:\Program Files\Bonjour\mdnsNSP.dll
0x000007fefa7d0000 - 0x000007fefa7d8000 	C:\Windows\system32\rasadhlp.dll
0x000007fefa7e0000 - 0x000007fefa833000 	C:\Windows\System32\fwpuclnt.dll
0x000007fefa9a0000 - 0x000007fefa9b5000 	C:\Windows\system32\NLAapi.dll
0x000007fefa910000 - 0x000007fefa925000 	C:\Windows\system32\napinsp.dll
0x000007fefa8f0000 - 0x000007fefa909000 	C:\Windows\system32\pnrpnsp.dll
0x000007fefa8e0000 - 0x000007fefa8eb000 	C:\Windows\System32\winrnr.dll
0x000007fefa8d0000 - 0x000007fefa8e0000 	C:\Windows\system32\wshbth.dll
0x000007fef5730000 - 0x000007fef5855000 	C:\Windows\system32\dbghelp.dll

VM Arguments:
jvm_args: -Dfile.encoding=UTF-8 -Xmx768M -Xms64M -Dgrails.fork.parent.process.port=50357 -Dgrails.fork.active=true -Dgrails.build.execution.context=C:\Users\rgopal\AppData\Local\Temp\central5006886622283709136grails-execution-context -Dgrails.home=C:\Users\rgopal\Documents\grails-2.4.4\grails-2.4.4 -javaagent:C:\Users\rgopal\Documents\grails-2.4.4\grails-2.4.4\lib\org.springframework\springloaded\jars\springloaded-1.2.1.RELEASE.jar -Xverify:none -Dspringloaded.synchronize=true -Djdk.reflect.allowGetCallerClass=true -Dspringloaded=profile=grails;cacheDir=C:\Users\rgopal/.grails/2.4.4/ 
java_command: org.grails.plugins.tomcat.fork.ForkedTomcatServer
java_class_path (initial): C:\Program Files\Java\jdk1.8.0_11\lib\tools.jar;C:\Users\rgopal\Documents\grails-2.4.4\grails-2.4.4\lib\org.codehaus.groovy\groovy-all\jars\groovy-all-2.3.7.jar;C:\Users\rgopal\Documents\grails-2.4.4\grails-2.4.4\lib\org.slf4j\jcl-over-slf4j\jars\jcl-over-slf4j-1.7.5.jar;C:\Users\rgopal\Documents\grails-2.4.4\grails-2.4.4\lib\org.codehaus.gant\gant_groovy1.8\jars\gant_groovy1.8-1.9.6.jar;C:\Users\rgopal\Documents\grails-2.4.4\grails-2.4.4\lib\org.apache.tomcat.embed\tomcat-embed-logging-log4j\jars\tomcat-embed-logging-log4j-7.0.50.jar;C:\Users\rgopal\Documents\grails-2.4.4\grails-2.4.4\dist\grails-plugin-log4j-2.4.4.jar;C:\Users\rgopal\Documents\grails-2.4.4\grails-2.4.4\lib\log4j\log4j\jars\log4j-1.2.17.jar;C:\Users\rgopal\Documents\grails-2.4.4\grails-2.4.4\dist\grails-bootstrap-2.4.4.jar;C:\Users\rgopal\Documents\grails-2.4.4\grails-2.4.4\lib\org.slf4j\slf4j-api\jars\slf4j-api-1.7.5.jar;C:\Users\rgopal\Documents\grails-2.4.4\grails-2.4.4\lib\jline\jline\jars\jline-2.12.jar;C:\Users\rgopal\Documents\grails-2.4.4\grails-2.4.4\lib\org.apache.ant\ant\jars\ant-1.8.4.jar;C:\Users\rgopal\Documents\grails-2.4.4\grails-2.4.4\lib\org.apache.ant\ant-launcher\jars\ant-launcher-1.8.4.jar;C:\Users\rgopal\Documents\grails-2.4.4\grails-2.4.4\lib\org.apache.ant\ant-trax\jars\ant-trax-1.7.1.jar;C:\Users\rgopal\Documents\grails-2.4.4\grails-2.4.4\lib\org.apache.ant\ant-junit\jars\ant-junit-1.8.4.jar;C:\Users\rgopal\Documents\grails-2.4.4\grails-2.4.4\lib\org.apache.ivy\ivy\jars\ivy-2.3.0.jar;C:\Users\rgopal\Documents\grails-2.4.4\grails-2.4.4\lib\org.fusesource.jansi\jansi\jars\jansi-1.11.jar;C:\Users\rgopal\.m2\repository\org\apache\tomcat\tomcat-catalina-ant\7.0.55\tomcat-catalina-ant-7.0.55.jar;C:\Users\rgopal\.m2\repository\org\apache\tomcat\embed\tomcat-embed-jasper\7.0.55\tomcat-embed-jasper-7.0.55.jar;C:\Users\rgopal\.m2\repository\org\apache\tomcat\embed\tomcat-embed-el\7.0.55\tomcat-embed-el-7.0.55.jar;C:\Users\rgopal\.m2\repository\org\apache\
Launcher Type: SUN_STANDARD

Environment Variables:
JAVA_HOME=C:\Program Files\Java\jdk1.8.0_11
PATH=C:\Windows\system32;C:\Windows;C:\Windows\System32\Wbem;C:\Windows\System32\WindowsPowerShell\v1.0\;C:\users\rgopal\My Documents\springsource\grails-2.3.5\bin\;c:\Program Files\Java\jdk1.7.0_51\bin\;C:\Program Files (x86)\MiKTeX 2.9\miktex\bin\
USERNAME=rgopal
OS=Windows_NT
PROCESSOR_IDENTIFIER=Intel64 Family 6 Model 37 Stepping 5, GenuineIntel



---------------  S Y S T E M  ---------------

OS: Windows 7 , 64 bit Build 7601 Service Pack 1

CPU:total 4 (2 cores per cpu, 2 threads per core) family 6 model 37 stepping 5, cmov, cx8, fxsr, mmx, sse, sse2, sse3, ssse3, sse4.1, sse4.2, popcnt, aes, clmul, ht, tsc, tscinvbit

Memory: 4k page, physical 8181608k(1523664k free), swap 16361352k(7754992k free)

vm_info: Java HotSpot(TM) 64-Bit Server VM (25.11-b03) for windows-amd64 JRE (1.8.0_11-b12), built on Jun 16 2014 20:57:32 by "java_re" with MS VC++ 10.0 (VS2010)

time: Sun Apr 26 16:24:26 2015
elapsed time: 60 seconds

