#
# A fatal error has been detected by the Java Runtime Environment:
#
#  EXCEPTION_ACCESS_VIOLATION (0xc0000005) at pc=0x000000005abd4db2, pid=5096, tid=8584
#
# JRE version: Java(TM) SE Runtime Environment (8.0_11-b12) (build 1.8.0_11-b12)
# Java VM: Java HotSpot(TM) 64-Bit Server VM (25.11-b03 mixed mode windows-amd64 compressed oops)
# Problematic frame:
# V  [jvm.dll+0x424db2]
#
# Failed to write core dump. Minidumps are not enabled by default on client versions of Windows
#
# If you would like to submit a bug report, please visit:
#   http://bugreport.sun.com/bugreport/crash.jsp
#

---------------  T H R E A D  ---------------

Current thread (0x0000000056385000):  JavaThread "C2 CompilerThread1" daemon [_thread_in_native, id=8584, stack(0x0000000056dd0000,0x0000000056ed0000)]

siginfo: ExceptionCode=0xc0000005, reading address 0x0000000000000000

Registers:
RAX=0x0000000057f34608, RBX=0x0000000000000600, RCX=0x0000000000000000, RDX=0x0000000058bb0ac0
RSP=0x0000000056ecc390, RBP=0x00000000000000c0, RSI=0x00000000000000b8, RDI=0x0000000000000000
R8 =0x000000005a7b0000, R9 =0x0000000056ecc6b0, R10=0x00000000ffffffff, R11=0x00000000563ac680
R12=0x0000000057f34d10, R13=0x0000000058a97b88, R14=0x0000000000000008, R15=0x0000000058a97b88
RIP=0x000000005abd4db2, EFLAGS=0x0000000000010206

Top of Stack: (sp=0x0000000056ecc390)
0x0000000056ecc390:   00000000000000da 00000000000000b0
0x0000000056ecc3a0:   000000000000000a 000000005e8c5f30
0x0000000056ecc3b0:   0000000000000001 0000000000000600
0x0000000056ecc3c0:   0000000000000180 00000000000000c0
0x0000000056ecc3d0:   000000005c10d850 0000000056390c10
0x0000000056ecc3e0:   00000000000006f8 0000000058bac6b0
0x0000000056ecc3f0:   0000000056ecc6b0 0000000057f31770
0x0000000056ecc400:   0000000000000020 0000000000000009
0x0000000056ecc410:   0000000057f34ce0 00000000000000da
0x0000000056ecc420:   0000000058a97b88 000000005abd598d
0x0000000056ecc430:   0000000057f34ce0 000000000000001c
0x0000000056ecc440:   00000000000000da 0000000056ecc6b0
0x0000000056ecc450:   0000000058bb0ac0 00000000000000da
0x0000000056ecc460:   0000000057f31770 0000000000000020
0x0000000056ecc470:   000000005e7a7638 0000000056ecea20
0x0000000056ecc480:   000000005e7a7c68 0000000057f34ce0 

Instructions: (pc=0x000000005abd4db2)
0x000000005abd4d92:   c6 48 63 f0 48 03 f1 eb 04 48 83 ce ff 48 8b 84
0x000000005abd4da2:   24 a0 00 00 00 48 8b 40 08 48 8b 3c 03 48 8b cf
0x000000005abd4db2:   48 8b 07 ff 50 28 4c 8d 05 41 b2 bd ff 48 63 50
0x000000005abd4dc2:   10 4c 8b d8 48 8b ca 48 c1 e1 05 42 80 bc 01 c0 


Register to memory mapping:

RAX=0x0000000057f34608 is an unknown value
RBX=0x0000000000000600 is an unknown value
RCX=0x0000000000000000 is an unknown value
RDX=0x0000000058bb0ac0 is an unknown value
RSP=0x0000000056ecc390 is pointing into the stack for thread: 0x0000000056385000
RBP=0x00000000000000c0 is an unknown value
RSI=0x00000000000000b8 is an unknown value
RDI=0x0000000000000000 is an unknown value
R8 =0x000000005a7b0000 is an unknown value
R9 =0x0000000056ecc6b0 is pointing into the stack for thread: 0x0000000056385000
R10=0x00000000ffffffff is an unknown value
R11=0x00000000563ac680 is an unknown value
R12=0x0000000057f34d10 is an unknown value
R13=0x0000000058a97b88 is an unknown value
R14=0x0000000000000008 is an unknown value
R15=0x0000000058a97b88 is an unknown value


Stack: [0x0000000056dd0000,0x0000000056ed0000],  sp=0x0000000056ecc390,  free space=1008k
Native frames: (J=compiled Java code, j=interpreted, Vv=VM code, C=native code)
V  [jvm.dll+0x424db2]
V  [jvm.dll+0x42598d]
V  [jvm.dll+0x425ecf]
V  [jvm.dll+0x4c5a84]
V  [jvm.dll+0x4415bc]
V  [jvm.dll+0x443a29]
V  [jvm.dll+0x427722]
V  [jvm.dll+0x96982]
V  [jvm.dll+0x97173]
V  [jvm.dll+0x2234b4]
V  [jvm.dll+0x27bcca]
C  [msvcr100.dll+0x21d9f]
C  [msvcr100.dll+0x21e3b]
C  [kernel32.dll+0x159ed]
C  [ntdll.dll+0x2c541]


Current CompileTask:
C2:  42895 6805       4       groovy.lang.MetaClassImpl::findPropertyMethod (356 bytes)


---------------  P R O C E S S  ---------------

Java Threads: ( => current thread )
  0x0000000058262000 JavaThread "com.oumuo.SecurityGroup.data" daemon [_thread_blocked, id=8704, stack(0x0000000056ed0000,0x0000000056fd0000)]
  0x0000000058261000 JavaThread "com.oumuo.Authority.data" daemon [_thread_blocked, id=11120, stack(0x000000005e360000,0x000000005e460000)]
  0x0000000058260800 JavaThread "net.sf.ehcache.CacheManager@1b6ca0" daemon [_thread_blocked, id=9452, stack(0x0000000056cd0000,0x0000000056dd0000)]
  0x000000005825f800 JavaThread "PoolCleaner[1070157899:1428873848361]" daemon [_thread_blocked, id=804, stack(0x000000005cff0000,0x000000005d0f0000)]
  0x0000000059878000 JavaThread "FileSystemWatcher: files=#279 cl=groovy.lang.GroovyClassLoader@3fc9504b" daemon [_thread_blocked, id=6564, stack(0x000000005b980000,0x000000005ba80000)]
  0x00000000576a5000 JavaThread "localhost-startStop-1" daemon [_thread_in_Java, id=7604, stack(0x000000005b880000,0x000000005b980000)]
  0x00000000576a4000 JavaThread "Tomcat-startStop-1" daemon [_thread_blocked, id=10484, stack(0x0000000059080000,0x0000000059180000)]
  0x0000000058bea000 JavaThread "Thread-3" [_thread_in_native, id=8972, stack(0x000000005b3f0000,0x000000005b4f0000)]
  0x0000000058141800 JavaThread "Thread-2" [_thread_blocked, id=7796, stack(0x000000005a5d0000,0x000000005a6d0000)]
  0x0000000057712800 JavaThread "NonBlockingInputStreamThread" daemon [_thread_blocked, id=10016, stack(0x0000000057160000,0x0000000057260000)]
  0x00000000564dd800 JavaThread "Service Thread" daemon [_thread_blocked, id=9080, stack(0x0000000057010000,0x0000000057110000)]
  0x0000000056387000 JavaThread "C1 CompilerThread2" daemon [_thread_blocked, id=10684, stack(0x00000000566f0000,0x00000000567f0000)]
=>0x0000000056385000 JavaThread "C2 CompilerThread1" daemon [_thread_in_native, id=8584, stack(0x0000000056dd0000,0x0000000056ed0000)]
  0x000000005638c800 JavaThread "C2 CompilerThread0" daemon [_thread_in_native, id=3284, stack(0x0000000056bd0000,0x0000000056cd0000)]
  0x0000000056294800 JavaThread "Attach Listener" daemon [_thread_blocked, id=11752, stack(0x00000000569b0000,0x0000000056ab0000)]
  0x0000000054daa000 JavaThread "Signal Dispatcher" daemon [_thread_blocked, id=10116, stack(0x0000000056830000,0x0000000056930000)]
  0x0000000054d4a000 JavaThread "Finalizer" daemon [_thread_blocked, id=9156, stack(0x0000000056190000,0x0000000056290000)]
  0x0000000054d3f000 JavaThread "Reference Handler" daemon [_thread_blocked, id=1436, stack(0x0000000055f90000,0x0000000056090000)]
  0x000000000290a000 JavaThread "main" [_thread_blocked, id=1808, stack(0x0000000002c80000,0x0000000002d80000)]

Other Threads:
  0x0000000054d3b800 VMThread [stack: 0x0000000055da0000,0x0000000055ea0000] [id=12224]
  0x00000000564e2800 WatcherThread [stack: 0x0000000057260000,0x0000000057360000] [id=7748]

VM state:not at safepoint (normal execution)

VM Mutex/Monitor currently owned by a thread: None

Heap:
 PSYoungGen      total 223232K, used 128087K [0x00000000f0000000, 0x0000000100000000, 0x0000000100000000)
  eden space 205824K, 53% used [0x00000000f0000000,0x00000000f6c1afe8,0x00000000fc900000)
  from space 17408K, 99% used [0x00000000fc900000,0x00000000fd9faf98,0x00000000fda00000)
  to   space 28672K, 0% used [0x00000000fe400000,0x00000000fe400000,0x0000000100000000)
 ParOldGen       total 137216K, used 116019K [0x00000000d0000000, 0x00000000d8600000, 0x00000000f0000000)
  object space 137216K, 84% used [0x00000000d0000000,0x00000000d714cc48,0x00000000d8600000)
 Metaspace       used 69531K, capacity 71268K, committed 71500K, reserved 1114112K
  class space    used 7272K, capacity 7762K, committed 7808K, reserved 1048576K

Card table byte_map: [0x0000000012240000,0x00000000123d0000] byte_map_base: 0x0000000011bc0000

Marking Bits: (ParMarkBitMap*) 0x000000005af612b0
 Begin Bits: [0x0000000012a30000, 0x0000000013630000)
 End Bits:   [0x0000000013630000, 0x0000000014230000)

Polling page: 0x00000000003a0000

CodeCache: size=245760Kb used=20988Kb max_used=21387Kb free=224771Kb
 bounds [0x0000000002e80000, 0x0000000004390000, 0x0000000011e80000]
 total_blobs=6593 nmethods=5829 adapters=675
 compilation: enabled

Compilation events (10 events):
Event: 42.827 Thread 0x0000000056385000 nmethod 6802 0x0000000003029cd0 code [0x0000000003029e80, 0x000000000302a9a8]
Event: 42.827 Thread 0x0000000056385000 6794       4       org.codehaus.groovy.runtime.metaclass.MetaMethodIndex::isMatchingMethod (68 bytes)
Event: 42.830 Thread 0x0000000056385000 nmethod 6794 0x00000000037fec50 code [0x00000000037feda0, 0x00000000037feed8]
Event: 42.830 Thread 0x0000000056385000 6805       4       groovy.lang.MetaClassImpl::findPropertyMethod (356 bytes)
Event: 42.833 Thread 0x0000000056387000 6806       2       groovy.lang.ExpandoMetaClass$3::call (244 bytes)
Event: 42.835 Thread 0x0000000056387000 nmethod 6806 0x0000000003034a90 code [0x0000000003034d20, 0x00000000030355f8]
Event: 42.835 Thread 0x0000000056387000 6807       2       groovy.lang.ExpandoMetaClass::access$400 (5 bytes)
Event: 42.836 Thread 0x0000000056387000 nmethod 6807 0x00000000030cdc90 code [0x00000000030cde00, 0x00000000030cdf48]
Event: 42.837 Thread 0x0000000056387000 6809   !   2       org.codehaus.groovy.grails.web.util.TagLibraryMetaUtils::doesMethodExist (304 bytes)
Event: 42.839 Thread 0x0000000056387000 nmethod 6809 0x000000000337a7d0 code [0x000000000337aa40, 0x000000000337b4c8]

GC Heap History (10 events):
Event: 29.827 GC heap before
{Heap before GC invocations=55 (full 7):
 PSYoungGen      total 231424K, used 230961K [0x00000000f0000000, 0x00000000fff00000, 0x0000000100000000)
  eden space 222208K, 100% used [0x00000000f0000000,0x00000000fd900000,0x00000000fd900000)
  from space 9216K, 94% used [0x00000000fd900000,0x00000000fe18c458,0x00000000fe200000)
  to   space 19456K, 0% used [0x00000000fec00000,0x00000000fec00000,0x00000000fff00000)
 ParOldGen       total 116224K, used 97847K [0x00000000d0000000, 0x00000000d7180000, 0x00000000f0000000)
  object space 116224K, 84% used [0x00000000d0000000,0x00000000d5f8dc98,0x00000000d7180000)
 Metaspace       used 64404K, capacity 66104K, committed 66252K, reserved 1107968K
  class space    used 6666K, capacity 7144K, committed 7168K, reserved 1048576K
Event: 30.057 GC heap after
Heap after GC invocations=55 (full 7):
 PSYoungGen      total 240640K, used 15562K [0x00000000f0000000, 0x0000000100000000, 0x0000000100000000)
  eden space 221184K, 0% used [0x00000000f0000000,0x00000000f0000000,0x00000000fd800000)
  from space 19456K, 79% used [0x00000000fec00000,0x00000000ffb32ab0,0x00000000fff00000)
  to   space 20480K, 0% used [0x00000000fd800000,0x00000000fd800000,0x00000000fec00000)
 ParOldGen       total 116224K, used 97855K [0x00000000d0000000, 0x00000000d7180000, 0x00000000f0000000)
  object space 116224K, 84% used [0x00000000d0000000,0x00000000d5f8fc98,0x00000000d7180000)
 Metaspace       used 64404K, capacity 66104K, committed 66252K, reserved 1107968K
  class space    used 6666K, capacity 7144K, committed 7168K, reserved 1048576K
}
Event: 31.177 GC heap before
{Heap before GC invocations=56 (full 7):
 PSYoungGen      total 240640K, used 236714K [0x00000000f0000000, 0x0000000100000000, 0x0000000100000000)
  eden space 221184K, 99% used [0x00000000f0000000,0x00000000fd7f7ff0,0x00000000fd800000)
  from space 19456K, 79% used [0x00000000fec00000,0x00000000ffb32ab0,0x00000000fff00000)
  to   space 20480K, 0% used [0x00000000fd800000,0x00000000fd800000,0x00000000fec00000)
 ParOldGen       total 116224K, used 97855K [0x00000000d0000000, 0x00000000d7180000, 0x00000000f0000000)
  object space 116224K, 84% used [0x00000000d0000000,0x00000000d5f8fc98,0x00000000d7180000)
 Metaspace       used 66039K, capacity 67678K, committed 68044K, reserved 1110016K
  class space    used 6830K, capacity 7305K, committed 7424K, reserved 1048576K
Event: 31.265 GC heap after
Heap after GC invocations=56 (full 7):
 PSYoungGen      total 241664K, used 20205K [0x00000000f0000000, 0x0000000100000000, 0x0000000100000000)
  eden space 221184K, 0% used [0x00000000f0000000,0x00000000f0000000,0x00000000fd800000)
  from space 20480K, 98% used [0x00000000fd800000,0x00000000febbb470,0x00000000fec00000)
  to   space 20480K, 0% used [0x00000000fec00000,0x00000000fec00000,0x0000000100000000)
 ParOldGen       total 116224K, used 97863K [0x00000000d0000000, 0x00000000d7180000, 0x00000000f0000000)
  object space 116224K, 84% used [0x00000000d0000000,0x00000000d5f91c98,0x00000000d7180000)
 Metaspace       used 66039K, capacity 67678K, committed 68044K, reserved 1110016K
  class space    used 6830K, capacity 7305K, committed 7424K, reserved 1048576K
}
Event: 33.294 GC heap before
{Heap before GC invocations=57 (full 7):
 PSYoungGen      total 241664K, used 241389K [0x00000000f0000000, 0x0000000100000000, 0x0000000100000000)
  eden space 221184K, 100% used [0x00000000f0000000,0x00000000fd800000,0x00000000fd800000)
  from space 20480K, 98% used [0x00000000fd800000,0x00000000febbb470,0x00000000fec00000)
  to   space 20480K, 0% used [0x00000000fec00000,0x00000000fec00000,0x0000000100000000)
 ParOldGen       total 116224K, used 97863K [0x00000000d0000000, 0x00000000d7180000, 0x00000000f0000000)
  object space 116224K, 84% used [0x00000000d0000000,0x00000000d5f91c98,0x00000000d7180000)
 Metaspace       used 67119K, capacity 68738K, committed 68940K, reserved 1110016K
  class space    used 6945K, capacity 7432K, committed 7552K, reserved 1048576K
Event: 33.394 GC heap after
Heap after GC invocations=57 (full 7):
 PSYoungGen      total 226304K, used 20449K [0x00000000f0000000, 0x0000000100000000, 0x0000000100000000)
  eden space 205824K, 0% used [0x00000000f0000000,0x00000000f0000000,0x00000000fc900000)
  from space 20480K, 99% used [0x00000000fec00000,0x00000000ffff8698,0x0000000100000000)
  to   space 28160K, 0% used [0x00000000fc900000,0x00000000fc900000,0x00000000fe480000)
 ParOldGen       total 116224K, used 105965K [0x00000000d0000000, 0x00000000d7180000, 0x00000000f0000000)
  object space 116224K, 91% used [0x00000000d0000000,0x00000000d677b4c8,0x00000000d7180000)
 Metaspace       used 67119K, capacity 68738K, committed 68940K, reserved 1110016K
  class space    used 6945K, capacity 7432K, committed 7552K, reserved 1048576K
}
Event: 33.394 GC heap before
{Heap before GC invocations=58 (full 8):
 PSYoungGen      total 226304K, used 20449K [0x00000000f0000000, 0x0000000100000000, 0x0000000100000000)
  eden space 205824K, 0% used [0x00000000f0000000,0x00000000f0000000,0x00000000fc900000)
  from space 20480K, 99% used [0x00000000fec00000,0x00000000ffff8698,0x0000000100000000)
  to   space 28160K, 0% used [0x00000000fc900000,0x00000000fc900000,0x00000000fe480000)
 ParOldGen       total 116224K, used 105965K [0x00000000d0000000, 0x00000000d7180000, 0x00000000f0000000)
  object space 116224K, 91% used [0x00000000d0000000,0x00000000d677b4c8,0x00000000d7180000)
 Metaspace       used 67119K, capacity 68738K, committed 68940K, reserved 1110016K
  class space    used 6945K, capacity 7432K, committed 7552K, reserved 1048576K
Event: 40.929 GC heap after
Heap after GC invocations=58 (full 8):
 PSYoungGen      total 226304K, used 10113K [0x00000000f0000000, 0x0000000100000000, 0x0000000100000000)
  eden space 205824K, 0% used [0x00000000f0000000,0x00000000f0000000,0x00000000fc900000)
  from space 20480K, 49% used [0x00000000fec00000,0x00000000ff5e05d8,0x0000000100000000)
  to   space 28160K, 0% used [0x00000000fc900000,0x00000000fc900000,0x00000000fe480000)
 ParOldGen       total 137216K, used 115915K [0x00000000d0000000, 0x00000000d8600000, 0x00000000f0000000)
  object space 137216K, 84% used [0x00000000d0000000,0x00000000d7132c48,0x00000000d8600000)
 Metaspace       used 67112K, capacity 68726K, committed 68940K, reserved 1110016K
  class space    used 6944K, capacity 7430K, committed 7552K, reserved 1048576K
}
Event: 41.951 GC heap before
{Heap before GC invocations=59 (full 8):
 PSYoungGen      total 226304K, used 215937K [0x00000000f0000000, 0x0000000100000000, 0x0000000100000000)
  eden space 205824K, 100% used [0x00000000f0000000,0x00000000fc900000,0x00000000fc900000)
  from space 20480K, 49% used [0x00000000fec00000,0x00000000ff5e05d8,0x0000000100000000)
  to   space 28160K, 0% used [0x00000000fc900000,0x00000000fc900000,0x00000000fe480000)
 ParOldGen       total 137216K, used 115915K [0x00000000d0000000, 0x00000000d8600000, 0x00000000f0000000)
  object space 137216K, 84% used [0x00000000d0000000,0x00000000d7132c48,0x00000000d8600000)
 Metaspace       used 68709K, capacity 70364K, committed 70604K, reserved 1112064K
  class space    used 7173K, capacity 7655K, committed 7680K, reserved 1048576K
Event: 42.020 GC heap after
Heap after GC invocations=59 (full 8):
 PSYoungGen      total 223232K, used 17387K [0x00000000f0000000, 0x0000000100000000, 0x0000000100000000)
  eden space 205824K, 0% used [0x00000000f0000000,0x00000000f0000000,0x00000000fc900000)
  from space 17408K, 99% used [0x00000000fc900000,0x00000000fd9faf98,0x00000000fda00000)
  to   space 28672K, 0% used [0x00000000fe400000,0x00000000fe400000,0x0000000100000000)
 ParOldGen       total 137216K, used 116019K [0x00000000d0000000, 0x00000000d8600000, 0x00000000f0000000)
  object space 137216K, 84% used [0x00000000d0000000,0x00000000d714cc48,0x00000000d8600000)
 Metaspace       used 68709K, capacity 70364K, committed 70604K, reserved 1112064K
  class space    used 7173K, capacity 7655K, committed 7680K, reserved 1048576K
}

Deoptimization events (10 events):
Event: 28.907 Thread 0x00000000576a5000 Uncommon trap: reason=null_assert action=make_not_entrant pc=0x0000000003ac27b0 method=java.util.concurrent.ConcurrentHashMap.transfer([Ljava/util/concurrent/ConcurrentHashMap$Node;[Ljava/util/concurrent/ConcurrentHashMap$Node;)V @ 557
Event: 31.079 Thread 0x00000000576a5000 Uncommon trap: reason=class_check action=maybe_recompile pc=0x00000000041a5624 method=sl.org.objectweb.asm.ClassReader.a(Lsl/org/objectweb/asm/MethodVisitor;Lsl/org/objectweb/asm/Context;I)V @ 1945
Event: 31.079 Thread 0x00000000576a5000 Uncommon trap: reason=class_check action=maybe_recompile pc=0x00000000041a5624 method=sl.org.objectweb.asm.ClassReader.a(Lsl/org/objectweb/asm/MethodVisitor;Lsl/org/objectweb/asm/Context;I)V @ 1945
Event: 31.621 Thread 0x00000000576a5000 Uncommon trap: reason=unreached action=reinterpret pc=0x0000000004251a04 method=org.springframework.util.ObjectUtils.nullSafeEquals(Ljava/lang/Object;Ljava/lang/Object;)Z @ 12
Event: 31.652 Thread 0x00000000576a5000 Uncommon trap: reason=null_check action=make_not_entrant pc=0x000000000406c5fc method=org.springsource.loaded.ri.ReflectiveInterceptor.jlClassGetModifiers(Ljava/lang/Class;)I @ 10
Event: 32.045 Thread 0x00000000576a5000 Uncommon trap: reason=unreached action=reinterpret pc=0x0000000003edfa34 method=org.codehaus.groovy.runtime.metaclass.MetaMethodIndex.getMethods(Ljava/lang/Class;Ljava/lang/String;)Lorg/codehaus/groovy/runtime/metaclass/MetaMethodIndex$Entry; @ 61
Event: 32.979 Thread 0x00000000576a5000 Uncommon trap: reason=class_check action=maybe_recompile pc=0x00000000035e54fc method=sun.reflect.generics.factory.CoreReflectionFactory.getDeclsLoader()Ljava/lang/ClassLoader; @ 25
Event: 32.979 Thread 0x00000000576a5000 Uncommon trap: reason=class_check action=maybe_recompile pc=0x00000000035e54fc method=sun.reflect.generics.factory.CoreReflectionFactory.getDeclsLoader()Ljava/lang/ClassLoader; @ 25
Event: 41.097 Thread 0x00000000576a5000 Uncommon trap: reason=class_check action=maybe_recompile pc=0x00000000035e54fc method=sun.reflect.generics.factory.CoreReflectionFactory.getDeclsLoader()Ljava/lang/ClassLoader; @ 25
Event: 41.097 Thread 0x00000000576a5000 Uncommon trap: reason=class_check action=maybe_recompile pc=0x00000000035e54fc method=sun.reflect.generics.factory.CoreReflectionFactory.getDeclsLoader()Ljava/lang/ClassLoader; @ 25

Internal exceptions (10 events):
Event: 42.860 Thread 0x00000000576a5000 Exception <a 'java/security/PrivilegedActionException'> (0x00000000f69b7da8) thrown at [C:\re\workspace\8-2-build-windows-amd64-cygwin\jdk8u11\648\hotspot\src\share\vm\prims\jvm.cpp, line 1248]
Event: 42.860 Thread 0x00000000576a5000 Exception <a 'java/security/PrivilegedActionException'> (0x00000000f69cfa50) thrown at [C:\re\workspace\8-2-build-windows-amd64-cygwin\jdk8u11\648\hotspot\src\share\vm\prims\jvm.cpp, line 1248]
Event: 42.861 Thread 0x00000000576a5000 Exception <a 'java/security/PrivilegedActionException'> (0x00000000f6a04570) thrown at [C:\re\workspace\8-2-build-windows-amd64-cygwin\jdk8u11\648\hotspot\src\share\vm\prims\jvm.cpp, line 1248]
Event: 42.861 Thread 0x00000000576a5000 Exception <a 'java/lang/ClassNotFoundException': org/codehaus/groovy/grails/web/util/TagLibraryMetaUtils$_registerPropertyMissingForTag_closure6BeanInfo> (0x00000000f6a054f0) thrown at [C:\re\workspace\8-2-build-windows-amd64-cygwin\jdk8u11\648\hotspot\src]‹ž-InE@
Event: 42.862 Thread 0x00000000576a5000 Exception <a 'java/security/PrivilegedActionException'> (0x00000000f6a06af8) thrown at [C:\re\workspace\8-2-build-windows-amd64-cygwin\jdk8u11\648\hotspot\src\share\vm\prims\jvm.cpp, line 1248]
Event: 42.862 Thread 0x00000000576a5000 Exception <a 'java/security/PrivilegedActionException'> (0x00000000f6a0cb98) thrown at [C:\re\workspace\8-2-build-windows-amd64-cygwin\jdk8u11\648\hotspot\src\share\vm\prims\jvm.cpp, line 1248]
Event: 42.863 Thread 0x00000000576a5000 Exception <a 'java/security/PrivilegedActionException'> (0x00000000f6a24c00) thrown at [C:\re\workspace\8-2-build-windows-amd64-cygwin\jdk8u11\648\hotspot\src\share\vm\prims\jvm.cpp, line 1248]
Event: 42.863 Thread 0x00000000576a5000 Exception <a 'java/security/PrivilegedActionException'> (0x00000000f6a42ce8) thrown at [C:\re\workspace\8-2-build-windows-amd64-cygwin\jdk8u11\648\hotspot\src\share\vm\prims\jvm.cpp, line 1248]
Event: 42.863 Thread 0x00000000576a5000 Exception <a 'java/security/PrivilegedActionException'> (0x00000000f6a48d88) thrown at [C:\re\workspace\8-2-build-windows-amd64-cygwin\jdk8u11\648\hotspot\src\share\vm\prims\jvm.cpp, line 1248]
Event: 42.864 Thread 0x00000000576a5000 Exception <a 'java/security/PrivilegedActionException'> (0x00000000f6a60df0) thrown at [C:\re\workspace\8-2-build-windows-amd64-cygwin\jdk8u11\648\hotspot\src\share\vm\prims\jvm.cpp, line 1248]

Events (10 events):
Event: 42.858 loading class org/codehaus/groovy/grails/web/util/TagLibraryMetaUtils$_registerPropertyMissingForTag_closure6BeanInfo
Event: 42.858 loading class org/codehaus/groovy/grails/web/util/TagLibraryMetaUtils$_registerPropertyMissingForTag_closure6BeanInfo done
Event: 42.859 loading class org/codehaus/groovy/grails/web/util/TagLibraryMetaUtils$_registerPropertyMissingForTag_closure6BeanInfo
Event: 42.859 loading class org/codehaus/groovy/grails/web/util/TagLibraryMetaUtils$_registerPropertyMissingForTag_closure6BeanInfo done
Event: 42.861 loading class org/codehaus/groovy/grails/web/util/TagLibraryMetaUtils$_registerPropertyMissingForTag_closure6BeanInfo
Event: 42.861 loading class org/codehaus/groovy/grails/web/util/TagLibraryMetaUtils$_registerPropertyMissingForTag_closure6BeanInfo done
Event: 42.862 loading class org/codehaus/groovy/grails/web/util/TagLibraryMetaUtils$_registerPropertyMissingForTag_closure6Customizer
Event: 42.862 loading class org/codehaus/groovy/grails/web/util/TagLibraryMetaUtils$_registerPropertyMissingForTag_closure6Customizer done
Event: 42.863 loading class org/codehaus/groovy/grails/web/util/TagLibraryMetaUtils$_registerPropertyMissingForTag_closure6Customizer
Event: 42.863 loading class org/codehaus/groovy/grails/web/util/TagLibraryMetaUtils$_registerPropertyMissingForTag_closure6Customizer done


Dynamic libraries:
0x000000013f5d0000 - 0x000000013f604000 	C:\Program Files\Java\jdk1.8.0_11\bin\java.exe
0x0000000077980000 - 0x0000000077b29000 	C:\Windows\SYSTEM32\ntdll.dll
0x0000000077860000 - 0x000000007797f000 	C:\Windows\system32\kernel32.dll
0x000007fefe140000 - 0x000007fefe1ac000 	C:\Windows\system32\KERNELBASE.dll
0x000007feff400000 - 0x000007feff4db000 	C:\Windows\system32\ADVAPI32.dll
0x000007feffb10000 - 0x000007feffbaf000 	C:\Windows\system32\msvcrt.dll
0x000007feffae0000 - 0x000007feffaff000 	C:\Windows\SYSTEM32\sechost.dll
0x000007fefef40000 - 0x000007feff06d000 	C:\Windows\system32\RPCRT4.dll
0x0000000077280000 - 0x000000007737a000 	C:\Windows\system32\USER32.dll
0x000007feffc20000 - 0x000007feffc87000 	C:\Windows\system32\GDI32.dll
0x000007feffc10000 - 0x000007feffc1e000 	C:\Windows\system32\LPK.dll
0x000007feff560000 - 0x000007feff629000 	C:\Windows\system32\USP10.dll
0x000007fefc3e0000 - 0x000007fefc5d4000 	C:\Windows\WinSxS\amd64_microsoft.windows.common-controls_6595b64144ccf1df_6.0.7601.17514_none_fa396087175ac9ac\COMCTL32.dll
0x000007feff4e0000 - 0x000007feff551000 	C:\Windows\system32\SHLWAPI.dll
0x000007feff110000 - 0x000007feff13e000 	C:\Windows\system32\IMM32.DLL
0x000007feff720000 - 0x000007feff829000 	C:\Windows\system32\MSCTF.dll
0x0000000180000000 - 0x000000018001c000 	C:\Windows\system32\btpload64.dll
0x0000000077b40000 - 0x0000000077b47000 	C:\Windows\system32\PSAPI.DLL
0x0000000000350000 - 0x000000000037c000 	C:\Windows\system32\privman64.dll
0x000007fefdd30000 - 0x000007fefdd3c000 	C:\Windows\system32\VERSION.dll
0x000007fefe1b0000 - 0x000007fefef39000 	C:\Windows\system32\SHELL32.dll
0x000007fefdd10000 - 0x000007fefdd2e000 	C:\Windows\system32\USERENV.dll
0x000007fefdde0000 - 0x000007fefddef000 	C:\Windows\system32\profapi.dll
0x000000006e110000 - 0x000000006e1e2000 	C:\Program Files\Java\jdk1.8.0_11\jre\bin\msvcr100.dll
0x000000005a7b0000 - 0x000000005afda000 	C:\Program Files\Java\jdk1.8.0_11\jre\bin\server\jvm.dll
0x000007fefd2c0000 - 0x000007fefd2c9000 	C:\Windows\system32\WSOCK32.dll
0x000007feff6d0000 - 0x000007feff71d000 	C:\Windows\system32\WS2_32.dll
0x000007feffb00000 - 0x000007feffb08000 	C:\Windows\system32\NSI.dll
0x000007fefb930000 - 0x000007fefb96b000 	C:\Windows\system32\WINMM.dll
0x0000000070860000 - 0x000000007086f000 	C:\Program Files\Java\jdk1.8.0_11\jre\bin\verify.dll
0x0000000070830000 - 0x0000000070858000 	C:\Program Files\Java\jdk1.8.0_11\jre\bin\java.dll
0x000000005bd70000 - 0x000000005bd93000 	C:\Program Files\Java\jdk1.8.0_11\jre\bin\instrument.dll
0x0000000070680000 - 0x0000000070696000 	C:\Program Files\Java\jdk1.8.0_11\jre\bin\zip.dll
0x000007feff830000 - 0x000007feffa33000 	C:\Windows\system32\ole32.dll
0x000007fefd680000 - 0x000007fefd697000 	C:\Windows\system32\CRYPTSP.dll
0x000007fefd380000 - 0x000007fefd3c7000 	C:\Windows\system32\rsaenh.dll
0x000007fefdce0000 - 0x000007fefdcef000 	C:\Windows\system32\CRYPTBASE.dll
0x0000000070660000 - 0x000000007067a000 	C:\Program Files\Java\jdk1.8.0_11\jre\bin\net.dll
0x000007fefd620000 - 0x000007fefd675000 	C:\Windows\system32\mswsock.dll
0x000007fefd610000 - 0x000007fefd617000 	C:\Windows\System32\wship6.dll
0x000007fefcd80000 - 0x000007fefcda7000 	C:\Windows\system32\IPHLPAPI.DLL
0x000007fefcd70000 - 0x000007fefcd7b000 	C:\Windows\system32\WINNSI.DLL
0x000007fefb3d0000 - 0x000007fefb3e8000 	C:\Windows\system32\dhcpcsvc.DLL
0x000007fefb3b0000 - 0x000007fefb3c1000 	C:\Windows\system32\dhcpcsvc6.DLL
0x0000000070640000 - 0x0000000070651000 	C:\Program Files\Java\jdk1.8.0_11\jre\bin\nio.dll
0x000007fef3a50000 - 0x000007fef3a5a000 	C:\Users\rgopal\AppData\Local\Temp\jansi-64-8264627615741290016.dll
0x0000000070590000 - 0x000000007059d000 	C:\Program Files\Java\jdk1.8.0_11\jre\bin\management.dll
0x000007fefce80000 - 0x000007fefce87000 	C:\Windows\System32\wshtcpip.dll
0x000007fefd4a0000 - 0x000007fefd4fb000 	C:\Windows\system32\DNSAPI.dll
0x0000000074fa0000 - 0x0000000074fc6000 	C:\Program Files\Bonjour\mdnsNSP.dll
0x000007fefb340000 - 0x000007fefb348000 	C:\Windows\system32\rasadhlp.dll
0x000007fefb350000 - 0x000007fefb3a3000 	C:\Windows\System32\fwpuclnt.dll
0x000007fefb450000 - 0x000007fefb465000 	C:\Windows\system32\NLAapi.dll
0x000007fefb430000 - 0x000007fefb445000 	C:\Windows\system32\napinsp.dll
0x000007fefb410000 - 0x000007fefb429000 	C:\Windows\system32\pnrpnsp.dll
0x000007fefb400000 - 0x000007fefb40b000 	C:\Windows\System32\winrnr.dll
0x000007fefb3f0000 - 0x000007fefb400000 	C:\Windows\system32\wshbth.dll
0x000007fef6a90000 - 0x000007fef6bb5000 	C:\Windows\system32\dbghelp.dll

VM Arguments:
jvm_args: -Dfile.encoding=UTF-8 -Xmx768M -Xms64M -Dgrails.fork.parent.process.port=49829 -Dgrails.fork.active=true -Dgrails.build.execution.context=C:\Users\rgopal\AppData\Local\Temp\central8346390640421949038grails-execution-context -Dgrails.home=C:\Users\rgopal\Documents\grails-2.4.4\grails-2.4.4 -javaagent:C:\Users\rgopal\Documents\grails-2.4.4\grails-2.4.4\lib\org.springframework\springloaded\jars\springloaded-1.2.1.RELEASE.jar -Xverify:none -Dspringloaded.synchronize=true -Djdk.reflect.allowGetCallerClass=true -Dspringloaded=profile=grails;cacheDir=C:\Users\rgopal/.grails/2.4.4/ 
java_command: org.grails.plugins.tomcat.fork.ForkedTomcatServer
java_class_path (initial): C:\Program Files\Java\jdk1.8.0_11\lib\tools.jar;C:\Users\rgopal\Documents\grails-2.4.4\grails-2.4.4\lib\org.codehaus.groovy\groovy-all\jars\groovy-all-2.3.7.jar;C:\Users\rgopal\Documents\grails-2.4.4\grails-2.4.4\lib\org.slf4j\jcl-over-slf4j\jars\jcl-over-slf4j-1.7.5.jar;C:\Users\rgopal\Documents\grails-2.4.4\grails-2.4.4\lib\org.codehaus.gant\gant_groovy1.8\jars\gant_groovy1.8-1.9.6.jar;C:\Users\rgopal\Documents\grails-2.4.4\grails-2.4.4\lib\org.apache.tomcat.embed\tomcat-embed-logging-log4j\jars\tomcat-embed-logging-log4j-7.0.50.jar;C:\Users\rgopal\Documents\grails-2.4.4\grails-2.4.4\dist\grails-plugin-log4j-2.4.4.jar;C:\Users\rgopal\Documents\grails-2.4.4\grails-2.4.4\lib\log4j\log4j\jars\log4j-1.2.17.jar;C:\Users\rgopal\Documents\grails-2.4.4\grails-2.4.4\dist\grails-bootstrap-2.4.4.jar;C:\Users\rgopal\Documents\grails-2.4.4\grails-2.4.4\lib\org.slf4j\slf4j-api\jars\slf4j-api-1.7.5.jar;C:\Users\rgopal\Documents\grails-2.4.4\grails-2.4.4\lib\jline\jline\jars\jline-2.12.jar;C:\Users\rgopal\Documents\grails-2.4.4\grails-2.4.4\lib\org.apache.ant\ant\jars\ant-1.8.4.jar;C:\Users\rgopal\Documents\grails-2.4.4\grails-2.4.4\lib\org.apache.ant\ant-launcher\jars\ant-launcher-1.8.4.jar;C:\Users\rgopal\Documents\grails-2.4.4\grails-2.4.4\lib\org.apache.ant\ant-trax\jars\ant-trax-1.7.1.jar;C:\Users\rgopal\Documents\grails-2.4.4\grails-2.4.4\lib\org.apache.ant\ant-junit\jars\ant-junit-1.8.4.jar;C:\Users\rgopal\Documents\grails-2.4.4\grails-2.4.4\lib\org.apache.ivy\ivy\jars\ivy-2.3.0.jar;C:\Users\rgopal\Documents\grails-2.4.4\grails-2.4.4\lib\org.fusesource.jansi\jansi\jars\jansi-1.11.jar;C:\Users\rgopal\.m2\repository\org\apache\tomcat\tomcat-catalina-ant\7.0.55\tomcat-catalina-ant-7.0.55.jar;C:\Users\rgopal\.m2\repository\org\apache\tomcat\embed\tomcat-embed-jasper\7.0.55\tomcat-embed-jasper-7.0.55.jar;C:\Users\rgopal\.m2\repository\org\apache\tomcat\embed\tomcat-embed-el\7.0.55\tomcat-embed-el-7.0.55.jar;C:\Users\rgopal\.m2\repository\org\apache\
Launcher Type: SUN_STANDARD

Environment Variables:
JAVA_HOME=C:\Program Files\Java\jdk1.8.0_11
PATH=C:\Windows\system32;C:\Windows;C:\Windows\System32\Wbem;C:\Windows\System32\WindowsPowerShell\v1.0\;C:\users\rgopal\My Documents\springsource\grails-2.3.5\bin\;c:\Program Files\Java\jdk1.7.0_51\bin\;C:\Program Files (x86)\MiKTeX 2.9\miktex\bin\
USERNAME=rgopal
OS=Windows_NT
PROCESSOR_IDENTIFIER=Intel64 Family 6 Model 37 Stepping 5, GenuineIntel



---------------  S Y S T E M  ---------------

OS: Windows 7 , 64 bit Build 7601 Service Pack 1

CPU:total 4 (2 cores per cpu, 2 threads per core) family 6 model 37 stepping 5, cmov, cx8, fxsr, mmx, sse, sse2, sse3, ssse3, sse4.1, sse4.2, popcnt, aes, clmul, ht, tsc, tscinvbit

Memory: 4k page, physical 8181608k(2168260k free), swap 16361352k(7164936k free)

vm_info: Java HotSpot(TM) 64-Bit Server VM (25.11-b03) for windows-amd64 JRE (1.8.0_11-b12), built on Jun 16 2014 20:57:32 by "java_re" with MS VC++ 10.0 (VS2010)

time: Sun Apr 12 17:24:30 2015
elapsed time: 42 seconds

