#
# A fatal error has been detected by the Java Runtime Environment:
#
#  EXCEPTION_ACCESS_VIOLATION (0xc0000005) at pc=0x000000005f1c4db2, pid=3388, tid=5300
#
# JRE version: Java(TM) SE Runtime Environment (8.0_11-b12) (build 1.8.0_11-b12)
# Java VM: Java HotSpot(TM) 64-Bit Server VM (25.11-b03 mixed mode windows-amd64 compressed oops)
# Problematic frame:
# V  [jvm.dll+0x424db2]
#
# Failed to write core dump. Minidumps are not enabled by default on client versions of Windows
#
# If you would like to submit a bug report, please visit:
#   http://bugreport.sun.com/bugreport/crash.jsp
#

---------------  T H R E A D  ---------------

Current thread (0x000000005670a000):  JavaThread "C2 CompilerThread0" daemon [_thread_in_native, id=5300, stack(0x0000000056b60000,0x0000000056c60000)]

siginfo: ExceptionCode=0xc0000005, reading address 0x0000000000000000

Registers:
RAX=0x000000005695a5d8, RBX=0x0000000000000600, RCX=0x0000000000000000, RDX=0x00000000588facb0
RSP=0x0000000056c5c020, RBP=0x00000000000000c0, RSI=0x00000000000000b8, RDI=0x0000000000000000
R8 =0x000000005eda0000, R9 =0x0000000056c5c340, R10=0x00000000ffffffff, R11=0x000000005670e8f0
R12=0x000000005695acf0, R13=0x000000005dd63218, R14=0x0000000000000008, R15=0x000000005dd63218
RIP=0x000000005f1c4db2, EFLAGS=0x0000000000010206

Top of Stack: (sp=0x0000000056c5c020)
0x0000000056c5c020:   00000000000000dc 00000000588f6440
0x0000000056c5c030:   0000000000000000 0000000057944cd8
0x0000000056c5c040:   0000000000000001 0000000000000600
0x0000000056c5c050:   0000000000000180 00000000000000c0
0x0000000056c5c060:   00000000591bbc30 00000000566f4ec0
0x0000000056c5c070:   0000000000000748 00000000588f6440
0x0000000056c5c080:   0000000056c5c340 0000000056957650
0x0000000056c5c090:   0000000000000020 0000000000000009
0x0000000056c5c0a0:   000000005695acc0 00000000000000dc
0x0000000056c5c0b0:   000000005dd63218 000000005f1c598d
0x0000000056c5c0c0:   000000005695acc0 000000000000001c
0x0000000056c5c0d0:   00000000000000dc 0000000056c5c340
0x0000000056c5c0e0:   00000000588facb0 00000000000000dc
0x0000000056c5c0f0:   0000000056957650 0000000000000020
0x0000000056c5c100:   000000005a753d18 0000000056c5e6b0
0x0000000056c5c110:   000000005a754348 000000005695acc0 

Instructions: (pc=0x000000005f1c4db2)
0x000000005f1c4d92:   c6 48 63 f0 48 03 f1 eb 04 48 83 ce ff 48 8b 84
0x000000005f1c4da2:   24 a0 00 00 00 48 8b 40 08 48 8b 3c 03 48 8b cf
0x000000005f1c4db2:   48 8b 07 ff 50 28 4c 8d 05 41 b2 bd ff 48 63 50
0x000000005f1c4dc2:   10 4c 8b d8 48 8b ca 48 c1 e1 05 42 80 bc 01 c0 


Register to memory mapping:

RAX=0x000000005695a5d8 is an unknown value
RBX=0x0000000000000600 is an unknown value
RCX=0x0000000000000000 is an unknown value
RDX=0x00000000588facb0 is an unknown value
RSP=0x0000000056c5c020 is pointing into the stack for thread: 0x000000005670a000
RBP=0x00000000000000c0 is an unknown value
RSI=0x00000000000000b8 is an unknown value
RDI=0x0000000000000000 is an unknown value
R8 =0x000000005eda0000 is an unknown value
R9 =0x0000000056c5c340 is pointing into the stack for thread: 0x000000005670a000
R10=0x00000000ffffffff is an unknown value
R11=0x000000005670e8f0 is an unknown value
R12=0x000000005695acf0 is an unknown value
R13=0x000000005dd63218 is an unknown value
R14=0x0000000000000008 is an unknown value
R15=0x000000005dd63218 is an unknown value


Stack: [0x0000000056b60000,0x0000000056c60000],  sp=0x0000000056c5c020,  free space=1008k
Native frames: (J=compiled Java code, j=interpreted, Vv=VM code, C=native code)
V  [jvm.dll+0x424db2]
V  [jvm.dll+0x42598d]
V  [jvm.dll+0x425ecf]
V  [jvm.dll+0x4c5a84]
V  [jvm.dll+0x4415bc]
V  [jvm.dll+0x443a29]
V  [jvm.dll+0x427722]
V  [jvm.dll+0x96982]
V  [jvm.dll+0x97173]
V  [jvm.dll+0x2234b4]
V  [jvm.dll+0x27bcca]
C  [msvcr100.dll+0x21d9f]
C  [msvcr100.dll+0x21e3b]
C  [kernel32.dll+0x159ed]
C  [ntdll.dll+0x2c541]


Current CompileTask:
C2:  58969 7324       4       groovy.lang.MetaClassImpl::findPropertyMethod (356 bytes)


---------------  P R O C E S S  ---------------

Java Threads: ( => current thread )
  0x000000005bbb7800 JavaThread "net.sf.ehcache.CacheManager@52bb8a9f" daemon [_thread_blocked, id=10764, stack(0x000000005d030000,0x000000005d130000)]
  0x000000005bbb7000 JavaThread "com.oumuo.SecurityGroup.data" daemon [_thread_blocked, id=9684, stack(0x0000000060880000,0x0000000060980000)]
  0x000000005bbb5000 JavaThread "com.oumuo.Authority.data" daemon [_thread_blocked, id=6828, stack(0x0000000059690000,0x0000000059790000)]
  0x000000005a0f8800 JavaThread "net.sf.ehcache.CacheManager@773f7b61" daemon [_thread_blocked, id=8984, stack(0x0000000056e70000,0x0000000056f70000)]
  0x000000005a852800 JavaThread "PoolCleaner[192694377:1429907559310]" daemon [_thread_blocked, id=9724, stack(0x000000005d1b0000,0x000000005d2b0000)]
  0x000000005a65b800 JavaThread "FileSystemWatcher: files=#311 cl=groovy.lang.GroovyClassLoader@b7c4869" daemon [_thread_blocked, id=11124, stack(0x000000005b2d0000,0x000000005b3d0000)]
  0x000000005861a800 JavaThread "localhost-startStop-1" daemon [_thread_in_Java, id=10528, stack(0x000000005a9d0000,0x000000005aad0000)]
  0x0000000058618000 JavaThread "Tomcat-startStop-1" daemon [_thread_blocked, id=5564, stack(0x0000000056c60000,0x0000000056d60000)]
  0x000000005863c800 JavaThread "Thread-3" [_thread_in_native, id=6280, stack(0x0000000056010000,0x0000000056110000)]
  0x0000000059e47000 JavaThread "Thread-2" [_thread_blocked, id=7736, stack(0x000000005ab70000,0x000000005ac70000)]
  0x0000000057858000 JavaThread "NonBlockingInputStreamThread" daemon [_thread_blocked, id=10476, stack(0x0000000058120000,0x0000000058220000)]
  0x000000005685c800 JavaThread "Service Thread" daemon [_thread_blocked, id=8024, stack(0x0000000057180000,0x0000000057280000)]
  0x0000000056708000 JavaThread "C1 CompilerThread2" daemon [_thread_blocked, id=5308, stack(0x0000000056fb0000,0x00000000570b0000)]
  0x000000005670a800 JavaThread "C2 CompilerThread1" daemon [_thread_in_native, id=8704, stack(0x0000000056d60000,0x0000000056e60000)]
=>0x000000005670a000 JavaThread "C2 CompilerThread0" daemon [_thread_in_native, id=5300, stack(0x0000000056b60000,0x0000000056c60000)]
  0x0000000054cfe800 JavaThread "Attach Listener" daemon [_thread_blocked, id=5772, stack(0x0000000056510000,0x0000000056610000)]
  0x0000000054cfc000 JavaThread "Signal Dispatcher" daemon [_thread_blocked, id=10360, stack(0x0000000055d00000,0x0000000055e00000)]
  0x0000000054c91000 JavaThread "Finalizer" daemon [_thread_blocked, id=1496, stack(0x0000000056120000,0x0000000056220000)]
  0x0000000054c8b800 JavaThread "Reference Handler" daemon [_thread_blocked, id=4716, stack(0x0000000055f10000,0x0000000056010000)]
  0x000000000293a000 JavaThread "main" [_thread_blocked, id=10428, stack(0x0000000002ce0000,0x0000000002de0000)]

Other Threads:
  0x0000000054c88000 VMThread [stack: 0x0000000055e10000,0x0000000055f10000] [id=11008]
  0x000000005684f800 WatcherThread [stack: 0x0000000057340000,0x0000000057440000] [id=9484]

VM state:not at safepoint (normal execution)

VM Mutex/Monitor currently owned by a thread: None

Heap:
 PSYoungGen      total 237056K, used 216133K [0x00000000f0000000, 0x0000000100000000, 0x0000000100000000)
  eden space 217088K, 90% used [0x00000000f0000000,0x00000000fbfd5b90,0x00000000fd400000)
  from space 19968K, 98% used [0x00000000fd400000,0x00000000fe73bac8,0x00000000fe780000)
  to   space 25088K, 0% used [0x00000000fe780000,0x00000000fe780000,0x0000000100000000)
 ParOldGen       total 142336K, used 124168K [0x00000000d0000000, 0x00000000d8b00000, 0x00000000f0000000)
  object space 142336K, 87% used [0x00000000d0000000,0x00000000d7942110,0x00000000d8b00000)
 Metaspace       used 73110K, capacity 75322K, committed 75596K, reserved 1116160K
  class space    used 7586K, capacity 8223K, committed 8320K, reserved 1048576K

Card table byte_map: [0x0000000002de0000,0x0000000002f70000] byte_map_base: 0x0000000002760000

Marking Bits: (ParMarkBitMap*) 0x000000005f5512b0
 Begin Bits: [0x0000000012b00000, 0x0000000013700000)
 End Bits:   [0x0000000013700000, 0x0000000014300000)

Polling page: 0x00000000003a0000

CodeCache: size=245760Kb used=23772Kb max_used=23772Kb free=221987Kb
 bounds [0x0000000002fe0000, 0x0000000004730000, 0x0000000011fe0000]
 total_blobs=7095 nmethods=6331 adapters=675
 compilation: enabled

Compilation events (10 events):
Event: 58.881 Thread 0x0000000056708000 7474       3       groovy.lang.ExpandoMetaClass$ExpandoMetaProperty::checkIfMethodExists (88 bytes)
Event: 58.882 Thread 0x0000000056708000 nmethod 7474 0x000000000405b2d0 code [0x000000000405b4a0, 0x000000000405bcf8]
Event: 58.885 Thread 0x000000005670a000 nmethod 7443 0x000000000471cd90 code [0x000000000471cf20, 0x000000000471d388]
Event: 58.885 Thread 0x000000005670a000 7324       4       groovy.lang.MetaClassImpl::findPropertyMethod (356 bytes)
Event: 58.925 Thread 0x0000000056708000 7475       2       org.hibernate.service.internal.ConcurrentServiceBinding::hashKey (5 bytes)
Event: 58.925 Thread 0x0000000056708000 nmethod 7475 0x0000000004059690 code [0x0000000004059800, 0x0000000004059968]
Event: 58.925 Thread 0x0000000056708000 7476       2       org.springframework.jdbc.support.AbstractFallbackSQLExceptionTranslator::<init> (16 bytes)
Event: 58.925 Thread 0x0000000056708000 nmethod 7476 0x000000000405aed0 code [0x000000000405b040, 0x000000000405b1e8]
Event: 58.929 Thread 0x0000000056708000 7479       2       groovy.lang.ExpandoMetaClass::createConstructorSite (68 bytes)
Event: 58.930 Thread 0x0000000056708000 nmethod 7479 0x000000000471e6d0 code [0x000000000471e880, 0x000000000471ebb8]

GC Heap History (10 events):
Event: 49.559 GC heap before
{Heap before GC invocations=56 (full 8):
 PSYoungGen      total 247296K, used 241402K [0x00000000f0000000, 0x0000000100000000, 0x0000000100000000)
  eden space 233984K, 98% used [0x00000000f0000000,0x00000000fe050ea0,0x00000000fe480000)
  from space 13312K, 87% used [0x00000000fe480000,0x00000000fefedb68,0x00000000ff180000)
  to   space 14848K, 0% used [0x00000000ff180000,0x00000000ff180000,0x0000000100000000)
 ParOldGen       total 124416K, used 108921K [0x00000000d0000000, 0x00000000d7980000, 0x00000000f0000000)
  object space 124416K, 87% used [0x00000000d0000000,0x00000000d6a5e4a0,0x00000000d7980000)
 Metaspace       used 68256K, capacity 70058K, committed 70220K, reserved 1112064K
  class space    used 6990K, capacity 7544K, committed 7552K, reserved 1048576K
Event: 49.734 GC heap after
Heap after GC invocations=56 (full 8):
 PSYoungGen      total 240128K, used 14818K [0x00000000f0000000, 0x0000000100000000, 0x0000000100000000)
  eden space 225280K, 0% used [0x00000000f0000000,0x00000000f0000000,0x00000000fdc00000)
  from space 14848K, 99% used [0x00000000ff180000,0x00000000ffff8870,0x0000000100000000)
  to   space 18432K, 0% used [0x00000000fdc00000,0x00000000fdc00000,0x00000000fee00000)
 ParOldGen       total 124416K, used 111313K [0x00000000d0000000, 0x00000000d7980000, 0x00000000f0000000)
  object space 124416K, 89% used [0x00000000d0000000,0x00000000d6cb46f8,0x00000000d7980000)
 Metaspace       used 68256K, capacity 70058K, committed 70220K, reserved 1112064K
  class space    used 6990K, capacity 7544K, committed 7552K, reserved 1048576K
}
Event: 52.613 GC heap before
{Heap before GC invocations=57 (full 8):
 PSYoungGen      total 240128K, used 240098K [0x00000000f0000000, 0x0000000100000000, 0x0000000100000000)
  eden space 225280K, 100% used [0x00000000f0000000,0x00000000fdc00000,0x00000000fdc00000)
  from space 14848K, 99% used [0x00000000ff180000,0x00000000ffff8870,0x0000000100000000)
  to   space 18432K, 0% used [0x00000000fdc00000,0x00000000fdc00000,0x00000000fee00000)
 ParOldGen       total 124416K, used 111313K [0x00000000d0000000, 0x00000000d7980000, 0x00000000f0000000)
  object space 124416K, 89% used [0x00000000d0000000,0x00000000d6cb46f8,0x00000000d7980000)
 Metaspace       used 69231K, capacity 71100K, committed 71372K, reserved 1114112K
  class space    used 7082K, capacity 7651K, committed 7680K, reserved 1048576K
Event: 52.844 GC heap after
Heap after GC invocations=57 (full 8):
 PSYoungGen      total 240128K, used 14575K [0x00000000f0000000, 0x0000000100000000, 0x0000000100000000)
  eden space 225280K, 0% used [0x00000000f0000000,0x00000000f0000000,0x00000000fdc00000)
  from space 14848K, 98% used [0x00000000fdc00000,0x00000000fea3bc08,0x00000000fea80000)
  to   space 19968K, 0% used [0x00000000fec80000,0x00000000fec80000,0x0000000100000000)
 ParOldGen       total 124416K, used 120846K [0x00000000d0000000, 0x00000000d7980000, 0x00000000f0000000)
  object space 124416K, 97% used [0x00000000d0000000,0x00000000d7603a20,0x00000000d7980000)
 Metaspace       used 69231K, capacity 71100K, committed 71372K, reserved 1114112K
  class space    used 7082K, capacity 7651K, committed 7680K, reserved 1048576K
}
Event: 52.844 GC heap before
{Heap before GC invocations=58 (full 9):
 PSYoungGen      total 240128K, used 14575K [0x00000000f0000000, 0x0000000100000000, 0x0000000100000000)
  eden space 225280K, 0% used [0x00000000f0000000,0x00000000f0000000,0x00000000fdc00000)
  from space 14848K, 98% used [0x00000000fdc00000,0x00000000fea3bc08,0x00000000fea80000)
  to   space 19968K, 0% used [0x00000000fec80000,0x00000000fec80000,0x0000000100000000)
 ParOldGen       total 124416K, used 120846K [0x00000000d0000000, 0x00000000d7980000, 0x00000000f0000000)
  object space 124416K, 97% used [0x00000000d0000000,0x00000000d7603a20,0x00000000d7980000)
 Metaspace       used 69231K, capacity 71100K, committed 71372K, reserved 1114112K
  class space    used 7082K, capacity 7651K, committed 7680K, reserved 1048576K
Event: 54.240 GC heap after
Heap after GC invocations=58 (full 9):
 PSYoungGen      total 240128K, used 9822K [0x00000000f0000000, 0x0000000100000000, 0x0000000100000000)
  eden space 225280K, 0% used [0x00000000f0000000,0x00000000f0000000,0x00000000fdc00000)
  from space 14848K, 66% used [0x00000000fdc00000,0x00000000fe597888,0x00000000fea80000)
  to   space 19968K, 0% used [0x00000000fec80000,0x00000000fec80000,0x0000000100000000)
 ParOldGen       total 142336K, used 124160K [0x00000000d0000000, 0x00000000d8b00000, 0x00000000f0000000)
  object space 142336K, 87% used [0x00000000d0000000,0x00000000d7940110,0x00000000d8b00000)
 Metaspace       used 69223K, capacity 71088K, committed 71372K, reserved 1114112K
  class space    used 7081K, capacity 7649K, committed 7680K, reserved 1048576K
}
Event: 56.099 GC heap before
{Heap before GC invocations=59 (full 9):
 PSYoungGen      total 240128K, used 235102K [0x00000000f0000000, 0x0000000100000000, 0x0000000100000000)
  eden space 225280K, 100% used [0x00000000f0000000,0x00000000fdc00000,0x00000000fdc00000)
  from space 14848K, 66% used [0x00000000fdc00000,0x00000000fe597888,0x00000000fea80000)
  to   space 19968K, 0% used [0x00000000fec80000,0x00000000fec80000,0x0000000100000000)
 ParOldGen       total 142336K, used 124160K [0x00000000d0000000, 0x00000000d8b00000, 0x00000000f0000000)
  object space 142336K, 87% used [0x00000000d0000000,0x00000000d7940110,0x00000000d8b00000)
 Metaspace       used 71025K, capacity 72906K, committed 73164K, reserved 1114112K
  class space    used 7326K, capacity 7897K, committed 7936K, reserved 1048576K
Event: 56.206 GC heap after
Heap after GC invocations=59 (full 9):
 PSYoungGen      total 237056K, used 17607K [0x00000000f0000000, 0x0000000100000000, 0x0000000100000000)
  eden space 217088K, 0% used [0x00000000f0000000,0x00000000f0000000,0x00000000fd400000)
  from space 19968K, 88% used [0x00000000fec80000,0x00000000ffdb1f50,0x0000000100000000)
  to   space 22528K, 0% used [0x00000000fd400000,0x00000000fd400000,0x00000000fea00000)
 ParOldGen       total 142336K, used 124168K [0x00000000d0000000, 0x00000000d8b00000, 0x00000000f0000000)
  object space 142336K, 87% used [0x00000000d0000000,0x00000000d7942110,0x00000000d8b00000)
 Metaspace       used 71025K, capacity 72906K, committed 73164K, reserved 1114112K
  class space    used 7326K, capacity 7897K, committed 7936K, reserved 1048576K
}
Event: 56.999 GC heap before
{Heap before GC invocations=60 (full 9):
 PSYoungGen      total 237056K, used 234695K [0x00000000f0000000, 0x0000000100000000, 0x0000000100000000)
  eden space 217088K, 100% used [0x00000000f0000000,0x00000000fd400000,0x00000000fd400000)
  from space 19968K, 88% used [0x00000000fec80000,0x00000000ffdb1f50,0x0000000100000000)
  to   space 22528K, 0% used [0x00000000fd400000,0x00000000fd400000,0x00000000fea00000)
 ParOldGen       total 142336K, used 124168K [0x00000000d0000000, 0x00000000d8b00000, 0x00000000f0000000)
  object space 142336K, 87% used [0x00000000d0000000,0x00000000d7942110,0x00000000d8b00000)
 Metaspace       used 71438K, capacity 73392K, committed 73676K, reserved 1116160K
  class space    used 7369K, capacity 7930K, committed 7936K, reserved 1048576K
Event: 57.336 GC heap after
Heap after GC invocations=60 (full 9):
 PSYoungGen      total 237056K, used 19694K [0x00000000f0000000, 0x0000000100000000, 0x0000000100000000)
  eden space 217088K, 0% used [0x00000000f0000000,0x00000000f0000000,0x00000000fd400000)
  from space 19968K, 98% used [0x00000000fd400000,0x00000000fe73bac8,0x00000000fe780000)
  to   space 25088K, 0% used [0x00000000fe780000,0x00000000fe780000,0x0000000100000000)
 ParOldGen       total 142336K, used 124168K [0x00000000d0000000, 0x00000000d8b00000, 0x00000000f0000000)
  object space 142336K, 87% used [0x00000000d0000000,0x00000000d7942110,0x00000000d8b00000)
 Metaspace       used 71438K, capacity 73392K, committed 73676K, reserved 1116160K
  class space    used 7369K, capacity 7930K, committed 7936K, reserved 1048576K
}

Deoptimization events (10 events):
Event: 52.048 Thread 0x000000005861a800 Uncommon trap: reason=unreached action=reinterpret pc=0x0000000004424b38 method=org.springframework.beans.factory.support.AbstractAutowireCapableBeanFactory.predictBeanType(Ljava/lang/String;Lorg/springframework/beans/factory/support/RootBeanDefinition;[LjðN†ß(K@
Event: 54.313 Thread 0x000000005861a800 Uncommon trap: reason=class_check action=maybe_recompile pc=0x0000000003eeac5c method=sun.reflect.generics.factory.CoreReflectionFactory.findTypeVariable(Ljava/lang/String;)Ljava/lang/reflect/TypeVariable; @ 5
Event: 56.086 Thread 0x000000005861a800 Uncommon trap: reason=bimorphic action=maybe_recompile pc=0x00000000046468c0 method=sl.org.objectweb.asm.MethodVisitor.visitTryCatchBlock(Lsl/org/objectweb/asm/Label;Lsl/org/objectweb/asm/Label;Lsl/org/objectweb/asm/Label;Ljava/lang/String;)V @ 16
Event: 56.216 Thread 0x000000005861a800 Uncommon trap: reason=null_check action=make_not_entrant pc=0x00000000046f4600 method=org.springsource.loaded.ri.ReloadableTypeMethodProvider.getMethod(Ljava/lang/String;[Ljava/lang/Class;)Lorg/springsource/loaded/ri/Invoker; @ 57
Event: 56.267 Thread 0x000000005861a800 Uncommon trap: reason=bimorphic action=maybe_recompile pc=0x00000000046468c0 method=sl.org.objectweb.asm.MethodVisitor.visitTryCatchBlock(Lsl/org/objectweb/asm/Label;Lsl/org/objectweb/asm/Label;Lsl/org/objectweb/asm/Label;Ljava/lang/String;)V @ 16
Event: 56.517 Thread 0x000000005861a800 Uncommon trap: reason=unloaded action=reinterpret pc=0x00000000043c61f8 method=org.springframework.core.BridgeMethodResolver.findBridgedMethod(Ljava/lang/reflect/Method;)Ljava/lang/reflect/Method; @ 13
Event: 58.291 Thread 0x000000005861a800 Uncommon trap: reason=class_check action=maybe_recompile pc=0x00000000046ec0d8 method=org.springframework.beans.factory.support.AbstractBeanDefinition.hasBeanClass()Z @ 4
Event: 58.291 Thread 0x000000005861a800 Uncommon trap: reason=class_check action=maybe_recompile pc=0x00000000046ec0d8 method=org.springframework.beans.factory.support.AbstractBeanDefinition.hasBeanClass()Z @ 4
Event: 58.291 Thread 0x000000005861a800 Uncommon trap: reason=class_check action=maybe_recompile pc=0x00000000046ec0d8 method=org.springframework.beans.factory.support.AbstractBeanDefinition.hasBeanClass()Z @ 4
Event: 58.291 Thread 0x000000005861a800 Uncommon trap: reason=class_check action=maybe_recompile pc=0x00000000046ec0d8 method=org.springframework.beans.factory.support.AbstractBeanDefinition.hasBeanClass()Z @ 4

Internal exceptions (10 events):
Event: 58.915 Thread 0x000000005861a800 Exception <a 'java/security/PrivilegedActionException'> (0x00000000fbdb9530) thrown at [C:\re\workspace\8-2-build-windows-amd64-cygwin\jdk8u11\648\hotspot\src\share\vm\prims\jvm.cpp, line 1248]
Event: 58.915 Thread 0x000000005861a800 Exception <a 'java/lang/ClassNotFoundException': org/codehaus/groovy/grails/orm/hibernate/AbstractHibernateGormEnhancer$_addRelationshipManagementMethods_closure5BeanInfo> (0x00000000fbdba4d8) thrown at [C:\re\workspace\8-2-build-windows-amd64-cygwin\jdk8uÂîÓ'uM@
Event: 58.915 Thread 0x000000005861a800 Exception <a 'java/security/PrivilegedActionException'> (0x00000000fbdbbc70) thrown at [C:\re\workspace\8-2-build-windows-amd64-cygwin\jdk8u11\648\hotspot\src\share\vm\prims\jvm.cpp, line 1248]
Event: 58.915 Thread 0x000000005861a800 Exception <a 'java/security/PrivilegedActionException'> (0x00000000fbdc2a60) thrown at [C:\re\workspace\8-2-build-windows-amd64-cygwin\jdk8u11\648\hotspot\src\share\vm\prims\jvm.cpp, line 1248]
Event: 58.916 Thread 0x000000005861a800 Exception <a 'java/security/PrivilegedActionException'> (0x00000000fbdde4c8) thrown at [C:\re\workspace\8-2-build-windows-amd64-cygwin\jdk8u11\648\hotspot\src\share\vm\prims\jvm.cpp, line 1248]
Event: 58.917 Thread 0x000000005861a800 Exception <a 'java/security/PrivilegedActionException'> (0x00000000fbe00e48) thrown at [C:\re\workspace\8-2-build-windows-amd64-cygwin\jdk8u11\648\hotspot\src\share\vm\prims\jvm.cpp, line 1248]
Event: 58.917 Thread 0x000000005861a800 Exception <a 'java/security/PrivilegedActionException'> (0x00000000fbe07c38) thrown at [C:\re\workspace\8-2-build-windows-amd64-cygwin\jdk8u11\648\hotspot\src\share\vm\prims\jvm.cpp, line 1248]
Event: 58.918 Thread 0x000000005861a800 Exception <a 'java/security/PrivilegedActionException'> (0x00000000fbe236a0) thrown at [C:\re\workspace\8-2-build-windows-amd64-cygwin\jdk8u11\648\hotspot\src\share\vm\prims\jvm.cpp, line 1248]
Event: 58.920 Thread 0x000000005861a800 Exception <a 'java/security/PrivilegedActionException'> (0x00000000fbe607a8) thrown at [C:\re\workspace\8-2-build-windows-amd64-cygwin\jdk8u11\648\hotspot\src\share\vm\prims\jvm.cpp, line 1248]
Event: 58.920 Thread 0x000000005861a800 Exception <a 'java/lang/ClassNotFoundException': org/codehaus/groovy/grails/orm/hibernate/AbstractHibernateGormEnhancer$_addRelationshipManagementMethods_closure5Customizer> (0x00000000fbe61750) thrown at [C:\re\workspace\8-2-build-windows-amd64-cygwin\jdk± uM@

Events (10 events):
Event: 58.912 loading class org/codehaus/groovy/grails/orm/hibernate/AbstractHibernateGormEnhancer$_addRelationshipManagementMethods_closure5BeanInfo
Event: 58.912 loading class org/codehaus/groovy/grails/orm/hibernate/AbstractHibernateGormEnhancer$_addRelationshipManagementMethods_closure5BeanInfo done
Event: 58.915 loading class org/codehaus/groovy/grails/orm/hibernate/AbstractHibernateGormEnhancer$_addRelationshipManagementMethods_closure5BeanInfo
Event: 58.915 loading class org/codehaus/groovy/grails/orm/hibernate/AbstractHibernateGormEnhancer$_addRelationshipManagementMethods_closure5BeanInfo done
Event: 58.915 loading class org/codehaus/groovy/grails/orm/hibernate/AbstractHibernateGormEnhancer$_addRelationshipManagementMethods_closure5Customizer
Event: 58.915 loading class org/codehaus/groovy/grails/orm/hibernate/AbstractHibernateGormEnhancer$_addRelationshipManagementMethods_closure5Customizer done
Event: 58.916 loading class org/codehaus/groovy/grails/orm/hibernate/AbstractHibernateGormEnhancer$_addRelationshipManagementMethods_closure5Customizer
Event: 58.916 loading class org/codehaus/groovy/grails/orm/hibernate/AbstractHibernateGormEnhancer$_addRelationshipManagementMethods_closure5Customizer done
Event: 58.920 loading class org/codehaus/groovy/grails/orm/hibernate/AbstractHibernateGormEnhancer$_addRelationshipManagementMethods_closure5Customizer
Event: 58.920 loading class org/codehaus/groovy/grails/orm/hibernate/AbstractHibernateGormEnhancer$_addRelationshipManagementMethods_closure5Customizer done


Dynamic libraries:
0x000000013f3e0000 - 0x000000013f414000 	C:\Program Files\Java\jdk1.8.0_11\bin\java.exe
0x0000000077430000 - 0x00000000775d9000 	C:\Windows\SYSTEM32\ntdll.dll
0x0000000077310000 - 0x000000007742f000 	C:\Windows\system32\kernel32.dll
0x000007fefd9a0000 - 0x000007fefda0c000 	C:\Windows\system32\KERNELBASE.dll
0x000007feff3b0000 - 0x000007feff48b000 	C:\Windows\system32\ADVAPI32.dll
0x000007fefdea0000 - 0x000007fefdf3f000 	C:\Windows\system32\msvcrt.dll
0x000007fefdc60000 - 0x000007fefdc7f000 	C:\Windows\SYSTEM32\sechost.dll
0x000007feff060000 - 0x000007feff18d000 	C:\Windows\system32\RPCRT4.dll
0x0000000077210000 - 0x000000007730a000 	C:\Windows\system32\USER32.dll
0x000007fefdd80000 - 0x000007fefdde7000 	C:\Windows\system32\GDI32.dll
0x000007feff3a0000 - 0x000007feff3ae000 	C:\Windows\system32\LPK.dll
0x000007feff490000 - 0x000007feff559000 	C:\Windows\system32\USP10.dll
0x000007fefbe90000 - 0x000007fefc084000 	C:\Windows\WinSxS\amd64_microsoft.windows.common-controls_6595b64144ccf1df_6.0.7601.17514_none_fa396087175ac9ac\COMCTL32.dll
0x000007fefdd00000 - 0x000007fefdd71000 	C:\Windows\system32\SHLWAPI.dll
0x000007fefdcd0000 - 0x000007fefdcfe000 	C:\Windows\system32\IMM32.DLL
0x000007fefeeb0000 - 0x000007fefefb9000 	C:\Windows\system32\MSCTF.dll
0x0000000180000000 - 0x000000018001c000 	C:\Windows\system32\btpload64.dll
0x00000000775f0000 - 0x00000000775f7000 	C:\Windows\system32\PSAPI.DLL
0x0000000000150000 - 0x000000000017c000 	C:\Windows\system32\privman64.dll
0x000007fefd7e0000 - 0x000007fefd7ec000 	C:\Windows\system32\VERSION.dll
0x000007fefdf40000 - 0x000007fefecc9000 	C:\Windows\system32\SHELL32.dll
0x000007fefd7c0000 - 0x000007fefd7de000 	C:\Windows\system32\USERENV.dll
0x000007fefd890000 - 0x000007fefd89f000 	C:\Windows\system32\profapi.dll
0x000000006ed90000 - 0x000000006ee62000 	C:\Program Files\Java\jdk1.8.0_11\jre\bin\msvcr100.dll
0x000000005eda0000 - 0x000000005f5ca000 	C:\Program Files\Java\jdk1.8.0_11\jre\bin\server\jvm.dll
0x000007fefcd70000 - 0x000007fefcd79000 	C:\Windows\system32\WSOCK32.dll
0x000007fefdc80000 - 0x000007fefdccd000 	C:\Windows\system32\WS2_32.dll
0x000007fefddf0000 - 0x000007fefddf8000 	C:\Windows\system32\NSI.dll
0x000007fefb3d0000 - 0x000007fefb40b000 	C:\Windows\system32\WINMM.dll
0x0000000070780000 - 0x000000007078f000 	C:\Program Files\Java\jdk1.8.0_11\jre\bin\verify.dll
0x0000000070380000 - 0x00000000703a8000 	C:\Program Files\Java\jdk1.8.0_11\jre\bin\java.dll
0x00000000705b0000 - 0x00000000705d3000 	C:\Program Files\Java\jdk1.8.0_11\jre\bin\instrument.dll
0x000000006ed20000 - 0x000000006ed36000 	C:\Program Files\Java\jdk1.8.0_11\jre\bin\zip.dll
0x0000000056220000 - 0x0000000056423000 	C:\Windows\system32\ole32.dll
0x000007fefd130000 - 0x000007fefd147000 	C:\Windows\system32\CRYPTSP.dll
0x000007fefce30000 - 0x000007fefce77000 	C:\Windows\system32\rsaenh.dll
0x000007fefd790000 - 0x000007fefd79f000 	C:\Windows\system32\CRYPTBASE.dll
0x000000006ed00000 - 0x000000006ed1a000 	C:\Program Files\Java\jdk1.8.0_11\jre\bin\net.dll
0x000007fefd0d0000 - 0x000007fefd125000 	C:\Windows\system32\mswsock.dll
0x000007fefd0c0000 - 0x000007fefd0c7000 	C:\Windows\System32\wship6.dll
0x000007fefc460000 - 0x000007fefc487000 	C:\Windows\system32\IPHLPAPI.DLL
0x000007fefc450000 - 0x000007fefc45b000 	C:\Windows\system32\WINNSI.DLL
0x000007fefadd0000 - 0x000007fefade8000 	C:\Windows\system32\dhcpcsvc.DLL
0x000007fefae10000 - 0x000007fefae21000 	C:\Windows\system32\dhcpcsvc6.DLL
0x000000006ece0000 - 0x000000006ecf1000 	C:\Program Files\Java\jdk1.8.0_11\jre\bin\nio.dll
0x000007fefc590000 - 0x000007fefc59a000 	C:\Users\rgopal\AppData\Local\Temp\jansi-64-1427632801356961793.dll
0x0000000070f70000 - 0x0000000070f7d000 	C:\Program Files\Java\jdk1.8.0_11\jre\bin\management.dll
0x000007fefc950000 - 0x000007fefc957000 	C:\Windows\System32\wshtcpip.dll
0x000007fefcf50000 - 0x000007fefcfab000 	C:\Windows\system32\DNSAPI.dll
0x0000000074b00000 - 0x0000000074b26000 	C:\Program Files\Bonjour\mdnsNSP.dll
0x000007fefae00000 - 0x000007fefae08000 	C:\Windows\system32\rasadhlp.dll
0x000007fefad70000 - 0x000007fefadc3000 	C:\Windows\System32\fwpuclnt.dll
0x000007fefaf50000 - 0x000007fefaf65000 	C:\Windows\system32\NLAapi.dll
0x000007fefaf30000 - 0x000007fefaf45000 	C:\Windows\system32\napinsp.dll
0x000007fefaea0000 - 0x000007fefaeb9000 	C:\Windows\system32\pnrpnsp.dll
0x000007fefae90000 - 0x000007fefae9b000 	C:\Windows\System32\winrnr.dll
0x000007fefae80000 - 0x000007fefae90000 	C:\Windows\system32\wshbth.dll
0x000007fef3a30000 - 0x000007fef3b55000 	C:\Windows\system32\dbghelp.dll

VM Arguments:
jvm_args: -Dfile.encoding=UTF-8 -Xmx768M -Xms64M -Dgrails.fork.parent.process.port=49543 -Dgrails.fork.active=true -Dgrails.build.execution.context=C:\Users\rgopal\AppData\Local\Temp\central2410441075150601360grails-execution-context -Dgrails.home=C:\Users\rgopal\Documents\grails-2.4.4\grails-2.4.4 -javaagent:C:\Users\rgopal\Documents\grails-2.4.4\grails-2.4.4\lib\org.springframework\springloaded\jars\springloaded-1.2.1.RELEASE.jar -Xverify:none -Dspringloaded.synchronize=true -Djdk.reflect.allowGetCallerClass=true -Dspringloaded=profile=grails;cacheDir=C:\Users\rgopal/.grails/2.4.4/ 
java_command: org.grails.plugins.tomcat.fork.ForkedTomcatServer
java_class_path (initial): C:\Program Files\Java\jdk1.8.0_11\lib\tools.jar;C:\Users\rgopal\Documents\grails-2.4.4\grails-2.4.4\lib\org.codehaus.groovy\groovy-all\jars\groovy-all-2.3.7.jar;C:\Users\rgopal\Documents\grails-2.4.4\grails-2.4.4\lib\org.slf4j\jcl-over-slf4j\jars\jcl-over-slf4j-1.7.5.jar;C:\Users\rgopal\Documents\grails-2.4.4\grails-2.4.4\lib\org.codehaus.gant\gant_groovy1.8\jars\gant_groovy1.8-1.9.6.jar;C:\Users\rgopal\Documents\grails-2.4.4\grails-2.4.4\lib\org.apache.tomcat.embed\tomcat-embed-logging-log4j\jars\tomcat-embed-logging-log4j-7.0.50.jar;C:\Users\rgopal\Documents\grails-2.4.4\grails-2.4.4\dist\grails-plugin-log4j-2.4.4.jar;C:\Users\rgopal\Documents\grails-2.4.4\grails-2.4.4\lib\log4j\log4j\jars\log4j-1.2.17.jar;C:\Users\rgopal\Documents\grails-2.4.4\grails-2.4.4\dist\grails-bootstrap-2.4.4.jar;C:\Users\rgopal\Documents\grails-2.4.4\grails-2.4.4\lib\org.slf4j\slf4j-api\jars\slf4j-api-1.7.5.jar;C:\Users\rgopal\Documents\grails-2.4.4\grails-2.4.4\lib\jline\jline\jars\jline-2.12.jar;C:\Users\rgopal\Documents\grails-2.4.4\grails-2.4.4\lib\org.apache.ant\ant\jars\ant-1.8.4.jar;C:\Users\rgopal\Documents\grails-2.4.4\grails-2.4.4\lib\org.apache.ant\ant-launcher\jars\ant-launcher-1.8.4.jar;C:\Users\rgopal\Documents\grails-2.4.4\grails-2.4.4\lib\org.apache.ant\ant-trax\jars\ant-trax-1.7.1.jar;C:\Users\rgopal\Documents\grails-2.4.4\grails-2.4.4\lib\org.apache.ant\ant-junit\jars\ant-junit-1.8.4.jar;C:\Users\rgopal\Documents\grails-2.4.4\grails-2.4.4\lib\org.apache.ivy\ivy\jars\ivy-2.3.0.jar;C:\Users\rgopal\Documents\grails-2.4.4\grails-2.4.4\lib\org.fusesource.jansi\jansi\jars\jansi-1.11.jar;C:\Users\rgopal\.m2\repository\org\apache\tomcat\tomcat-catalina-ant\7.0.55\tomcat-catalina-ant-7.0.55.jar;C:\Users\rgopal\.m2\repository\org\apache\tomcat\embed\tomcat-embed-jasper\7.0.55\tomcat-embed-jasper-7.0.55.jar;C:\Users\rgopal\.m2\repository\org\apache\tomcat\embed\tomcat-embed-el\7.0.55\tomcat-embed-el-7.0.55.jar;C:\Users\rgopal\.m2\repository\org\apache\
Launcher Type: SUN_STANDARD

Environment Variables:
JAVA_HOME=C:\Program Files\Java\jdk1.8.0_11
PATH=C:\Windows\system32;C:\Windows;C:\Windows\System32\Wbem;C:\Windows\System32\WindowsPowerShell\v1.0\;C:\users\rgopal\My Documents\springsource\grails-2.3.5\bin\;c:\Program Files\Java\jdk1.7.0_51\bin\;C:\Program Files (x86)\MiKTeX 2.9\miktex\bin\
USERNAME=rgopal
OS=Windows_NT
PROCESSOR_IDENTIFIER=Intel64 Family 6 Model 37 Stepping 5, GenuineIntel



---------------  S Y S T E M  ---------------

OS: Windows 7 , 64 bit Build 7601 Service Pack 1

CPU:total 4 (2 cores per cpu, 2 threads per core) family 6 model 37 stepping 5, cmov, cx8, fxsr, mmx, sse, sse2, sse3, ssse3, sse4.1, sse4.2, popcnt, aes, clmul, ht, tsc, tscinvbit

Memory: 4k page, physical 8181608k(3673816k free), swap 16361352k(10219604k free)

vm_info: Java HotSpot(TM) 64-Bit Server VM (25.11-b03) for windows-amd64 JRE (1.8.0_11-b12), built on Jun 16 2014 20:57:32 by "java_re" with MS VC++ 10.0 (VS2010)

time: Fri Apr 24 16:33:04 2015
elapsed time: 58 seconds

