#
# A fatal error has been detected by the Java Runtime Environment:
#
#  EXCEPTION_ACCESS_VIOLATION (0xc0000005) at pc=0x0000000055f24db2, pid=9440, tid=7216
#
# JRE version: Java(TM) SE Runtime Environment (8.0_11-b12) (build 1.8.0_11-b12)
# Java VM: Java HotSpot(TM) 64-Bit Server VM (25.11-b03 mixed mode windows-amd64 compressed oops)
# Problematic frame:
# V  [jvm.dll+0x424db2]
#
# Failed to write core dump. Minidumps are not enabled by default on client versions of Windows
#
# If you would like to submit a bug report, please visit:
#   http://bugreport.sun.com/bugreport/crash.jsp
#

---------------  T H R E A D  ---------------

Current thread (0x0000000056c79800):  JavaThread "C2 CompilerThread0" daemon [_thread_in_native, id=7216, stack(0x0000000057280000,0x0000000057380000)]

siginfo: ExceptionCode=0xc0000005, reading address 0x0000000000000000

Registers:
RAX=0x000000005b9f8308, RBX=0x0000000000000600, RCX=0x0000000000000000, RDX=0x00000000617ebec0
RSP=0x000000005737c420, RBP=0x00000000000000c0, RSI=0x00000000000000b8, RDI=0x0000000000000000
R8 =0x0000000055b00000, R9 =0x000000005737c740, R10=0x00000000ffffffff, R11=0x0000000056c99690
R12=0x000000005b9f8a10, R13=0x000000005f4f42e8, R14=0x0000000000000008, R15=0x000000005f4f42e8
RIP=0x0000000055f24db2, EFLAGS=0x0000000000010206

Top of Stack: (sp=0x000000005737c420)
0x000000005737c420:   00000000000000da 00000000617e7560
0x000000005737c430:   0000000000000000 000000006190b0c8
0x000000005737c440:   0000000000000001 0000000000000600
0x000000005737c450:   0000000000000180 00000000000000c0
0x000000005737c460:   000000005bbddcf0 0000000056c7dac0
0x000000005737c470:   0000000000000730 00000000617e7560
0x000000005737c480:   000000005737c740 000000005b9f53e0
0x000000005737c490:   0000000000000020 0000000000000009
0x000000005737c4a0:   000000005b9f89e0 00000000000000da
0x000000005737c4b0:   000000005f4f42e8 0000000055f2598d
0x000000005737c4c0:   000000005b9f89e0 000000000000001c
0x000000005737c4d0:   00000000000000da 000000005737c740
0x000000005737c4e0:   00000000617ebec0 00000000000000da
0x000000005737c4f0:   000000005b9f53e0 0000000000000020
0x000000005737c500:   0000000058063938 000000005737eab0
0x000000005737c510:   0000000058063f68 000000005b9f89e0 

Instructions: (pc=0x0000000055f24db2)
0x0000000055f24d92:   c6 48 63 f0 48 03 f1 eb 04 48 83 ce ff 48 8b 84
0x0000000055f24da2:   24 a0 00 00 00 48 8b 40 08 48 8b 3c 03 48 8b cf
0x0000000055f24db2:   48 8b 07 ff 50 28 4c 8d 05 41 b2 bd ff 48 63 50
0x0000000055f24dc2:   10 4c 8b d8 48 8b ca 48 c1 e1 05 42 80 bc 01 c0 


Register to memory mapping:

RAX=0x000000005b9f8308 is an unknown value
RBX=0x0000000000000600 is an unknown value
RCX=0x0000000000000000 is an unknown value
RDX=0x00000000617ebec0 is an unknown value
RSP=0x000000005737c420 is pointing into the stack for thread: 0x0000000056c79800
RBP=0x00000000000000c0 is an unknown value
RSI=0x00000000000000b8 is an unknown value
RDI=0x0000000000000000 is an unknown value
R8 =0x0000000055b00000 is an unknown value
R9 =0x000000005737c740 is pointing into the stack for thread: 0x0000000056c79800
R10=0x00000000ffffffff is an unknown value
R11=0x0000000056c99690 is an unknown value
R12=0x000000005b9f8a10 is an unknown value
R13=0x000000005f4f42e8 is an unknown value
R14=0x0000000000000008 is an unknown value
R15=0x000000005f4f42e8 is an unknown value


Stack: [0x0000000057280000,0x0000000057380000],  sp=0x000000005737c420,  free space=1009k
Native frames: (J=compiled Java code, j=interpreted, Vv=VM code, C=native code)
V  [jvm.dll+0x424db2]
V  [jvm.dll+0x42598d]
V  [jvm.dll+0x425ecf]
V  [jvm.dll+0x4c5a84]
V  [jvm.dll+0x4415bc]
V  [jvm.dll+0x443a29]
V  [jvm.dll+0x427722]
V  [jvm.dll+0x96982]
V  [jvm.dll+0x97173]
V  [jvm.dll+0x2234b4]
V  [jvm.dll+0x27bcca]
C  [msvcr100.dll+0x21d9f]
C  [msvcr100.dll+0x21e3b]
C  [kernel32.dll+0x159ed]
C  [ntdll.dll+0x2c541]


Current CompileTask:
C2:  66553 7841       4       groovy.lang.MetaClassImpl::findPropertyMethod (356 bytes)


---------------  P R O C E S S  ---------------

Java Threads: ( => current thread )
  0x0000000057f79000 JavaThread "net.sf.ehcache.CacheManager@6a8d58c3" daemon [_thread_blocked, id=8464, stack(0x0000000061330000,0x0000000061430000)]
  0x0000000057f78000 JavaThread "com.oumuo.SecurityGroup.data" daemon [_thread_blocked, id=9676, stack(0x0000000061170000,0x0000000061270000)]
  0x0000000057f77000 JavaThread "com.oumuo.Authority.data" daemon [_thread_blocked, id=8968, stack(0x000000005ec70000,0x000000005ed70000)]
  0x0000000059b0f000 JavaThread "net.sf.ehcache.CacheManager@18faa8a3" daemon [_thread_blocked, id=3156, stack(0x000000005e930000,0x000000005ea30000)]
  0x0000000059a7c800 JavaThread "PoolCleaner[192694377:1430959160373]" daemon [_thread_blocked, id=9264, stack(0x000000005dff0000,0x000000005e0f0000)]
  0x0000000057a65800 JavaThread "FileSystemWatcher: files=#335 cl=groovy.lang.GroovyClassLoader@b7c4869" daemon [_thread_blocked, id=4976, stack(0x0000000058360000,0x0000000058460000)]
  0x000000005a89c800 JavaThread "localhost-startStop-1" daemon [_thread_blocked, id=6492, stack(0x000000005c6e0000,0x000000005c7e0000)]
  0x000000005a89c000 JavaThread "Tomcat-startStop-1" daemon [_thread_blocked, id=4912, stack(0x000000005c5e0000,0x000000005c6e0000)]
  0x000000005920b800 JavaThread "Thread-3" [_thread_in_native, id=11076, stack(0x000000005aac0000,0x000000005abc0000)]
  0x000000005af3b000 JavaThread "Thread-2" [_thread_blocked, id=7692, stack(0x000000005be70000,0x000000005bf70000)]
  0x0000000057d52000 JavaThread "NonBlockingInputStreamThread" daemon [_thread_blocked, id=11104, stack(0x0000000058480000,0x0000000058580000)]
  0x0000000056dde800 JavaThread "Service Thread" daemon [_thread_blocked, id=5248, stack(0x00000000575b0000,0x00000000576b0000)]
  0x0000000056c75000 JavaThread "C1 CompilerThread2" daemon [_thread_blocked, id=8092, stack(0x00000000573f0000,0x00000000574f0000)]
  0x0000000056c73000 JavaThread "C2 CompilerThread1" daemon [_thread_blocked, id=8128, stack(0x0000000056570000,0x0000000056670000)]
=>0x0000000056c79800 JavaThread "C2 CompilerThread0" daemon [_thread_in_native, id=7216, stack(0x0000000057280000,0x0000000057380000)]
  0x0000000056b85000 JavaThread "Attach Listener" daemon [_thread_blocked, id=10236, stack(0x00000000570e0000,0x00000000571e0000)]
  0x0000000056b82800 JavaThread "Signal Dispatcher" daemon [_thread_blocked, id=9396, stack(0x0000000056fb0000,0x00000000570b0000)]
  0x0000000054cb1000 JavaThread "Finalizer" daemon [_thread_blocked, id=6372, stack(0x0000000056a80000,0x0000000056b80000)]
  0x0000000054cac000 JavaThread "Reference Handler" daemon [_thread_blocked, id=11200, stack(0x0000000056930000,0x0000000056a30000)]
  0x000000000245a000 JavaThread "main" [_thread_blocked, id=11100, stack(0x0000000002c80000,0x0000000002d80000)]

Other Threads:
  0x0000000054ca8800 VMThread [stack: 0x00000000566a0000,0x00000000567a0000] [id=8396]
  0x0000000056de3800 WatcherThread [stack: 0x0000000057800000,0x0000000057900000] [id=4932]

VM state:at safepoint (normal execution)

VM Mutex/Monitor currently owned by a thread:  ([mutex/lock_event])
[0x0000000002458900] Threads_lock - owner thread: 0x0000000054ca8800
[0x0000000002458e00] Heap_lock - owner thread: 0x000000005a89c800

Heap:
 PSYoungGen      total 195072K, used 46300K [0x00000000f0000000, 0x0000000100000000, 0x0000000100000000)
  eden space 130048K, 0% used [0x00000000f0000000,0x00000000f0000000,0x00000000f7f00000)
  from space 65024K, 71% used [0x00000000fc080000,0x00000000fedb7160,0x0000000100000000)
  to   space 66048K, 0% used [0x00000000f7f00000,0x00000000f7f00000,0x00000000fbf80000)
 ParOldGen       total 124928K, used 117342K [0x00000000d0000000, 0x00000000d7a00000, 0x00000000f0000000)
  object space 124928K, 93% used [0x00000000d0000000,0x00000000d7297960,0x00000000d7a00000)
 Metaspace       used 75911K, capacity 78288K, committed 78336K, reserved 1120256K
  class space    used 7593K, capacity 8188K, committed 8192K, reserved 1048576K

Card table byte_map: [0x0000000012140000,0x00000000122d0000] byte_map_base: 0x0000000011ac0000

Marking Bits: (ParMarkBitMap*) 0x00000000562b12b0
 Begin Bits: [0x0000000012b20000, 0x0000000013720000)
 End Bits:   [0x0000000013720000, 0x0000000014320000)

Polling page: 0x0000000001cd0000

CodeCache: size=245760Kb used=26097Kb max_used=26097Kb free=219663Kb
 bounds [0x0000000002d80000, 0x0000000004740000, 0x0000000011d80000]
 total_blobs=7207 nmethods=6443 adapters=675
 compilation: enabled

Compilation events (10 events):
Event: 66.250 Thread 0x0000000056c73000 7838 %     4       sl.org.objectweb.asm.ClassWriter::toByteArray @ 678 (1303 bytes)
Event: 66.285 Thread 0x0000000056c79800 nmethod 7835 0x0000000003f2f610 code [0x0000000003f2f8c0, 0x0000000003f30c40]
Event: 66.285 Thread 0x0000000056c79800 7839 %     4       java.net.URI$Parser::scan @ 3 (50 bytes)
Event: 66.289 Thread 0x0000000056c73000 nmethod 7838% 0x0000000003fafd90 code [0x0000000003fb00c0, 0x0000000003fb1708]
Event: 66.292 Thread 0x0000000056c79800 nmethod 7839% 0x0000000003c58210 code [0x0000000003c58360, 0x0000000003c586f8]
Event: 66.315 Thread 0x0000000056c73000 7840       4       org.codehaus.groovy.runtime.metaclass.MetaMethodIndex::addMethodToList (290 bytes)
Event: 66.326 Thread 0x0000000056c79800 7841       4       groovy.lang.MetaClassImpl::findPropertyMethod (356 bytes)
Event: 66.339 Thread 0x0000000056c75000 7842       3       org.springsource.loaded.Utils$ReturnType::isDoubleSlot (39 bytes)
Event: 66.340 Thread 0x0000000056c75000 nmethod 7842 0x0000000002f03810 code [0x0000000002f039a0, 0x0000000002f03dc8]
Event: 66.343 Thread 0x0000000056c73000 nmethod 7840 0x0000000003d3ec90 code [0x0000000003d3ef00, 0x0000000003d3ffd8]

GC Heap History (10 events):
Event: 63.557 GC heap after
Heap after GC invocations=66 (full 8):
 PSYoungGen      total 197120K, used 42808K [0x00000000f0000000, 0x0000000100000000, 0x0000000100000000)
  eden space 134144K, 0% used [0x00000000f0000000,0x00000000f0000000,0x00000000f8300000)
  from space 62976K, 67% used [0x00000000fc280000,0x00000000fec4e138,0x0000000100000000)
  to   space 64000K, 0% used [0x00000000f8300000,0x00000000f8300000,0x00000000fc180000)
 ParOldGen       total 124928K, used 111749K [0x00000000d0000000, 0x00000000d7a00000, 0x00000000f0000000)
  object space 124928K, 89% used [0x00000000d0000000,0x00000000d6d21558,0x00000000d7a00000)
 Metaspace       used 73876K, capacity 75912K, committed 76160K, reserved 1118208K
  class space    used 7411K, capacity 7953K, committed 8064K, reserved 1048576K
}
Event: 63.766 GC heap before
{Heap before GC invocations=67 (full 8):
 PSYoungGen      total 197120K, used 176952K [0x00000000f0000000, 0x0000000100000000, 0x0000000100000000)
  eden space 134144K, 100% used [0x00000000f0000000,0x00000000f8300000,0x00000000f8300000)
  from space 62976K, 67% used [0x00000000fc280000,0x00000000fec4e138,0x0000000100000000)
  to   space 64000K, 0% used [0x00000000f8300000,0x00000000f8300000,0x00000000fc180000)
 ParOldGen       total 124928K, used 111749K [0x00000000d0000000, 0x00000000d7a00000, 0x00000000f0000000)
  object space 124928K, 89% used [0x00000000d0000000,0x00000000d6d21558,0x00000000d7a00000)
 Metaspace       used 74277K, capacity 76422K, committed 76672K, reserved 1118208K
  class space    used 7441K, capacity 7989K, committed 8064K, reserved 1048576K
Event: 63.868 GC heap after
Heap after GC invocations=67 (full 8):
 PSYoungGen      total 176640K, used 42330K [0x00000000f0000000, 0x0000000100000000, 0x0000000100000000)
  eden space 134144K, 0% used [0x00000000f0000000,0x00000000f0000000,0x00000000f8300000)
  from space 42496K, 99% used [0x00000000f8300000,0x00000000fac56ac0,0x00000000fac80000)
  to   space 64512K, 0% used [0x00000000fc100000,0x00000000fc100000,0x0000000100000000)
 ParOldGen       total 124928K, used 112826K [0x00000000d0000000, 0x00000000d7a00000, 0x00000000f0000000)
  object space 124928K, 90% used [0x00000000d0000000,0x00000000d6e2e940,0x00000000d7a00000)
 Metaspace       used 74277K, capacity 76422K, committed 76672K, reserved 1118208K
  class space    used 7441K, capacity 7989K, committed 8064K, reserved 1048576K
}
Event: 64.261 GC heap before
{Heap before GC invocations=68 (full 8):
 PSYoungGen      total 176640K, used 169598K [0x00000000f0000000, 0x0000000100000000, 0x0000000100000000)
  eden space 134144K, 94% used [0x00000000f0000000,0x00000000f7c48dd8,0x00000000f8300000)
  from space 42496K, 99% used [0x00000000f8300000,0x00000000fac56ac0,0x00000000fac80000)
  to   space 64512K, 0% used [0x00000000fc100000,0x00000000fc100000,0x0000000100000000)
 ParOldGen       total 124928K, used 112826K [0x00000000d0000000, 0x00000000d7a00000, 0x00000000f0000000)
  object space 124928K, 90% used [0x00000000d0000000,0x00000000d6e2e940,0x00000000d7a00000)
 Metaspace       used 74600K, capacity 76828K, committed 76928K, reserved 1118208K
  class space    used 7450K, capacity 8028K, committed 8064K, reserved 1048576K
Event: 64.573 GC heap after
Heap after GC invocations=68 (full 8):
 PSYoungGen      total 196608K, used 43527K [0x00000000f0000000, 0x0000000100000000, 0x0000000100000000)
  eden space 132096K, 0% used [0x00000000f0000000,0x00000000f0000000,0x00000000f8100000)
  from space 64512K, 67% used [0x00000000fc100000,0x00000000feb81e90,0x0000000100000000)
  to   space 65024K, 0% used [0x00000000f8100000,0x00000000f8100000,0x00000000fc080000)
 ParOldGen       total 124928K, used 113138K [0x00000000d0000000, 0x00000000d7a00000, 0x00000000f0000000)
  object space 124928K, 90% used [0x00000000d0000000,0x00000000d6e7c940,0x00000000d7a00000)
 Metaspace       used 74600K, capacity 76828K, committed 76928K, reserved 1118208K
  class space    used 7450K, capacity 8028K, committed 8064K, reserved 1048576K
}
Event: 65.059 GC heap before
{Heap before GC invocations=69 (full 8):
 PSYoungGen      total 196608K, used 175623K [0x00000000f0000000, 0x0000000100000000, 0x0000000100000000)
  eden space 132096K, 100% used [0x00000000f0000000,0x00000000f8100000,0x00000000f8100000)
  from space 64512K, 67% used [0x00000000fc100000,0x00000000feb81e90,0x0000000100000000)
  to   space 65024K, 0% used [0x00000000f8100000,0x00000000f8100000,0x00000000fc080000)
 ParOldGen       total 124928K, used 113138K [0x00000000d0000000, 0x00000000d7a00000, 0x00000000f0000000)
  object space 124928K, 90% used [0x00000000d0000000,0x00000000d6e7c940,0x00000000d7a00000)
 Metaspace       used 75005K, capacity 77296K, committed 77440K, reserved 1118208K
  class space    used 7469K, capacity 8041K, committed 8064K, reserved 1048576K
Event: 65.192 GC heap after
Heap after GC invocations=69 (full 8):
 PSYoungGen      total 197120K, used 43235K [0x00000000f0000000, 0x0000000100000000, 0x0000000100000000)
  eden space 132096K, 0% used [0x00000000f0000000,0x00000000f0000000,0x00000000f8100000)
  from space 65024K, 66% used [0x00000000f8100000,0x00000000fab38dc8,0x00000000fc080000)
  to   space 65024K, 0% used [0x00000000fc080000,0x00000000fc080000,0x0000000100000000)
 ParOldGen       total 124928K, used 114938K [0x00000000d0000000, 0x00000000d7a00000, 0x00000000f0000000)
  object space 124928K, 92% used [0x00000000d0000000,0x00000000d703e940,0x00000000d7a00000)
 Metaspace       used 75005K, capacity 77296K, committed 77440K, reserved 1118208K
  class space    used 7469K, capacity 8041K, committed 8064K, reserved 1048576K
}
Event: 66.382 GC heap before
{Heap before GC invocations=70 (full 8):
 PSYoungGen      total 197120K, used 175331K [0x00000000f0000000, 0x0000000100000000, 0x0000000100000000)
  eden space 132096K, 100% used [0x00000000f0000000,0x00000000f8100000,0x00000000f8100000)
  from space 65024K, 66% used [0x00000000f8100000,0x00000000fab38dc8,0x00000000fc080000)
  to   space 65024K, 0% used [0x00000000fc080000,0x00000000fc080000,0x0000000100000000)
 ParOldGen       total 124928K, used 114938K [0x00000000d0000000, 0x00000000d7a00000, 0x00000000f0000000)
  object space 124928K, 92% used [0x00000000d0000000,0x00000000d703e940,0x00000000d7a00000)
 Metaspace       used 75911K, capacity 78288K, committed 78336K, reserved 1120256K
  class space    used 7593K, capacity 8188K, committed 8192K, reserved 1048576K
Event: 66.452 GC heap after
Heap after GC invocations=70 (full 8):
 PSYoungGen      total 195072K, used 46300K [0x00000000f0000000, 0x0000000100000000, 0x0000000100000000)
  eden space 130048K, 0% used [0x00000000f0000000,0x00000000f0000000,0x00000000f7f00000)
  from space 65024K, 71% used [0x00000000fc080000,0x00000000fedb7160,0x0000000100000000)
  to   space 66048K, 0% used [0x00000000f7f00000,0x00000000f7f00000,0x00000000fbf80000)
 ParOldGen       total 124928K, used 117342K [0x00000000d0000000, 0x00000000d7a00000, 0x00000000f0000000)
  object space 124928K, 93% used [0x00000000d0000000,0x00000000d7297960,0x00000000d7a00000)
 Metaspace       used 75911K, capacity 78288K, committed 78336K, reserved 1120256K
  class space    used 7593K, capacity 8188K, committed 8192K, reserved 1048576K
}
Event: 66.452 GC heap before
{Heap before GC invocations=71 (full 9):
 PSYoungGen      total 195072K, used 46300K [0x00000000f0000000, 0x0000000100000000, 0x0000000100000000)
  eden space 130048K, 0% used [0x00000000f0000000,0x00000000f0000000,0x00000000f7f00000)
  from space 65024K, 71% used [0x00000000fc080000,0x00000000fedb7160,0x0000000100000000)
  to   space 66048K, 0% used [0x00000000f7f00000,0x00000000f7f00000,0x00000000fbf80000)
 ParOldGen       total 124928K, used 117342K [0x00000000d0000000, 0x00000000d7a00000, 0x00000000f0000000)
  object space 124928K, 93% used [0x00000000d0000000,0x00000000d7297960,0x00000000d7a00000)
 Metaspace       used 75911K, capacity 78288K, committed 78336K, reserved 1120256K
  class space    used 7593K, capacity 8188K, committed 8192K, reserved 1048576K

Deoptimization events (10 events):
Event: 65.919 Thread 0x000000005a89c800 Uncommon trap: reason=class_check action=maybe_recompile pc=0x0000000004324960 method=groovy.lang.MetaClassImpl.checkIfStdMethod(Lgroovy/lang/MetaMethod;)V @ 123
Event: 65.919 Thread 0x000000005a89c800 Uncommon trap: reason=class_check action=maybe_recompile pc=0x0000000004324954 method=groovy.lang.MetaClassImpl.checkIfStdMethod(Lgroovy/lang/MetaMethod;)V @ 60
Event: 65.919 Thread 0x000000005a89c800 Uncommon trap: reason=class_check action=maybe_recompile pc=0x0000000004324954 method=groovy.lang.MetaClassImpl.checkIfStdMethod(Lgroovy/lang/MetaMethod;)V @ 60
Event: 65.930 Thread 0x000000005a89c800 Uncommon trap: reason=unloaded action=reinterpret pc=0x0000000004547234 method=org.codehaus.groovy.runtime.metaclass.ClosureMetaMethod.createMethodList(Ljava/lang/String;Ljava/lang/Class;Lgroovy/lang/Closure;)Ljava/util/List; @ 227
Event: 66.124 Thread 0x000000005a89c800 Uncommon trap: reason=bimorphic action=maybe_recompile pc=0x0000000003254c2c method=org.codehaus.groovy.runtime.metaclass.MetaMethodIndex.addMethodToList(Ljava/lang/Object;Lgroovy/lang/MetaMethod;)Ljava/lang/Object; @ 218
Event: 66.130 Thread 0x000000005a89c800 Uncommon trap: reason=class_check action=maybe_recompile pc=0x0000000004324910 method=groovy.lang.MetaClassImpl.isGenericGetMethod(Lgroovy/lang/MetaMethod;)Z @ 14
Event: 66.130 Thread 0x000000005a89c800 Uncommon trap: reason=class_check action=maybe_recompile pc=0x0000000004324920 method=org.codehaus.groovy.runtime.MetaClassHelper.isGenericSetMethod(Lgroovy/lang/MetaMethod;)Z @ 14
Event: 66.130 Thread 0x000000005a89c800 Uncommon trap: reason=class_check action=maybe_recompile pc=0x0000000004324910 method=groovy.lang.MetaClassImpl.isGenericGetMethod(Lgroovy/lang/MetaMethod;)Z @ 14
Event: 66.130 Thread 0x000000005a89c800 Uncommon trap: reason=class_check action=maybe_recompile pc=0x0000000004324920 method=org.codehaus.groovy.runtime.MetaClassHelper.isGenericSetMethod(Lgroovy/lang/MetaMethod;)Z @ 14
Event: 66.165 Thread 0x000000005a89c800 Uncommon trap: reason=unreached action=reinterpret pc=0x0000000003254b54 method=org.codehaus.groovy.runtime.metaclass.MetaMethodIndex.isNonRealMethod(Lgroovy/lang/MetaMethod;)Z @ 32

Internal exceptions (10 events):
Event: 66.380 Thread 0x000000005a89c800 Exception <a 'java/security/PrivilegedActionException'> (0x00000000f809bdf8) thrown at [C:\re\workspace\8-2-build-windows-amd64-cygwin\jdk8u11\648\hotspot\src\share\vm\prims\jvm.cpp, line 1248]
Event: 66.381 Thread 0x000000005a89c800 Exception <a 'java/security/PrivilegedActionException'> (0x00000000f80a92c8) thrown at [C:\re\workspace\8-2-build-windows-amd64-cygwin\jdk8u11\648\hotspot\src\share\vm\prims\jvm.cpp, line 1248]
Event: 66.381 Thread 0x000000005a89c800 Exception <a 'java/security/PrivilegedActionException'> (0x00000000f80c64c8) thrown at [C:\re\workspace\8-2-build-windows-amd64-cygwin\jdk8u11\648\hotspot\src\share\vm\prims\jvm.cpp, line 1248]
Event: 66.381 Thread 0x000000005a89c800 Exception <a 'java/lang/ClassNotFoundException': CsvGrailsPlugin$_closure4_closure18BeanInfo> (0x00000000f80c6f20) thrown at [C:\re\workspace\8-2-build-windows-amd64-cygwin\jdk8u11\648\hotspot\src\share\vm\classfile\systemDictionary.cpp, line 202]
Event: 66.381 Thread 0x000000005a89c800 Exception <a 'java/security/PrivilegedActionException'> (0x00000000f80c7988) thrown at [C:\re\workspace\8-2-build-windows-amd64-cygwin\jdk8u11\648\hotspot\src\share\vm\prims\jvm.cpp, line 1248]
Event: 66.381 Thread 0x000000005a89c800 Exception <a 'java/security/PrivilegedActionException'> (0x00000000f80cae70) thrown at [C:\re\workspace\8-2-build-windows-amd64-cygwin\jdk8u11\648\hotspot\src\share\vm\prims\jvm.cpp, line 1248]
Event: 66.381 Thread 0x000000005a89c800 Exception <a 'java/security/PrivilegedActionException'> (0x00000000f80d86e8) thrown at [C:\re\workspace\8-2-build-windows-amd64-cygwin\jdk8u11\648\hotspot\src\share\vm\prims\jvm.cpp, line 1248]
Event: 66.382 Thread 0x000000005a89c800 Exception <a 'java/security/PrivilegedActionException'> (0x00000000f80e9060) thrown at [C:\re\workspace\8-2-build-windows-amd64-cygwin\jdk8u11\648\hotspot\src\share\vm\prims\jvm.cpp, line 1248]
Event: 66.382 Thread 0x000000005a89c800 Exception <a 'java/security/PrivilegedActionException'> (0x00000000f80ec548) thrown at [C:\re\workspace\8-2-build-windows-amd64-cygwin\jdk8u11\648\hotspot\src\share\vm\prims\jvm.cpp, line 1248]
Event: 66.382 Thread 0x000000005a89c800 Exception <a 'java/security/PrivilegedActionException'> (0x00000000f80f9dc0) thrown at [C:\re\workspace\8-2-build-windows-amd64-cygwin\jdk8u11\648\hotspot\src\share\vm\prims\jvm.cpp, line 1248]

Events (10 events):
Event: 66.380 loading class CsvGrailsPlugin$_closure4_closure18BeanInfo done
Event: 66.380 loading class CsvGrailsPlugin$_closure4_closure18BeanInfo
Event: 66.380 loading class CsvGrailsPlugin$_closure4_closure18BeanInfo done
Event: 66.381 loading class CsvGrailsPlugin$_closure4_closure18BeanInfo
Event: 66.381 loading class CsvGrailsPlugin$_closure4_closure18BeanInfo done
Event: 66.381 loading class CsvGrailsPlugin$_closure4_closure18Customizer
Event: 66.381 loading class CsvGrailsPlugin$_closure4_closure18Customizer done
Event: 66.382 loading class CsvGrailsPlugin$_closure4_closure18Customizer
Event: 66.382 loading class CsvGrailsPlugin$_closure4_closure18Customizer done
Event: 66.382 Executing VM operation: ParallelGCFailedAllocation


Dynamic libraries:
0x000000013f120000 - 0x000000013f154000 	C:\Program Files\Java\jdk1.8.0_11\bin\java.exe
0x0000000077430000 - 0x00000000775d9000 	C:\Windows\SYSTEM32\ntdll.dll
0x00000000771b0000 - 0x00000000772cf000 	C:\Windows\system32\kernel32.dll
0x000007fefd9a0000 - 0x000007fefda0c000 	C:\Windows\system32\KERNELBASE.dll
0x000007fefe5e0000 - 0x000007fefe6bb000 	C:\Windows\system32\ADVAPI32.dll
0x000007fefe030000 - 0x000007fefe0cf000 	C:\Windows\system32\msvcrt.dll
0x000007fefe3a0000 - 0x000007fefe3bf000 	C:\Windows\SYSTEM32\sechost.dll
0x000007fefdea0000 - 0x000007fefdfcd000 	C:\Windows\system32\RPCRT4.dll
0x0000000076e90000 - 0x0000000076f8a000 	C:\Windows\system32\USER32.dll
0x000007fefe2b0000 - 0x000007fefe317000 	C:\Windows\system32\GDI32.dll
0x000007fefe460000 - 0x000007fefe46e000 	C:\Windows\system32\LPK.dll
0x000007fefe510000 - 0x000007fefe5d9000 	C:\Windows\system32\USP10.dll
0x000007fefbe90000 - 0x000007fefc084000 	C:\Windows\WinSxS\amd64_microsoft.windows.common-controls_6595b64144ccf1df_6.0.7601.17514_none_fa396087175ac9ac\COMCTL32.dll
0x000007fefe490000 - 0x000007fefe501000 	C:\Windows\system32\SHLWAPI.dll
0x000007fefdc60000 - 0x000007fefdc8e000 	C:\Windows\system32\IMM32.DLL
0x000007feff4a0000 - 0x000007feff5a9000 	C:\Windows\system32\MSCTF.dll
0x0000000180000000 - 0x000000018001c000 	C:\Windows\system32\btpload64.dll
0x0000000077600000 - 0x0000000077607000 	C:\Windows\system32\PSAPI.DLL
0x0000000000340000 - 0x000000000036c000 	C:\Windows\system32\privman64.dll
0x000007fefd7e0000 - 0x000007fefd7ec000 	C:\Windows\system32\VERSION.dll
0x000007fefe6c0000 - 0x000007feff449000 	C:\Windows\system32\SHELL32.dll
0x000007fefd7c0000 - 0x000007fefd7de000 	C:\Windows\system32\USERENV.dll
0x000007fefd890000 - 0x000007fefd89f000 	C:\Windows\system32\profapi.dll
0x000000006eb90000 - 0x000000006ec62000 	C:\Program Files\Java\jdk1.8.0_11\jre\bin\msvcr100.dll
0x0000000055b00000 - 0x000000005632a000 	C:\Program Files\Java\jdk1.8.0_11\jre\bin\server\jvm.dll
0x000007fefcd70000 - 0x000007fefcd79000 	C:\Windows\system32\WSOCK32.dll
0x000007feff450000 - 0x000007feff49d000 	C:\Windows\system32\WS2_32.dll
0x000007feff650000 - 0x000007feff658000 	C:\Windows\system32\NSI.dll
0x000007fefaf70000 - 0x000007fefafab000 	C:\Windows\system32\WINMM.dll
0x000000006ff40000 - 0x000000006ff4f000 	C:\Program Files\Java\jdk1.8.0_11\jre\bin\verify.dll
0x000000006f4d0000 - 0x000000006f4f8000 	C:\Program Files\Java\jdk1.8.0_11\jre\bin\java.dll
0x000000006d1c0000 - 0x000000006d1e3000 	C:\Program Files\Java\jdk1.8.0_11\jre\bin\instrument.dll
0x000000006f670000 - 0x000000006f686000 	C:\Program Files\Java\jdk1.8.0_11\jre\bin\zip.dll
0x000007fefdc90000 - 0x000007fefde93000 	C:\Windows\system32\ole32.dll
0x000007fefd130000 - 0x000007fefd147000 	C:\Windows\system32\CRYPTSP.dll
0x000007fefce30000 - 0x000007fefce77000 	C:\Windows\system32\rsaenh.dll
0x000007fefd790000 - 0x000007fefd79f000 	C:\Windows\system32\CRYPTBASE.dll
0x000000006f460000 - 0x000000006f47a000 	C:\Program Files\Java\jdk1.8.0_11\jre\bin\net.dll
0x000007fefd0d0000 - 0x000007fefd125000 	C:\Windows\system32\mswsock.dll
0x000007fefd0c0000 - 0x000007fefd0c7000 	C:\Windows\System32\wship6.dll
0x000007fefc830000 - 0x000007fefc857000 	C:\Windows\system32\IPHLPAPI.DLL
0x000007fefc820000 - 0x000007fefc82b000 	C:\Windows\system32\WINNSI.DLL
0x000007fefaed0000 - 0x000007fefaee8000 	C:\Windows\system32\dhcpcsvc.DLL
0x000007fefaeb0000 - 0x000007fefaec1000 	C:\Windows\system32\dhcpcsvc6.DLL
0x000000006f440000 - 0x000000006f451000 	C:\Program Files\Java\jdk1.8.0_11\jre\bin\nio.dll
0x000007fefc370000 - 0x000007fefc37a000 	C:\Users\rgopal\AppData\Local\Temp\jansi-64-721453008896711308.dll
0x00000000748a0000 - 0x00000000748ad000 	C:\Program Files\Java\jdk1.8.0_11\jre\bin\management.dll
0x000007fefc930000 - 0x000007fefc937000 	C:\Windows\System32\wshtcpip.dll
0x000007fefcf50000 - 0x000007fefcfab000 	C:\Windows\system32\DNSAPI.dll
0x0000000074b00000 - 0x0000000074b26000 	C:\Program Files\Bonjour\mdnsNSP.dll
0x000007fefae40000 - 0x000007fefae48000 	C:\Windows\system32\rasadhlp.dll
0x000007fefae50000 - 0x000007fefaea3000 	C:\Windows\System32\fwpuclnt.dll
0x000007fefaf50000 - 0x000007fefaf65000 	C:\Windows\system32\NLAapi.dll
0x000007fefaf30000 - 0x000007fefaf45000 	C:\Windows\system32\napinsp.dll
0x000007fefaf10000 - 0x000007fefaf29000 	C:\Windows\system32\pnrpnsp.dll
0x000007fefaf00000 - 0x000007fefaf0b000 	C:\Windows\System32\winrnr.dll
0x000007fefaef0000 - 0x000007fefaf00000 	C:\Windows\system32\wshbth.dll
0x000007fef4790000 - 0x000007fef48b5000 	C:\Windows\system32\dbghelp.dll

VM Arguments:
jvm_args: -Dfile.encoding=UTF-8 -Xmx768M -Xms64M -Dgrails.fork.parent.process.port=64566 -Dgrails.fork.active=true -Dgrails.build.execution.context=C:\Users\rgopal\AppData\Local\Temp\central8213535390921784286grails-execution-context -Dgrails.home=C:\Users\rgopal\Documents\grails-2.4.4\grails-2.4.4 -javaagent:C:\Users\rgopal\Documents\grails-2.4.4\grails-2.4.4\lib\org.springframework\springloaded\jars\springloaded-1.2.1.RELEASE.jar -Xverify:none -Dspringloaded.synchronize=true -Djdk.reflect.allowGetCallerClass=true -Dspringloaded=profile=grails;cacheDir=C:\Users\rgopal/.grails/2.4.4/ 
java_command: org.grails.plugins.tomcat.fork.ForkedTomcatServer
java_class_path (initial): C:\Program Files\Java\jdk1.8.0_11\lib\tools.jar;C:\Users\rgopal\Documents\grails-2.4.4\grails-2.4.4\lib\org.codehaus.groovy\groovy-all\jars\groovy-all-2.3.7.jar;C:\Users\rgopal\Documents\grails-2.4.4\grails-2.4.4\lib\org.slf4j\jcl-over-slf4j\jars\jcl-over-slf4j-1.7.5.jar;C:\Users\rgopal\Documents\grails-2.4.4\grails-2.4.4\lib\org.codehaus.gant\gant_groovy1.8\jars\gant_groovy1.8-1.9.6.jar;C:\Users\rgopal\Documents\grails-2.4.4\grails-2.4.4\lib\org.apache.tomcat.embed\tomcat-embed-logging-log4j\jars\tomcat-embed-logging-log4j-7.0.50.jar;C:\Users\rgopal\Documents\grails-2.4.4\grails-2.4.4\dist\grails-plugin-log4j-2.4.4.jar;C:\Users\rgopal\Documents\grails-2.4.4\grails-2.4.4\lib\log4j\log4j\jars\log4j-1.2.17.jar;C:\Users\rgopal\Documents\grails-2.4.4\grails-2.4.4\dist\grails-bootstrap-2.4.4.jar;C:\Users\rgopal\Documents\grails-2.4.4\grails-2.4.4\lib\org.slf4j\slf4j-api\jars\slf4j-api-1.7.5.jar;C:\Users\rgopal\Documents\grails-2.4.4\grails-2.4.4\lib\jline\jline\jars\jline-2.12.jar;C:\Users\rgopal\Documents\grails-2.4.4\grails-2.4.4\lib\org.apache.ant\ant\jars\ant-1.8.4.jar;C:\Users\rgopal\Documents\grails-2.4.4\grails-2.4.4\lib\org.apache.ant\ant-launcher\jars\ant-launcher-1.8.4.jar;C:\Users\rgopal\Documents\grails-2.4.4\grails-2.4.4\lib\org.apache.ant\ant-trax\jars\ant-trax-1.7.1.jar;C:\Users\rgopal\Documents\grails-2.4.4\grails-2.4.4\lib\org.apache.ant\ant-junit\jars\ant-junit-1.8.4.jar;C:\Users\rgopal\Documents\grails-2.4.4\grails-2.4.4\lib\org.apache.ivy\ivy\jars\ivy-2.3.0.jar;C:\Users\rgopal\Documents\grails-2.4.4\grails-2.4.4\lib\org.fusesource.jansi\jansi\jars\jansi-1.11.jar;C:\Users\rgopal\.m2\repository\org\apache\tomcat\tomcat-catalina-ant\7.0.55\tomcat-catalina-ant-7.0.55.jar;C:\Users\rgopal\.m2\repository\org\apache\tomcat\embed\tomcat-embed-jasper\7.0.55\tomcat-embed-jasper-7.0.55.jar;C:\Users\rgopal\.m2\repository\org\apache\tomcat\embed\tomcat-embed-el\7.0.55\tomcat-embed-el-7.0.55.jar;C:\Users\rgopal\.m2\repository\org\apache\
Launcher Type: SUN_STANDARD

Environment Variables:
JAVA_HOME=C:\Program Files\Java\jdk1.8.0_11
PATH=C:\Windows\system32;C:\Windows;C:\Windows\System32\Wbem;C:\Windows\System32\WindowsPowerShell\v1.0\;C:\users\rgopal\My Documents\springsource\grails-2.3.5\bin\;c:\Program Files\Java\jdk1.7.0_51\bin\;C:\Program Files (x86)\MiKTeX 2.9\miktex\bin\
USERNAME=rgopal
OS=Windows_NT
PROCESSOR_IDENTIFIER=Intel64 Family 6 Model 37 Stepping 5, GenuineIntel



---------------  S Y S T E M  ---------------

OS: Windows 7 , 64 bit Build 7601 Service Pack 1

CPU:total 4 (2 cores per cpu, 2 threads per core) family 6 model 37 stepping 5, cmov, cx8, fxsr, mmx, sse, sse2, sse3, ssse3, sse4.1, sse4.2, popcnt, aes, clmul, ht, tsc, tscinvbit

Memory: 4k page, physical 8181608k(2227064k free), swap 16361352k(8141872k free)

vm_info: Java HotSpot(TM) 64-Bit Server VM (25.11-b03) for windows-amd64 JRE (1.8.0_11-b12), built on Jun 16 2014 20:57:32 by "java_re" with MS VC++ 10.0 (VS2010)

time: Wed May 06 20:39:41 2015
elapsed time: 66 seconds

