#
# A fatal error has been detected by the Java Runtime Environment:
#
#  EXCEPTION_ACCESS_VIOLATION (0xc0000005) at pc=0x0000000063dd4db2, pid=8888, tid=2396
#
# JRE version: Java(TM) SE Runtime Environment (8.0_11-b12) (build 1.8.0_11-b12)
# Java VM: Java HotSpot(TM) 64-Bit Server VM (25.11-b03 mixed mode windows-amd64 compressed oops)
# Problematic frame:
# V  [jvm.dll+0x424db2]
#
# Failed to write core dump. Minidumps are not enabled by default on client versions of Windows
#
# If you would like to submit a bug report, please visit:
#   http://bugreport.sun.com/bugreport/crash.jsp
#

---------------  T H R E A D  ---------------

Current thread (0x000000005637f800):  JavaThread "C2 CompilerThread1" daemon [_thread_in_native, id=2396, stack(0x0000000056b00000,0x0000000056c00000)]

siginfo: ExceptionCode=0xc0000005, reading address 0x0000000000000000

Registers:
RAX=0x0000000057dd8f48, RBX=0x0000000000000600, RCX=0x0000000000000000, RDX=0x000000005b0ece40
RSP=0x0000000056bfc390, RBP=0x00000000000000c0, RSI=0x00000000000000b8, RDI=0x0000000000000000
R8 =0x00000000639b0000, R9 =0x0000000056bfc6b0, R10=0x00000000ffffffff, R11=0x00000000563848b0
R12=0x0000000057dd9660, R13=0x0000000059322318, R14=0x0000000000000008, R15=0x0000000059322318
RIP=0x0000000063dd4db2, EFLAGS=0x0000000000010206

Top of Stack: (sp=0x0000000056bfc390)
0x0000000056bfc390:   00000000000000dc 000000005b0e8610
0x0000000056bfc3a0:   0000000000000000 0000000058447450
0x0000000056bfc3b0:   0000000000000001 0000000000000600
0x0000000056bfc3c0:   0000000000000180 00000000000000c0
0x0000000056bfc3d0:   000000005cd1e200 0000000056379f40
0x0000000056bfc3e0:   0000000000000728 000000005b0e8610
0x0000000056bfc3f0:   0000000056bfc6b0 0000000057dd6000
0x0000000056bfc400:   0000000000000020 0000000000000009
0x0000000056bfc410:   0000000057dd9630 00000000000000dc
0x0000000056bfc420:   0000000059322318 0000000063dd598d
0x0000000056bfc430:   0000000057dd9630 000000000000001c
0x0000000056bfc440:   00000000000000dc 0000000056bfc6b0
0x0000000056bfc450:   000000005b0ece40 00000000000000dc
0x0000000056bfc460:   0000000057dd6000 0000000000000020
0x0000000056bfc470:   00000000587b97e0 0000000056bfea20
0x0000000056bfc480:   00000000587b9e10 0000000057dd9630 

Instructions: (pc=0x0000000063dd4db2)
0x0000000063dd4d92:   c6 48 63 f0 48 03 f1 eb 04 48 83 ce ff 48 8b 84
0x0000000063dd4da2:   24 a0 00 00 00 48 8b 40 08 48 8b 3c 03 48 8b cf
0x0000000063dd4db2:   48 8b 07 ff 50 28 4c 8d 05 41 b2 bd ff 48 63 50
0x0000000063dd4dc2:   10 4c 8b d8 48 8b ca 48 c1 e1 05 42 80 bc 01 c0 


Register to memory mapping:

RAX=0x0000000057dd8f48 is an unknown value
RBX=0x0000000000000600 is an unknown value
RCX=0x0000000000000000 is an unknown value
RDX=0x000000005b0ece40 is an unknown value
RSP=0x0000000056bfc390 is pointing into the stack for thread: 0x000000005637f800
RBP=0x00000000000000c0 is an unknown value
RSI=0x00000000000000b8 is an unknown value
RDI=0x0000000000000000 is an unknown value
R8 =0x00000000639b0000 is an unknown value
R9 =0x0000000056bfc6b0 is pointing into the stack for thread: 0x000000005637f800
R10=0x00000000ffffffff is an unknown value
R11=0x00000000563848b0 is an unknown value
R12=0x0000000057dd9660 is an unknown value
R13=0x0000000059322318 is an unknown value
R14=0x0000000000000008 is an unknown value
R15=0x0000000059322318 is an unknown value


Stack: [0x0000000056b00000,0x0000000056c00000],  sp=0x0000000056bfc390,  free space=1008k
Native frames: (J=compiled Java code, j=interpreted, Vv=VM code, C=native code)
V  [jvm.dll+0x424db2]
V  [jvm.dll+0x42598d]
V  [jvm.dll+0x425ecf]
V  [jvm.dll+0x4c5a84]
V  [jvm.dll+0x4415bc]
V  [jvm.dll+0x443a29]
V  [jvm.dll+0x427722]
V  [jvm.dll+0x96982]
V  [jvm.dll+0x97173]
V  [jvm.dll+0x2234b4]
V  [jvm.dll+0x27bcca]
C  [msvcr100.dll+0x21d9f]
C  [msvcr100.dll+0x21e3b]
C  [kernel32.dll+0x159ed]
C  [ntdll.dll+0x2c541]


Current CompileTask:
C2:  62407 7414       4       groovy.lang.MetaClassImpl::findPropertyMethod (356 bytes)


---------------  P R O C E S S  ---------------

Java Threads: ( => current thread )
  0x000000005ba67000 JavaThread "net.sf.ehcache.CacheManager@5cd2aff9" daemon [_thread_blocked, id=11228, stack(0x000000005fb10000,0x000000005fc10000)]
  0x000000005ba66000 JavaThread "com.oumuo.SecurityGroup.data" daemon [_thread_blocked, id=8480, stack(0x0000000061030000,0x0000000061130000)]
  0x000000005ba64800 JavaThread "com.oumuo.Authority.data" daemon [_thread_blocked, id=2144, stack(0x0000000060ce0000,0x0000000060de0000)]
  0x0000000057533800 JavaThread "net.sf.ehcache.CacheManager@7f3ccd9c" daemon [_thread_blocked, id=8116, stack(0x00000000603a0000,0x00000000604a0000)]
  0x000000005667c000 JavaThread "PoolCleaner[192694377:1430062032042]" daemon [_thread_blocked, id=5312, stack(0x0000000060090000,0x0000000060190000)]
  0x000000005ab5c800 JavaThread "FileSystemWatcher: files=#311 cl=groovy.lang.GroovyClassLoader@b7c4869" daemon [_thread_blocked, id=8200, stack(0x000000005be00000,0x000000005bf00000)]
  0x0000000059a4b800 JavaThread "localhost-startStop-1" daemon [_thread_in_vm, id=10220, stack(0x0000000059090000,0x0000000059190000)]
  0x00000000588cd000 JavaThread "Tomcat-startStop-1" daemon [_thread_blocked, id=5752, stack(0x000000005a240000,0x000000005a340000)]
  0x00000000599ac000 JavaThread "Thread-3" [_thread_in_native, id=11256, stack(0x00000000577f0000,0x00000000578f0000)]
  0x00000000580c7000 JavaThread "Thread-2" [_thread_blocked, id=188, stack(0x0000000056c30000,0x0000000056d30000)]
  0x00000000573ae800 JavaThread "NonBlockingInputStreamThread" daemon [_thread_blocked, id=11140, stack(0x0000000056870000,0x0000000056970000)]
  0x00000000564c4800 JavaThread "Service Thread" daemon [_thread_blocked, id=8892, stack(0x0000000056080000,0x0000000056180000)]
  0x0000000056382000 JavaThread "C1 CompilerThread2" daemon [_thread_blocked, id=8416, stack(0x0000000056d40000,0x0000000056e40000)]
=>0x000000005637f800 JavaThread "C2 CompilerThread1" daemon [_thread_in_native, id=2396, stack(0x0000000056b00000,0x0000000056c00000)]
  0x000000005631b000 JavaThread "C2 CompilerThread0" daemon [_thread_in_native, id=6840, stack(0x00000000569a0000,0x0000000056aa0000)]
  0x0000000056286800 JavaThread "Attach Listener" daemon [_thread_blocked, id=3328, stack(0x0000000055e40000,0x0000000055f40000)]
  0x0000000054e17800 JavaThread "Signal Dispatcher" daemon [_thread_blocked, id=6956, stack(0x0000000056730000,0x0000000056830000)]
  0x0000000054db1000 JavaThread "Finalizer" daemon [_thread_blocked, id=11112, stack(0x0000000056180000,0x0000000056280000)]
  0x0000000054dac000 JavaThread "Reference Handler" daemon [_thread_blocked, id=11008, stack(0x0000000055f70000,0x0000000056070000)]
  0x00000000028ba000 JavaThread "main" [_thread_blocked, id=4988, stack(0x0000000002d30000,0x0000000002e30000)]

Other Threads:
  0x0000000054da8800 VMThread [stack: 0x0000000055cc0000,0x0000000055dc0000] [id=9472]
  0x00000000564c7800 WatcherThread [stack: 0x0000000056ef0000,0x0000000056ff0000] [id=5712]

VM state:not at safepoint (normal execution)

VM Mutex/Monitor currently owned by a thread: None

Heap:
 PSYoungGen      total 220672K, used 149873K [0x00000000f0000000, 0x0000000100000000, 0x0000000100000000)
  eden space 190464K, 62% used [0x00000000f0000000,0x00000000f7522818,0x00000000fba00000)
  from space 30208K, 99% used [0x00000000fba00000,0x00000000fd739c78,0x00000000fd780000)
  to   space 39424K, 0% used [0x00000000fd980000,0x00000000fd980000,0x0000000100000000)
 ParOldGen       total 132608K, used 115638K [0x00000000d0000000, 0x00000000d8180000, 0x00000000f0000000)
  object space 132608K, 87% used [0x00000000d0000000,0x00000000d70eda40,0x00000000d8180000)
 Metaspace       used 72644K, capacity 74676K, committed 74952K, reserved 1116160K
  class space    used 7522K, capacity 8150K, committed 8180K, reserved 1048576K

Card table byte_map: [0x00000000121f0000,0x0000000012380000] byte_map_base: 0x0000000011b70000

Marking Bits: (ParMarkBitMap*) 0x00000000641612b0
 Begin Bits: [0x0000000012aa0000, 0x00000000136a0000)
 End Bits:   [0x00000000136a0000, 0x00000000142a0000)

Polling page: 0x00000000002a0000

CodeCache: size=245760Kb used=25586Kb max_used=25586Kb free=220173Kb
 bounds [0x0000000002e30000, 0x0000000004760000, 0x0000000011e30000]
 total_blobs=7024 nmethods=6260 adapters=675
 compilation: enabled

Compilation events (10 events):
Event: 62.127 Thread 0x0000000056382000 nmethod 7479 0x0000000003153c10 code [0x0000000003153e60, 0x00000000031546d8]
Event: 62.127 Thread 0x0000000056382000 7480       2       org.codehaus.groovy.grails.web.util.TagLibraryMetaUtils$_registerPropertyMissingForTag_closure6::<init> (20 bytes)
Event: 62.127 Thread 0x0000000056382000 nmethod 7480 0x0000000003845b50 code [0x0000000003845cc0, 0x0000000003845e68]
Event: 62.232 Thread 0x0000000056382000 7481       2       org.codehaus.groovy.grails.commons.metaclass.BaseApiProvider::isNotExcluded (119 bytes)
Event: 62.234 Thread 0x0000000056382000 nmethod 7481 0x00000000046f8990 code [0x00000000046f8b60, 0x00000000046f9008]
Event: 62.305 Thread 0x000000005637f800 nmethod 7412 0x000000000474ed90 code [0x000000000474f1c0, 0x0000000004753478]
Event: 62.305 Thread 0x000000005637f800 7431       4       org.codehaus.groovy.runtime.metaclass.MetaMethodIndex::isMatchingMethod (68 bytes)
Event: 62.308 Thread 0x000000005637f800 nmethod 7431 0x00000000039dda90 code [0x00000000039ddbe0, 0x00000000039ddd18]
Event: 62.308 Thread 0x000000005637f800 7414       4       groovy.lang.MetaClassImpl::findPropertyMethod (356 bytes)
Event: 62.354 Thread 0x0000000056382000 7484       2       groovy.lang.ExpandoMetaClass::getProperty (93 bytes)

GC Heap History (10 events):
Event: 53.652 GC heap before
{Heap before GC invocations=55 (full 7):
 PSYoungGen      total 239616K, used 239609K [0x00000000f0000000, 0x0000000100000000, 0x0000000100000000)
  eden space 217088K, 100% used [0x00000000f0000000,0x00000000fd400000,0x00000000fd400000)
  from space 22528K, 99% used [0x00000000fd400000,0x00000000fe9fe5a8,0x00000000fea00000)
  to   space 22528K, 0% used [0x00000000fea00000,0x00000000fea00000,0x0000000100000000)
 ParOldGen       total 115200K, used 103649K [0x00000000d0000000, 0x00000000d7080000, 0x00000000f0000000)
  object space 115200K, 89% used [0x00000000d0000000,0x00000000d65384a0,0x00000000d7080000)
 Metaspace       used 68776K, capacity 70662K, committed 70856K, reserved 1112064K
  class space    used 7036K, capacity 7614K, committed 7668K, reserved 1048576K
Event: 53.736 GC heap after
Heap after GC invocations=55 (full 7):
 PSYoungGen      total 222208K, used 22521K [0x00000000f0000000, 0x0000000100000000, 0x0000000100000000)
  eden space 199680K, 0% used [0x00000000f0000000,0x00000000f0000000,0x00000000fc300000)
  from space 22528K, 99% used [0x00000000fea00000,0x00000000ffffe5a8,0x0000000100000000)
  to   space 31232K, 0% used [0x00000000fc300000,0x00000000fc300000,0x00000000fe180000)
 ParOldGen       total 115200K, used 106991K [0x00000000d0000000, 0x00000000d7080000, 0x00000000f0000000)
  object space 115200K, 92% used [0x00000000d0000000,0x00000000d687bee8,0x00000000d7080000)
 Metaspace       used 68776K, capacity 70662K, committed 70856K, reserved 1112064K
  class space    used 7036K, capacity 7614K, committed 7668K, reserved 1048576K
}
Event: 53.736 GC heap before
{Heap before GC invocations=56 (full 8):
 PSYoungGen      total 222208K, used 22521K [0x00000000f0000000, 0x0000000100000000, 0x0000000100000000)
  eden space 199680K, 0% used [0x00000000f0000000,0x00000000f0000000,0x00000000fc300000)
  from space 22528K, 99% used [0x00000000fea00000,0x00000000ffffe5a8,0x0000000100000000)
  to   space 31232K, 0% used [0x00000000fc300000,0x00000000fc300000,0x00000000fe180000)
 ParOldGen       total 115200K, used 106991K [0x00000000d0000000, 0x00000000d7080000, 0x00000000f0000000)
  object space 115200K, 92% used [0x00000000d0000000,0x00000000d687bee8,0x00000000d7080000)
 Metaspace       used 68776K, capacity 70662K, committed 70856K, reserved 1112064K
  class space    used 7036K, capacity 7614K, committed 7668K, reserved 1048576K
Event: 55.240 GC heap after
Heap after GC invocations=56 (full 8):
 PSYoungGen      total 222208K, used 12753K [0x00000000f0000000, 0x0000000100000000, 0x0000000100000000)
  eden space 199680K, 0% used [0x00000000f0000000,0x00000000f0000000,0x00000000fc300000)
  from space 22528K, 56% used [0x00000000fea00000,0x00000000ff6746f8,0x0000000100000000)
  to   space 31232K, 0% used [0x00000000fc300000,0x00000000fc300000,0x00000000fe180000)
 ParOldGen       total 132608K, used 114702K [0x00000000d0000000, 0x00000000d8180000, 0x00000000f0000000)
  object space 132608K, 86% used [0x00000000d0000000,0x00000000d7003a40,0x00000000d8180000)
 Metaspace       used 68768K, capacity 70650K, committed 70856K, reserved 1112064K
  class space    used 7035K, capacity 7612K, committed 7668K, reserved 1048576K
}
Event: 57.672 GC heap before
{Heap before GC invocations=57 (full 8):
 PSYoungGen      total 222208K, used 212433K [0x00000000f0000000, 0x0000000100000000, 0x0000000100000000)
  eden space 199680K, 100% used [0x00000000f0000000,0x00000000fc300000,0x00000000fc300000)
  from space 22528K, 56% used [0x00000000fea00000,0x00000000ff6746f8,0x0000000100000000)
  to   space 31232K, 0% used [0x00000000fc300000,0x00000000fc300000,0x00000000fe180000)
 ParOldGen       total 132608K, used 114702K [0x00000000d0000000, 0x00000000d8180000, 0x00000000f0000000)
  object space 132608K, 86% used [0x00000000d0000000,0x00000000d7003a40,0x00000000d8180000)
 Metaspace       used 69588K, capacity 71432K, committed 71624K, reserved 1114112K
  class space    used 7109K, capacity 7667K, committed 7668K, reserved 1048576K
Event: 57.939 GC heap after
Heap after GC invocations=57 (full 8):
 PSYoungGen      total 220160K, used 20266K [0x00000000f0000000, 0x0000000100000000, 0x0000000100000000)
  eden space 199680K, 0% used [0x00000000f0000000,0x00000000f0000000,0x00000000fc300000)
  from space 20480K, 98% used [0x00000000fc300000,0x00000000fd6ca978,0x00000000fd700000)
  to   space 32768K, 0% used [0x00000000fe000000,0x00000000fe000000,0x0000000100000000)
 ParOldGen       total 132608K, used 115622K [0x00000000d0000000, 0x00000000d8180000, 0x00000000f0000000)
  object space 132608K, 87% used [0x00000000d0000000,0x00000000d70e9a40,0x00000000d8180000)
 Metaspace       used 69588K, capacity 71432K, committed 71624K, reserved 1114112K
  class space    used 7109K, capacity 7667K, committed 7668K, reserved 1048576K
}
Event: 59.317 GC heap before
{Heap before GC invocations=58 (full 8):
 PSYoungGen      total 220160K, used 215023K [0x00000000f0000000, 0x0000000100000000, 0x0000000100000000)
  eden space 199680K, 97% used [0x00000000f0000000,0x00000000fbe31520,0x00000000fc300000)
  from space 20480K, 98% used [0x00000000fc300000,0x00000000fd6ca978,0x00000000fd700000)
  to   space 32768K, 0% used [0x00000000fe000000,0x00000000fe000000,0x0000000100000000)
 ParOldGen       total 132608K, used 115622K [0x00000000d0000000, 0x00000000d8180000, 0x00000000f0000000)
  object space 132608K, 87% used [0x00000000d0000000,0x00000000d70e9a40,0x00000000d8180000)
 Metaspace       used 71232K, capacity 73176K, committed 73416K, reserved 1114112K
  class space    used 7329K, capacity 7898K, committed 7924K, reserved 1048576K
Event: 59.352 GC heap after
Heap after GC invocations=58 (full 8):
 PSYoungGen      total 223232K, used 26622K [0x00000000f0000000, 0x0000000100000000, 0x0000000100000000)
  eden space 190464K, 0% used [0x00000000f0000000,0x00000000f0000000,0x00000000fba00000)
  from space 32768K, 81% used [0x00000000fe000000,0x00000000ff9ffbc0,0x0000000100000000)
  to   space 35840K, 0% used [0x00000000fba00000,0x00000000fba00000,0x00000000fdd00000)
 ParOldGen       total 132608K, used 115630K [0x00000000d0000000, 0x00000000d8180000, 0x00000000f0000000)
  object space 132608K, 87% used [0x00000000d0000000,0x00000000d70eba40,0x00000000d8180000)
 Metaspace       used 71232K, capacity 73176K, committed 73416K, reserved 1114112K
  class space    used 7329K, capacity 7898K, committed 7924K, reserved 1048576K
}
Event: 60.607 GC heap before
{Heap before GC invocations=59 (full 8):
 PSYoungGen      total 223232K, used 217086K [0x00000000f0000000, 0x0000000100000000, 0x0000000100000000)
  eden space 190464K, 100% used [0x00000000f0000000,0x00000000fba00000,0x00000000fba00000)
  from space 32768K, 81% used [0x00000000fe000000,0x00000000ff9ffbc0,0x0000000100000000)
  to   space 35840K, 0% used [0x00000000fba00000,0x00000000fba00000,0x00000000fdd00000)
 ParOldGen       total 132608K, used 115630K [0x00000000d0000000, 0x00000000d8180000, 0x00000000f0000000)
  object space 132608K, 87% used [0x00000000d0000000,0x00000000d70eba40,0x00000000d8180000)
 Metaspace       used 71718K, capacity 73702K, committed 73800K, reserved 1116160K
  class space    used 7399K, capacity 7967K, committed 8052K, reserved 1048576K
Event: 60.645 GC heap after
Heap after GC invocations=59 (full 8):
 PSYoungGen      total 220672K, used 29927K [0x00000000f0000000, 0x0000000100000000, 0x0000000100000000)
  eden space 190464K, 0% used [0x00000000f0000000,0x00000000f0000000,0x00000000fba00000)
  from space 30208K, 99% used [0x00000000fba00000,0x00000000fd739c78,0x00000000fd780000)
  to   space 39424K, 0% used [0x00000000fd980000,0x00000000fd980000,0x0000000100000000)
 ParOldGen       total 132608K, used 115638K [0x00000000d0000000, 0x00000000d8180000, 0x00000000f0000000)
  object space 132608K, 87% used [0x00000000d0000000,0x00000000d70eda40,0x00000000d8180000)
 Metaspace       used 71718K, capacity 73702K, committed 73800K, reserved 1116160K
  class space    used 7399K, capacity 7967K, committed 8052K, reserved 1048576K
}

Deoptimization events (10 events):
Event: 57.001 Thread 0x0000000059a4b800 Uncommon trap: reason=class_check action=maybe_recompile pc=0x0000000003edebd8 method=sun.reflect.generics.scope.AbstractScope.lookup(Ljava/lang/String;)Ljava/lang/reflect/TypeVariable; @ 60
Event: 57.001 Thread 0x0000000059a4b800 Uncommon trap: reason=class_check action=maybe_recompile pc=0x0000000003edebd8 method=sun.reflect.generics.scope.AbstractScope.lookup(Ljava/lang/String;)Ljava/lang/reflect/TypeVariable; @ 60
Event: 59.086 Thread 0x0000000059a4b800 Uncommon trap: reason=unreached action=reinterpret pc=0x0000000004419a38 method=org.springframework.util.ObjectUtils.nullSafeEquals(Ljava/lang/Object;Ljava/lang/Object;)Z @ 8
Event: 59.177 Thread 0x0000000059a4b800 Uncommon trap: reason=bimorphic action=maybe_recompile pc=0x0000000004396ac8 method=sl.org.objectweb.asm.MethodVisitor.visitTryCatchBlock(Lsl/org/objectweb/asm/Label;Lsl/org/objectweb/asm/Label;Lsl/org/objectweb/asm/Label;Ljava/lang/String;)V @ 16
Event: 59.230 Thread 0x0000000059a4b800 Uncommon trap: reason=null_check action=make_not_entrant pc=0x00000000046212fc method=org.springsource.loaded.ri.ReloadableTypeMethodProvider.getMethod(Ljava/lang/String;[Ljava/lang/Class;)Lorg/springsource/loaded/ri/Invoker; @ 28
Event: 59.295 Thread 0x0000000059a4b800 Uncommon trap: reason=bimorphic action=maybe_recompile pc=0x0000000004396ac8 method=sl.org.objectweb.asm.MethodVisitor.visitTryCatchBlock(Lsl/org/objectweb/asm/Label;Lsl/org/objectweb/asm/Label;Lsl/org/objectweb/asm/Label;Ljava/lang/String;)V @ 16
Event: 61.146 Thread 0x0000000059a4b800 Uncommon trap: reason=class_check action=maybe_recompile pc=0x0000000003edebd8 method=sun.reflect.generics.scope.AbstractScope.lookup(Ljava/lang/String;)Ljava/lang/reflect/TypeVariable; @ 60
Event: 61.146 Thread 0x0000000059a4b800 Uncommon trap: reason=class_check action=maybe_recompile pc=0x0000000003edebd8 method=sun.reflect.generics.scope.AbstractScope.lookup(Ljava/lang/String;)Ljava/lang/reflect/TypeVariable; @ 60
Event: 61.183 Thread 0x0000000059a4b800 Uncommon trap: reason=class_check action=maybe_recompile pc=0x0000000003fffec4 method=sun.reflect.generics.scope.AbstractScope.lookup(Ljava/lang/String;)Ljava/lang/reflect/TypeVariable; @ 60
Event: 61.518 Thread 0x0000000059a4b800 Uncommon trap: reason=unreached action=reinterpret pc=0x00000000044e162c method=org.codehaus.groovy.runtime.InvokerHelper.invokeMethod(Ljava/lang/Object;Ljava/lang/String;Ljava/lang/Object;)Ljava/lang/Object; @ 12

Internal exceptions (10 events):
Event: 62.348 Thread 0x0000000059a4b800 Exception <a 'java/security/PrivilegedActionException'> (0x00000000f6fe84c8) thrown at [C:\re\workspace\8-2-build-windows-amd64-cygwin\jdk8u11\648\hotspot\src\share\vm\prims\jvm.cpp, line 1248]
Event: 62.349 Thread 0x0000000059a4b800 Exception <a 'java/security/PrivilegedActionException'> (0x00000000f7000540) thrown at [C:\re\workspace\8-2-build-windows-amd64-cygwin\jdk8u11\648\hotspot\src\share\vm\prims\jvm.cpp, line 1248]
Event: 62.349 Thread 0x0000000059a4b800 Exception <a 'java/lang/ClassNotFoundException': java/util/CollectionBeanInfo> (0x00000000f7001428) thrown at [C:\re\workspace\8-2-build-windows-amd64-cygwin\jdk8u11\648\hotspot\src\share\vm\classfile\systemDictionary.cpp, line 202]
Event: 62.349 Thread 0x0000000059a4b800 Exception <a 'java/security/PrivilegedActionException'> (0x00000000f7002330) thrown at [C:\re\workspace\8-2-build-windows-amd64-cygwin\jdk8u11\648\hotspot\src\share\vm\prims\jvm.cpp, line 1248]
Event: 62.349 Thread 0x0000000059a4b800 Exception <a 'java/security/PrivilegedActionException'> (0x00000000f70051b0) thrown at [C:\re\workspace\8-2-build-windows-amd64-cygwin\jdk8u11\648\hotspot\src\share\vm\prims\jvm.cpp, line 1248]
Event: 62.350 Thread 0x0000000059a4b800 Exception <a 'java/security/PrivilegedActionException'> (0x00000000f70105d8) thrown at [C:\re\workspace\8-2-build-windows-amd64-cygwin\jdk8u11\648\hotspot\src\share\vm\prims\jvm.cpp, line 1248]
Event: 62.350 Thread 0x0000000059a4b800 Exception <a 'java/security/PrivilegedActionException'> (0x00000000f7028f00) thrown at [C:\re\workspace\8-2-build-windows-amd64-cygwin\jdk8u11\648\hotspot\src\share\vm\prims\jvm.cpp, line 1248]
Event: 62.350 Thread 0x0000000059a4b800 Exception <a 'java/lang/ClassNotFoundException': java/util/CollectionCustomizer> (0x00000000f7029df0) thrown at [C:\re\workspace\8-2-build-windows-amd64-cygwin\jdk8u11\648\hotspot\src\share\vm\classfile\systemDictionary.cpp, line 202]
Event: 62.351 Thread 0x0000000059a4b800 Exception <a 'java/security/PrivilegedActionException'> (0x00000000f70396e8) thrown at [C:\re\workspace\8-2-build-windows-amd64-cygwin\jdk8u11\648\hotspot\src\share\vm\prims\jvm.cpp, line 1248]
Event: 62.351 Thread 0x0000000059a4b800 Exception <a 'java/security/PrivilegedActionException'> (0x00000000f703ceb8) thrown at [C:\re\workspace\8-2-build-windows-amd64-cygwin\jdk8u11\648\hotspot\src\share\vm\prims\jvm.cpp, line 1248]

Events (10 events):
Event: 62.349 loading class java/util/CollectionBeanInfo
Event: 62.349 loading class java/util/CollectionBeanInfo done
Event: 62.349 loading class java/util/CollectionCustomizer
Event: 62.349 loading class java/util/CollectionCustomizer done
Event: 62.350 loading class java/util/CollectionCustomizer
Event: 62.350 loading class java/util/CollectionCustomizer done
Event: 62.351 loading class groovy/runtime/metaclass/java/lang/EnumMetaClass
Event: 62.351 loading class groovy/runtime/metaclass/java/lang/EnumMetaClass done
Event: 62.352 loading class org/codehaus/groovy/runtime/ArrayUtil
Event: 62.352 loading class org/codehaus/groovy/runtime/ArrayUtil done


Dynamic libraries:
0x000000013fec0000 - 0x000000013fef4000 	C:\Program Files\Java\jdk1.8.0_11\bin\java.exe
0x0000000076e80000 - 0x0000000077029000 	C:\Windows\SYSTEM32\ntdll.dll
0x0000000076c60000 - 0x0000000076d7f000 	C:\Windows\system32\kernel32.dll
0x000007fefd390000 - 0x000007fefd3fc000 	C:\Windows\system32\KERNELBASE.dll
0x000007fefd6c0000 - 0x000007fefd79b000 	C:\Windows\system32\ADVAPI32.dll
0x000007fefe610000 - 0x000007fefe6af000 	C:\Windows\system32\msvcrt.dll
0x000007fefeb60000 - 0x000007fefeb7f000 	C:\Windows\SYSTEM32\sechost.dll
0x000007fefedb0000 - 0x000007fefeedd000 	C:\Windows\system32\RPCRT4.dll
0x0000000076d80000 - 0x0000000076e7a000 	C:\Windows\system32\USER32.dll
0x000007fefed10000 - 0x000007fefed77000 	C:\Windows\system32\GDI32.dll
0x000007fefd6b0000 - 0x000007fefd6be000 	C:\Windows\system32\LPK.dll
0x000007fefeee0000 - 0x000007fefefa9000 	C:\Windows\system32\USP10.dll
0x000007fefb8e0000 - 0x000007fefbad4000 	C:\Windows\WinSxS\amd64_microsoft.windows.common-controls_6595b64144ccf1df_6.0.7601.17514_none_fa396087175ac9ac\COMCTL32.dll
0x000007fefe580000 - 0x000007fefe5f1000 	C:\Windows\system32\SHLWAPI.dll
0x000007fefed80000 - 0x000007fefedae000 	C:\Windows\system32\IMM32.DLL
0x000007fefeb80000 - 0x000007fefec89000 	C:\Windows\system32\MSCTF.dll
0x0000000180000000 - 0x000000018001c000 	C:\Windows\system32\btpload64.dll
0x0000000077050000 - 0x0000000077057000 	C:\Windows\system32\PSAPI.DLL
0x0000000000260000 - 0x000000000028c000 	C:\Windows\system32\privman64.dll
0x000007fefd230000 - 0x000007fefd23c000 	C:\Windows\system32\VERSION.dll
0x000007fefd7f0000 - 0x000007fefe579000 	C:\Windows\system32\SHELL32.dll
0x000007fefd210000 - 0x000007fefd22e000 	C:\Windows\system32\USERENV.dll
0x000007fefd2e0000 - 0x000007fefd2ef000 	C:\Windows\system32\profapi.dll
0x0000000064d70000 - 0x0000000064e42000 	C:\Program Files\Java\jdk1.8.0_11\jre\bin\msvcr100.dll
0x00000000639b0000 - 0x00000000641da000 	C:\Program Files\Java\jdk1.8.0_11\jre\bin\server\jvm.dll
0x000007fefc7c0000 - 0x000007fefc7c9000 	C:\Windows\system32\WSOCK32.dll
0x000007fefd7a0000 - 0x000007fefd7ed000 	C:\Windows\system32\WS2_32.dll
0x000007fefe600000 - 0x000007fefe608000 	C:\Windows\system32\NSI.dll
0x000007fefae20000 - 0x000007fefae5b000 	C:\Windows\system32\WINMM.dll
0x000000006a0c0000 - 0x000000006a0cf000 	C:\Program Files\Java\jdk1.8.0_11\jre\bin\verify.dll
0x0000000064d00000 - 0x0000000064d28000 	C:\Program Files\Java\jdk1.8.0_11\jre\bin\java.dll
0x000000006fc60000 - 0x000000006fc83000 	C:\Program Files\Java\jdk1.8.0_11\jre\bin\instrument.dll
0x000000006afe0000 - 0x000000006aff6000 	C:\Program Files\Java\jdk1.8.0_11\jre\bin\zip.dll
0x000007fefe6b0000 - 0x000007fefe8b3000 	C:\Windows\system32\ole32.dll
0x000007fefcb80000 - 0x000007fefcb97000 	C:\Windows\system32\CRYPTSP.dll
0x000007fefc880000 - 0x000007fefc8c7000 	C:\Windows\system32\rsaenh.dll
0x000007fefd1e0000 - 0x000007fefd1ef000 	C:\Windows\system32\CRYPTBASE.dll
0x0000000064630000 - 0x000000006464a000 	C:\Program Files\Java\jdk1.8.0_11\jre\bin\net.dll
0x000007fefcb20000 - 0x000007fefcb75000 	C:\Windows\system32\mswsock.dll
0x000007fefcb10000 - 0x000007fefcb17000 	C:\Windows\System32\wship6.dll
0x000007fefc280000 - 0x000007fefc2a7000 	C:\Windows\system32\IPHLPAPI.DLL
0x000007fefc270000 - 0x000007fefc27b000 	C:\Windows\system32\WINNSI.DLL
0x000007fefa8b0000 - 0x000007fefa8c8000 	C:\Windows\system32\dhcpcsvc.DLL
0x000007fefa840000 - 0x000007fefa851000 	C:\Windows\system32\dhcpcsvc6.DLL
0x0000000060c30000 - 0x0000000060c41000 	C:\Program Files\Java\jdk1.8.0_11\jre\bin\nio.dll
0x000007fefb820000 - 0x000007fefb82a000 	C:\Users\rgopal\AppData\Local\Temp\jansi-64-8700604160374547684.dll
0x000000006b3e0000 - 0x000000006b3ed000 	C:\Program Files\Java\jdk1.8.0_11\jre\bin\management.dll
0x000007fefc380000 - 0x000007fefc387000 	C:\Windows\System32\wshtcpip.dll
0x000007fefc9a0000 - 0x000007fefc9fb000 	C:\Windows\system32\DNSAPI.dll
0x00000000744a0000 - 0x00000000744c6000 	C:\Program Files\Bonjour\mdnsNSP.dll
0x000007fefa7d0000 - 0x000007fefa7d8000 	C:\Windows\system32\rasadhlp.dll
0x000007fefa7e0000 - 0x000007fefa833000 	C:\Windows\System32\fwpuclnt.dll
0x000007fefa9a0000 - 0x000007fefa9b5000 	C:\Windows\system32\NLAapi.dll
0x000007fefa910000 - 0x000007fefa925000 	C:\Windows\system32\napinsp.dll
0x000007fefa8f0000 - 0x000007fefa909000 	C:\Windows\system32\pnrpnsp.dll
0x000007fefa8e0000 - 0x000007fefa8eb000 	C:\Windows\System32\winrnr.dll
0x000007fefa8d0000 - 0x000007fefa8e0000 	C:\Windows\system32\wshbth.dll
0x000007fef5730000 - 0x000007fef5855000 	C:\Windows\system32\dbghelp.dll

VM Arguments:
jvm_args: -Dfile.encoding=UTF-8 -Xmx768M -Xms64M -Dgrails.fork.parent.process.port=58654 -Dgrails.fork.active=true -Dgrails.build.execution.context=C:\Users\rgopal\AppData\Local\Temp\central9072195459154379604grails-execution-context -Dgrails.home=C:\Users\rgopal\Documents\grails-2.4.4\grails-2.4.4 -javaagent:C:\Users\rgopal\Documents\grails-2.4.4\grails-2.4.4\lib\org.springframework\springloaded\jars\springloaded-1.2.1.RELEASE.jar -Xverify:none -Dspringloaded.synchronize=true -Djdk.reflect.allowGetCallerClass=true -Dspringloaded=profile=grails;cacheDir=C:\Users\rgopal/.grails/2.4.4/ 
java_command: org.grails.plugins.tomcat.fork.ForkedTomcatServer
java_class_path (initial): C:\Program Files\Java\jdk1.8.0_11\lib\tools.jar;C:\Users\rgopal\Documents\grails-2.4.4\grails-2.4.4\lib\org.codehaus.groovy\groovy-all\jars\groovy-all-2.3.7.jar;C:\Users\rgopal\Documents\grails-2.4.4\grails-2.4.4\lib\org.slf4j\jcl-over-slf4j\jars\jcl-over-slf4j-1.7.5.jar;C:\Users\rgopal\Documents\grails-2.4.4\grails-2.4.4\lib\org.codehaus.gant\gant_groovy1.8\jars\gant_groovy1.8-1.9.6.jar;C:\Users\rgopal\Documents\grails-2.4.4\grails-2.4.4\lib\org.apache.tomcat.embed\tomcat-embed-logging-log4j\jars\tomcat-embed-logging-log4j-7.0.50.jar;C:\Users\rgopal\Documents\grails-2.4.4\grails-2.4.4\dist\grails-plugin-log4j-2.4.4.jar;C:\Users\rgopal\Documents\grails-2.4.4\grails-2.4.4\lib\log4j\log4j\jars\log4j-1.2.17.jar;C:\Users\rgopal\Documents\grails-2.4.4\grails-2.4.4\dist\grails-bootstrap-2.4.4.jar;C:\Users\rgopal\Documents\grails-2.4.4\grails-2.4.4\lib\org.slf4j\slf4j-api\jars\slf4j-api-1.7.5.jar;C:\Users\rgopal\Documents\grails-2.4.4\grails-2.4.4\lib\jline\jline\jars\jline-2.12.jar;C:\Users\rgopal\Documents\grails-2.4.4\grails-2.4.4\lib\org.apache.ant\ant\jars\ant-1.8.4.jar;C:\Users\rgopal\Documents\grails-2.4.4\grails-2.4.4\lib\org.apache.ant\ant-launcher\jars\ant-launcher-1.8.4.jar;C:\Users\rgopal\Documents\grails-2.4.4\grails-2.4.4\lib\org.apache.ant\ant-trax\jars\ant-trax-1.7.1.jar;C:\Users\rgopal\Documents\grails-2.4.4\grails-2.4.4\lib\org.apache.ant\ant-junit\jars\ant-junit-1.8.4.jar;C:\Users\rgopal\Documents\grails-2.4.4\grails-2.4.4\lib\org.apache.ivy\ivy\jars\ivy-2.3.0.jar;C:\Users\rgopal\Documents\grails-2.4.4\grails-2.4.4\lib\org.fusesource.jansi\jansi\jars\jansi-1.11.jar;C:\Users\rgopal\.m2\repository\org\apache\tomcat\tomcat-catalina-ant\7.0.55\tomcat-catalina-ant-7.0.55.jar;C:\Users\rgopal\.m2\repository\org\apache\tomcat\embed\tomcat-embed-jasper\7.0.55\tomcat-embed-jasper-7.0.55.jar;C:\Users\rgopal\.m2\repository\org\apache\tomcat\embed\tomcat-embed-el\7.0.55\tomcat-embed-el-7.0.55.jar;C:\Users\rgopal\.m2\repository\org\apache\
Launcher Type: SUN_STANDARD

Environment Variables:
JAVA_HOME=C:\Program Files\Java\jdk1.8.0_11
PATH=C:\Windows\system32;C:\Windows;C:\Windows\System32\Wbem;C:\Windows\System32\WindowsPowerShell\v1.0\;C:\users\rgopal\My Documents\springsource\grails-2.3.5\bin\;c:\Program Files\Java\jdk1.7.0_51\bin\;C:\Program Files (x86)\MiKTeX 2.9\miktex\bin\
USERNAME=rgopal
OS=Windows_NT
PROCESSOR_IDENTIFIER=Intel64 Family 6 Model 37 Stepping 5, GenuineIntel



---------------  S Y S T E M  ---------------

OS: Windows 7 , 64 bit Build 7601 Service Pack 1

CPU:total 4 (2 cores per cpu, 2 threads per core) family 6 model 37 stepping 5, cmov, cx8, fxsr, mmx, sse, sse2, sse3, ssse3, sse4.1, sse4.2, popcnt, aes, clmul, ht, tsc, tscinvbit

Memory: 4k page, physical 8181608k(1636520k free), swap 16361352k(8592556k free)

vm_info: Java HotSpot(TM) 64-Bit Server VM (25.11-b03) for windows-amd64 JRE (1.8.0_11-b12), built on Jun 16 2014 20:57:32 by "java_re" with MS VC++ 10.0 (VS2010)

time: Sun Apr 26 11:27:35 2015
elapsed time: 62 seconds

