#
# A fatal error has been detected by the Java Runtime Environment:
#
#  EXCEPTION_ACCESS_VIOLATION (0xc0000005) at pc=0x000000006c3f4db2, pid=6368, tid=6668
#
# JRE version: Java(TM) SE Runtime Environment (8.0_11-b12) (build 1.8.0_11-b12)
# Java VM: Java HotSpot(TM) 64-Bit Server VM (25.11-b03 mixed mode windows-amd64 compressed oops)
# Problematic frame:
# V  [jvm.dll+0x424db2]
#
# Failed to write core dump. Minidumps are not enabled by default on client versions of Windows
#
# If you would like to submit a bug report, please visit:
#   http://bugreport.sun.com/bugreport/crash.jsp
#

---------------  T H R E A D  ---------------

Current thread (0x0000000056280000):  JavaThread "C2 CompilerThread1" daemon [_thread_in_native, id=6668, stack(0x0000000056600000,0x0000000056700000)]

siginfo: ExceptionCode=0xc0000005, reading address 0x0000000000000000

Registers:
RAX=0x0000000057f0f8e8, RBX=0x0000000000000600, RCX=0x0000000000000000, RDX=0x000000005aba2d50
RSP=0x00000000566fc780, RBP=0x00000000000000c0, RSI=0x00000000000000b8, RDI=0x0000000000000000
R8 =0x000000006bfd0000, R9 =0x00000000566fcaa0, R10=0x00000000ffffffff, R11=0x0000000056283880
R12=0x0000000057f0fff0, R13=0x000000005a9c0c08, R14=0x0000000000000008, R15=0x000000005a9c0c08
RIP=0x000000006c3f4db2, EFLAGS=0x0000000000010206

Top of Stack: (sp=0x00000000566fc780)
0x00000000566fc780:   00000000000000da 000000005ab9ec00
0x00000000566fc790:   0000000000000000 00000000580a0898
0x00000000566fc7a0:   0000000000000001 0000000000000600
0x00000000566fc7b0:   0000000000000180 00000000000000c0
0x00000000566fc7c0:   000000005de13740 00000000562773c0
0x00000000566fc7d0:   00000000000006c8 000000005ab9ec00
0x00000000566fc7e0:   00000000566fcaa0 0000000057f0caa0
0x00000000566fc7f0:   0000000000000020 0000000000000009
0x00000000566fc800:   0000000057f0ffc0 00000000000000da
0x00000000566fc810:   000000005a9c0c08 000000006c3f598d
0x00000000566fc820:   0000000057f0ffc0 000000000000001c
0x00000000566fc830:   00000000000000da 00000000566fcaa0
0x00000000566fc840:   000000005aba2d50 00000000000000da
0x00000000566fc850:   0000000057f0caa0 0000000000000020
0x00000000566fc860:   0000000059816988 00000000566fee10
0x00000000566fc870:   0000000059816fb8 0000000057f0ffc0 

Instructions: (pc=0x000000006c3f4db2)
0x000000006c3f4d92:   c6 48 63 f0 48 03 f1 eb 04 48 83 ce ff 48 8b 84
0x000000006c3f4da2:   24 a0 00 00 00 48 8b 40 08 48 8b 3c 03 48 8b cf
0x000000006c3f4db2:   48 8b 07 ff 50 28 4c 8d 05 41 b2 bd ff 48 63 50
0x000000006c3f4dc2:   10 4c 8b d8 48 8b ca 48 c1 e1 05 42 80 bc 01 c0 


Register to memory mapping:

RAX=0x0000000057f0f8e8 is an unknown value
RBX=0x0000000000000600 is an unknown value
RCX=0x0000000000000000 is an unknown value
RDX=0x000000005aba2d50 is an unknown value
RSP=0x00000000566fc780 is pointing into the stack for thread: 0x0000000056280000
RBP=0x00000000000000c0 is an unknown value
RSI=0x00000000000000b8 is an unknown value
RDI=0x0000000000000000 is an unknown value
R8 =0x000000006bfd0000 is an unknown value
R9 =0x00000000566fcaa0 is pointing into the stack for thread: 0x0000000056280000
R10=0x00000000ffffffff is an unknown value
R11=0x0000000056283880 is an unknown value
R12=0x0000000057f0fff0 is an unknown value
R13=0x000000005a9c0c08 is an unknown value
R14=0x0000000000000008 is an unknown value
R15=0x000000005a9c0c08 is an unknown value


Stack: [0x0000000056600000,0x0000000056700000],  sp=0x00000000566fc780,  free space=1009k
Native frames: (J=compiled Java code, j=interpreted, Vv=VM code, C=native code)
V  [jvm.dll+0x424db2]
V  [jvm.dll+0x42598d]
V  [jvm.dll+0x425ecf]
V  [jvm.dll+0x4c5a84]
V  [jvm.dll+0x4415bc]
V  [jvm.dll+0x443a29]
V  [jvm.dll+0x427722]
V  [jvm.dll+0x96982]
V  [jvm.dll+0x97173]
V  [jvm.dll+0x2234b4]
V  [jvm.dll+0x27bcca]
C  [msvcr100.dll+0x21d9f]
C  [msvcr100.dll+0x21e3b]
C  [kernel32.dll+0x159ed]
C  [ntdll.dll+0x2c541]


Current CompileTask:
C2:  39715 5723       4       groovy.lang.MetaClassImpl::findPropertyMethod (356 bytes)


---------------  P R O C E S S  ---------------

Java Threads: ( => current thread )
  0x0000000057d6d800 JavaThread "net.sf.ehcache.CacheManager@d9b0ed3" daemon [_thread_blocked, id=6732, stack(0x000000005c9d0000,0x000000005cad0000)]
  0x000000005ad48000 JavaThread "PoolCleaner[1543043602:1428089687572]" daemon [_thread_blocked, id=7880, stack(0x000000005c640000,0x000000005c740000)]
  0x0000000059223800 JavaThread "FileSystemWatcher: files=#149 cl=groovy.lang.GroovyClassLoader@5bf8fa12" daemon [_thread_blocked, id=7116, stack(0x000000005bf40000,0x000000005c040000)]
  0x0000000059228000 JavaThread "localhost-startStop-1" daemon [_thread_in_Java, id=9208, stack(0x000000005bd30000,0x000000005be30000)]
  0x0000000059212000 JavaThread "Tomcat-startStop-1" daemon [_thread_blocked, id=9056, stack(0x000000005b790000,0x000000005b890000)]
  0x0000000058900800 JavaThread "Thread-3" [_thread_in_native, id=8956, stack(0x000000005b920000,0x000000005ba20000)]
  0x0000000057fcf000 JavaThread "Thread-2" [_thread_blocked, id=3228, stack(0x000000005b460000,0x000000005b560000)]
  0x0000000057394800 JavaThread "NonBlockingInputStreamThread" daemon [_thread_blocked, id=3196, stack(0x0000000057b70000,0x0000000057c70000)]
  0x000000005640e800 JavaThread "Service Thread" daemon [_thread_blocked, id=4704, stack(0x0000000056dd0000,0x0000000056ed0000)]
  0x000000005627d000 JavaThread "C1 CompilerThread2" daemon [_thread_blocked, id=3352, stack(0x0000000056c70000,0x0000000056d70000)]
=>0x0000000056280000 JavaThread "C2 CompilerThread1" daemon [_thread_in_native, id=6668, stack(0x0000000056600000,0x0000000056700000)]
  0x000000005627f000 JavaThread "C2 CompilerThread0" daemon [_thread_in_native, id=9016, stack(0x0000000056a00000,0x0000000056b00000)]
  0x0000000056184800 JavaThread "Attach Listener" daemon [_thread_blocked, id=6556, stack(0x0000000056890000,0x0000000056990000)]
  0x0000000054e97800 JavaThread "Signal Dispatcher" daemon [_thread_blocked, id=168, stack(0x0000000056750000,0x0000000056850000)]
  0x0000000054e36800 JavaThread "Finalizer" daemon [_thread_blocked, id=7200, stack(0x0000000056080000,0x0000000056180000)]
  0x0000000054e2b800 JavaThread "Reference Handler" daemon [_thread_blocked, id=4028, stack(0x0000000055e90000,0x0000000055f90000)]
  0x00000000028ca000 JavaThread "main" [_thread_blocked, id=8544, stack(0x0000000002ac0000,0x0000000002bc0000)]

Other Threads:
  0x0000000054e28000 VMThread [stack: 0x0000000055d50000,0x0000000055e50000] [id=7772]
  0x00000000563ff800 WatcherThread [stack: 0x0000000056b70000,0x0000000056c70000] [id=6888]

VM state:not at safepoint (normal execution)

VM Mutex/Monitor currently owned by a thread: None

Heap:
 PSYoungGen      total 227328K, used 119111K [0x00000000f0000000, 0x0000000100000000, 0x0000000100000000)
  eden space 192512K, 52% used [0x00000000f0000000,0x00000000f6398c28,0x00000000fbc00000)
  from space 34816K, 49% used [0x00000000fbc00000,0x00000000fccb91a8,0x00000000fde00000)
  to   space 33792K, 0% used [0x00000000fdf00000,0x00000000fdf00000,0x0000000100000000)
 ParOldGen       total 126976K, used 109004K [0x00000000d0000000, 0x00000000d7c00000, 0x00000000f0000000)
  object space 126976K, 85% used [0x00000000d0000000,0x00000000d6a730a8,0x00000000d7c00000)
 Metaspace       used 68068K, capacity 70410K, committed 70528K, reserved 1112064K
  class space    used 7539K, capacity 8236K, committed 8320K, reserved 1048576K

Card table byte_map: [0x0000000012120000,0x00000000122b0000] byte_map_base: 0x0000000011aa0000

Marking Bits: (ParMarkBitMap*) 0x000000006c7812b0
 Begin Bits: [0x0000000012b20000, 0x0000000013720000)
 End Bits:   [0x0000000013720000, 0x0000000014320000)

Polling page: 0x00000000002b0000

CodeCache: size=245760Kb used=21274Kb max_used=21274Kb free=224485Kb
 bounds [0x0000000002d60000, 0x0000000004240000, 0x0000000011d60000]
 total_blobs=7235 nmethods=6474 adapters=671
 compilation: enabled

Compilation events (10 events):
Event: 39.607 Thread 0x000000005627d000 7081       2       org.hibernate.persister.entity.AbstractEntityPersister::getPropertyTypes (8 bytes)
Event: 39.607 Thread 0x000000005627d000 nmethod 7081 0x00000000041f7510 code [0x00000000041f7660, 0x00000000041f77b0]
Event: 39.607 Thread 0x000000005627d000 7082       1       org.hibernate.type.AbstractStandardBasicType::isComponentType (2 bytes)
Event: 39.607 Thread 0x000000005627d000 nmethod 7082 0x00000000041f7850 code [0x00000000041f79a0, 0x00000000041f7ab0]
Event: 39.607 Thread 0x000000005627d000 7080       2       org.codehaus.groovy.grails.commons.DefaultGrailsDomainClass::getConstrainedProperties (19 bytes)
Event: 39.608 Thread 0x000000005627d000 nmethod 7080 0x00000000041f7b10 code [0x00000000041f7c80, 0x00000000041f7e78]
Event: 39.608 Thread 0x000000005627d000 7083       2       org.h2.index.TreeIndex::child (16 bytes)
Event: 39.608 Thread 0x000000005627d000 nmethod 7083 0x00000000041f7f50 code [0x00000000041f80a0, 0x00000000041f81f0]
Event: 39.608 Thread 0x000000005627d000 7078       1       org.h2.result.Row::getSessionId (5 bytes)
Event: 39.608 Thread 0x000000005627d000 nmethod 7078 0x00000000041f82d0 code [0x00000000041f8420, 0x00000000041f8530]

GC Heap History (10 events):
Event: 33.494 GC heap before
{Heap before GC invocations=55 (full 7):
 PSYoungGen      total 232448K, used 231951K [0x00000000f0000000, 0x0000000100000000, 0x0000000100000000)
  eden space 217088K, 100% used [0x00000000f0000000,0x00000000fd400000,0x00000000fd400000)
  from space 15360K, 96% used [0x00000000fd400000,0x00000000fe283c98,0x00000000fe300000)
  to   space 23552K, 0% used [0x00000000fe900000,0x00000000fe900000,0x0000000100000000)
 ParOldGen       total 107520K, used 90179K [0x00000000d0000000, 0x00000000d6900000, 0x00000000f0000000)
  object space 107520K, 83% used [0x00000000d0000000,0x00000000d5810d88,0x00000000d6900000)
 Metaspace       used 61844K, capacity 63668K, committed 64000K, reserved 1105920K
  class space    used 7068K, capacity 7603K, committed 7680K, reserved 1048576K
Event: 33.552 GC heap after
Heap after GC invocations=55 (full 7):
 PSYoungGen      total 235520K, used 17185K [0x00000000f0000000, 0x0000000100000000, 0x0000000100000000)
  eden space 211968K, 0% used [0x00000000f0000000,0x00000000f0000000,0x00000000fcf00000)
  from space 23552K, 72% used [0x00000000fe900000,0x00000000ff9c8588,0x0000000100000000)
  to   space 25088K, 0% used [0x00000000fcf00000,0x00000000fcf00000,0x00000000fe780000)
 ParOldGen       total 107520K, used 90187K [0x00000000d0000000, 0x00000000d6900000, 0x00000000f0000000)
  object space 107520K, 83% used [0x00000000d0000000,0x00000000d5812d88,0x00000000d6900000)
 Metaspace       used 61844K, capacity 63668K, committed 64000K, reserved 1105920K
  class space    used 7068K, capacity 7603K, committed 7680K, reserved 1048576K
}
Event: 34.734 GC heap before
{Heap before GC invocations=56 (full 7):
 PSYoungGen      total 235520K, used 225390K [0x00000000f0000000, 0x0000000100000000, 0x0000000100000000)
  eden space 211968K, 98% used [0x00000000f0000000,0x00000000fcb533d8,0x00000000fcf00000)
  from space 23552K, 72% used [0x00000000fe900000,0x00000000ff9c8588,0x0000000100000000)
  to   space 25088K, 0% used [0x00000000fcf00000,0x00000000fcf00000,0x00000000fe780000)
 ParOldGen       total 107520K, used 90187K [0x00000000d0000000, 0x00000000d6900000, 0x00000000f0000000)
  object space 107520K, 83% used [0x00000000d0000000,0x00000000d5812d88,0x00000000d6900000)
 Metaspace       used 63343K, capacity 65274K, committed 65408K, reserved 1107968K
  class space    used 7218K, capacity 7789K, committed 7808K, reserved 1048576K
Event: 34.814 GC heap after
Heap after GC invocations=56 (full 7):
 PSYoungGen      total 237056K, used 25056K [0x00000000f0000000, 0x0000000100000000, 0x0000000100000000)
  eden space 211968K, 0% used [0x00000000f0000000,0x00000000f0000000,0x00000000fcf00000)
  from space 25088K, 99% used [0x00000000fcf00000,0x00000000fe778368,0x00000000fe780000)
  to   space 25088K, 0% used [0x00000000fe780000,0x00000000fe780000,0x0000000100000000)
 ParOldGen       total 107520K, used 92626K [0x00000000d0000000, 0x00000000d6900000, 0x00000000f0000000)
  object space 107520K, 86% used [0x00000000d0000000,0x00000000d5a74a80,0x00000000d6900000)
 Metaspace       used 63343K, capacity 65274K, committed 65408K, reserved 1107968K
  class space    used 7218K, capacity 7789K, committed 7808K, reserved 1048576K
}
Event: 35.988 GC heap before
{Heap before GC invocations=57 (full 7):
 PSYoungGen      total 237056K, used 237024K [0x00000000f0000000, 0x0000000100000000, 0x0000000100000000)
  eden space 211968K, 100% used [0x00000000f0000000,0x00000000fcf00000,0x00000000fcf00000)
  from space 25088K, 99% used [0x00000000fcf00000,0x00000000fe778368,0x00000000fe780000)
  to   space 25088K, 0% used [0x00000000fe780000,0x00000000fe780000,0x0000000100000000)
 ParOldGen       total 107520K, used 92626K [0x00000000d0000000, 0x00000000d6900000, 0x00000000f0000000)
  object space 107520K, 86% used [0x00000000d0000000,0x00000000d5a74a80,0x00000000d6900000)
 Metaspace       used 65086K, capacity 67114K, committed 67328K, reserved 1107968K
  class space    used 7308K, capacity 7924K, committed 7936K, reserved 1048576K
Event: 36.042 GC heap after
Heap after GC invocations=57 (full 7):
 PSYoungGen      total 217600K, used 25075K [0x00000000f0000000, 0x0000000100000000, 0x0000000100000000)
  eden space 192512K, 0% used [0x00000000f0000000,0x00000000f0000000,0x00000000fbc00000)
  from space 25088K, 99% used [0x00000000fe780000,0x00000000ffffcc80,0x0000000100000000)
  to   space 34816K, 0% used [0x00000000fbc00000,0x00000000fbc00000,0x00000000fde00000)
 ParOldGen       total 107520K, used 98375K [0x00000000d0000000, 0x00000000d6900000, 0x00000000f0000000)
  object space 107520K, 91% used [0x00000000d0000000,0x00000000d6011ed0,0x00000000d6900000)
 Metaspace       used 65086K, capacity 67114K, committed 67328K, reserved 1107968K
  class space    used 7308K, capacity 7924K, committed 7936K, reserved 1048576K
}
Event: 36.042 GC heap before
{Heap before GC invocations=58 (full 8):
 PSYoungGen      total 217600K, used 25075K [0x00000000f0000000, 0x0000000100000000, 0x0000000100000000)
  eden space 192512K, 0% used [0x00000000f0000000,0x00000000f0000000,0x00000000fbc00000)
  from space 25088K, 99% used [0x00000000fe780000,0x00000000ffffcc80,0x0000000100000000)
  to   space 34816K, 0% used [0x00000000fbc00000,0x00000000fbc00000,0x00000000fde00000)
 ParOldGen       total 107520K, used 98375K [0x00000000d0000000, 0x00000000d6900000, 0x00000000f0000000)
  object space 107520K, 91% used [0x00000000d0000000,0x00000000d6011ed0,0x00000000d6900000)
 Metaspace       used 65086K, capacity 67114K, committed 67328K, reserved 1107968K
  class space    used 7308K, capacity 7924K, committed 7936K, reserved 1048576K
Event: 37.602 GC heap after
Heap after GC invocations=58 (full 8):
 PSYoungGen      total 217600K, used 12561K [0x00000000f0000000, 0x0000000100000000, 0x0000000100000000)
  eden space 192512K, 0% used [0x00000000f0000000,0x00000000f0000000,0x00000000fbc00000)
  from space 25088K, 50% used [0x00000000fe780000,0x00000000ff3c4440,0x0000000100000000)
  to   space 34816K, 0% used [0x00000000fbc00000,0x00000000fbc00000,0x00000000fde00000)
 ParOldGen       total 126976K, used 107324K [0x00000000d0000000, 0x00000000d7c00000, 0x00000000f0000000)
  object space 126976K, 84% used [0x00000000d0000000,0x00000000d68cf0a8,0x00000000d7c00000)
 Metaspace       used 65086K, capacity 67114K, committed 67328K, reserved 1107968K
  class space    used 7308K, capacity 7924K, committed 7936K, reserved 1048576K
}
Event: 38.774 GC heap before
{Heap before GC invocations=59 (full 8):
 PSYoungGen      total 217600K, used 200634K [0x00000000f0000000, 0x0000000100000000, 0x0000000100000000)
  eden space 192512K, 97% used [0x00000000f0000000,0x00000000fb7aa458,0x00000000fbc00000)
  from space 25088K, 50% used [0x00000000fe780000,0x00000000ff3c4440,0x0000000100000000)
  to   space 34816K, 0% used [0x00000000fbc00000,0x00000000fbc00000,0x00000000fde00000)
 ParOldGen       total 126976K, used 107324K [0x00000000d0000000, 0x00000000d7c00000, 0x00000000f0000000)
  object space 126976K, 84% used [0x00000000d0000000,0x00000000d68cf0a8,0x00000000d7c00000)
 Metaspace       used 66010K, capacity 68132K, committed 68480K, reserved 1110016K
  class space    used 7346K, capacity 7973K, committed 8064K, reserved 1048576K
Event: 38.875 GC heap after
Heap after GC invocations=59 (full 8):
 PSYoungGen      total 227328K, used 17124K [0x00000000f0000000, 0x0000000100000000, 0x0000000100000000)
  eden space 192512K, 0% used [0x00000000f0000000,0x00000000f0000000,0x00000000fbc00000)
  from space 34816K, 49% used [0x00000000fbc00000,0x00000000fccb91a8,0x00000000fde00000)
  to   space 33792K, 0% used [0x00000000fdf00000,0x00000000fdf00000,0x0000000100000000)
 ParOldGen       total 126976K, used 109004K [0x00000000d0000000, 0x00000000d7c00000, 0x00000000f0000000)
  object space 126976K, 85% used [0x00000000d0000000,0x00000000d6a730a8,0x00000000d7c00000)
 Metaspace       used 66010K, capacity 68132K, committed 68480K, reserved 1110016K
  class space    used 7346K, capacity 7973K, committed 8064K, reserved 1048576K
}

Deoptimization events (10 events):
Event: 29.716 Thread 0x0000000059228000 Uncommon trap: reason=class_check action=maybe_recompile pc=0x0000000003463d98 method=sun.reflect.generics.factory.CoreReflectionFactory.findTypeVariable(Ljava/lang/String;)Ljava/lang/reflect/TypeVariable; @ 5
Event: 29.720 Thread 0x0000000059228000 Uncommon trap: reason=class_check action=maybe_recompile pc=0x0000000003463d98 method=sun.reflect.generics.factory.CoreReflectionFactory.findTypeVariable(Ljava/lang/String;)Ljava/lang/reflect/TypeVariable; @ 5
Event: 31.820 Thread 0x0000000059228000 Uncommon trap: reason=class_check action=maybe_recompile pc=0x0000000003463d98 method=sun.reflect.generics.factory.CoreReflectionFactory.findTypeVariable(Ljava/lang/String;)Ljava/lang/reflect/TypeVariable; @ 5
Event: 34.200 Thread 0x0000000059228000 Uncommon trap: reason=bimorphic action=maybe_recompile pc=0x0000000003d80d50 method=java.io.BufferedInputStream.read1([BII)I @ 39
Event: 34.220 Thread 0x0000000059228000 Uncommon trap: reason=bimorphic action=maybe_recompile pc=0x0000000003d80d50 method=java.io.BufferedInputStream.read1([BII)I @ 39
Event: 34.220 Thread 0x0000000059228000 Uncommon trap: reason=bimorphic action=maybe_recompile pc=0x0000000003d80d50 method=java.io.BufferedInputStream.read1([BII)I @ 39
Event: 34.225 Thread 0x0000000059228000 Uncommon trap: reason=bimorphic action=maybe_recompile pc=0x0000000003d80d50 method=java.io.BufferedInputStream.read1([BII)I @ 39
Event: 34.729 Thread 0x0000000059228000 Uncommon trap: reason=unreached action=reinterpret pc=0x0000000002eaf0e0 method=org.springsource.loaded.agent.SpringLoadedPreProcessor.preProcess(Ljava/lang/ClassLoader;Ljava/lang/String;Ljava/security/ProtectionDomain;[B)[B @ 1011
Event: 39.294 Thread 0x0000000059228000 Uncommon trap: reason=unreached action=reinterpret pc=0x0000000003e3a0f0 method=java.net.URL.<init>(Ljava/net/URL;Ljava/lang/String;Ljava/net/URLStreamHandler;)V @ 30
Event: 39.470 Thread 0x0000000059228000 Uncommon trap: reason=class_check action=maybe_recompile pc=0x0000000003ad8eac method=java.util.Collections$SynchronizedMap.get(Ljava/lang/Object;)Ljava/lang/Object; @ 12

Internal exceptions (10 events):
Event: 39.524 Thread 0x0000000059228000 Exception <a 'java/security/PrivilegedActionException'> (0x00000000f604ffd8) thrown at [C:\re\workspace\8-2-build-windows-amd64-cygwin\jdk8u11\648\hotspot\src\share\vm\prims\jvm.cpp, line 1248]
Event: 39.524 Thread 0x0000000059228000 Exception <a 'java/security/PrivilegedActionException'> (0x00000000f6053c38) thrown at [C:\re\workspace\8-2-build-windows-amd64-cygwin\jdk8u11\648\hotspot\src\share\vm\prims\jvm.cpp, line 1248]
Event: 39.527 Thread 0x0000000059228000 Exception <a 'java/security/PrivilegedActionException'> (0x00000000f6066370) thrown at [C:\re\workspace\8-2-build-windows-amd64-cygwin\jdk8u11\648\hotspot\src\share\vm\prims\jvm.cpp, line 1248]
Event: 39.527 Thread 0x0000000059228000 Exception <a 'java/security/PrivilegedActionException'> (0x00000000f606a758) thrown at [C:\re\workspace\8-2-build-windows-amd64-cygwin\jdk8u11\648\hotspot\src\share\vm\prims\jvm.cpp, line 1248]
Event: 39.531 Thread 0x0000000059228000 Exception <a 'java/security/PrivilegedActionException'> (0x00000000f607cdb8) thrown at [C:\re\workspace\8-2-build-windows-amd64-cygwin\jdk8u11\648\hotspot\src\share\vm\prims\jvm.cpp, line 1248]
Event: 39.531 Thread 0x0000000059228000 Exception <a 'java/security/PrivilegedActionException'> (0x00000000f60806e8) thrown at [C:\re\workspace\8-2-build-windows-amd64-cygwin\jdk8u11\648\hotspot\src\share\vm\prims\jvm.cpp, line 1248]
Event: 39.533 Thread 0x0000000059228000 Exception <a 'java/security/PrivilegedActionException'> (0x00000000f6096e70) thrown at [C:\re\workspace\8-2-build-windows-amd64-cygwin\jdk8u11\648\hotspot\src\share\vm\prims\jvm.cpp, line 1248]
Event: 39.533 Thread 0x0000000059228000 Exception <a 'java/security/PrivilegedActionException'> (0x00000000f609af98) thrown at [C:\re\workspace\8-2-build-windows-amd64-cygwin\jdk8u11\648\hotspot\src\share\vm\prims\jvm.cpp, line 1248]
Event: 39.534 Thread 0x0000000059228000 Exception <a 'java/security/PrivilegedActionException'> (0x00000000f60ab060) thrown at [C:\re\workspace\8-2-build-windows-amd64-cygwin\jdk8u11\648\hotspot\src\share\vm\prims\jvm.cpp, line 1248]
Event: 39.534 Thread 0x0000000059228000 Exception <a 'java/security/PrivilegedActionException'> (0x00000000f60af6e8) thrown at [C:\re\workspace\8-2-build-windows-amd64-cygwin\jdk8u11\648\hotspot\src\share\vm\prims\jvm.cpp, line 1248]

Events (10 events):
Event: 39.524 loading class org/hibernate/engine/jdbc/spi/JdbcWrapper
Event: 39.524 loading class org/hibernate/engine/jdbc/spi/JdbcWrapper done
Event: 39.527 loading class org/grails/datastore/mapping/engine/event/PostInsertEvent
Event: 39.527 loading class org/grails/datastore/mapping/engine/event/PostInsertEvent done
Event: 39.530 loading class org/hibernate/engine/spi/BatchFetchQueue
Event: 39.530 loading class org/hibernate/engine/spi/BatchFetchQueue done
Event: 39.533 loading class org/hibernate/engine/spi/CachedNaturalIdValueSource
Event: 39.533 loading class org/hibernate/engine/spi/CachedNaturalIdValueSource done
Event: 39.534 loading class org/grails/datastore/mapping/engine/event/SaveOrUpdateEvent
Event: 39.534 loading class org/grails/datastore/mapping/engine/event/SaveOrUpdateEvent done


Dynamic libraries:
0x000000013fd80000 - 0x000000013fdb4000 	C:\Program Files\Java\jdk1.8.0_11\bin\java.exe
0x0000000077980000 - 0x0000000077b29000 	C:\Windows\SYSTEM32\ntdll.dll
0x0000000077860000 - 0x000000007797f000 	C:\Windows\system32\kernel32.dll
0x000007fefe140000 - 0x000007fefe1ac000 	C:\Windows\system32\KERNELBASE.dll
0x000007feff400000 - 0x000007feff4db000 	C:\Windows\system32\ADVAPI32.dll
0x000007feffb10000 - 0x000007feffbaf000 	C:\Windows\system32\msvcrt.dll
0x000007feffae0000 - 0x000007feffaff000 	C:\Windows\SYSTEM32\sechost.dll
0x000007fefef40000 - 0x000007feff06d000 	C:\Windows\system32\RPCRT4.dll
0x0000000077280000 - 0x000000007737a000 	C:\Windows\system32\USER32.dll
0x000007feffc20000 - 0x000007feffc87000 	C:\Windows\system32\GDI32.dll
0x000007feffc10000 - 0x000007feffc1e000 	C:\Windows\system32\LPK.dll
0x000007feff560000 - 0x000007feff629000 	C:\Windows\system32\USP10.dll
0x000007fefc3e0000 - 0x000007fefc5d4000 	C:\Windows\WinSxS\amd64_microsoft.windows.common-controls_6595b64144ccf1df_6.0.7601.17514_none_fa396087175ac9ac\COMCTL32.dll
0x000007feff4e0000 - 0x000007feff551000 	C:\Windows\system32\SHLWAPI.dll
0x000007feff110000 - 0x000007feff13e000 	C:\Windows\system32\IMM32.DLL
0x000007feff720000 - 0x000007feff829000 	C:\Windows\system32\MSCTF.dll
0x0000000180000000 - 0x000000018001c000 	C:\Windows\system32\btpload64.dll
0x0000000077b40000 - 0x0000000077b47000 	C:\Windows\system32\PSAPI.DLL
0x0000000000230000 - 0x000000000025c000 	C:\Windows\system32\privman64.dll
0x000007fefdd30000 - 0x000007fefdd3c000 	C:\Windows\system32\VERSION.dll
0x000007fefe1b0000 - 0x000007fefef39000 	C:\Windows\system32\SHELL32.dll
0x000007fefdd10000 - 0x000007fefdd2e000 	C:\Windows\system32\USERENV.dll
0x000007fefdde0000 - 0x000007fefddef000 	C:\Windows\system32\profapi.dll
0x000000006e110000 - 0x000000006e1e2000 	C:\Program Files\Java\jdk1.8.0_11\jre\bin\msvcr100.dll
0x000000006bfd0000 - 0x000000006c7fa000 	C:\Program Files\Java\jdk1.8.0_11\jre\bin\server\jvm.dll
0x000007fefd2c0000 - 0x000007fefd2c9000 	C:\Windows\system32\WSOCK32.dll
0x000007feff6d0000 - 0x000007feff71d000 	C:\Windows\system32\WS2_32.dll
0x000007feffb00000 - 0x000007feffb08000 	C:\Windows\system32\NSI.dll
0x000007fefb930000 - 0x000007fefb96b000 	C:\Windows\system32\WINMM.dll
0x000000006f870000 - 0x000000006f87f000 	C:\Program Files\Java\jdk1.8.0_11\jre\bin\verify.dll
0x000000006f840000 - 0x000000006f868000 	C:\Program Files\Java\jdk1.8.0_11\jre\bin\java.dll
0x000000006d7c0000 - 0x000000006d7e3000 	C:\Program Files\Java\jdk1.8.0_11\jre\bin\instrument.dll
0x000000006f800000 - 0x000000006f816000 	C:\Program Files\Java\jdk1.8.0_11\jre\bin\zip.dll
0x000007feff830000 - 0x000007feffa33000 	C:\Windows\system32\ole32.dll
0x000007fefd680000 - 0x000007fefd697000 	C:\Windows\system32\CRYPTSP.dll
0x000007fefd380000 - 0x000007fefd3c7000 	C:\Windows\system32\rsaenh.dll
0x000007fefdce0000 - 0x000007fefdcef000 	C:\Windows\system32\CRYPTBASE.dll
0x000000006e820000 - 0x000000006e83a000 	C:\Program Files\Java\jdk1.8.0_11\jre\bin\net.dll
0x000007fefd620000 - 0x000007fefd675000 	C:\Windows\system32\mswsock.dll
0x000007fefd610000 - 0x000007fefd617000 	C:\Windows\System32\wship6.dll
0x000007fefcd80000 - 0x000007fefcda7000 	C:\Windows\system32\IPHLPAPI.DLL
0x000007fefcd70000 - 0x000007fefcd7b000 	C:\Windows\system32\WINNSI.DLL
0x000007fefb3d0000 - 0x000007fefb3e8000 	C:\Windows\system32\dhcpcsvc.DLL
0x000007fefb3b0000 - 0x000007fefb3c1000 	C:\Windows\system32\dhcpcsvc6.DLL
0x000000006e0c0000 - 0x000000006e0d1000 	C:\Program Files\Java\jdk1.8.0_11\jre\bin\nio.dll
0x000007fefb210000 - 0x000007fefb21a000 	C:\Users\rgopal\AppData\Local\Temp\jansi-64-7755578791925235750.dll
0x000000006da50000 - 0x000000006da5d000 	C:\Program Files\Java\jdk1.8.0_11\jre\bin\management.dll
0x000007fefce80000 - 0x000007fefce87000 	C:\Windows\System32\wshtcpip.dll
0x000007fefd4a0000 - 0x000007fefd4fb000 	C:\Windows\system32\DNSAPI.dll
0x0000000074fa0000 - 0x0000000074fc6000 	C:\Program Files\Bonjour\mdnsNSP.dll
0x000007fefb340000 - 0x000007fefb348000 	C:\Windows\system32\rasadhlp.dll
0x000007fefb350000 - 0x000007fefb3a3000 	C:\Windows\System32\fwpuclnt.dll
0x000007fefb450000 - 0x000007fefb465000 	C:\Windows\system32\NLAapi.dll
0x000007fefb430000 - 0x000007fefb445000 	C:\Windows\system32\napinsp.dll
0x000007fefb410000 - 0x000007fefb429000 	C:\Windows\system32\pnrpnsp.dll
0x000007fefb400000 - 0x000007fefb40b000 	C:\Windows\System32\winrnr.dll
0x000007fefb3f0000 - 0x000007fefb400000 	C:\Windows\system32\wshbth.dll
0x000007fef6a90000 - 0x000007fef6bb5000 	C:\Windows\system32\dbghelp.dll

VM Arguments:
jvm_args: -Dfile.encoding=UTF-8 -Xmx768M -Xms64M -Dgrails.fork.parent.process.port=64364 -Dgrails.fork.active=true -Dgrails.build.execution.context=C:\Users\rgopal\AppData\Local\Temp\central2791118697475624633grails-execution-context -Dgrails.home=C:\Users\rgopal\Documents\grails-2.4.4\grails-2.4.4 -javaagent:C:\Users\rgopal\Documents\grails-2.4.4\grails-2.4.4\lib\org.springframework\springloaded\jars\springloaded-1.2.1.RELEASE.jar -Xverify:none -Dspringloaded.synchronize=true -Djdk.reflect.allowGetCallerClass=true -Dspringloaded=profile=grails;cacheDir=C:\Users\rgopal/.grails/2.4.4/ 
java_command: org.grails.plugins.tomcat.fork.ForkedTomcatServer
java_class_path (initial): C:\Program Files\Java\jdk1.8.0_11\lib\tools.jar;C:\Users\rgopal\Documents\grails-2.4.4\grails-2.4.4\lib\org.codehaus.groovy\groovy-all\jars\groovy-all-2.3.7.jar;C:\Users\rgopal\Documents\grails-2.4.4\grails-2.4.4\lib\org.slf4j\jcl-over-slf4j\jars\jcl-over-slf4j-1.7.5.jar;C:\Users\rgopal\Documents\grails-2.4.4\grails-2.4.4\lib\org.codehaus.gant\gant_groovy1.8\jars\gant_groovy1.8-1.9.6.jar;C:\Users\rgopal\Documents\grails-2.4.4\grails-2.4.4\lib\org.apache.tomcat.embed\tomcat-embed-logging-log4j\jars\tomcat-embed-logging-log4j-7.0.50.jar;C:\Users\rgopal\Documents\grails-2.4.4\grails-2.4.4\dist\grails-plugin-log4j-2.4.4.jar;C:\Users\rgopal\Documents\grails-2.4.4\grails-2.4.4\lib\log4j\log4j\jars\log4j-1.2.17.jar;C:\Users\rgopal\Documents\grails-2.4.4\grails-2.4.4\dist\grails-bootstrap-2.4.4.jar;C:\Users\rgopal\Documents\grails-2.4.4\grails-2.4.4\lib\org.slf4j\slf4j-api\jars\slf4j-api-1.7.5.jar;C:\Users\rgopal\Documents\grails-2.4.4\grails-2.4.4\lib\jline\jline\jars\jline-2.12.jar;C:\Users\rgopal\Documents\grails-2.4.4\grails-2.4.4\lib\org.apache.ant\ant\jars\ant-1.8.4.jar;C:\Users\rgopal\Documents\grails-2.4.4\grails-2.4.4\lib\org.apache.ant\ant-launcher\jars\ant-launcher-1.8.4.jar;C:\Users\rgopal\Documents\grails-2.4.4\grails-2.4.4\lib\org.apache.ant\ant-trax\jars\ant-trax-1.7.1.jar;C:\Users\rgopal\Documents\grails-2.4.4\grails-2.4.4\lib\org.apache.ant\ant-junit\jars\ant-junit-1.8.4.jar;C:\Users\rgopal\Documents\grails-2.4.4\grails-2.4.4\lib\org.apache.ivy\ivy\jars\ivy-2.3.0.jar;C:\Users\rgopal\Documents\grails-2.4.4\grails-2.4.4\lib\org.fusesource.jansi\jansi\jars\jansi-1.11.jar;C:\Users\rgopal\.m2\repository\org\apache\tomcat\tomcat-catalina-ant\7.0.55\tomcat-catalina-ant-7.0.55.jar;C:\Users\rgopal\.m2\repository\org\apache\tomcat\embed\tomcat-embed-jasper\7.0.55\tomcat-embed-jasper-7.0.55.jar;C:\Users\rgopal\.m2\repository\org\apache\tomcat\embed\tomcat-embed-el\7.0.55\tomcat-embed-el-7.0.55.jar;C:\Users\rgopal\.m2\repository\org\apache\
Launcher Type: SUN_STANDARD

Environment Variables:
JAVA_HOME=C:\Program Files\Java\jdk1.8.0_11
PATH=C:\Windows\system32;C:\Windows;C:\Windows\System32\Wbem;C:\Windows\System32\WindowsPowerShell\v1.0\;C:\users\rgopal\My Documents\springsource\grails-2.3.5\bin\;c:\Program Files\Java\jdk1.7.0_51\bin\;C:\Program Files (x86)\MiKTeX 2.9\miktex\bin\
USERNAME=rgopal
OS=Windows_NT
PROCESSOR_IDENTIFIER=Intel64 Family 6 Model 37 Stepping 5, GenuineIntel



---------------  S Y S T E M  ---------------

OS: Windows 7 , 64 bit Build 7601 Service Pack 1

CPU:total 4 (2 cores per cpu, 2 threads per core) family 6 model 37 stepping 5, cmov, cx8, fxsr, mmx, sse, sse2, sse3, ssse3, sse4.1, sse4.2, popcnt, aes, clmul, ht, tsc, tscinvbit

Memory: 4k page, physical 8181608k(2468212k free), swap 16361352k(9898336k free)

vm_info: Java HotSpot(TM) 64-Bit Server VM (25.11-b03) for windows-amd64 JRE (1.8.0_11-b12), built on Jun 16 2014 20:57:32 by "java_re" with MS VC++ 10.0 (VS2010)

time: Fri Apr 03 15:35:07 2015
elapsed time: 39 seconds

