#
# A fatal error has been detected by the Java Runtime Environment:
#
#  EXCEPTION_ACCESS_VIOLATION (0xc0000005) at pc=0x000000006c3f4db2, pid=8560, tid=9320
#
# JRE version: Java(TM) SE Runtime Environment (8.0_11-b12) (build 1.8.0_11-b12)
# Java VM: Java HotSpot(TM) 64-Bit Server VM (25.11-b03 mixed mode windows-amd64 compressed oops)
# Problematic frame:
# V  [jvm.dll+0x424db2]
#
# Failed to write core dump. Minidumps are not enabled by default on client versions of Windows
#
# If you would like to submit a bug report, please visit:
#   http://bugreport.sun.com/bugreport/crash.jsp
#

---------------  T H R E A D  ---------------

Current thread (0x000000005608c000):  JavaThread "C2 CompilerThread0" daemon [_thread_in_native, id=9320, stack(0x00000000568e0000,0x00000000569e0000)]

siginfo: ExceptionCode=0xc0000005, reading address 0x0000000000000000

Registers:
RAX=0x00000000580b3238, RBX=0x0000000000000600, RCX=0x0000000000000000, RDX=0x00000000596ec1c0
RSP=0x00000000569dc850, RBP=0x00000000000000c0, RSI=0x00000000000000b8, RDI=0x0000000000000000
R8 =0x000000006bfd0000, R9 =0x00000000569dcb70, R10=0x00000000ffffffff, R11=0x00000000560ab8b0
R12=0x00000000580b3940, R13=0x000000005ba99e58, R14=0x0000000000000008, R15=0x000000005ba99e58
RIP=0x000000006c3f4db2, EFLAGS=0x0000000000010206

Top of Stack: (sp=0x00000000569dc850)
0x00000000569dc850:   00000000000000da 00000000000000b0
0x00000000569dc860:   000000000000000a 0000000058191828
0x00000000569dc870:   0000000000000001 0000000000000600
0x00000000569dc880:   0000000000000180 00000000000000c0
0x00000000569dc890:   000000005c899320 000000005608eee0
0x00000000569dc8a0:   00000000000006d8 00000000596e7a70
0x00000000569dc8b0:   00000000569dcb70 00000000580b03a0
0x00000000569dc8c0:   0000000000000020 0000000000000009
0x00000000569dc8d0:   00000000580b3910 00000000000000da
0x00000000569dc8e0:   000000005ba99e58 000000006c3f598d
0x00000000569dc8f0:   00000000580b3910 000000000000001c
0x00000000569dc900:   00000000000000da 00000000569dcb70
0x00000000569dc910:   00000000596ec1c0 00000000000000da
0x00000000569dc920:   00000000580b03a0 0000000000000020
0x00000000569dc930:   00000000561c8b08 00000000569deee0
0x00000000569dc940:   00000000561c9138 00000000580b3910 

Instructions: (pc=0x000000006c3f4db2)
0x000000006c3f4d92:   c6 48 63 f0 48 03 f1 eb 04 48 83 ce ff 48 8b 84
0x000000006c3f4da2:   24 a0 00 00 00 48 8b 40 08 48 8b 3c 03 48 8b cf
0x000000006c3f4db2:   48 8b 07 ff 50 28 4c 8d 05 41 b2 bd ff 48 63 50
0x000000006c3f4dc2:   10 4c 8b d8 48 8b ca 48 c1 e1 05 42 80 bc 01 c0 


Register to memory mapping:

RAX=0x00000000580b3238 is an unknown value
RBX=0x0000000000000600 is an unknown value
RCX=0x0000000000000000 is an unknown value
RDX=0x00000000596ec1c0 is an unknown value
RSP=0x00000000569dc850 is pointing into the stack for thread: 0x000000005608c000
RBP=0x00000000000000c0 is an unknown value
RSI=0x00000000000000b8 is an unknown value
RDI=0x0000000000000000 is an unknown value
R8 =0x000000006bfd0000 is an unknown value
R9 =0x00000000569dcb70 is pointing into the stack for thread: 0x000000005608c000
R10=0x00000000ffffffff is an unknown value
R11=0x00000000560ab8b0 is an unknown value
R12=0x00000000580b3940 is an unknown value
R13=0x000000005ba99e58 is an unknown value
R14=0x0000000000000008 is an unknown value
R15=0x000000005ba99e58 is an unknown value


Stack: [0x00000000568e0000,0x00000000569e0000],  sp=0x00000000569dc850,  free space=1010k
Native frames: (J=compiled Java code, j=interpreted, Vv=VM code, C=native code)
V  [jvm.dll+0x424db2]
V  [jvm.dll+0x42598d]
V  [jvm.dll+0x425ecf]
V  [jvm.dll+0x4c5a84]
V  [jvm.dll+0x4415bc]
V  [jvm.dll+0x443a29]
V  [jvm.dll+0x427722]
V  [jvm.dll+0x96982]
V  [jvm.dll+0x97173]
V  [jvm.dll+0x2234b4]
V  [jvm.dll+0x27bcca]
C  [msvcr100.dll+0x21d9f]
C  [msvcr100.dll+0x21e3b]
C  [kernel32.dll+0x159ed]
C  [ntdll.dll+0x2c541]


Current CompileTask:
C2:  30665 5661       4       groovy.lang.MetaClassImpl::findPropertyMethod (356 bytes)


---------------  P R O C E S S  ---------------

Java Threads: ( => current thread )
  0x0000000057d20800 JavaThread "net.sf.ehcache.CacheManager@6006e388" daemon [_thread_blocked, id=6424, stack(0x000000005b8e0000,0x000000005b9e0000)]
  0x0000000058ade000 JavaThread "PoolCleaner[1543043602:1428100100521]" daemon [_thread_blocked, id=9912, stack(0x000000005e3c0000,0x000000005e4c0000)]
  0x000000005710e800 JavaThread "FileSystemWatcher: files=#135 cl=groovy.lang.GroovyClassLoader@5bf8fa12" daemon [_thread_blocked, id=10104, stack(0x0000000057660000,0x0000000057760000)]
  0x0000000057d69000 JavaThread "localhost-startStop-1" daemon [_thread_in_Java, id=5676, stack(0x000000005af40000,0x000000005b040000)]
  0x0000000057d68000 JavaThread "Tomcat-startStop-1" daemon [_thread_blocked, id=7528, stack(0x000000005ad60000,0x000000005ae60000)]
  0x0000000058452800 JavaThread "Thread-3" [_thread_in_native, id=4124, stack(0x000000005a8c0000,0x000000005a9c0000)]
  0x0000000058785800 JavaThread "Thread-2" [_thread_blocked, id=9108, stack(0x000000005a4e0000,0x000000005a5e0000)]
  0x000000005725e000 JavaThread "NonBlockingInputStreamThread" daemon [_thread_blocked, id=5660, stack(0x0000000057c20000,0x0000000057d20000)]
  0x0000000056204000 JavaThread "Service Thread" daemon [_thread_blocked, id=2280, stack(0x0000000056d30000,0x0000000056e30000)]
  0x0000000056085800 JavaThread "C1 CompilerThread2" daemon [_thread_blocked, id=10236, stack(0x0000000056c30000,0x0000000056d30000)]
  0x0000000056084000 JavaThread "C2 CompilerThread1" daemon [_thread_in_native, id=1624, stack(0x0000000056a50000,0x0000000056b50000)]
=>0x000000005608c000 JavaThread "C2 CompilerThread0" daemon [_thread_in_native, id=9320, stack(0x00000000568e0000,0x00000000569e0000)]
  0x0000000055f97000 JavaThread "Attach Listener" daemon [_thread_blocked, id=6108, stack(0x0000000056670000,0x0000000056770000)]
  0x0000000054bb9800 JavaThread "Signal Dispatcher" daemon [_thread_blocked, id=9564, stack(0x0000000056460000,0x0000000056560000)]
  0x0000000054b51000 JavaThread "Finalizer" daemon [_thread_blocked, id=9432, stack(0x0000000055e90000,0x0000000055f90000)]
  0x0000000054b4c000 JavaThread "Reference Handler" daemon [_thread_blocked, id=7148, stack(0x0000000055d90000,0x0000000055e90000)]
  0x000000000292a000 JavaThread "main" [_thread_blocked, id=8956, stack(0x0000000002a00000,0x0000000002b00000)]

Other Threads:
  0x0000000054b48800 VMThread [stack: 0x0000000055c90000,0x0000000055d90000] [id=2164]
  0x0000000056209000 WatcherThread [stack: 0x0000000056770000,0x0000000056870000] [id=9496]

VM state:not at safepoint (normal execution)

VM Mutex/Monitor currently owned by a thread:  ([mutex/lock_event])
[0x0000000002928080] SystemDictionary_lock - owner thread: 0x0000000000000000

Heap:
 PSYoungGen      total 244224K, used 92596K [0x00000000f0000000, 0x0000000100000000, 0x0000000100000000)
  eden space 226304K, 37% used [0x00000000f0000000,0x00000000f5311070,0x00000000fdd00000)
  from space 17920K, 42% used [0x00000000fdd00000,0x00000000fe45c2b8,0x00000000fee80000)
  to   space 17920K, 0% used [0x00000000fee80000,0x00000000fee80000,0x0000000100000000)
 ParOldGen       total 102912K, used 87428K [0x00000000d0000000, 0x00000000d6480000, 0x00000000f0000000)
  object space 102912K, 84% used [0x00000000d0000000,0x00000000d55612c8,0x00000000d6480000)
 Metaspace       used 58865K, capacity 60534K, committed 60928K, reserved 1103872K
  class space    used 6610K, capacity 7097K, committed 7168K, reserved 1048576K

Card table byte_map: [0x0000000012040000,0x00000000121d0000] byte_map_base: 0x00000000119c0000

Marking Bits: (ParMarkBitMap*) 0x000000006c7812b0
 Begin Bits: [0x00000000129c0000, 0x00000000135c0000)
 End Bits:   [0x00000000135c0000, 0x00000000141c0000)

Polling page: 0x0000000000490000

CodeCache: size=245760Kb used=17086Kb max_used=17767Kb free=228673Kb
 bounds [0x0000000002c80000, 0x0000000003e10000, 0x0000000011c80000]
 total_blobs=5788 nmethods=5037 adapters=662
 compilation: enabled

Compilation events (10 events):
Event: 30.560 Thread 0x0000000056085800 5677       2       org.codehaus.groovy.runtime.callsite.PojoMetaMethodSite::createPojoMetaMethodSite (55 bytes)
Event: 30.560 Thread 0x0000000056085800 nmethod 5677 0x00000000038345d0 code [0x0000000003834760, 0x0000000003834a08]
Event: 30.569 Thread 0x0000000056085800 5678       2       org.codehaus.groovy.grails.commons.metaclass.BaseApiProvider::isConstructorCallMethod (50 bytes)
Event: 30.570 Thread 0x0000000056085800 nmethod 5678 0x0000000002e12410 code [0x0000000002e12580, 0x0000000002e127b8]
Event: 30.587 Thread 0x0000000056085800 5679       2       org.codehaus.groovy.grails.commons.metaclass.BaseApiProvider$1::getName (24 bytes)
Event: 30.587 Thread 0x0000000056085800 nmethod 5679 0x000000000316d8d0 code [0x000000000316da40, 0x000000000316dc08]
Event: 30.587 Thread 0x0000000056085800 5680       2       org.codehaus.groovy.grails.commons.metaclass.BaseApiProvider::access$000 (6 bytes)
Event: 30.587 Thread 0x0000000056085800 nmethod 5680 0x0000000002e12090 code [0x0000000002e12200, 0x0000000002e12348]
Event: 30.601 Thread 0x000000005608c000 nmethod 5358 0x0000000003946b10 code [0x0000000003947340, 0x000000000394ee08]
Event: 30.601 Thread 0x000000005608c000 5661       4       groovy.lang.MetaClassImpl::findPropertyMethod (356 bytes)

GC Heap History (10 events):
Event: 24.717 GC heap before
{Heap before GC invocations=48 (full 5):
 PSYoungGen      total 248832K, used 248804K [0x00000000f0000000, 0x0000000100000000, 0x0000000100000000)
  eden space 238592K, 100% used [0x00000000f0000000,0x00000000fe900000,0x00000000fe900000)
  from space 10240K, 99% used [0x00000000ff600000,0x00000000ffff93b0,0x0000000100000000)
  to   space 11776K, 0% used [0x00000000fe900000,0x00000000fe900000,0x00000000ff480000)
 ParOldGen       total 73728K, used 61700K [0x00000000d0000000, 0x00000000d4800000, 0x00000000f0000000)
  object space 73728K, 83% used [0x00000000d0000000,0x00000000d3c413d8,0x00000000d4800000)
 Metaspace       used 54427K, capacity 56058K, committed 56320K, reserved 1099776K
  class space    used 6067K, capacity 6554K, committed 6656K, reserved 1048576K
Event: 24.762 GC heap after
Heap after GC invocations=48 (full 5):
 PSYoungGen      total 250368K, used 11764K [0x00000000f0000000, 0x0000000100000000, 0x0000000100000000)
  eden space 238592K, 0% used [0x00000000f0000000,0x00000000f0000000,0x00000000fe900000)
  from space 11776K, 99% used [0x00000000fe900000,0x00000000ff47d030,0x00000000ff480000)
  to   space 11776K, 0% used [0x00000000ff480000,0x00000000ff480000,0x0000000100000000)
 ParOldGen       total 73728K, used 67774K [0x00000000d0000000, 0x00000000d4800000, 0x00000000f0000000)
  object space 73728K, 91% used [0x00000000d0000000,0x00000000d422fa78,0x00000000d4800000)
 Metaspace       used 54427K, capacity 56058K, committed 56320K, reserved 1099776K
  class space    used 6067K, capacity 6554K, committed 6656K, reserved 1048576K
}
Event: 24.762 GC heap before
{Heap before GC invocations=49 (full 6):
 PSYoungGen      total 250368K, used 11764K [0x00000000f0000000, 0x0000000100000000, 0x0000000100000000)
  eden space 238592K, 0% used [0x00000000f0000000,0x00000000f0000000,0x00000000fe900000)
  from space 11776K, 99% used [0x00000000fe900000,0x00000000ff47d030,0x00000000ff480000)
  to   space 11776K, 0% used [0x00000000ff480000,0x00000000ff480000,0x0000000100000000)
 ParOldGen       total 73728K, used 67774K [0x00000000d0000000, 0x00000000d4800000, 0x00000000f0000000)
  object space 73728K, 91% used [0x00000000d0000000,0x00000000d422fa78,0x00000000d4800000)
 Metaspace       used 54427K, capacity 56058K, committed 56320K, reserved 1099776K
  class space    used 6067K, capacity 6554K, committed 6656K, reserved 1048576K
Event: 26.300 GC heap after
Heap after GC invocations=49 (full 6):
 PSYoungGen      total 250368K, used 3562K [0x00000000f0000000, 0x0000000100000000, 0x0000000100000000)
  eden space 238592K, 0% used [0x00000000f0000000,0x00000000f0000000,0x00000000fe900000)
  from space 11776K, 30% used [0x00000000fe900000,0x00000000fec7abd8,0x00000000ff480000)
  to   space 11776K, 0% used [0x00000000ff480000,0x00000000ff480000,0x0000000100000000)
 ParOldGen       total 87552K, used 73252K [0x00000000d0000000, 0x00000000d5580000, 0x00000000f0000000)
  object space 87552K, 83% used [0x00000000d0000000,0x00000000d47893d0,0x00000000d5580000)
 Metaspace       used 54427K, capacity 56058K, committed 56320K, reserved 1099776K
  class space    used 6067K, capacity 6554K, committed 6656K, reserved 1048576K
}
Event: 28.088 GC heap before
{Heap before GC invocations=50 (full 6):
 PSYoungGen      total 250368K, used 238720K [0x00000000f0000000, 0x0000000100000000, 0x0000000100000000)
  eden space 238592K, 98% used [0x00000000f0000000,0x00000000fe5a5818,0x00000000fe900000)
  from space 11776K, 30% used [0x00000000fe900000,0x00000000fec7abd8,0x00000000ff480000)
  to   space 11776K, 0% used [0x00000000ff480000,0x00000000ff480000,0x0000000100000000)
 ParOldGen       total 87552K, used 73252K [0x00000000d0000000, 0x00000000d5580000, 0x00000000f0000000)
  object space 87552K, 83% used [0x00000000d0000000,0x00000000d47893d0,0x00000000d5580000)
 Metaspace       used 56248K, capacity 57850K, committed 58240K, reserved 1101824K
  class space    used 6237K, capacity 6722K, committed 6784K, reserved 1048576K
Event: 28.182 GC heap after
Heap after GC invocations=50 (full 6):
 PSYoungGen      total 238080K, used 11760K [0x00000000f0000000, 0x0000000100000000, 0x0000000100000000)
  eden space 226304K, 0% used [0x00000000f0000000,0x00000000f0000000,0x00000000fdd00000)
  from space 11776K, 99% used [0x00000000ff480000,0x00000000ffffc2d0,0x0000000100000000)
  to   space 17920K, 0% used [0x00000000fdd00000,0x00000000fdd00000,0x00000000fee80000)
 ParOldGen       total 87552K, used 76878K [0x00000000d0000000, 0x00000000d5580000, 0x00000000f0000000)
  object space 87552K, 87% used [0x00000000d0000000,0x00000000d4b139b8,0x00000000d5580000)
 Metaspace       used 56248K, capacity 57850K, committed 58240K, reserved 1101824K
  class space    used 6237K, capacity 6722K, committed 6784K, reserved 1048576K
}
Event: 29.270 GC heap before
{Heap before GC invocations=51 (full 6):
 PSYoungGen      total 238080K, used 237716K [0x00000000f0000000, 0x0000000100000000, 0x0000000100000000)
  eden space 226304K, 99% used [0x00000000f0000000,0x00000000fdca8f38,0x00000000fdd00000)
  from space 11776K, 99% used [0x00000000ff480000,0x00000000ffffc2d0,0x0000000100000000)
  to   space 17920K, 0% used [0x00000000fdd00000,0x00000000fdd00000,0x00000000fee80000)
 ParOldGen       total 87552K, used 76878K [0x00000000d0000000, 0x00000000d5580000, 0x00000000f0000000)
  object space 87552K, 87% used [0x00000000d0000000,0x00000000d4b139b8,0x00000000d5580000)
 Metaspace       used 58099K, capacity 59752K, committed 60032K, reserved 1101824K
  class space    used 6526K, capacity 7038K, committed 7040K, reserved 1048576K
Event: 29.305 GC heap after
Heap after GC invocations=51 (full 6):
 PSYoungGen      total 244224K, used 17893K [0x00000000f0000000, 0x0000000100000000, 0x0000000100000000)
  eden space 226304K, 0% used [0x00000000f0000000,0x00000000f0000000,0x00000000fdd00000)
  from space 17920K, 99% used [0x00000000fdd00000,0x00000000fee796b0,0x00000000fee80000)
  to   space 17920K, 0% used [0x00000000fee80000,0x00000000fee80000,0x0000000100000000)
 ParOldGen       total 87552K, used 79500K [0x00000000d0000000, 0x00000000d5580000, 0x00000000f0000000)
  object space 87552K, 90% used [0x00000000d0000000,0x00000000d4da3390,0x00000000d5580000)
 Metaspace       used 58099K, capacity 59752K, committed 60032K, reserved 1101824K
  class space    used 6526K, capacity 7038K, committed 7040K, reserved 1048576K
}
Event: 29.305 GC heap before
{Heap before GC invocations=52 (full 7):
 PSYoungGen      total 244224K, used 17893K [0x00000000f0000000, 0x0000000100000000, 0x0000000100000000)
  eden space 226304K, 0% used [0x00000000f0000000,0x00000000f0000000,0x00000000fdd00000)
  from space 17920K, 99% used [0x00000000fdd00000,0x00000000fee796b0,0x00000000fee80000)
  to   space 17920K, 0% used [0x00000000fee80000,0x00000000fee80000,0x0000000100000000)
 ParOldGen       total 87552K, used 79500K [0x00000000d0000000, 0x00000000d5580000, 0x00000000f0000000)
  object space 87552K, 90% used [0x00000000d0000000,0x00000000d4da3390,0x00000000d5580000)
 Metaspace       used 58099K, capacity 59752K, committed 60032K, reserved 1101824K
  class space    used 6526K, capacity 7038K, committed 7040K, reserved 1048576K
Event: 30.163 GC heap after
Heap after GC invocations=52 (full 7):
 PSYoungGen      total 244224K, used 7536K [0x00000000f0000000, 0x0000000100000000, 0x0000000100000000)
  eden space 226304K, 0% used [0x00000000f0000000,0x00000000f0000000,0x00000000fdd00000)
  from space 17920K, 42% used [0x00000000fdd00000,0x00000000fe45c2b8,0x00000000fee80000)
  to   space 17920K, 0% used [0x00000000fee80000,0x00000000fee80000,0x0000000100000000)
 ParOldGen       total 102912K, used 87428K [0x00000000d0000000, 0x00000000d6480000, 0x00000000f0000000)
  object space 102912K, 84% used [0x00000000d0000000,0x00000000d55612c8,0x00000000d6480000)
 Metaspace       used 58099K, capacity 59752K, committed 60032K, reserved 1101824K
  class space    used 6526K, capacity 7038K, committed 7040K, reserved 1048576K
}

Deoptimization events (10 events):
Event: 23.934 Thread 0x0000000057d69000 Uncommon trap: reason=unreached action=reinterpret pc=0x0000000002e9bb30 method=java.lang.reflect.Method.equals(Ljava/lang/Object;)Z @ 1
Event: 24.006 Thread 0x0000000057d69000 Uncommon trap: reason=null_check action=make_not_entrant pc=0x0000000003cfeb0c method=java.lang.Class.getMethod0(Ljava/lang/String;[Ljava/lang/Class;Z)Ljava/lang/reflect/Method; @ 35
Event: 24.134 Thread 0x0000000057d69000 Uncommon trap: reason=bimorphic action=maybe_recompile pc=0x00000000037e0b74 method=org.codehaus.groovy.runtime.metaclass.MetaMethodIndex.addMethodToList(Ljava/lang/Object;Lgroovy/lang/MetaMethod;)Ljava/lang/Object; @ 97
Event: 24.134 Thread 0x0000000057d69000 Uncommon trap: reason=bimorphic action=maybe_recompile pc=0x00000000037e0b74 method=org.codehaus.groovy.runtime.metaclass.MetaMethodIndex.addMethodToList(Ljava/lang/Object;Lgroovy/lang/MetaMethod;)Ljava/lang/Object; @ 97
Event: 24.265 Thread 0x0000000057d69000 Uncommon trap: reason=bimorphic action=maybe_recompile pc=0x000000000341b918 method=groovy.lang.MetaMethod.getMopName()Ljava/lang/String; @ 8
Event: 24.265 Thread 0x0000000057d69000 Uncommon trap: reason=bimorphic action=maybe_recompile pc=0x0000000002dd70d0 method=groovy.lang.MetaClassImpl$1MOPIter.methodNameAction(Ljava/lang/Class;Lorg/codehaus/groovy/runtime/metaclass/MetaMethodIndex$Entry;)V @ 62
Event: 24.265 Thread 0x0000000057d69000 Uncommon trap: reason=bimorphic action=maybe_recompile pc=0x0000000002dd70d0 method=groovy.lang.MetaClassImpl$1MOPIter.methodNameAction(Ljava/lang/Class;Lorg/codehaus/groovy/runtime/metaclass/MetaMethodIndex$Entry;)V @ 62
Event: 24.265 Thread 0x0000000057d69000 Uncommon trap: reason=bimorphic action=maybe_recompile pc=0x0000000002dd70d0 method=groovy.lang.MetaClassImpl$1MOPIter.methodNameAction(Ljava/lang/Class;Lorg/codehaus/groovy/runtime/metaclass/MetaMethodIndex$Entry;)V @ 62
Event: 27.151 Thread 0x0000000057d69000 Uncommon trap: reason=unreached action=reinterpret pc=0x0000000003d67374 method=java.lang.reflect.AnnotatedElement.isAnnotationPresent(Ljava/lang/Class;)Z @ 7
Event: 27.449 Thread 0x0000000057d69000 Uncommon trap: reason=unreached action=reinterpret pc=0x0000000003b0feb0 method=org.codehaus.groovy.runtime.metaclass.MetaMethodIndex.getMethods(Ljava/lang/Class;Ljava/lang/String;)Lorg/codehaus/groovy/runtime/metaclass/MetaMethodIndex$Entry; @ 61

Internal exceptions (10 events):
Event: 30.624 Thread 0x0000000057d69000 Exception <a 'java/lang/ClassNotFoundException': org/codehaus/groovy/grails/web/util/StreamCharBufferCustomizer> (0x00000000f42e9818) thrown at [C:\re\workspace\8-2-build-windows-amd64-cygwin\jdk8u11\648\hotspot\src\share\vm\classfile\systemDictionary.cpp,ôüËáàŸ>@
Event: 30.625 Thread 0x0000000057d69000 Exception <a 'java/security/PrivilegedActionException'> (0x00000000f4300478) thrown at [C:\re\workspace\8-2-build-windows-amd64-cygwin\jdk8u11\648\hotspot\src\share\vm\prims\jvm.cpp, line 1248]
Event: 30.625 Thread 0x0000000057d69000 Exception <a 'java/security/PrivilegedActionException'> (0x00000000f4304a90) thrown at [C:\re\workspace\8-2-build-windows-amd64-cygwin\jdk8u11\648\hotspot\src\share\vm\prims\jvm.cpp, line 1248]
Event: 30.627 Thread 0x0000000057d69000 Exception <a 'java/security/PrivilegedActionException'> (0x00000000f4341850) thrown at [C:\re\workspace\8-2-build-windows-amd64-cygwin\jdk8u11\648\hotspot\src\share\vm\prims\jvm.cpp, line 1248]
Event: 30.627 Thread 0x0000000057d69000 Exception <a 'java/security/PrivilegedActionException'> (0x00000000f4347638) thrown at [C:\re\workspace\8-2-build-windows-amd64-cygwin\jdk8u11\648\hotspot\src\share\vm\prims\jvm.cpp, line 1248]
Event: 30.629 Thread 0x0000000057d69000 Exception <a 'java/security/PrivilegedActionException'> (0x00000000f435c428) thrown at [C:\re\workspace\8-2-build-windows-amd64-cygwin\jdk8u11\648\hotspot\src\share\vm\prims\jvm.cpp, line 1248]
Event: 30.629 Thread 0x0000000057d69000 Exception <a 'java/security/PrivilegedActionException'> (0x00000000f4363a30) thrown at [C:\re\workspace\8-2-build-windows-amd64-cygwin\jdk8u11\648\hotspot\src\share\vm\prims\jvm.cpp, line 1248]
Event: 30.630 Thread 0x0000000057d69000 Exception <a 'java/security/PrivilegedActionException'> (0x00000000f43888d0) thrown at [C:\re\workspace\8-2-build-windows-amd64-cygwin\jdk8u11\648\hotspot\src\share\vm\prims\jvm.cpp, line 1248]
Event: 30.630 Thread 0x0000000057d69000 Exception <a 'java/security/PrivilegedActionException'> (0x00000000f438ec18) thrown at [C:\re\workspace\8-2-build-windows-amd64-cygwin\jdk8u11\648\hotspot\src\share\vm\prims\jvm.cpp, line 1248]
Event: 30.631 Thread 0x0000000057d69000 Exception <a 'java/security/PrivilegedActionException'> (0x00000000f43a7260) thrown at [C:\re\workspace\8-2-build-windows-amd64-cygwin\jdk8u11\648\hotspot\src\share\vm\prims\jvm.cpp, line 1248]

Events (10 events):
Event: 30.624 loading class org/codehaus/groovy/grails/web/util/StreamCharBuffer$EncodedPart
Event: 30.624 loading class org/codehaus/groovy/grails/web/util/StreamCharBuffer$EncodedPart done
Event: 30.627 Thread 0x0000000057d69000 DEOPT PACKING pc=0x0000000003cc8dcc sp=0x000000005b03d810
Event: 30.627 Thread 0x0000000057d69000 DEOPT UNPACKING pc=0x0000000002cc7204 sp=0x000000005b03d550 mode 0
Event: 30.627 loading class org/codehaus/groovy/grails/web/util/StreamCharBufferMetaUtils$_registerStreamCharBufferMetaClass_closure2
Event: 30.627 loading class org/codehaus/groovy/grails/web/util/StreamCharBufferMetaUtils$_registerStreamCharBufferMetaClass_closure2 done
Event: 30.628 loading class groovy/runtime/metaclass/org/codehaus/groovy/grails/web/util/StreamCharBufferMetaUtils$_registerStreamCharBufferMetaClass_closure2MetaClass
Event: 30.629 loading class groovy/runtime/metaclass/org/codehaus/groovy/grails/web/util/StreamCharBufferMetaUtils$_registerStreamCharBufferMetaClass_closure2MetaClass done
Event: 30.630 loading class org/codehaus/groovy/grails/web/util/StreamCharBufferMetaUtils$_registerStreamCharBufferMetaClass_closure2BeanInfo
Event: 30.630 loading class org/codehaus/groovy/grails/web/util/StreamCharBufferMetaUtils$_registerStreamCharBufferMetaClass_closure2BeanInfo done


Dynamic libraries:
0x000000013f960000 - 0x000000013f994000 	C:\Program Files\Java\jdk1.8.0_11\bin\java.exe
0x0000000077980000 - 0x0000000077b29000 	C:\Windows\SYSTEM32\ntdll.dll
0x0000000077860000 - 0x000000007797f000 	C:\Windows\system32\kernel32.dll
0x000007fefe140000 - 0x000007fefe1ac000 	C:\Windows\system32\KERNELBASE.dll
0x000007feff400000 - 0x000007feff4db000 	C:\Windows\system32\ADVAPI32.dll
0x000007feffb10000 - 0x000007feffbaf000 	C:\Windows\system32\msvcrt.dll
0x000007feffae0000 - 0x000007feffaff000 	C:\Windows\SYSTEM32\sechost.dll
0x000007fefef40000 - 0x000007feff06d000 	C:\Windows\system32\RPCRT4.dll
0x0000000077280000 - 0x000000007737a000 	C:\Windows\system32\USER32.dll
0x000007feffc20000 - 0x000007feffc87000 	C:\Windows\system32\GDI32.dll
0x000007feffc10000 - 0x000007feffc1e000 	C:\Windows\system32\LPK.dll
0x000007feff560000 - 0x000007feff629000 	C:\Windows\system32\USP10.dll
0x000007fefc3e0000 - 0x000007fefc5d4000 	C:\Windows\WinSxS\amd64_microsoft.windows.common-controls_6595b64144ccf1df_6.0.7601.17514_none_fa396087175ac9ac\COMCTL32.dll
0x000007feff4e0000 - 0x000007feff551000 	C:\Windows\system32\SHLWAPI.dll
0x000007feff110000 - 0x000007feff13e000 	C:\Windows\system32\IMM32.DLL
0x000007feff720000 - 0x000007feff829000 	C:\Windows\system32\MSCTF.dll
0x0000000180000000 - 0x000000018001c000 	C:\Windows\system32\btpload64.dll
0x0000000077b40000 - 0x0000000077b47000 	C:\Windows\system32\PSAPI.DLL
0x00000000001c0000 - 0x00000000001ec000 	C:\Windows\system32\privman64.dll
0x000007fefdd30000 - 0x000007fefdd3c000 	C:\Windows\system32\VERSION.dll
0x000007fefe1b0000 - 0x000007fefef39000 	C:\Windows\system32\SHELL32.dll
0x000007fefdd10000 - 0x000007fefdd2e000 	C:\Windows\system32\USERENV.dll
0x000007fefdde0000 - 0x000007fefddef000 	C:\Windows\system32\profapi.dll
0x000000006e110000 - 0x000000006e1e2000 	C:\Program Files\Java\jdk1.8.0_11\jre\bin\msvcr100.dll
0x000000006bfd0000 - 0x000000006c7fa000 	C:\Program Files\Java\jdk1.8.0_11\jre\bin\server\jvm.dll
0x000007fefd2c0000 - 0x000007fefd2c9000 	C:\Windows\system32\WSOCK32.dll
0x000007feff6d0000 - 0x000007feff71d000 	C:\Windows\system32\WS2_32.dll
0x000007feffb00000 - 0x000007feffb08000 	C:\Windows\system32\NSI.dll
0x000007fefb930000 - 0x000007fefb96b000 	C:\Windows\system32\WINMM.dll
0x000000006f870000 - 0x000000006f87f000 	C:\Program Files\Java\jdk1.8.0_11\jre\bin\verify.dll
0x000000006f840000 - 0x000000006f868000 	C:\Program Files\Java\jdk1.8.0_11\jre\bin\java.dll
0x0000000070880000 - 0x00000000708a3000 	C:\Program Files\Java\jdk1.8.0_11\jre\bin\instrument.dll
0x000000006f800000 - 0x000000006f816000 	C:\Program Files\Java\jdk1.8.0_11\jre\bin\zip.dll
0x000007feff830000 - 0x000007feffa33000 	C:\Windows\system32\ole32.dll
0x000007fefd680000 - 0x000007fefd697000 	C:\Windows\system32\CRYPTSP.dll
0x000007fefd380000 - 0x000007fefd3c7000 	C:\Windows\system32\rsaenh.dll
0x000007fefdce0000 - 0x000007fefdcef000 	C:\Windows\system32\CRYPTBASE.dll
0x000000006e820000 - 0x000000006e83a000 	C:\Program Files\Java\jdk1.8.0_11\jre\bin\net.dll
0x000007fefd620000 - 0x000007fefd675000 	C:\Windows\system32\mswsock.dll
0x000007fefd610000 - 0x000007fefd617000 	C:\Windows\System32\wship6.dll
0x000007fefcd80000 - 0x000007fefcda7000 	C:\Windows\system32\IPHLPAPI.DLL
0x000007fefcd70000 - 0x000007fefcd7b000 	C:\Windows\system32\WINNSI.DLL
0x000007fefb3d0000 - 0x000007fefb3e8000 	C:\Windows\system32\dhcpcsvc.DLL
0x000007fefb3b0000 - 0x000007fefb3c1000 	C:\Windows\system32\dhcpcsvc6.DLL
0x000000006e0c0000 - 0x000000006e0d1000 	C:\Program Files\Java\jdk1.8.0_11\jre\bin\nio.dll
0x000007fefb210000 - 0x000007fefb21a000 	C:\Users\rgopal\AppData\Local\Temp\jansi-64-6154238799992996265.dll
0x000000006da50000 - 0x000000006da5d000 	C:\Program Files\Java\jdk1.8.0_11\jre\bin\management.dll
0x000007fefce80000 - 0x000007fefce87000 	C:\Windows\System32\wshtcpip.dll
0x000007fefd4a0000 - 0x000007fefd4fb000 	C:\Windows\system32\DNSAPI.dll
0x0000000074fa0000 - 0x0000000074fc6000 	C:\Program Files\Bonjour\mdnsNSP.dll
0x000007fefb340000 - 0x000007fefb348000 	C:\Windows\system32\rasadhlp.dll
0x000007fefb350000 - 0x000007fefb3a3000 	C:\Windows\System32\fwpuclnt.dll
0x000007fefb450000 - 0x000007fefb465000 	C:\Windows\system32\NLAapi.dll
0x000007fefb430000 - 0x000007fefb445000 	C:\Windows\system32\napinsp.dll
0x000007fefb410000 - 0x000007fefb429000 	C:\Windows\system32\pnrpnsp.dll
0x000007fefb400000 - 0x000007fefb40b000 	C:\Windows\System32\winrnr.dll
0x000007fefb3f0000 - 0x000007fefb400000 	C:\Windows\system32\wshbth.dll
0x000007fef6a90000 - 0x000007fef6bb5000 	C:\Windows\system32\dbghelp.dll

VM Arguments:
jvm_args: -Dfile.encoding=UTF-8 -Xmx768M -Xms64M -Dgrails.fork.parent.process.port=52094 -Dgrails.fork.active=true -Dgrails.build.execution.context=C:\Users\rgopal\AppData\Local\Temp\central1645422364359323882grails-execution-context -Dgrails.home=C:\Users\rgopal\Documents\grails-2.4.4\grails-2.4.4 -javaagent:C:\Users\rgopal\Documents\grails-2.4.4\grails-2.4.4\lib\org.springframework\springloaded\jars\springloaded-1.2.1.RELEASE.jar -Xverify:none -Dspringloaded.synchronize=true -Djdk.reflect.allowGetCallerClass=true -Dspringloaded=profile=grails;cacheDir=C:\Users\rgopal/.grails/2.4.4/ 
java_command: org.grails.plugins.tomcat.fork.ForkedTomcatServer
java_class_path (initial): C:\Program Files\Java\jdk1.8.0_11\lib\tools.jar;C:\Users\rgopal\Documents\grails-2.4.4\grails-2.4.4\lib\org.codehaus.groovy\groovy-all\jars\groovy-all-2.3.7.jar;C:\Users\rgopal\Documents\grails-2.4.4\grails-2.4.4\lib\org.slf4j\jcl-over-slf4j\jars\jcl-over-slf4j-1.7.5.jar;C:\Users\rgopal\Documents\grails-2.4.4\grails-2.4.4\lib\org.codehaus.gant\gant_groovy1.8\jars\gant_groovy1.8-1.9.6.jar;C:\Users\rgopal\Documents\grails-2.4.4\grails-2.4.4\lib\org.apache.tomcat.embed\tomcat-embed-logging-log4j\jars\tomcat-embed-logging-log4j-7.0.50.jar;C:\Users\rgopal\Documents\grails-2.4.4\grails-2.4.4\dist\grails-plugin-log4j-2.4.4.jar;C:\Users\rgopal\Documents\grails-2.4.4\grails-2.4.4\lib\log4j\log4j\jars\log4j-1.2.17.jar;C:\Users\rgopal\Documents\grails-2.4.4\grails-2.4.4\dist\grails-bootstrap-2.4.4.jar;C:\Users\rgopal\Documents\grails-2.4.4\grails-2.4.4\lib\org.slf4j\slf4j-api\jars\slf4j-api-1.7.5.jar;C:\Users\rgopal\Documents\grails-2.4.4\grails-2.4.4\lib\jline\jline\jars\jline-2.12.jar;C:\Users\rgopal\Documents\grails-2.4.4\grails-2.4.4\lib\org.apache.ant\ant\jars\ant-1.8.4.jar;C:\Users\rgopal\Documents\grails-2.4.4\grails-2.4.4\lib\org.apache.ant\ant-launcher\jars\ant-launcher-1.8.4.jar;C:\Users\rgopal\Documents\grails-2.4.4\grails-2.4.4\lib\org.apache.ant\ant-trax\jars\ant-trax-1.7.1.jar;C:\Users\rgopal\Documents\grails-2.4.4\grails-2.4.4\lib\org.apache.ant\ant-junit\jars\ant-junit-1.8.4.jar;C:\Users\rgopal\Documents\grails-2.4.4\grails-2.4.4\lib\org.apache.ivy\ivy\jars\ivy-2.3.0.jar;C:\Users\rgopal\Documents\grails-2.4.4\grails-2.4.4\lib\org.fusesource.jansi\jansi\jars\jansi-1.11.jar;C:\Users\rgopal\.m2\repository\org\apache\tomcat\tomcat-catalina-ant\7.0.55\tomcat-catalina-ant-7.0.55.jar;C:\Users\rgopal\.m2\repository\org\apache\tomcat\embed\tomcat-embed-jasper\7.0.55\tomcat-embed-jasper-7.0.55.jar;C:\Users\rgopal\.m2\repository\org\apache\tomcat\embed\tomcat-embed-el\7.0.55\tomcat-embed-el-7.0.55.jar;C:\Users\rgopal\.m2\repository\org\apache\
Launcher Type: SUN_STANDARD

Environment Variables:
JAVA_HOME=C:\Program Files\Java\jdk1.8.0_11
PATH=C:\Windows\system32;C:\Windows;C:\Windows\System32\Wbem;C:\Windows\System32\WindowsPowerShell\v1.0\;C:\users\rgopal\My Documents\springsource\grails-2.3.5\bin\;c:\Program Files\Java\jdk1.7.0_51\bin\;C:\Program Files (x86)\MiKTeX 2.9\miktex\bin\
USERNAME=rgopal
OS=Windows_NT
PROCESSOR_IDENTIFIER=Intel64 Family 6 Model 37 Stepping 5, GenuineIntel



---------------  S Y S T E M  ---------------

OS: Windows 7 , 64 bit Build 7601 Service Pack 1

CPU:total 4 (2 cores per cpu, 2 threads per core) family 6 model 37 stepping 5, cmov, cx8, fxsr, mmx, sse, sse2, sse3, ssse3, sse4.1, sse4.2, popcnt, aes, clmul, ht, tsc, tscinvbit

Memory: 4k page, physical 8181608k(2522124k free), swap 16361352k(9903828k free)

vm_info: Java HotSpot(TM) 64-Bit Server VM (25.11-b03) for windows-amd64 JRE (1.8.0_11-b12), built on Jun 16 2014 20:57:32 by "java_re" with MS VC++ 10.0 (VS2010)

time: Fri Apr 03 18:28:31 2015
elapsed time: 30 seconds

