#
# A fatal error has been detected by the Java Runtime Environment:
#
#  EXCEPTION_ACCESS_VIOLATION (0xc0000005) at pc=0x000000005f4c4db2, pid=10044, tid=7856
#
# JRE version: Java(TM) SE Runtime Environment (8.0_11-b12) (build 1.8.0_11-b12)
# Java VM: Java HotSpot(TM) 64-Bit Server VM (25.11-b03 mixed mode windows-amd64 compressed oops)
# Problematic frame:
# V  [jvm.dll+0x424db2]
#
# Failed to write core dump. Minidumps are not enabled by default on client versions of Windows
#
# If you would like to submit a bug report, please visit:
#   http://bugreport.sun.com/bugreport/crash.jsp
#

---------------  T H R E A D  ---------------

Current thread (0x00000000562c5000):  JavaThread "C2 CompilerThread1" daemon [_thread_in_native, id=7856, stack(0x0000000056ba0000,0x0000000056ca0000)]

siginfo: ExceptionCode=0xc0000005, reading address 0x0000000000000000

Registers:
RAX=0x000000005ba23878, RBX=0x0000000000000600, RCX=0x0000000000000000, RDX=0x000000005b28ca30
RSP=0x0000000056c9bfc0, RBP=0x00000000000000c0, RSI=0x00000000000000b8, RDI=0x0000000000000000
R8 =0x000000005f0a0000, R9 =0x0000000056c9c2e0, R10=0x00000000ffffffff, R11=0x00000000562f98e0
R12=0x000000005ba23f80, R13=0x000000005ad5d368, R14=0x0000000000000008, R15=0x000000005ad5d368
RIP=0x000000005f4c4db2, EFLAGS=0x0000000000010206

Top of Stack: (sp=0x0000000056c9bfc0)
0x0000000056c9bfc0:   00000000000000da 000000005b288250
0x0000000056c9bfd0:   0000000000000000 000000005ad98078
0x0000000056c9bfe0:   0000000000000001 0000000000000600
0x0000000056c9bff0:   0000000000000180 00000000000000c0
0x0000000056c9c000:   000000005cd836f0 00000000562d0450
0x0000000056c9c010:   0000000000000730 000000005b288250
0x0000000056c9c020:   0000000056c9c2e0 000000005ba20950
0x0000000056c9c030:   0000000000000020 0000000000000009
0x0000000056c9c040:   000000005ba23f50 00000000000000da
0x0000000056c9c050:   000000005ad5d368 000000005f4c598d
0x0000000056c9c060:   000000005ba23f50 000000000000001c
0x0000000056c9c070:   00000000000000da 0000000056c9c2e0
0x0000000056c9c080:   000000005b28ca30 00000000000000da
0x0000000056c9c090:   000000005ba20950 0000000000000020
0x0000000056c9c0a0:   000000005727a918 0000000056c9e650
0x0000000056c9c0b0:   000000005727af48 000000005ba23f50 

Instructions: (pc=0x000000005f4c4db2)
0x000000005f4c4d92:   c6 48 63 f0 48 03 f1 eb 04 48 83 ce ff 48 8b 84
0x000000005f4c4da2:   24 a0 00 00 00 48 8b 40 08 48 8b 3c 03 48 8b cf
0x000000005f4c4db2:   48 8b 07 ff 50 28 4c 8d 05 41 b2 bd ff 48 63 50
0x000000005f4c4dc2:   10 4c 8b d8 48 8b ca 48 c1 e1 05 42 80 bc 01 c0 


Register to memory mapping:

RAX=0x000000005ba23878 is an unknown value
RBX=0x0000000000000600 is an unknown value
RCX=0x0000000000000000 is an unknown value
RDX=0x000000005b28ca30 is an unknown value
RSP=0x0000000056c9bfc0 is pointing into the stack for thread: 0x00000000562c5000
RBP=0x00000000000000c0 is an unknown value
RSI=0x00000000000000b8 is an unknown value
RDI=0x0000000000000000 is an unknown value
R8 =0x000000005f0a0000 is an unknown value
R9 =0x0000000056c9c2e0 is pointing into the stack for thread: 0x00000000562c5000
R10=0x00000000ffffffff is an unknown value
R11=0x00000000562f98e0 is an unknown value
R12=0x000000005ba23f80 is an unknown value
R13=0x000000005ad5d368 is an unknown value
R14=0x0000000000000008 is an unknown value
R15=0x000000005ad5d368 is an unknown value


Stack: [0x0000000056ba0000,0x0000000056ca0000],  sp=0x0000000056c9bfc0,  free space=1007k
Native frames: (J=compiled Java code, j=interpreted, Vv=VM code, C=native code)
V  [jvm.dll+0x424db2]
V  [jvm.dll+0x42598d]
V  [jvm.dll+0x425ecf]
V  [jvm.dll+0x4c5a84]
V  [jvm.dll+0x4415bc]
V  [jvm.dll+0x443a29]
V  [jvm.dll+0x427722]
V  [jvm.dll+0x96982]
V  [jvm.dll+0x97173]
V  [jvm.dll+0x2234b4]
V  [jvm.dll+0x27bcca]
C  [msvcr100.dll+0x21d9f]
C  [msvcr100.dll+0x21e3b]
C  [kernel32.dll+0x159ed]
C  [ntdll.dll+0x2c541]


Current CompileTask:
C2:  88009 8247       4       groovy.lang.MetaClassImpl::findPropertyMethod (356 bytes)


---------------  P R O C E S S  ---------------

Java Threads: ( => current thread )
  0x000000005a2df000 JavaThread "net.sf.ehcache.CacheManager@33ed057a" daemon [_thread_blocked, id=9524, stack(0x0000000061290000,0x0000000061390000)]
  0x000000005a2de000 JavaThread "com.oumuo.SecurityGroup.data" daemon [_thread_blocked, id=10752, stack(0x0000000060b00000,0x0000000060c00000)]
  0x000000005a2dc800 JavaThread "com.oumuo.Authority.data" daemon [_thread_blocked, id=9688, stack(0x00000000603e0000,0x00000000604e0000)]
  0x000000005a2dc000 JavaThread "net.sf.ehcache.CacheManager@73e87710" daemon [_thread_blocked, id=7972, stack(0x000000005fb20000,0x000000005fc20000)]
  0x000000005a2db000 JavaThread "PoolCleaner[192694377:1431208702818]" daemon [_thread_blocked, id=8500, stack(0x000000005fc50000,0x000000005fd50000)]
  0x00000000570f2800 JavaThread "FileSystemWatcher: files=#343 cl=groovy.lang.GroovyClassLoader@b7c4869" daemon [_thread_blocked, id=8772, stack(0x000000005bf30000,0x000000005c030000)]
  0x000000005a042800 JavaThread "localhost-startStop-1" daemon [_thread_in_native, id=8604, stack(0x0000000057cd0000,0x0000000057dd0000)]
  0x0000000056402000 JavaThread "Tomcat-startStop-1" daemon [_thread_blocked, id=7384, stack(0x000000005aa70000,0x000000005ab70000)]
  0x00000000587c8000 JavaThread "Thread-3" [_thread_in_native, id=10160, stack(0x000000005bbd0000,0x000000005bcd0000)]
  0x0000000058671000 JavaThread "Thread-2" [_thread_blocked, id=7020, stack(0x0000000059300000,0x0000000059400000)]
  0x0000000057427800 JavaThread "NonBlockingInputStreamThread" daemon [_thread_blocked, id=908, stack(0x0000000057df0000,0x0000000057ef0000)]
  0x00000000563c1800 JavaThread "Service Thread" daemon [_thread_blocked, id=9552, stack(0x0000000056de0000,0x0000000056ee0000)]
  0x00000000562c7000 JavaThread "C1 CompilerThread2" daemon [_thread_blocked, id=9856, stack(0x0000000056ce0000,0x0000000056de0000)]
=>0x00000000562c5000 JavaThread "C2 CompilerThread1" daemon [_thread_in_native, id=7856, stack(0x0000000056ba0000,0x0000000056ca0000)]
  0x00000000562cd000 JavaThread "C2 CompilerThread0" daemon [_thread_in_native, id=11156, stack(0x0000000056aa0000,0x0000000056ba0000)]
  0x00000000561d9000 JavaThread "Attach Listener" daemon [_thread_blocked, id=11016, stack(0x00000000568e0000,0x00000000569e0000)]
  0x0000000054e9a800 JavaThread "Signal Dispatcher" daemon [_thread_blocked, id=8396, stack(0x0000000056700000,0x0000000056800000)]
  0x0000000054e3c800 JavaThread "Finalizer" daemon [_thread_blocked, id=488, stack(0x0000000055fd0000,0x00000000560d0000)]
  0x0000000054e2f800 JavaThread "Reference Handler" daemon [_thread_blocked, id=2980, stack(0x00000000560d0000,0x00000000561d0000)]
  0x0000000002a5a000 JavaThread "main" [_thread_blocked, id=8472, stack(0x0000000002d50000,0x0000000002e50000)]

Other Threads:
  0x0000000054e28000 VMThread [stack: 0x0000000055e50000,0x0000000055f50000] [id=11056]
  0x00000000563c6000 WatcherThread [stack: 0x0000000056fa0000,0x00000000570a0000] [id=1760]

VM state:not at safepoint (normal execution)

VM Mutex/Monitor currently owned by a thread: None

Heap:
 PSYoungGen      total 208384K, used 159616K [0x00000000f0000000, 0x0000000100000000, 0x0000000100000000)
  eden space 169984K, 73% used [0x00000000f0000000,0x00000000f7974cb8,0x00000000fa600000)
  from space 38400K, 91% used [0x00000000fda80000,0x00000000ffceb550,0x0000000100000000)
  to   space 46080K, 0% used [0x00000000fa600000,0x00000000fa600000,0x00000000fd300000)
 ParOldGen       total 149504K, used 135020K [0x00000000d0000000, 0x00000000d9200000, 0x00000000f0000000)
  object space 149504K, 90% used [0x00000000d0000000,0x00000000d83db030,0x00000000d9200000)
 Metaspace       used 78048K, capacity 80478K, committed 80640K, reserved 1122304K
  class space    used 7592K, capacity 8155K, committed 8192K, reserved 1048576K

Card table byte_map: [0x0000000012210000,0x00000000123a0000] byte_map_base: 0x0000000011b90000

Marking Bits: (ParMarkBitMap*) 0x000000005f8512b0
 Begin Bits: [0x0000000012ca0000, 0x00000000138a0000)
 End Bits:   [0x00000000138a0000, 0x00000000144a0000)

Polling page: 0x00000000002a0000

CodeCache: size=245760Kb used=28206Kb max_used=28223Kb free=217553Kb
 bounds [0x0000000002e50000, 0x0000000004a10000, 0x0000000011e50000]
 total_blobs=7617 nmethods=6853 adapters=675
 compilation: enabled

Compilation events (10 events):
Event: 87.750 Thread 0x00000000562c7000 8254       3       groovyjarjarasm.asm.FieldVisitor::<init> (35 bytes)
Event: 87.751 Thread 0x00000000562c7000 nmethod 8254 0x0000000003bb8910 code [0x0000000003bb8a80, 0x0000000003bb8d48]
Event: 87.777 Thread 0x00000000562c7000 8257       3       org.codehaus.groovy.grails.commons.metaclass.BaseApiProvider::isConstructorCallMethod (50 bytes)
Event: 87.778 Thread 0x00000000562c7000 nmethod 8257 0x00000000030d6210 code [0x00000000030d63c0, 0x00000000030d6c98]
Event: 87.779 Thread 0x00000000562c7000 8258       3       org.codehaus.groovy.grails.commons.metaclass.BaseApiProvider$1::getName (24 bytes)
Event: 87.780 Thread 0x00000000562c7000 nmethod 8258 0x0000000004049310 code [0x00000000040494a0, 0x0000000004049848]
Event: 87.785 Thread 0x00000000562c7000 8259       3       org.codehaus.groovy.grails.commons.GrailsArrayUtils::subarray (124 bytes)
Event: 87.787 Thread 0x00000000562c7000 nmethod 8259 0x000000000404a310 code [0x000000000404a4e0, 0x000000000404ab68]
Event: 87.790 Thread 0x00000000562c7000 8260       3       org.codehaus.groovy.runtime.metaclass.MetaMethodIndex::addMethodToList (290 bytes)
Event: 87.792 Thread 0x00000000562c7000 nmethod 8260 0x00000000041baa90 code [0x00000000041bae20, 0x00000000041bce28]

GC Heap History (10 events):
Event: 83.958 GC heap before
{Heap before GC invocations=66 (full 10):
 PSYoungGen      total 239104K, used 230258K [0x00000000f0000000, 0x0000000100000000, 0x0000000100000000)
  eden space 216576K, 95% used [0x00000000f0000000,0x00000000fcade188,0x00000000fd380000)
  from space 22528K, 99% used [0x00000000fd380000,0x00000000fe97e8d8,0x00000000fe980000)
  to   space 23040K, 0% used [0x00000000fe980000,0x00000000fe980000,0x0000000100000000)
 ParOldGen       total 149504K, used 130414K [0x00000000d0000000, 0x00000000d9200000, 0x00000000f0000000)
  object space 149504K, 87% used [0x00000000d0000000,0x00000000d7f5bb38,0x00000000d9200000)
 Metaspace       used 74296K, capacity 76344K, committed 76800K, reserved 1118208K
  class space    used 7223K, capacity 7818K, committed 7936K, reserved 1048576K
Event: 84.025 GC heap after
Heap after GC invocations=66 (full 10):
 PSYoungGen      total 223744K, used 23012K [0x00000000f0000000, 0x0000000100000000, 0x0000000100000000)
  eden space 200704K, 0% used [0x00000000f0000000,0x00000000f0000000,0x00000000fc400000)
  from space 23040K, 99% used [0x00000000fe980000,0x00000000ffff91e0,0x0000000100000000)
  to   space 30720K, 0% used [0x00000000fc400000,0x00000000fc400000,0x00000000fe200000)
 ParOldGen       total 149504K, used 133920K [0x00000000d0000000, 0x00000000d9200000, 0x00000000f0000000)
  object space 149504K, 89% used [0x00000000d0000000,0x00000000d82c8178,0x00000000d9200000)
 Metaspace       used 74296K, capacity 76344K, committed 76800K, reserved 1118208K
  class space    used 7223K, capacity 7818K, committed 7936K, reserved 1048576K
}
Event: 84.630 GC heap before
{Heap before GC invocations=67 (full 10):
 PSYoungGen      total 223744K, used 223716K [0x00000000f0000000, 0x0000000100000000, 0x0000000100000000)
  eden space 200704K, 100% used [0x00000000f0000000,0x00000000fc400000,0x00000000fc400000)
  from space 23040K, 99% used [0x00000000fe980000,0x00000000ffff91e0,0x0000000100000000)
  to   space 30720K, 0% used [0x00000000fc400000,0x00000000fc400000,0x00000000fe200000)
 ParOldGen       total 149504K, used 133920K [0x00000000d0000000, 0x00000000d9200000, 0x00000000f0000000)
  object space 149504K, 89% used [0x00000000d0000000,0x00000000d82c8178,0x00000000d9200000)
 Metaspace       used 74985K, capacity 77140K, committed 77312K, reserved 1118208K
  class space    used 7261K, capacity 7858K, committed 7936K, reserved 1048576K
Event: 84.694 GC heap after
Heap after GC invocations=67 (full 10):
 PSYoungGen      total 224256K, used 23503K [0x00000000f0000000, 0x0000000100000000, 0x0000000100000000)
  eden space 200704K, 0% used [0x00000000f0000000,0x00000000f0000000,0x00000000fc400000)
  from space 23552K, 99% used [0x00000000fc400000,0x00000000fdaf3e58,0x00000000fdb00000)
  to   space 33280K, 0% used [0x00000000fdf80000,0x00000000fdf80000,0x0000000100000000)
 ParOldGen       total 149504K, used 135004K [0x00000000d0000000, 0x00000000d9200000, 0x00000000f0000000)
  object space 149504K, 90% used [0x00000000d0000000,0x00000000d83d7030,0x00000000d9200000)
 Metaspace       used 74985K, capacity 77140K, committed 77312K, reserved 1118208K
  class space    used 7261K, capacity 7858K, committed 7936K, reserved 1048576K
}
Event: 85.833 GC heap before
{Heap before GC invocations=68 (full 10):
 PSYoungGen      total 224256K, used 219695K [0x00000000f0000000, 0x0000000100000000, 0x0000000100000000)
  eden space 200704K, 97% used [0x00000000f0000000,0x00000000fbf97f68,0x00000000fc400000)
  from space 23552K, 99% used [0x00000000fc400000,0x00000000fdaf3e58,0x00000000fdb00000)
  to   space 33280K, 0% used [0x00000000fdf80000,0x00000000fdf80000,0x0000000100000000)
 ParOldGen       total 149504K, used 135004K [0x00000000d0000000, 0x00000000d9200000, 0x00000000f0000000)
  object space 149504K, 90% used [0x00000000d0000000,0x00000000d83d7030,0x00000000d9200000)
 Metaspace       used 75439K, capacity 77592K, committed 77824K, reserved 1120256K
  class space    used 7300K, capacity 7873K, committed 7936K, reserved 1048576K
Event: 85.899 GC heap after
Heap after GC invocations=68 (full 10):
 PSYoungGen      total 222720K, used 27744K [0x00000000f0000000, 0x0000000100000000, 0x0000000100000000)
  eden space 189440K, 0% used [0x00000000f0000000,0x00000000f0000000,0x00000000fb900000)
  from space 33280K, 83% used [0x00000000fdf80000,0x00000000ffa98290,0x0000000100000000)
  to   space 36352K, 0% used [0x00000000fb900000,0x00000000fb900000,0x00000000fdc80000)
 ParOldGen       total 149504K, used 135004K [0x00000000d0000000, 0x00000000d9200000, 0x00000000f0000000)
  object space 149504K, 90% used [0x00000000d0000000,0x00000000d83d7030,0x00000000d9200000)
 Metaspace       used 75439K, capacity 77592K, committed 77824K, reserved 1120256K
  class space    used 7300K, capacity 7873K, committed 7936K, reserved 1048576K
}
Event: 86.823 GC heap before
{Heap before GC invocations=69 (full 10):
 PSYoungGen      total 222720K, used 215852K [0x00000000f0000000, 0x0000000100000000, 0x0000000100000000)
  eden space 189440K, 99% used [0x00000000f0000000,0x00000000fb7b2f08,0x00000000fb900000)
  from space 33280K, 83% used [0x00000000fdf80000,0x00000000ffa98290,0x0000000100000000)
  to   space 36352K, 0% used [0x00000000fb900000,0x00000000fb900000,0x00000000fdc80000)
 ParOldGen       total 149504K, used 135004K [0x00000000d0000000, 0x00000000d9200000, 0x00000000f0000000)
  object space 149504K, 90% used [0x00000000d0000000,0x00000000d83d7030,0x00000000d9200000)
 Metaspace       used 77054K, capacity 79328K, committed 79616K, reserved 1120256K
  class space    used 7506K, capacity 8075K, committed 8192K, reserved 1048576K
Event: 86.883 GC heap after
Heap after GC invocations=69 (full 10):
 PSYoungGen      total 223744K, used 33888K [0x00000000f0000000, 0x0000000100000000, 0x0000000100000000)
  eden space 189440K, 0% used [0x00000000f0000000,0x00000000f0000000,0x00000000fb900000)
  from space 34304K, 98% used [0x00000000fb900000,0x00000000fda18040,0x00000000fda80000)
  to   space 38400K, 0% used [0x00000000fda80000,0x00000000fda80000,0x0000000100000000)
 ParOldGen       total 149504K, used 135012K [0x00000000d0000000, 0x00000000d9200000, 0x00000000f0000000)
  object space 149504K, 90% used [0x00000000d0000000,0x00000000d83d9030,0x00000000d9200000)
 Metaspace       used 77054K, capacity 79328K, committed 79616K, reserved 1120256K
  class space    used 7506K, capacity 8075K, committed 8192K, reserved 1048576K
}
Event: 87.285 GC heap before
{Heap before GC invocations=70 (full 10):
 PSYoungGen      total 223744K, used 215215K [0x00000000f0000000, 0x0000000100000000, 0x0000000100000000)
  eden space 189440K, 95% used [0x00000000f0000000,0x00000000fb113e60,0x00000000fb900000)
  from space 34304K, 98% used [0x00000000fb900000,0x00000000fda18040,0x00000000fda80000)
  to   space 38400K, 0% used [0x00000000fda80000,0x00000000fda80000,0x0000000100000000)
 ParOldGen       total 149504K, used 135012K [0x00000000d0000000, 0x00000000d9200000, 0x00000000f0000000)
  object space 149504K, 90% used [0x00000000d0000000,0x00000000d83d9030,0x00000000d9200000)
 Metaspace       used 77607K, capacity 80006K, committed 80128K, reserved 1122304K
  class space    used 7524K, capacity 8090K, committed 8192K, reserved 1048576K
Event: 87.322 GC heap after
Heap after GC invocations=70 (full 10):
 PSYoungGen      total 208384K, used 35245K [0x00000000f0000000, 0x0000000100000000, 0x0000000100000000)
  eden space 169984K, 0% used [0x00000000f0000000,0x00000000f0000000,0x00000000fa600000)
  from space 38400K, 91% used [0x00000000fda80000,0x00000000ffceb550,0x0000000100000000)
  to   space 46080K, 0% used [0x00000000fa600000,0x00000000fa600000,0x00000000fd300000)
 ParOldGen       total 149504K, used 135020K [0x00000000d0000000, 0x00000000d9200000, 0x00000000f0000000)
  object space 149504K, 90% used [0x00000000d0000000,0x00000000d83db030,0x00000000d9200000)
 Metaspace       used 77607K, capacity 80006K, committed 80128K, reserved 1122304K
  class space    used 7524K, capacity 8090K, committed 8192K, reserved 1048576K
}

Deoptimization events (10 events):
Event: 82.715 Thread 0x000000005a042800 Uncommon trap: reason=null_check action=make_not_entrant pc=0x00000000047aafd0 method=java.util.concurrent.ConcurrentHashMap$TreeBin.<init>(Ljava/util/concurrent/ConcurrentHashMap$TreeNode;)V @ 26
Event: 82.721 Thread 0x000000005a042800 Uncommon trap: reason=null_check action=make_not_entrant pc=0x0000000004798fa4 method=java.util.concurrent.ConcurrentHashMap$TreeBin.<init>(Ljava/util/concurrent/ConcurrentHashMap$TreeNode;)V @ 26
Event: 82.914 Thread 0x000000005a042800 Uncommon trap: reason=bimorphic action=maybe_recompile pc=0x0000000004776da4 method=sl.org.objectweb.asm.MethodVisitor.visitTryCatchBlock(Lsl/org/objectweb/asm/Label;Lsl/org/objectweb/asm/Label;Lsl/org/objectweb/asm/Label;Ljava/lang/String;)V @ 16
Event: 83.162 Thread 0x000000005a042800 Uncommon trap: reason=unreached action=reinterpret pc=0x00000000047c1df0 method=org.springframework.util.ObjectUtils.nullSafeEquals(Ljava/lang/Object;Ljava/lang/Object;)Z @ 8
Event: 83.291 Thread 0x000000005a042800 Uncommon trap: reason=bimorphic action=maybe_recompile pc=0x0000000004776da4 method=sl.org.objectweb.asm.MethodVisitor.visitTryCatchBlock(Lsl/org/objectweb/asm/Label;Lsl/org/objectweb/asm/Label;Lsl/org/objectweb/asm/Label;Ljava/lang/String;)V @ 16
Event: 84.042 Thread 0x000000005a042800 Uncommon trap: reason=bimorphic action=maybe_recompile pc=0x0000000004776da4 method=sl.org.objectweb.asm.MethodVisitor.visitTryCatchBlock(Lsl/org/objectweb/asm/Label;Lsl/org/objectweb/asm/Label;Lsl/org/objectweb/asm/Label;Ljava/lang/String;)V @ 16
Event: 84.084 Thread 0x000000005a042800 Uncommon trap: reason=bimorphic action=maybe_recompile pc=0x0000000004776da4 method=sl.org.objectweb.asm.MethodVisitor.visitTryCatchBlock(Lsl/org/objectweb/asm/Label;Lsl/org/objectweb/asm/Label;Lsl/org/objectweb/asm/Label;Ljava/lang/String;)V @ 16
Event: 84.152 Thread 0x000000005a042800 Uncommon trap: reason=null_check action=make_not_entrant pc=0x000000000357aaa8 method=org.springframework.util.ClassUtils.isAssignable(Ljava/lang/Class;Ljava/lang/Class;)Z @ 70
Event: 85.189 Thread 0x000000005a042800 Uncommon trap: reason=unloaded action=reinterpret pc=0x0000000003191920 method=org.springframework.core.BridgeMethodResolver.findBridgedMethod(Ljava/lang/reflect/Method;)Ljava/lang/reflect/Method; @ 13
Event: 87.771 Thread 0x000000005a042800 Uncommon trap: reason=unreached action=reinterpret pc=0x00000000030d4b78 method=org.codehaus.groovy.runtime.metaclass.MetaMethodIndex.isNonRealMethod(Lgroovy/lang/MetaMethod;)Z @ 46

Internal exceptions (10 events):
Event: 87.768 Thread 0x000000005a042800 Exception <a 'java/security/PrivilegedActionException'> (0x00000000f654e538) thrown at [C:\re\workspace\8-2-build-windows-amd64-cygwin\jdk8u11\648\hotspot\src\share\vm\prims\jvm.cpp, line 1248]
Event: 87.768 Thread 0x000000005a042800 Exception <a 'java/security/PrivilegedActionException'> (0x00000000f6560cd0) thrown at [C:\re\workspace\8-2-build-windows-amd64-cygwin\jdk8u11\648\hotspot\src\share\vm\prims\jvm.cpp, line 1248]
Event: 87.768 Thread 0x000000005a042800 Exception <a 'java/security/PrivilegedActionException'> (0x00000000f6578b90) thrown at [C:\re\workspace\8-2-build-windows-amd64-cygwin\jdk8u11\648\hotspot\src\share\vm\prims\jvm.cpp, line 1248]
Event: 87.769 Thread 0x000000005a042800 Exception <a 'java/security/PrivilegedActionException'> (0x00000000f657d520) thrown at [C:\re\workspace\8-2-build-windows-amd64-cygwin\jdk8u11\648\hotspot\src\share\vm\prims\jvm.cpp, line 1248]
Event: 87.769 Thread 0x000000005a042800 Exception <a 'java/security/PrivilegedActionException'> (0x00000000f658fcb8) thrown at [C:\re\workspace\8-2-build-windows-amd64-cygwin\jdk8u11\648\hotspot\src\share\vm\prims\jvm.cpp, line 1248]
Event: 87.770 Thread 0x000000005a042800 Exception <a 'java/security/PrivilegedActionException'> (0x00000000f65b9698) thrown at [C:\re\workspace\8-2-build-windows-amd64-cygwin\jdk8u11\648\hotspot\src\share\vm\prims\jvm.cpp, line 1248]
Event: 87.770 Thread 0x000000005a042800 Exception <a 'java/lang/ClassNotFoundException': org/codehaus/groovy/grails/commons/metaclass/MetaClassEnhancer$1Customizer> (0x00000000f65ba130) thrown at [C:\re\workspace\8-2-build-windows-amd64-cygwin\jdk8u11\648\hotspot\src\share\vm\classfile\systemDic¯Ñ/fˆòU@
Event: 87.790 Thread 0x000000005a042800 Exception <a 'java/security/PrivilegedActionException'> (0x00000000f6604018) thrown at [C:\re\workspace\8-2-build-windows-amd64-cygwin\jdk8u11\648\hotspot\src\share\vm\prims\jvm.cpp, line 1248]
Event: 87.790 Thread 0x000000005a042800 Exception <a 'java/security/PrivilegedActionException'> (0x00000000f6608aa8) thrown at [C:\re\workspace\8-2-build-windows-amd64-cygwin\jdk8u11\648\hotspot\src\share\vm\prims\jvm.cpp, line 1248]
Event: 87.801 Thread 0x000000005a042800 Exception <a 'java/security/PrivilegedActionException'> (0x00000000f662dae8) thrown at [C:\re\workspace\8-2-build-windows-amd64-cygwin\jdk8u11\648\hotspot\src\share\vm\prims\jvm.cpp, line 1248]

Events (10 events):
Event: 87.778 Thread 0x00000000562c7000 flushing nmethod 0x000000000404ccd0
Event: 87.778 Thread 0x00000000562c7000 flushing nmethod 0x000000000404d110
Event: 87.778 Thread 0x00000000562c7000 flushing nmethod 0x00000000040502d0
Event: 87.781 Thread 0x00000000562c7000 flushing nmethod 0x00000000041b0450
Event: 87.789 loading class groovy/runtime/metaclass/org/codehaus/groovy/runtime/MethodClosureMetaClass
Event: 87.789 loading class groovy/runtime/metaclass/org/codehaus/groovy/runtime/MethodClosureMetaClass done
Event: 87.801 loading class org/codehaus/groovy/runtime/metaclass/ClosureMetaMethod$MethodClosureMetaMethod
Event: 87.801 loading class org/codehaus/groovy/runtime/metaclass/ClosureMetaMethod$MethodClosureMetaMethod done
Event: 87.802 Executing VM operation: Deoptimize
Event: 87.803 Executing VM operation: Deoptimize done


Dynamic libraries:
0x000000013f710000 - 0x000000013f744000 	C:\Program Files\Java\jdk1.8.0_11\bin\java.exe
0x0000000077430000 - 0x00000000775d9000 	C:\Windows\SYSTEM32\ntdll.dll
0x00000000771b0000 - 0x00000000772cf000 	C:\Windows\system32\kernel32.dll
0x000007fefd9a0000 - 0x000007fefda0c000 	C:\Windows\system32\KERNELBASE.dll
0x000007fefe5e0000 - 0x000007fefe6bb000 	C:\Windows\system32\ADVAPI32.dll
0x000007fefe030000 - 0x000007fefe0cf000 	C:\Windows\system32\msvcrt.dll
0x000007fefe3a0000 - 0x000007fefe3bf000 	C:\Windows\SYSTEM32\sechost.dll
0x000007fefdea0000 - 0x000007fefdfcd000 	C:\Windows\system32\RPCRT4.dll
0x0000000076e90000 - 0x0000000076f8a000 	C:\Windows\system32\USER32.dll
0x000007fefe2b0000 - 0x000007fefe317000 	C:\Windows\system32\GDI32.dll
0x000007fefe460000 - 0x000007fefe46e000 	C:\Windows\system32\LPK.dll
0x000007fefe510000 - 0x000007fefe5d9000 	C:\Windows\system32\USP10.dll
0x000007fefbe90000 - 0x000007fefc084000 	C:\Windows\WinSxS\amd64_microsoft.windows.common-controls_6595b64144ccf1df_6.0.7601.17514_none_fa396087175ac9ac\COMCTL32.dll
0x000007fefe490000 - 0x000007fefe501000 	C:\Windows\system32\SHLWAPI.dll
0x000007fefdc60000 - 0x000007fefdc8e000 	C:\Windows\system32\IMM32.DLL
0x000007feff4a0000 - 0x000007feff5a9000 	C:\Windows\system32\MSCTF.dll
0x0000000180000000 - 0x000000018001c000 	C:\Windows\system32\btpload64.dll
0x0000000077600000 - 0x0000000077607000 	C:\Windows\system32\PSAPI.DLL
0x0000000000250000 - 0x000000000027c000 	C:\Windows\system32\privman64.dll
0x000007fefd7e0000 - 0x000007fefd7ec000 	C:\Windows\system32\VERSION.dll
0x000007fefe6c0000 - 0x000007feff449000 	C:\Windows\system32\SHELL32.dll
0x000007fefd7c0000 - 0x000007fefd7de000 	C:\Windows\system32\USERENV.dll
0x000007fefd890000 - 0x000007fefd89f000 	C:\Windows\system32\profapi.dll
0x000000006eba0000 - 0x000000006ec72000 	C:\Program Files\Java\jdk1.8.0_11\jre\bin\msvcr100.dll
0x000000005f0a0000 - 0x000000005f8ca000 	C:\Program Files\Java\jdk1.8.0_11\jre\bin\server\jvm.dll
0x000007fefcd70000 - 0x000007fefcd79000 	C:\Windows\system32\WSOCK32.dll
0x000007feff450000 - 0x000007feff49d000 	C:\Windows\system32\WS2_32.dll
0x000007feff650000 - 0x000007feff658000 	C:\Windows\system32\NSI.dll
0x000007fefaf70000 - 0x000007fefafab000 	C:\Windows\system32\WINMM.dll
0x000000006ff50000 - 0x000000006ff5f000 	C:\Program Files\Java\jdk1.8.0_11\jre\bin\verify.dll
0x000000006f690000 - 0x000000006f6b8000 	C:\Program Files\Java\jdk1.8.0_11\jre\bin\java.dll
0x000000006d120000 - 0x000000006d143000 	C:\Program Files\Java\jdk1.8.0_11\jre\bin\instrument.dll
0x000000006f670000 - 0x000000006f686000 	C:\Program Files\Java\jdk1.8.0_11\jre\bin\zip.dll
0x000007fefdc90000 - 0x000007fefde93000 	C:\Windows\system32\ole32.dll
0x000007fefd130000 - 0x000007fefd147000 	C:\Windows\system32\CRYPTSP.dll
0x000007fefce30000 - 0x000007fefce77000 	C:\Windows\system32\rsaenh.dll
0x000007fefd790000 - 0x000007fefd79f000 	C:\Windows\system32\CRYPTBASE.dll
0x000000006f580000 - 0x000000006f59a000 	C:\Program Files\Java\jdk1.8.0_11\jre\bin\net.dll
0x000007fefd0d0000 - 0x000007fefd125000 	C:\Windows\system32\mswsock.dll
0x000007fefd0c0000 - 0x000007fefd0c7000 	C:\Windows\System32\wship6.dll
0x000007fefc830000 - 0x000007fefc857000 	C:\Windows\system32\IPHLPAPI.DLL
0x000007fefc820000 - 0x000007fefc82b000 	C:\Windows\system32\WINNSI.DLL
0x000007fefaed0000 - 0x000007fefaee8000 	C:\Windows\system32\dhcpcsvc.DLL
0x000007fefaeb0000 - 0x000007fefaec1000 	C:\Windows\system32\dhcpcsvc6.DLL
0x000000006f4a0000 - 0x000000006f4b1000 	C:\Program Files\Java\jdk1.8.0_11\jre\bin\nio.dll
0x000007fefc330000 - 0x000007fefc33a000 	C:\Users\rgopal\AppData\Local\Temp\jansi-64-6946661110508205182.dll
0x000000006ff40000 - 0x000000006ff4d000 	C:\Program Files\Java\jdk1.8.0_11\jre\bin\management.dll
0x000007fefc930000 - 0x000007fefc937000 	C:\Windows\System32\wshtcpip.dll
0x000007fefcf50000 - 0x000007fefcfab000 	C:\Windows\system32\DNSAPI.dll
0x0000000074b00000 - 0x0000000074b26000 	C:\Program Files\Bonjour\mdnsNSP.dll
0x000007fefae40000 - 0x000007fefae48000 	C:\Windows\system32\rasadhlp.dll
0x000007fefae50000 - 0x000007fefaea3000 	C:\Windows\System32\fwpuclnt.dll
0x000007fefaf50000 - 0x000007fefaf65000 	C:\Windows\system32\NLAapi.dll
0x000007fefaf30000 - 0x000007fefaf45000 	C:\Windows\system32\napinsp.dll
0x000007fefaf10000 - 0x000007fefaf29000 	C:\Windows\system32\pnrpnsp.dll
0x000007fefaf00000 - 0x000007fefaf0b000 	C:\Windows\System32\winrnr.dll
0x000007fefaef0000 - 0x000007fefaf00000 	C:\Windows\system32\wshbth.dll
0x000007fef4790000 - 0x000007fef48b5000 	C:\Windows\system32\dbghelp.dll

VM Arguments:
jvm_args: -Dfile.encoding=UTF-8 -Xmx768M -Xms64M -Dgrails.fork.parent.process.port=54046 -Dgrails.fork.active=true -Dgrails.build.execution.context=C:\Users\rgopal\AppData\Local\Temp\central3063307928813090019grails-execution-context -Dgrails.home=C:\Users\rgopal\Documents\grails-2.4.4\grails-2.4.4 -javaagent:C:\Users\rgopal\Documents\grails-2.4.4\grails-2.4.4\lib\org.springframework\springloaded\jars\springloaded-1.2.1.RELEASE.jar -Xverify:none -Dspringloaded.synchronize=true -Djdk.reflect.allowGetCallerClass=true -Dspringloaded=profile=grails;cacheDir=C:\Users\rgopal/.grails/2.4.4/ 
java_command: org.grails.plugins.tomcat.fork.ForkedTomcatServer
java_class_path (initial): C:\Program Files\Java\jdk1.8.0_11\lib\tools.jar;C:\Users\rgopal\Documents\grails-2.4.4\grails-2.4.4\lib\org.codehaus.groovy\groovy-all\jars\groovy-all-2.3.7.jar;C:\Users\rgopal\Documents\grails-2.4.4\grails-2.4.4\lib\org.slf4j\jcl-over-slf4j\jars\jcl-over-slf4j-1.7.5.jar;C:\Users\rgopal\Documents\grails-2.4.4\grails-2.4.4\lib\org.codehaus.gant\gant_groovy1.8\jars\gant_groovy1.8-1.9.6.jar;C:\Users\rgopal\Documents\grails-2.4.4\grails-2.4.4\lib\org.apache.tomcat.embed\tomcat-embed-logging-log4j\jars\tomcat-embed-logging-log4j-7.0.50.jar;C:\Users\rgopal\Documents\grails-2.4.4\grails-2.4.4\dist\grails-plugin-log4j-2.4.4.jar;C:\Users\rgopal\Documents\grails-2.4.4\grails-2.4.4\lib\log4j\log4j\jars\log4j-1.2.17.jar;C:\Users\rgopal\Documents\grails-2.4.4\grails-2.4.4\dist\grails-bootstrap-2.4.4.jar;C:\Users\rgopal\Documents\grails-2.4.4\grails-2.4.4\lib\org.slf4j\slf4j-api\jars\slf4j-api-1.7.5.jar;C:\Users\rgopal\Documents\grails-2.4.4\grails-2.4.4\lib\jline\jline\jars\jline-2.12.jar;C:\Users\rgopal\Documents\grails-2.4.4\grails-2.4.4\lib\org.apache.ant\ant\jars\ant-1.8.4.jar;C:\Users\rgopal\Documents\grails-2.4.4\grails-2.4.4\lib\org.apache.ant\ant-launcher\jars\ant-launcher-1.8.4.jar;C:\Users\rgopal\Documents\grails-2.4.4\grails-2.4.4\lib\org.apache.ant\ant-trax\jars\ant-trax-1.7.1.jar;C:\Users\rgopal\Documents\grails-2.4.4\grails-2.4.4\lib\org.apache.ant\ant-junit\jars\ant-junit-1.8.4.jar;C:\Users\rgopal\Documents\grails-2.4.4\grails-2.4.4\lib\org.apache.ivy\ivy\jars\ivy-2.3.0.jar;C:\Users\rgopal\Documents\grails-2.4.4\grails-2.4.4\lib\org.fusesource.jansi\jansi\jars\jansi-1.11.jar;C:\Users\rgopal\.m2\repository\org\apache\tomcat\tomcat-catalina-ant\7.0.55\tomcat-catalina-ant-7.0.55.jar;C:\Users\rgopal\.m2\repository\org\apache\tomcat\embed\tomcat-embed-jasper\7.0.55\tomcat-embed-jasper-7.0.55.jar;C:\Users\rgopal\.m2\repository\org\apache\tomcat\embed\tomcat-embed-el\7.0.55\tomcat-embed-el-7.0.55.jar;C:\Users\rgopal\.m2\repository\org\apache\
Launcher Type: SUN_STANDARD

Environment Variables:
JAVA_HOME=C:\Program Files\Java\jdk1.8.0_11
PATH=C:\Windows\system32;C:\Windows;C:\Windows\System32\Wbem;C:\Windows\System32\WindowsPowerShell\v1.0\;C:\users\rgopal\My Documents\springsource\grails-2.3.5\bin\;c:\Program Files\Java\jdk1.7.0_51\bin\;C:\Program Files (x86)\MiKTeX 2.9\miktex\bin\
USERNAME=rgopal
OS=Windows_NT
PROCESSOR_IDENTIFIER=Intel64 Family 6 Model 37 Stepping 5, GenuineIntel



---------------  S Y S T E M  ---------------

OS: Windows 7 , 64 bit Build 7601 Service Pack 1

CPU:total 4 (2 cores per cpu, 2 threads per core) family 6 model 37 stepping 5, cmov, cx8, fxsr, mmx, sse, sse2, sse3, ssse3, sse4.1, sse4.2, popcnt, aes, clmul, ht, tsc, tscinvbit

Memory: 4k page, physical 8181608k(1332044k free), swap 16361352k(4376260k free)

vm_info: Java HotSpot(TM) 64-Bit Server VM (25.11-b03) for windows-amd64 JRE (1.8.0_11-b12), built on Jun 16 2014 20:57:32 by "java_re" with MS VC++ 10.0 (VS2010)

time: Sat May 09 17:58:46 2015
elapsed time: 88 seconds

