#
# A fatal error has been detected by the Java Runtime Environment:
#
#  EXCEPTION_ACCESS_VIOLATION (0xc0000005) at pc=0x0000000063dd4db2, pid=8280, tid=10824
#
# JRE version: Java(TM) SE Runtime Environment (8.0_11-b12) (build 1.8.0_11-b12)
# Java VM: Java HotSpot(TM) 64-Bit Server VM (25.11-b03 mixed mode windows-amd64 compressed oops)
# Problematic frame:
# V  [jvm.dll+0x424db2]
#
# Failed to write core dump. Minidumps are not enabled by default on client versions of Windows
#
# If you would like to submit a bug report, please visit:
#   http://bugreport.sun.com/bugreport/crash.jsp
#

---------------  T H R E A D  ---------------

Current thread (0x0000000056255000):  JavaThread "C2 CompilerThread0" daemon [_thread_in_native, id=10824, stack(0x0000000056910000,0x0000000056a10000)]

siginfo: ExceptionCode=0xc0000005, reading address 0x0000000000000000

Registers:
RAX=0x000000005a9c3f18, RBX=0x0000000000000600, RCX=0x0000000000000000, RDX=0x000000005b3733a0
RSP=0x0000000056a0c6d0, RBP=0x00000000000000c0, RSI=0x00000000000000b8, RDI=0x0000000000000000
R8 =0x00000000639b0000, R9 =0x0000000056a0c9f0, R10=0x00000000ffffffff, R11=0x000000005626c8a0
R12=0x000000005a9c4620, R13=0x00000000595773f8, R14=0x0000000000000008, R15=0x00000000595773f8
RIP=0x0000000063dd4db2, EFLAGS=0x0000000000010206

Top of Stack: (sp=0x0000000056a0c6d0)
0x0000000056a0c6d0:   00000000000000da 000000005b36ec00
0x0000000056a0c6e0:   0000000000000000 0000000059a248e0
0x0000000056a0c6f0:   0000000000000001 0000000000000600
0x0000000056a0c700:   0000000000000180 00000000000000c0
0x0000000056a0c710:   000000005cf385a0 0000000056257980
0x0000000056a0c720:   0000000000000730 000000005b36ec00
0x0000000056a0c730:   0000000056a0c9f0 000000005a9c0ff0
0x0000000056a0c740:   0000000000000020 0000000000000009
0x0000000056a0c750:   000000005a9c45f0 00000000000000da
0x0000000056a0c760:   00000000595773f8 0000000063dd598d
0x0000000056a0c770:   000000005a9c45f0 000000000000001c
0x0000000056a0c780:   00000000000000da 0000000056a0c9f0
0x0000000056a0c790:   000000005b3733a0 00000000000000da
0x0000000056a0c7a0:   000000005a9c0ff0 0000000000000020
0x0000000056a0c7b0:   000000005b8053f8 0000000056a0ed60
0x0000000056a0c7c0:   000000005b805a28 000000005a9c45f0 

Instructions: (pc=0x0000000063dd4db2)
0x0000000063dd4d92:   c6 48 63 f0 48 03 f1 eb 04 48 83 ce ff 48 8b 84
0x0000000063dd4da2:   24 a0 00 00 00 48 8b 40 08 48 8b 3c 03 48 8b cf
0x0000000063dd4db2:   48 8b 07 ff 50 28 4c 8d 05 41 b2 bd ff 48 63 50
0x0000000063dd4dc2:   10 4c 8b d8 48 8b ca 48 c1 e1 05 42 80 bc 01 c0 


Register to memory mapping:

RAX=0x000000005a9c3f18 is an unknown value
RBX=0x0000000000000600 is an unknown value
RCX=0x0000000000000000 is an unknown value
RDX=0x000000005b3733a0 is an unknown value
RSP=0x0000000056a0c6d0 is pointing into the stack for thread: 0x0000000056255000
RBP=0x00000000000000c0 is an unknown value
RSI=0x00000000000000b8 is an unknown value
RDI=0x0000000000000000 is an unknown value
R8 =0x00000000639b0000 is an unknown value
R9 =0x0000000056a0c9f0 is pointing into the stack for thread: 0x0000000056255000
R10=0x00000000ffffffff is an unknown value
R11=0x000000005626c8a0 is an unknown value
R12=0x000000005a9c4620 is an unknown value
R13=0x00000000595773f8 is an unknown value
R14=0x0000000000000008 is an unknown value
R15=0x00000000595773f8 is an unknown value


Stack: [0x0000000056910000,0x0000000056a10000],  sp=0x0000000056a0c6d0,  free space=1009k
Native frames: (J=compiled Java code, j=interpreted, Vv=VM code, C=native code)
V  [jvm.dll+0x424db2]
V  [jvm.dll+0x42598d]
V  [jvm.dll+0x425ecf]
V  [jvm.dll+0x4c5a84]
V  [jvm.dll+0x4415bc]
V  [jvm.dll+0x443a29]
V  [jvm.dll+0x427722]
V  [jvm.dll+0x96982]
V  [jvm.dll+0x97173]
V  [jvm.dll+0x2234b4]
V  [jvm.dll+0x27bcca]
C  [msvcr100.dll+0x21d9f]
C  [msvcr100.dll+0x21e3b]
C  [kernel32.dll+0x159ed]
C  [ntdll.dll+0x2c541]


Current CompileTask:
C2:  72181 7671       4       groovy.lang.MetaClassImpl::findPropertyMethod (356 bytes)


---------------  P R O C E S S  ---------------

Java Threads: ( => current thread )
  0x0000000058573000 JavaThread "net.sf.ehcache.CacheManager@6bf8e85c" daemon [_thread_blocked, id=3960, stack(0x0000000061970000,0x0000000061a70000)]
  0x0000000058572800 JavaThread "com.oumuo.SecurityGroup.data" daemon [_thread_blocked, id=6172, stack(0x00000000610f0000,0x00000000611f0000)]
  0x0000000058570000 JavaThread "com.oumuo.Authority.data" daemon [_thread_blocked, id=7480, stack(0x0000000060c60000,0x0000000060d60000)]
  0x000000005856e800 JavaThread "net.sf.ehcache.CacheManager@2cfe7f39" daemon [_thread_blocked, id=4964, stack(0x000000005ef20000,0x000000005f020000)]
  0x000000005856d000 JavaThread "PoolCleaner[192694377:1430535153848]" daemon [_thread_blocked, id=6160, stack(0x000000005f0d0000,0x000000005f1d0000)]
  0x00000000594f9800 JavaThread "FileSystemWatcher: files=#320 cl=groovy.lang.GroovyClassLoader@b7c4869" daemon [_thread_blocked, id=10368, stack(0x000000005c200000,0x000000005c300000)]
  0x0000000059d11000 JavaThread "localhost-startStop-1" daemon [_thread_in_Java, id=7056, stack(0x0000000057ab0000,0x0000000057bb0000)]
  0x00000000572c2000 JavaThread "Tomcat-startStop-1" daemon [_thread_blocked, id=4828, stack(0x000000005bf30000,0x000000005c030000)]
  0x0000000059b8c800 JavaThread "Thread-3" [_thread_in_native, id=4024, stack(0x000000005bd80000,0x000000005be80000)]
  0x00000000579ad000 JavaThread "Thread-2" [_thread_blocked, id=10220, stack(0x000000005a3b0000,0x000000005a4b0000)]
  0x000000005772d800 JavaThread "NonBlockingInputStreamThread" daemon [_thread_blocked, id=9456, stack(0x0000000057050000,0x0000000057150000)]
  0x00000000563ed000 JavaThread "Service Thread" daemon [_thread_blocked, id=10688, stack(0x0000000056f50000,0x0000000057050000)]
  0x00000000561f6800 JavaThread "C1 CompilerThread2" daemon [_thread_blocked, id=4000, stack(0x0000000056d70000,0x0000000056e70000)]
  0x00000000561f5000 JavaThread "C2 CompilerThread1" daemon [_thread_in_native, id=6672, stack(0x0000000056b50000,0x0000000056c50000)]
=>0x0000000056255000 JavaThread "C2 CompilerThread0" daemon [_thread_in_native, id=10824, stack(0x0000000056910000,0x0000000056a10000)]
  0x0000000056164800 JavaThread "Attach Listener" daemon [_thread_blocked, id=5592, stack(0x00000000567a0000,0x00000000568a0000)]
  0x0000000054ed9000 JavaThread "Signal Dispatcher" daemon [_thread_blocked, id=6928, stack(0x0000000056680000,0x0000000056780000)]
  0x0000000054e78800 JavaThread "Finalizer" daemon [_thread_blocked, id=6520, stack(0x0000000056060000,0x0000000056160000)]
  0x0000000054e6b800 JavaThread "Reference Handler" daemon [_thread_blocked, id=6200, stack(0x0000000055f60000,0x0000000056060000)]
  0x00000000029ea000 JavaThread "main" [_thread_blocked, id=10996, stack(0x0000000002d80000,0x0000000002e80000)]

Other Threads:
  0x0000000054e68000 VMThread [stack: 0x0000000055dc0000,0x0000000055ec0000] [id=10748]
  0x00000000563f5800 WatcherThread [stack: 0x0000000057190000,0x0000000057290000] [id=10372]

VM state:not at safepoint (normal execution)

VM Mutex/Monitor currently owned by a thread: None

Heap:
 PSYoungGen      total 233984K, used 40896K [0x00000000f0000000, 0x0000000100000000, 0x0000000100000000)
  eden space 204288K, 13% used [0x00000000f0000000,0x00000000f1b8db10,0x00000000fc780000)
  from space 29696K, 42% used [0x00000000fe300000,0x00000000fef62680,0x0000000100000000)
  to   space 28160K, 0% used [0x00000000fc780000,0x00000000fc780000,0x00000000fe300000)
 ParOldGen       total 157184K, used 142615K [0x00000000d0000000, 0x00000000d9980000, 0x00000000f0000000)
  object space 157184K, 90% used [0x00000000d0000000,0x00000000d8b45e08,0x00000000d9980000)
 Metaspace       used 74126K, capacity 76294K, committed 76548K, reserved 1118208K
  class space    used 7562K, capacity 8172K, committed 8196K, reserved 1048576K

Card table byte_map: [0x0000000012240000,0x00000000123d0000] byte_map_base: 0x0000000011bc0000

Marking Bits: (ParMarkBitMap*) 0x00000000641612b0
 Begin Bits: [0x0000000012b60000, 0x0000000013760000)
 End Bits:   [0x0000000013760000, 0x0000000014360000)

Polling page: 0x0000000000290000

CodeCache: size=245760Kb used=25324Kb max_used=25324Kb free=220435Kb
 bounds [0x0000000002e80000, 0x0000000004760000, 0x0000000011e80000]
 total_blobs=7161 nmethods=6396 adapters=675
 compilation: enabled

Compilation events (10 events):
Event: 72.048 Thread 0x00000000561f6800 7706       2       org.codehaus.groovy.runtime.MetaClassHelper::convertPropertyName (18 bytes)
Event: 72.049 Thread 0x00000000561f6800 nmethod 7706 0x0000000004718d90 code [0x0000000004718f20, 0x0000000004719178]
Event: 72.070 Thread 0x00000000561f6800 7707       2       groovy.lang.ExpandoMetaClass::isPropertyName (43 bytes)
Event: 72.071 Thread 0x00000000561f6800 nmethod 7707 0x0000000004718350 code [0x0000000004718540, 0x0000000004718978]
Event: 72.087 Thread 0x0000000056255000 nmethod 7629 0x000000000474b2d0 code [0x000000000474b6e0, 0x000000000474ee30]
Event: 72.087 Thread 0x0000000056255000 7701       4       org.codehaus.groovy.reflection.ParameterTypes::coerceArgumentsToClasses (55 bytes)
Event: 72.094 Thread 0x00000000561f6800 7710       2       groovy.lang.ExpandoMetaClass::registerBeanPropertyForMethod (211 bytes)
Event: 72.095 Thread 0x0000000056255000 nmethod 7701 0x0000000004747650 code [0x00000000047477e0, 0x0000000004747c48]
Event: 72.095 Thread 0x0000000056255000 7671       4       groovy.lang.MetaClassImpl::findPropertyMethod (356 bytes)
Event: 72.096 Thread 0x00000000561f6800 nmethod 7710 0x00000000047467d0 code [0x00000000047469c0, 0x00000000047470d8]

GC Heap History (10 events):
Event: 66.770 GC heap before
{Heap before GC invocations=58 (full 9):
 PSYoungGen      total 239104K, used 230602K [0x00000000f0000000, 0x00000000fff80000, 0x0000000100000000)
  eden space 217600K, 100% used [0x00000000f0000000,0x00000000fd480000,0x00000000fd480000)
  from space 21504K, 60% used [0x00000000fea80000,0x00000000ff732a70,0x00000000fff80000)
  to   space 22016K, 0% used [0x00000000fd480000,0x00000000fd480000,0x00000000fea00000)
 ParOldGen       total 138240K, used 119680K [0x00000000d0000000, 0x00000000d8700000, 0x00000000f0000000)
  object space 138240K, 86% used [0x00000000d0000000,0x00000000d74e02c8,0x00000000d8700000)
 Metaspace       used 70636K, capacity 72562K, committed 72836K, reserved 1114112K
  class space    used 7141K, capacity 7712K, committed 7812K, reserved 1048576K
Event: 67.127 GC heap after
Heap after GC invocations=58 (full 9):
 PSYoungGen      total 238592K, used 20990K [0x00000000f0000000, 0x0000000100000000, 0x0000000100000000)
  eden space 217600K, 0% used [0x00000000f0000000,0x00000000f0000000,0x00000000fd480000)
  from space 20992K, 99% used [0x00000000fd480000,0x00000000fe8ffbb8,0x00000000fe900000)
  to   space 23552K, 0% used [0x00000000fe900000,0x00000000fe900000,0x0000000100000000)
 ParOldGen       total 138240K, used 120172K [0x00000000d0000000, 0x00000000d8700000, 0x00000000f0000000)
  object space 138240K, 86% used [0x00000000d0000000,0x00000000d755b2d8,0x00000000d8700000)
 Metaspace       used 70636K, capacity 72562K, committed 72836K, reserved 1114112K
  class space    used 7141K, capacity 7712K, committed 7812K, reserved 1048576K
}
Event: 68.072 GC heap before
{Heap before GC invocations=59 (full 9):
 PSYoungGen      total 238592K, used 238590K [0x00000000f0000000, 0x0000000100000000, 0x0000000100000000)
  eden space 217600K, 100% used [0x00000000f0000000,0x00000000fd480000,0x00000000fd480000)
  from space 20992K, 99% used [0x00000000fd480000,0x00000000fe8ffbb8,0x00000000fe900000)
  to   space 23552K, 0% used [0x00000000fe900000,0x00000000fe900000,0x0000000100000000)
 ParOldGen       total 138240K, used 120172K [0x00000000d0000000, 0x00000000d8700000, 0x00000000f0000000)
  object space 138240K, 86% used [0x00000000d0000000,0x00000000d755b2d8,0x00000000d8700000)
 Metaspace       used 71191K, capacity 73184K, committed 73348K, reserved 1114112K
  class space    used 7175K, capacity 7755K, committed 7812K, reserved 1048576K
Event: 68.101 GC heap after
Heap after GC invocations=59 (full 9):
 PSYoungGen      total 229376K, used 21963K [0x00000000f0000000, 0x0000000100000000, 0x0000000100000000)
  eden space 205824K, 0% used [0x00000000f0000000,0x00000000f0000000,0x00000000fc900000)
  from space 23552K, 93% used [0x00000000fe900000,0x00000000ffe72c80,0x0000000100000000)
  to   space 28160K, 0% used [0x00000000fc900000,0x00000000fc900000,0x00000000fe480000)
 ParOldGen       total 138240K, used 121636K [0x00000000d0000000, 0x00000000d8700000, 0x00000000f0000000)
  object space 138240K, 87% used [0x00000000d0000000,0x00000000d76c92d8,0x00000000d8700000)
 Metaspace       used 71191K, capacity 73184K, committed 73348K, reserved 1114112K
  class space    used 7175K, capacity 7755K, committed 7812K, reserved 1048576K
}
Event: 68.743 GC heap before
{Heap before GC invocations=60 (full 9):
 PSYoungGen      total 229376K, used 227787K [0x00000000f0000000, 0x0000000100000000, 0x0000000100000000)
  eden space 205824K, 100% used [0x00000000f0000000,0x00000000fc900000,0x00000000fc900000)
  from space 23552K, 93% used [0x00000000fe900000,0x00000000ffe72c80,0x0000000100000000)
  to   space 28160K, 0% used [0x00000000fc900000,0x00000000fc900000,0x00000000fe480000)
 ParOldGen       total 138240K, used 121636K [0x00000000d0000000, 0x00000000d8700000, 0x00000000f0000000)
  object space 138240K, 87% used [0x00000000d0000000,0x00000000d76c92d8,0x00000000d8700000)
 Metaspace       used 72899K, capacity 74948K, committed 75140K, reserved 1116160K
  class space    used 7398K, capacity 7952K, committed 8068K, reserved 1048576K
Event: 69.110 GC heap after
Heap after GC invocations=60 (full 9):
 PSYoungGen      total 226304K, used 20328K [0x00000000f0000000, 0x0000000100000000, 0x0000000100000000)
  eden space 205824K, 0% used [0x00000000f0000000,0x00000000f0000000,0x00000000fc900000)
  from space 20480K, 99% used [0x00000000fc900000,0x00000000fdcda050,0x00000000fdd00000)
  to   space 29696K, 0% used [0x00000000fe300000,0x00000000fe300000,0x0000000100000000)
 ParOldGen       total 138240K, used 128998K [0x00000000d0000000, 0x00000000d8700000, 0x00000000f0000000)
  object space 138240K, 93% used [0x00000000d0000000,0x00000000d7df9b88,0x00000000d8700000)
 Metaspace       used 72899K, capacity 74948K, committed 75140K, reserved 1116160K
  class space    used 7398K, capacity 7952K, committed 8068K, reserved 1048576K
}
Event: 69.110 GC heap before
{Heap before GC invocations=61 (full 10):
 PSYoungGen      total 226304K, used 20328K [0x00000000f0000000, 0x0000000100000000, 0x0000000100000000)
  eden space 205824K, 0% used [0x00000000f0000000,0x00000000f0000000,0x00000000fc900000)
  from space 20480K, 99% used [0x00000000fc900000,0x00000000fdcda050,0x00000000fdd00000)
  to   space 29696K, 0% used [0x00000000fe300000,0x00000000fe300000,0x0000000100000000)
 ParOldGen       total 138240K, used 128998K [0x00000000d0000000, 0x00000000d8700000, 0x00000000f0000000)
  object space 138240K, 93% used [0x00000000d0000000,0x00000000d7df9b88,0x00000000d8700000)
 Metaspace       used 72899K, capacity 74948K, committed 75140K, reserved 1116160K
  class space    used 7398K, capacity 7952K, committed 8068K, reserved 1048576K
Event: 70.311 GC heap after
Heap after GC invocations=61 (full 10):
 PSYoungGen      total 226304K, used 9851K [0x00000000f0000000, 0x0000000100000000, 0x0000000100000000)
  eden space 205824K, 0% used [0x00000000f0000000,0x00000000f0000000,0x00000000fc900000)
  from space 20480K, 48% used [0x00000000fc900000,0x00000000fd29ef28,0x00000000fdd00000)
  to   space 29696K, 0% used [0x00000000fe300000,0x00000000fe300000,0x0000000100000000)
 ParOldGen       total 157184K, used 138073K [0x00000000d0000000, 0x00000000d9980000, 0x00000000f0000000)
  object space 157184K, 87% used [0x00000000d0000000,0x00000000d86d65c8,0x00000000d9980000)
 Metaspace       used 72861K, capacity 74888K, committed 75140K, reserved 1116160K
  class space    used 7392K, capacity 7942K, committed 8068K, reserved 1048576K
}
Event: 71.739 GC heap before
{Heap before GC invocations=62 (full 10):
 PSYoungGen      total 226304K, used 215675K [0x00000000f0000000, 0x0000000100000000, 0x0000000100000000)
  eden space 205824K, 100% used [0x00000000f0000000,0x00000000fc900000,0x00000000fc900000)
  from space 20480K, 48% used [0x00000000fc900000,0x00000000fd29ef28,0x00000000fdd00000)
  to   space 29696K, 0% used [0x00000000fe300000,0x00000000fe300000,0x0000000100000000)
 ParOldGen       total 157184K, used 138073K [0x00000000d0000000, 0x00000000d9980000, 0x00000000f0000000)
  object space 157184K, 87% used [0x00000000d0000000,0x00000000d86d65c8,0x00000000d9980000)
 Metaspace       used 74028K, capacity 76164K, committed 76292K, reserved 1118208K
  class space    used 7545K, capacity 8133K, committed 8196K, reserved 1048576K
Event: 71.862 GC heap after
Heap after GC invocations=62 (full 10):
 PSYoungGen      total 233984K, used 12681K [0x00000000f0000000, 0x0000000100000000, 0x0000000100000000)
  eden space 204288K, 0% used [0x00000000f0000000,0x00000000f0000000,0x00000000fc780000)
  from space 29696K, 42% used [0x00000000fe300000,0x00000000fef62680,0x0000000100000000)
  to   space 28160K, 0% used [0x00000000fc780000,0x00000000fc780000,0x00000000fe300000)
 ParOldGen       total 157184K, used 142615K [0x00000000d0000000, 0x00000000d9980000, 0x00000000f0000000)
  object space 157184K, 90% used [0x00000000d0000000,0x00000000d8b45e08,0x00000000d9980000)
 Metaspace       used 74028K, capacity 76164K, committed 76292K, reserved 1118208K
  class space    used 7545K, capacity 8133K, committed 8196K, reserved 1048576K
}

Deoptimization events (10 events):
Event: 67.707 Thread 0x0000000059d11000 Uncommon trap: reason=unreached action=reinterpret pc=0x00000000045ee5a8 method=org.springframework.util.ObjectUtils.nullSafeEquals(Ljava/lang/Object;Ljava/lang/Object;)Z @ 8
Event: 67.827 Thread 0x0000000059d11000 Uncommon trap: reason=bimorphic action=maybe_recompile pc=0x00000000045ffb00 method=sl.org.objectweb.asm.MethodVisitor.visitTryCatchBlock(Lsl/org/objectweb/asm/Label;Lsl/org/objectweb/asm/Label;Lsl/org/objectweb/asm/Label;Ljava/lang/String;)V @ 16
Event: 67.852 Thread 0x0000000059d11000 Uncommon trap: reason=null_check action=make_not_entrant pc=0x0000000004625764 method=org.springsource.loaded.ri.ReloadableTypeMethodProvider.getMethod(Ljava/lang/String;[Ljava/lang/Class;)Lorg/springsource/loaded/ri/Invoker; @ 57
Event: 67.852 Thread 0x0000000059d11000 Uncommon trap: reason=null_check action=make_not_entrant pc=0x0000000004537948 method=org.springsource.loaded.ri.ReloadableTypeMethodProvider.getMethod(Ljava/lang/String;[Ljava/lang/Class;)Lorg/springsource/loaded/ri/Invoker; @ 57
Event: 67.906 Thread 0x0000000059d11000 Uncommon trap: reason=bimorphic action=maybe_recompile pc=0x00000000045ffb00 method=sl.org.objectweb.asm.MethodVisitor.visitTryCatchBlock(Lsl/org/objectweb/asm/Label;Lsl/org/objectweb/asm/Label;Lsl/org/objectweb/asm/Label;Ljava/lang/String;)V @ 16
Event: 67.960 Thread 0x0000000059d11000 Uncommon trap: reason=null_check action=make_not_entrant pc=0x0000000003b581b4 method=org.springframework.util.ClassUtils.isAssignable(Ljava/lang/Class;Ljava/lang/Class;)Z @ 70
Event: 68.038 Thread 0x0000000059d11000 Uncommon trap: reason=bimorphic action=maybe_recompile pc=0x00000000045ffb00 method=sl.org.objectweb.asm.MethodVisitor.visitTryCatchBlock(Lsl/org/objectweb/asm/Label;Lsl/org/objectweb/asm/Label;Lsl/org/objectweb/asm/Label;Ljava/lang/String;)V @ 16
Event: 68.117 Thread 0x0000000059d11000 Uncommon trap: reason=bimorphic action=maybe_recompile pc=0x00000000045ffb00 method=sl.org.objectweb.asm.MethodVisitor.visitTryCatchBlock(Lsl/org/objectweb/asm/Label;Lsl/org/objectweb/asm/Label;Lsl/org/objectweb/asm/Label;Ljava/lang/String;)V @ 16
Event: 70.969 Thread 0x0000000059d11000 Uncommon trap: reason=unreached action=reinterpret pc=0x0000000003c33c48 method=groovy.lang.ExpandoMetaClass.hasOverrideGetProperty(Ljava/lang/String;)Z @ 4
Event: 71.907 Thread 0x0000000059d11000 Uncommon trap: reason=bimorphic action=maybe_recompile pc=0x0000000003a87478 method=groovy.lang.MetaClassImpl.chooseMethodInternal(Ljava/lang/String;Ljava/lang/Object;[Ljava/lang/Class;)Ljava/lang/Object; @ 12

Internal exceptions (10 events):
Event: 71.981 Thread 0x0000000059d11000 Exception <a 'java/security/PrivilegedActionException'> (0x00000000f12c5860) thrown at [C:\re\workspace\8-2-build-windows-amd64-cygwin\jdk8u11\648\hotspot\src\share\vm\prims\jvm.cpp, line 1248]
Event: 71.981 Thread 0x0000000059d11000 Exception <a 'java/lang/ClassNotFoundException': org/codehaus/groovy/grails/web/util/TagLibraryMetaUtils$_registerPropertyMissingForTag_closure6BeanInfo> (0x00000000f12c67e0) thrown at [C:\re\workspace\8-2-build-windows-amd64-cygwin\jdk8u11\648\hotspot\src±ÅËþQ@
Event: 71.981 Thread 0x0000000059d11000 Exception <a 'java/security/PrivilegedActionException'> (0x00000000f12c7de8) thrown at [C:\re\workspace\8-2-build-windows-amd64-cygwin\jdk8u11\648\hotspot\src\share\vm\prims\jvm.cpp, line 1248]
Event: 71.981 Thread 0x0000000059d11000 Exception <a 'java/security/PrivilegedActionException'> (0x00000000f12cde88) thrown at [C:\re\workspace\8-2-build-windows-amd64-cygwin\jdk8u11\648\hotspot\src\share\vm\prims\jvm.cpp, line 1248]
Event: 71.982 Thread 0x0000000059d11000 Exception <a 'java/security/PrivilegedActionException'> (0x00000000f12e61c0) thrown at [C:\re\workspace\8-2-build-windows-amd64-cygwin\jdk8u11\648\hotspot\src\share\vm\prims\jvm.cpp, line 1248]
Event: 71.982 Thread 0x0000000059d11000 Exception <a 'java/security/PrivilegedActionException'> (0x00000000f1304578) thrown at [C:\re\workspace\8-2-build-windows-amd64-cygwin\jdk8u11\648\hotspot\src\share\vm\prims\jvm.cpp, line 1248]
Event: 71.982 Thread 0x0000000059d11000 Exception <a 'java/security/PrivilegedActionException'> (0x00000000f130a618) thrown at [C:\re\workspace\8-2-build-windows-amd64-cygwin\jdk8u11\648\hotspot\src\share\vm\prims\jvm.cpp, line 1248]
Event: 71.983 Thread 0x0000000059d11000 Exception <a 'java/security/PrivilegedActionException'> (0x00000000f1322950) thrown at [C:\re\workspace\8-2-build-windows-amd64-cygwin\jdk8u11\648\hotspot\src\share\vm\prims\jvm.cpp, line 1248]
Event: 71.984 Thread 0x0000000059d11000 Exception <a 'java/security/PrivilegedActionException'> (0x00000000f1357e68) thrown at [C:\re\workspace\8-2-build-windows-amd64-cygwin\jdk8u11\648\hotspot\src\share\vm\prims\jvm.cpp, line 1248]
Event: 71.984 Thread 0x0000000059d11000 Exception <a 'java/lang/ClassNotFoundException': org/codehaus/groovy/grails/web/util/TagLibraryMetaUtils$_registerPropertyMissingForTag_closure6Customizer> (0x00000000f1358df0) thrown at [C:\re\workspace\8-2-build-windows-amd64-cygwin\jdk8u11\648\hotspot\s~ŠÇþQ@

Events (10 events):
Event: 71.979 loading class org/codehaus/groovy/grails/web/util/TagLibraryMetaUtils$_registerPropertyMissingForTag_closure6BeanInfo
Event: 71.979 loading class org/codehaus/groovy/grails/web/util/TagLibraryMetaUtils$_registerPropertyMissingForTag_closure6BeanInfo done
Event: 71.981 loading class org/codehaus/groovy/grails/web/util/TagLibraryMetaUtils$_registerPropertyMissingForTag_closure6BeanInfo
Event: 71.981 loading class org/codehaus/groovy/grails/web/util/TagLibraryMetaUtils$_registerPropertyMissingForTag_closure6BeanInfo done
Event: 71.981 loading class org/codehaus/groovy/grails/web/util/TagLibraryMetaUtils$_registerPropertyMissingForTag_closure6Customizer
Event: 71.981 loading class org/codehaus/groovy/grails/web/util/TagLibraryMetaUtils$_registerPropertyMissingForTag_closure6Customizer done
Event: 71.982 loading class org/codehaus/groovy/grails/web/util/TagLibraryMetaUtils$_registerPropertyMissingForTag_closure6Customizer
Event: 71.982 loading class org/codehaus/groovy/grails/web/util/TagLibraryMetaUtils$_registerPropertyMissingForTag_closure6Customizer done
Event: 71.984 loading class org/codehaus/groovy/grails/web/util/TagLibraryMetaUtils$_registerPropertyMissingForTag_closure6Customizer
Event: 71.984 loading class org/codehaus/groovy/grails/web/util/TagLibraryMetaUtils$_registerPropertyMissingForTag_closure6Customizer done


Dynamic libraries:
0x000000013f1e0000 - 0x000000013f214000 	C:\Program Files\Java\jdk1.8.0_11\bin\java.exe
0x0000000076e80000 - 0x0000000077029000 	C:\Windows\SYSTEM32\ntdll.dll
0x0000000076c60000 - 0x0000000076d7f000 	C:\Windows\system32\kernel32.dll
0x000007fefd390000 - 0x000007fefd3fc000 	C:\Windows\system32\KERNELBASE.dll
0x000007fefd6c0000 - 0x000007fefd79b000 	C:\Windows\system32\ADVAPI32.dll
0x000007fefe610000 - 0x000007fefe6af000 	C:\Windows\system32\msvcrt.dll
0x000007fefeb60000 - 0x000007fefeb7f000 	C:\Windows\SYSTEM32\sechost.dll
0x000007fefedb0000 - 0x000007fefeedd000 	C:\Windows\system32\RPCRT4.dll
0x0000000076d80000 - 0x0000000076e7a000 	C:\Windows\system32\USER32.dll
0x000007fefed10000 - 0x000007fefed77000 	C:\Windows\system32\GDI32.dll
0x000007fefd6b0000 - 0x000007fefd6be000 	C:\Windows\system32\LPK.dll
0x000007fefeee0000 - 0x000007fefefa9000 	C:\Windows\system32\USP10.dll
0x000007fefb8e0000 - 0x000007fefbad4000 	C:\Windows\WinSxS\amd64_microsoft.windows.common-controls_6595b64144ccf1df_6.0.7601.17514_none_fa396087175ac9ac\COMCTL32.dll
0x000007fefe580000 - 0x000007fefe5f1000 	C:\Windows\system32\SHLWAPI.dll
0x000007fefed80000 - 0x000007fefedae000 	C:\Windows\system32\IMM32.DLL
0x000007fefeb80000 - 0x000007fefec89000 	C:\Windows\system32\MSCTF.dll
0x0000000180000000 - 0x000000018001c000 	C:\Windows\system32\btpload64.dll
0x0000000077050000 - 0x0000000077057000 	C:\Windows\system32\PSAPI.DLL
0x0000000000230000 - 0x000000000025c000 	C:\Windows\system32\privman64.dll
0x000007fefd230000 - 0x000007fefd23c000 	C:\Windows\system32\VERSION.dll
0x000007fefd7f0000 - 0x000007fefe579000 	C:\Windows\system32\SHELL32.dll
0x000007fefd210000 - 0x000007fefd22e000 	C:\Windows\system32\USERENV.dll
0x000007fefd2e0000 - 0x000007fefd2ef000 	C:\Windows\system32\profapi.dll
0x0000000064d70000 - 0x0000000064e42000 	C:\Program Files\Java\jdk1.8.0_11\jre\bin\msvcr100.dll
0x00000000639b0000 - 0x00000000641da000 	C:\Program Files\Java\jdk1.8.0_11\jre\bin\server\jvm.dll
0x000007fefc7c0000 - 0x000007fefc7c9000 	C:\Windows\system32\WSOCK32.dll
0x000007fefd7a0000 - 0x000007fefd7ed000 	C:\Windows\system32\WS2_32.dll
0x000007fefe600000 - 0x000007fefe608000 	C:\Windows\system32\NSI.dll
0x000007fefae20000 - 0x000007fefae5b000 	C:\Windows\system32\WINMM.dll
0x000000006a0c0000 - 0x000000006a0cf000 	C:\Program Files\Java\jdk1.8.0_11\jre\bin\verify.dll
0x0000000064d00000 - 0x0000000064d28000 	C:\Program Files\Java\jdk1.8.0_11\jre\bin\java.dll
0x000000006ad10000 - 0x000000006ad33000 	C:\Program Files\Java\jdk1.8.0_11\jre\bin\instrument.dll
0x000000006afe0000 - 0x000000006aff6000 	C:\Program Files\Java\jdk1.8.0_11\jre\bin\zip.dll
0x000007fefe6b0000 - 0x000007fefe8b3000 	C:\Windows\system32\ole32.dll
0x000007fefcb80000 - 0x000007fefcb97000 	C:\Windows\system32\CRYPTSP.dll
0x000007fefc880000 - 0x000007fefc8c7000 	C:\Windows\system32\rsaenh.dll
0x000007fefd1e0000 - 0x000007fefd1ef000 	C:\Windows\system32\CRYPTBASE.dll
0x0000000064630000 - 0x000000006464a000 	C:\Program Files\Java\jdk1.8.0_11\jre\bin\net.dll
0x000007fefcb20000 - 0x000007fefcb75000 	C:\Windows\system32\mswsock.dll
0x000007fefcb10000 - 0x000007fefcb17000 	C:\Windows\System32\wship6.dll
0x000007fefc280000 - 0x000007fefc2a7000 	C:\Windows\system32\IPHLPAPI.DLL
0x000007fefc270000 - 0x000007fefc27b000 	C:\Windows\system32\WINNSI.DLL
0x000007fefa8b0000 - 0x000007fefa8c8000 	C:\Windows\system32\dhcpcsvc.DLL
0x000007fefa840000 - 0x000007fefa851000 	C:\Windows\system32\dhcpcsvc6.DLL
0x0000000060c30000 - 0x0000000060c41000 	C:\Program Files\Java\jdk1.8.0_11\jre\bin\nio.dll
0x000007fefb820000 - 0x000007fefb82a000 	C:\Users\rgopal\AppData\Local\Temp\jansi-64-3425883601679219483.dll
0x000000006b3e0000 - 0x000000006b3ed000 	C:\Program Files\Java\jdk1.8.0_11\jre\bin\management.dll
0x000007fefc380000 - 0x000007fefc387000 	C:\Windows\System32\wshtcpip.dll
0x000007fefc9a0000 - 0x000007fefc9fb000 	C:\Windows\system32\DNSAPI.dll
0x00000000744a0000 - 0x00000000744c6000 	C:\Program Files\Bonjour\mdnsNSP.dll
0x000007fefa7d0000 - 0x000007fefa7d8000 	C:\Windows\system32\rasadhlp.dll
0x000007fefa7e0000 - 0x000007fefa833000 	C:\Windows\System32\fwpuclnt.dll
0x000007fefa9a0000 - 0x000007fefa9b5000 	C:\Windows\system32\NLAapi.dll
0x000007fefa910000 - 0x000007fefa925000 	C:\Windows\system32\napinsp.dll
0x000007fefa8f0000 - 0x000007fefa909000 	C:\Windows\system32\pnrpnsp.dll
0x000007fefa8e0000 - 0x000007fefa8eb000 	C:\Windows\System32\winrnr.dll
0x000007fefa8d0000 - 0x000007fefa8e0000 	C:\Windows\system32\wshbth.dll
0x000007fef5730000 - 0x000007fef5855000 	C:\Windows\system32\dbghelp.dll

VM Arguments:
jvm_args: -Dfile.encoding=UTF-8 -Xmx768M -Xms64M -Dgrails.fork.parent.process.port=56028 -Dgrails.fork.active=true -Dgrails.build.execution.context=C:\Users\rgopal\AppData\Local\Temp\central2305866736134143288grails-execution-context -Dgrails.home=C:\Users\rgopal\Documents\grails-2.4.4\grails-2.4.4 -javaagent:C:\Users\rgopal\Documents\grails-2.4.4\grails-2.4.4\lib\org.springframework\springloaded\jars\springloaded-1.2.1.RELEASE.jar -Xverify:none -Dspringloaded.synchronize=true -Djdk.reflect.allowGetCallerClass=true -Dspringloaded=profile=grails;cacheDir=C:\Users\rgopal/.grails/2.4.4/ 
java_command: org.grails.plugins.tomcat.fork.ForkedTomcatServer
java_class_path (initial): C:\Program Files\Java\jdk1.8.0_11\lib\tools.jar;C:\Users\rgopal\Documents\grails-2.4.4\grails-2.4.4\lib\org.codehaus.groovy\groovy-all\jars\groovy-all-2.3.7.jar;C:\Users\rgopal\Documents\grails-2.4.4\grails-2.4.4\lib\org.slf4j\jcl-over-slf4j\jars\jcl-over-slf4j-1.7.5.jar;C:\Users\rgopal\Documents\grails-2.4.4\grails-2.4.4\lib\org.codehaus.gant\gant_groovy1.8\jars\gant_groovy1.8-1.9.6.jar;C:\Users\rgopal\Documents\grails-2.4.4\grails-2.4.4\lib\org.apache.tomcat.embed\tomcat-embed-logging-log4j\jars\tomcat-embed-logging-log4j-7.0.50.jar;C:\Users\rgopal\Documents\grails-2.4.4\grails-2.4.4\dist\grails-plugin-log4j-2.4.4.jar;C:\Users\rgopal\Documents\grails-2.4.4\grails-2.4.4\lib\log4j\log4j\jars\log4j-1.2.17.jar;C:\Users\rgopal\Documents\grails-2.4.4\grails-2.4.4\dist\grails-bootstrap-2.4.4.jar;C:\Users\rgopal\Documents\grails-2.4.4\grails-2.4.4\lib\org.slf4j\slf4j-api\jars\slf4j-api-1.7.5.jar;C:\Users\rgopal\Documents\grails-2.4.4\grails-2.4.4\lib\jline\jline\jars\jline-2.12.jar;C:\Users\rgopal\Documents\grails-2.4.4\grails-2.4.4\lib\org.apache.ant\ant\jars\ant-1.8.4.jar;C:\Users\rgopal\Documents\grails-2.4.4\grails-2.4.4\lib\org.apache.ant\ant-launcher\jars\ant-launcher-1.8.4.jar;C:\Users\rgopal\Documents\grails-2.4.4\grails-2.4.4\lib\org.apache.ant\ant-trax\jars\ant-trax-1.7.1.jar;C:\Users\rgopal\Documents\grails-2.4.4\grails-2.4.4\lib\org.apache.ant\ant-junit\jars\ant-junit-1.8.4.jar;C:\Users\rgopal\Documents\grails-2.4.4\grails-2.4.4\lib\org.apache.ivy\ivy\jars\ivy-2.3.0.jar;C:\Users\rgopal\Documents\grails-2.4.4\grails-2.4.4\lib\org.fusesource.jansi\jansi\jars\jansi-1.11.jar;C:\Users\rgopal\.m2\repository\org\apache\tomcat\tomcat-catalina-ant\7.0.55\tomcat-catalina-ant-7.0.55.jar;C:\Users\rgopal\.m2\repository\org\apache\tomcat\embed\tomcat-embed-jasper\7.0.55\tomcat-embed-jasper-7.0.55.jar;C:\Users\rgopal\.m2\repository\org\apache\tomcat\embed\tomcat-embed-el\7.0.55\tomcat-embed-el-7.0.55.jar;C:\Users\rgopal\.m2\repository\org\apache\
Launcher Type: SUN_STANDARD

Environment Variables:
JAVA_HOME=C:\Program Files\Java\jdk1.8.0_11
PATH=C:\Windows\system32;C:\Windows;C:\Windows\System32\Wbem;C:\Windows\System32\WindowsPowerShell\v1.0\;C:\users\rgopal\My Documents\springsource\grails-2.3.5\bin\;c:\Program Files\Java\jdk1.7.0_51\bin\;C:\Program Files (x86)\MiKTeX 2.9\miktex\bin\
USERNAME=rgopal
OS=Windows_NT
PROCESSOR_IDENTIFIER=Intel64 Family 6 Model 37 Stepping 5, GenuineIntel



---------------  S Y S T E M  ---------------

OS: Windows 7 , 64 bit Build 7601 Service Pack 1

CPU:total 4 (2 cores per cpu, 2 threads per core) family 6 model 37 stepping 5, cmov, cx8, fxsr, mmx, sse, sse2, sse3, ssse3, sse4.1, sse4.2, popcnt, aes, clmul, ht, tsc, tscinvbit

Memory: 4k page, physical 8181608k(1670160k free), swap 16361352k(7273740k free)

vm_info: Java HotSpot(TM) 64-Bit Server VM (25.11-b03) for windows-amd64 JRE (1.8.0_11-b12), built on Jun 16 2014 20:57:32 by "java_re" with MS VC++ 10.0 (VS2010)

time: Fri May 01 22:53:00 2015
elapsed time: 72 seconds

