#
# A fatal error has been detected by the Java Runtime Environment:
#
#  EXCEPTION_ACCESS_VIOLATION (0xc0000005) at pc=0x0000000055df4db2, pid=4356, tid=8340
#
# JRE version: Java(TM) SE Runtime Environment (8.0_11-b12) (build 1.8.0_11-b12)
# Java VM: Java HotSpot(TM) 64-Bit Server VM (25.11-b03 mixed mode windows-amd64 compressed oops)
# Problematic frame:
# V  [jvm.dll+0x424db2]
#
# Failed to write core dump. Minidumps are not enabled by default on client versions of Windows
#
# If you would like to submit a bug report, please visit:
#   http://bugreport.sun.com/bugreport/crash.jsp
#

---------------  T H R E A D  ---------------

Current thread (0x0000000056c81800):  JavaThread "C2 CompilerThread0" daemon [_thread_in_native, id=8340, stack(0x00000000571f0000,0x00000000572f0000)]

siginfo: ExceptionCode=0xc0000005, reading address 0x0000000000000000

Registers:
RAX=0x0000000058c0b508, RBX=0x0000000000000600, RCX=0x0000000000000000, RDX=0x00000000588b5cd0
RSP=0x00000000572ec420, RBP=0x00000000000000c0, RSI=0x00000000000000b8, RDI=0x0000000000000000
R8 =0x00000000559d0000, R9 =0x00000000572ec740, R10=0x00000000ffffffff, R11=0x0000000056d2b840
R12=0x0000000058c0bc10, R13=0x000000005a84b508, R14=0x0000000000000008, R15=0x000000005a84b508
RIP=0x0000000055df4db2, EFLAGS=0x0000000000010206

Top of Stack: (sp=0x00000000572ec420)
0x00000000572ec420:   00000000000000da 00000000000000b0
0x00000000572ec430:   000000000000000a 0000000000000400
0x00000000572ec440:   0000000000000001 0000000000000600
0x00000000572ec450:   0000000000000180 00000000000000c0
0x00000000572ec460:   0000000058e68f00 0000000056d0f2b0
0x00000000572ec470:   00000000000006d8 00000000588b1990
0x00000000572ec480:   00000000572ec740 0000000058c08690
0x00000000572ec490:   0000000000000020 0000000000000009
0x00000000572ec4a0:   0000000058c0bbe0 00000000000000da
0x00000000572ec4b0:   000000005a84b508 0000000055df598d
0x00000000572ec4c0:   0000000058c0bbe0 000000000000001c
0x00000000572ec4d0:   00000000000000da 00000000572ec740
0x00000000572ec4e0:   00000000588b5cd0 00000000000000da
0x00000000572ec4f0:   0000000058c08690 0000000000000020
0x00000000572ec500:   000000005a0d84d8 00000000572eeab0
0x00000000572ec510:   000000005a0d8b08 0000000058c0bbe0 

Instructions: (pc=0x0000000055df4db2)
0x0000000055df4d92:   c6 48 63 f0 48 03 f1 eb 04 48 83 ce ff 48 8b 84
0x0000000055df4da2:   24 a0 00 00 00 48 8b 40 08 48 8b 3c 03 48 8b cf
0x0000000055df4db2:   48 8b 07 ff 50 28 4c 8d 05 41 b2 bd ff 48 63 50
0x0000000055df4dc2:   10 4c 8b d8 48 8b ca 48 c1 e1 05 42 80 bc 01 c0 


Register to memory mapping:

RAX=0x0000000058c0b508 is an unknown value
RBX=0x0000000000000600 is an unknown value
RCX=0x0000000000000000 is an unknown value
RDX=0x00000000588b5cd0 is an unknown value
RSP=0x00000000572ec420 is pointing into the stack for thread: 0x0000000056c81800
RBP=0x00000000000000c0 is an unknown value
RSI=0x00000000000000b8 is an unknown value
RDI=0x0000000000000000 is an unknown value
R8 =0x00000000559d0000 is an unknown value
R9 =0x00000000572ec740 is pointing into the stack for thread: 0x0000000056c81800
R10=0x00000000ffffffff is an unknown value
R11=0x0000000056d2b840 is an unknown value
R12=0x0000000058c0bc10 is an unknown value
R13=0x000000005a84b508 is an unknown value
R14=0x0000000000000008 is an unknown value
R15=0x000000005a84b508 is an unknown value


Stack: [0x00000000571f0000,0x00000000572f0000],  sp=0x00000000572ec420,  free space=1009k
Native frames: (J=compiled Java code, j=interpreted, Vv=VM code, C=native code)
V  [jvm.dll+0x424db2]
V  [jvm.dll+0x42598d]
V  [jvm.dll+0x425ecf]
V  [jvm.dll+0x4c5a84]
V  [jvm.dll+0x4415bc]
V  [jvm.dll+0x443a29]
V  [jvm.dll+0x427722]
V  [jvm.dll+0x96982]
V  [jvm.dll+0x97173]
V  [jvm.dll+0x2234b4]
V  [jvm.dll+0x27bcca]
C  [msvcr100.dll+0x21d9f]
C  [msvcr100.dll+0x21e3b]
C  [kernel32.dll+0x159ed]
C  [ntdll.dll+0x2c541]


Current CompileTask:
C2:  47667 6824       4       groovy.lang.MetaClassImpl::findPropertyMethod (356 bytes)


---------------  P R O C E S S  ---------------

Java Threads: ( => current thread )
  0x0000000057a86000 JavaThread "com.oumuo.SecurityGroup.data" daemon [_thread_blocked, id=7840, stack(0x000000005f4f0000,0x000000005f5f0000)]
  0x0000000057a85800 JavaThread "com.oumuo.Authority.data" daemon [_thread_blocked, id=968, stack(0x000000005f920000,0x000000005fa20000)]
  0x0000000057a84000 JavaThread "net.sf.ehcache.CacheManager@35d04bf8" daemon [_thread_blocked, id=9188, stack(0x00000000600e0000,0x00000000601e0000)]
  0x0000000057a82800 JavaThread "PoolCleaner[1070157899:1429393886756]" daemon [_thread_blocked, id=4828, stack(0x000000005f820000,0x000000005f920000)]
  0x000000005945c800 JavaThread "FileSystemWatcher: files=#282 cl=groovy.lang.GroovyClassLoader@3fc9504b" daemon [_thread_blocked, id=9572, stack(0x000000005b8a0000,0x000000005b9a0000)]
  0x000000005a27e000 JavaThread "localhost-startStop-1" daemon [_thread_in_vm, id=2272, stack(0x000000005a970000,0x000000005aa70000)]
  0x0000000059469000 JavaThread "Tomcat-startStop-1" daemon [_thread_blocked, id=1544, stack(0x00000000597d0000,0x00000000598d0000)]
  0x0000000059c5e000 JavaThread "Thread-3" [_thread_in_native, id=9592, stack(0x000000005b2d0000,0x000000005b3d0000)]
  0x0000000058bdc800 JavaThread "Thread-2" [_thread_blocked, id=3288, stack(0x00000000583b0000,0x00000000584b0000)]
  0x0000000057ae5800 JavaThread "NonBlockingInputStreamThread" daemon [_thread_blocked, id=9364, stack(0x00000000584d0000,0x00000000585d0000)]
  0x0000000056e53000 JavaThread "Service Thread" daemon [_thread_blocked, id=7084, stack(0x0000000057600000,0x0000000057700000)]
  0x0000000056d13800 JavaThread "C1 CompilerThread2" daemon [_thread_blocked, id=780, stack(0x0000000056800000,0x0000000056900000)]
  0x0000000056c82000 JavaThread "C2 CompilerThread1" daemon [_thread_in_native, id=9240, stack(0x0000000057310000,0x0000000057410000)]
=>0x0000000056c81800 JavaThread "C2 CompilerThread0" daemon [_thread_in_native, id=8340, stack(0x00000000571f0000,0x00000000572f0000)]
  0x0000000056c1c000 JavaThread "Attach Listener" daemon [_thread_blocked, id=9980, stack(0x00000000564b0000,0x00000000565b0000)]
  0x0000000056c19000 JavaThread "Signal Dispatcher" daemon [_thread_blocked, id=9112, stack(0x0000000057040000,0x0000000057140000)]
  0x0000000054b81000 JavaThread "Finalizer" daemon [_thread_blocked, id=9260, stack(0x0000000056900000,0x0000000056a00000)]
  0x0000000054b7c000 JavaThread "Reference Handler" daemon [_thread_blocked, id=8760, stack(0x00000000566e0000,0x00000000567e0000)]
  0x000000000289a000 JavaThread "main" [_thread_blocked, id=8712, stack(0x0000000002bc0000,0x0000000002cc0000)]

Other Threads:
  0x0000000054b78800 VMThread [stack: 0x00000000565c0000,0x00000000566c0000] [id=8660]
  0x0000000056e58000 WatcherThread [stack: 0x00000000574b0000,0x00000000575b0000] [id=9600]

VM state:not at safepoint (normal execution)

VM Mutex/Monitor currently owned by a thread: None

Heap:
 PSYoungGen      total 194560K, used 149387K [0x00000000f0000000, 0x0000000100000000, 0x0000000100000000)
  eden space 146432K, 69% used [0x00000000f0000000,0x00000000f630cd38,0x00000000f8f00000)
  from space 48128K, 99% used [0x00000000f8f00000,0x00000000fbdd6018,0x00000000fbe00000)
  to   space 62976K, 0% used [0x00000000fc280000,0x00000000fc280000,0x0000000100000000)
 ParOldGen       total 113664K, used 96540K [0x00000000d0000000, 0x00000000d6f00000, 0x00000000f0000000)
  object space 113664K, 84% used [0x00000000d0000000,0x00000000d5e470e0,0x00000000d6f00000)
 Metaspace       used 71855K, capacity 73840K, committed 74112K, reserved 1116160K
  class space    used 7735K, capacity 8291K, committed 8320K, reserved 1048576K

Card table byte_map: [0x0000000012080000,0x0000000012210000] byte_map_base: 0x0000000011a00000

Marking Bits: (ParMarkBitMap*) 0x00000000561812b0
 Begin Bits: [0x0000000012870000, 0x0000000013470000)
 End Bits:   [0x0000000013470000, 0x0000000014070000)

Polling page: 0x00000000003a0000

CodeCache: size=245760Kb used=23050Kb max_used=23773Kb free=222710Kb
 bounds [0x0000000002cc0000, 0x0000000004410000, 0x0000000011cc0000]
 total_blobs=6818 nmethods=6054 adapters=675
 compilation: enabled

Compilation events (10 events):
Event: 47.493 Thread 0x0000000056d13800 7129       2       liquibase.servicelocator.DefaultPackageScanClassResolver::getClassLoaders (94 bytes)
Event: 47.495 Thread 0x0000000056d13800 nmethod 7129 0x000000000311eed0 code [0x000000000311f100, 0x000000000311f898]
Event: 47.499 Thread 0x0000000056d13800 7130   !   2       liquibase.servicelocator.DefaultPackageScanClassResolver::addIfMatching (494 bytes)
Event: 47.505 Thread 0x0000000056d13800 nmethod 7130 0x0000000003777710 code [0x0000000003777d40, 0x0000000003779ac8]
Event: 47.592 Thread 0x0000000056c81800 nmethod 6679 0x000000000316c0d0 code [0x000000000316c860, 0x0000000003174cd8]
Event: 47.592 Thread 0x0000000056c81800 6866       4       org.codehaus.groovy.runtime.metaclass.MetaMethodIndex::isMatchingMethod (68 bytes)
Event: 47.595 Thread 0x0000000056c81800 nmethod 6866 0x00000000032da6d0 code [0x00000000032da820, 0x00000000032da958]
Event: 47.595 Thread 0x0000000056c81800 6824       4       groovy.lang.MetaClassImpl::findPropertyMethod (356 bytes)
Event: 47.618 Thread 0x0000000056d13800 7131       2       liquibase.servicelocator.AssignableToPackageScanFilter::matches (63 bytes)
Event: 47.618 Thread 0x0000000056d13800 nmethod 7131 0x00000000032da090 code [0x00000000032da240, 0x00000000032da528]

GC Heap History (10 events):
Event: 41.383 GC heap before
{Heap before GC invocations=58 (full 7):
 PSYoungGen      total 211456K, used 195884K [0x00000000f0000000, 0x0000000100000000, 0x0000000100000000)
  eden space 175104K, 100% used [0x00000000f0000000,0x00000000fab00000,0x00000000fab00000)
  from space 36352K, 57% used [0x00000000fdc80000,0x00000000ff0cb008,0x0000000100000000)
  to   space 43520K, 0% used [0x00000000fab00000,0x00000000fab00000,0x00000000fd580000)
 ParOldGen       total 113664K, used 95228K [0x00000000d0000000, 0x00000000d6f00000, 0x00000000f0000000)
  object space 113664K, 83% used [0x00000000d0000000,0x00000000d5cff0e0,0x00000000d6f00000)
 Metaspace       used 66470K, capacity 68200K, committed 68480K, reserved 1110016K
  class space    used 6928K, capacity 7429K, committed 7552K, reserved 1048576K
Event: 41.478 GC heap after
Heap after GC invocations=58 (full 7):
 PSYoungGen      total 204288K, used 28702K [0x00000000f0000000, 0x0000000100000000, 0x0000000100000000)
  eden space 175104K, 0% used [0x00000000f0000000,0x00000000f0000000,0x00000000fab00000)
  from space 29184K, 98% used [0x00000000fab00000,0x00000000fc707a40,0x00000000fc780000)
  to   space 44544K, 0% used [0x00000000fd480000,0x00000000fd480000,0x0000000100000000)
 ParOldGen       total 113664K, used 95236K [0x00000000d0000000, 0x00000000d6f00000, 0x00000000f0000000)
  object space 113664K, 83% used [0x00000000d0000000,0x00000000d5d010e0,0x00000000d6f00000)
 Metaspace       used 66470K, capacity 68200K, committed 68480K, reserved 1110016K
  class space    used 6928K, capacity 7429K, committed 7552K, reserved 1048576K
}
Event: 42.557 GC heap before
{Heap before GC invocations=59 (full 7):
 PSYoungGen      total 204288K, used 198582K [0x00000000f0000000, 0x0000000100000000, 0x0000000100000000)
  eden space 175104K, 97% used [0x00000000f0000000,0x00000000fa5e6188,0x00000000fab00000)
  from space 29184K, 98% used [0x00000000fab00000,0x00000000fc707a40,0x00000000fc780000)
  to   space 44544K, 0% used [0x00000000fd480000,0x00000000fd480000,0x0000000100000000)
 ParOldGen       total 113664K, used 95236K [0x00000000d0000000, 0x00000000d6f00000, 0x00000000f0000000)
  object space 113664K, 83% used [0x00000000d0000000,0x00000000d5d010e0,0x00000000d6f00000)
 Metaspace       used 68029K, capacity 69722K, committed 69888K, reserved 1112064K
  class space    used 7160K, capacity 7656K, committed 7680K, reserved 1048576K
Event: 42.836 GC heap after
Heap after GC invocations=59 (full 7):
 PSYoungGen      total 211456K, used 34795K [0x00000000f0000000, 0x0000000100000000, 0x0000000100000000)
  eden space 166912K, 0% used [0x00000000f0000000,0x00000000f0000000,0x00000000fa300000)
  from space 44544K, 78% used [0x00000000fd480000,0x00000000ff67af98,0x0000000100000000)
  to   space 47616K, 0% used [0x00000000fa300000,0x00000000fa300000,0x00000000fd180000)
 ParOldGen       total 113664K, used 95236K [0x00000000d0000000, 0x00000000d6f00000, 0x00000000f0000000)
  object space 113664K, 83% used [0x00000000d0000000,0x00000000d5d010e0,0x00000000d6f00000)
 Metaspace       used 68029K, capacity 69722K, committed 69888K, reserved 1112064K
  class space    used 7160K, capacity 7656K, committed 7680K, reserved 1048576K
}
Event: 44.110 GC heap before
{Heap before GC invocations=60 (full 7):
 PSYoungGen      total 211456K, used 195620K [0x00000000f0000000, 0x0000000100000000, 0x0000000100000000)
  eden space 166912K, 96% used [0x00000000f0000000,0x00000000f9d0e0a0,0x00000000fa300000)
  from space 44544K, 78% used [0x00000000fd480000,0x00000000ff67af98,0x0000000100000000)
  to   space 47616K, 0% used [0x00000000fa300000,0x00000000fa300000,0x00000000fd180000)
 ParOldGen       total 113664K, used 95236K [0x00000000d0000000, 0x00000000d6f00000, 0x00000000f0000000)
  object space 113664K, 83% used [0x00000000d0000000,0x00000000d5d010e0,0x00000000d6f00000)
 Metaspace       used 68923K, capacity 70666K, committed 71040K, reserved 1112064K
  class space    used 7258K, capacity 7753K, committed 7808K, reserved 1048576K
Event: 44.476 GC heap after
Heap after GC invocations=60 (full 7):
 PSYoungGen      total 206848K, used 39731K [0x00000000f0000000, 0x0000000100000000, 0x0000000100000000)
  eden space 166912K, 0% used [0x00000000f0000000,0x00000000f0000000,0x00000000fa300000)
  from space 39936K, 99% used [0x00000000fa300000,0x00000000fc9ccf58,0x00000000fca00000)
  to   space 51712K, 0% used [0x00000000fcd80000,0x00000000fcd80000,0x0000000100000000)
 ParOldGen       total 113664K, used 95236K [0x00000000d0000000, 0x00000000d6f00000, 0x00000000f0000000)
  object space 113664K, 83% used [0x00000000d0000000,0x00000000d5d010e0,0x00000000d6f00000)
 Metaspace       used 68923K, capacity 70666K, committed 71040K, reserved 1112064K
  class space    used 7258K, capacity 7753K, committed 7808K, reserved 1048576K
}
Event: 46.853 GC heap before
{Heap before GC invocations=61 (full 7):
 PSYoungGen      total 206848K, used 206643K [0x00000000f0000000, 0x0000000100000000, 0x0000000100000000)
  eden space 166912K, 100% used [0x00000000f0000000,0x00000000fa300000,0x00000000fa300000)
  from space 39936K, 99% used [0x00000000fa300000,0x00000000fc9ccf58,0x00000000fca00000)
  to   space 51712K, 0% used [0x00000000fcd80000,0x00000000fcd80000,0x0000000100000000)
 ParOldGen       total 113664K, used 95236K [0x00000000d0000000, 0x00000000d6f00000, 0x00000000f0000000)
  object space 113664K, 83% used [0x00000000d0000000,0x00000000d5d010e0,0x00000000d6f00000)
 Metaspace       used 70121K, capacity 72062K, committed 72320K, reserved 1114112K
  class space    used 7434K, capacity 7998K, committed 8064K, reserved 1048576K
Event: 46.932 GC heap after
Heap after GC invocations=61 (full 7):
 PSYoungGen      total 198144K, used 46622K [0x00000000f0000000, 0x0000000100000000, 0x0000000100000000)
  eden space 146432K, 0% used [0x00000000f0000000,0x00000000f0000000,0x00000000f8f00000)
  from space 51712K, 90% used [0x00000000fcd80000,0x00000000ffb07888,0x0000000100000000)
  to   space 57856K, 0% used [0x00000000f8f00000,0x00000000f8f00000,0x00000000fc780000)
 ParOldGen       total 113664K, used 96532K [0x00000000d0000000, 0x00000000d6f00000, 0x00000000f0000000)
  object space 113664K, 84% used [0x00000000d0000000,0x00000000d5e450e0,0x00000000d6f00000)
 Metaspace       used 70121K, capacity 72062K, committed 72320K, reserved 1114112K
  class space    used 7434K, capacity 7998K, committed 8064K, reserved 1048576K
}
Event: 47.333 GC heap before
{Heap before GC invocations=62 (full 7):
 PSYoungGen      total 198144K, used 183583K [0x00000000f0000000, 0x0000000100000000, 0x0000000100000000)
  eden space 146432K, 93% used [0x00000000f0000000,0x00000000f85c0438,0x00000000f8f00000)
  from space 51712K, 90% used [0x00000000fcd80000,0x00000000ffb07888,0x0000000100000000)
  to   space 57856K, 0% used [0x00000000f8f00000,0x00000000f8f00000,0x00000000fc780000)
 ParOldGen       total 113664K, used 96532K [0x00000000d0000000, 0x00000000d6f00000, 0x00000000f0000000)
  object space 113664K, 84% used [0x00000000d0000000,0x00000000d5e450e0,0x00000000d6f00000)
 Metaspace       used 71123K, capacity 73066K, committed 73216K, reserved 1114112K
  class space    used 7613K, capacity 8161K, committed 8192K, reserved 1048576K
Event: 47.428 GC heap after
Heap after GC invocations=62 (full 7):
 PSYoungGen      total 194560K, used 47960K [0x00000000f0000000, 0x0000000100000000, 0x0000000100000000)
  eden space 146432K, 0% used [0x00000000f0000000,0x00000000f0000000,0x00000000f8f00000)
  from space 48128K, 99% used [0x00000000f8f00000,0x00000000fbdd6018,0x00000000fbe00000)
  to   space 62976K, 0% used [0x00000000fc280000,0x00000000fc280000,0x0000000100000000)
 ParOldGen       total 113664K, used 96540K [0x00000000d0000000, 0x00000000d6f00000, 0x00000000f0000000)
  object space 113664K, 84% used [0x00000000d0000000,0x00000000d5e470e0,0x00000000d6f00000)
 Metaspace       used 71123K, capacity 73066K, committed 73216K, reserved 1114112K
  class space    used 7613K, capacity 8161K, committed 8192K, reserved 1048576K
}

Deoptimization events (10 events):
Event: 41.548 Thread 0x000000005a27e000 Uncommon trap: reason=null_check action=make_not_entrant pc=0x00000000043da574 method=org.springsource.loaded.ri.ReloadableTypeMethodProvider.getMethod(Ljava/lang/String;[Ljava/lang/Class;)Lorg/springsource/loaded/ri/Invoker; @ 28
Event: 41.582 Thread 0x000000005a27e000 Uncommon trap: reason=unloaded action=reinterpret pc=0x000000000384eafc method=org.springframework.core.BridgeMethodResolver.findBridgedMethod(Ljava/lang/reflect/Method;)Ljava/lang/reflect/Method; @ 13
Event: 41.722 Thread 0x000000005a27e000 Uncommon trap: reason=unreached action=reinterpret pc=0x000000000434ebd4 method=java.lang.reflect.AnnotatedElement.isAnnotationPresent(Ljava/lang/Class;)Z @ 7
Event: 41.722 Thread 0x000000005a27e000 Uncommon trap: reason=unreached action=reinterpret pc=0x0000000004361798 method=java.lang.reflect.AnnotatedElement.isAnnotationPresent(Ljava/lang/Class;)Z @ 7
Event: 41.846 Thread 0x000000005a27e000 Uncommon trap: reason=class_check action=maybe_recompile pc=0x0000000003355d84 method=sun.reflect.generics.factory.CoreReflectionFactory.getDeclsLoader()Ljava/lang/ClassLoader; @ 25
Event: 41.846 Thread 0x000000005a27e000 Uncommon trap: reason=class_check action=maybe_recompile pc=0x0000000003355d84 method=sun.reflect.generics.factory.CoreReflectionFactory.getDeclsLoader()Ljava/lang/ClassLoader; @ 25
Event: 45.168 Thread 0x000000005a27e000 Uncommon trap: reason=class_check action=maybe_recompile pc=0x0000000003cc85cc method=sun.reflect.generics.factory.CoreReflectionFactory.findTypeVariable(Ljava/lang/String;)Ljava/lang/reflect/TypeVariable; @ 5
Event: 45.168 Thread 0x000000005a27e000 Uncommon trap: reason=class_check action=maybe_recompile pc=0x0000000003cc85cc method=sun.reflect.generics.factory.CoreReflectionFactory.findTypeVariable(Ljava/lang/String;)Ljava/lang/reflect/TypeVariable; @ 5
Event: 45.736 Thread 0x000000005a27e000 Uncommon trap: reason=class_check action=maybe_recompile pc=0x0000000003ceddf8 method=sun.reflect.generics.factory.CoreReflectionFactory.findTypeVariable(Ljava/lang/String;)Ljava/lang/reflect/TypeVariable; @ 5
Event: 45.763 Thread 0x000000005a27e000 Uncommon trap: reason=unreached action=reinterpret pc=0x00000000043ba114 method=org.codehaus.groovy.runtime.metaclass.MetaMethodIndex.isNonRealMethod(Lgroovy/lang/MetaMethod;)Z @ 32

Internal exceptions (10 events):
Event: 47.622 Thread 0x000000005a27e000 Exception <a 'java/security/PrivilegedActionException'> (0x00000000f5594618) thrown at [C:\re\workspace\8-2-build-windows-amd64-cygwin\jdk8u11\648\hotspot\src\share\vm\prims\jvm.cpp, line 1248]
Event: 47.622 Thread 0x000000005a27e000 Exception <a 'java/security/PrivilegedActionException'> (0x00000000f5598490) thrown at [C:\re\workspace\8-2-build-windows-amd64-cygwin\jdk8u11\648\hotspot\src\share\vm\prims\jvm.cpp, line 1248]
Event: 47.623 Thread 0x000000005a27e000 Exception <a 'java/security/PrivilegedActionException'> (0x00000000f55ae930) thrown at [C:\re\workspace\8-2-build-windows-amd64-cygwin\jdk8u11\648\hotspot\src\share\vm\prims\jvm.cpp, line 1248]
Event: 47.623 Thread 0x000000005a27e000 Exception <a 'java/security/PrivilegedActionException'> (0x00000000f55b1c18) thrown at [C:\re\workspace\8-2-build-windows-amd64-cygwin\jdk8u11\648\hotspot\src\share\vm\prims\jvm.cpp, line 1248]
Event: 47.625 Thread 0x000000005a27e000 Exception <a 'java/security/PrivilegedActionException'> (0x00000000f55c8470) thrown at [C:\re\workspace\8-2-build-windows-amd64-cygwin\jdk8u11\648\hotspot\src\share\vm\prims\jvm.cpp, line 1248]
Event: 47.625 Thread 0x000000005a27e000 Exception <a 'java/security/PrivilegedActionException'> (0x00000000f55cc4c0) thrown at [C:\re\workspace\8-2-build-windows-amd64-cygwin\jdk8u11\648\hotspot\src\share\vm\prims\jvm.cpp, line 1248]
Event: 47.627 Thread 0x000000005a27e000 Exception <a 'java/security/PrivilegedActionException'> (0x00000000f55f3ce0) thrown at [C:\re\workspace\8-2-build-windows-amd64-cygwin\jdk8u11\648\hotspot\src\share\vm\prims\jvm.cpp, line 1248]
Event: 47.627 Thread 0x000000005a27e000 Exception <a 'java/security/PrivilegedActionException'> (0x00000000f55f6a88) thrown at [C:\re\workspace\8-2-build-windows-amd64-cygwin\jdk8u11\648\hotspot\src\share\vm\prims\jvm.cpp, line 1248]
Event: 47.630 Thread 0x000000005a27e000 Exception <a 'java/security/PrivilegedActionException'> (0x00000000f560f588) thrown at [C:\re\workspace\8-2-build-windows-amd64-cygwin\jdk8u11\648\hotspot\src\share\vm\prims\jvm.cpp, line 1248]
Event: 47.630 Thread 0x000000005a27e000 Exception <a 'java/security/PrivilegedActionException'> (0x00000000f5612b38) thrown at [C:\re\workspace\8-2-build-windows-amd64-cygwin\jdk8u11\648\hotspot\src\share\vm\prims\jvm.cpp, line 1248]

Events (10 events):
Event: 47.622 loading class liquibase/snapshot/jvm/MySQLDatabaseSnapshotGenerator
Event: 47.622 loading class liquibase/snapshot/jvm/MySQLDatabaseSnapshotGenerator done
Event: 47.623 loading class liquibase/snapshot/DatabaseSnapshot
Event: 47.623 loading class liquibase/snapshot/DatabaseSnapshot done
Event: 47.624 loading class liquibase/snapshot/jvm/InformixDatabaseSnapshotGenerator
Event: 47.624 loading class liquibase/snapshot/jvm/InformixDatabaseSnapshotGenerator done
Event: 47.627 loading class liquibase/logging/LogFactory
Event: 47.627 loading class liquibase/logging/LogFactory done
Event: 47.630 loading class liquibase/servicelocator/LiquibaseService
Event: 47.630 loading class liquibase/servicelocator/LiquibaseService done


Dynamic libraries:
0x000000013feb0000 - 0x000000013fee4000 	C:\Program Files\Java\jdk1.8.0_11\bin\java.exe
0x0000000077430000 - 0x00000000775d9000 	C:\Windows\SYSTEM32\ntdll.dll
0x0000000077310000 - 0x000000007742f000 	C:\Windows\system32\kernel32.dll
0x000007fefd9a0000 - 0x000007fefda0c000 	C:\Windows\system32\KERNELBASE.dll
0x000007feff3b0000 - 0x000007feff48b000 	C:\Windows\system32\ADVAPI32.dll
0x000007fefdea0000 - 0x000007fefdf3f000 	C:\Windows\system32\msvcrt.dll
0x000007fefdc60000 - 0x000007fefdc7f000 	C:\Windows\SYSTEM32\sechost.dll
0x000007feff060000 - 0x000007feff18d000 	C:\Windows\system32\RPCRT4.dll
0x0000000077210000 - 0x000000007730a000 	C:\Windows\system32\USER32.dll
0x000007fefdd80000 - 0x000007fefdde7000 	C:\Windows\system32\GDI32.dll
0x000007feff3a0000 - 0x000007feff3ae000 	C:\Windows\system32\LPK.dll
0x000007feff490000 - 0x000007feff559000 	C:\Windows\system32\USP10.dll
0x000007fefbe90000 - 0x000007fefc084000 	C:\Windows\WinSxS\amd64_microsoft.windows.common-controls_6595b64144ccf1df_6.0.7601.17514_none_fa396087175ac9ac\COMCTL32.dll
0x000007fefdd00000 - 0x000007fefdd71000 	C:\Windows\system32\SHLWAPI.dll
0x000007fefdcd0000 - 0x000007fefdcfe000 	C:\Windows\system32\IMM32.DLL
0x000007fefeeb0000 - 0x000007fefefb9000 	C:\Windows\system32\MSCTF.dll
0x0000000180000000 - 0x000000018001c000 	C:\Windows\system32\btpload64.dll
0x00000000775f0000 - 0x00000000775f7000 	C:\Windows\system32\PSAPI.DLL
0x0000000000340000 - 0x000000000036c000 	C:\Windows\system32\privman64.dll
0x000007fefd7e0000 - 0x000007fefd7ec000 	C:\Windows\system32\VERSION.dll
0x000007fefdf40000 - 0x000007fefecc9000 	C:\Windows\system32\SHELL32.dll
0x000007fefd7c0000 - 0x000007fefd7de000 	C:\Windows\system32\USERENV.dll
0x000007fefd890000 - 0x000007fefd89f000 	C:\Windows\system32\profapi.dll
0x000000006ed90000 - 0x000000006ee62000 	C:\Program Files\Java\jdk1.8.0_11\jre\bin\msvcr100.dll
0x00000000559d0000 - 0x00000000561fa000 	C:\Program Files\Java\jdk1.8.0_11\jre\bin\server\jvm.dll
0x000007fefcd70000 - 0x000007fefcd79000 	C:\Windows\system32\WSOCK32.dll
0x000007fefdc80000 - 0x000007fefdccd000 	C:\Windows\system32\WS2_32.dll
0x000007fefddf0000 - 0x000007fefddf8000 	C:\Windows\system32\NSI.dll
0x000007fefb3d0000 - 0x000007fefb40b000 	C:\Windows\system32\WINMM.dll
0x00000000707c0000 - 0x00000000707cf000 	C:\Program Files\Java\jdk1.8.0_11\jre\bin\verify.dll
0x0000000070790000 - 0x00000000707b8000 	C:\Program Files\Java\jdk1.8.0_11\jre\bin\java.dll
0x000000006ed60000 - 0x000000006ed83000 	C:\Program Files\Java\jdk1.8.0_11\jre\bin\instrument.dll
0x0000000070460000 - 0x0000000070476000 	C:\Program Files\Java\jdk1.8.0_11\jre\bin\zip.dll
0x0000000056a00000 - 0x0000000056c03000 	C:\Windows\system32\ole32.dll
0x000007fefd130000 - 0x000007fefd147000 	C:\Windows\system32\CRYPTSP.dll
0x000007fefce30000 - 0x000007fefce77000 	C:\Windows\system32\rsaenh.dll
0x000007fefd790000 - 0x000007fefd79f000 	C:\Windows\system32\CRYPTBASE.dll
0x0000000070440000 - 0x000000007045a000 	C:\Program Files\Java\jdk1.8.0_11\jre\bin\net.dll
0x000007fefd0d0000 - 0x000007fefd125000 	C:\Windows\system32\mswsock.dll
0x000007fefd0c0000 - 0x000007fefd0c7000 	C:\Windows\System32\wship6.dll
0x000007fefc460000 - 0x000007fefc487000 	C:\Windows\system32\IPHLPAPI.DLL
0x000007fefc450000 - 0x000007fefc45b000 	C:\Windows\system32\WINNSI.DLL
0x000007fefadd0000 - 0x000007fefade8000 	C:\Windows\system32\dhcpcsvc.DLL
0x000007fefae10000 - 0x000007fefae21000 	C:\Windows\system32\dhcpcsvc6.DLL
0x0000000070420000 - 0x0000000070431000 	C:\Program Files\Java\jdk1.8.0_11\jre\bin\nio.dll
0x000007fefc580000 - 0x000007fefc58a000 	C:\Users\rgopal\AppData\Local\Temp\jansi-64-6007516344883676462.dll
0x0000000070780000 - 0x000000007078d000 	C:\Program Files\Java\jdk1.8.0_11\jre\bin\management.dll
0x000007fefc950000 - 0x000007fefc957000 	C:\Windows\System32\wshtcpip.dll
0x000007fefcf50000 - 0x000007fefcfab000 	C:\Windows\system32\DNSAPI.dll
0x0000000074b00000 - 0x0000000074b26000 	C:\Program Files\Bonjour\mdnsNSP.dll
0x000007fefae00000 - 0x000007fefae08000 	C:\Windows\system32\rasadhlp.dll
0x000007fefad70000 - 0x000007fefadc3000 	C:\Windows\System32\fwpuclnt.dll
0x000007fefaf50000 - 0x000007fefaf65000 	C:\Windows\system32\NLAapi.dll
0x000007fefaf30000 - 0x000007fefaf45000 	C:\Windows\system32\napinsp.dll
0x000007fefaea0000 - 0x000007fefaeb9000 	C:\Windows\system32\pnrpnsp.dll
0x000007fefae90000 - 0x000007fefae9b000 	C:\Windows\System32\winrnr.dll
0x000007fefae80000 - 0x000007fefae90000 	C:\Windows\system32\wshbth.dll
0x000007fef3a30000 - 0x000007fef3b55000 	C:\Windows\system32\dbghelp.dll

VM Arguments:
jvm_args: -Dfile.encoding=UTF-8 -Xmx768M -Xms64M -Dgrails.fork.parent.process.port=53827 -Dgrails.fork.active=true -Dgrails.build.execution.context=C:\Users\rgopal\AppData\Local\Temp\central1203354757800647327grails-execution-context -Dgrails.home=C:\Users\rgopal\Documents\grails-2.4.4\grails-2.4.4 -javaagent:C:\Users\rgopal\Documents\grails-2.4.4\grails-2.4.4\lib\org.springframework\springloaded\jars\springloaded-1.2.1.RELEASE.jar -Xverify:none -Dspringloaded.synchronize=true -Djdk.reflect.allowGetCallerClass=true -Dspringloaded=profile=grails;cacheDir=C:\Users\rgopal/.grails/2.4.4/ 
java_command: org.grails.plugins.tomcat.fork.ForkedTomcatServer
java_class_path (initial): C:\Program Files\Java\jdk1.8.0_11\lib\tools.jar;C:\Users\rgopal\Documents\grails-2.4.4\grails-2.4.4\lib\org.codehaus.groovy\groovy-all\jars\groovy-all-2.3.7.jar;C:\Users\rgopal\Documents\grails-2.4.4\grails-2.4.4\lib\org.slf4j\jcl-over-slf4j\jars\jcl-over-slf4j-1.7.5.jar;C:\Users\rgopal\Documents\grails-2.4.4\grails-2.4.4\lib\org.codehaus.gant\gant_groovy1.8\jars\gant_groovy1.8-1.9.6.jar;C:\Users\rgopal\Documents\grails-2.4.4\grails-2.4.4\lib\org.apache.tomcat.embed\tomcat-embed-logging-log4j\jars\tomcat-embed-logging-log4j-7.0.50.jar;C:\Users\rgopal\Documents\grails-2.4.4\grails-2.4.4\dist\grails-plugin-log4j-2.4.4.jar;C:\Users\rgopal\Documents\grails-2.4.4\grails-2.4.4\lib\log4j\log4j\jars\log4j-1.2.17.jar;C:\Users\rgopal\Documents\grails-2.4.4\grails-2.4.4\dist\grails-bootstrap-2.4.4.jar;C:\Users\rgopal\Documents\grails-2.4.4\grails-2.4.4\lib\org.slf4j\slf4j-api\jars\slf4j-api-1.7.5.jar;C:\Users\rgopal\Documents\grails-2.4.4\grails-2.4.4\lib\jline\jline\jars\jline-2.12.jar;C:\Users\rgopal\Documents\grails-2.4.4\grails-2.4.4\lib\org.apache.ant\ant\jars\ant-1.8.4.jar;C:\Users\rgopal\Documents\grails-2.4.4\grails-2.4.4\lib\org.apache.ant\ant-launcher\jars\ant-launcher-1.8.4.jar;C:\Users\rgopal\Documents\grails-2.4.4\grails-2.4.4\lib\org.apache.ant\ant-trax\jars\ant-trax-1.7.1.jar;C:\Users\rgopal\Documents\grails-2.4.4\grails-2.4.4\lib\org.apache.ant\ant-junit\jars\ant-junit-1.8.4.jar;C:\Users\rgopal\Documents\grails-2.4.4\grails-2.4.4\lib\org.apache.ivy\ivy\jars\ivy-2.3.0.jar;C:\Users\rgopal\Documents\grails-2.4.4\grails-2.4.4\lib\org.fusesource.jansi\jansi\jars\jansi-1.11.jar;C:\Users\rgopal\.m2\repository\org\apache\tomcat\tomcat-catalina-ant\7.0.55\tomcat-catalina-ant-7.0.55.jar;C:\Users\rgopal\.m2\repository\org\apache\tomcat\embed\tomcat-embed-jasper\7.0.55\tomcat-embed-jasper-7.0.55.jar;C:\Users\rgopal\.m2\repository\org\apache\tomcat\embed\tomcat-embed-el\7.0.55\tomcat-embed-el-7.0.55.jar;C:\Users\rgopal\.m2\repository\org\apache\
Launcher Type: SUN_STANDARD

Environment Variables:
JAVA_HOME=C:\Program Files\Java\jdk1.8.0_11
PATH=C:\Windows\system32;C:\Windows;C:\Windows\System32\Wbem;C:\Windows\System32\WindowsPowerShell\v1.0\;C:\users\rgopal\My Documents\springsource\grails-2.3.5\bin\;c:\Program Files\Java\jdk1.7.0_51\bin\;C:\Program Files (x86)\MiKTeX 2.9\miktex\bin\
USERNAME=rgopal
OS=Windows_NT
PROCESSOR_IDENTIFIER=Intel64 Family 6 Model 37 Stepping 5, GenuineIntel



---------------  S Y S T E M  ---------------

OS: Windows 7 , 64 bit Build 7601 Service Pack 1

CPU:total 4 (2 cores per cpu, 2 threads per core) family 6 model 37 stepping 5, cmov, cx8, fxsr, mmx, sse, sse2, sse3, ssse3, sse4.1, sse4.2, popcnt, aes, clmul, ht, tsc, tscinvbit

Memory: 4k page, physical 8181608k(2024728k free), swap 16361352k(9388468k free)

vm_info: Java HotSpot(TM) 64-Bit Server VM (25.11-b03) for windows-amd64 JRE (1.8.0_11-b12), built on Jun 16 2014 20:57:32 by "java_re" with MS VC++ 10.0 (VS2010)

time: Sat Apr 18 17:51:47 2015
elapsed time: 47 seconds

