#
# A fatal error has been detected by the Java Runtime Environment:
#
#  EXCEPTION_ACCESS_VIOLATION (0xc0000005) at pc=0x000000005abd4db2, pid=2232, tid=10528
#
# JRE version: Java(TM) SE Runtime Environment (8.0_11-b12) (build 1.8.0_11-b12)
# Java VM: Java HotSpot(TM) 64-Bit Server VM (25.11-b03 mixed mode windows-amd64 compressed oops)
# Problematic frame:
# V  [jvm.dll+0x424db2]
#
# Failed to write core dump. Minidumps are not enabled by default on client versions of Windows
#
# If you would like to submit a bug report, please visit:
#   http://bugreport.sun.com/bugreport/crash.jsp
#

---------------  T H R E A D  ---------------

Current thread (0x00000000564df800):  JavaThread "C2 CompilerThread0" daemon [_thread_in_native, id=10528, stack(0x0000000056b10000,0x0000000056c10000)]

siginfo: ExceptionCode=0xc0000005, reading address 0x0000000000000000

Registers:
RAX=0x000000005e778018, RBX=0x0000000000000600, RCX=0x0000000000000000, RDX=0x0000000059c103d0
RSP=0x0000000056c0c870, RBP=0x00000000000000c0, RSI=0x00000000000000b8, RDI=0x0000000000000000
R8 =0x000000005a7b0000, R9 =0x0000000056c0cb90, R10=0x00000000ffffffff, R11=0x00000000564e4700
R12=0x000000005e778720, R13=0x0000000061824b88, R14=0x0000000000000008, R15=0x0000000061824b88
RIP=0x000000005abd4db2, EFLAGS=0x0000000000010206

Top of Stack: (sp=0x0000000056c0c870)
0x0000000056c0c870:   00000000000000da 0000000059c0c150
0x0000000056c0c880:   0000000000000000 000000005cfebbf0
0x0000000056c0c890:   0000000000000001 0000000000000600
0x0000000056c0c8a0:   0000000000000180 00000000000000c0
0x0000000056c0c8b0:   000000005c540060 00000000564d7300
0x0000000056c0c8c0:   00000000000006c8 0000000059c0c150
0x0000000056c0c8d0:   0000000056c0cb90 000000005e7751b0
0x0000000056c0c8e0:   0000000000000020 0000000000000009
0x0000000056c0c8f0:   000000005e7786f0 00000000000000da
0x0000000056c0c900:   0000000061824b88 000000005abd598d
0x0000000056c0c910:   000000005e7786f0 000000000000001c
0x0000000056c0c920:   00000000000000da 0000000056c0cb90
0x0000000056c0c930:   0000000059c103d0 00000000000000da
0x0000000056c0c940:   000000005e7751b0 0000000000000020
0x0000000056c0c950:   0000000058297ac0 0000000056c0ef00
0x0000000056c0c960:   00000000582980f0 000000005e7786f0 

Instructions: (pc=0x000000005abd4db2)
0x000000005abd4d92:   c6 48 63 f0 48 03 f1 eb 04 48 83 ce ff 48 8b 84
0x000000005abd4da2:   24 a0 00 00 00 48 8b 40 08 48 8b 3c 03 48 8b cf
0x000000005abd4db2:   48 8b 07 ff 50 28 4c 8d 05 41 b2 bd ff 48 63 50
0x000000005abd4dc2:   10 4c 8b d8 48 8b ca 48 c1 e1 05 42 80 bc 01 c0 


Register to memory mapping:

RAX=0x000000005e778018 is an unknown value
RBX=0x0000000000000600 is an unknown value
RCX=0x0000000000000000 is an unknown value
RDX=0x0000000059c103d0 is an unknown value
RSP=0x0000000056c0c870 is pointing into the stack for thread: 0x00000000564df800
RBP=0x00000000000000c0 is an unknown value
RSI=0x00000000000000b8 is an unknown value
RDI=0x0000000000000000 is an unknown value
R8 =0x000000005a7b0000 is an unknown value
R9 =0x0000000056c0cb90 is pointing into the stack for thread: 0x00000000564df800
R10=0x00000000ffffffff is an unknown value
R11=0x00000000564e4700 is an unknown value
R12=0x000000005e778720 is an unknown value
R13=0x0000000061824b88 is an unknown value
R14=0x0000000000000008 is an unknown value
R15=0x0000000061824b88 is an unknown value


Stack: [0x0000000056b10000,0x0000000056c10000],  sp=0x0000000056c0c870,  free space=1010k
Native frames: (J=compiled Java code, j=interpreted, Vv=VM code, C=native code)
V  [jvm.dll+0x424db2]
V  [jvm.dll+0x42598d]
V  [jvm.dll+0x425ecf]
V  [jvm.dll+0x4c5a84]
V  [jvm.dll+0x4415bc]
V  [jvm.dll+0x443a29]
V  [jvm.dll+0x427722]
V  [jvm.dll+0x96982]
V  [jvm.dll+0x97173]
V  [jvm.dll+0x2234b4]
V  [jvm.dll+0x27bcca]
C  [msvcr100.dll+0x21d9f]
C  [msvcr100.dll+0x21e3b]
C  [kernel32.dll+0x159ed]
C  [ntdll.dll+0x2c541]


Current CompileTask:
C2:  46784 7048       4       groovy.lang.MetaClassImpl::findPropertyMethod (356 bytes)


---------------  P R O C E S S  ---------------

Java Threads: ( => current thread )
  0x0000000058212000 JavaThread "com.oumuo.SecurityGroup.data" daemon [_thread_blocked, id=9852, stack(0x00000000590d0000,0x00000000591d0000)]
  0x0000000058211000 JavaThread "com.oumuo.Authority.data" daemon [_thread_blocked, id=6580, stack(0x0000000060520000,0x0000000060620000)]
  0x000000005820f800 JavaThread "net.sf.ehcache.CacheManager@5971ae4d" daemon [_thread_blocked, id=6920, stack(0x000000005e9a0000,0x000000005eaa0000)]
  0x000000005820f000 JavaThread "PoolCleaner[1070157899:1428802129244]" daemon [_thread_blocked, id=6868, stack(0x000000005fba0000,0x000000005fca0000)]
  0x0000000058dd7000 JavaThread "FileSystemWatcher: files=#289 cl=groovy.lang.GroovyClassLoader@3fc9504b" daemon [_thread_blocked, id=4428, stack(0x000000005bd70000,0x000000005be70000)]
  0x000000005927c800 JavaThread "localhost-startStop-1" daemon [_thread_in_Java, id=9700, stack(0x000000005ba20000,0x000000005bb20000)]
  0x0000000056719800 JavaThread "Tomcat-startStop-1" daemon [_thread_blocked, id=5092, stack(0x000000005b840000,0x000000005b940000)]
  0x0000000058ca3000 JavaThread "Thread-3" [_thread_in_native, id=4816, stack(0x000000005b460000,0x000000005b560000)]
  0x0000000057af4800 JavaThread "Thread-2" [_thread_blocked, id=8524, stack(0x000000005a650000,0x000000005a750000)]
  0x00000000577c3800 JavaThread "NonBlockingInputStreamThread" daemon [_thread_blocked, id=9476, stack(0x0000000012600000,0x0000000012700000)]
  0x000000005657b800 JavaThread "Service Thread" daemon [_thread_blocked, id=12088, stack(0x0000000057020000,0x0000000057120000)]
  0x0000000056529000 JavaThread "C1 CompilerThread2" daemon [_thread_blocked, id=11848, stack(0x0000000056e50000,0x0000000056f50000)]
  0x00000000564dc800 JavaThread "C2 CompilerThread1" daemon [_thread_in_native, id=11292, stack(0x0000000056c60000,0x0000000056d60000)]
=>0x00000000564df800 JavaThread "C2 CompilerThread0" daemon [_thread_in_native, id=10528, stack(0x0000000056b10000,0x0000000056c10000)]
  0x00000000563e5000 JavaThread "Attach Listener" daemon [_thread_blocked, id=6804, stack(0x00000000568b0000,0x00000000569b0000)]
  0x00000000563e2800 JavaThread "Signal Dispatcher" daemon [_thread_blocked, id=8152, stack(0x00000000569c0000,0x0000000056ac0000)]
  0x0000000054dfa000 JavaThread "Finalizer" daemon [_thread_blocked, id=8424, stack(0x00000000562e0000,0x00000000563e0000)]
  0x0000000054def800 JavaThread "Reference Handler" daemon [_thread_blocked, id=9048, stack(0x0000000056100000,0x0000000056200000)]
  0x0000000002a3a000 JavaThread "main" [_thread_blocked, id=4912, stack(0x0000000002d80000,0x0000000002e80000)]

Other Threads:
  0x0000000054dec000 VMThread [stack: 0x0000000055f40000,0x0000000056040000] [id=8136]
  0x00000000565f3800 WatcherThread [stack: 0x0000000057250000,0x0000000057350000] [id=10796]

VM state:not at safepoint (normal execution)

VM Mutex/Monitor currently owned by a thread: None

Heap:
 PSYoungGen      total 192512K, used 155264K [0x00000000f0000000, 0x0000000100000000, 0x0000000100000000)
  eden space 138240K, 73% used [0x00000000f0000000,0x00000000f62faed8,0x00000000f8700000)
  from space 54272K, 99% used [0x00000000f8700000,0x00000000fbba5160,0x00000000fbc00000)
  to   space 69120K, 0% used [0x00000000fbc80000,0x00000000fbc80000,0x0000000100000000)
 ParOldGen       total 126976K, used 108971K [0x00000000d0000000, 0x00000000d7c00000, 0x00000000f0000000)
  object space 126976K, 85% used [0x00000000d0000000,0x00000000d6a6ae58,0x00000000d7c00000)
 Metaspace       used 76244K, capacity 78470K, committed 78640K, reserved 1120256K
  class space    used 8037K, capacity 8686K, committed 8792K, reserved 1048576K

Card table byte_map: [0x0000000012240000,0x00000000123d0000] byte_map_base: 0x0000000011bc0000

Marking Bits: (ParMarkBitMap*) 0x000000005af612b0
 Begin Bits: [0x0000000012ae0000, 0x00000000136e0000)
 End Bits:   [0x00000000136e0000, 0x00000000142e0000)

Polling page: 0x0000000000390000

CodeCache: size=245760Kb used=26737Kb max_used=26748Kb free=219022Kb
 bounds [0x0000000002e80000, 0x00000000048c0000, 0x0000000011e80000]
 total_blobs=7658 nmethods=6891 adapters=676
 compilation: enabled

Compilation events (10 events):
Event: 46.483 Thread 0x0000000056529000 7972       2       org.codehaus.groovy.ast.Parameter::setInStaticContext (6 bytes)
Event: 46.484 Thread 0x0000000056529000 nmethod 7972 0x0000000004873650 code [0x00000000048737a0, 0x00000000048738f0]
Event: 46.484 Thread 0x0000000056529000 7971       2       org.codehaus.groovy.ast.expr.ListExpression::visit (8 bytes)
Event: 46.484 Thread 0x0000000056529000 nmethod 7971 0x00000000048732d0 code [0x0000000004873440, 0x00000000048735c8]
Event: 46.545 Thread 0x0000000056529000 7973       2       org.codehaus.groovy.control.ResolveVisitor::transformMethodCallExpression (104 bytes)
Event: 46.546 Thread 0x0000000056529000 nmethod 7973 0x000000000487d210 code [0x000000000487d3a0, 0x000000000487d748]
Event: 46.627 Thread 0x00000000564df800 nmethod 7305 0x00000000048ad750 code [0x00000000048adba0, 0x00000000048b1b50]
Event: 46.627 Thread 0x00000000564df800 7048       4       groovy.lang.MetaClassImpl::findPropertyMethod (356 bytes)
Event: 46.669 Thread 0x0000000056529000 7974       2       org.codehaus.groovy.control.ResolveVisitor::visitBlockStatement (24 bytes)
Event: 46.670 Thread 0x0000000056529000 nmethod 7974 0x000000000487cdd0 code [0x000000000487cf40, 0x000000000487d108]

GC Heap History (10 events):
Event: 42.517 GC heap before
{Heap before GC invocations=59 (full 8):
 PSYoungGen      total 220672K, used 211252K [0x00000000f0000000, 0x0000000100000000, 0x0000000100000000)
  eden space 184320K, 100% used [0x00000000f0000000,0x00000000fb400000,0x00000000fb400000)
  from space 36352K, 74% used [0x00000000fdc80000,0x00000000ff6cd110,0x0000000100000000)
  to   space 38912K, 0% used [0x00000000fb400000,0x00000000fb400000,0x00000000fda00000)
 ParOldGen       total 126976K, used 108947K [0x00000000d0000000, 0x00000000d7c00000, 0x00000000f0000000)
  object space 126976K, 85% used [0x00000000d0000000,0x00000000d6a64e58,0x00000000d7c00000)
 Metaspace       used 70676K, capacity 72590K, committed 72752K, reserved 1114112K
  class space    used 7445K, capacity 8001K, committed 8024K, reserved 1048576K
Event: 42.613 GC heap after
Heap after GC invocations=59 (full 8):
 PSYoungGen      total 219648K, used 35080K [0x00000000f0000000, 0x0000000100000000, 0x0000000100000000)
  eden space 184320K, 0% used [0x00000000f0000000,0x00000000f0000000,0x00000000fb400000)
  from space 35328K, 99% used [0x00000000fb400000,0x00000000fd642098,0x00000000fd680000)
  to   space 42496K, 0% used [0x00000000fd680000,0x00000000fd680000,0x0000000100000000)
 ParOldGen       total 126976K, used 108947K [0x00000000d0000000, 0x00000000d7c00000, 0x00000000f0000000)
  object space 126976K, 85% used [0x00000000d0000000,0x00000000d6a64e58,0x00000000d7c00000)
 Metaspace       used 70676K, capacity 72590K, committed 72752K, reserved 1114112K
  class space    used 7445K, capacity 8001K, committed 8024K, reserved 1048576K
}
Event: 43.398 GC heap before
{Heap before GC invocations=60 (full 8):
 PSYoungGen      total 219648K, used 213361K [0x00000000f0000000, 0x0000000100000000, 0x0000000100000000)
  eden space 184320K, 96% used [0x00000000f0000000,0x00000000fae1a4c8,0x00000000fb400000)
  from space 35328K, 99% used [0x00000000fb400000,0x00000000fd642098,0x00000000fd680000)
  to   space 42496K, 0% used [0x00000000fd680000,0x00000000fd680000,0x0000000100000000)
 ParOldGen       total 126976K, used 108947K [0x00000000d0000000, 0x00000000d7c00000, 0x00000000f0000000)
  object space 126976K, 85% used [0x00000000d0000000,0x00000000d6a64e58,0x00000000d7c00000)
 Metaspace       used 71788K, capacity 73696K, committed 74032K, reserved 1116160K
  class space    used 7642K, capacity 8197K, committed 8280K, reserved 1048576K
Event: 43.466 GC heap after
Heap after GC invocations=60 (full 8):
 PSYoungGen      total 206336K, used 38071K [0x00000000f0000000, 0x0000000100000000, 0x0000000100000000)
  eden space 163840K, 0% used [0x00000000f0000000,0x00000000f0000000,0x00000000fa000000)
  from space 42496K, 89% used [0x00000000fd680000,0x00000000ffbadd90,0x0000000100000000)
  to   space 49152K, 0% used [0x00000000fa000000,0x00000000fa000000,0x00000000fd000000)
 ParOldGen       total 126976K, used 108955K [0x00000000d0000000, 0x00000000d7c00000, 0x00000000f0000000)
  object space 126976K, 85% used [0x00000000d0000000,0x00000000d6a66e58,0x00000000d7c00000)
 Metaspace       used 71788K, capacity 73696K, committed 74032K, reserved 1116160K
  class space    used 7642K, capacity 8197K, committed 8280K, reserved 1048576K
}
Event: 44.421 GC heap before
{Heap before GC invocations=61 (full 8):
 PSYoungGen      total 206336K, used 201911K [0x00000000f0000000, 0x0000000100000000, 0x0000000100000000)
  eden space 163840K, 100% used [0x00000000f0000000,0x00000000fa000000,0x00000000fa000000)
  from space 42496K, 89% used [0x00000000fd680000,0x00000000ffbadd90,0x0000000100000000)
  to   space 49152K, 0% used [0x00000000fa000000,0x00000000fa000000,0x00000000fd000000)
 ParOldGen       total 126976K, used 108955K [0x00000000d0000000, 0x00000000d7c00000, 0x00000000f0000000)
  object space 126976K, 85% used [0x00000000d0000000,0x00000000d6a66e58,0x00000000d7c00000)
 Metaspace       used 73222K, capacity 75156K, committed 75184K, reserved 1116160K
  class space    used 7834K, capacity 8387K, committed 8408K, reserved 1048576K
Event: 44.521 GC heap after
Heap after GC invocations=61 (full 8):
 PSYoungGen      total 205312K, used 41039K [0x00000000f0000000, 0x0000000100000000, 0x0000000100000000)
  eden space 163840K, 0% used [0x00000000f0000000,0x00000000f0000000,0x00000000fa000000)
  from space 41472K, 98% used [0x00000000fa000000,0x00000000fc813fc0,0x00000000fc880000)
  to   space 54272K, 0% used [0x00000000fcb00000,0x00000000fcb00000,0x0000000100000000)
 ParOldGen       total 126976K, used 108963K [0x00000000d0000000, 0x00000000d7c00000, 0x00000000f0000000)
  object space 126976K, 85% used [0x00000000d0000000,0x00000000d6a68e58,0x00000000d7c00000)
 Metaspace       used 73222K, capacity 75156K, committed 75184K, reserved 1116160K
  class space    used 7834K, capacity 8387K, committed 8408K, reserved 1048576K
}
Event: 45.311 GC heap before
{Heap before GC invocations=62 (full 8):
 PSYoungGen      total 205312K, used 201183K [0x00000000f0000000, 0x0000000100000000, 0x0000000100000000)
  eden space 163840K, 97% used [0x00000000f0000000,0x00000000f9c63e50,0x00000000fa000000)
  from space 41472K, 98% used [0x00000000fa000000,0x00000000fc813fc0,0x00000000fc880000)
  to   space 54272K, 0% used [0x00000000fcb00000,0x00000000fcb00000,0x0000000100000000)
 ParOldGen       total 126976K, used 108963K [0x00000000d0000000, 0x00000000d7c00000, 0x00000000f0000000)
  object space 126976K, 85% used [0x00000000d0000000,0x00000000d6a68e58,0x00000000d7c00000)
 Metaspace       used 74517K, capacity 76580K, committed 76976K, reserved 1118208K
  class space    used 7951K, capacity 8555K, committed 8664K, reserved 1048576K
Event: 45.440 GC heap after
Heap after GC invocations=62 (full 8):
 PSYoungGen      total 192512K, used 51318K [0x00000000f0000000, 0x0000000100000000, 0x0000000100000000)
  eden space 138240K, 0% used [0x00000000f0000000,0x00000000f0000000,0x00000000f8700000)
  from space 54272K, 94% used [0x00000000fcb00000,0x00000000ffd1da00,0x0000000100000000)
  to   space 61952K, 0% used [0x00000000f8700000,0x00000000f8700000,0x00000000fc380000)
 ParOldGen       total 126976K, used 108971K [0x00000000d0000000, 0x00000000d7c00000, 0x00000000f0000000)
  object space 126976K, 85% used [0x00000000d0000000,0x00000000d6a6ae58,0x00000000d7c00000)
 Metaspace       used 74517K, capacity 76580K, committed 76976K, reserved 1118208K
  class space    used 7951K, capacity 8555K, committed 8664K, reserved 1048576K
}
Event: 46.209 GC heap before
{Heap before GC invocations=63 (full 8):
 PSYoungGen      total 192512K, used 187336K [0x00000000f0000000, 0x0000000100000000, 0x0000000100000000)
  eden space 138240K, 98% used [0x00000000f0000000,0x00000000f84d48d8,0x00000000f8700000)
  from space 54272K, 94% used [0x00000000fcb00000,0x00000000ffd1da00,0x0000000100000000)
  to   space 61952K, 0% used [0x00000000f8700000,0x00000000f8700000,0x00000000fc380000)
 ParOldGen       total 126976K, used 108971K [0x00000000d0000000, 0x00000000d7c00000, 0x00000000f0000000)
  object space 126976K, 85% used [0x00000000d0000000,0x00000000d6a6ae58,0x00000000d7c00000)
 Metaspace       used 75629K, capacity 77838K, committed 78000K, reserved 1118208K
  class space    used 8006K, capacity 8646K, committed 8664K, reserved 1048576K
Event: 46.314 GC heap after
Heap after GC invocations=63 (full 8):
 PSYoungGen      total 192512K, used 53908K [0x00000000f0000000, 0x0000000100000000, 0x0000000100000000)
  eden space 138240K, 0% used [0x00000000f0000000,0x00000000f0000000,0x00000000f8700000)
  from space 54272K, 99% used [0x00000000f8700000,0x00000000fbba5160,0x00000000fbc00000)
  to   space 69120K, 0% used [0x00000000fbc80000,0x00000000fbc80000,0x0000000100000000)
 ParOldGen       total 126976K, used 108971K [0x00000000d0000000, 0x00000000d7c00000, 0x00000000f0000000)
  object space 126976K, 85% used [0x00000000d0000000,0x00000000d6a6ae58,0x00000000d7c00000)
 Metaspace       used 75629K, capacity 77838K, committed 78000K, reserved 1118208K
  class space    used 8006K, capacity 8646K, committed 8664K, reserved 1048576K
}

Deoptimization events (10 events):
Event: 44.750 Thread 0x000000005927c800 Uncommon trap: reason=bimorphic action=maybe_recompile pc=0x0000000003d1c250 method=java.io.BufferedInputStream.read1([BII)I @ 39
Event: 44.781 Thread 0x000000005927c800 Uncommon trap: reason=bimorphic action=maybe_recompile pc=0x0000000003d1c250 method=java.io.BufferedInputStream.read1([BII)I @ 39
Event: 44.781 Thread 0x000000005927c800 Uncommon trap: reason=bimorphic action=maybe_recompile pc=0x0000000003cfd2a8 method=java.io.BufferedInputStream.read1([BII)I @ 39
Event: 44.788 Thread 0x000000005927c800 Uncommon trap: reason=bimorphic action=maybe_recompile pc=0x0000000003d1c250 method=java.io.BufferedInputStream.read1([BII)I @ 39
Event: 44.793 Thread 0x000000005927c800 Uncommon trap: reason=bimorphic action=maybe_recompile pc=0x0000000003cfd2a8 method=java.io.BufferedInputStream.read1([BII)I @ 39
Event: 45.297 Thread 0x000000005927c800 Uncommon trap: reason=class_check action=maybe_recompile pc=0x00000000038b3a78 method=org.springsource.loaded.TypeRegistry.getDescriptorFor(Ljava/lang/String;)Lorg/springsource/loaded/TypeDescriptor; @ 19
Event: 45.310 Thread 0x000000005927c800 Uncommon trap: reason=class_check action=maybe_recompile pc=0x00000000038b3a78 method=org.springsource.loaded.TypeRegistry.getDescriptorFor(Ljava/lang/String;)Lorg/springsource/loaded/TypeDescriptor; @ 19
Event: 45.444 Thread 0x000000005927c800 Uncommon trap: reason=class_check action=maybe_recompile pc=0x00000000038b3a78 method=org.springsource.loaded.TypeRegistry.getDescriptorFor(Ljava/lang/String;)Lorg/springsource/loaded/TypeDescriptor; @ 19
Event: 45.530 Thread 0x000000005927c800 Uncommon trap: reason=class_check action=maybe_recompile pc=0x00000000038b3a78 method=org.springsource.loaded.TypeRegistry.getDescriptorFor(Ljava/lang/String;)Lorg/springsource/loaded/TypeDescriptor; @ 19
Event: 45.561 Thread 0x000000005927c800 Uncommon trap: reason=unloaded action=reinterpret pc=0x0000000003c248fc method=org.codehaus.groovy.reflection.CachedMethod.invoke(Ljava/lang/Object;[Ljava/lang/Object;)Ljava/lang/Object; @ 30

Internal exceptions (10 events):
Event: 46.679 Thread 0x000000005927c800 Exception <a 'java/security/PrivilegedActionException'> (0x00000000f55d59d8) thrown at [C:\re\workspace\8-2-build-windows-amd64-cygwin\jdk8u11\648\hotspot\src\share\vm\prims\jvm.cpp, line 1248]
Event: 46.679 Thread 0x000000005927c800 Exception <a 'java/security/PrivilegedActionException'> (0x00000000f55e5c20) thrown at [C:\re\workspace\8-2-build-windows-amd64-cygwin\jdk8u11\648\hotspot\src\share\vm\prims\jvm.cpp, line 1248]
Event: 46.679 Thread 0x000000005927c800 Exception <a 'java/security/PrivilegedActionException'> (0x00000000f5609538) thrown at [C:\re\workspace\8-2-build-windows-amd64-cygwin\jdk8u11\648\hotspot\src\share\vm\prims\jvm.cpp, line 1248]
Event: 46.680 Thread 0x000000005927c800 Exception <a 'java/security/PrivilegedActionException'> (0x00000000f560b678) thrown at [C:\re\workspace\8-2-build-windows-amd64-cygwin\jdk8u11\648\hotspot\src\share\vm\prims\jvm.cpp, line 1248]
Event: 46.680 Thread 0x000000005927c800 Exception <a 'java/security/PrivilegedActionException'> (0x00000000f561fe98) thrown at [C:\re\workspace\8-2-build-windows-amd64-cygwin\jdk8u11\648\hotspot\src\share\vm\prims\jvm.cpp, line 1248]
Event: 46.680 Thread 0x000000005927c800 Exception <a 'java/security/PrivilegedActionException'> (0x00000000f5621328) thrown at [C:\re\workspace\8-2-build-windows-amd64-cygwin\jdk8u11\648\hotspot\src\share\vm\prims\jvm.cpp, line 1248]
Event: 46.680 Thread 0x000000005927c800 Exception <a 'java/security/PrivilegedActionException'> (0x00000000f5625288) thrown at [C:\re\workspace\8-2-build-windows-amd64-cygwin\jdk8u11\648\hotspot\src\share\vm\prims\jvm.cpp, line 1248]
Event: 46.680 Thread 0x000000005927c800 Exception <a 'java/security/PrivilegedActionException'> (0x00000000f5636a50) thrown at [C:\re\workspace\8-2-build-windows-amd64-cygwin\jdk8u11\648\hotspot\src\share\vm\prims\jvm.cpp, line 1248]
Event: 46.681 Thread 0x000000005927c800 Exception <a 'java/security/PrivilegedActionException'> (0x00000000f565bf30) thrown at [C:\re\workspace\8-2-build-windows-amd64-cygwin\jdk8u11\648\hotspot\src\share\vm\prims\jvm.cpp, line 1248]
Event: 46.681 Thread 0x000000005927c800 Exception <a 'java/security/PrivilegedActionException'> (0x00000000f565e040) thrown at [C:\re\workspace\8-2-build-windows-amd64-cygwin\jdk8u11\648\hotspot\src\share\vm\prims\jvm.cpp, line 1248]

Events (10 events):
Event: 46.674 loading class java/net/org$springframework$http$HttpStatus$NO_CONTENT
Event: 46.674 loading class java/net/org$springframework$http$HttpStatus$NO_CONTENT done
Event: 46.676 loading class java/util/org$springframework$http$HttpStatus$NO_CONTENT
Event: 46.676 loading class java/util/org$springframework$http$HttpStatus$NO_CONTENT done
Event: 46.677 loading class groovy/lang/org$springframework$http$HttpStatus$NO_CONTENT
Event: 46.677 loading class groovy/lang/org$springframework$http$HttpStatus$NO_CONTENT done
Event: 46.679 loading class groovy/util/org$springframework$http$HttpStatus$NO_CONTENT
Event: 46.679 loading class groovy/util/org$springframework$http$HttpStatus$NO_CONTENT done
Event: 46.680 loading class org/springframework$http$HttpStatus$NO_CONTENT
Event: 46.680 loading class org/springframework$http$HttpStatus$NO_CONTENT done


Dynamic libraries:
0x000000013f1c0000 - 0x000000013f1f4000 	C:\Program Files\Java\jdk1.8.0_11\bin\java.exe
0x0000000077980000 - 0x0000000077b29000 	C:\Windows\SYSTEM32\ntdll.dll
0x0000000077860000 - 0x000000007797f000 	C:\Windows\system32\kernel32.dll
0x000007fefe140000 - 0x000007fefe1ac000 	C:\Windows\system32\KERNELBASE.dll
0x000007feff400000 - 0x000007feff4db000 	C:\Windows\system32\ADVAPI32.dll
0x000007feffb10000 - 0x000007feffbaf000 	C:\Windows\system32\msvcrt.dll
0x000007feffae0000 - 0x000007feffaff000 	C:\Windows\SYSTEM32\sechost.dll
0x000007fefef40000 - 0x000007feff06d000 	C:\Windows\system32\RPCRT4.dll
0x0000000077280000 - 0x000000007737a000 	C:\Windows\system32\USER32.dll
0x000007feffc20000 - 0x000007feffc87000 	C:\Windows\system32\GDI32.dll
0x000007feffc10000 - 0x000007feffc1e000 	C:\Windows\system32\LPK.dll
0x000007feff560000 - 0x000007feff629000 	C:\Windows\system32\USP10.dll
0x000007fefc3e0000 - 0x000007fefc5d4000 	C:\Windows\WinSxS\amd64_microsoft.windows.common-controls_6595b64144ccf1df_6.0.7601.17514_none_fa396087175ac9ac\COMCTL32.dll
0x000007feff4e0000 - 0x000007feff551000 	C:\Windows\system32\SHLWAPI.dll
0x000007feff110000 - 0x000007feff13e000 	C:\Windows\system32\IMM32.DLL
0x000007feff720000 - 0x000007feff829000 	C:\Windows\system32\MSCTF.dll
0x0000000180000000 - 0x000000018001c000 	C:\Windows\system32\btpload64.dll
0x0000000077b40000 - 0x0000000077b47000 	C:\Windows\system32\PSAPI.DLL
0x0000000000130000 - 0x000000000015c000 	C:\Windows\system32\privman64.dll
0x000007fefdd30000 - 0x000007fefdd3c000 	C:\Windows\system32\VERSION.dll
0x000007fefe1b0000 - 0x000007fefef39000 	C:\Windows\system32\SHELL32.dll
0x000007fefdd10000 - 0x000007fefdd2e000 	C:\Windows\system32\USERENV.dll
0x000007fefdde0000 - 0x000007fefddef000 	C:\Windows\system32\profapi.dll
0x000000006e110000 - 0x000000006e1e2000 	C:\Program Files\Java\jdk1.8.0_11\jre\bin\msvcr100.dll
0x000000005a7b0000 - 0x000000005afda000 	C:\Program Files\Java\jdk1.8.0_11\jre\bin\server\jvm.dll
0x000007fefd2c0000 - 0x000007fefd2c9000 	C:\Windows\system32\WSOCK32.dll
0x000007feff6d0000 - 0x000007feff71d000 	C:\Windows\system32\WS2_32.dll
0x000007feffb00000 - 0x000007feffb08000 	C:\Windows\system32\NSI.dll
0x000007fefb930000 - 0x000007fefb96b000 	C:\Windows\system32\WINMM.dll
0x0000000070860000 - 0x000000007086f000 	C:\Program Files\Java\jdk1.8.0_11\jre\bin\verify.dll
0x0000000070830000 - 0x0000000070858000 	C:\Program Files\Java\jdk1.8.0_11\jre\bin\java.dll
0x0000000070c70000 - 0x0000000070c93000 	C:\Program Files\Java\jdk1.8.0_11\jre\bin\instrument.dll
0x0000000070680000 - 0x0000000070696000 	C:\Program Files\Java\jdk1.8.0_11\jre\bin\zip.dll
0x000007feff830000 - 0x000007feffa33000 	C:\Windows\system32\ole32.dll
0x000007fefd680000 - 0x000007fefd697000 	C:\Windows\system32\CRYPTSP.dll
0x000007fefd380000 - 0x000007fefd3c7000 	C:\Windows\system32\rsaenh.dll
0x000007fefdce0000 - 0x000007fefdcef000 	C:\Windows\system32\CRYPTBASE.dll
0x0000000070660000 - 0x000000007067a000 	C:\Program Files\Java\jdk1.8.0_11\jre\bin\net.dll
0x000007fefd620000 - 0x000007fefd675000 	C:\Windows\system32\mswsock.dll
0x000007fefd610000 - 0x000007fefd617000 	C:\Windows\System32\wship6.dll
0x000007fefcd80000 - 0x000007fefcda7000 	C:\Windows\system32\IPHLPAPI.DLL
0x000007fefcd70000 - 0x000007fefcd7b000 	C:\Windows\system32\WINNSI.DLL
0x000007fefb3d0000 - 0x000007fefb3e8000 	C:\Windows\system32\dhcpcsvc.DLL
0x000007fefb3b0000 - 0x000007fefb3c1000 	C:\Windows\system32\dhcpcsvc6.DLL
0x0000000070640000 - 0x0000000070651000 	C:\Program Files\Java\jdk1.8.0_11\jre\bin\nio.dll
0x000007fefb1f0000 - 0x000007fefb1fa000 	C:\Users\rgopal\AppData\Local\Temp\jansi-64-7131280461623571621.dll
0x0000000070590000 - 0x000000007059d000 	C:\Program Files\Java\jdk1.8.0_11\jre\bin\management.dll
0x000007fefce80000 - 0x000007fefce87000 	C:\Windows\System32\wshtcpip.dll
0x000007fefd4a0000 - 0x000007fefd4fb000 	C:\Windows\system32\DNSAPI.dll
0x0000000074fa0000 - 0x0000000074fc6000 	C:\Program Files\Bonjour\mdnsNSP.dll
0x000007fefb340000 - 0x000007fefb348000 	C:\Windows\system32\rasadhlp.dll
0x000007fefb350000 - 0x000007fefb3a3000 	C:\Windows\System32\fwpuclnt.dll
0x000007fefb450000 - 0x000007fefb465000 	C:\Windows\system32\NLAapi.dll
0x000007fefb430000 - 0x000007fefb445000 	C:\Windows\system32\napinsp.dll
0x000007fefb410000 - 0x000007fefb429000 	C:\Windows\system32\pnrpnsp.dll
0x000007fefb400000 - 0x000007fefb40b000 	C:\Windows\System32\winrnr.dll
0x000007fefb3f0000 - 0x000007fefb400000 	C:\Windows\system32\wshbth.dll
0x000007fef6a90000 - 0x000007fef6bb5000 	C:\Windows\system32\dbghelp.dll

VM Arguments:
jvm_args: -Dfile.encoding=UTF-8 -Xmx768M -Xms64M -Dgrails.fork.parent.process.port=63079 -Dgrails.fork.active=true -Dgrails.build.execution.context=C:\Users\rgopal\AppData\Local\Temp\central3669864711098136532grails-execution-context -Dgrails.home=C:\Users\rgopal\Documents\grails-2.4.4\grails-2.4.4 -javaagent:C:\Users\rgopal\Documents\grails-2.4.4\grails-2.4.4\lib\org.springframework\springloaded\jars\springloaded-1.2.1.RELEASE.jar -Xverify:none -Dspringloaded.synchronize=true -Djdk.reflect.allowGetCallerClass=true -Dspringloaded=profile=grails;cacheDir=C:\Users\rgopal/.grails/2.4.4/ 
java_command: org.grails.plugins.tomcat.fork.ForkedTomcatServer
java_class_path (initial): C:\Program Files\Java\jdk1.8.0_11\lib\tools.jar;C:\Users\rgopal\Documents\grails-2.4.4\grails-2.4.4\lib\org.codehaus.groovy\groovy-all\jars\groovy-all-2.3.7.jar;C:\Users\rgopal\Documents\grails-2.4.4\grails-2.4.4\lib\org.slf4j\jcl-over-slf4j\jars\jcl-over-slf4j-1.7.5.jar;C:\Users\rgopal\Documents\grails-2.4.4\grails-2.4.4\lib\org.codehaus.gant\gant_groovy1.8\jars\gant_groovy1.8-1.9.6.jar;C:\Users\rgopal\Documents\grails-2.4.4\grails-2.4.4\lib\org.apache.tomcat.embed\tomcat-embed-logging-log4j\jars\tomcat-embed-logging-log4j-7.0.50.jar;C:\Users\rgopal\Documents\grails-2.4.4\grails-2.4.4\dist\grails-plugin-log4j-2.4.4.jar;C:\Users\rgopal\Documents\grails-2.4.4\grails-2.4.4\lib\log4j\log4j\jars\log4j-1.2.17.jar;C:\Users\rgopal\Documents\grails-2.4.4\grails-2.4.4\dist\grails-bootstrap-2.4.4.jar;C:\Users\rgopal\Documents\grails-2.4.4\grails-2.4.4\lib\org.slf4j\slf4j-api\jars\slf4j-api-1.7.5.jar;C:\Users\rgopal\Documents\grails-2.4.4\grails-2.4.4\lib\jline\jline\jars\jline-2.12.jar;C:\Users\rgopal\Documents\grails-2.4.4\grails-2.4.4\lib\org.apache.ant\ant\jars\ant-1.8.4.jar;C:\Users\rgopal\Documents\grails-2.4.4\grails-2.4.4\lib\org.apache.ant\ant-launcher\jars\ant-launcher-1.8.4.jar;C:\Users\rgopal\Documents\grails-2.4.4\grails-2.4.4\lib\org.apache.ant\ant-trax\jars\ant-trax-1.7.1.jar;C:\Users\rgopal\Documents\grails-2.4.4\grails-2.4.4\lib\org.apache.ant\ant-junit\jars\ant-junit-1.8.4.jar;C:\Users\rgopal\Documents\grails-2.4.4\grails-2.4.4\lib\org.apache.ivy\ivy\jars\ivy-2.3.0.jar;C:\Users\rgopal\Documents\grails-2.4.4\grails-2.4.4\lib\org.fusesource.jansi\jansi\jars\jansi-1.11.jar;C:\Users\rgopal\.m2\repository\org\apache\tomcat\tomcat-catalina-ant\7.0.55\tomcat-catalina-ant-7.0.55.jar;C:\Users\rgopal\.m2\repository\org\apache\tomcat\embed\tomcat-embed-jasper\7.0.55\tomcat-embed-jasper-7.0.55.jar;C:\Users\rgopal\.m2\repository\org\apache\tomcat\embed\tomcat-embed-el\7.0.55\tomcat-embed-el-7.0.55.jar;C:\Users\rgopal\.m2\repository\org\apache\
Launcher Type: SUN_STANDARD

Environment Variables:
JAVA_HOME=C:\Program Files\Java\jdk1.8.0_11
PATH=C:\Windows\system32;C:\Windows;C:\Windows\System32\Wbem;C:\Windows\System32\WindowsPowerShell\v1.0\;C:\users\rgopal\My Documents\springsource\grails-2.3.5\bin\;c:\Program Files\Java\jdk1.7.0_51\bin\;C:\Program Files (x86)\MiKTeX 2.9\miktex\bin\
USERNAME=rgopal
OS=Windows_NT
PROCESSOR_IDENTIFIER=Intel64 Family 6 Model 37 Stepping 5, GenuineIntel



---------------  S Y S T E M  ---------------

OS: Windows 7 , 64 bit Build 7601 Service Pack 1

CPU:total 4 (2 cores per cpu, 2 threads per core) family 6 model 37 stepping 5, cmov, cx8, fxsr, mmx, sse, sse2, sse3, ssse3, sse4.1, sse4.2, popcnt, aes, clmul, ht, tsc, tscinvbit

Memory: 4k page, physical 8181608k(1761324k free), swap 16361352k(7303736k free)

vm_info: Java HotSpot(TM) 64-Bit Server VM (25.11-b03) for windows-amd64 JRE (1.8.0_11-b12), built on Jun 16 2014 20:57:32 by "java_re" with MS VC++ 10.0 (VS2010)

time: Sat Apr 11 21:29:07 2015
elapsed time: 46 seconds

