#
# A fatal error has been detected by the Java Runtime Environment:
#
#  EXCEPTION_ACCESS_VIOLATION (0xc0000005) at pc=0x000000005f4c4db2, pid=9028, tid=9640
#
# JRE version: Java(TM) SE Runtime Environment (8.0_11-b12) (build 1.8.0_11-b12)
# Java VM: Java HotSpot(TM) 64-Bit Server VM (25.11-b03 mixed mode windows-amd64 compressed oops)
# Problematic frame:
# V  [jvm.dll+0x424db2]
#
# Failed to write core dump. Minidumps are not enabled by default on client versions of Windows
#
# If you would like to submit a bug report, please visit:
#   http://bugreport.sun.com/bugreport/crash.jsp
#

---------------  T H R E A D  ---------------

Current thread (0x0000000056377000):  JavaThread "C2 CompilerThread0" daemon [_thread_in_native, id=9640, stack(0x0000000056a70000,0x0000000056b70000)]

siginfo: ExceptionCode=0xc0000005, reading address 0x0000000000000000

Registers:
RAX=0x000000005dc80618, RBX=0x0000000000000600, RCX=0x0000000000000000, RDX=0x000000005dc7c270
RSP=0x0000000056b6c1c0, RBP=0x00000000000000c0, RSI=0x00000000000000b8, RDI=0x0000000000000000
R8 =0x000000005f0a0000, R9 =0x0000000056b6c4e0, R10=0x00000000ffffffff, R11=0x000000005638c480
R12=0x000000005dc80d30, R13=0x00000000565de9d8, R14=0x0000000000000008, R15=0x00000000565de9d8
RIP=0x000000005f4c4db2, EFLAGS=0x0000000000010206

Top of Stack: (sp=0x0000000056b6c1c0)
0x0000000056b6c1c0:   00000000000000dc 00000000593528f0
0x0000000056b6c1d0:   0000000000000000 000000005d509288
0x0000000056b6c1e0:   0000000000000001 0000000000000600
0x0000000056b6c1f0:   0000000000000180 00000000000000c0
0x0000000056b6c200:   0000000057ee65c0 0000000056366ab0
0x0000000056b6c210:   0000000000000750 00000000593528f0
0x0000000056b6c220:   0000000056b6c4e0 000000005dc7d690
0x0000000056b6c230:   0000000000000020 0000000000000009
0x0000000056b6c240:   000000005dc80d00 00000000000000dc
0x0000000056b6c250:   00000000565de9d8 000000005f4c598d
0x0000000056b6c260:   000000005dc80d00 000000000000001c
0x0000000056b6c270:   00000000000000dc 0000000056b6c4e0
0x0000000056b6c280:   000000005dc7c270 00000000000000dc
0x0000000056b6c290:   000000005dc7d690 0000000000000020
0x0000000056b6c2a0:   000000005ac28720 0000000056b6e850
0x0000000056b6c2b0:   0000000059a430c0 000000005dc80d00 

Instructions: (pc=0x000000005f4c4db2)
0x000000005f4c4d92:   c6 48 63 f0 48 03 f1 eb 04 48 83 ce ff 48 8b 84
0x000000005f4c4da2:   24 a0 00 00 00 48 8b 40 08 48 8b 3c 03 48 8b cf
0x000000005f4c4db2:   48 8b 07 ff 50 28 4c 8d 05 41 b2 bd ff 48 63 50
0x000000005f4c4dc2:   10 4c 8b d8 48 8b ca 48 c1 e1 05 42 80 bc 01 c0 


Register to memory mapping:

RAX=0x000000005dc80618 is an unknown value
RBX=0x0000000000000600 is an unknown value
RCX=0x0000000000000000 is an unknown value
RDX=0x000000005dc7c270 is an unknown value
RSP=0x0000000056b6c1c0 is pointing into the stack for thread: 0x0000000056377000
RBP=0x00000000000000c0 is an unknown value
RSI=0x00000000000000b8 is an unknown value
RDI=0x0000000000000000 is an unknown value
R8 =0x000000005f0a0000 is an unknown value
R9 =0x0000000056b6c4e0 is pointing into the stack for thread: 0x0000000056377000
R10=0x00000000ffffffff is an unknown value
R11=0x000000005638c480 is an unknown value
R12=0x000000005dc80d30 is an unknown value
R13=0x00000000565de9d8 is an unknown value
R14=0x0000000000000008 is an unknown value
R15=0x00000000565de9d8 is an unknown value


Stack: [0x0000000056a70000,0x0000000056b70000],  sp=0x0000000056b6c1c0,  free space=1008k
Native frames: (J=compiled Java code, j=interpreted, Vv=VM code, C=native code)
V  [jvm.dll+0x424db2]
V  [jvm.dll+0x42598d]
V  [jvm.dll+0x425ecf]
V  [jvm.dll+0x4c5a84]
V  [jvm.dll+0x4415bc]
V  [jvm.dll+0x443a29]
V  [jvm.dll+0x427722]
V  [jvm.dll+0x96982]
V  [jvm.dll+0x97173]
V  [jvm.dll+0x2234b4]
V  [jvm.dll+0x27bcca]
C  [msvcr100.dll+0x21d9f]
C  [msvcr100.dll+0x21e3b]
C  [kernel32.dll+0x159ed]
C  [ntdll.dll+0x2c541]


Current CompileTask:
C2:  53269 7367       4       groovy.lang.MetaClassImpl::findPropertyMethod (356 bytes)


---------------  P R O C E S S  ---------------

Java Threads: ( => current thread )
  0x0000000059cce000 JavaThread "net.sf.ehcache.CacheManager@2658c4c4" daemon [_thread_blocked, id=9180, stack(0x0000000060e70000,0x0000000060f70000)]
  0x0000000059ccd000 JavaThread "com.oumuo.SecurityGroup.data" daemon [_thread_blocked, id=7328, stack(0x0000000060fb0000,0x00000000610b0000)]
  0x0000000059ccc800 JavaThread "com.oumuo.Authority.data" daemon [_thread_blocked, id=6076, stack(0x000000005a1b0000,0x000000005a2b0000)]
  0x0000000059ccb800 JavaThread "net.sf.ehcache.CacheManager@bdc2631" daemon [_thread_blocked, id=5956, stack(0x0000000060540000,0x0000000060640000)]
  0x0000000058115000 JavaThread "PoolCleaner[192694377:1430683430414]" daemon [_thread_blocked, id=7396, stack(0x000000005e830000,0x000000005e930000)]
  0x0000000058581000 JavaThread "FileSystemWatcher: files=#327 cl=groovy.lang.GroovyClassLoader@b7c4869" daemon [_thread_blocked, id=1016, stack(0x000000005c0e0000,0x000000005c1e0000)]
  0x000000005723c000 JavaThread "localhost-startStop-1" daemon [_thread_in_native, id=5844, stack(0x000000005bf50000,0x000000005c050000)]
  0x000000005ac62800 JavaThread "Tomcat-startStop-1" daemon [_thread_blocked, id=9176, stack(0x0000000056d60000,0x0000000056e60000)]
  0x000000005766c800 JavaThread "Thread-3" [_thread_in_native, id=9696, stack(0x000000005baa0000,0x000000005bba0000)]
  0x00000000588fe800 JavaThread "Thread-2" [_thread_blocked, id=9140, stack(0x000000005a2e0000,0x000000005a3e0000)]
  0x000000005742e000 JavaThread "NonBlockingInputStreamThread" daemon [_thread_blocked, id=5540, stack(0x0000000057ce0000,0x0000000057de0000)]
  0x0000000056491800 JavaThread "Service Thread" daemon [_thread_blocked, id=7296, stack(0x0000000056e60000,0x0000000056f60000)]
  0x0000000056375000 JavaThread "C1 CompilerThread2" daemon [_thread_blocked, id=7260, stack(0x0000000056c60000,0x0000000056d60000)]
  0x0000000056378000 JavaThread "C2 CompilerThread1" daemon [_thread_in_native, id=7204, stack(0x0000000055da0000,0x0000000055ea0000)]
=>0x0000000056377000 JavaThread "C2 CompilerThread0" daemon [_thread_in_native, id=9640, stack(0x0000000056a70000,0x0000000056b70000)]
  0x0000000056274800 JavaThread "Attach Listener" daemon [_thread_blocked, id=9668, stack(0x00000000567e0000,0x00000000568e0000)]
  0x0000000054d87800 JavaThread "Signal Dispatcher" daemon [_thread_blocked, id=9040, stack(0x00000000566a0000,0x00000000567a0000)]
  0x0000000054d26800 JavaThread "Finalizer" daemon [_thread_blocked, id=4328, stack(0x0000000056170000,0x0000000056270000)]
  0x0000000054d1b800 JavaThread "Reference Handler" daemon [_thread_blocked, id=9804, stack(0x0000000056020000,0x0000000056120000)]
  0x000000000293a000 JavaThread "main" [_thread_blocked, id=5608, stack(0x0000000002db0000,0x0000000002eb0000)]

Other Threads:
  0x0000000054d18000 VMThread [stack: 0x0000000055eb0000,0x0000000055fb0000] [id=8572]
  0x0000000056495800 WatcherThread [stack: 0x0000000056910000,0x0000000056a10000] [id=8048]

VM state:not at safepoint (normal execution)

VM Mutex/Monitor currently owned by a thread: None

Heap:
 PSYoungGen      total 196096K, used 123998K [0x00000000f0000000, 0x0000000100000000, 0x0000000100000000)
  eden space 141312K, 54% used [0x00000000f0000000,0x00000000f4aab2f8,0x00000000f8a00000)
  from space 54784K, 86% used [0x00000000fca80000,0x00000000ff8ec768,0x0000000100000000)
  to   space 60416K, 0% used [0x00000000f8a00000,0x00000000f8a00000,0x00000000fc500000)
 ParOldGen       total 130048K, used 113004K [0x00000000d0000000, 0x00000000d7f00000, 0x00000000f0000000)
  object space 130048K, 86% used [0x00000000d0000000,0x00000000d6e5b0a8,0x00000000d7f00000)
 Metaspace       used 75666K, capacity 78014K, committed 78208K, reserved 1120256K
  class space    used 7642K, capacity 8242K, committed 8320K, reserved 1048576K

Card table byte_map: [0x0000000012270000,0x0000000012400000] byte_map_base: 0x0000000011bf0000

Marking Bits: (ParMarkBitMap*) 0x000000005f8512b0
 Begin Bits: [0x0000000012b90000, 0x0000000013790000)
 End Bits:   [0x0000000013790000, 0x0000000014390000)

Polling page: 0x00000000001b0000

CodeCache: size=245760Kb used=23065Kb max_used=23065Kb free=222694Kb
 bounds [0x0000000002eb0000, 0x0000000004550000, 0x0000000011eb0000]
 total_blobs=7182 nmethods=6416 adapters=675
 compilation: enabled

Compilation events (10 events):
Event: 53.194 Thread 0x0000000056375000 7466       2       org.codehaus.groovy.runtime.DefaultGroovyMethods::findAll (56 bytes)
Event: 53.196 Thread 0x0000000056375000 nmethod 7466 0x0000000004516fd0 code [0x00000000045171c0, 0x0000000004517938]
Event: 53.200 Thread 0x0000000056375000 7467       2       java.util.concurrent.atomic.AtomicInteger::getAndIncrement (12 bytes)
Event: 53.200 Thread 0x0000000056375000 nmethod 7467 0x0000000004516c90 code [0x0000000004516de0, 0x0000000004516f30]
Event: 53.213 Thread 0x0000000056375000 7468       2       java.net.JarURLConnection::parseSpecs (105 bytes)
Event: 53.214 Thread 0x0000000056375000 nmethod 7468 0x0000000004514ad0 code [0x0000000004514cc0, 0x00000000045152a8]
Event: 53.217 Thread 0x0000000056375000 7469       2       org.codehaus.groovy.runtime.callsite.StaticMetaMethodSite::<init> (18 bytes)
Event: 53.218 Thread 0x0000000056375000 nmethod 7469 0x00000000045145d0 code [0x0000000004514740, 0x0000000004514948]
Event: 53.218 Thread 0x0000000056375000 7470       2       groovy.lang.MetaClassImpl::createStaticSite (50 bytes)
Event: 53.219 Thread 0x0000000056375000 nmethod 7470 0x0000000004513f90 code [0x0000000004514120, 0x0000000004514418]

GC Heap History (10 events):
Event: 47.420 GC heap before
{Heap before GC invocations=72 (full 8):
 PSYoungGen      total 224256K, used 223913K [0x00000000f0000000, 0x0000000100000000, 0x0000000100000000)
  eden space 195584K, 100% used [0x00000000f0000000,0x00000000fbf00000,0x00000000fbf00000)
  from space 28672K, 98% used [0x00000000fbf00000,0x00000000fdaaa648,0x00000000fdb00000)
  to   space 36352K, 0% used [0x00000000fdc80000,0x00000000fdc80000,0x0000000100000000)
 ParOldGen       total 130048K, used 110632K [0x00000000d0000000, 0x00000000d7f00000, 0x00000000f0000000)
  object space 130048K, 85% used [0x00000000d0000000,0x00000000d6c0a170,0x00000000d7f00000)
 Metaspace       used 71612K, capacity 73552K, committed 73856K, reserved 1116160K
  class space    used 7174K, capacity 7719K, committed 7808K, reserved 1048576K
Event: 47.896 GC heap after
Heap after GC invocations=72 (full 8):
 PSYoungGen      total 215552K, used 35186K [0x00000000f0000000, 0x0000000100000000, 0x0000000100000000)
  eden space 179200K, 0% used [0x00000000f0000000,0x00000000f0000000,0x00000000faf00000)
  from space 36352K, 96% used [0x00000000fdc80000,0x00000000ffedc928,0x0000000100000000)
  to   space 41472K, 0% used [0x00000000faf00000,0x00000000faf00000,0x00000000fd780000)
 ParOldGen       total 130048K, used 110640K [0x00000000d0000000, 0x00000000d7f00000, 0x00000000f0000000)
  object space 130048K, 85% used [0x00000000d0000000,0x00000000d6c0c170,0x00000000d7f00000)
 Metaspace       used 71612K, capacity 73552K, committed 73856K, reserved 1116160K
  class space    used 7174K, capacity 7719K, committed 7808K, reserved 1048576K
}
Event: 48.550 GC heap before
{Heap before GC invocations=73 (full 8):
 PSYoungGen      total 215552K, used 207793K [0x00000000f0000000, 0x0000000100000000, 0x0000000100000000)
  eden space 179200K, 96% used [0x00000000f0000000,0x00000000fa88fd18,0x00000000faf00000)
  from space 36352K, 96% used [0x00000000fdc80000,0x00000000ffedc928,0x0000000100000000)
  to   space 41472K, 0% used [0x00000000faf00000,0x00000000faf00000,0x00000000fd780000)
 ParOldGen       total 130048K, used 110640K [0x00000000d0000000, 0x00000000d7f00000, 0x00000000f0000000)
  object space 130048K, 85% used [0x00000000d0000000,0x00000000d6c0c170,0x00000000d7f00000)
 Metaspace       used 72049K, capacity 74060K, committed 74368K, reserved 1116160K
  class space    used 7191K, capacity 7727K, committed 7808K, reserved 1048576K
Event: 48.689 GC heap after
Heap after GC invocations=73 (full 8):
 PSYoungGen      total 215552K, used 36186K [0x00000000f0000000, 0x0000000100000000, 0x0000000100000000)
  eden space 179200K, 0% used [0x00000000f0000000,0x00000000f0000000,0x00000000faf00000)
  from space 36352K, 99% used [0x00000000faf00000,0x00000000fd256b30,0x00000000fd280000)
  to   space 45568K, 0% used [0x00000000fd380000,0x00000000fd380000,0x0000000100000000)
 ParOldGen       total 130048K, used 110648K [0x00000000d0000000, 0x00000000d7f00000, 0x00000000f0000000)
  object space 130048K, 85% used [0x00000000d0000000,0x00000000d6c0e170,0x00000000d7f00000)
 Metaspace       used 72049K, capacity 74060K, committed 74368K, reserved 1116160K
  class space    used 7191K, capacity 7727K, committed 7808K, reserved 1048576K
}
Event: 49.457 GC heap before
{Heap before GC invocations=74 (full 8):
 PSYoungGen      total 215552K, used 208891K [0x00000000f0000000, 0x0000000100000000, 0x0000000100000000)
  eden space 179200K, 96% used [0x00000000f0000000,0x00000000fa8a8458,0x00000000faf00000)
  from space 36352K, 99% used [0x00000000faf00000,0x00000000fd256b30,0x00000000fd280000)
  to   space 45568K, 0% used [0x00000000fd380000,0x00000000fd380000,0x0000000100000000)
 ParOldGen       total 130048K, used 110648K [0x00000000d0000000, 0x00000000d7f00000, 0x00000000f0000000)
  object space 130048K, 85% used [0x00000000d0000000,0x00000000d6c0e170,0x00000000d7f00000)
 Metaspace       used 73683K, capacity 75696K, committed 75776K, reserved 1118208K
  class space    used 7399K, capacity 7924K, committed 7936K, reserved 1048576K
Event: 49.564 GC heap after
Heap after GC invocations=74 (full 8):
 PSYoungGen      total 206336K, used 40563K [0x00000000f0000000, 0x0000000100000000, 0x0000000100000000)
  eden space 160768K, 0% used [0x00000000f0000000,0x00000000f0000000,0x00000000f9d00000)
  from space 45568K, 89% used [0x00000000fd380000,0x00000000ffb1cca8,0x0000000100000000)
  to   space 50688K, 0% used [0x00000000f9d00000,0x00000000f9d00000,0x00000000fce80000)
 ParOldGen       total 130048K, used 112128K [0x00000000d0000000, 0x00000000d7f00000, 0x00000000f0000000)
  object space 130048K, 86% used [0x00000000d0000000,0x00000000d6d80170,0x00000000d7f00000)
 Metaspace       used 73683K, capacity 75696K, committed 75776K, reserved 1118208K
  class space    used 7399K, capacity 7924K, committed 7936K, reserved 1048576K
}
Event: 50.182 GC heap before
{Heap before GC invocations=75 (full 8):
 PSYoungGen      total 206336K, used 197454K [0x00000000f0000000, 0x0000000100000000, 0x0000000100000000)
  eden space 160768K, 97% used [0x00000000f0000000,0x00000000f9936f50,0x00000000f9d00000)
  from space 45568K, 89% used [0x00000000fd380000,0x00000000ffb1cca8,0x0000000100000000)
  to   space 50688K, 0% used [0x00000000f9d00000,0x00000000f9d00000,0x00000000fce80000)
 ParOldGen       total 130048K, used 112128K [0x00000000d0000000, 0x00000000d7f00000, 0x00000000f0000000)
  object space 130048K, 86% used [0x00000000d0000000,0x00000000d6d80170,0x00000000d7f00000)
 Metaspace       used 74000K, capacity 76078K, committed 76416K, reserved 1118208K
  class space    used 7421K, capacity 7960K, committed 8064K, reserved 1048576K
Event: 50.277 GC heap after
Heap after GC invocations=75 (full 8):
 PSYoungGen      total 202240K, used 41307K [0x00000000f0000000, 0x0000000100000000, 0x0000000100000000)
  eden space 160768K, 0% used [0x00000000f0000000,0x00000000f0000000,0x00000000f9d00000)
  from space 41472K, 99% used [0x00000000f9d00000,0x00000000fc556eb0,0x00000000fc580000)
  to   space 54784K, 0% used [0x00000000fca80000,0x00000000fca80000,0x0000000100000000)
 ParOldGen       total 130048K, used 112772K [0x00000000d0000000, 0x00000000d7f00000, 0x00000000f0000000)
  object space 130048K, 86% used [0x00000000d0000000,0x00000000d6e210a8,0x00000000d7f00000)
 Metaspace       used 74000K, capacity 76078K, committed 76416K, reserved 1118208K
  class space    used 7421K, capacity 7960K, committed 8064K, reserved 1048576K
}
Event: 52.352 GC heap before
{Heap before GC invocations=76 (full 8):
 PSYoungGen      total 202240K, used 202075K [0x00000000f0000000, 0x0000000100000000, 0x0000000100000000)
  eden space 160768K, 100% used [0x00000000f0000000,0x00000000f9d00000,0x00000000f9d00000)
  from space 41472K, 99% used [0x00000000f9d00000,0x00000000fc556eb0,0x00000000fc580000)
  to   space 54784K, 0% used [0x00000000fca80000,0x00000000fca80000,0x0000000100000000)
 ParOldGen       total 130048K, used 112772K [0x00000000d0000000, 0x00000000d7f00000, 0x00000000f0000000)
  object space 130048K, 86% used [0x00000000d0000000,0x00000000d6e210a8,0x00000000d7f00000)
 Metaspace       used 75117K, capacity 77412K, committed 77568K, reserved 1118208K
  class space    used 7568K, capacity 8149K, committed 8192K, reserved 1048576K
Event: 52.530 GC heap after
Heap after GC invocations=76 (full 8):
 PSYoungGen      total 196096K, used 47537K [0x00000000f0000000, 0x0000000100000000, 0x0000000100000000)
  eden space 141312K, 0% used [0x00000000f0000000,0x00000000f0000000,0x00000000f8a00000)
  from space 54784K, 86% used [0x00000000fca80000,0x00000000ff8ec768,0x0000000100000000)
  to   space 60416K, 0% used [0x00000000f8a00000,0x00000000f8a00000,0x00000000fc500000)
 ParOldGen       total 130048K, used 113004K [0x00000000d0000000, 0x00000000d7f00000, 0x00000000f0000000)
  object space 130048K, 86% used [0x00000000d0000000,0x00000000d6e5b0a8,0x00000000d7f00000)
 Metaspace       used 75117K, capacity 77412K, committed 77568K, reserved 1118208K
  class space    used 7568K, capacity 8149K, committed 8192K, reserved 1048576K
}

Deoptimization events (10 events):
Event: 39.465 Thread 0x000000005723c000 Uncommon trap: reason=bimorphic action=maybe_recompile pc=0x00000000035fbc58 method=groovy.lang.MetaClassImpl$1MOPIter.methodNameAction(Ljava/lang/Class;Lorg/codehaus/groovy/runtime/metaclass/MetaMethodIndex$Entry;)V @ 62
Event: 39.465 Thread 0x000000005723c000 Uncommon trap: reason=bimorphic action=maybe_recompile pc=0x00000000035fbc58 method=groovy.lang.MetaClassImpl$1MOPIter.methodNameAction(Ljava/lang/Class;Lorg/codehaus/groovy/runtime/metaclass/MetaMethodIndex$Entry;)V @ 62
Event: 41.696 Thread 0x000000005723c000 Uncommon trap: reason=unreached action=reinterpret pc=0x000000000406f548 method=org.springsource.loaded.ri.ReflectiveInterceptor.jlClassGetMethod(Ljava/lang/Class;Ljava/lang/String;[Ljava/lang/Class;)Ljava/lang/reflect/Method; @ 33
Event: 43.541 Thread 0x000000005723c000 Uncommon trap: reason=class_check action=maybe_recompile pc=0x00000000041df98c method=sun.reflect.generics.factory.CoreReflectionFactory.getDeclsLoader()Ljava/lang/ClassLoader; @ 25
Event: 43.541 Thread 0x000000005723c000 Uncommon trap: reason=class_check action=maybe_recompile pc=0x00000000041df98c method=sun.reflect.generics.factory.CoreReflectionFactory.getDeclsLoader()Ljava/lang/ClassLoader; @ 25
Event: 44.823 Thread 0x000000005723c000 Uncommon trap: reason=unreached action=reinterpret pc=0x00000000030e6b68 method=org.codehaus.groovy.runtime.metaclass.MetaMethodIndex.getMethods(Ljava/lang/Class;Ljava/lang/String;)Lorg/codehaus/groovy/runtime/metaclass/MetaMethodIndex$Entry; @ 61
Event: 44.834 Thread 0x000000005723c000 Uncommon trap: reason=unreached action=reinterpret pc=0x0000000003815734 method=org.codehaus.groovy.runtime.metaclass.MetaMethodIndex.getMethods(Ljava/lang/Class;Ljava/lang/String;)Lorg/codehaus/groovy/runtime/metaclass/MetaMethodIndex$Entry; @ 61
Event: 45.615 Thread 0x000000005723c000 Uncommon trap: reason=unreached action=reinterpret pc=0x000000000369b1ec method=org.springframework.beans.factory.support.AbstractAutowireCapableBeanFactory.predictBeanType(Ljava/lang/String;Lorg/springframework/beans/factory/support/RootBeanDefinition;[LjM>ó¨c6I@
Event: 50.425 Thread 0x000000005723c000 Uncommon trap: reason=null_check action=make_not_entrant pc=0x00000000043db72c method=java.beans.PropertyDescriptor.findPropertyType(Ljava/lang/reflect/Method;Ljava/lang/reflect/Method;)Ljava/lang/Class; @ 157
Event: 52.122 Thread 0x000000005723c000 Uncommon trap: reason=null_check action=make_not_entrant pc=0x00000000044b0298 method=java.beans.PropertyDescriptor.findPropertyType(Ljava/lang/reflect/Method;Ljava/lang/reflect/Method;)Ljava/lang/Class; @ 157

Internal exceptions (10 events):
Event: 53.208 Thread 0x000000005723c000 Exception <a 'java/security/PrivilegedActionException'> (0x00000000f488a790) thrown at [C:\re\workspace\8-2-build-windows-amd64-cygwin\jdk8u11\648\hotspot\src\share\vm\prims\jvm.cpp, line 1248]
Event: 53.208 Thread 0x000000005723c000 Exception <a 'java/lang/ClassNotFoundException': org/grails/datastore/gorm/support/BeforeValidateHelperBeanInfo> (0x00000000f488b6c0) thrown at [C:\re\workspace\8-2-build-windows-amd64-cygwin\jdk8u11\648\hotspot\src\share\vm\classfile\systemDictionary.cpp,
Event: 53.208 Thread 0x000000005723c000 Exception <a 'java/security/PrivilegedActionException'> (0x00000000f488c8d0) thrown at [C:\re\workspace\8-2-build-windows-amd64-cygwin\jdk8u11\648\hotspot\src\share\vm\prims\jvm.cpp, line 1248]
Event: 53.209 Thread 0x000000005723c000 Exception <a 'java/security/PrivilegedActionException'> (0x00000000f4890e80) thrown at [C:\re\workspace\8-2-build-windows-amd64-cygwin\jdk8u11\648\hotspot\src\share\vm\prims\jvm.cpp, line 1248]
Event: 53.209 Thread 0x000000005723c000 Exception <a 'java/security/PrivilegedActionException'> (0x00000000f48a2280) thrown at [C:\re\workspace\8-2-build-windows-amd64-cygwin\jdk8u11\648\hotspot\src\share\vm\prims\jvm.cpp, line 1248]
Event: 53.210 Thread 0x000000005723c000 Exception <a 'java/security/PrivilegedActionException'> (0x00000000f48b7ad0) thrown at [C:\re\workspace\8-2-build-windows-amd64-cygwin\jdk8u11\648\hotspot\src\share\vm\prims\jvm.cpp, line 1248]
Event: 53.210 Thread 0x000000005723c000 Exception <a 'java/security/PrivilegedActionException'> (0x00000000f48bc210) thrown at [C:\re\workspace\8-2-build-windows-amd64-cygwin\jdk8u11\648\hotspot\src\share\vm\prims\jvm.cpp, line 1248]
Event: 53.210 Thread 0x000000005723c000 Exception <a 'java/security/PrivilegedActionException'> (0x00000000f48cd610) thrown at [C:\re\workspace\8-2-build-windows-amd64-cygwin\jdk8u11\648\hotspot\src\share\vm\prims\jvm.cpp, line 1248]
Event: 53.211 Thread 0x000000005723c000 Exception <a 'java/security/PrivilegedActionException'> (0x00000000f48f3340) thrown at [C:\re\workspace\8-2-build-windows-amd64-cygwin\jdk8u11\648\hotspot\src\share\vm\prims\jvm.cpp, line 1248]
Event: 53.211 Thread 0x000000005723c000 Exception <a 'java/lang/ClassNotFoundException': org/grails/datastore/gorm/support/BeforeValidateHelperCustomizer> (0x00000000f48f4270) thrown at [C:\re\workspace\8-2-build-windows-amd64-cygwin\jdk8u11\648\hotspot\src\share\vm\classfile\systemDictionary.cp¯\ö¢šJ@

Events (10 events):
Event: 53.207 loading class org/grails/datastore/gorm/support/BeforeValidateHelperBeanInfo
Event: 53.207 loading class org/grails/datastore/gorm/support/BeforeValidateHelperBeanInfo done
Event: 53.208 loading class org/grails/datastore/gorm/support/BeforeValidateHelperBeanInfo
Event: 53.208 loading class org/grails/datastore/gorm/support/BeforeValidateHelperBeanInfo done
Event: 53.208 loading class org/grails/datastore/gorm/support/BeforeValidateHelperCustomizer
Event: 53.208 loading class org/grails/datastore/gorm/support/BeforeValidateHelperCustomizer done
Event: 53.210 loading class org/grails/datastore/gorm/support/BeforeValidateHelperCustomizer
Event: 53.210 loading class org/grails/datastore/gorm/support/BeforeValidateHelperCustomizer done
Event: 53.211 loading class org/grails/datastore/gorm/support/BeforeValidateHelperCustomizer
Event: 53.211 loading class org/grails/datastore/gorm/support/BeforeValidateHelperCustomizer done


Dynamic libraries:
0x000000013f0a0000 - 0x000000013f0d4000 	C:\Program Files\Java\jdk1.8.0_11\bin\java.exe
0x0000000077430000 - 0x00000000775d9000 	C:\Windows\SYSTEM32\ntdll.dll
0x00000000771b0000 - 0x00000000772cf000 	C:\Windows\system32\kernel32.dll
0x000007fefd9a0000 - 0x000007fefda0c000 	C:\Windows\system32\KERNELBASE.dll
0x000007fefe5e0000 - 0x000007fefe6bb000 	C:\Windows\system32\ADVAPI32.dll
0x000007fefe030000 - 0x000007fefe0cf000 	C:\Windows\system32\msvcrt.dll
0x000007fefe3a0000 - 0x000007fefe3bf000 	C:\Windows\SYSTEM32\sechost.dll
0x000007fefdea0000 - 0x000007fefdfcd000 	C:\Windows\system32\RPCRT4.dll
0x0000000076e90000 - 0x0000000076f8a000 	C:\Windows\system32\USER32.dll
0x000007fefe2b0000 - 0x000007fefe317000 	C:\Windows\system32\GDI32.dll
0x000007fefe460000 - 0x000007fefe46e000 	C:\Windows\system32\LPK.dll
0x000007fefe510000 - 0x000007fefe5d9000 	C:\Windows\system32\USP10.dll
0x000007fefbe90000 - 0x000007fefc084000 	C:\Windows\WinSxS\amd64_microsoft.windows.common-controls_6595b64144ccf1df_6.0.7601.17514_none_fa396087175ac9ac\COMCTL32.dll
0x000007fefe490000 - 0x000007fefe501000 	C:\Windows\system32\SHLWAPI.dll
0x000007fefdc60000 - 0x000007fefdc8e000 	C:\Windows\system32\IMM32.DLL
0x000007feff4a0000 - 0x000007feff5a9000 	C:\Windows\system32\MSCTF.dll
0x0000000180000000 - 0x000000018001c000 	C:\Windows\system32\btpload64.dll
0x0000000077600000 - 0x0000000077607000 	C:\Windows\system32\PSAPI.DLL
0x0000000000140000 - 0x000000000016c000 	C:\Windows\system32\privman64.dll
0x000007fefd7e0000 - 0x000007fefd7ec000 	C:\Windows\system32\VERSION.dll
0x000007fefe6c0000 - 0x000007feff449000 	C:\Windows\system32\SHELL32.dll
0x000007fefd7c0000 - 0x000007fefd7de000 	C:\Windows\system32\USERENV.dll
0x000007fefd890000 - 0x000007fefd89f000 	C:\Windows\system32\profapi.dll
0x0000000069f50000 - 0x000000006a022000 	C:\Program Files\Java\jdk1.8.0_11\jre\bin\msvcr100.dll
0x000000005f0a0000 - 0x000000005f8ca000 	C:\Program Files\Java\jdk1.8.0_11\jre\bin\server\jvm.dll
0x000007fefcd70000 - 0x000007fefcd79000 	C:\Windows\system32\WSOCK32.dll
0x000007feff450000 - 0x000007feff49d000 	C:\Windows\system32\WS2_32.dll
0x000007feff650000 - 0x000007feff658000 	C:\Windows\system32\NSI.dll
0x000007fefaf70000 - 0x000007fefafab000 	C:\Windows\system32\WINMM.dll
0x0000000069f00000 - 0x0000000069f0f000 	C:\Program Files\Java\jdk1.8.0_11\jre\bin\verify.dll
0x000000006a840000 - 0x000000006a868000 	C:\Program Files\Java\jdk1.8.0_11\jre\bin\java.dll
0x000000006ff30000 - 0x000000006ff53000 	C:\Program Files\Java\jdk1.8.0_11\jre\bin\instrument.dll
0x000000006a820000 - 0x000000006a836000 	C:\Program Files\Java\jdk1.8.0_11\jre\bin\zip.dll
0x000007fefdc90000 - 0x000007fefde93000 	C:\Windows\system32\ole32.dll
0x000007fefd130000 - 0x000007fefd147000 	C:\Windows\system32\CRYPTSP.dll
0x000007fefce30000 - 0x000007fefce77000 	C:\Windows\system32\rsaenh.dll
0x000007fefd790000 - 0x000007fefd79f000 	C:\Windows\system32\CRYPTBASE.dll
0x000000006e2f0000 - 0x000000006e30a000 	C:\Program Files\Java\jdk1.8.0_11\jre\bin\net.dll
0x000007fefd0d0000 - 0x000007fefd125000 	C:\Windows\system32\mswsock.dll
0x000007fefd0c0000 - 0x000007fefd0c7000 	C:\Windows\System32\wship6.dll
0x000007fefc830000 - 0x000007fefc857000 	C:\Windows\system32\IPHLPAPI.DLL
0x000007fefc820000 - 0x000007fefc82b000 	C:\Windows\system32\WINNSI.DLL
0x000007fefaed0000 - 0x000007fefaee8000 	C:\Windows\system32\dhcpcsvc.DLL
0x000007fefaeb0000 - 0x000007fefaec1000 	C:\Windows\system32\dhcpcsvc6.DLL
0x000000006d8a0000 - 0x000000006d8b1000 	C:\Program Files\Java\jdk1.8.0_11\jre\bin\nio.dll
0x000007fefc0d0000 - 0x000007fefc0da000 	C:\Users\rgopal\AppData\Local\Temp\jansi-64-9147329580921960507.dll
0x000000006e5c0000 - 0x000000006e5cd000 	C:\Program Files\Java\jdk1.8.0_11\jre\bin\management.dll
0x000007fefc930000 - 0x000007fefc937000 	C:\Windows\System32\wshtcpip.dll
0x000007fefcf50000 - 0x000007fefcfab000 	C:\Windows\system32\DNSAPI.dll
0x0000000074b00000 - 0x0000000074b26000 	C:\Program Files\Bonjour\mdnsNSP.dll
0x000007fefae40000 - 0x000007fefae48000 	C:\Windows\system32\rasadhlp.dll
0x000007fefae50000 - 0x000007fefaea3000 	C:\Windows\System32\fwpuclnt.dll
0x000007fefaf50000 - 0x000007fefaf65000 	C:\Windows\system32\NLAapi.dll
0x000007fefaf30000 - 0x000007fefaf45000 	C:\Windows\system32\napinsp.dll
0x000007fefaf10000 - 0x000007fefaf29000 	C:\Windows\system32\pnrpnsp.dll
0x000007fefaf00000 - 0x000007fefaf0b000 	C:\Windows\System32\winrnr.dll
0x000007fefaef0000 - 0x000007fefaf00000 	C:\Windows\system32\wshbth.dll
0x000007fef4790000 - 0x000007fef48b5000 	C:\Windows\system32\dbghelp.dll

VM Arguments:
jvm_args: -Dfile.encoding=UTF-8 -Xmx768M -Xms64M -Dgrails.fork.parent.process.port=52030 -Dgrails.fork.active=true -Dgrails.build.execution.context=C:\Users\rgopal\AppData\Local\Temp\central4212172109498423176grails-execution-context -Dgrails.home=C:\Users\rgopal\Documents\grails-2.4.4\grails-2.4.4 -javaagent:C:\Users\rgopal\Documents\grails-2.4.4\grails-2.4.4\lib\org.springframework\springloaded\jars\springloaded-1.2.1.RELEASE.jar -Xverify:none -Dspringloaded.synchronize=true -Djdk.reflect.allowGetCallerClass=true -Dspringloaded=profile=grails;cacheDir=C:\Users\rgopal/.grails/2.4.4/ 
java_command: org.grails.plugins.tomcat.fork.ForkedTomcatServer
java_class_path (initial): C:\Program Files\Java\jdk1.8.0_11\lib\tools.jar;C:\Users\rgopal\Documents\grails-2.4.4\grails-2.4.4\lib\org.codehaus.groovy\groovy-all\jars\groovy-all-2.3.7.jar;C:\Users\rgopal\Documents\grails-2.4.4\grails-2.4.4\lib\org.slf4j\jcl-over-slf4j\jars\jcl-over-slf4j-1.7.5.jar;C:\Users\rgopal\Documents\grails-2.4.4\grails-2.4.4\lib\org.codehaus.gant\gant_groovy1.8\jars\gant_groovy1.8-1.9.6.jar;C:\Users\rgopal\Documents\grails-2.4.4\grails-2.4.4\lib\org.apache.tomcat.embed\tomcat-embed-logging-log4j\jars\tomcat-embed-logging-log4j-7.0.50.jar;C:\Users\rgopal\Documents\grails-2.4.4\grails-2.4.4\dist\grails-plugin-log4j-2.4.4.jar;C:\Users\rgopal\Documents\grails-2.4.4\grails-2.4.4\lib\log4j\log4j\jars\log4j-1.2.17.jar;C:\Users\rgopal\Documents\grails-2.4.4\grails-2.4.4\dist\grails-bootstrap-2.4.4.jar;C:\Users\rgopal\Documents\grails-2.4.4\grails-2.4.4\lib\org.slf4j\slf4j-api\jars\slf4j-api-1.7.5.jar;C:\Users\rgopal\Documents\grails-2.4.4\grails-2.4.4\lib\jline\jline\jars\jline-2.12.jar;C:\Users\rgopal\Documents\grails-2.4.4\grails-2.4.4\lib\org.apache.ant\ant\jars\ant-1.8.4.jar;C:\Users\rgopal\Documents\grails-2.4.4\grails-2.4.4\lib\org.apache.ant\ant-launcher\jars\ant-launcher-1.8.4.jar;C:\Users\rgopal\Documents\grails-2.4.4\grails-2.4.4\lib\org.apache.ant\ant-trax\jars\ant-trax-1.7.1.jar;C:\Users\rgopal\Documents\grails-2.4.4\grails-2.4.4\lib\org.apache.ant\ant-junit\jars\ant-junit-1.8.4.jar;C:\Users\rgopal\Documents\grails-2.4.4\grails-2.4.4\lib\org.apache.ivy\ivy\jars\ivy-2.3.0.jar;C:\Users\rgopal\Documents\grails-2.4.4\grails-2.4.4\lib\org.fusesource.jansi\jansi\jars\jansi-1.11.jar;C:\Users\rgopal\.m2\repository\org\apache\tomcat\tomcat-catalina-ant\7.0.55\tomcat-catalina-ant-7.0.55.jar;C:\Users\rgopal\.m2\repository\org\apache\tomcat\embed\tomcat-embed-jasper\7.0.55\tomcat-embed-jasper-7.0.55.jar;C:\Users\rgopal\.m2\repository\org\apache\tomcat\embed\tomcat-embed-el\7.0.55\tomcat-embed-el-7.0.55.jar;C:\Users\rgopal\.m2\repository\org\apache\
Launcher Type: SUN_STANDARD

Environment Variables:
JAVA_HOME=C:\Program Files\Java\jdk1.8.0_11
PATH=C:\Windows\system32;C:\Windows;C:\Windows\System32\Wbem;C:\Windows\System32\WindowsPowerShell\v1.0\;C:\users\rgopal\My Documents\springsource\grails-2.3.5\bin\;c:\Program Files\Java\jdk1.7.0_51\bin\;C:\Program Files (x86)\MiKTeX 2.9\miktex\bin\
USERNAME=rgopal
OS=Windows_NT
PROCESSOR_IDENTIFIER=Intel64 Family 6 Model 37 Stepping 5, GenuineIntel



---------------  S Y S T E M  ---------------

OS: Windows 7 , 64 bit Build 7601 Service Pack 1

CPU:total 4 (2 cores per cpu, 2 threads per core) family 6 model 37 stepping 5, cmov, cx8, fxsr, mmx, sse, sse2, sse3, ssse3, sse4.1, sse4.2, popcnt, aes, clmul, ht, tsc, tscinvbit

Memory: 4k page, physical 8181608k(2060928k free), swap 16361352k(9272944k free)

vm_info: Java HotSpot(TM) 64-Bit Server VM (25.11-b03) for windows-amd64 JRE (1.8.0_11-b12), built on Jun 16 2014 20:57:32 by "java_re" with MS VC++ 10.0 (VS2010)

time: Sun May 03 16:04:14 2015
elapsed time: 53 seconds

