#
# A fatal error has been detected by the Java Runtime Environment:
#
#  EXCEPTION_ACCESS_VIOLATION (0xc0000005) at pc=0x000000005abd4db2, pid=8068, tid=8768
#
# JRE version: Java(TM) SE Runtime Environment (8.0_11-b12) (build 1.8.0_11-b12)
# Java VM: Java HotSpot(TM) 64-Bit Server VM (25.11-b03 mixed mode windows-amd64 compressed oops)
# Problematic frame:
# V  [jvm.dll+0x424db2]
#
# Failed to write core dump. Minidumps are not enabled by default on client versions of Windows
#
# If you would like to submit a bug report, please visit:
#   http://bugreport.sun.com/bugreport/crash.jsp
#

---------------  T H R E A D  ---------------

Current thread (0x000000001618a800):  JavaThread "C2 CompilerThread0" daemon [_thread_in_native, id=8768, stack(0x0000000016920000,0x0000000016a20000)]

siginfo: ExceptionCode=0xc0000005, reading address 0x0000000000000000

Registers:
RAX=0x000000001b0fded8, RBX=0x0000000000000600, RCX=0x0000000000000000, RDX=0x000000001da15710
RSP=0x0000000016a1c130, RBP=0x00000000000000c0, RSI=0x00000000000000b8, RDI=0x0000000000000000
R8 =0x000000005a7b0000, R9 =0x0000000016a1c450, R10=0x00000000ffffffff, R11=0x0000000016213870
R12=0x000000001b0fe5e0, R13=0x00000000192206c8, R14=0x0000000000000008, R15=0x00000000192206c8
RIP=0x000000005abd4db2, EFLAGS=0x0000000000010206

Top of Stack: (sp=0x0000000016a1c130)
0x0000000016a1c130:   00000000000000da 00000000000000b0
0x0000000016a1c140:   000000000000000a 0000000018c2cc70
0x0000000016a1c150:   0000000000000001 0000000000000600
0x0000000016a1c160:   0000000000000180 00000000000000c0
0x0000000016a1c170:   0000000017e2d640 000000001618ccd0
0x0000000016a1c180:   00000000000006e8 000000001da113e0
0x0000000016a1c190:   0000000016a1c450 000000001b0fb050
0x0000000016a1c1a0:   0000000000000020 0000000000000009
0x0000000016a1c1b0:   000000001b0fe5b0 00000000000000da
0x0000000016a1c1c0:   00000000192206c8 000000005abd598d
0x0000000016a1c1d0:   000000001b0fe5b0 000000000000001c
0x0000000016a1c1e0:   00000000000000da 0000000016a1c450
0x0000000016a1c1f0:   000000001da15710 00000000000000da
0x0000000016a1c200:   000000001b0fb050 0000000000000020
0x0000000016a1c210:   00000000184ebd98 0000000016a1e7c0
0x0000000016a1c220:   00000000184ec3c8 000000001b0fe5b0 

Instructions: (pc=0x000000005abd4db2)
0x000000005abd4d92:   c6 48 63 f0 48 03 f1 eb 04 48 83 ce ff 48 8b 84
0x000000005abd4da2:   24 a0 00 00 00 48 8b 40 08 48 8b 3c 03 48 8b cf
0x000000005abd4db2:   48 8b 07 ff 50 28 4c 8d 05 41 b2 bd ff 48 63 50
0x000000005abd4dc2:   10 4c 8b d8 48 8b ca 48 c1 e1 05 42 80 bc 01 c0 


Register to memory mapping:

RAX=0x000000001b0fded8 is an unknown value
RBX=0x0000000000000600 is an unknown value
RCX=0x0000000000000000 is an unknown value
RDX=0x000000001da15710 is an unknown value
RSP=0x0000000016a1c130 is pointing into the stack for thread: 0x000000001618a800
RBP=0x00000000000000c0 is an unknown value
RSI=0x00000000000000b8 is an unknown value
RDI=0x0000000000000000 is an unknown value
R8 =0x000000005a7b0000 is an unknown value
R9 =0x0000000016a1c450 is pointing into the stack for thread: 0x000000001618a800
R10=0x00000000ffffffff is an unknown value
R11=0x0000000016213870 is an unknown value
R12=0x000000001b0fe5e0 is an unknown value
R13=0x00000000192206c8 is an unknown value
R14=0x0000000000000008 is an unknown value
R15=0x00000000192206c8 is an unknown value


Stack: [0x0000000016920000,0x0000000016a20000],  sp=0x0000000016a1c130,  free space=1008k
Native frames: (J=compiled Java code, j=interpreted, Vv=VM code, C=native code)
V  [jvm.dll+0x424db2]
V  [jvm.dll+0x42598d]
V  [jvm.dll+0x425ecf]
V  [jvm.dll+0x4c5a84]
V  [jvm.dll+0x4415bc]
V  [jvm.dll+0x443a29]
V  [jvm.dll+0x427722]
V  [jvm.dll+0x96982]
V  [jvm.dll+0x97173]
V  [jvm.dll+0x2234b4]
V  [jvm.dll+0x27bcca]
C  [msvcr100.dll+0x21d9f]
C  [msvcr100.dll+0x21e3b]
C  [kernel32.dll+0x159ed]
C  [ntdll.dll+0x2c541]


Current CompileTask:
C2:  33589 7119       4       groovy.lang.MetaClassImpl::findPropertyMethod (356 bytes)


---------------  P R O C E S S  ---------------

Java Threads: ( => current thread )
  0x000000001883b800 JavaThread "com.oumuo.SecurityGroup.data" daemon [_thread_blocked, id=8696, stack(0x000000001fb10000,0x000000001fc10000)]
  0x000000001883b000 JavaThread "com.oumuo.Authority.data" daemon [_thread_blocked, id=7456, stack(0x000000001e780000,0x000000001e880000)]
  0x0000000018839800 JavaThread "net.sf.ehcache.CacheManager@71f9e285" daemon [_thread_blocked, id=11784, stack(0x000000001e990000,0x000000001ea90000)]
  0x0000000018838800 JavaThread "PoolCleaner[1070157899:1428873606295]" daemon [_thread_blocked, id=1020, stack(0x000000001ef40000,0x000000001f040000)]
  0x00000000191d5000 JavaThread "FileSystemWatcher: files=#279 cl=groovy.lang.GroovyClassLoader@3fc9504b" daemon [_thread_blocked, id=10708, stack(0x0000000017810000,0x0000000017910000)]
  0x000000001859b800 JavaThread "localhost-startStop-1" daemon [_thread_in_vm, id=10272, stack(0x000000001ad80000,0x000000001ae80000)]
  0x000000001859b000 JavaThread "Tomcat-startStop-1" daemon [_thread_blocked, id=11944, stack(0x000000001ac10000,0x000000001ad10000)]
  0x00000000195be800 JavaThread "Thread-3" [_thread_in_native, id=9340, stack(0x000000001a8b0000,0x000000001a9b0000)]
  0x0000000017fef800 JavaThread "Thread-2" [_thread_blocked, id=6740, stack(0x000000001a3a0000,0x000000001a4a0000)]
  0x000000001717e800 JavaThread "NonBlockingInputStreamThread" daemon [_thread_blocked, id=11140, stack(0x0000000016dc0000,0x0000000016ec0000)]
  0x00000000163b5800 JavaThread "Service Thread" daemon [_thread_blocked, id=3268, stack(0x0000000016820000,0x0000000016920000)]
  0x000000001621c000 JavaThread "C1 CompilerThread2" daemon [_thread_blocked, id=8724, stack(0x0000000016c40000,0x0000000016d40000)]
  0x000000001618b800 JavaThread "C2 CompilerThread1" daemon [_thread_in_native, id=8964, stack(0x0000000016b30000,0x0000000016c30000)]
=>0x000000001618a800 JavaThread "C2 CompilerThread0" daemon [_thread_in_native, id=8768, stack(0x0000000016920000,0x0000000016a20000)]
  0x0000000016119000 JavaThread "Attach Listener" daemon [_thread_blocked, id=5900, stack(0x0000000016680000,0x0000000016780000)]
  0x0000000014ce7800 JavaThread "Signal Dispatcher" daemon [_thread_blocked, id=10052, stack(0x0000000016560000,0x0000000016660000)]
  0x0000000014c86800 JavaThread "Finalizer" daemon [_thread_blocked, id=9296, stack(0x0000000015d80000,0x0000000015e80000)]
  0x0000000014c7b800 JavaThread "Reference Handler" daemon [_thread_blocked, id=10044, stack(0x0000000016010000,0x0000000016110000)]
  0x00000000028ca000 JavaThread "main" [_thread_blocked, id=11472, stack(0x0000000002c90000,0x0000000002d90000)]

Other Threads:
  0x0000000014c78000 VMThread [stack: 0x0000000015ea0000,0x0000000015fa0000] [id=6056]
  0x00000000163b8800 WatcherThread [stack: 0x0000000016ec0000,0x0000000016fc0000] [id=5704]

VM state:not at safepoint (normal execution)

VM Mutex/Monitor currently owned by a thread: None

Heap:
 PSYoungGen      total 207872K, used 150630K [0x00000000f0000000, 0x0000000100000000, 0x0000000100000000)
  eden space 161792K, 69% used [0x00000000f0000000,0x00000000f6db40b0,0x00000000f9e00000)
  from space 46080K, 83% used [0x00000000fd300000,0x00000000ff865900,0x0000000100000000)
  to   space 50176K, 0% used [0x00000000f9e00000,0x00000000f9e00000,0x00000000fcf00000)
 ParOldGen       total 114688K, used 95943K [0x00000000d0000000, 0x00000000d7000000, 0x00000000f0000000)
  object space 114688K, 83% used [0x00000000d0000000,0x00000000d5db1f10,0x00000000d7000000)
 Metaspace       used 69817K, capacity 71630K, committed 71868K, reserved 1114112K
  class space    used 7325K, capacity 7838K, committed 7868K, reserved 1048576K

Card table byte_map: [0x0000000012150000,0x00000000122e0000] byte_map_base: 0x0000000011ad0000

Marking Bits: (ParMarkBitMap*) 0x000000005af612b0
 Begin Bits: [0x0000000012970000, 0x0000000013570000)
 End Bits:   [0x0000000013570000, 0x0000000014170000)

Polling page: 0x00000000002a0000

CodeCache: size=245760Kb used=22806Kb max_used=22824Kb free=222953Kb
 bounds [0x0000000002d90000, 0x00000000043f0000, 0x0000000011d90000]
 total_blobs=6906 nmethods=6142 adapters=675
 compilation: enabled

Compilation events (10 events):
Event: 33.451 Thread 0x000000001621c000 7129       2       java.net.URLClassLoader$2::run (16 bytes)
Event: 33.451 Thread 0x000000001621c000 nmethod 7129 0x00000000043be110 code [0x00000000043be280, 0x00000000043be408]
Event: 33.451 Thread 0x000000001621c000 7130       2       java.net.URLClassLoader$2::run (5 bytes)
Event: 33.451 Thread 0x000000001621c000 nmethod 7130 0x00000000043bdcd0 code [0x00000000043bde40, 0x00000000043bdfc8]
Event: 33.497 Thread 0x000000001621c000 7131 %     3       org.springsource.loaded.TypeDescriptorExtractor$ExtractionVisitor::computeClashes @ 38 (198 bytes)
Event: 33.499 Thread 0x000000001621c000 nmethod 7131% 0x00000000043c3510 code [0x00000000043c3840, 0x00000000043c5468]
Event: 33.522 Thread 0x000000001618a800 nmethod 7071% 0x00000000043e0450 code [0x00000000043e0ae0, 0x00000000043e6910]
Event: 33.522 Thread 0x000000001618a800 7119       4       groovy.lang.MetaClassImpl::findPropertyMethod (356 bytes)
Event: 33.532 Thread 0x000000001621c000 7132       2       org.codehaus.groovy.runtime.callsite.PogoGetPropertySite::acceptGroovyObjectGetProperty (19 bytes)
Event: 33.532 Thread 0x000000001621c000 nmethod 7132 0x00000000043bd910 code [0x00000000043bda80, 0x00000000043bdc08]

GC Heap History (10 events):
Event: 27.551 GC heap before
{Heap before GC invocations=55 (full 6):
 PSYoungGen      total 214528K, used 208862K [0x00000000f0000000, 0x0000000100000000, 0x0000000100000000)
  eden space 183296K, 96% used [0x00000000f0000000,0x00000000fad78b90,0x00000000fb300000)
  from space 31232K, 99% used [0x00000000fe180000,0x00000000ffffed30,0x0000000100000000)
  to   space 39424K, 0% used [0x00000000fb300000,0x00000000fb300000,0x00000000fd980000)
 ParOldGen       total 96256K, used 82487K [0x00000000d0000000, 0x00000000d5e00000, 0x00000000f0000000)
  object space 96256K, 85% used [0x00000000d0000000,0x00000000d508dc28,0x00000000d5e00000)
 Metaspace       used 65825K, capacity 67470K, committed 67772K, reserved 1110016K
  class space    used 6804K, capacity 7305K, committed 7356K, reserved 1048576K
Event: 27.707 GC heap after
Heap after GC invocations=55 (full 6):
 PSYoungGen      total 210432K, used 26974K [0x00000000f0000000, 0x0000000100000000, 0x0000000100000000)
  eden space 183296K, 0% used [0x00000000f0000000,0x00000000f0000000,0x00000000fb300000)
  from space 27136K, 99% used [0x00000000fb300000,0x00000000fcd57a88,0x00000000fcd80000)
  to   space 40960K, 0% used [0x00000000fd800000,0x00000000fd800000,0x0000000100000000)
 ParOldGen       total 96256K, used 92067K [0x00000000d0000000, 0x00000000d5e00000, 0x00000000f0000000)
  object space 96256K, 95% used [0x00000000d0000000,0x00000000d59e8c30,0x00000000d5e00000)
 Metaspace       used 65825K, capacity 67470K, committed 67772K, reserved 1110016K
  class space    used 6804K, capacity 7305K, committed 7356K, reserved 1048576K
}
Event: 27.707 GC heap before
{Heap before GC invocations=56 (full 7):
 PSYoungGen      total 210432K, used 26974K [0x00000000f0000000, 0x0000000100000000, 0x0000000100000000)
  eden space 183296K, 0% used [0x00000000f0000000,0x00000000f0000000,0x00000000fb300000)
  from space 27136K, 99% used [0x00000000fb300000,0x00000000fcd57a88,0x00000000fcd80000)
  to   space 40960K, 0% used [0x00000000fd800000,0x00000000fd800000,0x0000000100000000)
 ParOldGen       total 96256K, used 92067K [0x00000000d0000000, 0x00000000d5e00000, 0x00000000f0000000)
  object space 96256K, 95% used [0x00000000d0000000,0x00000000d59e8c30,0x00000000d5e00000)
 Metaspace       used 65825K, capacity 67470K, committed 67772K, reserved 1110016K
  class space    used 6804K, capacity 7305K, committed 7356K, reserved 1048576K
Event: 29.366 GC heap after
Heap after GC invocations=56 (full 7):
 PSYoungGen      total 210432K, used 21608K [0x00000000f0000000, 0x0000000100000000, 0x0000000100000000)
  eden space 183296K, 0% used [0x00000000f0000000,0x00000000f0000000,0x00000000fb300000)
  from space 27136K, 79% used [0x00000000fb300000,0x00000000fc81a260,0x00000000fcd80000)
  to   space 40960K, 0% used [0x00000000fd800000,0x00000000fd800000,0x0000000100000000)
 ParOldGen       total 114688K, used 95919K [0x00000000d0000000, 0x00000000d7000000, 0x00000000f0000000)
  object space 114688K, 83% used [0x00000000d0000000,0x00000000d5dabf10,0x00000000d7000000)
 Metaspace       used 65825K, capacity 67470K, committed 67772K, reserved 1110016K
  class space    used 6804K, capacity 7305K, committed 7356K, reserved 1048576K
}
Event: 30.778 GC heap before
{Heap before GC invocations=57 (full 7):
 PSYoungGen      total 210432K, used 204904K [0x00000000f0000000, 0x0000000100000000, 0x0000000100000000)
  eden space 183296K, 100% used [0x00000000f0000000,0x00000000fb300000,0x00000000fb300000)
  from space 27136K, 79% used [0x00000000fb300000,0x00000000fc81a260,0x00000000fcd80000)
  to   space 40960K, 0% used [0x00000000fd800000,0x00000000fd800000,0x0000000100000000)
 ParOldGen       total 114688K, used 95919K [0x00000000d0000000, 0x00000000d7000000, 0x00000000f0000000)
  object space 114688K, 83% used [0x00000000d0000000,0x00000000d5dabf10,0x00000000d7000000)
 Metaspace       used 66765K, capacity 68492K, committed 68924K, reserved 1110016K
  class space    used 6908K, capacity 7421K, committed 7484K, reserved 1048576K
Event: 30.852 GC heap after
Heap after GC invocations=57 (full 7):
 PSYoungGen      total 219136K, used 27110K [0x00000000f0000000, 0x0000000100000000, 0x0000000100000000)
  eden space 178176K, 0% used [0x00000000f0000000,0x00000000f0000000,0x00000000fae00000)
  from space 40960K, 66% used [0x00000000fd800000,0x00000000ff279a10,0x0000000100000000)
  to   space 41984K, 0% used [0x00000000fae00000,0x00000000fae00000,0x00000000fd700000)
 ParOldGen       total 114688K, used 95927K [0x00000000d0000000, 0x00000000d7000000, 0x00000000f0000000)
  object space 114688K, 83% used [0x00000000d0000000,0x00000000d5dadf10,0x00000000d7000000)
 Metaspace       used 66765K, capacity 68492K, committed 68924K, reserved 1110016K
  class space    used 6908K, capacity 7421K, committed 7484K, reserved 1048576K
}
Event: 32.203 GC heap before
{Heap before GC invocations=58 (full 7):
 PSYoungGen      total 219136K, used 199857K [0x00000000f0000000, 0x0000000100000000, 0x0000000100000000)
  eden space 178176K, 96% used [0x00000000f0000000,0x00000000fa8b2a30,0x00000000fae00000)
  from space 40960K, 66% used [0x00000000fd800000,0x00000000ff279a10,0x0000000100000000)
  to   space 41984K, 0% used [0x00000000fae00000,0x00000000fae00000,0x00000000fd700000)
 ParOldGen       total 114688K, used 95927K [0x00000000d0000000, 0x00000000d7000000, 0x00000000f0000000)
  object space 114688K, 83% used [0x00000000d0000000,0x00000000d5dadf10,0x00000000d7000000)
 Metaspace       used 68490K, capacity 70168K, committed 70460K, reserved 1112064K
  class space    used 7155K, capacity 7657K, committed 7740K, reserved 1048576K
Event: 32.243 GC heap after
Heap after GC invocations=58 (full 7):
 PSYoungGen      total 214016K, used 35670K [0x00000000f0000000, 0x0000000100000000, 0x0000000100000000)
  eden space 178176K, 0% used [0x00000000f0000000,0x00000000f0000000,0x00000000fae00000)
  from space 35840K, 99% used [0x00000000fae00000,0x00000000fd0d5968,0x00000000fd100000)
  to   space 46080K, 0% used [0x00000000fd300000,0x00000000fd300000,0x0000000100000000)
 ParOldGen       total 114688K, used 95935K [0x00000000d0000000, 0x00000000d7000000, 0x00000000f0000000)
  object space 114688K, 83% used [0x00000000d0000000,0x00000000d5daff10,0x00000000d7000000)
 Metaspace       used 68490K, capacity 70168K, committed 70460K, reserved 1112064K
  class space    used 7155K, capacity 7657K, committed 7740K, reserved 1048576K
}
Event: 32.828 GC heap before
{Heap before GC invocations=59 (full 7):
 PSYoungGen      total 214016K, used 210195K [0x00000000f0000000, 0x0000000100000000, 0x0000000100000000)
  eden space 178176K, 97% used [0x00000000f0000000,0x00000000faa6f4d0,0x00000000fae00000)
  from space 35840K, 99% used [0x00000000fae00000,0x00000000fd0d5968,0x00000000fd100000)
  to   space 46080K, 0% used [0x00000000fd300000,0x00000000fd300000,0x0000000100000000)
 ParOldGen       total 114688K, used 95935K [0x00000000d0000000, 0x00000000d7000000, 0x00000000f0000000)
  object space 114688K, 83% used [0x00000000d0000000,0x00000000d5daff10,0x00000000d7000000)
 Metaspace       used 68884K, capacity 70528K, committed 70716K, reserved 1112064K
  class space    used 7211K, capacity 7693K, committed 7740K, reserved 1048576K
Event: 32.866 GC heap after
Heap after GC invocations=59 (full 7):
 PSYoungGen      total 207872K, used 38294K [0x00000000f0000000, 0x0000000100000000, 0x0000000100000000)
  eden space 161792K, 0% used [0x00000000f0000000,0x00000000f0000000,0x00000000f9e00000)
  from space 46080K, 83% used [0x00000000fd300000,0x00000000ff865900,0x0000000100000000)
  to   space 50176K, 0% used [0x00000000f9e00000,0x00000000f9e00000,0x00000000fcf00000)
 ParOldGen       total 114688K, used 95943K [0x00000000d0000000, 0x00000000d7000000, 0x00000000f0000000)
  object space 114688K, 83% used [0x00000000d0000000,0x00000000d5db1f10,0x00000000d7000000)
 Metaspace       used 68884K, capacity 70528K, committed 70716K, reserved 1112064K
  class space    used 7211K, capacity 7693K, committed 7740K, reserved 1048576K
}

Deoptimization events (10 events):
Event: 33.025 Thread 0x000000001859b800 Uncommon trap: reason=class_check action=maybe_recompile pc=0x0000000002fa7eec method=groovy.lang.MetaClassImpl.isGenericGetMethod(Lgroovy/lang/MetaMethod;)Z @ 14
Event: 33.025 Thread 0x000000001859b800 Uncommon trap: reason=class_check action=maybe_recompile pc=0x0000000002fa7eec method=groovy.lang.MetaClassImpl.isGenericGetMethod(Lgroovy/lang/MetaMethod;)Z @ 14
Event: 33.033 Thread 0x000000001859b800 Uncommon trap: reason=class_check action=maybe_recompile pc=0x0000000003d44970 method=sun.reflect.generics.factory.CoreReflectionFactory.findTypeVariable(Ljava/lang/String;)Ljava/lang/reflect/TypeVariable; @ 5
Event: 33.033 Thread 0x000000001859b800 Uncommon trap: reason=class_check action=maybe_recompile pc=0x0000000003d44970 method=sun.reflect.generics.factory.CoreReflectionFactory.findTypeVariable(Ljava/lang/String;)Ljava/lang/reflect/TypeVariable; @ 5
Event: 33.240 Thread 0x000000001859b800 Uncommon trap: reason=bimorphic action=maybe_recompile pc=0x00000000043c0c9c method=org.codehaus.groovy.runtime.metaclass.MetaMethodIndex.addMethodToList(Ljava/lang/Object;Lgroovy/lang/MetaMethod;)Ljava/lang/Object; @ 218
Event: 33.335 Thread 0x000000001859b800 Uncommon trap: reason=class_check action=maybe_recompile pc=0x00000000043c0bc4 method=org.codehaus.groovy.runtime.metaclass.MetaMethodIndex.addMethodToList(Ljava/lang/Object;Lgroovy/lang/MetaMethod;)Ljava/lang/Object; @ 68
Event: 33.338 Thread 0x000000001859b800 Uncommon trap: reason=class_check action=maybe_recompile pc=0x00000000043c0bc4 method=org.codehaus.groovy.runtime.metaclass.MetaMethodIndex.addMethodToList(Ljava/lang/Object;Lgroovy/lang/MetaMethod;)Ljava/lang/Object; @ 68
Event: 33.348 Thread 0x000000001859b800 Uncommon trap: reason=class_check action=maybe_recompile pc=0x00000000043c0bc4 method=org.codehaus.groovy.runtime.metaclass.MetaMethodIndex.addMethodToList(Ljava/lang/Object;Lgroovy/lang/MetaMethod;)Ljava/lang/Object; @ 68
Event: 33.367 Thread 0x000000001859b800 Uncommon trap: reason=unreached action=reinterpret pc=0x0000000002f3d9d8 method=sun.misc.URLClassPath$FileLoader.findResource(Ljava/lang/String;Z)Ljava/net/URL; @ 8
Event: 33.372 Thread 0x000000001859b800 Uncommon trap: reason=class_check action=maybe_recompile pc=0x00000000043c0bc4 method=org.codehaus.groovy.runtime.metaclass.MetaMethodIndex.addMethodToList(Ljava/lang/Object;Lgroovy/lang/MetaMethod;)Ljava/lang/Object; @ 68

Internal exceptions (10 events):
Event: 33.556 Thread 0x000000001859b800 Exception <a 'java/security/PrivilegedActionException'> (0x00000000f5ffd008) thrown at [C:\re\workspace\8-2-build-windows-amd64-cygwin\jdk8u11\648\hotspot\src\share\vm\prims\jvm.cpp, line 1248]
Event: 33.556 Thread 0x000000001859b800 Exception <a 'java/security/PrivilegedActionException'> (0x00000000f6000928) thrown at [C:\re\workspace\8-2-build-windows-amd64-cygwin\jdk8u11\648\hotspot\src\share\vm\prims\jvm.cpp, line 1248]
Event: 33.557 Thread 0x000000001859b800 Exception <a 'java/security/PrivilegedActionException'> (0x00000000f600e840) thrown at [C:\re\workspace\8-2-build-windows-amd64-cygwin\jdk8u11\648\hotspot\src\share\vm\prims\jvm.cpp, line 1248]
Event: 33.557 Thread 0x000000001859b800 Exception <a 'java/security/PrivilegedActionException'> (0x00000000f602d1e8) thrown at [C:\re\workspace\8-2-build-windows-amd64-cygwin\jdk8u11\648\hotspot\src\share\vm\prims\jvm.cpp, line 1248]
Event: 33.557 Thread 0x000000001859b800 Exception <a 'java/lang/ClassNotFoundException': org/grails/datastore/gorm/GormEnhancerBeanInfo> (0x00000000f602df68) thrown at [C:\re\workspace\8-2-build-windows-amd64-cygwin\jdk8u11\648\hotspot\src\share\vm\classfile\systemDictionary.cpp, line 202]
Event: 33.557 Thread 0x000000001859b800 Exception <a 'java/security/PrivilegedActionException'> (0x00000000f602ee78) thrown at [C:\re\workspace\8-2-build-windows-amd64-cygwin\jdk8u11\648\hotspot\src\share\vm\prims\jvm.cpp, line 1248]
Event: 33.557 Thread 0x000000001859b800 Exception <a 'java/security/PrivilegedActionException'> (0x00000000f6032968) thrown at [C:\re\workspace\8-2-build-windows-amd64-cygwin\jdk8u11\648\hotspot\src\share\vm\prims\jvm.cpp, line 1248]
Event: 33.558 Thread 0x000000001859b800 Exception <a 'java/security/PrivilegedActionException'> (0x00000000f6040fc0) thrown at [C:\re\workspace\8-2-build-windows-amd64-cygwin\jdk8u11\648\hotspot\src\share\vm\prims\jvm.cpp, line 1248]
Event: 33.558 Thread 0x000000001859b800 Exception <a 'java/security/PrivilegedActionException'> (0x00000000f6052cf8) thrown at [C:\re\workspace\8-2-build-windows-amd64-cygwin\jdk8u11\648\hotspot\src\share\vm\prims\jvm.cpp, line 1248]
Event: 33.558 Thread 0x000000001859b800 Exception <a 'java/security/PrivilegedActionException'> (0x00000000f6056870) thrown at [C:\re\workspace\8-2-build-windows-amd64-cygwin\jdk8u11\648\hotspot\src\share\vm\prims\jvm.cpp, line 1248]

Events (10 events):
Event: 33.555 loading class org/grails/datastore/gorm/GormEnhancerBeanInfo
Event: 33.555 loading class org/grails/datastore/gorm/GormEnhancerBeanInfo done
Event: 33.556 loading class org/grails/datastore/gorm/GormEnhancerBeanInfo
Event: 33.556 loading class org/grails/datastore/gorm/GormEnhancerBeanInfo done
Event: 33.557 loading class org/grails/datastore/gorm/GormEnhancerBeanInfo
Event: 33.557 loading class org/grails/datastore/gorm/GormEnhancerBeanInfo done
Event: 33.557 loading class org/grails/datastore/gorm/GormEnhancerCustomizer
Event: 33.557 loading class org/grails/datastore/gorm/GormEnhancerCustomizer done
Event: 33.558 loading class org/grails/datastore/gorm/GormEnhancerCustomizer
Event: 33.558 loading class org/grails/datastore/gorm/GormEnhancerCustomizer done


Dynamic libraries:
0x000000013f420000 - 0x000000013f454000 	C:\Program Files\Java\jdk1.8.0_11\bin\java.exe
0x0000000077980000 - 0x0000000077b29000 	C:\Windows\SYSTEM32\ntdll.dll
0x0000000077860000 - 0x000000007797f000 	C:\Windows\system32\kernel32.dll
0x000007fefe140000 - 0x000007fefe1ac000 	C:\Windows\system32\KERNELBASE.dll
0x000007feff400000 - 0x000007feff4db000 	C:\Windows\system32\ADVAPI32.dll
0x000007feffb10000 - 0x000007feffbaf000 	C:\Windows\system32\msvcrt.dll
0x000007feffae0000 - 0x000007feffaff000 	C:\Windows\SYSTEM32\sechost.dll
0x000007fefef40000 - 0x000007feff06d000 	C:\Windows\system32\RPCRT4.dll
0x0000000077280000 - 0x000000007737a000 	C:\Windows\system32\USER32.dll
0x000007feffc20000 - 0x000007feffc87000 	C:\Windows\system32\GDI32.dll
0x000007feffc10000 - 0x000007feffc1e000 	C:\Windows\system32\LPK.dll
0x000007feff560000 - 0x000007feff629000 	C:\Windows\system32\USP10.dll
0x000007fefc3e0000 - 0x000007fefc5d4000 	C:\Windows\WinSxS\amd64_microsoft.windows.common-controls_6595b64144ccf1df_6.0.7601.17514_none_fa396087175ac9ac\COMCTL32.dll
0x000007feff4e0000 - 0x000007feff551000 	C:\Windows\system32\SHLWAPI.dll
0x000007feff110000 - 0x000007feff13e000 	C:\Windows\system32\IMM32.DLL
0x000007feff720000 - 0x000007feff829000 	C:\Windows\system32\MSCTF.dll
0x0000000180000000 - 0x000000018001c000 	C:\Windows\system32\btpload64.dll
0x0000000077b40000 - 0x0000000077b47000 	C:\Windows\system32\PSAPI.DLL
0x0000000000270000 - 0x000000000029c000 	C:\Windows\system32\privman64.dll
0x000007fefdd30000 - 0x000007fefdd3c000 	C:\Windows\system32\VERSION.dll
0x000007fefe1b0000 - 0x000007fefef39000 	C:\Windows\system32\SHELL32.dll
0x000007fefdd10000 - 0x000007fefdd2e000 	C:\Windows\system32\USERENV.dll
0x000007fefdde0000 - 0x000007fefddef000 	C:\Windows\system32\profapi.dll
0x000000006e110000 - 0x000000006e1e2000 	C:\Program Files\Java\jdk1.8.0_11\jre\bin\msvcr100.dll
0x000000005a7b0000 - 0x000000005afda000 	C:\Program Files\Java\jdk1.8.0_11\jre\bin\server\jvm.dll
0x000007fefd2c0000 - 0x000007fefd2c9000 	C:\Windows\system32\WSOCK32.dll
0x000007feff6d0000 - 0x000007feff71d000 	C:\Windows\system32\WS2_32.dll
0x000007feffb00000 - 0x000007feffb08000 	C:\Windows\system32\NSI.dll
0x000007fefb930000 - 0x000007fefb96b000 	C:\Windows\system32\WINMM.dll
0x0000000070860000 - 0x000000007086f000 	C:\Program Files\Java\jdk1.8.0_11\jre\bin\verify.dll
0x0000000070830000 - 0x0000000070858000 	C:\Program Files\Java\jdk1.8.0_11\jre\bin\java.dll
0x00000000537e0000 - 0x0000000053803000 	C:\Program Files\Java\jdk1.8.0_11\jre\bin\instrument.dll
0x0000000070680000 - 0x0000000070696000 	C:\Program Files\Java\jdk1.8.0_11\jre\bin\zip.dll
0x000007feff830000 - 0x000007feffa33000 	C:\Windows\system32\ole32.dll
0x000007fefd680000 - 0x000007fefd697000 	C:\Windows\system32\CRYPTSP.dll
0x000007fefd380000 - 0x000007fefd3c7000 	C:\Windows\system32\rsaenh.dll
0x000007fefdce0000 - 0x000007fefdcef000 	C:\Windows\system32\CRYPTBASE.dll
0x0000000070660000 - 0x000000007067a000 	C:\Program Files\Java\jdk1.8.0_11\jre\bin\net.dll
0x000007fefd620000 - 0x000007fefd675000 	C:\Windows\system32\mswsock.dll
0x000007fefd610000 - 0x000007fefd617000 	C:\Windows\System32\wship6.dll
0x000007fefcd80000 - 0x000007fefcda7000 	C:\Windows\system32\IPHLPAPI.DLL
0x000007fefcd70000 - 0x000007fefcd7b000 	C:\Windows\system32\WINNSI.DLL
0x000007fefb3d0000 - 0x000007fefb3e8000 	C:\Windows\system32\dhcpcsvc.DLL
0x000007fefb3b0000 - 0x000007fefb3c1000 	C:\Windows\system32\dhcpcsvc6.DLL
0x0000000070640000 - 0x0000000070651000 	C:\Program Files\Java\jdk1.8.0_11\jre\bin\nio.dll
0x000007fefaad0000 - 0x000007fefaada000 	C:\Users\rgopal\AppData\Local\Temp\jansi-64-7052799699359571000.dll
0x0000000070590000 - 0x000000007059d000 	C:\Program Files\Java\jdk1.8.0_11\jre\bin\management.dll
0x000007fefce80000 - 0x000007fefce87000 	C:\Windows\System32\wshtcpip.dll
0x000007fefd4a0000 - 0x000007fefd4fb000 	C:\Windows\system32\DNSAPI.dll
0x0000000074fa0000 - 0x0000000074fc6000 	C:\Program Files\Bonjour\mdnsNSP.dll
0x000007fefb340000 - 0x000007fefb348000 	C:\Windows\system32\rasadhlp.dll
0x000007fefb350000 - 0x000007fefb3a3000 	C:\Windows\System32\fwpuclnt.dll
0x000007fefb450000 - 0x000007fefb465000 	C:\Windows\system32\NLAapi.dll
0x000007fefb430000 - 0x000007fefb445000 	C:\Windows\system32\napinsp.dll
0x000007fefb410000 - 0x000007fefb429000 	C:\Windows\system32\pnrpnsp.dll
0x000007fefb400000 - 0x000007fefb40b000 	C:\Windows\System32\winrnr.dll
0x000007fefb3f0000 - 0x000007fefb400000 	C:\Windows\system32\wshbth.dll
0x000007fef6a90000 - 0x000007fef6bb5000 	C:\Windows\system32\dbghelp.dll

VM Arguments:
jvm_args: -Dfile.encoding=UTF-8 -Xmx768M -Xms64M -Dgrails.fork.parent.process.port=59043 -Dgrails.fork.active=true -Dgrails.build.execution.context=C:\Users\rgopal\AppData\Local\Temp\central6381340676743660800grails-execution-context -Dgrails.home=C:\Users\rgopal\Documents\grails-2.4.4\grails-2.4.4 -javaagent:C:\Users\rgopal\Documents\grails-2.4.4\grails-2.4.4\lib\org.springframework\springloaded\jars\springloaded-1.2.1.RELEASE.jar -Xverify:none -Dspringloaded.synchronize=true -Djdk.reflect.allowGetCallerClass=true -Dspringloaded=profile=grails;cacheDir=C:\Users\rgopal/.grails/2.4.4/ 
java_command: org.grails.plugins.tomcat.fork.ForkedTomcatServer
java_class_path (initial): C:\Program Files\Java\jdk1.8.0_11\lib\tools.jar;C:\Users\rgopal\Documents\grails-2.4.4\grails-2.4.4\lib\org.codehaus.groovy\groovy-all\jars\groovy-all-2.3.7.jar;C:\Users\rgopal\Documents\grails-2.4.4\grails-2.4.4\lib\org.slf4j\jcl-over-slf4j\jars\jcl-over-slf4j-1.7.5.jar;C:\Users\rgopal\Documents\grails-2.4.4\grails-2.4.4\lib\org.codehaus.gant\gant_groovy1.8\jars\gant_groovy1.8-1.9.6.jar;C:\Users\rgopal\Documents\grails-2.4.4\grails-2.4.4\lib\org.apache.tomcat.embed\tomcat-embed-logging-log4j\jars\tomcat-embed-logging-log4j-7.0.50.jar;C:\Users\rgopal\Documents\grails-2.4.4\grails-2.4.4\dist\grails-plugin-log4j-2.4.4.jar;C:\Users\rgopal\Documents\grails-2.4.4\grails-2.4.4\lib\log4j\log4j\jars\log4j-1.2.17.jar;C:\Users\rgopal\Documents\grails-2.4.4\grails-2.4.4\dist\grails-bootstrap-2.4.4.jar;C:\Users\rgopal\Documents\grails-2.4.4\grails-2.4.4\lib\org.slf4j\slf4j-api\jars\slf4j-api-1.7.5.jar;C:\Users\rgopal\Documents\grails-2.4.4\grails-2.4.4\lib\jline\jline\jars\jline-2.12.jar;C:\Users\rgopal\Documents\grails-2.4.4\grails-2.4.4\lib\org.apache.ant\ant\jars\ant-1.8.4.jar;C:\Users\rgopal\Documents\grails-2.4.4\grails-2.4.4\lib\org.apache.ant\ant-launcher\jars\ant-launcher-1.8.4.jar;C:\Users\rgopal\Documents\grails-2.4.4\grails-2.4.4\lib\org.apache.ant\ant-trax\jars\ant-trax-1.7.1.jar;C:\Users\rgopal\Documents\grails-2.4.4\grails-2.4.4\lib\org.apache.ant\ant-junit\jars\ant-junit-1.8.4.jar;C:\Users\rgopal\Documents\grails-2.4.4\grails-2.4.4\lib\org.apache.ivy\ivy\jars\ivy-2.3.0.jar;C:\Users\rgopal\Documents\grails-2.4.4\grails-2.4.4\lib\org.fusesource.jansi\jansi\jars\jansi-1.11.jar;C:\Users\rgopal\.m2\repository\org\apache\tomcat\tomcat-catalina-ant\7.0.55\tomcat-catalina-ant-7.0.55.jar;C:\Users\rgopal\.m2\repository\org\apache\tomcat\embed\tomcat-embed-jasper\7.0.55\tomcat-embed-jasper-7.0.55.jar;C:\Users\rgopal\.m2\repository\org\apache\tomcat\embed\tomcat-embed-el\7.0.55\tomcat-embed-el-7.0.55.jar;C:\Users\rgopal\.m2\repository\org\apache\
Launcher Type: SUN_STANDARD

Environment Variables:
JAVA_HOME=C:\Program Files\Java\jdk1.8.0_11
PATH=C:\Windows\system32;C:\Windows;C:\Windows\System32\Wbem;C:\Windows\System32\WindowsPowerShell\v1.0\;C:\users\rgopal\My Documents\springsource\grails-2.3.5\bin\;c:\Program Files\Java\jdk1.7.0_51\bin\;C:\Program Files (x86)\MiKTeX 2.9\miktex\bin\
USERNAME=rgopal
OS=Windows_NT
PROCESSOR_IDENTIFIER=Intel64 Family 6 Model 37 Stepping 5, GenuineIntel



---------------  S Y S T E M  ---------------

OS: Windows 7 , 64 bit Build 7601 Service Pack 1

CPU:total 4 (2 cores per cpu, 2 threads per core) family 6 model 37 stepping 5, cmov, cx8, fxsr, mmx, sse, sse2, sse3, ssse3, sse4.1, sse4.2, popcnt, aes, clmul, ht, tsc, tscinvbit

Memory: 4k page, physical 8181608k(2146900k free), swap 16361352k(7157380k free)

vm_info: Java HotSpot(TM) 64-Bit Server VM (25.11-b03) for windows-amd64 JRE (1.8.0_11-b12), built on Jun 16 2014 20:57:32 by "java_re" with MS VC++ 10.0 (VS2010)

time: Sun Apr 12 17:20:19 2015
elapsed time: 33 seconds

