#
# A fatal error has been detected by the Java Runtime Environment:
#
#  EXCEPTION_ACCESS_VIOLATION (0xc0000005) at pc=0x0000000063dd4db2, pid=7492, tid=4664
#
# JRE version: Java(TM) SE Runtime Environment (8.0_11-b12) (build 1.8.0_11-b12)
# Java VM: Java HotSpot(TM) 64-Bit Server VM (25.11-b03 mixed mode windows-amd64 compressed oops)
# Problematic frame:
# V  [jvm.dll+0x424db2]
#
# Failed to write core dump. Minidumps are not enabled by default on client versions of Windows
#
# If you would like to submit a bug report, please visit:
#   http://bugreport.sun.com/bugreport/crash.jsp
#

---------------  T H R E A D  ---------------

Current thread (0x00000000561eb800):  JavaThread "C2 CompilerThread0" daemon [_thread_in_native, id=4664, stack(0x00000000568b0000,0x00000000569b0000)]

siginfo: ExceptionCode=0xc0000005, reading address 0x0000000000000000

Registers:
RAX=0x00000000581951a8, RBX=0x0000000000000600, RCX=0x0000000000000000, RDX=0x000000005b0fcc60
RSP=0x00000000569ac3a0, RBP=0x00000000000000c0, RSI=0x00000000000000b8, RDI=0x0000000000000000
R8 =0x00000000639b0000, R9 =0x00000000569ac6c0, R10=0x00000000ffffffff, R11=0x000000005628a900
R12=0x00000000581958b0, R13=0x0000000058b7d498, R14=0x0000000000000008, R15=0x0000000058b7d498
RIP=0x0000000063dd4db2, EFLAGS=0x0000000000010206

Top of Stack: (sp=0x00000000569ac3a0)
0x00000000569ac3a0:   00000000000000da 000000005b0f82c0
0x00000000569ac3b0:   0000000058191160 000000005b0f82c0
0x00000000569ac3c0:   0000000000000001 0000000000000600
0x00000000569ac3d0:   0000000000000180 00000000000000c0
0x00000000569ac3e0:   00000000580510b0 000000005627ad20
0x00000000569ac3f0:   0000000000000738 000000005b0f82c0
0x00000000569ac400:   00000000569ac6c0 0000000058192280
0x00000000569ac410:   0000000000000020 0000000000000009
0x00000000569ac420:   0000000058195880 00000000000000da
0x00000000569ac430:   0000000058b7d498 0000000063dd598d
0x00000000569ac440:   0000000058195880 000000000000001c
0x00000000569ac450:   00000000000000da 00000000569ac6c0
0x00000000569ac460:   000000005b0fcc60 00000000000000da
0x00000000569ac470:   0000000058192280 0000000000000020
0x00000000569ac480:   000000005b1f26e8 00000000569aea30
0x00000000569ac490:   000000005b1f2d18 0000000058195880 

Instructions: (pc=0x0000000063dd4db2)
0x0000000063dd4d92:   c6 48 63 f0 48 03 f1 eb 04 48 83 ce ff 48 8b 84
0x0000000063dd4da2:   24 a0 00 00 00 48 8b 40 08 48 8b 3c 03 48 8b cf
0x0000000063dd4db2:   48 8b 07 ff 50 28 4c 8d 05 41 b2 bd ff 48 63 50
0x0000000063dd4dc2:   10 4c 8b d8 48 8b ca 48 c1 e1 05 42 80 bc 01 c0 


Register to memory mapping:

RAX=0x00000000581951a8 is an unknown value
RBX=0x0000000000000600 is an unknown value
RCX=0x0000000000000000 is an unknown value
RDX=0x000000005b0fcc60 is an unknown value
RSP=0x00000000569ac3a0 is pointing into the stack for thread: 0x00000000561eb800
RBP=0x00000000000000c0 is an unknown value
RSI=0x00000000000000b8 is an unknown value
RDI=0x0000000000000000 is an unknown value
R8 =0x00000000639b0000 is an unknown value
R9 =0x00000000569ac6c0 is pointing into the stack for thread: 0x00000000561eb800
R10=0x00000000ffffffff is an unknown value
R11=0x000000005628a900 is an unknown value
R12=0x00000000581958b0 is an unknown value
R13=0x0000000058b7d498 is an unknown value
R14=0x0000000000000008 is an unknown value
R15=0x0000000058b7d498 is an unknown value


Stack: [0x00000000568b0000,0x00000000569b0000],  sp=0x00000000569ac3a0,  free space=1008k
Native frames: (J=compiled Java code, j=interpreted, Vv=VM code, C=native code)
V  [jvm.dll+0x424db2]
V  [jvm.dll+0x42598d]
V  [jvm.dll+0x425ecf]
V  [jvm.dll+0x4c5a84]
V  [jvm.dll+0x4415bc]
V  [jvm.dll+0x443a29]
V  [jvm.dll+0x427722]
V  [jvm.dll+0x96982]
V  [jvm.dll+0x97173]
V  [jvm.dll+0x2234b4]
V  [jvm.dll+0x27bcca]
C  [msvcr100.dll+0x21d9f]
C  [msvcr100.dll+0x21e3b]
C  [kernel32.dll+0x159ed]
C  [ntdll.dll+0x2c541]


Current CompileTask:
C2:  57306 7501       4       groovy.lang.MetaClassImpl::findPropertyMethod (356 bytes)


---------------  P R O C E S S  ---------------

Java Threads: ( => current thread )
  0x000000005767b800 JavaThread "net.sf.ehcache.CacheManager@6b22bc9c" daemon [_thread_blocked, id=10560, stack(0x0000000061630000,0x0000000061730000)]
  0x000000005767a000 JavaThread "com.oumuo.SecurityGroup.data" daemon [_thread_blocked, id=10632, stack(0x000000005fad0000,0x000000005fbd0000)]
  0x0000000057678000 JavaThread "com.oumuo.Authority.data" daemon [_thread_blocked, id=11072, stack(0x000000005d260000,0x000000005d360000)]
  0x0000000057677800 JavaThread "net.sf.ehcache.CacheManager@4940c47d" daemon [_thread_blocked, id=6252, stack(0x000000005e390000,0x000000005e490000)]
  0x0000000057670800 JavaThread "PoolCleaner[192694377:1430067277539]" daemon [_thread_blocked, id=8580, stack(0x000000005f0f0000,0x000000005f1f0000)]
  0x0000000057673000 JavaThread "FileSystemWatcher: files=#311 cl=groovy.lang.GroovyClassLoader@b7c4869" daemon [_thread_blocked, id=11168, stack(0x000000005bf80000,0x000000005c080000)]
  0x0000000057672000 JavaThread "localhost-startStop-1" daemon [_thread_in_native, id=6184, stack(0x000000005a6f0000,0x000000005a7f0000)]
  0x0000000057671800 JavaThread "Tomcat-startStop-1" daemon [_thread_blocked, id=10524, stack(0x000000005a460000,0x000000005a560000)]
  0x0000000057670000 JavaThread "Thread-3" [_thread_in_native, id=9104, stack(0x0000000057730000,0x0000000057830000)]
  0x00000000598bd000 JavaThread "Thread-2" [_thread_blocked, id=9000, stack(0x000000005a590000,0x000000005a690000)]
  0x0000000057375000 JavaThread "NonBlockingInputStreamThread" daemon [_thread_blocked, id=9240, stack(0x0000000057d10000,0x0000000057e10000)]
  0x0000000056420800 JavaThread "Service Thread" daemon [_thread_blocked, id=7724, stack(0x0000000056cb0000,0x0000000056db0000)]
  0x0000000056275000 JavaThread "C1 CompilerThread2" daemon [_thread_blocked, id=9232, stack(0x0000000056b70000,0x0000000056c70000)]
  0x00000000561ec800 JavaThread "C2 CompilerThread1" daemon [_thread_in_native, id=10824, stack(0x00000000569b0000,0x0000000056ab0000)]
=>0x00000000561eb800 JavaThread "C2 CompilerThread0" daemon [_thread_in_native, id=4664, stack(0x00000000568b0000,0x00000000569b0000)]
  0x0000000056179000 JavaThread "Attach Listener" daemon [_thread_blocked, id=5148, stack(0x0000000056740000,0x0000000056840000)]
  0x0000000054db7800 JavaThread "Signal Dispatcher" daemon [_thread_blocked, id=10308, stack(0x0000000056580000,0x0000000056680000)]
  0x0000000054d56800 JavaThread "Finalizer" daemon [_thread_blocked, id=10296, stack(0x0000000056070000,0x0000000056170000)]
  0x0000000054d4b800 JavaThread "Reference Handler" daemon [_thread_blocked, id=10664, stack(0x0000000055f40000,0x0000000056040000)]
  0x00000000029da000 JavaThread "main" [_thread_blocked, id=6412, stack(0x0000000002d20000,0x0000000002e20000)]

Other Threads:
  0x0000000054d48000 VMThread [stack: 0x0000000055dd0000,0x0000000055ed0000] [id=1440]
  0x0000000056423800 WatcherThread [stack: 0x0000000056e30000,0x0000000056f30000] [id=4404]

VM state:not at safepoint (normal execution)

VM Mutex/Monitor currently owned by a thread: None

Heap:
 PSYoungGen      total 227328K, used 134616K [0x00000000f0000000, 0x0000000100000000, 0x0000000100000000)
  eden space 203776K, 62% used [0x00000000f0000000,0x00000000f7d41020,0x00000000fc700000)
  from space 23552K, 26% used [0x00000000fe900000,0x00000000fef35060,0x0000000100000000)
  to   space 29184K, 0% used [0x00000000fc700000,0x00000000fc700000,0x00000000fe380000)
 ParOldGen       total 159232K, used 136562K [0x00000000d0000000, 0x00000000d9b80000, 0x00000000f0000000)
  object space 159232K, 85% used [0x00000000d0000000,0x00000000d855c8c8,0x00000000d9b80000)
 Metaspace       used 72455K, capacity 74526K, committed 74752K, reserved 1116160K
  class space    used 7491K, capacity 8070K, committed 8192K, reserved 1048576K

Card table byte_map: [0x00000000121e0000,0x0000000012370000] byte_map_base: 0x0000000011b60000

Marking Bits: (ParMarkBitMap*) 0x00000000641612b0
 Begin Bits: [0x0000000012a40000, 0x0000000013640000)
 End Bits:   [0x0000000013640000, 0x0000000014240000)

Polling page: 0x00000000001b0000

CodeCache: size=245760Kb used=26051Kb max_used=26533Kb free=219708Kb
 bounds [0x0000000002e20000, 0x0000000004830000, 0x0000000011e20000]
 total_blobs=7075 nmethods=6310 adapters=675
 compilation: enabled

Compilation events (10 events):
Event: 57.188 Thread 0x0000000056275000 7498       3       groovy.lang.MetaClassImpl::getMetaProperty (45 bytes)
Event: 57.188 Thread 0x0000000056275000 nmethod 7498 0x00000000034aac50 code [0x00000000034aade0, 0x00000000034ab378]
Event: 57.192 Thread 0x0000000056275000 7499 %     3       groovy.lang.MetaClassImpl::addInterfaceMethods @ 49 (81 bytes)
Event: 57.193 Thread 0x0000000056275000 nmethod 7499% 0x0000000003e85d50 code [0x0000000003e85f60, 0x0000000003e86858]
Event: 57.200 Thread 0x00000000561ec800 7500   !   4       com.sun.beans.TypeResolver::resolve (274 bytes)
Event: 57.221 Thread 0x00000000561eb800 7501       4       groovy.lang.MetaClassImpl::findPropertyMethod (356 bytes)
Event: 57.222 Thread 0x0000000056275000 7502       3       org.codehaus.groovy.runtime.metaclass.MetaMethodIndex::addMethodToList (290 bytes)
Event: 57.224 Thread 0x0000000056275000 nmethod 7502 0x0000000003ebfd10 code [0x0000000003ec00a0, 0x0000000003ec20a8]
Event: 57.254 Thread 0x0000000056275000 7505       3       com.sun.beans.WildcardTypeImpl::<init> (15 bytes)
Event: 57.254 Thread 0x0000000056275000 nmethod 7505 0x0000000003789850 code [0x00000000037899a0, 0x0000000003789b70]

GC Heap History (10 events):
Event: 50.832 GC heap before
{Heap before GC invocations=73 (full 8):
 PSYoungGen      total 230912K, used 217983K [0x00000000f0000000, 0x0000000100000000, 0x0000000100000000)
  eden space 216064K, 98% used [0x00000000f0000000,0x00000000fcfec608,0x00000000fd300000)
  from space 14848K, 34% used [0x00000000ff180000,0x00000000ff6737f8,0x0000000100000000)
  to   space 23040K, 0% used [0x00000000fd300000,0x00000000fd300000,0x00000000fe980000)
 ParOldGen       total 136704K, used 115853K [0x00000000d0000000, 0x00000000d8580000, 0x00000000f0000000)
  object space 136704K, 84% used [0x00000000d0000000,0x00000000d7123718,0x00000000d8580000)
 Metaspace       used 68389K, capacity 70210K, committed 70400K, reserved 1112064K
  class space    used 6995K, capacity 7576K, committed 7680K, reserved 1048576K
Event: 50.946 GC heap after
Heap after GC invocations=73 (full 8):
 PSYoungGen      total 239104K, used 8046K [0x00000000f0000000, 0x0000000100000000, 0x0000000100000000)
  eden space 216064K, 0% used [0x00000000f0000000,0x00000000f0000000,0x00000000fd300000)
  from space 23040K, 34% used [0x00000000fd300000,0x00000000fdadb9d0,0x00000000fe980000)
  to   space 21504K, 0% used [0x00000000feb00000,0x00000000feb00000,0x0000000100000000)
 ParOldGen       total 136704K, used 118501K [0x00000000d0000000, 0x00000000d8580000, 0x00000000f0000000)
  object space 136704K, 86% used [0x00000000d0000000,0x00000000d73b9728,0x00000000d8580000)
 Metaspace       used 68389K, capacity 70210K, committed 70400K, reserved 1112064K
  class space    used 6995K, capacity 7576K, committed 7680K, reserved 1048576K
}
Event: 53.167 GC heap before
{Heap before GC invocations=74 (full 8):
 PSYoungGen      total 239104K, used 224110K [0x00000000f0000000, 0x0000000100000000, 0x0000000100000000)
  eden space 216064K, 100% used [0x00000000f0000000,0x00000000fd300000,0x00000000fd300000)
  from space 23040K, 34% used [0x00000000fd300000,0x00000000fdadb9d0,0x00000000fe980000)
  to   space 21504K, 0% used [0x00000000feb00000,0x00000000feb00000,0x0000000100000000)
 ParOldGen       total 136704K, used 118501K [0x00000000d0000000, 0x00000000d8580000, 0x00000000f0000000)
  object space 136704K, 86% used [0x00000000d0000000,0x00000000d73b9728,0x00000000d8580000)
 Metaspace       used 69476K, capacity 71358K, committed 71680K, reserved 1114112K
  class space    used 7104K, capacity 7668K, committed 7680K, reserved 1048576K
Event: 53.246 GC heap after
Heap after GC invocations=74 (full 8):
 PSYoungGen      total 236544K, used 17372K [0x00000000f0000000, 0x0000000100000000, 0x0000000100000000)
  eden space 215040K, 0% used [0x00000000f0000000,0x00000000f0000000,0x00000000fd200000)
  from space 21504K, 80% used [0x00000000feb00000,0x00000000ffbf7398,0x0000000100000000)
  to   space 23552K, 0% used [0x00000000fd200000,0x00000000fd200000,0x00000000fe900000)
 ParOldGen       total 136704K, used 118501K [0x00000000d0000000, 0x00000000d8580000, 0x00000000f0000000)
  object space 136704K, 86% used [0x00000000d0000000,0x00000000d73b9728,0x00000000d8580000)
 Metaspace       used 69476K, capacity 71358K, committed 71680K, reserved 1114112K
  class space    used 7104K, capacity 7668K, committed 7680K, reserved 1048576K
}
Event: 54.658 GC heap before
{Heap before GC invocations=75 (full 8):
 PSYoungGen      total 236544K, used 224315K [0x00000000f0000000, 0x0000000100000000, 0x0000000100000000)
  eden space 215040K, 96% used [0x00000000f0000000,0x00000000fca17b18,0x00000000fd200000)
  from space 21504K, 80% used [0x00000000feb00000,0x00000000ffbf7398,0x0000000100000000)
  to   space 23552K, 0% used [0x00000000fd200000,0x00000000fd200000,0x00000000fe900000)
 ParOldGen       total 136704K, used 118501K [0x00000000d0000000, 0x00000000d8580000, 0x00000000f0000000)
  object space 136704K, 86% used [0x00000000d0000000,0x00000000d73b9728,0x00000000d8580000)
 Metaspace       used 71050K, capacity 72950K, committed 73216K, reserved 1114112K
  class space    used 7328K, capacity 7896K, committed 7936K, reserved 1048576K
Event: 54.694 GC heap after
Heap after GC invocations=75 (full 8):
 PSYoungGen      total 238592K, used 23534K [0x00000000f0000000, 0x0000000100000000, 0x0000000100000000)
  eden space 215040K, 0% used [0x00000000f0000000,0x00000000f0000000,0x00000000fd200000)
  from space 23552K, 99% used [0x00000000fd200000,0x00000000fe8fbb70,0x00000000fe900000)
  to   space 23552K, 0% used [0x00000000fe900000,0x00000000fe900000,0x0000000100000000)
 ParOldGen       total 136704K, used 119128K [0x00000000d0000000, 0x00000000d8580000, 0x00000000f0000000)
  object space 136704K, 87% used [0x00000000d0000000,0x00000000d7456150,0x00000000d8580000)
 Metaspace       used 71050K, capacity 72950K, committed 73216K, reserved 1114112K
  class space    used 7328K, capacity 7896K, committed 7936K, reserved 1048576K
}
Event: 55.228 GC heap before
{Heap before GC invocations=76 (full 8):
 PSYoungGen      total 238592K, used 238574K [0x00000000f0000000, 0x0000000100000000, 0x0000000100000000)
  eden space 215040K, 100% used [0x00000000f0000000,0x00000000fd200000,0x00000000fd200000)
  from space 23552K, 99% used [0x00000000fd200000,0x00000000fe8fbb70,0x00000000fe900000)
  to   space 23552K, 0% used [0x00000000fe900000,0x00000000fe900000,0x0000000100000000)
 ParOldGen       total 136704K, used 119128K [0x00000000d0000000, 0x00000000d8580000, 0x00000000f0000000)
  object space 136704K, 87% used [0x00000000d0000000,0x00000000d7456150,0x00000000d8580000)
 Metaspace       used 71548K, capacity 73524K, committed 73728K, reserved 1116160K
  class space    used 7371K, capacity 7932K, committed 7936K, reserved 1048576K
Event: 55.313 GC heap after
Heap after GC invocations=76 (full 8):
 PSYoungGen      total 227328K, used 18798K [0x00000000f0000000, 0x0000000100000000, 0x0000000100000000)
  eden space 203776K, 0% used [0x00000000f0000000,0x00000000f0000000,0x00000000fc700000)
  from space 23552K, 79% used [0x00000000fe900000,0x00000000ffb5ba80,0x0000000100000000)
  to   space 29184K, 0% used [0x00000000fc700000,0x00000000fc700000,0x00000000fe380000)
 ParOldGen       total 136704K, used 126236K [0x00000000d0000000, 0x00000000d8580000, 0x00000000f0000000)
  object space 136704K, 92% used [0x00000000d0000000,0x00000000d7b472e8,0x00000000d8580000)
 Metaspace       used 71548K, capacity 73524K, committed 73728K, reserved 1116160K
  class space    used 7371K, capacity 7932K, committed 7936K, reserved 1048576K
}
Event: 55.313 GC heap before
{Heap before GC invocations=77 (full 9):
 PSYoungGen      total 227328K, used 18798K [0x00000000f0000000, 0x0000000100000000, 0x0000000100000000)
  eden space 203776K, 0% used [0x00000000f0000000,0x00000000f0000000,0x00000000fc700000)
  from space 23552K, 79% used [0x00000000fe900000,0x00000000ffb5ba80,0x0000000100000000)
  to   space 29184K, 0% used [0x00000000fc700000,0x00000000fc700000,0x00000000fe380000)
 ParOldGen       total 136704K, used 126236K [0x00000000d0000000, 0x00000000d8580000, 0x00000000f0000000)
  object space 136704K, 92% used [0x00000000d0000000,0x00000000d7b472e8,0x00000000d8580000)
 Metaspace       used 71548K, capacity 73524K, committed 73728K, reserved 1116160K
  class space    used 7371K, capacity 7932K, committed 7936K, reserved 1048576K
Event: 56.431 GC heap after
Heap after GC invocations=77 (full 9):
 PSYoungGen      total 227328K, used 6356K [0x00000000f0000000, 0x0000000100000000, 0x0000000100000000)
  eden space 203776K, 0% used [0x00000000f0000000,0x00000000f0000000,0x00000000fc700000)
  from space 23552K, 26% used [0x00000000fe900000,0x00000000fef35060,0x0000000100000000)
  to   space 29184K, 0% used [0x00000000fc700000,0x00000000fc700000,0x00000000fe380000)
 ParOldGen       total 159232K, used 136562K [0x00000000d0000000, 0x00000000d9b80000, 0x00000000f0000000)
  object space 159232K, 85% used [0x00000000d0000000,0x00000000d855c8c8,0x00000000d9b80000)
 Metaspace       used 71525K, capacity 73488K, committed 73728K, reserved 1116160K
  class space    used 7367K, capacity 7926K, committed 7936K, reserved 1048576K
}

Deoptimization events (10 events):
Event: 54.709 Thread 0x0000000057672000 Uncommon trap: reason=bimorphic action=maybe_recompile pc=0x000000000466ab3c method=sl.org.objectweb.asm.MethodVisitor.visitTryCatchBlock(Lsl/org/objectweb/asm/Label;Lsl/org/objectweb/asm/Label;Lsl/org/objectweb/asm/Label;Ljava/lang/String;)V @ 16
Event: 54.778 Thread 0x0000000057672000 Uncommon trap: reason=bimorphic action=maybe_recompile pc=0x000000000466ab3c method=sl.org.objectweb.asm.MethodVisitor.visitTryCatchBlock(Lsl/org/objectweb/asm/Label;Lsl/org/objectweb/asm/Label;Lsl/org/objectweb/asm/Label;Ljava/lang/String;)V @ 16
Event: 54.949 Thread 0x0000000057672000 Uncommon trap: reason=unloaded action=reinterpret pc=0x000000000431b9b8 method=org.springframework.core.BridgeMethodResolver.findBridgedMethod(Ljava/lang/reflect/Method;)Ljava/lang/reflect/Method; @ 13
Event: 57.192 Thread 0x0000000057672000 Uncommon trap: reason=class_check action=maybe_recompile pc=0x00000000041b9dfc method=groovy.lang.MetaClassImpl.isGenericGetMethod(Lgroovy/lang/MetaMethod;)Z @ 14
Event: 57.192 Thread 0x0000000057672000 Uncommon trap: reason=class_check action=maybe_recompile pc=0x00000000041b9e0c method=org.codehaus.groovy.runtime.MetaClassHelper.isGenericSetMethod(Lgroovy/lang/MetaMethod;)Z @ 14
Event: 57.192 Thread 0x0000000057672000 Uncommon trap: reason=class_check action=maybe_recompile pc=0x00000000041b9dfc method=groovy.lang.MetaClassImpl.isGenericGetMethod(Lgroovy/lang/MetaMethod;)Z @ 14
Event: 57.192 Thread 0x0000000057672000 Uncommon trap: reason=class_check action=maybe_recompile pc=0x00000000041b9e0c method=org.codehaus.groovy.runtime.MetaClassHelper.isGenericSetMethod(Lgroovy/lang/MetaMethod;)Z @ 14
Event: 57.197 Thread 0x0000000057672000 Uncommon trap: reason=class_check action=maybe_recompile pc=0x0000000003b30f3c method=sun.reflect.generics.factory.CoreReflectionFactory.findTypeVariable(Ljava/lang/String;)Ljava/lang/reflect/TypeVariable; @ 5
Event: 57.198 Thread 0x0000000057672000 Uncommon trap: reason=class_check action=maybe_recompile pc=0x0000000003b30f3c method=sun.reflect.generics.factory.CoreReflectionFactory.findTypeVariable(Ljava/lang/String;)Ljava/lang/reflect/TypeVariable; @ 5
Event: 57.221 Thread 0x0000000057672000 Uncommon trap: reason=unreached action=reinterpret pc=0x0000000003b27094 method=org.codehaus.groovy.runtime.metaclass.MetaMethodIndex.isNonRealMethod(Lgroovy/lang/MetaMethod;)Z @ 32

Internal exceptions (10 events):
Event: 57.261 Thread 0x0000000057672000 Exception <a 'java/security/PrivilegedActionException'> (0x00000000f78a3588) thrown at [C:\re\workspace\8-2-build-windows-amd64-cygwin\jdk8u11\648\hotspot\src\share\vm\prims\jvm.cpp, line 1248]
Event: 57.263 Thread 0x0000000057672000 Exception <a 'java/security/PrivilegedActionException'> (0x00000000f78bad10) thrown at [C:\re\workspace\8-2-build-windows-amd64-cygwin\jdk8u11\648\hotspot\src\share\vm\prims\jvm.cpp, line 1248]
Event: 57.264 Thread 0x0000000057672000 Exception <a 'java/security/PrivilegedActionException'> (0x00000000f78d81e0) thrown at [C:\re\workspace\8-2-build-windows-amd64-cygwin\jdk8u11\648\hotspot\src\share\vm\prims\jvm.cpp, line 1248]
Event: 57.264 Thread 0x0000000057672000 Exception <a 'java/security/PrivilegedActionException'> (0x00000000f78ddfb0) thrown at [C:\re\workspace\8-2-build-windows-amd64-cygwin\jdk8u11\648\hotspot\src\share\vm\prims\jvm.cpp, line 1248]
Event: 57.264 Thread 0x0000000057672000 Exception <a 'java/security/PrivilegedActionException'> (0x00000000f78f5738) thrown at [C:\re\workspace\8-2-build-windows-amd64-cygwin\jdk8u11\648\hotspot\src\share\vm\prims\jvm.cpp, line 1248]
Event: 57.265 Thread 0x0000000057672000 Exception <a 'java/security/PrivilegedActionException'> (0x00000000f79292b0) thrown at [C:\re\workspace\8-2-build-windows-amd64-cygwin\jdk8u11\648\hotspot\src\share\vm\prims\jvm.cpp, line 1248]
Event: 57.265 Thread 0x0000000057672000 Exception <a 'java/lang/ClassNotFoundException': org/codehaus/groovy/grails/plugins/DomainClassGrailsPlugin$_enhanceDomainClasses_closure9Customizer> (0x00000000f792a228) thrown at [C:\re\workspace\8-2-build-windows-amd64-cygwin\jdk8u11\648\hotspot\src\shaz½Òh¢L@
Event: 57.269 Thread 0x0000000057672000 Exception <a 'java/security/PrivilegedActionException'> (0x00000000f794a270) thrown at [C:\re\workspace\8-2-build-windows-amd64-cygwin\jdk8u11\648\hotspot\src\share\vm\prims\jvm.cpp, line 1248]
Event: 57.269 Thread 0x0000000057672000 Exception <a 'java/security/PrivilegedActionException'> (0x00000000f794e750) thrown at [C:\re\workspace\8-2-build-windows-amd64-cygwin\jdk8u11\648\hotspot\src\share\vm\prims\jvm.cpp, line 1248]
Event: 57.270 Thread 0x0000000057672000 Exception <a 'java/security/PrivilegedActionException'> (0x00000000f79542e8) thrown at [C:\re\workspace\8-2-build-windows-amd64-cygwin\jdk8u11\648\hotspot\src\share\vm\prims\jvm.cpp, line 1248]

Events (10 events):
Event: 57.261 loading class org/codehaus/groovy/grails/plugins/DomainClassGrailsPlugin$_enhanceDomainClasses_closure9Customizer
Event: 57.261 loading class org/codehaus/groovy/grails/plugins/DomainClassGrailsPlugin$_enhanceDomainClasses_closure9Customizer done
Event: 57.263 loading class org/codehaus/groovy/grails/plugins/DomainClassGrailsPlugin$_enhanceDomainClasses_closure9Customizer
Event: 57.264 loading class org/codehaus/groovy/grails/plugins/DomainClassGrailsPlugin$_enhanceDomainClasses_closure9Customizer done
Event: 57.265 loading class org/codehaus/groovy/grails/plugins/DomainClassGrailsPlugin$_enhanceDomainClasses_closure9Customizer
Event: 57.265 loading class org/codehaus/groovy/grails/plugins/DomainClassGrailsPlugin$_enhanceDomainClasses_closure9Customizer done
Event: 57.269 loading class org/codehaus/groovy/runtime/callsite/StaticMetaMethodSite$StaticMetaMethodSiteNoUnwrap
Event: 57.269 loading class org/codehaus/groovy/runtime/callsite/StaticMetaMethodSite$StaticMetaMethodSiteNoUnwrap done
Event: 57.269 loading class org/codehaus/groovy/grails/plugins/DomainClassGrailsPlugin$_addRelationshipManagementMethods_closure23
Event: 57.269 loading class org/codehaus/groovy/grails/plugins/DomainClassGrailsPlugin$_addRelationshipManagementMethods_closure23 done


Dynamic libraries:
0x000000013f5f0000 - 0x000000013f624000 	C:\Program Files\Java\jdk1.8.0_11\bin\java.exe
0x0000000076e80000 - 0x0000000077029000 	C:\Windows\SYSTEM32\ntdll.dll
0x0000000076c60000 - 0x0000000076d7f000 	C:\Windows\system32\kernel32.dll
0x000007fefd390000 - 0x000007fefd3fc000 	C:\Windows\system32\KERNELBASE.dll
0x000007fefd6c0000 - 0x000007fefd79b000 	C:\Windows\system32\ADVAPI32.dll
0x000007fefe610000 - 0x000007fefe6af000 	C:\Windows\system32\msvcrt.dll
0x000007fefeb60000 - 0x000007fefeb7f000 	C:\Windows\SYSTEM32\sechost.dll
0x000007fefedb0000 - 0x000007fefeedd000 	C:\Windows\system32\RPCRT4.dll
0x0000000076d80000 - 0x0000000076e7a000 	C:\Windows\system32\USER32.dll
0x000007fefed10000 - 0x000007fefed77000 	C:\Windows\system32\GDI32.dll
0x000007fefd6b0000 - 0x000007fefd6be000 	C:\Windows\system32\LPK.dll
0x000007fefeee0000 - 0x000007fefefa9000 	C:\Windows\system32\USP10.dll
0x000007fefb8e0000 - 0x000007fefbad4000 	C:\Windows\WinSxS\amd64_microsoft.windows.common-controls_6595b64144ccf1df_6.0.7601.17514_none_fa396087175ac9ac\COMCTL32.dll
0x000007fefe580000 - 0x000007fefe5f1000 	C:\Windows\system32\SHLWAPI.dll
0x000007fefed80000 - 0x000007fefedae000 	C:\Windows\system32\IMM32.DLL
0x000007fefeb80000 - 0x000007fefec89000 	C:\Windows\system32\MSCTF.dll
0x0000000180000000 - 0x000000018001c000 	C:\Windows\system32\btpload64.dll
0x0000000077050000 - 0x0000000077057000 	C:\Windows\system32\PSAPI.DLL
0x0000000000170000 - 0x000000000019c000 	C:\Windows\system32\privman64.dll
0x000007fefd230000 - 0x000007fefd23c000 	C:\Windows\system32\VERSION.dll
0x000007fefd7f0000 - 0x000007fefe579000 	C:\Windows\system32\SHELL32.dll
0x000007fefd210000 - 0x000007fefd22e000 	C:\Windows\system32\USERENV.dll
0x000007fefd2e0000 - 0x000007fefd2ef000 	C:\Windows\system32\profapi.dll
0x0000000064d70000 - 0x0000000064e42000 	C:\Program Files\Java\jdk1.8.0_11\jre\bin\msvcr100.dll
0x00000000639b0000 - 0x00000000641da000 	C:\Program Files\Java\jdk1.8.0_11\jre\bin\server\jvm.dll
0x000007fefc7c0000 - 0x000007fefc7c9000 	C:\Windows\system32\WSOCK32.dll
0x000007fefd7a0000 - 0x000007fefd7ed000 	C:\Windows\system32\WS2_32.dll
0x000007fefe600000 - 0x000007fefe608000 	C:\Windows\system32\NSI.dll
0x000007fefae20000 - 0x000007fefae5b000 	C:\Windows\system32\WINMM.dll
0x000000006a0c0000 - 0x000000006a0cf000 	C:\Program Files\Java\jdk1.8.0_11\jre\bin\verify.dll
0x0000000064d00000 - 0x0000000064d28000 	C:\Program Files\Java\jdk1.8.0_11\jre\bin\java.dll
0x000000006ff30000 - 0x000000006ff53000 	C:\Program Files\Java\jdk1.8.0_11\jre\bin\instrument.dll
0x000000006afe0000 - 0x000000006aff6000 	C:\Program Files\Java\jdk1.8.0_11\jre\bin\zip.dll
0x000007fefe6b0000 - 0x000007fefe8b3000 	C:\Windows\system32\ole32.dll
0x000007fefcb80000 - 0x000007fefcb97000 	C:\Windows\system32\CRYPTSP.dll
0x000007fefc880000 - 0x000007fefc8c7000 	C:\Windows\system32\rsaenh.dll
0x000007fefd1e0000 - 0x000007fefd1ef000 	C:\Windows\system32\CRYPTBASE.dll
0x0000000064630000 - 0x000000006464a000 	C:\Program Files\Java\jdk1.8.0_11\jre\bin\net.dll
0x000007fefcb20000 - 0x000007fefcb75000 	C:\Windows\system32\mswsock.dll
0x000007fefcb10000 - 0x000007fefcb17000 	C:\Windows\System32\wship6.dll
0x000007fefc280000 - 0x000007fefc2a7000 	C:\Windows\system32\IPHLPAPI.DLL
0x000007fefc270000 - 0x000007fefc27b000 	C:\Windows\system32\WINNSI.DLL
0x000007fefa8b0000 - 0x000007fefa8c8000 	C:\Windows\system32\dhcpcsvc.DLL
0x000007fefa840000 - 0x000007fefa851000 	C:\Windows\system32\dhcpcsvc6.DLL
0x0000000060c30000 - 0x0000000060c41000 	C:\Program Files\Java\jdk1.8.0_11\jre\bin\nio.dll
0x000007fefb820000 - 0x000007fefb82a000 	C:\Users\rgopal\AppData\Local\Temp\jansi-64-8600391868847188937.dll
0x000000006b3e0000 - 0x000000006b3ed000 	C:\Program Files\Java\jdk1.8.0_11\jre\bin\management.dll
0x000007fefc380000 - 0x000007fefc387000 	C:\Windows\System32\wshtcpip.dll
0x000007fefc9a0000 - 0x000007fefc9fb000 	C:\Windows\system32\DNSAPI.dll
0x00000000744a0000 - 0x00000000744c6000 	C:\Program Files\Bonjour\mdnsNSP.dll
0x000007fefa7d0000 - 0x000007fefa7d8000 	C:\Windows\system32\rasadhlp.dll
0x000007fefa7e0000 - 0x000007fefa833000 	C:\Windows\System32\fwpuclnt.dll
0x000007fefa9a0000 - 0x000007fefa9b5000 	C:\Windows\system32\NLAapi.dll
0x000007fefa910000 - 0x000007fefa925000 	C:\Windows\system32\napinsp.dll
0x000007fefa8f0000 - 0x000007fefa909000 	C:\Windows\system32\pnrpnsp.dll
0x000007fefa8e0000 - 0x000007fefa8eb000 	C:\Windows\System32\winrnr.dll
0x000007fefa8d0000 - 0x000007fefa8e0000 	C:\Windows\system32\wshbth.dll
0x000007fef5730000 - 0x000007fef5855000 	C:\Windows\system32\dbghelp.dll

VM Arguments:
jvm_args: -Dfile.encoding=UTF-8 -Xmx768M -Xms64M -Dgrails.fork.parent.process.port=63368 -Dgrails.fork.active=true -Dgrails.build.execution.context=C:\Users\rgopal\AppData\Local\Temp\central5182235329876072841grails-execution-context -Dgrails.home=C:\Users\rgopal\Documents\grails-2.4.4\grails-2.4.4 -javaagent:C:\Users\rgopal\Documents\grails-2.4.4\grails-2.4.4\lib\org.springframework\springloaded\jars\springloaded-1.2.1.RELEASE.jar -Xverify:none -Dspringloaded.synchronize=true -Djdk.reflect.allowGetCallerClass=true -Dspringloaded=profile=grails;cacheDir=C:\Users\rgopal/.grails/2.4.4/ 
java_command: org.grails.plugins.tomcat.fork.ForkedTomcatServer
java_class_path (initial): C:\Program Files\Java\jdk1.8.0_11\lib\tools.jar;C:\Users\rgopal\Documents\grails-2.4.4\grails-2.4.4\lib\org.codehaus.groovy\groovy-all\jars\groovy-all-2.3.7.jar;C:\Users\rgopal\Documents\grails-2.4.4\grails-2.4.4\lib\org.slf4j\jcl-over-slf4j\jars\jcl-over-slf4j-1.7.5.jar;C:\Users\rgopal\Documents\grails-2.4.4\grails-2.4.4\lib\org.codehaus.gant\gant_groovy1.8\jars\gant_groovy1.8-1.9.6.jar;C:\Users\rgopal\Documents\grails-2.4.4\grails-2.4.4\lib\org.apache.tomcat.embed\tomcat-embed-logging-log4j\jars\tomcat-embed-logging-log4j-7.0.50.jar;C:\Users\rgopal\Documents\grails-2.4.4\grails-2.4.4\dist\grails-plugin-log4j-2.4.4.jar;C:\Users\rgopal\Documents\grails-2.4.4\grails-2.4.4\lib\log4j\log4j\jars\log4j-1.2.17.jar;C:\Users\rgopal\Documents\grails-2.4.4\grails-2.4.4\dist\grails-bootstrap-2.4.4.jar;C:\Users\rgopal\Documents\grails-2.4.4\grails-2.4.4\lib\org.slf4j\slf4j-api\jars\slf4j-api-1.7.5.jar;C:\Users\rgopal\Documents\grails-2.4.4\grails-2.4.4\lib\jline\jline\jars\jline-2.12.jar;C:\Users\rgopal\Documents\grails-2.4.4\grails-2.4.4\lib\org.apache.ant\ant\jars\ant-1.8.4.jar;C:\Users\rgopal\Documents\grails-2.4.4\grails-2.4.4\lib\org.apache.ant\ant-launcher\jars\ant-launcher-1.8.4.jar;C:\Users\rgopal\Documents\grails-2.4.4\grails-2.4.4\lib\org.apache.ant\ant-trax\jars\ant-trax-1.7.1.jar;C:\Users\rgopal\Documents\grails-2.4.4\grails-2.4.4\lib\org.apache.ant\ant-junit\jars\ant-junit-1.8.4.jar;C:\Users\rgopal\Documents\grails-2.4.4\grails-2.4.4\lib\org.apache.ivy\ivy\jars\ivy-2.3.0.jar;C:\Users\rgopal\Documents\grails-2.4.4\grails-2.4.4\lib\org.fusesource.jansi\jansi\jars\jansi-1.11.jar;C:\Users\rgopal\.m2\repository\org\apache\tomcat\tomcat-catalina-ant\7.0.55\tomcat-catalina-ant-7.0.55.jar;C:\Users\rgopal\.m2\repository\org\apache\tomcat\embed\tomcat-embed-jasper\7.0.55\tomcat-embed-jasper-7.0.55.jar;C:\Users\rgopal\.m2\repository\org\apache\tomcat\embed\tomcat-embed-el\7.0.55\tomcat-embed-el-7.0.55.jar;C:\Users\rgopal\.m2\repository\org\apache\
Launcher Type: SUN_STANDARD

Environment Variables:
JAVA_HOME=C:\Program Files\Java\jdk1.8.0_11
PATH=C:\Windows\system32;C:\Windows;C:\Windows\System32\Wbem;C:\Windows\System32\WindowsPowerShell\v1.0\;C:\users\rgopal\My Documents\springsource\grails-2.3.5\bin\;c:\Program Files\Java\jdk1.7.0_51\bin\;C:\Program Files (x86)\MiKTeX 2.9\miktex\bin\
USERNAME=rgopal
OS=Windows_NT
PROCESSOR_IDENTIFIER=Intel64 Family 6 Model 37 Stepping 5, GenuineIntel



---------------  S Y S T E M  ---------------

OS: Windows 7 , 64 bit Build 7601 Service Pack 1

CPU:total 4 (2 cores per cpu, 2 threads per core) family 6 model 37 stepping 5, cmov, cx8, fxsr, mmx, sse, sse2, sse3, ssse3, sse4.1, sse4.2, popcnt, aes, clmul, ht, tsc, tscinvbit

Memory: 4k page, physical 8181608k(1089672k free), swap 16361352k(7538300k free)

vm_info: Java HotSpot(TM) 64-Bit Server VM (25.11-b03) for windows-amd64 JRE (1.8.0_11-b12), built on Jun 16 2014 20:57:32 by "java_re" with MS VC++ 10.0 (VS2010)

time: Sun Apr 26 12:54:54 2015
elapsed time: 57 seconds

