#
# A fatal error has been detected by the Java Runtime Environment:
#
#  EXCEPTION_ACCESS_VIOLATION (0xc0000005) at pc=0x0000000055f24db2, pid=9672, tid=10396
#
# JRE version: Java(TM) SE Runtime Environment (8.0_11-b12) (build 1.8.0_11-b12)
# Java VM: Java HotSpot(TM) 64-Bit Server VM (25.11-b03 mixed mode windows-amd64 compressed oops)
# Problematic frame:
# V  [jvm.dll+0x424db2]
#
# Failed to write core dump. Minidumps are not enabled by default on client versions of Windows
#
# If you would like to submit a bug report, please visit:
#   http://bugreport.sun.com/bugreport/crash.jsp
#

---------------  T H R E A D  ---------------

Current thread (0x0000000056beb000):  JavaThread "C2 CompilerThread0" daemon [_thread_in_native, id=10396, stack(0x0000000056f00000,0x0000000057000000)]

siginfo: ExceptionCode=0xc0000005, reading address 0x0000000000000000

Registers:
RAX=0x0000000057b88158, RBX=0x0000000000000600, RCX=0x0000000000000000, RDX=0x00000000583f7b80
RSP=0x0000000056ffc8e0, RBP=0x00000000000000c0, RSI=0x00000000000000b8, RDI=0x0000000000000000
R8 =0x0000000055b00000, R9 =0x0000000056ffcc00, R10=0x00000000ffffffff, R11=0x0000000056c22f40
R12=0x0000000057b88870, R13=0x00000000584326b8, R14=0x0000000000000008, R15=0x00000000584326b8
RIP=0x0000000055f24db2, EFLAGS=0x0000000000010206

Top of Stack: (sp=0x0000000056ffc8e0)
0x0000000056ffc8e0:   00000000000000dc 00000000000000b0
0x0000000056ffc8f0:   000000000000000a 0000000059ede640
0x0000000056ffc900:   0000000000000001 0000000000000600
0x0000000056ffc910:   0000000000000180 00000000000000c0
0x0000000056ffc920:   0000000059dfd7c0 0000000056bf2a80
0x0000000056ffc930:   0000000000000750 00000000583f33c0
0x0000000056ffc940:   0000000056ffcc00 0000000057b851f0
0x0000000056ffc950:   0000000000000020 0000000000000009
0x0000000056ffc960:   0000000057b88840 00000000000000dc
0x0000000056ffc970:   00000000584326b8 0000000055f2598d
0x0000000056ffc980:   0000000057b88840 000000000000001c
0x0000000056ffc990:   00000000000000dc 0000000056ffcc00
0x0000000056ffc9a0:   00000000583f7b80 00000000000000dc
0x0000000056ffc9b0:   0000000057b851f0 0000000000000020
0x0000000056ffc9c0:   0000000057ea8ff0 0000000056ffef70
0x0000000056ffc9d0:   0000000057ea9620 0000000057b88840 

Instructions: (pc=0x0000000055f24db2)
0x0000000055f24d92:   c6 48 63 f0 48 03 f1 eb 04 48 83 ce ff 48 8b 84
0x0000000055f24da2:   24 a0 00 00 00 48 8b 40 08 48 8b 3c 03 48 8b cf
0x0000000055f24db2:   48 8b 07 ff 50 28 4c 8d 05 41 b2 bd ff 48 63 50
0x0000000055f24dc2:   10 4c 8b d8 48 8b ca 48 c1 e1 05 42 80 bc 01 c0 


Register to memory mapping:

RAX=0x0000000057b88158 is an unknown value
RBX=0x0000000000000600 is an unknown value
RCX=0x0000000000000000 is an unknown value
RDX=0x00000000583f7b80 is an unknown value
RSP=0x0000000056ffc8e0 is pointing into the stack for thread: 0x0000000056beb000
RBP=0x00000000000000c0 is an unknown value
RSI=0x00000000000000b8 is an unknown value
RDI=0x0000000000000000 is an unknown value
R8 =0x0000000055b00000 is an unknown value
R9 =0x0000000056ffcc00 is pointing into the stack for thread: 0x0000000056beb000
R10=0x00000000ffffffff is an unallocated location in the heap
R11=0x0000000056c22f40 is an unknown value
R12=0x0000000057b88870 is an unknown value
R13=0x00000000584326b8 is an unknown value
R14=0x0000000000000008 is an unknown value
R15=0x00000000584326b8 is an unknown value


Stack: [0x0000000056f00000,0x0000000057000000],  sp=0x0000000056ffc8e0,  free space=1010k
Native frames: (J=compiled Java code, j=interpreted, Vv=VM code, C=native code)
V  [jvm.dll+0x424db2]
V  [jvm.dll+0x42598d]
V  [jvm.dll+0x425ecf]
V  [jvm.dll+0x4c5a84]
V  [jvm.dll+0x4415bc]
V  [jvm.dll+0x443a29]
V  [jvm.dll+0x427722]
V  [jvm.dll+0x96982]
V  [jvm.dll+0x97173]
V  [jvm.dll+0x2234b4]
V  [jvm.dll+0x27bcca]
C  [msvcr100.dll+0x21d9f]
C  [msvcr100.dll+0x21e3b]
C  [kernel32.dll+0x159ed]
C  [ntdll.dll+0x2c541]


Current CompileTask:
C2:  59605 7542       4       groovy.lang.MetaClassImpl::findPropertyMethod (356 bytes)


---------------  P R O C E S S  ---------------

Java Threads: ( => current thread )
  0x000000005b67d800 JavaThread "net.sf.ehcache.CacheManager@4050b395" daemon [_thread_blocked, id=5660, stack(0x0000000060fc0000,0x00000000610c0000)]
  0x000000005b67d000 JavaThread "com.oumuo.SecurityGroup.data" daemon [_thread_blocked, id=9832, stack(0x000000005ad40000,0x000000005ae40000)]
  0x000000005b67c000 JavaThread "com.oumuo.Authority.data" daemon [_thread_blocked, id=10316, stack(0x0000000060ea0000,0x0000000060fa0000)]
  0x000000005a756800 JavaThread "net.sf.ehcache.CacheManager@492d1451" daemon [_thread_blocked, id=4932, stack(0x0000000060850000,0x0000000060950000)]
  0x000000005b97f000 JavaThread "PoolCleaner[192694377:1430873915912]" daemon [_thread_blocked, id=5156, stack(0x000000005fb60000,0x000000005fc60000)]
  0x0000000057bc7800 JavaThread "FileSystemWatcher: files=#331 cl=groovy.lang.GroovyClassLoader@b7c4869" daemon [_thread_blocked, id=9984, stack(0x000000005c920000,0x000000005ca20000)]
  0x0000000059fae000 JavaThread "localhost-startStop-1" daemon [_thread_in_native, id=10944, stack(0x000000005afa0000,0x000000005b0a0000)]
  0x0000000059fad800 JavaThread "Tomcat-startStop-1" daemon [_thread_blocked, id=7216, stack(0x000000005c5b0000,0x000000005c6b0000)]
  0x000000005842b000 JavaThread "Thread-3" [_thread_in_native, id=7100, stack(0x000000005a810000,0x000000005a910000)]
  0x0000000058de0800 JavaThread "Thread-2" [_thread_blocked, id=5200, stack(0x000000005ae40000,0x000000005af40000)]
  0x0000000057af1000 JavaThread "NonBlockingInputStreamThread" daemon [_thread_blocked, id=10308, stack(0x0000000059340000,0x0000000059440000)]
  0x0000000056d31000 JavaThread "Service Thread" daemon [_thread_blocked, id=580, stack(0x0000000057630000,0x0000000057730000)]
  0x0000000056bed800 JavaThread "C1 CompilerThread2" daemon [_thread_blocked, id=4048, stack(0x00000000571d0000,0x00000000572d0000)]
  0x0000000056beb800 JavaThread "C2 CompilerThread1" daemon [_thread_in_native, id=6196, stack(0x0000000057380000,0x0000000057480000)]
=>0x0000000056beb000 JavaThread "C2 CompilerThread0" daemon [_thread_in_native, id=10396, stack(0x0000000056f00000,0x0000000057000000)]
  0x0000000056af9000 JavaThread "Attach Listener" daemon [_thread_blocked, id=10088, stack(0x00000000570c0000,0x00000000571c0000)]
  0x0000000056af6800 JavaThread "Signal Dispatcher" daemon [_thread_blocked, id=9648, stack(0x0000000056840000,0x0000000056940000)]
  0x0000000054d91000 JavaThread "Finalizer" daemon [_thread_blocked, id=11072, stack(0x00000000569f0000,0x0000000056af0000)]
  0x0000000054d8b800 JavaThread "Reference Handler" daemon [_thread_blocked, id=1476, stack(0x0000000056610000,0x0000000056710000)]
  0x0000000002aba000 JavaThread "main" [_thread_blocked, id=2272, stack(0x0000000002b80000,0x0000000002c80000)]

Other Threads:
  0x0000000054d88000 VMThread [stack: 0x0000000056730000,0x0000000056830000] [id=8512]
  0x0000000056d35800 WatcherThread [stack: 0x0000000057840000,0x0000000057940000] [id=8984]

VM state:not at safepoint (normal execution)

VM Mutex/Monitor currently owned by a thread: None

Heap:
 PSYoungGen      total 239104K, used 31549K [0x00000000f0000000, 0x00000000ffe00000, 0x0000000100000000)
  eden space 221184K, 9% used [0x00000000f0000000,0x00000000f154b658,0x00000000fd800000)
  from space 17920K, 54% used [0x00000000fec80000,0x00000000ff603eb8,0x00000000ffe00000)
  to   space 19456K, 0% used [0x00000000fd800000,0x00000000fd800000,0x00000000feb00000)
 ParOldGen       total 178688K, used 154774K [0x00000000d0000000, 0x00000000dae80000, 0x00000000f0000000)
  object space 178688K, 86% used [0x00000000d0000000,0x00000000d97258b8,0x00000000dae80000)
 Metaspace       used 75821K, capacity 78214K, committed 78464K, reserved 1120256K
  class space    used 7615K, capacity 8247K, committed 8320K, reserved 1048576K

Card table byte_map: [0x0000000012200000,0x0000000012390000] byte_map_base: 0x0000000011b80000

Marking Bits: (ParMarkBitMap*) 0x00000000562b12b0
 Begin Bits: [0x0000000012a80000, 0x0000000013680000)
 End Bits:   [0x0000000013680000, 0x0000000014280000)

Polling page: 0x00000000003a0000

CodeCache: size=245760Kb used=23754Kb max_used=23754Kb free=222005Kb
 bounds [0x0000000002e40000, 0x0000000004590000, 0x0000000011e40000]
 total_blobs=7470 nmethods=6706 adapters=675
 compilation: enabled

Compilation events (10 events):
Event: 59.174 Thread 0x0000000056beb000 nmethod 7609 0x0000000004562c50 code [0x0000000004562de0, 0x0000000004563248]
Event: 59.175 Thread 0x0000000056beb000 7539       4       org.codehaus.groovy.runtime.metaclass.MetaMethodIndex::isMatchingMethod (68 bytes)
Event: 59.178 Thread 0x0000000056beb000 nmethod 7539 0x0000000004565710 code [0x0000000004565860, 0x0000000004565998]
Event: 59.178 Thread 0x0000000056beb000 7540       4       groovy.lang.MetaClassImpl$1MOPIter::methodNameAction (482 bytes)
Event: 59.184 Thread 0x0000000056bed800 7631       2       org.codehaus.groovy.grails.web.util.TagLibraryMetaUtils::registerNamespaceMetaProperty (74 bytes)
Event: 59.187 Thread 0x0000000056bed800 nmethod 7631 0x0000000004567290 code [0x00000000045674e0, 0x0000000004567d58]
Event: 59.187 Thread 0x0000000056bed800 7632       2       org.codehaus.groovy.grails.web.util.TagLibraryMetaUtils$_registerPropertyMissingForTag_closure6::<init> (20 bytes)
Event: 59.188 Thread 0x0000000056bed800 nmethod 7632 0x0000000004565350 code [0x00000000045654c0, 0x0000000004565668]
Event: 59.348 Thread 0x0000000056beb000 nmethod 7540 0x00000000045698d0 code [0x0000000004569c00, 0x000000000456c1b8]
Event: 59.348 Thread 0x0000000056beb000 7542       4       groovy.lang.MetaClassImpl::findPropertyMethod (356 bytes)

GC Heap History (10 events):
Event: 49.937 GC heap after
Heap after GC invocations=58 (full 8):
 PSYoungGen      total 244224K, used 9667K [0x00000000f0000000, 0x00000000fff80000, 0x0000000100000000)
  eden space 227840K, 0% used [0x00000000f0000000,0x00000000f0000000,0x00000000fde80000)
  from space 16384K, 59% used [0x00000000fef80000,0x00000000ff8f0ff0,0x00000000fff80000)
  to   space 16896K, 0% used [0x00000000fde80000,0x00000000fde80000,0x00000000fef00000)
 ParOldGen       total 155648K, used 135437K [0x00000000d0000000, 0x00000000d9800000, 0x00000000f0000000)
  object space 155648K, 87% used [0x00000000d0000000,0x00000000d84437d0,0x00000000d9800000)
 Metaspace       used 71587K, capacity 73426K, committed 73728K, reserved 1116160K
  class space    used 7142K, capacity 7666K, committed 7680K, reserved 1048576K
}
Event: 51.914 GC heap before
{Heap before GC invocations=59 (full 8):
 PSYoungGen      total 244224K, used 234518K [0x00000000f0000000, 0x00000000fff80000, 0x0000000100000000)
  eden space 227840K, 98% used [0x00000000f0000000,0x00000000fdb948e8,0x00000000fde80000)
  from space 16384K, 59% used [0x00000000fef80000,0x00000000ff8f0ff0,0x00000000fff80000)
  to   space 16896K, 0% used [0x00000000fde80000,0x00000000fde80000,0x00000000fef00000)
 ParOldGen       total 155648K, used 135437K [0x00000000d0000000, 0x00000000d9800000, 0x00000000f0000000)
  object space 155648K, 87% used [0x00000000d0000000,0x00000000d84437d0,0x00000000d9800000)
 Metaspace       used 72198K, capacity 74168K, committed 74368K, reserved 1116160K
  class space    used 7194K, capacity 7724K, committed 7808K, reserved 1048576K
Event: 51.946 GC heap after
Heap after GC invocations=59 (full 8):
 PSYoungGen      total 240640K, used 12496K [0x00000000f0000000, 0x0000000100000000, 0x0000000100000000)
  eden space 227840K, 0% used [0x00000000f0000000,0x00000000f0000000,0x00000000fde80000)
  from space 12800K, 97% used [0x00000000fde80000,0x00000000feab40c0,0x00000000feb00000)
  to   space 17920K, 0% used [0x00000000fee80000,0x00000000fee80000,0x0000000100000000)
 ParOldGen       total 155648K, used 135445K [0x00000000d0000000, 0x00000000d9800000, 0x00000000f0000000)
  object space 155648K, 87% used [0x00000000d0000000,0x00000000d84457d0,0x00000000d9800000)
 Metaspace       used 72198K, capacity 74168K, committed 74368K, reserved 1116160K
  class space    used 7194K, capacity 7724K, committed 7808K, reserved 1048576K
}
Event: 53.199 GC heap before
{Heap before GC invocations=60 (full 8):
 PSYoungGen      total 240640K, used 236875K [0x00000000f0000000, 0x0000000100000000, 0x0000000100000000)
  eden space 227840K, 98% used [0x00000000f0000000,0x00000000fdb1ef10,0x00000000fde80000)
  from space 12800K, 97% used [0x00000000fde80000,0x00000000feab40c0,0x00000000feb00000)
  to   space 17920K, 0% used [0x00000000fee80000,0x00000000fee80000,0x0000000100000000)
 ParOldGen       total 155648K, used 135445K [0x00000000d0000000, 0x00000000d9800000, 0x00000000f0000000)
  object space 155648K, 87% used [0x00000000d0000000,0x00000000d84457d0,0x00000000d9800000)
 Metaspace       used 73941K, capacity 76020K, committed 76032K, reserved 1118208K
  class space    used 7405K, capacity 7924K, committed 7936K, reserved 1048576K
Event: 53.289 GC heap after
Heap after GC invocations=60 (full 8):
 PSYoungGen      total 238080K, used 17910K [0x00000000f0000000, 0x0000000100000000, 0x0000000100000000)
  eden space 220160K, 0% used [0x00000000f0000000,0x00000000f0000000,0x00000000fd700000)
  from space 17920K, 99% used [0x00000000fee80000,0x00000000ffffd990,0x0000000100000000)
  to   space 20992K, 0% used [0x00000000fd700000,0x00000000fd700000,0x00000000feb80000)
 ParOldGen       total 155648K, used 136235K [0x00000000d0000000, 0x00000000d9800000, 0x00000000f0000000)
  object space 155648K, 87% used [0x00000000d0000000,0x00000000d850ad40,0x00000000d9800000)
 Metaspace       used 73941K, capacity 76020K, committed 76032K, reserved 1118208K
  class space    used 7405K, capacity 7924K, committed 7936K, reserved 1048576K
}
Event: 53.967 GC heap before
{Heap before GC invocations=61 (full 8):
 PSYoungGen      total 238080K, used 232999K [0x00000000f0000000, 0x0000000100000000, 0x0000000100000000)
  eden space 220160K, 97% used [0x00000000f0000000,0x00000000fd20c308,0x00000000fd700000)
  from space 17920K, 99% used [0x00000000fee80000,0x00000000ffffd990,0x0000000100000000)
  to   space 20992K, 0% used [0x00000000fd700000,0x00000000fd700000,0x00000000feb80000)
 ParOldGen       total 155648K, used 136235K [0x00000000d0000000, 0x00000000d9800000, 0x00000000f0000000)
  object space 155648K, 87% used [0x00000000d0000000,0x00000000d850ad40,0x00000000d9800000)
 Metaspace       used 74411K, capacity 76586K, committed 76672K, reserved 1118208K
  class space    used 7436K, capacity 7995K, committed 8064K, reserved 1048576K
Event: 54.096 GC heap after
Heap after GC invocations=61 (full 8):
 PSYoungGen      total 241152K, used 8417K [0x00000000f0000000, 0x0000000100000000, 0x0000000100000000)
  eden space 220160K, 0% used [0x00000000f0000000,0x00000000f0000000,0x00000000fd700000)
  from space 20992K, 40% used [0x00000000fd700000,0x00000000fdf38408,0x00000000feb80000)
  to   space 19968K, 0% used [0x00000000fec80000,0x00000000fec80000,0x0000000100000000)
 ParOldGen       total 155648K, used 148457K [0x00000000d0000000, 0x00000000d9800000, 0x00000000f0000000)
  object space 155648K, 95% used [0x00000000d0000000,0x00000000d90fa560,0x00000000d9800000)
 Metaspace       used 74411K, capacity 76586K, committed 76672K, reserved 1118208K
  class space    used 7436K, capacity 7995K, committed 8064K, reserved 1048576K
}
Event: 54.096 GC heap before
{Heap before GC invocations=62 (full 9):
 PSYoungGen      total 241152K, used 8417K [0x00000000f0000000, 0x0000000100000000, 0x0000000100000000)
  eden space 220160K, 0% used [0x00000000f0000000,0x00000000f0000000,0x00000000fd700000)
  from space 20992K, 40% used [0x00000000fd700000,0x00000000fdf38408,0x00000000feb80000)
  to   space 19968K, 0% used [0x00000000fec80000,0x00000000fec80000,0x0000000100000000)
 ParOldGen       total 155648K, used 148457K [0x00000000d0000000, 0x00000000d9800000, 0x00000000f0000000)
  object space 155648K, 95% used [0x00000000d0000000,0x00000000d90fa560,0x00000000d9800000)
 Metaspace       used 74411K, capacity 76586K, committed 76672K, reserved 1118208K
  class space    used 7436K, capacity 7995K, committed 8064K, reserved 1048576K
Event: 55.448 GC heap after
Heap after GC invocations=62 (full 9):
 PSYoungGen      total 241152K, used 0K [0x00000000f0000000, 0x0000000100000000, 0x0000000100000000)
  eden space 220160K, 0% used [0x00000000f0000000,0x00000000f0000000,0x00000000fd700000)
  from space 20992K, 0% used [0x00000000fd700000,0x00000000fd700000,0x00000000feb80000)
  to   space 19968K, 0% used [0x00000000fec80000,0x00000000fec80000,0x0000000100000000)
 ParOldGen       total 178688K, used 154774K [0x00000000d0000000, 0x00000000dae80000, 0x00000000f0000000)
  object space 178688K, 86% used [0x00000000d0000000,0x00000000d97258b8,0x00000000dae80000)
 Metaspace       used 74362K, capacity 76508K, committed 76672K, reserved 1118208K
  class space    used 7429K, capacity 7982K, committed 8064K, reserved 1048576K
}
Event: 59.419 GC heap before
{Heap before GC invocations=63 (full 9):
 PSYoungGen      total 241152K, used 220160K [0x00000000f0000000, 0x0000000100000000, 0x0000000100000000)
  eden space 220160K, 100% used [0x00000000f0000000,0x00000000fd700000,0x00000000fd700000)
  from space 20992K, 0% used [0x00000000fd700000,0x00000000fd700000,0x00000000feb80000)
  to   space 19968K, 0% used [0x00000000fec80000,0x00000000fec80000,0x0000000100000000)
 ParOldGen       total 178688K, used 154774K [0x00000000d0000000, 0x00000000dae80000, 0x00000000f0000000)
  object space 178688K, 86% used [0x00000000d0000000,0x00000000d97258b8,0x00000000dae80000)
 Metaspace       used 75732K, capacity 78086K, committed 78208K, reserved 1120256K
  class space    used 7602K, capacity 8247K, committed 8320K, reserved 1048576K

Deoptimization events (10 events):
Event: 51.719 Thread 0x0000000059fae000 Uncommon trap: reason=unreached action=reinterpret pc=0x00000000042e0de8 method=org.springframework.core.ResolvableType.resolve(Ljava/lang/Class;)Ljava/lang/Class; @ 4
Event: 51.736 Thread 0x0000000059fae000 Uncommon trap: reason=unreached action=reinterpret pc=0x000000000433e8ec method=org.springframework.util.ObjectUtils.nullSafeEquals(Ljava/lang/Object;Ljava/lang/Object;)Z @ 8
Event: 51.823 Thread 0x0000000059fae000 Uncommon trap: reason=bimorphic action=maybe_recompile pc=0x0000000004296160 method=sl.org.objectweb.asm.MethodVisitor.visitTryCatchBlock(Lsl/org/objectweb/asm/Label;Lsl/org/objectweb/asm/Label;Lsl/org/objectweb/asm/Label;Ljava/lang/String;)V @ 16
Event: 51.827 Thread 0x0000000059fae000 Uncommon trap: reason=unreached action=reinterpret pc=0x000000000337286c method=org.springsource.loaded.agent.SpringLoadedPreProcessor.preProcess(Ljava/lang/ClassLoader;Ljava/lang/String;Ljava/security/ProtectionDomain;[B)[B @ 1011
Event: 51.857 Thread 0x0000000059fae000 Uncommon trap: reason=null_check action=make_not_entrant pc=0x00000000042b4c5c method=org.springsource.loaded.ri.ReloadableTypeMethodProvider.getMethod(Ljava/lang/String;[Ljava/lang/Class;)Lorg/springsource/loaded/ri/Invoker; @ 57
Event: 51.895 Thread 0x0000000059fae000 Uncommon trap: reason=bimorphic action=maybe_recompile pc=0x0000000004296160 method=sl.org.objectweb.asm.MethodVisitor.visitTryCatchBlock(Lsl/org/objectweb/asm/Label;Lsl/org/objectweb/asm/Label;Lsl/org/objectweb/asm/Label;Ljava/lang/String;)V @ 16
Event: 52.049 Thread 0x0000000059fae000 Uncommon trap: reason=bimorphic action=maybe_recompile pc=0x0000000004296160 method=sl.org.objectweb.asm.MethodVisitor.visitTryCatchBlock(Lsl/org/objectweb/asm/Label;Lsl/org/objectweb/asm/Label;Lsl/org/objectweb/asm/Label;Ljava/lang/String;)V @ 16
Event: 52.111 Thread 0x0000000059fae000 Uncommon trap: reason=bimorphic action=maybe_recompile pc=0x0000000004296160 method=sl.org.objectweb.asm.MethodVisitor.visitTryCatchBlock(Lsl/org/objectweb/asm/Label;Lsl/org/objectweb/asm/Label;Lsl/org/objectweb/asm/Label;Ljava/lang/String;)V @ 16
Event: 53.622 Thread 0x0000000059fae000 Uncommon trap: reason=unloaded action=reinterpret pc=0x0000000003b2e37c method=org.springframework.core.BridgeMethodResolver.findBridgedMethod(Ljava/lang/reflect/Method;)Ljava/lang/reflect/Method; @ 13
Event: 56.168 Thread 0x0000000059fae000 Uncommon trap: reason=predicate action=maybe_recompile pc=0x0000000004529964 method=java.util.ComparableTimSort.binarySort([Ljava/lang/Object;III)V @ 37

Internal exceptions (10 events):
Event: 59.410 Thread 0x0000000059fae000 Exception <a 'java/security/PrivilegedActionException'> (0x00000000fd65ec08) thrown at [C:\re\workspace\8-2-build-windows-amd64-cygwin\jdk8u11\648\hotspot\src\share\vm\prims\jvm.cpp, line 1248]
Event: 59.410 Thread 0x0000000059fae000 Exception <a 'java/security/PrivilegedActionException'> (0x00000000fd663eb8) thrown at [C:\re\workspace\8-2-build-windows-amd64-cygwin\jdk8u11\648\hotspot\src\share\vm\prims\jvm.cpp, line 1248]
Event: 59.411 Thread 0x0000000059fae000 Exception <a 'java/security/PrivilegedActionException'> (0x00000000fd680d90) thrown at [C:\re\workspace\8-2-build-windows-amd64-cygwin\jdk8u11\648\hotspot\src\share\vm\prims\jvm.cpp, line 1248]
Event: 59.411 Thread 0x0000000059fae000 Exception <a 'java/security/PrivilegedActionException'> (0x00000000fd685e10) thrown at [C:\re\workspace\8-2-build-windows-amd64-cygwin\jdk8u11\648\hotspot\src\share\vm\prims\jvm.cpp, line 1248]
Event: 59.413 Thread 0x0000000059fae000 Exception <a 'java/security/PrivilegedActionException'> (0x00000000fd69ec90) thrown at [C:\re\workspace\8-2-build-windows-amd64-cygwin\jdk8u11\648\hotspot\src\share\vm\prims\jvm.cpp, line 1248]
Event: 59.413 Thread 0x0000000059fae000 Exception <a 'java/security/PrivilegedActionException'> (0x00000000fd6a3a40) thrown at [C:\re\workspace\8-2-build-windows-amd64-cygwin\jdk8u11\648\hotspot\src\share\vm\prims\jvm.cpp, line 1248]
Event: 59.414 Thread 0x0000000059fae000 Exception <a 'java/security/PrivilegedActionException'> (0x00000000fd6b08a0) thrown at [C:\re\workspace\8-2-build-windows-amd64-cygwin\jdk8u11\648\hotspot\src\share\vm\prims\jvm.cpp, line 1248]
Event: 59.414 Thread 0x0000000059fae000 Exception <a 'java/security/PrivilegedActionException'> (0x00000000fd6b5410) thrown at [C:\re\workspace\8-2-build-windows-amd64-cygwin\jdk8u11\648\hotspot\src\share\vm\prims\jvm.cpp, line 1248]
Event: 59.415 Thread 0x0000000059fae000 Exception <a 'java/security/PrivilegedActionException'> (0x00000000fd6c0e08) thrown at [C:\re\workspace\8-2-build-windows-amd64-cygwin\jdk8u11\648\hotspot\src\share\vm\prims\jvm.cpp, line 1248]
Event: 59.416 Thread 0x0000000059fae000 Exception <a 'java/security/PrivilegedActionException'> (0x00000000fd6c5338) thrown at [C:\re\workspace\8-2-build-windows-amd64-cygwin\jdk8u11\648\hotspot\src\share\vm\prims\jvm.cpp, line 1248]

Events (10 events):
Event: 59.410 loading class org/codehaus/groovy/grails/orm/hibernate/metaclass/AbstractClausedStaticPersistentMethod done
Event: 59.411 loading class org/codehaus/groovy/grails/orm/hibernate/metaclass/AbstractStaticPersistentMethod
Event: 59.411 loading class org/codehaus/groovy/grails/orm/hibernate/metaclass/AbstractStaticPersistentMethod done
Event: 59.413 loading class org/codehaus/groovy/grails/commons/metaclass/AbstractStaticMethodInvocation
Event: 59.413 loading class org/codehaus/groovy/grails/commons/metaclass/AbstractStaticMethodInvocation done
Event: 59.414 loading class org/codehaus/groovy/grails/commons/metaclass/StaticMethodInvocation
Event: 59.414 loading class org/codehaus/groovy/grails/commons/metaclass/StaticMethodInvocation done
Event: 59.415 loading class org/springframework/jdbc/support/SQLErrorCodeSQLExceptionTranslator
Event: 59.415 loading class org/springframework/jdbc/support/SQLErrorCodeSQLExceptionTranslator done
Event: 59.419 Executing VM operation: ParallelGCFailedAllocation


Dynamic libraries:
0x000000013fad0000 - 0x000000013fb04000 	C:\Program Files\Java\jdk1.8.0_11\bin\java.exe
0x0000000077430000 - 0x00000000775d9000 	C:\Windows\SYSTEM32\ntdll.dll
0x00000000771b0000 - 0x00000000772cf000 	C:\Windows\system32\kernel32.dll
0x000007fefd9a0000 - 0x000007fefda0c000 	C:\Windows\system32\KERNELBASE.dll
0x000007fefe5e0000 - 0x000007fefe6bb000 	C:\Windows\system32\ADVAPI32.dll
0x000007fefe030000 - 0x000007fefe0cf000 	C:\Windows\system32\msvcrt.dll
0x000007fefe3a0000 - 0x000007fefe3bf000 	C:\Windows\SYSTEM32\sechost.dll
0x000007fefdea0000 - 0x000007fefdfcd000 	C:\Windows\system32\RPCRT4.dll
0x0000000076e90000 - 0x0000000076f8a000 	C:\Windows\system32\USER32.dll
0x000007fefe2b0000 - 0x000007fefe317000 	C:\Windows\system32\GDI32.dll
0x000007fefe460000 - 0x000007fefe46e000 	C:\Windows\system32\LPK.dll
0x000007fefe510000 - 0x000007fefe5d9000 	C:\Windows\system32\USP10.dll
0x000007fefbe90000 - 0x000007fefc084000 	C:\Windows\WinSxS\amd64_microsoft.windows.common-controls_6595b64144ccf1df_6.0.7601.17514_none_fa396087175ac9ac\COMCTL32.dll
0x000007fefe490000 - 0x000007fefe501000 	C:\Windows\system32\SHLWAPI.dll
0x000007fefdc60000 - 0x000007fefdc8e000 	C:\Windows\system32\IMM32.DLL
0x000007feff4a0000 - 0x000007feff5a9000 	C:\Windows\system32\MSCTF.dll
0x0000000180000000 - 0x000000018001c000 	C:\Windows\system32\btpload64.dll
0x0000000077600000 - 0x0000000077607000 	C:\Windows\system32\PSAPI.DLL
0x0000000000130000 - 0x000000000015c000 	C:\Windows\system32\privman64.dll
0x000007fefd7e0000 - 0x000007fefd7ec000 	C:\Windows\system32\VERSION.dll
0x000007fefe6c0000 - 0x000007feff449000 	C:\Windows\system32\SHELL32.dll
0x000007fefd7c0000 - 0x000007fefd7de000 	C:\Windows\system32\USERENV.dll
0x000007fefd890000 - 0x000007fefd89f000 	C:\Windows\system32\profapi.dll
0x000000006eb90000 - 0x000000006ec62000 	C:\Program Files\Java\jdk1.8.0_11\jre\bin\msvcr100.dll
0x0000000055b00000 - 0x000000005632a000 	C:\Program Files\Java\jdk1.8.0_11\jre\bin\server\jvm.dll
0x000007fefcd70000 - 0x000007fefcd79000 	C:\Windows\system32\WSOCK32.dll
0x000007feff450000 - 0x000007feff49d000 	C:\Windows\system32\WS2_32.dll
0x000007feff650000 - 0x000007feff658000 	C:\Windows\system32\NSI.dll
0x000007fefaf70000 - 0x000007fefafab000 	C:\Windows\system32\WINMM.dll
0x000000006ff40000 - 0x000000006ff4f000 	C:\Program Files\Java\jdk1.8.0_11\jre\bin\verify.dll
0x000000006f4d0000 - 0x000000006f4f8000 	C:\Program Files\Java\jdk1.8.0_11\jre\bin\java.dll
0x000000006f540000 - 0x000000006f563000 	C:\Program Files\Java\jdk1.8.0_11\jre\bin\instrument.dll
0x000000006f670000 - 0x000000006f686000 	C:\Program Files\Java\jdk1.8.0_11\jre\bin\zip.dll
0x000007fefdc90000 - 0x000007fefde93000 	C:\Windows\system32\ole32.dll
0x000007fefd130000 - 0x000007fefd147000 	C:\Windows\system32\CRYPTSP.dll
0x000007fefce30000 - 0x000007fefce77000 	C:\Windows\system32\rsaenh.dll
0x000007fefd790000 - 0x000007fefd79f000 	C:\Windows\system32\CRYPTBASE.dll
0x000000006f460000 - 0x000000006f47a000 	C:\Program Files\Java\jdk1.8.0_11\jre\bin\net.dll
0x000007fefd0d0000 - 0x000007fefd125000 	C:\Windows\system32\mswsock.dll
0x000007fefd0c0000 - 0x000007fefd0c7000 	C:\Windows\System32\wship6.dll
0x000007fefc830000 - 0x000007fefc857000 	C:\Windows\system32\IPHLPAPI.DLL
0x000007fefc820000 - 0x000007fefc82b000 	C:\Windows\system32\WINNSI.DLL
0x000007fefaed0000 - 0x000007fefaee8000 	C:\Windows\system32\dhcpcsvc.DLL
0x000007fefaeb0000 - 0x000007fefaec1000 	C:\Windows\system32\dhcpcsvc6.DLL
0x000000006f440000 - 0x000000006f451000 	C:\Program Files\Java\jdk1.8.0_11\jre\bin\nio.dll
0x000007fefc1e0000 - 0x000007fefc1ea000 	C:\Users\rgopal\AppData\Local\Temp\jansi-64-6101298428212141001.dll
0x00000000748a0000 - 0x00000000748ad000 	C:\Program Files\Java\jdk1.8.0_11\jre\bin\management.dll
0x000007fefc930000 - 0x000007fefc937000 	C:\Windows\System32\wshtcpip.dll
0x000007fefcf50000 - 0x000007fefcfab000 	C:\Windows\system32\DNSAPI.dll
0x0000000074b00000 - 0x0000000074b26000 	C:\Program Files\Bonjour\mdnsNSP.dll
0x000007fefae40000 - 0x000007fefae48000 	C:\Windows\system32\rasadhlp.dll
0x000007fefae50000 - 0x000007fefaea3000 	C:\Windows\System32\fwpuclnt.dll
0x000007fefaf50000 - 0x000007fefaf65000 	C:\Windows\system32\NLAapi.dll
0x000007fefaf30000 - 0x000007fefaf45000 	C:\Windows\system32\napinsp.dll
0x000007fefaf10000 - 0x000007fefaf29000 	C:\Windows\system32\pnrpnsp.dll
0x000007fefaf00000 - 0x000007fefaf0b000 	C:\Windows\System32\winrnr.dll
0x000007fefaef0000 - 0x000007fefaf00000 	C:\Windows\system32\wshbth.dll
0x000007fef4790000 - 0x000007fef48b5000 	C:\Windows\system32\dbghelp.dll

VM Arguments:
jvm_args: -Dfile.encoding=UTF-8 -Xmx768M -Xms64M -Dgrails.fork.parent.process.port=65004 -Dgrails.fork.active=true -Dgrails.build.execution.context=C:\Users\rgopal\AppData\Local\Temp\central8452074856942489306grails-execution-context -Dgrails.home=C:\Users\rgopal\Documents\grails-2.4.4\grails-2.4.4 -javaagent:C:\Users\rgopal\Documents\grails-2.4.4\grails-2.4.4\lib\org.springframework\springloaded\jars\springloaded-1.2.1.RELEASE.jar -Xverify:none -Dspringloaded.synchronize=true -Djdk.reflect.allowGetCallerClass=true -Dspringloaded=profile=grails;cacheDir=C:\Users\rgopal/.grails/2.4.4/ 
java_command: org.grails.plugins.tomcat.fork.ForkedTomcatServer
java_class_path (initial): C:\Program Files\Java\jdk1.8.0_11\lib\tools.jar;C:\Users\rgopal\Documents\grails-2.4.4\grails-2.4.4\lib\org.codehaus.groovy\groovy-all\jars\groovy-all-2.3.7.jar;C:\Users\rgopal\Documents\grails-2.4.4\grails-2.4.4\lib\org.slf4j\jcl-over-slf4j\jars\jcl-over-slf4j-1.7.5.jar;C:\Users\rgopal\Documents\grails-2.4.4\grails-2.4.4\lib\org.codehaus.gant\gant_groovy1.8\jars\gant_groovy1.8-1.9.6.jar;C:\Users\rgopal\Documents\grails-2.4.4\grails-2.4.4\lib\org.apache.tomcat.embed\tomcat-embed-logging-log4j\jars\tomcat-embed-logging-log4j-7.0.50.jar;C:\Users\rgopal\Documents\grails-2.4.4\grails-2.4.4\dist\grails-plugin-log4j-2.4.4.jar;C:\Users\rgopal\Documents\grails-2.4.4\grails-2.4.4\lib\log4j\log4j\jars\log4j-1.2.17.jar;C:\Users\rgopal\Documents\grails-2.4.4\grails-2.4.4\dist\grails-bootstrap-2.4.4.jar;C:\Users\rgopal\Documents\grails-2.4.4\grails-2.4.4\lib\org.slf4j\slf4j-api\jars\slf4j-api-1.7.5.jar;C:\Users\rgopal\Documents\grails-2.4.4\grails-2.4.4\lib\jline\jline\jars\jline-2.12.jar;C:\Users\rgopal\Documents\grails-2.4.4\grails-2.4.4\lib\org.apache.ant\ant\jars\ant-1.8.4.jar;C:\Users\rgopal\Documents\grails-2.4.4\grails-2.4.4\lib\org.apache.ant\ant-launcher\jars\ant-launcher-1.8.4.jar;C:\Users\rgopal\Documents\grails-2.4.4\grails-2.4.4\lib\org.apache.ant\ant-trax\jars\ant-trax-1.7.1.jar;C:\Users\rgopal\Documents\grails-2.4.4\grails-2.4.4\lib\org.apache.ant\ant-junit\jars\ant-junit-1.8.4.jar;C:\Users\rgopal\Documents\grails-2.4.4\grails-2.4.4\lib\org.apache.ivy\ivy\jars\ivy-2.3.0.jar;C:\Users\rgopal\Documents\grails-2.4.4\grails-2.4.4\lib\org.fusesource.jansi\jansi\jars\jansi-1.11.jar;C:\Users\rgopal\.m2\repository\org\apache\tomcat\tomcat-catalina-ant\7.0.55\tomcat-catalina-ant-7.0.55.jar;C:\Users\rgopal\.m2\repository\org\apache\tomcat\embed\tomcat-embed-jasper\7.0.55\tomcat-embed-jasper-7.0.55.jar;C:\Users\rgopal\.m2\repository\org\apache\tomcat\embed\tomcat-embed-el\7.0.55\tomcat-embed-el-7.0.55.jar;C:\Users\rgopal\.m2\repository\org\apache\
Launcher Type: SUN_STANDARD

Environment Variables:
JAVA_HOME=C:\Program Files\Java\jdk1.8.0_11
PATH=C:\Windows\system32;C:\Windows;C:\Windows\System32\Wbem;C:\Windows\System32\WindowsPowerShell\v1.0\;C:\users\rgopal\My Documents\springsource\grails-2.3.5\bin\;c:\Program Files\Java\jdk1.7.0_51\bin\;C:\Program Files (x86)\MiKTeX 2.9\miktex\bin\
USERNAME=rgopal
OS=Windows_NT
PROCESSOR_IDENTIFIER=Intel64 Family 6 Model 37 Stepping 5, GenuineIntel



---------------  S Y S T E M  ---------------

OS: Windows 7 , 64 bit Build 7601 Service Pack 1

CPU:total 4 (2 cores per cpu, 2 threads per core) family 6 model 37 stepping 5, cmov, cx8, fxsr, mmx, sse, sse2, sse3, ssse3, sse4.1, sse4.2, popcnt, aes, clmul, ht, tsc, tscinvbit

Memory: 4k page, physical 8181608k(3544580k free), swap 16361352k(8563088k free)

vm_info: Java HotSpot(TM) 64-Bit Server VM (25.11-b03) for windows-amd64 JRE (1.8.0_11-b12), built on Jun 16 2014 20:57:32 by "java_re" with MS VC++ 10.0 (VS2010)

time: Tue May 05 20:59:07 2015
elapsed time: 59 seconds

