#
# A fatal error has been detected by the Java Runtime Environment:
#
#  EXCEPTION_ACCESS_VIOLATION (0xc0000005) at pc=0x0000000069794db2, pid=8692, tid=9452
#
# JRE version: Java(TM) SE Runtime Environment (8.0_11-b12) (build 1.8.0_11-b12)
# Java VM: Java HotSpot(TM) 64-Bit Server VM (25.11-b03 mixed mode windows-amd64 compressed oops)
# Problematic frame:
# V  [jvm.dll+0x424db2]
#
# Failed to write core dump. Minidumps are not enabled by default on client versions of Windows
#
# If you would like to submit a bug report, please visit:
#   http://bugreport.sun.com/bugreport/crash.jsp
#

---------------  T H R E A D  ---------------

Current thread (0x0000000056411000):  JavaThread "C2 CompilerThread1" daemon [_thread_in_native, id=9452, stack(0x0000000056be0000,0x0000000056ce0000)]

siginfo: ExceptionCode=0xc0000005, reading address 0x0000000000000000

Registers:
RAX=0x0000000056680078, RBX=0x0000000000000600, RCX=0x0000000000000000, RDX=0x00000000566c1270
RSP=0x0000000056cdc400, RBP=0x00000000000000c0, RSI=0x00000000000000b8, RDI=0x0000000000000000
R8 =0x0000000069370000, R9 =0x0000000056cdc720, R10=0x00000000ffffffff, R11=0x00000000564278f0
R12=0x0000000056680780, R13=0x000000005b8a80f8, R14=0x0000000000000008, R15=0x000000005b8a80f8
RIP=0x0000000069794db2, EFLAGS=0x0000000000010206

Top of Stack: (sp=0x0000000056cdc400)
0x0000000056cdc400:   00000000000000da 00000000566bcf70
0x0000000056cdc410:   0000000000000000 000000005767e138
0x0000000056cdc420:   0000000000000001 0000000000000600
0x0000000056cdc430:   0000000000000180 00000000000000c0
0x0000000056cdc440:   0000000058ff69f0 000000005641bc50
0x0000000056cdc450:   00000000000006d8 00000000566bcf70
0x0000000056cdc460:   0000000056cdc720 000000005667d200
0x0000000056cdc470:   0000000000000020 0000000000000009
0x0000000056cdc480:   0000000056680750 00000000000000da
0x0000000056cdc490:   000000005b8a80f8 000000006979598d
0x0000000056cdc4a0:   0000000056680750 000000000000001c
0x0000000056cdc4b0:   00000000000000da 0000000056cdc720
0x0000000056cdc4c0:   00000000566c1270 00000000000000da
0x0000000056cdc4d0:   000000005667d200 0000000000000020
0x0000000056cdc4e0:   000000005a1118e8 0000000056cdea90
0x0000000056cdc4f0:   000000005a111f18 0000000056680750 

Instructions: (pc=0x0000000069794db2)
0x0000000069794d92:   c6 48 63 f0 48 03 f1 eb 04 48 83 ce ff 48 8b 84
0x0000000069794da2:   24 a0 00 00 00 48 8b 40 08 48 8b 3c 03 48 8b cf
0x0000000069794db2:   48 8b 07 ff 50 28 4c 8d 05 41 b2 bd ff 48 63 50
0x0000000069794dc2:   10 4c 8b d8 48 8b ca 48 c1 e1 05 42 80 bc 01 c0 


Register to memory mapping:

RAX=0x0000000056680078 is an unknown value
RBX=0x0000000000000600 is an unknown value
RCX=0x0000000000000000 is an unknown value
RDX=0x00000000566c1270 is an unknown value
RSP=0x0000000056cdc400 is pointing into the stack for thread: 0x0000000056411000
RBP=0x00000000000000c0 is an unknown value
RSI=0x00000000000000b8 is an unknown value
RDI=0x0000000000000000 is an unknown value
R8 =0x0000000069370000 is an unknown value
R9 =0x0000000056cdc720 is pointing into the stack for thread: 0x0000000056411000
R10=0x00000000ffffffff is an unknown value
R11=0x00000000564278f0 is an unknown value
R12=0x0000000056680780 is an unknown value
R13=0x000000005b8a80f8 is an unknown value
R14=0x0000000000000008 is an unknown value
R15=0x000000005b8a80f8 is an unknown value


Stack: [0x0000000056be0000,0x0000000056ce0000],  sp=0x0000000056cdc400,  free space=1009k
Native frames: (J=compiled Java code, j=interpreted, Vv=VM code, C=native code)
V  [jvm.dll+0x424db2]
V  [jvm.dll+0x42598d]
V  [jvm.dll+0x425ecf]
V  [jvm.dll+0x4c5a84]
V  [jvm.dll+0x4415bc]
V  [jvm.dll+0x443a29]
V  [jvm.dll+0x427722]
V  [jvm.dll+0x96982]
V  [jvm.dll+0x97173]
V  [jvm.dll+0x2234b4]
V  [jvm.dll+0x27bcca]
C  [msvcr100.dll+0x21d9f]
C  [msvcr100.dll+0x21e3b]
C  [kernel32.dll+0x159ed]
C  [ntdll.dll+0x2c541]


Current CompileTask:
C2:  78498 7060       4       groovy.lang.MetaClassImpl::findPropertyMethod (356 bytes)


---------------  P R O C E S S  ---------------

Java Threads: ( => current thread )
  0x000000005cfb0000 JavaThread "com.oumuo.SecurityGroup.data" daemon [_thread_blocked, id=9888, stack(0x0000000060ff0000,0x00000000610f0000)]
  0x000000005cfaf800 JavaThread "com.oumuo.Authority.data" daemon [_thread_blocked, id=1608, stack(0x000000005b030000,0x000000005b130000)]
  0x000000005cfae000 JavaThread "net.sf.ehcache.CacheManager@379f516b" daemon [_thread_blocked, id=7292, stack(0x0000000060a20000,0x0000000060b20000)]
  0x0000000057301800 JavaThread "PoolCleaner[1070157899:1428931025046]" daemon [_thread_blocked, id=9624, stack(0x000000005e820000,0x000000005e920000)]
  0x0000000058556800 JavaThread "FileSystemWatcher: files=#267 cl=groovy.lang.GroovyClassLoader@3fc9504b" daemon [_thread_blocked, id=8732, stack(0x000000005b150000,0x000000005b250000)]
  0x0000000059908800 JavaThread "localhost-startStop-1" daemon [_thread_in_native, id=1360, stack(0x000000005adf0000,0x000000005aef0000)]
  0x0000000059906000 JavaThread "Tomcat-startStop-1" daemon [_thread_blocked, id=5656, stack(0x000000005af10000,0x000000005b010000)]
  0x0000000058318800 JavaThread "Thread-3" [_thread_in_native, id=5388, stack(0x000000005aab0000,0x000000005abb0000)]
  0x00000000573d4800 JavaThread "Thread-2" [_thread_blocked, id=4888, stack(0x0000000057800000,0x0000000057900000)]
  0x0000000057369000 JavaThread "NonBlockingInputStreamThread" daemon [_thread_blocked, id=8236, stack(0x0000000057eb0000,0x0000000057fb0000)]
  0x0000000056519000 JavaThread "Service Thread" daemon [_thread_blocked, id=8860, stack(0x0000000056e00000,0x0000000056f00000)]
  0x0000000056413000 JavaThread "C1 CompilerThread2" daemon [_thread_blocked, id=5544, stack(0x0000000056ac0000,0x0000000056bc0000)]
=>0x0000000056411000 JavaThread "C2 CompilerThread1" daemon [_thread_in_native, id=9452, stack(0x0000000056be0000,0x0000000056ce0000)]
  0x0000000056418800 JavaThread "C2 CompilerThread0" daemon [_thread_in_native, id=6276, stack(0x0000000055f80000,0x0000000056080000)]
  0x0000000056312800 JavaThread "Attach Listener" daemon [_thread_blocked, id=8536, stack(0x0000000056970000,0x0000000056a70000)]
  0x0000000054e3a800 JavaThread "Signal Dispatcher" daemon [_thread_blocked, id=10232, stack(0x00000000567b0000,0x00000000568b0000)]
  0x0000000054dda000 JavaThread "Finalizer" daemon [_thread_blocked, id=1408, stack(0x0000000056210000,0x0000000056310000)]
  0x0000000054dcf000 JavaThread "Reference Handler" daemon [_thread_blocked, id=9412, stack(0x0000000056090000,0x0000000056190000)]
  0x00000000023ea000 JavaThread "main" [_thread_blocked, id=8240, stack(0x0000000002b70000,0x0000000002c70000)]

Other Threads:
  0x0000000054dcc000 VMThread [stack: 0x0000000055e30000,0x0000000055f30000] [id=8408]
  0x000000005651f800 WatcherThread [stack: 0x0000000056f00000,0x0000000057000000] [id=5036]

VM state:not at safepoint (normal execution)

VM Mutex/Monitor currently owned by a thread: None

Heap:
 PSYoungGen      total 226304K, used 90114K [0x00000000f0000000, 0x0000000100000000, 0x0000000100000000)
  eden space 197632K, 32% used [0x00000000f0000000,0x00000000f3f25df8,0x00000000fc100000)
  from space 28672K, 88% used [0x00000000fe400000,0x00000000ffcdacd0,0x0000000100000000)
  to   space 32256K, 0% used [0x00000000fc100000,0x00000000fc100000,0x00000000fe080000)
 ParOldGen       total 128512K, used 109326K [0x00000000d0000000, 0x00000000d7d80000, 0x00000000f0000000)
  object space 128512K, 85% used [0x00000000d0000000,0x00000000d6ac38c8,0x00000000d7d80000)
 Metaspace       used 68679K, capacity 70478K, committed 70724K, reserved 1112064K
  class space    used 7269K, capacity 7798K, committed 7808K, reserved 1048576K

Card table byte_map: [0x0000000012200000,0x0000000012390000] byte_map_base: 0x0000000011b80000

Marking Bits: (ParMarkBitMap*) 0x0000000069b212b0
 Begin Bits: [0x0000000012ac0000, 0x00000000136c0000)
 End Bits:   [0x00000000136c0000, 0x00000000142c0000)

Polling page: 0x00000000004a0000

CodeCache: size=245760Kb used=24523Kb max_used=24523Kb free=221236Kb
 bounds [0x0000000002e40000, 0x0000000004650000, 0x0000000011e40000]
 total_blobs=6652 nmethods=5888 adapters=675
 compilation: enabled

Compilation events (10 events):
Event: 78.078 Thread 0x0000000056418800 7082   !   4       groovy.lang.MetaClassImpl::findMethod (146 bytes)
Event: 78.081 Thread 0x0000000056413000 nmethod 7087 0x0000000004636610 code [0x0000000004636940, 0x0000000004637a98]
Event: 78.097 Thread 0x0000000056418800 nmethod 7082 0x0000000004642b90 code [0x0000000004642d80, 0x0000000004643b50]
Event: 78.097 Thread 0x0000000056418800 7088   !   4       com.sun.beans.TypeResolver::resolve (274 bytes)
Event: 78.098 Thread 0x0000000056413000 7089       2       org.codehaus.groovy.runtime.metaclass.MetaMethodIndex::addMethodToList (290 bytes)
Event: 78.100 Thread 0x0000000056413000 nmethod 7089 0x0000000004634ed0 code [0x0000000004635180, 0x0000000004635b68]
Event: 78.144 Thread 0x0000000056413000 7091       2       java.lang.reflect.Field::acquireFieldAccessor (59 bytes)
Event: 78.145 Thread 0x0000000056413000 nmethod 7091 0x0000000004634810 code [0x00000000046349a0, 0x0000000004634ce8]
Event: 78.194 Thread 0x0000000056413000 7092       1       org.codehaus.groovy.runtime.metaclass.ClosureStaticMetaMethod::getName (5 bytes)
Event: 78.195 Thread 0x0000000056413000 nmethod 7092 0x0000000004634550 code [0x00000000046346a0, 0x00000000046347b0]

GC Heap History (10 events):
Event: 58.246 GC heap before
{Heap before GC invocations=68 (full 7):
 PSYoungGen      total 238080K, used 238068K [0x00000000f0000000, 0x0000000100000000, 0x0000000100000000)
  eden space 225280K, 100% used [0x00000000f0000000,0x00000000fdc00000,0x00000000fdc00000)
  from space 12800K, 99% used [0x00000000ff380000,0x00000000ffffd010,0x0000000100000000)
  to   space 18432K, 0% used [0x00000000fdc00000,0x00000000fdc00000,0x00000000fee00000)
 ParOldGen       total 109056K, used 95306K [0x00000000d0000000, 0x00000000d6a80000, 0x00000000f0000000)
  object space 109056K, 87% used [0x00000000d0000000,0x00000000d5d128e0,0x00000000d6a80000)
 Metaspace       used 64672K, capacity 66266K, committed 66628K, reserved 1107968K
  class space    used 6714K, capacity 7177K, committed 7296K, reserved 1048576K
Event: 58.320 GC heap after
Heap after GC invocations=68 (full 7):
 PSYoungGen      total 243712K, used 18400K [0x00000000f0000000, 0x0000000100000000, 0x0000000100000000)
  eden space 225280K, 0% used [0x00000000f0000000,0x00000000f0000000,0x00000000fdc00000)
  from space 18432K, 99% used [0x00000000fdc00000,0x00000000fedf82d0,0x00000000fee00000)
  to   space 18432K, 0% used [0x00000000fee00000,0x00000000fee00000,0x0000000100000000)
 ParOldGen       total 109056K, used 98568K [0x00000000d0000000, 0x00000000d6a80000, 0x00000000f0000000)
  object space 109056K, 90% used [0x00000000d0000000,0x00000000d60422f8,0x00000000d6a80000)
 Metaspace       used 64672K, capacity 66266K, committed 66628K, reserved 1107968K
  class space    used 6714K, capacity 7177K, committed 7296K, reserved 1048576K
}
Event: 70.918 GC heap before
{Heap before GC invocations=69 (full 7):
 PSYoungGen      total 243712K, used 243680K [0x00000000f0000000, 0x0000000100000000, 0x0000000100000000)
  eden space 225280K, 100% used [0x00000000f0000000,0x00000000fdc00000,0x00000000fdc00000)
  from space 18432K, 99% used [0x00000000fdc00000,0x00000000fedf82d0,0x00000000fee00000)
  to   space 18432K, 0% used [0x00000000fee00000,0x00000000fee00000,0x0000000100000000)
 ParOldGen       total 109056K, used 98568K [0x00000000d0000000, 0x00000000d6a80000, 0x00000000f0000000)
  object space 109056K, 90% used [0x00000000d0000000,0x00000000d60422f8,0x00000000d6a80000)
 Metaspace       used 65712K, capacity 67438K, committed 67780K, reserved 1110016K
  class space    used 6853K, capacity 7324K, committed 7424K, reserved 1048576K
Event: 70.968 GC heap after
Heap after GC invocations=69 (full 7):
 PSYoungGen      total 229376K, used 18400K [0x00000000f0000000, 0x0000000100000000, 0x0000000100000000)
  eden space 210944K, 0% used [0x00000000f0000000,0x00000000f0000000,0x00000000fce00000)
  from space 18432K, 99% used [0x00000000fee00000,0x00000000ffff8310,0x0000000100000000)
  to   space 25600K, 0% used [0x00000000fce00000,0x00000000fce00000,0x00000000fe700000)
 ParOldGen       total 109056K, used 101562K [0x00000000d0000000, 0x00000000d6a80000, 0x00000000f0000000)
  object space 109056K, 93% used [0x00000000d0000000,0x00000000d632ebc8,0x00000000d6a80000)
 Metaspace       used 65712K, capacity 67438K, committed 67780K, reserved 1110016K
  class space    used 6853K, capacity 7324K, committed 7424K, reserved 1048576K
}
Event: 70.968 GC heap before
{Heap before GC invocations=70 (full 8):
 PSYoungGen      total 229376K, used 18400K [0x00000000f0000000, 0x0000000100000000, 0x0000000100000000)
  eden space 210944K, 0% used [0x00000000f0000000,0x00000000f0000000,0x00000000fce00000)
  from space 18432K, 99% used [0x00000000fee00000,0x00000000ffff8310,0x0000000100000000)
  to   space 25600K, 0% used [0x00000000fce00000,0x00000000fce00000,0x00000000fe700000)
 ParOldGen       total 109056K, used 101562K [0x00000000d0000000, 0x00000000d6a80000, 0x00000000f0000000)
  object space 109056K, 93% used [0x00000000d0000000,0x00000000d632ebc8,0x00000000d6a80000)
 Metaspace       used 65712K, capacity 67438K, committed 67780K, reserved 1110016K
  class space    used 6853K, capacity 7324K, committed 7424K, reserved 1048576K
Event: 72.414 GC heap after
Heap after GC invocations=70 (full 8):
 PSYoungGen      total 229376K, used 9664K [0x00000000f0000000, 0x0000000100000000, 0x0000000100000000)
  eden space 210944K, 0% used [0x00000000f0000000,0x00000000f0000000,0x00000000fce00000)
  from space 18432K, 52% used [0x00000000fee00000,0x00000000ff770210,0x0000000100000000)
  to   space 25600K, 0% used [0x00000000fce00000,0x00000000fce00000,0x00000000fe700000)
 ParOldGen       total 128512K, used 108854K [0x00000000d0000000, 0x00000000d7d80000, 0x00000000f0000000)
  object space 128512K, 84% used [0x00000000d0000000,0x00000000d6a4d8c8,0x00000000d7d80000)
 Metaspace       used 65708K, capacity 67432K, committed 67780K, reserved 1110016K
  class space    used 6853K, capacity 7323K, committed 7424K, reserved 1048576K
}
Event: 75.996 GC heap before
{Heap before GC invocations=71 (full 8):
 PSYoungGen      total 229376K, used 220608K [0x00000000f0000000, 0x0000000100000000, 0x0000000100000000)
  eden space 210944K, 100% used [0x00000000f0000000,0x00000000fce00000,0x00000000fce00000)
  from space 18432K, 52% used [0x00000000fee00000,0x00000000ff770210,0x0000000100000000)
  to   space 25600K, 0% used [0x00000000fce00000,0x00000000fce00000,0x00000000fe700000)
 ParOldGen       total 128512K, used 108854K [0x00000000d0000000, 0x00000000d7d80000, 0x00000000f0000000)
  object space 128512K, 84% used [0x00000000d0000000,0x00000000d6a4d8c8,0x00000000d7d80000)
 Metaspace       used 67330K, capacity 69050K, committed 69316K, reserved 1112064K
  class space    used 7062K, capacity 7560K, committed 7680K, reserved 1048576K
Event: 76.056 GC heap after
Heap after GC invocations=71 (full 8):
 PSYoungGen      total 232960K, used 21756K [0x00000000f0000000, 0x0000000100000000, 0x0000000100000000)
  eden space 210944K, 0% used [0x00000000f0000000,0x00000000f0000000,0x00000000fce00000)
  from space 22016K, 98% used [0x00000000fce00000,0x00000000fe33f160,0x00000000fe380000)
  to   space 28672K, 0% used [0x00000000fe400000,0x00000000fe400000,0x0000000100000000)
 ParOldGen       total 128512K, used 109318K [0x00000000d0000000, 0x00000000d7d80000, 0x00000000f0000000)
  object space 128512K, 85% used [0x00000000d0000000,0x00000000d6ac18c8,0x00000000d7d80000)
 Metaspace       used 67330K, capacity 69050K, committed 69316K, reserved 1112064K
  class space    used 7062K, capacity 7560K, committed 7680K, reserved 1048576K
}
Event: 77.811 GC heap before
{Heap before GC invocations=72 (full 8):
 PSYoungGen      total 232960K, used 232700K [0x00000000f0000000, 0x0000000100000000, 0x0000000100000000)
  eden space 210944K, 100% used [0x00000000f0000000,0x00000000fce00000,0x00000000fce00000)
  from space 22016K, 98% used [0x00000000fce00000,0x00000000fe33f160,0x00000000fe380000)
  to   space 28672K, 0% used [0x00000000fe400000,0x00000000fe400000,0x0000000100000000)
 ParOldGen       total 128512K, used 109318K [0x00000000d0000000, 0x00000000d7d80000, 0x00000000f0000000)
  object space 128512K, 85% used [0x00000000d0000000,0x00000000d6ac18c8,0x00000000d7d80000)
 Metaspace       used 68305K, capacity 69978K, committed 70212K, reserved 1112064K
  class space    used 7204K, capacity 7704K, committed 7808K, reserved 1048576K
Event: 77.854 GC heap after
Heap after GC invocations=72 (full 8):
 PSYoungGen      total 226304K, used 25451K [0x00000000f0000000, 0x0000000100000000, 0x0000000100000000)
  eden space 197632K, 0% used [0x00000000f0000000,0x00000000f0000000,0x00000000fc100000)
  from space 28672K, 88% used [0x00000000fe400000,0x00000000ffcdacd0,0x0000000100000000)
  to   space 32256K, 0% used [0x00000000fc100000,0x00000000fc100000,0x00000000fe080000)
 ParOldGen       total 128512K, used 109326K [0x00000000d0000000, 0x00000000d7d80000, 0x00000000f0000000)
  object space 128512K, 85% used [0x00000000d0000000,0x00000000d6ac38c8,0x00000000d7d80000)
 Metaspace       used 68305K, capacity 69978K, committed 70212K, reserved 1112064K
  class space    used 7204K, capacity 7704K, committed 7808K, reserved 1048576K
}

Deoptimization events (10 events):
Event: 77.915 Thread 0x0000000059908800 Uncommon trap: reason=class_check action=maybe_recompile pc=0x0000000004628cd0 method=groovy.lang.MetaClassImpl.checkIfStdMethod(Lgroovy/lang/MetaMethod;)V @ 60
Event: 77.915 Thread 0x0000000059908800 Uncommon trap: reason=class_check action=maybe_recompile pc=0x0000000004628cd0 method=groovy.lang.MetaClassImpl.checkIfStdMethod(Lgroovy/lang/MetaMethod;)V @ 60
Event: 78.036 Thread 0x0000000059908800 Uncommon trap: reason=class_check action=maybe_recompile pc=0x0000000004628c8c method=groovy.lang.MetaClassImpl.isGenericGetMethod(Lgroovy/lang/MetaMethod;)Z @ 14
Event: 78.036 Thread 0x0000000059908800 Uncommon trap: reason=class_check action=maybe_recompile pc=0x0000000004628cb8 method=org.codehaus.groovy.runtime.MetaClassHelper.isGenericSetMethod(Lgroovy/lang/MetaMethod;)Z @ 14
Event: 78.036 Thread 0x0000000059908800 Uncommon trap: reason=class_check action=maybe_recompile pc=0x0000000004628c8c method=groovy.lang.MetaClassImpl.isGenericGetMethod(Lgroovy/lang/MetaMethod;)Z @ 14
Event: 78.036 Thread 0x0000000059908800 Uncommon trap: reason=class_check action=maybe_recompile pc=0x0000000004628cb8 method=org.codehaus.groovy.runtime.MetaClassHelper.isGenericSetMethod(Lgroovy/lang/MetaMethod;)Z @ 14
Event: 78.041 Thread 0x0000000059908800 Uncommon trap: reason=class_check action=maybe_recompile pc=0x00000000040dc7f8 method=sun.reflect.generics.scope.AbstractScope.lookup(Ljava/lang/String;)Ljava/lang/reflect/TypeVariable; @ 60
Event: 78.041 Thread 0x0000000059908800 Uncommon trap: reason=class_check action=maybe_recompile pc=0x00000000040dc7f8 method=sun.reflect.generics.scope.AbstractScope.lookup(Ljava/lang/String;)Ljava/lang/reflect/TypeVariable; @ 60
Event: 78.045 Thread 0x0000000059908800 Uncommon trap: reason=class_check action=maybe_recompile pc=0x000000000412571c method=sun.reflect.generics.scope.AbstractScope.lookup(Ljava/lang/String;)Ljava/lang/reflect/TypeVariable; @ 60
Event: 78.097 Thread 0x0000000059908800 Uncommon trap: reason=unreached action=reinterpret pc=0x000000000462ab94 method=org.codehaus.groovy.runtime.metaclass.MetaMethodIndex.isNonRealMethod(Lgroovy/lang/MetaMethod;)Z @ 32

Internal exceptions (10 events):
Event: 78.189 Thread 0x0000000059908800 Exception <a 'java/security/PrivilegedActionException'> (0x00000000f28a1a00) thrown at [C:\re\workspace\8-2-build-windows-amd64-cygwin\jdk8u11\648\hotspot\src\share\vm\prims\jvm.cpp, line 1248]
Event: 78.189 Thread 0x0000000059908800 Exception <a 'java/lang/ClassNotFoundException': org/codehaus/groovy/grails/plugins/DomainClassGrailsPlugin$_addRelationshipManagementMethods_closure25BeanInfo> (0x00000000f28a2990) thrown at [C:\re\workspace\8-2-build-windows-amd64-cygwin\jdk8u11\648\hotsòœ`ŒS@
Event: 78.189 Thread 0x0000000059908800 Exception <a 'java/security/PrivilegedActionException'> (0x00000000f28a4020) thrown at [C:\re\workspace\8-2-build-windows-amd64-cygwin\jdk8u11\648\hotspot\src\share\vm\prims\jvm.cpp, line 1248]
Event: 78.189 Thread 0x0000000059908800 Exception <a 'java/security/PrivilegedActionException'> (0x00000000f28aa610) thrown at [C:\re\workspace\8-2-build-windows-amd64-cygwin\jdk8u11\648\hotspot\src\share\vm\prims\jvm.cpp, line 1248]
Event: 78.189 Thread 0x0000000059908800 Exception <a 'java/security/PrivilegedActionException'> (0x00000000f28c3c28) thrown at [C:\re\workspace\8-2-build-windows-amd64-cygwin\jdk8u11\648\hotspot\src\share\vm\prims\jvm.cpp, line 1248]
Event: 78.190 Thread 0x0000000059908800 Exception <a 'java/security/PrivilegedActionException'> (0x00000000f28e38a8) thrown at [C:\re\workspace\8-2-build-windows-amd64-cygwin\jdk8u11\648\hotspot\src\share\vm\prims\jvm.cpp, line 1248]
Event: 78.190 Thread 0x0000000059908800 Exception <a 'java/security/PrivilegedActionException'> (0x00000000f28e9e98) thrown at [C:\re\workspace\8-2-build-windows-amd64-cygwin\jdk8u11\648\hotspot\src\share\vm\prims\jvm.cpp, line 1248]
Event: 78.190 Thread 0x0000000059908800 Exception <a 'java/security/PrivilegedActionException'> (0x00000000f29034b0) thrown at [C:\re\workspace\8-2-build-windows-amd64-cygwin\jdk8u11\648\hotspot\src\share\vm\prims\jvm.cpp, line 1248]
Event: 78.191 Thread 0x0000000059908800 Exception <a 'java/security/PrivilegedActionException'> (0x00000000f293b528) thrown at [C:\re\workspace\8-2-build-windows-amd64-cygwin\jdk8u11\648\hotspot\src\share\vm\prims\jvm.cpp, line 1248]
Event: 78.192 Thread 0x0000000059908800 Exception <a 'java/lang/ClassNotFoundException': org/codehaus/groovy/grails/plugins/DomainClassGrailsPlugin$_addRelationshipManagementMethods_closure25Customizer> (0x00000000f293c4b8) thrown at [C:\re\workspace\8-2-build-windows-amd64-cygwin\jdk8u11\648\ho&™RÝŒS@

Events (10 events):
Event: 78.189 loading class org/codehaus/groovy/grails/plugins/DomainClassGrailsPlugin$_addRelationshipManagementMethods_closure25BeanInfo
Event: 78.189 loading class org/codehaus/groovy/grails/plugins/DomainClassGrailsPlugin$_addRelationshipManagementMethods_closure25BeanInfo done
Event: 78.189 loading class org/codehaus/groovy/grails/plugins/DomainClassGrailsPlugin$_addRelationshipManagementMethods_closure25Customizer
Event: 78.189 loading class org/codehaus/groovy/grails/plugins/DomainClassGrailsPlugin$_addRelationshipManagementMethods_closure25Customizer done
Event: 78.190 loading class org/codehaus/groovy/grails/plugins/DomainClassGrailsPlugin$_addRelationshipManagementMethods_closure25Customizer
Event: 78.190 loading class org/codehaus/groovy/grails/plugins/DomainClassGrailsPlugin$_addRelationshipManagementMethods_closure25Customizer done
Event: 78.191 loading class org/codehaus/groovy/grails/plugins/DomainClassGrailsPlugin$_addRelationshipManagementMethods_closure25Customizer
Event: 78.192 loading class org/codehaus/groovy/grails/plugins/DomainClassGrailsPlugin$_addRelationshipManagementMethods_closure25Customizer done
Event: 78.194 Thread 0x0000000059908800 DEOPT PACKING pc=0x00000000033d7db5 sp=0x000000005aeec420
Event: 78.194 Thread 0x0000000059908800 DEOPT UNPACKING pc=0x0000000002e87204 sp=0x000000005aeec160 mode 0


Dynamic libraries:
0x000000013fa30000 - 0x000000013fa64000 	C:\Program Files\Java\jdk1.8.0_11\bin\java.exe
0x0000000077500000 - 0x00000000776a9000 	C:\Windows\SYSTEM32\ntdll.dll
0x0000000076e00000 - 0x0000000076f1f000 	C:\Windows\system32\kernel32.dll
0x000007fefda10000 - 0x000007fefda7c000 	C:\Windows\system32\KERNELBASE.dll
0x000007fefe210000 - 0x000007fefe2eb000 	C:\Windows\system32\ADVAPI32.dll
0x000007fefe8b0000 - 0x000007fefe94f000 	C:\Windows\system32\msvcrt.dll
0x000007fefe890000 - 0x000007fefe8af000 	C:\Windows\SYSTEM32\sechost.dll
0x000007fefe3c0000 - 0x000007fefe4ed000 	C:\Windows\system32\RPCRT4.dll
0x00000000771e0000 - 0x00000000772da000 	C:\Windows\system32\USER32.dll
0x000007fefdf40000 - 0x000007fefdfa7000 	C:\Windows\system32\GDI32.dll
0x000007fefe4f0000 - 0x000007fefe4fe000 	C:\Windows\system32\LPK.dll
0x000007fefe2f0000 - 0x000007fefe3b9000 	C:\Windows\system32\USP10.dll
0x000007fefbf60000 - 0x000007fefc154000 	C:\Windows\WinSxS\amd64_microsoft.windows.common-controls_6595b64144ccf1df_6.0.7601.17514_none_fa396087175ac9ac\COMCTL32.dll
0x000007fefe050000 - 0x000007fefe0c1000 	C:\Windows\system32\SHLWAPI.dll
0x000007fefe1e0000 - 0x000007fefe20e000 	C:\Windows\system32\IMM32.DLL
0x000007fefe0d0000 - 0x000007fefe1d9000 	C:\Windows\system32\MSCTF.dll
0x0000000180000000 - 0x000000018001c000 	C:\Windows\system32\btpload64.dll
0x00000000776d0000 - 0x00000000776d7000 	C:\Windows\system32\PSAPI.DLL
0x0000000000440000 - 0x000000000046c000 	C:\Windows\system32\privman64.dll
0x000007fefd8b0000 - 0x000007fefd8bc000 	C:\Windows\system32\VERSION.dll
0x000007fefea70000 - 0x000007feff7f9000 	C:\Windows\system32\SHELL32.dll
0x000007fefd890000 - 0x000007fefd8ae000 	C:\Windows\system32\USERENV.dll
0x000007fefd960000 - 0x000007fefd96f000 	C:\Windows\system32\profapi.dll
0x0000000069290000 - 0x0000000069362000 	C:\Program Files\Java\jdk1.8.0_11\jre\bin\msvcr100.dll
0x0000000069370000 - 0x0000000069b9a000 	C:\Program Files\Java\jdk1.8.0_11\jre\bin\server\jvm.dll
0x000007fefce40000 - 0x000007fefce49000 	C:\Windows\system32\WSOCK32.dll
0x000007fefe6e0000 - 0x000007fefe72d000 	C:\Windows\system32\WS2_32.dll
0x000007feff800000 - 0x000007feff808000 	C:\Windows\system32\NSI.dll
0x000007fefb4a0000 - 0x000007fefb4db000 	C:\Windows\system32\WINMM.dll
0x000000006da30000 - 0x000000006da3f000 	C:\Program Files\Java\jdk1.8.0_11\jre\bin\verify.dll
0x000000006da00000 - 0x000000006da28000 	C:\Program Files\Java\jdk1.8.0_11\jre\bin\java.dll
0x000000006db20000 - 0x000000006db43000 	C:\Program Files\Java\jdk1.8.0_11\jre\bin\instrument.dll
0x000000006d9e0000 - 0x000000006d9f6000 	C:\Program Files\Java\jdk1.8.0_11\jre\bin\zip.dll
0x000007fefdd30000 - 0x000007fefdf33000 	C:\Windows\system32\ole32.dll
0x000007fefd200000 - 0x000007fefd217000 	C:\Windows\system32\CRYPTSP.dll
0x000007fefcf00000 - 0x000007fefcf47000 	C:\Windows\system32\rsaenh.dll
0x000007fefd860000 - 0x000007fefd86f000 	C:\Windows\system32\CRYPTBASE.dll
0x000000006d380000 - 0x000000006d39a000 	C:\Program Files\Java\jdk1.8.0_11\jre\bin\net.dll
0x000007fefd1a0000 - 0x000007fefd1f5000 	C:\Windows\system32\mswsock.dll
0x000007fefd190000 - 0x000007fefd197000 	C:\Windows\System32\wship6.dll
0x000007fefc900000 - 0x000007fefc927000 	C:\Windows\system32\IPHLPAPI.DLL
0x000007fefc8f0000 - 0x000007fefc8fb000 	C:\Windows\system32\WINNSI.DLL
0x000007fefaf30000 - 0x000007fefaf48000 	C:\Windows\system32\dhcpcsvc.DLL
0x000007fefaec0000 - 0x000007fefaed1000 	C:\Windows\system32\dhcpcsvc6.DLL
0x000000006ccd0000 - 0x000000006cce1000 	C:\Program Files\Java\jdk1.8.0_11\jre\bin\nio.dll
0x000007fef2c70000 - 0x000007fef2c7a000 	C:\Users\rgopal\AppData\Local\Temp\jansi-64-1060603973690166703.dll
0x000000006fa50000 - 0x000000006fa5d000 	C:\Program Files\Java\jdk1.8.0_11\jre\bin\management.dll
0x000007fefca00000 - 0x000007fefca07000 	C:\Windows\System32\wshtcpip.dll
0x000007fefd020000 - 0x000007fefd07b000 	C:\Windows\system32\DNSAPI.dll
0x0000000074bd0000 - 0x0000000074bf6000 	C:\Program Files\Bonjour\mdnsNSP.dll
0x000007fefae50000 - 0x000007fefae58000 	C:\Windows\system32\rasadhlp.dll
0x000007fefae60000 - 0x000007fefaeb3000 	C:\Windows\System32\fwpuclnt.dll
0x000007fefb200000 - 0x000007fefb215000 	C:\Windows\system32\NLAapi.dll
0x000007fefb000000 - 0x000007fefb015000 	C:\Windows\system32\napinsp.dll
0x000007fefaf70000 - 0x000007fefaf89000 	C:\Windows\system32\pnrpnsp.dll
0x000007fefaf60000 - 0x000007fefaf6b000 	C:\Windows\System32\winrnr.dll
0x000007fefaf50000 - 0x000007fefaf60000 	C:\Windows\system32\wshbth.dll
0x000007fef4860000 - 0x000007fef4985000 	C:\Windows\system32\dbghelp.dll

VM Arguments:
jvm_args: -Dfile.encoding=UTF-8 -Xmx768M -Xms64M -Dgrails.fork.parent.process.port=55811 -Dgrails.fork.active=true -Dgrails.build.execution.context=C:\Users\rgopal\AppData\Local\Temp\central5110553262513105563grails-execution-context -Dgrails.home=C:\Users\rgopal\Documents\grails-2.4.4\grails-2.4.4 -javaagent:C:\Users\rgopal\Documents\grails-2.4.4\grails-2.4.4\lib\org.springframework\springloaded\jars\springloaded-1.2.1.RELEASE.jar -Xverify:none -Dspringloaded.synchronize=true -Djdk.reflect.allowGetCallerClass=true -Dspringloaded=profile=grails;cacheDir=C:\Users\rgopal/.grails/2.4.4/ 
java_command: org.grails.plugins.tomcat.fork.ForkedTomcatServer
java_class_path (initial): C:\Program Files\Java\jdk1.8.0_11\lib\tools.jar;C:\Users\rgopal\Documents\grails-2.4.4\grails-2.4.4\lib\org.codehaus.groovy\groovy-all\jars\groovy-all-2.3.7.jar;C:\Users\rgopal\Documents\grails-2.4.4\grails-2.4.4\lib\org.slf4j\jcl-over-slf4j\jars\jcl-over-slf4j-1.7.5.jar;C:\Users\rgopal\Documents\grails-2.4.4\grails-2.4.4\lib\org.codehaus.gant\gant_groovy1.8\jars\gant_groovy1.8-1.9.6.jar;C:\Users\rgopal\Documents\grails-2.4.4\grails-2.4.4\lib\org.apache.tomcat.embed\tomcat-embed-logging-log4j\jars\tomcat-embed-logging-log4j-7.0.50.jar;C:\Users\rgopal\Documents\grails-2.4.4\grails-2.4.4\dist\grails-plugin-log4j-2.4.4.jar;C:\Users\rgopal\Documents\grails-2.4.4\grails-2.4.4\lib\log4j\log4j\jars\log4j-1.2.17.jar;C:\Users\rgopal\Documents\grails-2.4.4\grails-2.4.4\dist\grails-bootstrap-2.4.4.jar;C:\Users\rgopal\Documents\grails-2.4.4\grails-2.4.4\lib\org.slf4j\slf4j-api\jars\slf4j-api-1.7.5.jar;C:\Users\rgopal\Documents\grails-2.4.4\grails-2.4.4\lib\jline\jline\jars\jline-2.12.jar;C:\Users\rgopal\Documents\grails-2.4.4\grails-2.4.4\lib\org.apache.ant\ant\jars\ant-1.8.4.jar;C:\Users\rgopal\Documents\grails-2.4.4\grails-2.4.4\lib\org.apache.ant\ant-launcher\jars\ant-launcher-1.8.4.jar;C:\Users\rgopal\Documents\grails-2.4.4\grails-2.4.4\lib\org.apache.ant\ant-trax\jars\ant-trax-1.7.1.jar;C:\Users\rgopal\Documents\grails-2.4.4\grails-2.4.4\lib\org.apache.ant\ant-junit\jars\ant-junit-1.8.4.jar;C:\Users\rgopal\Documents\grails-2.4.4\grails-2.4.4\lib\org.apache.ivy\ivy\jars\ivy-2.3.0.jar;C:\Users\rgopal\Documents\grails-2.4.4\grails-2.4.4\lib\org.fusesource.jansi\jansi\jars\jansi-1.11.jar;C:\Users\rgopal\.m2\repository\org\apache\tomcat\tomcat-catalina-ant\7.0.55\tomcat-catalina-ant-7.0.55.jar;C:\Users\rgopal\.m2\repository\org\apache\tomcat\embed\tomcat-embed-jasper\7.0.55\tomcat-embed-jasper-7.0.55.jar;C:\Users\rgopal\.m2\repository\org\apache\tomcat\embed\tomcat-embed-el\7.0.55\tomcat-embed-el-7.0.55.jar;C:\Users\rgopal\.m2\repository\org\apache\
Launcher Type: SUN_STANDARD

Environment Variables:
JAVA_HOME=C:\Program Files\Java\jdk1.8.0_11
PATH=C:\Windows\system32;C:\Windows;C:\Windows\System32\Wbem;C:\Windows\System32\WindowsPowerShell\v1.0\;C:\users\rgopal\My Documents\springsource\grails-2.3.5\bin\;c:\Program Files\Java\jdk1.7.0_51\bin\;C:\Program Files (x86)\MiKTeX 2.9\miktex\bin\
USERNAME=rgopal
OS=Windows_NT
PROCESSOR_IDENTIFIER=Intel64 Family 6 Model 37 Stepping 5, GenuineIntel



---------------  S Y S T E M  ---------------

OS: Windows 7 , 64 bit Build 7601 Service Pack 1

CPU:total 4 (2 cores per cpu, 2 threads per core) family 6 model 37 stepping 5, cmov, cx8, fxsr, mmx, sse, sse2, sse3, ssse3, sse4.1, sse4.2, popcnt, aes, clmul, ht, tsc, tscinvbit

Memory: 4k page, physical 8181608k(2447744k free), swap 16361352k(9963736k free)

vm_info: Java HotSpot(TM) 64-Bit Server VM (25.11-b03) for windows-amd64 JRE (1.8.0_11-b12), built on Jun 16 2014 20:57:32 by "java_re" with MS VC++ 10.0 (VS2010)

time: Mon Apr 13 09:17:43 2015
elapsed time: 78 seconds

