#
# A fatal error has been detected by the Java Runtime Environment:
#
#  EXCEPTION_ACCESS_VIOLATION (0xc0000005) at pc=0x000000005f1c4db2, pid=6960, tid=11204
#
# JRE version: Java(TM) SE Runtime Environment (8.0_11-b12) (build 1.8.0_11-b12)
# Java VM: Java HotSpot(TM) 64-Bit Server VM (25.11-b03 mixed mode windows-amd64 compressed oops)
# Problematic frame:
# V  [jvm.dll+0x424db2]
#
# Failed to write core dump. Minidumps are not enabled by default on client versions of Windows
#
# If you would like to submit a bug report, please visit:
#   http://bugreport.sun.com/bugreport/crash.jsp
#

---------------  T H R E A D  ---------------

Current thread (0x0000000056387000):  JavaThread "C2 CompilerThread0" daemon [_thread_in_native, id=11204, stack(0x00000000566b0000,0x00000000567b0000)]

siginfo: ExceptionCode=0xc0000005, reading address 0x0000000000000000

Registers:
RAX=0x000000005e64f648, RBX=0x0000000000000600, RCX=0x0000000000000000, RDX=0x000000005e64c0b0
RSP=0x00000000567ac560, RBP=0x00000000000000c0, RSI=0x00000000000000b8, RDI=0x0000000000000000
R8 =0x000000005eda0000, R9 =0x00000000567ac880, R10=0x00000000ffffffff, R11=0x00000000563a7c60
R12=0x000000005e64fd50, R13=0x0000000059c83658, R14=0x0000000000000008, R15=0x0000000059c83658
RIP=0x000000005f1c4db2, EFLAGS=0x0000000000010206

Top of Stack: (sp=0x00000000567ac560)
0x00000000567ac560:   00000000000000da 00000000000000b0
0x00000000567ac570:   000000000000000a 000000005afda4f0
0x00000000567ac580:   0000000000000001 0000000000000600
0x00000000567ac590:   0000000000000180 00000000000000c0
0x00000000567ac5a0:   000000005845de30 0000000056376ab0
0x00000000567ac5b0:   0000000000000760 000000005a5fb890
0x00000000567ac5c0:   00000000567ac880 000000005e64c6f0
0x00000000567ac5d0:   0000000000000020 0000000000000009
0x00000000567ac5e0:   000000005e64fd20 00000000000000da
0x00000000567ac5f0:   0000000059c83658 000000005f1c598d
0x00000000567ac600:   000000005e64fd20 000000000000001c
0x00000000567ac610:   00000000000000da 00000000567ac880
0x00000000567ac620:   000000005e64c0b0 00000000000000da
0x00000000567ac630:   000000005e64c6f0 0000000000000020
0x00000000567ac640:   000000005b2850f0 00000000567aebf0
0x00000000567ac650:   000000005b285720 000000005e64fd20 

Instructions: (pc=0x000000005f1c4db2)
0x000000005f1c4d92:   c6 48 63 f0 48 03 f1 eb 04 48 83 ce ff 48 8b 84
0x000000005f1c4da2:   24 a0 00 00 00 48 8b 40 08 48 8b 3c 03 48 8b cf
0x000000005f1c4db2:   48 8b 07 ff 50 28 4c 8d 05 41 b2 bd ff 48 63 50
0x000000005f1c4dc2:   10 4c 8b d8 48 8b ca 48 c1 e1 05 42 80 bc 01 c0 


Register to memory mapping:

RAX=0x000000005e64f648 is an unknown value
RBX=0x0000000000000600 is an unknown value
RCX=0x0000000000000000 is an unknown value
RDX=0x000000005e64c0b0 is an unknown value
RSP=0x00000000567ac560 is pointing into the stack for thread: 0x0000000056387000
RBP=0x00000000000000c0 is an unknown value
RSI=0x00000000000000b8 is an unknown value
RDI=0x0000000000000000 is an unknown value
R8 =0x000000005eda0000 is an unknown value
R9 =0x00000000567ac880 is pointing into the stack for thread: 0x0000000056387000
R10=0x00000000ffffffff is an unknown value
R11=0x00000000563a7c60 is an unknown value
R12=0x000000005e64fd50 is an unknown value
R13=0x0000000059c83658 is an unknown value
R14=0x0000000000000008 is an unknown value
R15=0x0000000059c83658 is an unknown value


Stack: [0x00000000566b0000,0x00000000567b0000],  sp=0x00000000567ac560,  free space=1009k
Native frames: (J=compiled Java code, j=interpreted, Vv=VM code, C=native code)
V  [jvm.dll+0x424db2]
V  [jvm.dll+0x42598d]
V  [jvm.dll+0x425ecf]
V  [jvm.dll+0x4c5a84]
V  [jvm.dll+0x4415bc]
V  [jvm.dll+0x443a29]
V  [jvm.dll+0x427722]
V  [jvm.dll+0x96982]
V  [jvm.dll+0x97173]
V  [jvm.dll+0x2234b4]
V  [jvm.dll+0x27bcca]
C  [msvcr100.dll+0x21d9f]
C  [msvcr100.dll+0x21e3b]
C  [kernel32.dll+0x159ed]
C  [ntdll.dll+0x2c541]


Current CompileTask:
C2:  54444 7500       4       groovy.lang.MetaClassImpl::findPropertyMethod (356 bytes)


---------------  P R O C E S S  ---------------

Java Threads: ( => current thread )
  0x0000000057f7f000 JavaThread "net.sf.ehcache.CacheManager@6ba446cb" daemon [_thread_blocked, id=6636, stack(0x0000000061ca0000,0x0000000061da0000)]
  0x000000005762b000 JavaThread "com.oumuo.SecurityGroup.data" daemon [_thread_blocked, id=10596, stack(0x0000000060660000,0x0000000060760000)]
  0x00000000583bb800 JavaThread "com.oumuo.Authority.data" daemon [_thread_blocked, id=9108, stack(0x000000005d330000,0x000000005d430000)]
  0x0000000058b16800 JavaThread "net.sf.ehcache.CacheManager@402f50d9" daemon [_thread_blocked, id=7532, stack(0x000000005cd40000,0x000000005ce40000)]
  0x000000005afae800 JavaThread "PoolCleaner[192694377:1429902834833]" daemon [_thread_blocked, id=11256, stack(0x000000005c9e0000,0x000000005cae0000)]
  0x0000000058430800 JavaThread "FileSystemWatcher: files=#321 cl=groovy.lang.GroovyClassLoader@b7c4869" daemon [_thread_blocked, id=6036, stack(0x0000000056f00000,0x0000000057000000)]
  0x00000000581ca000 JavaThread "localhost-startStop-1" daemon [_thread_in_Java, id=6600, stack(0x000000005b5a0000,0x000000005b6a0000)]
  0x000000005a1f0000 JavaThread "Tomcat-startStop-1" daemon [_thread_blocked, id=9624, stack(0x000000005a4c0000,0x000000005a5c0000)]
  0x000000005660a000 JavaThread "Thread-3" [_thread_in_native, id=10256, stack(0x000000005ba10000,0x000000005bb10000)]
  0x0000000059360000 JavaThread "Thread-2" [_thread_blocked, id=3940, stack(0x0000000057940000,0x0000000057a40000)]
  0x0000000057465800 JavaThread "NonBlockingInputStreamThread" daemon [_thread_blocked, id=6740, stack(0x0000000057e10000,0x0000000057f10000)]
  0x00000000564e1000 JavaThread "Service Thread" daemon [_thread_blocked, id=10252, stack(0x0000000056df0000,0x0000000056ef0000)]
  0x0000000056385000 JavaThread "C1 CompilerThread2" daemon [_thread_blocked, id=11236, stack(0x0000000056cd0000,0x0000000056dd0000)]
  0x0000000056388000 JavaThread "C2 CompilerThread1" daemon [_thread_in_native, id=8228, stack(0x0000000056b20000,0x0000000056c20000)]
=>0x0000000056387000 JavaThread "C2 CompilerThread0" daemon [_thread_in_native, id=11204, stack(0x00000000566b0000,0x00000000567b0000)]
  0x0000000056284800 JavaThread "Attach Listener" daemon [_thread_blocked, id=5408, stack(0x0000000056970000,0x0000000056a70000)]
  0x0000000054c67800 JavaThread "Signal Dispatcher" daemon [_thread_blocked, id=9208, stack(0x00000000567d0000,0x00000000568d0000)]
  0x0000000054c06800 JavaThread "Finalizer" daemon [_thread_blocked, id=10248, stack(0x0000000055f70000,0x0000000056070000)]
  0x0000000054bfb800 JavaThread "Reference Handler" daemon [_thread_blocked, id=9592, stack(0x0000000055e10000,0x0000000055f10000)]
  0x000000000294a000 JavaThread "main" [_thread_blocked, id=6688, stack(0x0000000002a20000,0x0000000002b20000)]

Other Threads:
  0x0000000054bf8000 VMThread [stack: 0x0000000055c60000,0x0000000055d60000] [id=1416]
  0x00000000564a9800 WatcherThread [stack: 0x0000000057010000,0x0000000057110000] [id=9144]

VM state:not at safepoint (normal execution)

VM Mutex/Monitor currently owned by a thread: None

Heap:
 PSYoungGen      total 187904K, used 123006K [0x00000000f0000000, 0x0000000100000000, 0x0000000100000000)
  eden space 112128K, 68% used [0x00000000f0000000,0x00000000f4b61ad8,0x00000000f6d80000)
  from space 75776K, 60% used [0x00000000fb600000,0x00000000fe2be118,0x0000000100000000)
  to   space 74240K, 0% used [0x00000000f6d80000,0x00000000f6d80000,0x00000000fb600000)
 ParOldGen       total 134656K, used 123568K [0x00000000d0000000, 0x00000000d8380000, 0x00000000f0000000)
  object space 134656K, 91% used [0x00000000d0000000,0x00000000d78ac208,0x00000000d8380000)
 Metaspace       used 78181K, capacity 80564K, committed 80640K, reserved 1120256K
  class space    used 8197K, capacity 8916K, committed 8960K, reserved 1048576K

Card table byte_map: [0x0000000012120000,0x00000000122b0000] byte_map_base: 0x0000000011aa0000

Marking Bits: (ParMarkBitMap*) 0x000000005f5512b0
 Begin Bits: [0x0000000012a70000, 0x0000000013670000)
 End Bits:   [0x0000000013670000, 0x0000000014270000)

Polling page: 0x00000000004a0000

CodeCache: size=245760Kb used=26177Kb max_used=26177Kb free=219582Kb
 bounds [0x0000000002d60000, 0x0000000004710000, 0x0000000011d60000]
 total_blobs=7612 nmethods=6845 adapters=676
 compilation: enabled

Compilation events (10 events):
Event: 54.284 Thread 0x0000000056385000 8256       2       org.codehaus.groovy.ast.AnnotatedNode::addAnnotations (35 bytes)
Event: 54.284 Thread 0x0000000056385000 nmethod 8256 0x00000000046e61d0 code [0x00000000046e6380, 0x00000000046e66c8]
Event: 54.284 Thread 0x0000000056385000 8260       2       org.codehaus.groovy.classgen.VariableScopeVisitor::visitMethodCallExpression (157 bytes)
Event: 54.286 Thread 0x0000000056385000 nmethod 8260 0x00000000047032d0 code [0x00000000047034e0, 0x0000000004703c18]
Event: 54.286 Thread 0x0000000056385000 8261       2       org.codehaus.groovy.ast.ClassNode::isScript (26 bytes)
Event: 54.286 Thread 0x0000000056385000 nmethod 8261 0x00000000046e5d10 code [0x00000000046e5e80, 0x00000000046e6098]
Event: 54.286 Thread 0x0000000056385000 8257       2       org.codehaus.groovy.antlr.AntlrParserPlugin::statement (305 bytes)
Event: 54.288 Thread 0x0000000056385000 nmethod 8257 0x0000000004704190 code [0x00000000047044a0, 0x0000000004705138]
Event: 54.319 Thread 0x0000000056385000 8262       2       org.codehaus.groovy.control.ClassNodeResolver::resolveName (73 bytes)
Event: 54.320 Thread 0x0000000056385000 nmethod 8262 0x0000000004709dd0 code [0x0000000004709f80, 0x000000000470a2e8]

GC Heap History (10 events):
Event: 46.597 GC heap before
{Heap before GC invocations=83 (full 8):
 PSYoungGen      total 187904K, used 163366K [0x00000000f0000000, 0x0000000100000000, 0x0000000100000000)
  eden space 119808K, 92% used [0x00000000f0000000,0x00000000f6caf8b0,0x00000000f7500000)
  from space 68096K, 76% used [0x00000000fbd80000,0x00000000ff05a200,0x0000000100000000)
  to   space 71168K, 0% used [0x00000000f7500000,0x00000000f7500000,0x00000000fba80000)
 ParOldGen       total 115712K, used 104137K [0x00000000d0000000, 0x00000000d7100000, 0x00000000f0000000)
  object space 115712K, 89% used [0x00000000d0000000,0x00000000d65b25c8,0x00000000d7100000)
 Metaspace       used 74463K, capacity 76666K, committed 76928K, reserved 1118208K
  class space    used 7834K, capacity 8474K, committed 8576K, reserved 1048576K
Event: 46.703 GC heap after
Heap after GC invocations=83 (full 8):
 PSYoungGen      total 172544K, used 52521K [0x00000000f0000000, 0x0000000100000000, 0x0000000100000000)
  eden space 119808K, 0% used [0x00000000f0000000,0x00000000f0000000,0x00000000f7500000)
  from space 52736K, 99% used [0x00000000f7500000,0x00000000fa84a798,0x00000000fa880000)
  to   space 73728K, 0% used [0x00000000fb800000,0x00000000fb800000,0x0000000100000000)
 ParOldGen       total 115712K, used 104417K [0x00000000d0000000, 0x00000000d7100000, 0x00000000f0000000)
  object space 115712K, 90% used [0x00000000d0000000,0x00000000d65f85c8,0x00000000d7100000)
 Metaspace       used 74463K, capacity 76666K, committed 76928K, reserved 1118208K
  class space    used 7834K, capacity 8474K, committed 8576K, reserved 1048576K
}
Event: 47.262 GC heap before
{Heap before GC invocations=84 (full 8):
 PSYoungGen      total 172544K, used 172329K [0x00000000f0000000, 0x0000000100000000, 0x0000000100000000)
  eden space 119808K, 100% used [0x00000000f0000000,0x00000000f7500000,0x00000000f7500000)
  from space 52736K, 99% used [0x00000000f7500000,0x00000000fa84a798,0x00000000fa880000)
  to   space 73728K, 0% used [0x00000000fb800000,0x00000000fb800000,0x0000000100000000)
 ParOldGen       total 115712K, used 104417K [0x00000000d0000000, 0x00000000d7100000, 0x00000000f0000000)
  object space 115712K, 90% used [0x00000000d0000000,0x00000000d65f85c8,0x00000000d7100000)
 Metaspace       used 75580K, capacity 77800K, committed 78080K, reserved 1118208K
  class space    used 7982K, capacity 8600K, committed 8704K, reserved 1048576K
Event: 48.838 GC heap after
Heap after GC invocations=84 (full 8):
 PSYoungGen      total 185344K, used 51414K [0x00000000f0000000, 0x0000000100000000, 0x0000000100000000)
  eden space 111616K, 0% used [0x00000000f0000000,0x00000000f0000000,0x00000000f6d00000)
  from space 73728K, 69% used [0x00000000fb800000,0x00000000fea35b10,0x0000000100000000)
  to   space 75264K, 0% used [0x00000000f6d00000,0x00000000f6d00000,0x00000000fb680000)
 ParOldGen       total 115712K, used 107321K [0x00000000d0000000, 0x00000000d7100000, 0x00000000f0000000)
  object space 115712K, 92% used [0x00000000d0000000,0x00000000d68ce5c8,0x00000000d7100000)
 Metaspace       used 75580K, capacity 77800K, committed 78080K, reserved 1118208K
  class space    used 7982K, capacity 8600K, committed 8704K, reserved 1048576K
}
Event: 49.705 GC heap before
{Heap before GC invocations=85 (full 8):
 PSYoungGen      total 185344K, used 160242K [0x00000000f0000000, 0x0000000100000000, 0x0000000100000000)
  eden space 111616K, 97% used [0x00000000f0000000,0x00000000f6a46f60,0x00000000f6d00000)
  from space 73728K, 69% used [0x00000000fb800000,0x00000000fea35b10,0x0000000100000000)
  to   space 75264K, 0% used [0x00000000f6d00000,0x00000000f6d00000,0x00000000fb680000)
 ParOldGen       total 115712K, used 107321K [0x00000000d0000000, 0x00000000d7100000, 0x00000000f0000000)
  object space 115712K, 92% used [0x00000000d0000000,0x00000000d68ce5c8,0x00000000d7100000)
 Metaspace       used 76075K, capacity 78308K, committed 78592K, reserved 1120256K
  class space    used 8044K, capacity 8664K, committed 8704K, reserved 1048576K
Event: 49.878 GC heap after
Heap after GC invocations=85 (full 8):
 PSYoungGen      total 160768K, used 48992K [0x00000000f0000000, 0x0000000100000000, 0x0000000100000000)
  eden space 111616K, 0% used [0x00000000f0000000,0x00000000f0000000,0x00000000f6d00000)
  from space 49152K, 99% used [0x00000000f6d00000,0x00000000f9cd82f8,0x00000000f9d00000)
  to   space 75776K, 0% used [0x00000000fb600000,0x00000000fb600000,0x0000000100000000)
 ParOldGen       total 115712K, used 111661K [0x00000000d0000000, 0x00000000d7100000, 0x00000000f0000000)
  object space 115712K, 96% used [0x00000000d0000000,0x00000000d6d0b608,0x00000000d7100000)
 Metaspace       used 76075K, capacity 78308K, committed 78592K, reserved 1120256K
  class space    used 8044K, capacity 8664K, committed 8704K, reserved 1048576K
}
Event: 49.878 GC heap before
{Heap before GC invocations=86 (full 9):
 PSYoungGen      total 160768K, used 48992K [0x00000000f0000000, 0x0000000100000000, 0x0000000100000000)
  eden space 111616K, 0% used [0x00000000f0000000,0x00000000f0000000,0x00000000f6d00000)
  from space 49152K, 99% used [0x00000000f6d00000,0x00000000f9cd82f8,0x00000000f9d00000)
  to   space 75776K, 0% used [0x00000000fb600000,0x00000000fb600000,0x0000000100000000)
 ParOldGen       total 115712K, used 111661K [0x00000000d0000000, 0x00000000d7100000, 0x00000000f0000000)
  object space 115712K, 96% used [0x00000000d0000000,0x00000000d6d0b608,0x00000000d7100000)
 Metaspace       used 76075K, capacity 78308K, committed 78592K, reserved 1120256K
  class space    used 8044K, capacity 8664K, committed 8704K, reserved 1048576K
Event: 52.749 GC heap after
Heap after GC invocations=86 (full 9):
 PSYoungGen      total 160768K, used 44003K [0x00000000f0000000, 0x0000000100000000, 0x0000000100000000)
  eden space 111616K, 0% used [0x00000000f0000000,0x00000000f0000000,0x00000000f6d00000)
  from space 49152K, 89% used [0x00000000f6d00000,0x00000000f97f8fa8,0x00000000f9d00000)
  to   space 75776K, 0% used [0x00000000fb600000,0x00000000fb600000,0x0000000100000000)
 ParOldGen       total 134656K, used 115421K [0x00000000d0000000, 0x00000000d8380000, 0x00000000f0000000)
  object space 134656K, 85% used [0x00000000d0000000,0x00000000d70b7430,0x00000000d8380000)
 Metaspace       used 76060K, capacity 78284K, committed 78592K, reserved 1120256K
  class space    used 8042K, capacity 8660K, committed 8704K, reserved 1048576K
}
Event: 53.582 GC heap before
{Heap before GC invocations=87 (full 9):
 PSYoungGen      total 160768K, used 149984K [0x00000000f0000000, 0x0000000100000000, 0x0000000100000000)
  eden space 111616K, 94% used [0x00000000f0000000,0x00000000f677f1f8,0x00000000f6d00000)
  from space 49152K, 89% used [0x00000000f6d00000,0x00000000f97f8fa8,0x00000000f9d00000)
  to   space 75776K, 0% used [0x00000000fb600000,0x00000000fb600000,0x0000000100000000)
 ParOldGen       total 134656K, used 115421K [0x00000000d0000000, 0x00000000d8380000, 0x00000000f0000000)
  object space 134656K, 85% used [0x00000000d0000000,0x00000000d70b7430,0x00000000d8380000)
 Metaspace       used 77283K, capacity 79542K, committed 79744K, reserved 1120256K
  class space    used 8143K, capacity 8794K, committed 8832K, reserved 1048576K
Event: 53.867 GC heap after
Heap after GC invocations=87 (full 9):
 PSYoungGen      total 187904K, used 45816K [0x00000000f0000000, 0x0000000100000000, 0x0000000100000000)
  eden space 112128K, 0% used [0x00000000f0000000,0x00000000f0000000,0x00000000f6d80000)
  from space 75776K, 60% used [0x00000000fb600000,0x00000000fe2be118,0x0000000100000000)
  to   space 74240K, 0% used [0x00000000f6d80000,0x00000000f6d80000,0x00000000fb600000)
 ParOldGen       total 134656K, used 123568K [0x00000000d0000000, 0x00000000d8380000, 0x00000000f0000000)
  object space 134656K, 91% used [0x00000000d0000000,0x00000000d78ac208,0x00000000d8380000)
 Metaspace       used 77283K, capacity 79542K, committed 79744K, reserved 1120256K
  class space    used 8143K, capacity 8794K, committed 8832K, reserved 1048576K
}

Deoptimization events (10 events):
Event: 43.847 Thread 0x00000000581ca000 Uncommon trap: reason=class_check action=maybe_recompile pc=0x0000000003fb7dec method=sun.reflect.generics.factory.CoreReflectionFactory.findTypeVariable(Ljava/lang/String;)Ljava/lang/reflect/TypeVariable; @ 5
Event: 44.579 Thread 0x00000000581ca000 Uncommon trap: reason=class_check action=maybe_recompile pc=0x000000000446b520 method=org.springframework.beans.factory.support.AbstractBeanDefinition.hasBeanClass()Z @ 4
Event: 44.579 Thread 0x00000000581ca000 Uncommon trap: reason=class_check action=maybe_recompile pc=0x000000000446b520 method=org.springframework.beans.factory.support.AbstractBeanDefinition.hasBeanClass()Z @ 4
Event: 44.580 Thread 0x00000000581ca000 Uncommon trap: reason=class_check action=maybe_recompile pc=0x000000000446b520 method=org.springframework.beans.factory.support.AbstractBeanDefinition.hasBeanClass()Z @ 4
Event: 44.580 Thread 0x00000000581ca000 Uncommon trap: reason=class_check action=maybe_recompile pc=0x000000000446b520 method=org.springframework.beans.factory.support.AbstractBeanDefinition.hasBeanClass()Z @ 4
Event: 44.622 Thread 0x00000000581ca000 Uncommon trap: reason=null_check action=make_not_entrant pc=0x000000000441ab04 method=org.codehaus.groovy.runtime.typehandling.DefaultTypeTransformation.castToType(Ljava/lang/Object;Ljava/lang/Class;)Ljava/lang/Object; @ 28
Event: 44.727 Thread 0x00000000581ca000 Uncommon trap: reason=unreached action=reinterpret pc=0x000000000443d928 method=org.codehaus.groovy.runtime.InvokerHelper.invokeMethod(Ljava/lang/Object;Ljava/lang/String;Ljava/lang/Object;)Ljava/lang/Object; @ 12
Event: 44.751 Thread 0x00000000581ca000 Uncommon trap: reason=unreached action=reinterpret pc=0x0000000004446d10 method=org.codehaus.groovy.runtime.InvokerHelper.invokeMethod(Ljava/lang/Object;Ljava/lang/String;Ljava/lang/Object;)Ljava/lang/Object; @ 12
Event: 47.143 Thread 0x00000000581ca000 Uncommon trap: reason=unreached action=reinterpret pc=0x00000000036a4984 method=java.util.regex.Pattern.sequence(Ljava/util/regex/Pattern$Node;)Ljava/util/regex/Pattern$Node; @ 536
Event: 54.066 Thread 0x00000000581ca000 Uncommon trap: reason=unloaded action=reinterpret pc=0x00000000036a243c method=org.codehaus.groovy.reflection.CachedMethod.invoke(Ljava/lang/Object;[Ljava/lang/Object;)Ljava/lang/Object; @ 30

Internal exceptions (10 events):
Event: 54.371 Thread 0x00000000581ca000 Exception <a 'java/security/PrivilegedActionException'> (0x00000000f4530078) thrown at [C:\re\workspace\8-2-build-windows-amd64-cygwin\jdk8u11\648\hotspot\src\share\vm\prims\jvm.cpp, line 1248]
Event: 54.375 Thread 0x00000000581ca000 Exception <a 'java/security/PrivilegedActionException'> (0x00000000f4541e78) thrown at [C:\re\workspace\8-2-build-windows-amd64-cygwin\jdk8u11\648\hotspot\src\share\vm\prims\jvm.cpp, line 1248]
Event: 54.375 Thread 0x00000000581ca000 Exception <a 'java/security/PrivilegedActionException'> (0x00000000f4544020) thrown at [C:\re\workspace\8-2-build-windows-amd64-cygwin\jdk8u11\648\hotspot\src\share\vm\prims\jvm.cpp, line 1248]
Event: 54.375 Thread 0x00000000581ca000 Exception <a 'java/security/PrivilegedActionException'> (0x00000000f4547e40) thrown at [C:\re\workspace\8-2-build-windows-amd64-cygwin\jdk8u11\648\hotspot\src\share\vm\prims\jvm.cpp, line 1248]
Event: 54.376 Thread 0x00000000581ca000 Exception <a 'java/security/PrivilegedActionException'> (0x00000000f45568f0) thrown at [C:\re\workspace\8-2-build-windows-amd64-cygwin\jdk8u11\648\hotspot\src\share\vm\prims\jvm.cpp, line 1248]
Event: 54.376 Thread 0x00000000581ca000 Exception <a 'java/security/PrivilegedActionException'> (0x00000000f45763c0) thrown at [C:\re\workspace\8-2-build-windows-amd64-cygwin\jdk8u11\648\hotspot\src\share\vm\prims\jvm.cpp, line 1248]
Event: 54.377 Thread 0x00000000581ca000 Exception <a 'java/security/PrivilegedActionException'> (0x00000000f4577ea0) thrown at [C:\re\workspace\8-2-build-windows-amd64-cygwin\jdk8u11\648\hotspot\src\share\vm\prims\jvm.cpp, line 1248]
Event: 54.377 Thread 0x00000000581ca000 Exception <a 'java/security/PrivilegedActionException'> (0x00000000f4589cd0) thrown at [C:\re\workspace\8-2-build-windows-amd64-cygwin\jdk8u11\648\hotspot\src\share\vm\prims\jvm.cpp, line 1248]
Event: 54.377 Thread 0x00000000581ca000 Exception <a 'java/security/PrivilegedActionException'> (0x00000000f458be78) thrown at [C:\re\workspace\8-2-build-windows-amd64-cygwin\jdk8u11\648\hotspot\src\share\vm\prims\jvm.cpp, line 1248]
Event: 54.377 Thread 0x00000000581ca000 Exception <a 'java/security/PrivilegedActionException'> (0x00000000f458fc98) thrown at [C:\re\workspace\8-2-build-windows-amd64-cygwin\jdk8u11\648\hotspot\src\share\vm\prims\jvm.cpp, line 1248]

Events (10 events):
Event: 54.361 loading class central/Math
Event: 54.361 loading class central/Math done
Event: 54.365 loading class java/lang/org$springframework$http$HttpStatus$Math
Event: 54.365 loading class java/lang/org$springframework$http$HttpStatus$Math done
Event: 54.368 loading class java/io/org$springframework$http$HttpStatus$Math
Event: 54.368 loading class java/io/org$springframework$http$HttpStatus$Math done
Event: 54.375 loading class java/net/org$springframework$http$HttpStatus$Math
Event: 54.375 loading class java/net/org$springframework$http$HttpStatus$Math done
Event: 54.377 loading class java/util/org$springframework$http$HttpStatus$Math
Event: 54.377 loading class java/util/org$springframework$http$HttpStatus$Math done


Dynamic libraries:
0x000000013f090000 - 0x000000013f0c4000 	C:\Program Files\Java\jdk1.8.0_11\bin\java.exe
0x0000000077430000 - 0x00000000775d9000 	C:\Windows\SYSTEM32\ntdll.dll
0x0000000077310000 - 0x000000007742f000 	C:\Windows\system32\kernel32.dll
0x000007fefd9a0000 - 0x000007fefda0c000 	C:\Windows\system32\KERNELBASE.dll
0x000007feff3b0000 - 0x000007feff48b000 	C:\Windows\system32\ADVAPI32.dll
0x000007fefdea0000 - 0x000007fefdf3f000 	C:\Windows\system32\msvcrt.dll
0x000007fefdc60000 - 0x000007fefdc7f000 	C:\Windows\SYSTEM32\sechost.dll
0x000007feff060000 - 0x000007feff18d000 	C:\Windows\system32\RPCRT4.dll
0x0000000077210000 - 0x000000007730a000 	C:\Windows\system32\USER32.dll
0x000007fefdd80000 - 0x000007fefdde7000 	C:\Windows\system32\GDI32.dll
0x000007feff3a0000 - 0x000007feff3ae000 	C:\Windows\system32\LPK.dll
0x000007feff490000 - 0x000007feff559000 	C:\Windows\system32\USP10.dll
0x000007fefbe90000 - 0x000007fefc084000 	C:\Windows\WinSxS\amd64_microsoft.windows.common-controls_6595b64144ccf1df_6.0.7601.17514_none_fa396087175ac9ac\COMCTL32.dll
0x000007fefdd00000 - 0x000007fefdd71000 	C:\Windows\system32\SHLWAPI.dll
0x000007fefdcd0000 - 0x000007fefdcfe000 	C:\Windows\system32\IMM32.DLL
0x000007fefeeb0000 - 0x000007fefefb9000 	C:\Windows\system32\MSCTF.dll
0x0000000180000000 - 0x000000018001c000 	C:\Windows\system32\btpload64.dll
0x00000000775f0000 - 0x00000000775f7000 	C:\Windows\system32\PSAPI.DLL
0x0000000000240000 - 0x000000000026c000 	C:\Windows\system32\privman64.dll
0x000007fefd7e0000 - 0x000007fefd7ec000 	C:\Windows\system32\VERSION.dll
0x000007fefdf40000 - 0x000007fefecc9000 	C:\Windows\system32\SHELL32.dll
0x000007fefd7c0000 - 0x000007fefd7de000 	C:\Windows\system32\USERENV.dll
0x000007fefd890000 - 0x000007fefd89f000 	C:\Windows\system32\profapi.dll
0x000000006ed90000 - 0x000000006ee62000 	C:\Program Files\Java\jdk1.8.0_11\jre\bin\msvcr100.dll
0x000000005eda0000 - 0x000000005f5ca000 	C:\Program Files\Java\jdk1.8.0_11\jre\bin\server\jvm.dll
0x000007fefcd70000 - 0x000007fefcd79000 	C:\Windows\system32\WSOCK32.dll
0x000007fefdc80000 - 0x000007fefdccd000 	C:\Windows\system32\WS2_32.dll
0x000007fefddf0000 - 0x000007fefddf8000 	C:\Windows\system32\NSI.dll
0x000007fefb3d0000 - 0x000007fefb40b000 	C:\Windows\system32\WINMM.dll
0x0000000070780000 - 0x000000007078f000 	C:\Program Files\Java\jdk1.8.0_11\jre\bin\verify.dll
0x0000000070380000 - 0x00000000703a8000 	C:\Program Files\Java\jdk1.8.0_11\jre\bin\java.dll
0x0000000070700000 - 0x0000000070723000 	C:\Program Files\Java\jdk1.8.0_11\jre\bin\instrument.dll
0x000000006ed20000 - 0x000000006ed36000 	C:\Program Files\Java\jdk1.8.0_11\jre\bin\zip.dll
0x0000000056070000 - 0x0000000056273000 	C:\Windows\system32\ole32.dll
0x000007fefd130000 - 0x000007fefd147000 	C:\Windows\system32\CRYPTSP.dll
0x000007fefce30000 - 0x000007fefce77000 	C:\Windows\system32\rsaenh.dll
0x000007fefd790000 - 0x000007fefd79f000 	C:\Windows\system32\CRYPTBASE.dll
0x000000006ed00000 - 0x000000006ed1a000 	C:\Program Files\Java\jdk1.8.0_11\jre\bin\net.dll
0x000007fefd0d0000 - 0x000007fefd125000 	C:\Windows\system32\mswsock.dll
0x000007fefd0c0000 - 0x000007fefd0c7000 	C:\Windows\System32\wship6.dll
0x000007fefc460000 - 0x000007fefc487000 	C:\Windows\system32\IPHLPAPI.DLL
0x000007fefc450000 - 0x000007fefc45b000 	C:\Windows\system32\WINNSI.DLL
0x000007fefadd0000 - 0x000007fefade8000 	C:\Windows\system32\dhcpcsvc.DLL
0x000007fefae10000 - 0x000007fefae21000 	C:\Windows\system32\dhcpcsvc6.DLL
0x000000006ece0000 - 0x000000006ecf1000 	C:\Program Files\Java\jdk1.8.0_11\jre\bin\nio.dll
0x000007fefc570000 - 0x000007fefc57a000 	C:\Users\rgopal\AppData\Local\Temp\jansi-64-3267658880791791689.dll
0x00000000748a0000 - 0x00000000748ad000 	C:\Program Files\Java\jdk1.8.0_11\jre\bin\management.dll
0x000007fefc950000 - 0x000007fefc957000 	C:\Windows\System32\wshtcpip.dll
0x000007fefcf50000 - 0x000007fefcfab000 	C:\Windows\system32\DNSAPI.dll
0x0000000074b00000 - 0x0000000074b26000 	C:\Program Files\Bonjour\mdnsNSP.dll
0x000007fefae00000 - 0x000007fefae08000 	C:\Windows\system32\rasadhlp.dll
0x000007fefad70000 - 0x000007fefadc3000 	C:\Windows\System32\fwpuclnt.dll
0x000007fefaf50000 - 0x000007fefaf65000 	C:\Windows\system32\NLAapi.dll
0x000007fefaf30000 - 0x000007fefaf45000 	C:\Windows\system32\napinsp.dll
0x000007fefaea0000 - 0x000007fefaeb9000 	C:\Windows\system32\pnrpnsp.dll
0x000007fefae90000 - 0x000007fefae9b000 	C:\Windows\System32\winrnr.dll
0x000007fefae80000 - 0x000007fefae90000 	C:\Windows\system32\wshbth.dll
0x000007fef3a30000 - 0x000007fef3b55000 	C:\Windows\system32\dbghelp.dll

VM Arguments:
jvm_args: -Dfile.encoding=UTF-8 -Xmx768M -Xms64M -Dgrails.fork.parent.process.port=52556 -Dgrails.fork.active=true -Dgrails.build.execution.context=C:\Users\rgopal\AppData\Local\Temp\central155110687321779745grails-execution-context -Dgrails.home=C:\Users\rgopal\Documents\grails-2.4.4\grails-2.4.4 -javaagent:C:\Users\rgopal\Documents\grails-2.4.4\grails-2.4.4\lib\org.springframework\springloaded\jars\springloaded-1.2.1.RELEASE.jar -Xverify:none -Dspringloaded.synchronize=true -Djdk.reflect.allowGetCallerClass=true -Dspringloaded=profile=grails;cacheDir=C:\Users\rgopal/.grails/2.4.4/ 
java_command: org.grails.plugins.tomcat.fork.ForkedTomcatServer
java_class_path (initial): C:\Program Files\Java\jdk1.8.0_11\lib\tools.jar;C:\Users\rgopal\Documents\grails-2.4.4\grails-2.4.4\lib\org.codehaus.groovy\groovy-all\jars\groovy-all-2.3.7.jar;C:\Users\rgopal\Documents\grails-2.4.4\grails-2.4.4\lib\org.slf4j\jcl-over-slf4j\jars\jcl-over-slf4j-1.7.5.jar;C:\Users\rgopal\Documents\grails-2.4.4\grails-2.4.4\lib\org.codehaus.gant\gant_groovy1.8\jars\gant_groovy1.8-1.9.6.jar;C:\Users\rgopal\Documents\grails-2.4.4\grails-2.4.4\lib\org.apache.tomcat.embed\tomcat-embed-logging-log4j\jars\tomcat-embed-logging-log4j-7.0.50.jar;C:\Users\rgopal\Documents\grails-2.4.4\grails-2.4.4\dist\grails-plugin-log4j-2.4.4.jar;C:\Users\rgopal\Documents\grails-2.4.4\grails-2.4.4\lib\log4j\log4j\jars\log4j-1.2.17.jar;C:\Users\rgopal\Documents\grails-2.4.4\grails-2.4.4\dist\grails-bootstrap-2.4.4.jar;C:\Users\rgopal\Documents\grails-2.4.4\grails-2.4.4\lib\org.slf4j\slf4j-api\jars\slf4j-api-1.7.5.jar;C:\Users\rgopal\Documents\grails-2.4.4\grails-2.4.4\lib\jline\jline\jars\jline-2.12.jar;C:\Users\rgopal\Documents\grails-2.4.4\grails-2.4.4\lib\org.apache.ant\ant\jars\ant-1.8.4.jar;C:\Users\rgopal\Documents\grails-2.4.4\grails-2.4.4\lib\org.apache.ant\ant-launcher\jars\ant-launcher-1.8.4.jar;C:\Users\rgopal\Documents\grails-2.4.4\grails-2.4.4\lib\org.apache.ant\ant-trax\jars\ant-trax-1.7.1.jar;C:\Users\rgopal\Documents\grails-2.4.4\grails-2.4.4\lib\org.apache.ant\ant-junit\jars\ant-junit-1.8.4.jar;C:\Users\rgopal\Documents\grails-2.4.4\grails-2.4.4\lib\org.apache.ivy\ivy\jars\ivy-2.3.0.jar;C:\Users\rgopal\Documents\grails-2.4.4\grails-2.4.4\lib\org.fusesource.jansi\jansi\jars\jansi-1.11.jar;C:\Users\rgopal\.m2\repository\org\apache\tomcat\tomcat-catalina-ant\7.0.55\tomcat-catalina-ant-7.0.55.jar;C:\Users\rgopal\.m2\repository\org\apache\tomcat\embed\tomcat-embed-jasper\7.0.55\tomcat-embed-jasper-7.0.55.jar;C:\Users\rgopal\.m2\repository\org\apache\tomcat\embed\tomcat-embed-el\7.0.55\tomcat-embed-el-7.0.55.jar;C:\Users\rgopal\.m2\repository\org\apache\
Launcher Type: SUN_STANDARD

Environment Variables:
JAVA_HOME=C:\Program Files\Java\jdk1.8.0_11
PATH=C:\Windows\system32;C:\Windows;C:\Windows\System32\Wbem;C:\Windows\System32\WindowsPowerShell\v1.0\;C:\users\rgopal\My Documents\springsource\grails-2.3.5\bin\;c:\Program Files\Java\jdk1.7.0_51\bin\;C:\Program Files (x86)\MiKTeX 2.9\miktex\bin\
USERNAME=rgopal
OS=Windows_NT
PROCESSOR_IDENTIFIER=Intel64 Family 6 Model 37 Stepping 5, GenuineIntel



---------------  S Y S T E M  ---------------

OS: Windows 7 , 64 bit Build 7601 Service Pack 1

CPU:total 4 (2 cores per cpu, 2 threads per core) family 6 model 37 stepping 5, cmov, cx8, fxsr, mmx, sse, sse2, sse3, ssse3, sse4.1, sse4.2, popcnt, aes, clmul, ht, tsc, tscinvbit

Memory: 4k page, physical 8181608k(2946280k free), swap 16361352k(9528380k free)

vm_info: Java HotSpot(TM) 64-Bit Server VM (25.11-b03) for windows-amd64 JRE (1.8.0_11-b12), built on Jun 16 2014 20:57:32 by "java_re" with MS VC++ 10.0 (VS2010)

time: Fri Apr 24 15:14:21 2015
elapsed time: 54 seconds

