#
# A fatal error has been detected by the Java Runtime Environment:
#
#  EXCEPTION_ACCESS_VIOLATION (0xc0000005) at pc=0x0000000055df4db2, pid=2140, tid=8320
#
# JRE version: Java(TM) SE Runtime Environment (8.0_11-b12) (build 1.8.0_11-b12)
# Java VM: Java HotSpot(TM) 64-Bit Server VM (25.11-b03 mixed mode windows-amd64 compressed oops)
# Problematic frame:
# V  [jvm.dll+0x424db2]
#
# Failed to write core dump. Minidumps are not enabled by default on client versions of Windows
#
# If you would like to submit a bug report, please visit:
#   http://bugreport.sun.com/bugreport/crash.jsp
#

---------------  T H R E A D  ---------------

Current thread (0x0000000056e20000):  JavaThread "C2 CompilerThread1" daemon [_thread_in_native, id=8320, stack(0x0000000057650000,0x0000000057750000)]

siginfo: ExceptionCode=0xc0000005, reading address 0x0000000000000000

Registers:
RAX=0x000000005f1e5908, RBX=0x0000000000000600, RCX=0x0000000000000000, RDX=0x0000000061a849c0
RSP=0x000000005774c1c0, RBP=0x00000000000000c0, RSI=0x00000000000000b8, RDI=0x0000000000000000
R8 =0x00000000559d0000, R9 =0x000000005774c4e0, R10=0x00000000ffffffff, R11=0x0000000056e238a0
R12=0x000000005f1e6010, R13=0x0000000061d3e9b8, R14=0x0000000000000008, R15=0x0000000061d3e9b8
RIP=0x0000000055df4db2, EFLAGS=0x0000000000010206

Top of Stack: (sp=0x000000005774c1c0)
0x000000005774c1c0:   00000000000000da 0000000061a80530
0x000000005774c1d0:   0000000000000000 0000000061bd18e0
0x000000005774c1e0:   0000000000000001 0000000000000600
0x000000005774c1f0:   0000000000000180 00000000000000c0
0x000000005774c200:   000000005a286870 0000000056e16bf0
0x000000005774c210:   00000000000006c8 0000000061a80530
0x000000005774c220:   000000005774c4e0 000000005f1e2a80
0x000000005774c230:   0000000000000020 0000000000000009
0x000000005774c240:   000000005f1e5fe0 00000000000000da
0x000000005774c250:   0000000061d3e9b8 0000000055df598d
0x000000005774c260:   000000005f1e5fe0 000000000000001c
0x000000005774c270:   00000000000000da 000000005774c4e0
0x000000005774c280:   0000000061a849c0 00000000000000da
0x000000005774c290:   000000005f1e2a80 0000000000000020
0x000000005774c2a0:   000000006199b598 000000005774e850
0x000000005774c2b0:   000000006199bbc8 000000005f1e5fe0 

Instructions: (pc=0x0000000055df4db2)
0x0000000055df4d92:   c6 48 63 f0 48 03 f1 eb 04 48 83 ce ff 48 8b 84
0x0000000055df4da2:   24 a0 00 00 00 48 8b 40 08 48 8b 3c 03 48 8b cf
0x0000000055df4db2:   48 8b 07 ff 50 28 4c 8d 05 41 b2 bd ff 48 63 50
0x0000000055df4dc2:   10 4c 8b d8 48 8b ca 48 c1 e1 05 42 80 bc 01 c0 


Register to memory mapping:

RAX=0x000000005f1e5908 is an unknown value
RBX=0x0000000000000600 is an unknown value
RCX=0x0000000000000000 is an unknown value
RDX=0x0000000061a849c0 is an unknown value
RSP=0x000000005774c1c0 is pointing into the stack for thread: 0x0000000056e20000
RBP=0x00000000000000c0 is an unknown value
RSI=0x00000000000000b8 is an unknown value
RDI=0x0000000000000000 is an unknown value
R8 =0x00000000559d0000 is an unknown value
R9 =0x000000005774c4e0 is pointing into the stack for thread: 0x0000000056e20000
R10=0x00000000ffffffff is an unknown value
R11=0x0000000056e238a0 is an unknown value
R12=0x000000005f1e6010 is an unknown value
R13=0x0000000061d3e9b8 is an unknown value
R14=0x0000000000000008 is an unknown value
R15=0x0000000061d3e9b8 is an unknown value


Stack: [0x0000000057650000,0x0000000057750000],  sp=0x000000005774c1c0,  free space=1008k
Native frames: (J=compiled Java code, j=interpreted, Vv=VM code, C=native code)
V  [jvm.dll+0x424db2]
V  [jvm.dll+0x42598d]
V  [jvm.dll+0x425ecf]
V  [jvm.dll+0x4c5a84]
V  [jvm.dll+0x4415bc]
V  [jvm.dll+0x443a29]
V  [jvm.dll+0x427722]
V  [jvm.dll+0x96982]
V  [jvm.dll+0x97173]
V  [jvm.dll+0x2234b4]
V  [jvm.dll+0x27bcca]
C  [msvcr100.dll+0x21d9f]
C  [msvcr100.dll+0x21e3b]
C  [kernel32.dll+0x159ed]
C  [ntdll.dll+0x2c541]


Current CompileTask:
C2:  41317 6726       4       groovy.lang.MetaClassImpl::findPropertyMethod (356 bytes)


---------------  P R O C E S S  ---------------

Java Threads: ( => current thread )
  0x000000005a581000 JavaThread "com.oumuo.SecurityGroup.data" daemon [_thread_blocked, id=2780, stack(0x0000000060c70000,0x0000000060d70000)]
  0x000000005a580800 JavaThread "com.oumuo.Authority.data" daemon [_thread_blocked, id=10016, stack(0x0000000060960000,0x0000000060a60000)]
  0x00000000591ad000 JavaThread "net.sf.ehcache.CacheManager@538c2463" daemon [_thread_blocked, id=1544, stack(0x0000000060480000,0x0000000060580000)]
  0x000000005c567000 JavaThread "PoolCleaner[1070157899:1429396044297]" daemon [_thread_blocked, id=8044, stack(0x000000005fb30000,0x000000005fc30000)]
  0x000000005a23b000 JavaThread "FileSystemWatcher: files=#279 cl=groovy.lang.GroovyClassLoader@3fc9504b" daemon [_thread_blocked, id=4852, stack(0x000000005b9f0000,0x000000005baf0000)]
  0x000000005aa25000 JavaThread "localhost-startStop-1" daemon [_thread_in_vm, id=8892, stack(0x0000000058370000,0x0000000058470000)]
  0x0000000059dfc800 JavaThread "Tomcat-startStop-1" daemon [_thread_blocked, id=6196, stack(0x000000005b860000,0x000000005b960000)]
  0x0000000059fde000 JavaThread "Thread-3" [_thread_in_native, id=7512, stack(0x000000005b550000,0x000000005b650000)]
  0x0000000058e08000 JavaThread "Thread-2" [_thread_blocked, id=7836, stack(0x000000005b1a0000,0x000000005b2a0000)]
  0x0000000057fdf000 JavaThread "NonBlockingInputStreamThread" daemon [_thread_blocked, id=5456, stack(0x0000000058890000,0x0000000058990000)]
  0x0000000056f18000 JavaThread "Service Thread" daemon [_thread_blocked, id=7084, stack(0x00000000577c0000,0x00000000578c0000)]
  0x0000000056e5f000 JavaThread "C1 CompilerThread2" daemon [_thread_in_vm, id=712, stack(0x0000000057510000,0x0000000057610000)]
=>0x0000000056e20000 JavaThread "C2 CompilerThread1" daemon [_thread_in_native, id=8320, stack(0x0000000057650000,0x0000000057750000)]
  0x0000000056e1f000 JavaThread "C2 CompilerThread0" daemon [_thread_in_native, id=5808, stack(0x0000000056570000,0x0000000056670000)]
  0x0000000056d24800 JavaThread "Attach Listener" daemon [_thread_blocked, id=9480, stack(0x0000000057380000,0x0000000057480000)]
  0x0000000054d27800 JavaThread "Signal Dispatcher" daemon [_thread_blocked, id=7768, stack(0x0000000057200000,0x0000000057300000)]
  0x0000000054cc6800 JavaThread "Finalizer" daemon [_thread_blocked, id=7700, stack(0x0000000056a10000,0x0000000056b10000)]
  0x0000000054cbb800 JavaThread "Reference Handler" daemon [_thread_blocked, id=9600, stack(0x0000000056890000,0x0000000056990000)]
  0x000000000288a000 JavaThread "main" [_thread_blocked, id=4616, stack(0x0000000002af0000,0x0000000002bf0000)]

Other Threads:
  0x0000000054cb8000 VMThread [stack: 0x00000000566d0000,0x00000000567d0000] [id=9772]
  0x0000000056f1a800 WatcherThread [stack: 0x0000000057a50000,0x0000000057b50000] [id=4652]

VM state:not at safepoint (normal execution)

VM Mutex/Monitor currently owned by a thread: None

Heap:
 PSYoungGen      total 227328K, used 127862K [0x00000000f0000000, 0x0000000100000000, 0x0000000100000000)
  eden space 196608K, 49% used [0x00000000f0000000,0x00000000f5f5af08,0x00000000fc000000)
  from space 30720K, 98% used [0x00000000fc000000,0x00000000fdd829d0,0x00000000fde00000)
  to   space 34816K, 0% used [0x00000000fde00000,0x00000000fde00000,0x0000000100000000)
 ParOldGen       total 116224K, used 103778K [0x00000000d0000000, 0x00000000d7180000, 0x00000000f0000000)
  object space 116224K, 89% used [0x00000000d0000000,0x00000000d6558920,0x00000000d7180000)
 Metaspace       used 69284K, capacity 71042K, committed 71424K, reserved 1112064K
  class space    used 7310K, capacity 7835K, committed 7936K, reserved 1048576K

Card table byte_map: [0x00000000121d0000,0x0000000012360000] byte_map_base: 0x0000000011b50000

Marking Bits: (ParMarkBitMap*) 0x00000000561812b0
 Begin Bits: [0x0000000012b30000, 0x0000000013730000)
 End Bits:   [0x0000000013730000, 0x0000000014330000)

Polling page: 0x00000000003b0000

CodeCache: size=245760Kb used=20812Kb max_used=21765Kb free=224947Kb
 bounds [0x0000000002e10000, 0x0000000004370000, 0x0000000011e10000]
 total_blobs=6549 nmethods=5785 adapters=675
 compilation: enabled

Compilation events (10 events):
Event: 41.223 Thread 0x0000000056e5f000 6732       2       sun.reflect.ClassFileAssembler::opc_swap (7 bytes)
Event: 41.223 Thread 0x0000000056e5f000 nmethod 6732 0x00000000033a27d0 code [0x00000000033a2940, 0x00000000033a2ae8]
Event: 41.224 Thread 0x0000000056e5f000 6733       2       sun.reflect.AccessorGenerator::emitMethod (275 bytes)
Event: 41.227 Thread 0x0000000056e5f000 nmethod 6733 0x00000000033c0990 code [0x00000000033c0da0, 0x00000000033c2238]
Event: 41.227 Thread 0x0000000056e5f000 6734       2       sun.reflect.ClassFileAssembler::getMaxStack (6 bytes)
Event: 41.227 Thread 0x0000000056e5f000 nmethod 6734 0x00000000032b66d0 code [0x00000000032b6820, 0x00000000032b6970]
Event: 41.227 Thread 0x0000000056e5f000 6735       2       sun.misc.URLClassPath$2::next (59 bytes)
Event: 41.227 Thread 0x0000000056e5f000 nmethod 6735 0x000000000348b950 code [0x000000000348bac0, 0x000000000348bd38]
Event: 41.238 Thread 0x0000000056e20000 nmethod 6711 0x0000000003e0c010 code [0x0000000003e0c360, 0x0000000003e0f2d8]
Event: 41.238 Thread 0x0000000056e20000 6726       4       groovy.lang.MetaClassImpl::findPropertyMethod (356 bytes)

GC Heap History (10 events):
Event: 35.144 GC heap before
{Heap before GC invocations=52 (full 7):
 PSYoungGen      total 237568K, used 214730K [0x00000000f0000000, 0x0000000100000000, 0x0000000100000000)
  eden space 211456K, 99% used [0x00000000f0000000,0x00000000fcd54468,0x00000000fce80000)
  from space 26112K, 17% used [0x00000000fe680000,0x00000000feade5b0,0x0000000100000000)
  to   space 24576K, 0% used [0x00000000fce80000,0x00000000fce80000,0x00000000fe680000)
 ParOldGen       total 116224K, used 97012K [0x00000000d0000000, 0x00000000d7180000, 0x00000000f0000000)
  object space 116224K, 83% used [0x00000000d0000000,0x00000000d5ebd248,0x00000000d7180000)
 Metaspace       used 63208K, capacity 64858K, committed 65152K, reserved 1107968K
  class space    used 6557K, capacity 7011K, committed 7040K, reserved 1048576K
Event: 35.227 GC heap after
Heap after GC invocations=52 (full 7):
 PSYoungGen      total 222208K, used 10737K [0x00000000f0000000, 0x00000000ffc80000, 0x0000000100000000)
  eden space 211456K, 0% used [0x00000000f0000000,0x00000000f0000000,0x00000000fce80000)
  from space 10752K, 99% used [0x00000000fce80000,0x00000000fd8fc478,0x00000000fd900000)
  to   space 23552K, 0% used [0x00000000fe580000,0x00000000fe580000,0x00000000ffc80000)
 ParOldGen       total 116224K, used 97508K [0x00000000d0000000, 0x00000000d7180000, 0x00000000f0000000)
  object space 116224K, 83% used [0x00000000d0000000,0x00000000d5f391b0,0x00000000d7180000)
 Metaspace       used 63208K, capacity 64858K, committed 65152K, reserved 1107968K
  class space    used 6557K, capacity 7011K, committed 7040K, reserved 1048576K
}
Event: 36.556 GC heap before
{Heap before GC invocations=53 (full 7):
 PSYoungGen      total 222208K, used 222193K [0x00000000f0000000, 0x00000000ffc80000, 0x0000000100000000)
  eden space 211456K, 100% used [0x00000000f0000000,0x00000000fce80000,0x00000000fce80000)
  from space 10752K, 99% used [0x00000000fce80000,0x00000000fd8fc478,0x00000000fd900000)
  to   space 23552K, 0% used [0x00000000fe580000,0x00000000fe580000,0x00000000ffc80000)
 ParOldGen       total 116224K, used 97508K [0x00000000d0000000, 0x00000000d7180000, 0x00000000f0000000)
  object space 116224K, 83% used [0x00000000d0000000,0x00000000d5f391b0,0x00000000d7180000)
 Metaspace       used 64785K, capacity 66414K, committed 66688K, reserved 1107968K
  class space    used 6727K, capacity 7209K, committed 7296K, reserved 1048576K
Event: 36.603 GC heap after
Heap after GC invocations=53 (full 7):
 PSYoungGen      total 233472K, used 18458K [0x00000000f0000000, 0x0000000100000000, 0x0000000100000000)
  eden space 209920K, 0% used [0x00000000f0000000,0x00000000f0000000,0x00000000fcd00000)
  from space 23552K, 78% used [0x00000000fe580000,0x00000000ff786948,0x00000000ffc80000)
  to   space 25088K, 0% used [0x00000000fcd00000,0x00000000fcd00000,0x00000000fe580000)
 ParOldGen       total 116224K, used 97516K [0x00000000d0000000, 0x00000000d7180000, 0x00000000f0000000)
  object space 116224K, 83% used [0x00000000d0000000,0x00000000d5f3b1b0,0x00000000d7180000)
 Metaspace       used 64785K, capacity 66414K, committed 66688K, reserved 1107968K
  class space    used 6727K, capacity 7209K, committed 7296K, reserved 1048576K
}
Event: 37.643 GC heap before
{Heap before GC invocations=54 (full 7):
 PSYoungGen      total 233472K, used 228378K [0x00000000f0000000, 0x0000000100000000, 0x0000000100000000)
  eden space 209920K, 100% used [0x00000000f0000000,0x00000000fcd00000,0x00000000fcd00000)
  from space 23552K, 78% used [0x00000000fe580000,0x00000000ff786948,0x00000000ffc80000)
  to   space 25088K, 0% used [0x00000000fcd00000,0x00000000fcd00000,0x00000000fe580000)
 ParOldGen       total 116224K, used 97516K [0x00000000d0000000, 0x00000000d7180000, 0x00000000f0000000)
  object space 116224K, 83% used [0x00000000d0000000,0x00000000d5f3b1b0,0x00000000d7180000)
 Metaspace       used 65770K, capacity 67522K, committed 67840K, reserved 1110016K
  class space    used 6861K, capacity 7356K, committed 7424K, reserved 1048576K
Event: 37.730 GC heap after
Heap after GC invocations=54 (full 7):
 PSYoungGen      total 235008K, used 20354K [0x00000000f0000000, 0x0000000100000000, 0x0000000100000000)
  eden space 209920K, 0% used [0x00000000f0000000,0x00000000f0000000,0x00000000fcd00000)
  from space 25088K, 81% used [0x00000000fcd00000,0x00000000fe0e0a10,0x00000000fe580000)
  to   space 26624K, 0% used [0x00000000fe600000,0x00000000fe600000,0x0000000100000000)
 ParOldGen       total 116224K, used 97524K [0x00000000d0000000, 0x00000000d7180000, 0x00000000f0000000)
  object space 116224K, 83% used [0x00000000d0000000,0x00000000d5f3d1b0,0x00000000d7180000)
 Metaspace       used 65770K, capacity 67522K, committed 67840K, reserved 1110016K
  class space    used 6861K, capacity 7356K, committed 7424K, reserved 1048576K
}
Event: 39.609 GC heap before
{Heap before GC invocations=55 (full 7):
 PSYoungGen      total 235008K, used 230274K [0x00000000f0000000, 0x0000000100000000, 0x0000000100000000)
  eden space 209920K, 100% used [0x00000000f0000000,0x00000000fcd00000,0x00000000fcd00000)
  from space 25088K, 81% used [0x00000000fcd00000,0x00000000fe0e0a10,0x00000000fe580000)
  to   space 26624K, 0% used [0x00000000fe600000,0x00000000fe600000,0x0000000100000000)
 ParOldGen       total 116224K, used 97524K [0x00000000d0000000, 0x00000000d7180000, 0x00000000f0000000)
  object space 116224K, 83% used [0x00000000d0000000,0x00000000d5f3d1b0,0x00000000d7180000)
 Metaspace       used 67671K, capacity 69332K, committed 69632K, reserved 1112064K
  class space    used 7107K, capacity 7593K, committed 7680K, reserved 1048576K
Event: 39.709 GC heap after
Heap after GC invocations=55 (full 7):
 PSYoungGen      total 223232K, used 26608K [0x00000000f0000000, 0x0000000100000000, 0x0000000100000000)
  eden space 196608K, 0% used [0x00000000f0000000,0x00000000f0000000,0x00000000fc000000)
  from space 26624K, 99% used [0x00000000fe600000,0x00000000ffffc300,0x0000000100000000)
  to   space 32768K, 0% used [0x00000000fc000000,0x00000000fc000000,0x00000000fe000000)
 ParOldGen       total 116224K, used 103202K [0x00000000d0000000, 0x00000000d7180000, 0x00000000f0000000)
  object space 116224K, 88% used [0x00000000d0000000,0x00000000d64c8920,0x00000000d7180000)
 Metaspace       used 67671K, capacity 69332K, committed 69632K, reserved 1112064K
  class space    used 7107K, capacity 7593K, committed 7680K, reserved 1048576K
}
Event: 40.584 GC heap before
{Heap before GC invocations=56 (full 7):
 PSYoungGen      total 223232K, used 222498K [0x00000000f0000000, 0x0000000100000000, 0x0000000100000000)
  eden space 196608K, 99% used [0x00000000f0000000,0x00000000fbf4c7d0,0x00000000fc000000)
  from space 26624K, 99% used [0x00000000fe600000,0x00000000ffffc300,0x0000000100000000)
  to   space 32768K, 0% used [0x00000000fc000000,0x00000000fc000000,0x00000000fe000000)
 ParOldGen       total 116224K, used 103202K [0x00000000d0000000, 0x00000000d7180000, 0x00000000f0000000)
  object space 116224K, 88% used [0x00000000d0000000,0x00000000d64c8920,0x00000000d7180000)
 Metaspace       used 68391K, capacity 70076K, committed 70528K, reserved 1112064K
  class space    used 7200K, capacity 7693K, committed 7808K, reserved 1048576K
Event: 40.642 GC heap after
Heap after GC invocations=56 (full 7):
 PSYoungGen      total 227328K, used 30218K [0x00000000f0000000, 0x0000000100000000, 0x0000000100000000)
  eden space 196608K, 0% used [0x00000000f0000000,0x00000000f0000000,0x00000000fc000000)
  from space 30720K, 98% used [0x00000000fc000000,0x00000000fdd829d0,0x00000000fde00000)
  to   space 34816K, 0% used [0x00000000fde00000,0x00000000fde00000,0x0000000100000000)
 ParOldGen       total 116224K, used 103778K [0x00000000d0000000, 0x00000000d7180000, 0x00000000f0000000)
  object space 116224K, 89% used [0x00000000d0000000,0x00000000d6558920,0x00000000d7180000)
 Metaspace       used 68391K, capacity 70076K, committed 70528K, reserved 1112064K
  class space    used 7200K, capacity 7693K, committed 7808K, reserved 1048576K
}

Deoptimization events (10 events):
Event: 36.928 Thread 0x000000005aa25000 Uncommon trap: reason=class_check action=maybe_recompile pc=0x0000000003c81864 method=sl.org.objectweb.asm.ClassReader.a(Lsl/org/objectweb/asm/MethodVisitor;Lsl/org/objectweb/asm/Context;I)V @ 1945
Event: 36.928 Thread 0x000000005aa25000 Uncommon trap: reason=class_check action=maybe_recompile pc=0x0000000003c81864 method=sl.org.objectweb.asm.ClassReader.a(Lsl/org/objectweb/asm/MethodVisitor;Lsl/org/objectweb/asm/Context;I)V @ 1945
Event: 36.928 Thread 0x000000005aa25000 Uncommon trap: reason=class_check action=maybe_recompile pc=0x0000000003c81864 method=sl.org.objectweb.asm.ClassReader.a(Lsl/org/objectweb/asm/MethodVisitor;Lsl/org/objectweb/asm/Context;I)V @ 1945
Event: 37.909 Thread 0x000000005aa25000 Uncommon trap: reason=unreached action=reinterpret pc=0x0000000004079ed0 method=org.codehaus.groovy.runtime.metaclass.MetaMethodIndex.getMethods(Ljava/lang/Class;Ljava/lang/String;)Lorg/codehaus/groovy/runtime/metaclass/MetaMethodIndex$Entry; @ 61
Event: 37.918 Thread 0x000000005aa25000 Uncommon trap: reason=unreached action=reinterpret pc=0x0000000003f4b1f4 method=org.codehaus.groovy.runtime.metaclass.MetaMethodIndex.getMethods(Ljava/lang/Class;Ljava/lang/String;)Lorg/codehaus/groovy/runtime/metaclass/MetaMethodIndex$Entry; @ 61
Event: 38.373 Thread 0x000000005aa25000 Uncommon trap: reason=unreached action=reinterpret pc=0x0000000003e36258 method=org.springframework.beans.factory.support.AbstractAutowireCapableBeanFactory.predictBeanType(Ljava/lang/String;Lorg/springframework/beans/factory/support/RootBeanDefinition;[LjëñèXRC@
Event: 38.641 Thread 0x000000005aa25000 Uncommon trap: reason=class_check action=maybe_recompile pc=0x0000000003fcdd08 method=sun.reflect.generics.factory.CoreReflectionFactory.findTypeVariable(Ljava/lang/String;)Ljava/lang/reflect/TypeVariable; @ 5
Event: 38.641 Thread 0x000000005aa25000 Uncommon trap: reason=class_check action=maybe_recompile pc=0x0000000003fcdd08 method=sun.reflect.generics.factory.CoreReflectionFactory.findTypeVariable(Ljava/lang/String;)Ljava/lang/reflect/TypeVariable; @ 5
Event: 40.846 Thread 0x000000005aa25000 Uncommon trap: reason=class_check action=maybe_recompile pc=0x0000000003fcdd08 method=sun.reflect.generics.factory.CoreReflectionFactory.findTypeVariable(Ljava/lang/String;)Ljava/lang/reflect/TypeVariable; @ 5
Event: 40.846 Thread 0x000000005aa25000 Uncommon trap: reason=class_check action=maybe_recompile pc=0x0000000003fcdd08 method=sun.reflect.generics.factory.CoreReflectionFactory.findTypeVariable(Ljava/lang/String;)Ljava/lang/reflect/TypeVariable; @ 5

Internal exceptions (10 events):
Event: 41.271 Thread 0x000000005aa25000 Exception <a 'java/security/PrivilegedActionException'> (0x00000000f5448338) thrown at [C:\re\workspace\8-2-build-windows-amd64-cygwin\jdk8u11\648\hotspot\src\share\vm\prims\jvm.cpp, line 1248]
Event: 41.271 Thread 0x000000005aa25000 Exception <a 'java/security/PrivilegedActionException'> (0x00000000f544c868) thrown at [C:\re\workspace\8-2-build-windows-amd64-cygwin\jdk8u11\648\hotspot\src\share\vm\prims\jvm.cpp, line 1248]
Event: 41.276 Thread 0x000000005aa25000 Exception <a 'java/security/PrivilegedActionException'> (0x00000000f54642a8) thrown at [C:\re\workspace\8-2-build-windows-amd64-cygwin\jdk8u11\648\hotspot\src\share\vm\prims\jvm.cpp, line 1248]
Event: 41.276 Thread 0x000000005aa25000 Exception <a 'java/security/PrivilegedActionException'> (0x00000000f5468ce0) thrown at [C:\re\workspace\8-2-build-windows-amd64-cygwin\jdk8u11\648\hotspot\src\share\vm\prims\jvm.cpp, line 1248]
Event: 41.277 Thread 0x000000005aa25000 Exception <a 'java/security/PrivilegedActionException'> (0x00000000f5472a70) thrown at [C:\re\workspace\8-2-build-windows-amd64-cygwin\jdk8u11\648\hotspot\src\share\vm\prims\jvm.cpp, line 1248]
Event: 41.278 Thread 0x000000005aa25000 Exception <a 'java/security/PrivilegedActionException'> (0x00000000f5476c28) thrown at [C:\re\workspace\8-2-build-windows-amd64-cygwin\jdk8u11\648\hotspot\src\share\vm\prims\jvm.cpp, line 1248]
Event: 41.278 Thread 0x000000005aa25000 Exception <a 'java/security/PrivilegedActionException'> (0x00000000f5480440) thrown at [C:\re\workspace\8-2-build-windows-amd64-cygwin\jdk8u11\648\hotspot\src\share\vm\prims\jvm.cpp, line 1248]
Event: 41.279 Thread 0x000000005aa25000 Exception <a 'java/security/PrivilegedActionException'> (0x00000000f54845f8) thrown at [C:\re\workspace\8-2-build-windows-amd64-cygwin\jdk8u11\648\hotspot\src\share\vm\prims\jvm.cpp, line 1248]
Event: 41.279 Thread 0x000000005aa25000 Exception <a 'java/security/PrivilegedActionException'> (0x00000000f548fc68) thrown at [C:\re\workspace\8-2-build-windows-amd64-cygwin\jdk8u11\648\hotspot\src\share\vm\prims\jvm.cpp, line 1248]
Event: 41.279 Thread 0x000000005aa25000 Exception <a 'java/security/PrivilegedActionException'> (0x00000000f54937c0) thrown at [C:\re\workspace\8-2-build-windows-amd64-cygwin\jdk8u11\648\hotspot\src\share\vm\prims\jvm.cpp, line 1248]

Events (10 events):
Event: 41.271 loading class org/springframework/jdbc/support/SQLErrorCodeSQLExceptionTranslator
Event: 41.271 loading class org/springframework/jdbc/support/SQLErrorCodeSQLExceptionTranslator done
Event: 41.276 loading class org/springframework/jdbc/support/AbstractFallbackSQLExceptionTranslator
Event: 41.276 loading class org/springframework/jdbc/support/AbstractFallbackSQLExceptionTranslator done
Event: 41.277 loading class org/springframework/jdbc/support/SQLExceptionSubclassTranslator
Event: 41.277 loading class org/springframework/jdbc/support/SQLExceptionSubclassTranslator done
Event: 41.278 loading class org/springframework/jdbc/support/SQLStateSQLExceptionTranslator
Event: 41.278 loading class org/springframework/jdbc/support/SQLStateSQLExceptionTranslator done
Event: 41.279 loading class org/springframework/jdbc/support/SQLErrorCodesFactory
Event: 41.279 loading class org/springframework/jdbc/support/SQLErrorCodesFactory done


Dynamic libraries:
0x000000013f480000 - 0x000000013f4b4000 	C:\Program Files\Java\jdk1.8.0_11\bin\java.exe
0x0000000077430000 - 0x00000000775d9000 	C:\Windows\SYSTEM32\ntdll.dll
0x0000000077310000 - 0x000000007742f000 	C:\Windows\system32\kernel32.dll
0x000007fefd9a0000 - 0x000007fefda0c000 	C:\Windows\system32\KERNELBASE.dll
0x000007feff3b0000 - 0x000007feff48b000 	C:\Windows\system32\ADVAPI32.dll
0x000007fefdea0000 - 0x000007fefdf3f000 	C:\Windows\system32\msvcrt.dll
0x000007fefdc60000 - 0x000007fefdc7f000 	C:\Windows\SYSTEM32\sechost.dll
0x000007feff060000 - 0x000007feff18d000 	C:\Windows\system32\RPCRT4.dll
0x0000000077210000 - 0x000000007730a000 	C:\Windows\system32\USER32.dll
0x000007fefdd80000 - 0x000007fefdde7000 	C:\Windows\system32\GDI32.dll
0x000007feff3a0000 - 0x000007feff3ae000 	C:\Windows\system32\LPK.dll
0x000007feff490000 - 0x000007feff559000 	C:\Windows\system32\USP10.dll
0x000007fefbe90000 - 0x000007fefc084000 	C:\Windows\WinSxS\amd64_microsoft.windows.common-controls_6595b64144ccf1df_6.0.7601.17514_none_fa396087175ac9ac\COMCTL32.dll
0x000007fefdd00000 - 0x000007fefdd71000 	C:\Windows\system32\SHLWAPI.dll
0x000007fefdcd0000 - 0x000007fefdcfe000 	C:\Windows\system32\IMM32.DLL
0x000007fefeeb0000 - 0x000007fefefb9000 	C:\Windows\system32\MSCTF.dll
0x0000000180000000 - 0x000000018001c000 	C:\Windows\system32\btpload64.dll
0x00000000775f0000 - 0x00000000775f7000 	C:\Windows\system32\PSAPI.DLL
0x0000000000330000 - 0x000000000035c000 	C:\Windows\system32\privman64.dll
0x000007fefd7e0000 - 0x000007fefd7ec000 	C:\Windows\system32\VERSION.dll
0x000007fefdf40000 - 0x000007fefecc9000 	C:\Windows\system32\SHELL32.dll
0x000007fefd7c0000 - 0x000007fefd7de000 	C:\Windows\system32\USERENV.dll
0x000007fefd890000 - 0x000007fefd89f000 	C:\Windows\system32\profapi.dll
0x000000006ed90000 - 0x000000006ee62000 	C:\Program Files\Java\jdk1.8.0_11\jre\bin\msvcr100.dll
0x00000000559d0000 - 0x00000000561fa000 	C:\Program Files\Java\jdk1.8.0_11\jre\bin\server\jvm.dll
0x000007fefcd70000 - 0x000007fefcd79000 	C:\Windows\system32\WSOCK32.dll
0x000007fefdc80000 - 0x000007fefdccd000 	C:\Windows\system32\WS2_32.dll
0x000007fefddf0000 - 0x000007fefddf8000 	C:\Windows\system32\NSI.dll
0x000007fefb3d0000 - 0x000007fefb40b000 	C:\Windows\system32\WINMM.dll
0x00000000707c0000 - 0x00000000707cf000 	C:\Program Files\Java\jdk1.8.0_11\jre\bin\verify.dll
0x0000000070790000 - 0x00000000707b8000 	C:\Program Files\Java\jdk1.8.0_11\jre\bin\java.dll
0x0000000070500000 - 0x0000000070523000 	C:\Program Files\Java\jdk1.8.0_11\jre\bin\instrument.dll
0x0000000070460000 - 0x0000000070476000 	C:\Program Files\Java\jdk1.8.0_11\jre\bin\zip.dll
0x0000000056b10000 - 0x0000000056d13000 	C:\Windows\system32\ole32.dll
0x000007fefd130000 - 0x000007fefd147000 	C:\Windows\system32\CRYPTSP.dll
0x000007fefce30000 - 0x000007fefce77000 	C:\Windows\system32\rsaenh.dll
0x000007fefd790000 - 0x000007fefd79f000 	C:\Windows\system32\CRYPTBASE.dll
0x0000000070440000 - 0x000000007045a000 	C:\Program Files\Java\jdk1.8.0_11\jre\bin\net.dll
0x000007fefd0d0000 - 0x000007fefd125000 	C:\Windows\system32\mswsock.dll
0x000007fefd0c0000 - 0x000007fefd0c7000 	C:\Windows\System32\wship6.dll
0x000007fefc460000 - 0x000007fefc487000 	C:\Windows\system32\IPHLPAPI.DLL
0x000007fefc450000 - 0x000007fefc45b000 	C:\Windows\system32\WINNSI.DLL
0x000007fefadd0000 - 0x000007fefade8000 	C:\Windows\system32\dhcpcsvc.DLL
0x000007fefae10000 - 0x000007fefae21000 	C:\Windows\system32\dhcpcsvc6.DLL
0x0000000070420000 - 0x0000000070431000 	C:\Program Files\Java\jdk1.8.0_11\jre\bin\nio.dll
0x000007fefc580000 - 0x000007fefc58a000 	C:\Users\rgopal\AppData\Local\Temp\jansi-64-6871342734180352051.dll
0x0000000070780000 - 0x000000007078d000 	C:\Program Files\Java\jdk1.8.0_11\jre\bin\management.dll
0x000007fefc950000 - 0x000007fefc957000 	C:\Windows\System32\wshtcpip.dll
0x000007fefcf50000 - 0x000007fefcfab000 	C:\Windows\system32\DNSAPI.dll
0x0000000074b00000 - 0x0000000074b26000 	C:\Program Files\Bonjour\mdnsNSP.dll
0x000007fefae00000 - 0x000007fefae08000 	C:\Windows\system32\rasadhlp.dll
0x000007fefad70000 - 0x000007fefadc3000 	C:\Windows\System32\fwpuclnt.dll
0x000007fefaf50000 - 0x000007fefaf65000 	C:\Windows\system32\NLAapi.dll
0x000007fefaf30000 - 0x000007fefaf45000 	C:\Windows\system32\napinsp.dll
0x000007fefaea0000 - 0x000007fefaeb9000 	C:\Windows\system32\pnrpnsp.dll
0x000007fefae90000 - 0x000007fefae9b000 	C:\Windows\System32\winrnr.dll
0x000007fefae80000 - 0x000007fefae90000 	C:\Windows\system32\wshbth.dll
0x000007fef3a30000 - 0x000007fef3b55000 	C:\Windows\system32\dbghelp.dll

VM Arguments:
jvm_args: -Dfile.encoding=UTF-8 -Xmx768M -Xms64M -Dgrails.fork.parent.process.port=59482 -Dgrails.fork.active=true -Dgrails.build.execution.context=C:\Users\rgopal\AppData\Local\Temp\central8884410743829360395grails-execution-context -Dgrails.home=C:\Users\rgopal\Documents\grails-2.4.4\grails-2.4.4 -javaagent:C:\Users\rgopal\Documents\grails-2.4.4\grails-2.4.4\lib\org.springframework\springloaded\jars\springloaded-1.2.1.RELEASE.jar -Xverify:none -Dspringloaded.synchronize=true -Djdk.reflect.allowGetCallerClass=true -Dspringloaded=profile=grails;cacheDir=C:\Users\rgopal/.grails/2.4.4/ 
java_command: org.grails.plugins.tomcat.fork.ForkedTomcatServer
java_class_path (initial): C:\Program Files\Java\jdk1.8.0_11\lib\tools.jar;C:\Users\rgopal\Documents\grails-2.4.4\grails-2.4.4\lib\org.codehaus.groovy\groovy-all\jars\groovy-all-2.3.7.jar;C:\Users\rgopal\Documents\grails-2.4.4\grails-2.4.4\lib\org.slf4j\jcl-over-slf4j\jars\jcl-over-slf4j-1.7.5.jar;C:\Users\rgopal\Documents\grails-2.4.4\grails-2.4.4\lib\org.codehaus.gant\gant_groovy1.8\jars\gant_groovy1.8-1.9.6.jar;C:\Users\rgopal\Documents\grails-2.4.4\grails-2.4.4\lib\org.apache.tomcat.embed\tomcat-embed-logging-log4j\jars\tomcat-embed-logging-log4j-7.0.50.jar;C:\Users\rgopal\Documents\grails-2.4.4\grails-2.4.4\dist\grails-plugin-log4j-2.4.4.jar;C:\Users\rgopal\Documents\grails-2.4.4\grails-2.4.4\lib\log4j\log4j\jars\log4j-1.2.17.jar;C:\Users\rgopal\Documents\grails-2.4.4\grails-2.4.4\dist\grails-bootstrap-2.4.4.jar;C:\Users\rgopal\Documents\grails-2.4.4\grails-2.4.4\lib\org.slf4j\slf4j-api\jars\slf4j-api-1.7.5.jar;C:\Users\rgopal\Documents\grails-2.4.4\grails-2.4.4\lib\jline\jline\jars\jline-2.12.jar;C:\Users\rgopal\Documents\grails-2.4.4\grails-2.4.4\lib\org.apache.ant\ant\jars\ant-1.8.4.jar;C:\Users\rgopal\Documents\grails-2.4.4\grails-2.4.4\lib\org.apache.ant\ant-launcher\jars\ant-launcher-1.8.4.jar;C:\Users\rgopal\Documents\grails-2.4.4\grails-2.4.4\lib\org.apache.ant\ant-trax\jars\ant-trax-1.7.1.jar;C:\Users\rgopal\Documents\grails-2.4.4\grails-2.4.4\lib\org.apache.ant\ant-junit\jars\ant-junit-1.8.4.jar;C:\Users\rgopal\Documents\grails-2.4.4\grails-2.4.4\lib\org.apache.ivy\ivy\jars\ivy-2.3.0.jar;C:\Users\rgopal\Documents\grails-2.4.4\grails-2.4.4\lib\org.fusesource.jansi\jansi\jars\jansi-1.11.jar;C:\Users\rgopal\.m2\repository\org\apache\tomcat\tomcat-catalina-ant\7.0.55\tomcat-catalina-ant-7.0.55.jar;C:\Users\rgopal\.m2\repository\org\apache\tomcat\embed\tomcat-embed-jasper\7.0.55\tomcat-embed-jasper-7.0.55.jar;C:\Users\rgopal\.m2\repository\org\apache\tomcat\embed\tomcat-embed-el\7.0.55\tomcat-embed-el-7.0.55.jar;C:\Users\rgopal\.m2\repository\org\apache\
Launcher Type: SUN_STANDARD

Environment Variables:
JAVA_HOME=C:\Program Files\Java\jdk1.8.0_11
PATH=C:\Windows\system32;C:\Windows;C:\Windows\System32\Wbem;C:\Windows\System32\WindowsPowerShell\v1.0\;C:\users\rgopal\My Documents\springsource\grails-2.3.5\bin\;c:\Program Files\Java\jdk1.7.0_51\bin\;C:\Program Files (x86)\MiKTeX 2.9\miktex\bin\
USERNAME=rgopal
OS=Windows_NT
PROCESSOR_IDENTIFIER=Intel64 Family 6 Model 37 Stepping 5, GenuineIntel



---------------  S Y S T E M  ---------------

OS: Windows 7 , 64 bit Build 7601 Service Pack 1

CPU:total 4 (2 cores per cpu, 2 threads per core) family 6 model 37 stepping 5, cmov, cx8, fxsr, mmx, sse, sse2, sse3, ssse3, sse4.1, sse4.2, popcnt, aes, clmul, ht, tsc, tscinvbit

Memory: 4k page, physical 8181608k(1847868k free), swap 16361352k(9176108k free)

vm_info: Java HotSpot(TM) 64-Bit Server VM (25.11-b03) for windows-amd64 JRE (1.8.0_11-b12), built on Jun 16 2014 20:57:32 by "java_re" with MS VC++ 10.0 (VS2010)

time: Sat Apr 18 18:27:40 2015
elapsed time: 41 seconds

