#
# A fatal error has been detected by the Java Runtime Environment:
#
#  EXCEPTION_ACCESS_VIOLATION (0xc0000005) at pc=0x000000005abd4db2, pid=7232, tid=11864
#
# JRE version: Java(TM) SE Runtime Environment (8.0_11-b12) (build 1.8.0_11-b12)
# Java VM: Java HotSpot(TM) 64-Bit Server VM (25.11-b03 mixed mode windows-amd64 compressed oops)
# Problematic frame:
# V  [jvm.dll+0x424db2]
#
# Failed to write core dump. Minidumps are not enabled by default on client versions of Windows
#
# If you would like to submit a bug report, please visit:
#   http://bugreport.sun.com/bugreport/crash.jsp
#

---------------  T H R E A D  ---------------

Current thread (0x00000000560dd800):  JavaThread "C2 CompilerThread0" daemon [_thread_in_native, id=11864, stack(0x0000000056590000,0x0000000056690000)]

siginfo: ExceptionCode=0xc0000005, reading address 0x0000000000000000

Registers:
RAX=0x00000000562dd8d8, RBX=0x0000000000000600, RCX=0x0000000000000000, RDX=0x000000005bee8440
RSP=0x000000005668c910, RBP=0x00000000000000c0, RSI=0x00000000000000b8, RDI=0x0000000000000000
R8 =0x000000005a7b0000, R9 =0x000000005668cc30, R10=0x00000000ffffffff, R11=0x00000000560e26f0
R12=0x00000000562ddfe0, R13=0x00000000590cb5b8, R14=0x0000000000000008, R15=0x00000000590cb5b8
RIP=0x000000005abd4db2, EFLAGS=0x0000000000010206

Top of Stack: (sp=0x000000005668c910)
0x000000005668c910:   00000000000000da 000000005bee3cf0
0x000000005668c920:   0000000000000020 0000000000000400
0x000000005668c930:   0000000000000001 0000000000000600
0x000000005668c940:   0000000000000180 00000000000000c0
0x000000005668c950:   0000000059e85480 00000000560d52f0
0x000000005668c960:   00000000000006b0 000000005bee3cf0
0x000000005668c970:   000000005668cc30 00000000562daa50
0x000000005668c980:   0000000000000020 0000000000000009
0x000000005668c990:   00000000562ddfb0 00000000000000da
0x000000005668c9a0:   00000000590cb5b8 000000005abd598d
0x000000005668c9b0:   00000000562ddfb0 000000000000001c
0x000000005668c9c0:   00000000000000da 000000005668cc30
0x000000005668c9d0:   000000005bee8440 00000000000000da
0x000000005668c9e0:   00000000562daa50 0000000000000020
0x000000005668c9f0:   0000000058670128 000000005668efa0
0x000000005668ca00:   0000000058670758 00000000562ddfb0 

Instructions: (pc=0x000000005abd4db2)
0x000000005abd4d92:   c6 48 63 f0 48 03 f1 eb 04 48 83 ce ff 48 8b 84
0x000000005abd4da2:   24 a0 00 00 00 48 8b 40 08 48 8b 3c 03 48 8b cf
0x000000005abd4db2:   48 8b 07 ff 50 28 4c 8d 05 41 b2 bd ff 48 63 50
0x000000005abd4dc2:   10 4c 8b d8 48 8b ca 48 c1 e1 05 42 80 bc 01 c0 


Register to memory mapping:

RAX=0x00000000562dd8d8 is an unknown value
RBX=0x0000000000000600 is an unknown value
RCX=0x0000000000000000 is an unknown value
RDX=0x000000005bee8440 is an unknown value
RSP=0x000000005668c910 is pointing into the stack for thread: 0x00000000560dd800
RBP=0x00000000000000c0 is an unknown value
RSI=0x00000000000000b8 is an unknown value
RDI=0x0000000000000000 is an unknown value
R8 =0x000000005a7b0000 is an unknown value
R9 =0x000000005668cc30 is pointing into the stack for thread: 0x00000000560dd800
R10=0x00000000ffffffff is an unknown value
R11=0x00000000560e26f0 is an unknown value
R12=0x00000000562ddfe0 is an unknown value
R13=0x00000000590cb5b8 is an unknown value
R14=0x0000000000000008 is an unknown value
R15=0x00000000590cb5b8 is an unknown value


Stack: [0x0000000056590000,0x0000000056690000],  sp=0x000000005668c910,  free space=1010k
Native frames: (J=compiled Java code, j=interpreted, Vv=VM code, C=native code)
V  [jvm.dll+0x424db2]
V  [jvm.dll+0x42598d]
V  [jvm.dll+0x425ecf]
V  [jvm.dll+0x4c5a84]
V  [jvm.dll+0x4415bc]
V  [jvm.dll+0x443a29]
V  [jvm.dll+0x427722]
V  [jvm.dll+0x96982]
V  [jvm.dll+0x97173]
V  [jvm.dll+0x2234b4]
V  [jvm.dll+0x27bcca]
C  [msvcr100.dll+0x21d9f]
C  [msvcr100.dll+0x21e3b]
C  [kernel32.dll+0x159ed]
C  [ntdll.dll+0x2c541]


Current CompileTask:
C2:  34584 6389       4       groovy.lang.MetaClassImpl::findPropertyMethod (356 bytes)


---------------  P R O C E S S  ---------------

Java Threads: ( => current thread )
  0x000000005dbe6000 JavaThread "com.oumuo.SecurityGroup.data" daemon [_thread_blocked, id=11912, stack(0x0000000060070000,0x0000000060170000)]
  0x000000005dbe5000 JavaThread "com.oumuo.Authority.data" daemon [_thread_blocked, id=9796, stack(0x000000005f0c0000,0x000000005f1c0000)]
  0x000000005dbe3000 JavaThread "net.sf.ehcache.CacheManager@7e731821" daemon [_thread_blocked, id=9612, stack(0x000000005fcd0000,0x000000005fdd0000)]
  0x000000005dbe1800 JavaThread "PoolCleaner[1430861186:1428624210529]" daemon [_thread_blocked, id=9784, stack(0x000000005b5c0000,0x000000005b6c0000)]
  0x0000000057f32000 JavaThread "FileSystemWatcher: files=#231 cl=groovy.lang.GroovyClassLoader@55493582" daemon [_thread_blocked, id=9984, stack(0x000000005b4b0000,0x000000005b5b0000)]
  0x0000000059569000 JavaThread "localhost-startStop-1" daemon [_thread_in_vm, id=11744, stack(0x000000005b360000,0x000000005b460000)]
  0x0000000059568000 JavaThread "Tomcat-startStop-1" daemon [_thread_blocked, id=11832, stack(0x000000005b200000,0x000000005b300000)]
  0x0000000057298800 JavaThread "Thread-3" [_thread_in_native, id=11780, stack(0x0000000057680000,0x0000000057780000)]
  0x0000000058994000 JavaThread "Thread-2" [_thread_blocked, id=11648, stack(0x000000005a450000,0x000000005a550000)]
  0x00000000571be000 JavaThread "NonBlockingInputStreamThread" daemon [_thread_blocked, id=2732, stack(0x0000000057ae0000,0x0000000057be0000)]
  0x00000000561b7800 JavaThread "Service Thread" daemon [_thread_blocked, id=12136, stack(0x0000000056a20000,0x0000000056b20000)]
  0x00000000560da800 JavaThread "C1 CompilerThread2" daemon [_thread_blocked, id=9000, stack(0x0000000056910000,0x0000000056a10000)]
  0x00000000560de800 JavaThread "C2 CompilerThread1" daemon [_thread_in_native, id=11612, stack(0x0000000056760000,0x0000000056860000)]
=>0x00000000560dd800 JavaThread "C2 CompilerThread0" daemon [_thread_in_native, id=11864, stack(0x0000000056590000,0x0000000056690000)]
  0x0000000055fe4800 JavaThread "Attach Listener" daemon [_thread_blocked, id=11856, stack(0x0000000056430000,0x0000000056530000)]
  0x0000000054c07800 JavaThread "Signal Dispatcher" daemon [_thread_blocked, id=11452, stack(0x0000000055dc0000,0x0000000055ec0000)]
  0x0000000054ba1000 JavaThread "Finalizer" daemon [_thread_blocked, id=9552, stack(0x0000000055ee0000,0x0000000055fe0000)]
  0x0000000054b9c000 JavaThread "Reference Handler" daemon [_thread_blocked, id=3840, stack(0x0000000055af0000,0x0000000055bf0000)]
  0x000000000288a000 JavaThread "main" [_thread_blocked, id=10916, stack(0x0000000002ba0000,0x0000000002ca0000)]

Other Threads:
  0x0000000054b98800 VMThread [stack: 0x0000000055c20000,0x0000000055d20000] [id=8704]
  0x000000005623c000 WatcherThread [stack: 0x0000000056ce0000,0x0000000056de0000] [id=6580]

VM state:not at safepoint (normal execution)

VM Mutex/Monitor currently owned by a thread: None

Heap:
 PSYoungGen      total 242176K, used 119776K [0x00000000f0000000, 0x0000000100000000, 0x0000000100000000)
  eden space 222208K, 44% used [0x00000000f0000000,0x00000000f617f450,0x00000000fd900000)
  from space 19968K, 99% used [0x00000000fd900000,0x00000000fec78e50,0x00000000fec80000)
  to   space 19968K, 0% used [0x00000000fec80000,0x00000000fec80000,0x0000000100000000)
 ParOldGen       total 109568K, used 95547K [0x00000000d0000000, 0x00000000d6b00000, 0x00000000f0000000)
  object space 109568K, 87% used [0x00000000d0000000,0x00000000d5d4ec60,0x00000000d6b00000)
 Metaspace       used 64837K, capacity 66520K, committed 66944K, reserved 1107968K
  class space    used 7026K, capacity 7523K, committed 7552K, reserved 1048576K

Card table byte_map: [0x0000000012060000,0x00000000121f0000] byte_map_base: 0x00000000119e0000

Marking Bits: (ParMarkBitMap*) 0x000000005af612b0
 Begin Bits: [0x0000000012890000, 0x0000000013490000)
 End Bits:   [0x0000000013490000, 0x0000000014090000)

Polling page: 0x0000000001cd0000

CodeCache: size=245760Kb used=20775Kb max_used=20775Kb free=224984Kb
 bounds [0x0000000002ca0000, 0x0000000004100000, 0x0000000011ca0000]
 total_blobs=6404 nmethods=5644 adapters=671
 compilation: enabled

Compilation events (10 events):
Event: 34.512 Thread 0x00000000560dd800 6389       4       groovy.lang.MetaClassImpl::findPropertyMethod (356 bytes)
Event: 34.513 Thread 0x00000000560da800 nmethod 6391 0x00000000040ddf50 code [0x00000000040de100, 0x00000000040de4e8]
Event: 34.513 Thread 0x00000000560da800 6392   !   2       org.springsource.loaded.MethodInvokerRewriter::rewrite (293 bytes)
Event: 34.515 Thread 0x00000000560da800 nmethod 6392 0x00000000040e2910 code [0x00000000040e2bc0, 0x00000000040e3678]
Event: 34.515 Thread 0x00000000560da800 6393       2       org.springsource.loaded.TypeRegistry::getPatternsFrom (168 bytes)
Event: 34.517 Thread 0x00000000560da800 nmethod 6393 0x00000000040e1090 code [0x00000000040e1320, 0x00000000040e1dc8]
Event: 34.521 Thread 0x00000000560da800 6396       2       groovy.lang.MetaClassImpl::isSetPropertyMethod (27 bytes)
Event: 34.521 Thread 0x00000000560da800 nmethod 6396 0x00000000040e0bd0 code [0x00000000040e0d60, 0x00000000040e0f68]
Event: 34.521 Thread 0x00000000560da800 6395       2       groovy.lang.MetaClassImpl::isInvokeMethod (27 bytes)
Event: 34.522 Thread 0x00000000560da800 nmethod 6395 0x00000000040e0710 code [0x00000000040e08a0, 0x00000000040e0aa8]

GC Heap History (10 events):
Event: 28.464 GC heap before
{Heap before GC invocations=52 (full 6):
 PSYoungGen      total 250368K, used 245324K [0x00000000f0000000, 0x0000000100000000, 0x0000000100000000)
  eden space 238592K, 97% used [0x00000000f0000000,0x00000000fe414c08,0x00000000fe900000)
  from space 11776K, 99% used [0x00000000fe900000,0x00000000ff47e4e8,0x00000000ff480000)
  to   space 11776K, 0% used [0x00000000ff480000,0x00000000ff480000,0x0000000100000000)
 ParOldGen       total 92672K, used 77361K [0x00000000d0000000, 0x00000000d5a80000, 0x00000000f0000000)
  object space 92672K, 83% used [0x00000000d0000000,0x00000000d4b8c5d0,0x00000000d5a80000)
 Metaspace       used 60050K, capacity 61594K, committed 61952K, reserved 1103872K
  class space    used 6406K, capacity 6866K, committed 6912K, reserved 1048576K
Event: 28.524 GC heap after
Heap after GC invocations=52 (full 6):
 PSYoungGen      total 238080K, used 11760K [0x00000000f0000000, 0x0000000100000000, 0x0000000100000000)
  eden space 226304K, 0% used [0x00000000f0000000,0x00000000f0000000,0x00000000fdd00000)
  from space 11776K, 99% used [0x00000000ff480000,0x00000000ffffc010,0x0000000100000000)
  to   space 17920K, 0% used [0x00000000fdd00000,0x00000000fdd00000,0x00000000fee80000)
 ParOldGen       total 92672K, used 85052K [0x00000000d0000000, 0x00000000d5a80000, 0x00000000f0000000)
  object space 92672K, 91% used [0x00000000d0000000,0x00000000d530f230,0x00000000d5a80000)
 Metaspace       used 60050K, capacity 61594K, committed 61952K, reserved 1103872K
  class space    used 6406K, capacity 6866K, committed 6912K, reserved 1048576K
}
Event: 28.524 GC heap before
{Heap before GC invocations=53 (full 7):
 PSYoungGen      total 238080K, used 11760K [0x00000000f0000000, 0x0000000100000000, 0x0000000100000000)
  eden space 226304K, 0% used [0x00000000f0000000,0x00000000f0000000,0x00000000fdd00000)
  from space 11776K, 99% used [0x00000000ff480000,0x00000000ffffc010,0x0000000100000000)
  to   space 17920K, 0% used [0x00000000fdd00000,0x00000000fdd00000,0x00000000fee80000)
 ParOldGen       total 92672K, used 85052K [0x00000000d0000000, 0x00000000d5a80000, 0x00000000f0000000)
  object space 92672K, 91% used [0x00000000d0000000,0x00000000d530f230,0x00000000d5a80000)
 Metaspace       used 60050K, capacity 61594K, committed 61952K, reserved 1103872K
  class space    used 6406K, capacity 6866K, committed 6912K, reserved 1048576K
Event: 29.923 GC heap after
Heap after GC invocations=53 (full 7):
 PSYoungGen      total 238080K, used 3036K [0x00000000f0000000, 0x0000000100000000, 0x0000000100000000)
  eden space 226304K, 0% used [0x00000000f0000000,0x00000000f0000000,0x00000000fdd00000)
  from space 11776K, 25% used [0x00000000ff480000,0x00000000ff777128,0x0000000100000000)
  to   space 17920K, 0% used [0x00000000fdd00000,0x00000000fdd00000,0x00000000fee80000)
 ParOldGen       total 109568K, used 92575K [0x00000000d0000000, 0x00000000d6b00000, 0x00000000f0000000)
  object space 109568K, 84% used [0x00000000d0000000,0x00000000d5a67c68,0x00000000d6b00000)
 Metaspace       used 60050K, capacity 61594K, committed 61952K, reserved 1103872K
  class space    used 6406K, capacity 6866K, committed 6912K, reserved 1048576K
}
Event: 31.467 GC heap before
{Heap before GC invocations=54 (full 7):
 PSYoungGen      total 238080K, used 227453K [0x00000000f0000000, 0x0000000100000000, 0x0000000100000000)
  eden space 226304K, 99% used [0x00000000f0000000,0x00000000fdb28590,0x00000000fdd00000)
  from space 11776K, 25% used [0x00000000ff480000,0x00000000ff777128,0x0000000100000000)
  to   space 17920K, 0% used [0x00000000fdd00000,0x00000000fdd00000,0x00000000fee80000)
 ParOldGen       total 109568K, used 92575K [0x00000000d0000000, 0x00000000d6b00000, 0x00000000f0000000)
  object space 109568K, 84% used [0x00000000d0000000,0x00000000d5a67c68,0x00000000d6b00000)
 Metaspace       used 61648K, capacity 63246K, committed 63616K, reserved 1105920K
  class space    used 6583K, capacity 7032K, committed 7040K, reserved 1048576K
Event: 31.533 GC heap after
Heap after GC invocations=54 (full 7):
 PSYoungGen      total 238080K, used 11659K [0x00000000f0000000, 0x0000000100000000, 0x0000000100000000)
  eden space 226304K, 0% used [0x00000000f0000000,0x00000000f0000000,0x00000000fdd00000)
  from space 11776K, 99% used [0x00000000fdd00000,0x00000000fe862ce8,0x00000000fe880000)
  to   space 18432K, 0% used [0x00000000fee00000,0x00000000fee00000,0x0000000100000000)
 ParOldGen       total 109568K, used 92927K [0x00000000d0000000, 0x00000000d6b00000, 0x00000000f0000000)
  object space 109568K, 84% used [0x00000000d0000000,0x00000000d5abfc68,0x00000000d6b00000)
 Metaspace       used 61648K, capacity 63246K, committed 63616K, reserved 1105920K
  class space    used 6583K, capacity 7032K, committed 7040K, reserved 1048576K
}
Event: 32.770 GC heap before
{Heap before GC invocations=55 (full 7):
 PSYoungGen      total 238080K, used 237963K [0x00000000f0000000, 0x0000000100000000, 0x0000000100000000)
  eden space 226304K, 100% used [0x00000000f0000000,0x00000000fdd00000,0x00000000fdd00000)
  from space 11776K, 99% used [0x00000000fdd00000,0x00000000fe862ce8,0x00000000fe880000)
  to   space 18432K, 0% used [0x00000000fee00000,0x00000000fee00000,0x0000000100000000)
 ParOldGen       total 109568K, used 92927K [0x00000000d0000000, 0x00000000d6b00000, 0x00000000f0000000)
  object space 109568K, 84% used [0x00000000d0000000,0x00000000d5abfc68,0x00000000d6b00000)
 Metaspace       used 62687K, capacity 64358K, committed 64640K, reserved 1105920K
  class space    used 6710K, capacity 7207K, committed 7296K, reserved 1048576K
Event: 32.824 GC heap after
Heap after GC invocations=55 (full 7):
 PSYoungGen      total 240640K, used 14399K [0x00000000f0000000, 0x0000000100000000, 0x0000000100000000)
  eden space 222208K, 0% used [0x00000000f0000000,0x00000000f0000000,0x00000000fd900000)
  from space 18432K, 78% used [0x00000000fee00000,0x00000000ffc0ffc8,0x0000000100000000)
  to   space 19968K, 0% used [0x00000000fd900000,0x00000000fd900000,0x00000000fec80000)
 ParOldGen       total 109568K, used 92927K [0x00000000d0000000, 0x00000000d6b00000, 0x00000000f0000000)
  object space 109568K, 84% used [0x00000000d0000000,0x00000000d5abfc68,0x00000000d6b00000)
 Metaspace       used 62687K, capacity 64358K, committed 64640K, reserved 1105920K
  class space    used 6710K, capacity 7207K, committed 7296K, reserved 1048576K
}
Event: 33.982 GC heap before
{Heap before GC invocations=56 (full 7):
 PSYoungGen      total 240640K, used 227368K [0x00000000f0000000, 0x0000000100000000, 0x0000000100000000)
  eden space 222208K, 95% used [0x00000000f0000000,0x00000000fcffa2a0,0x00000000fd900000)
  from space 18432K, 78% used [0x00000000fee00000,0x00000000ffc0ffc8,0x0000000100000000)
  to   space 19968K, 0% used [0x00000000fd900000,0x00000000fd900000,0x00000000fec80000)
 ParOldGen       total 109568K, used 92927K [0x00000000d0000000, 0x00000000d6b00000, 0x00000000f0000000)
  object space 109568K, 84% used [0x00000000d0000000,0x00000000d5abfc68,0x00000000d6b00000)
 Metaspace       used 64491K, capacity 66130K, committed 66688K, reserved 1107968K
  class space    used 6964K, capacity 7433K, committed 7552K, reserved 1048576K
Event: 34.041 GC heap after
Heap after GC invocations=56 (full 7):
 PSYoungGen      total 242176K, used 19939K [0x00000000f0000000, 0x0000000100000000, 0x0000000100000000)
  eden space 222208K, 0% used [0x00000000f0000000,0x00000000f0000000,0x00000000fd900000)
  from space 19968K, 99% used [0x00000000fd900000,0x00000000fec78e50,0x00000000fec80000)
  to   space 19968K, 0% used [0x00000000fec80000,0x00000000fec80000,0x0000000100000000)
 ParOldGen       total 109568K, used 95547K [0x00000000d0000000, 0x00000000d6b00000, 0x00000000f0000000)
  object space 109568K, 87% used [0x00000000d0000000,0x00000000d5d4ec60,0x00000000d6b00000)
 Metaspace       used 64491K, capacity 66130K, committed 66688K, reserved 1107968K
  class space    used 6964K, capacity 7433K, committed 7552K, reserved 1048576K
}

Deoptimization events (10 events):
Event: 27.924 Thread 0x0000000059569000 Uncommon trap: reason=bimorphic action=maybe_recompile pc=0x0000000002f57804 method=groovy.lang.MetaClassImpl$1MOPIter.methodNameAction(Ljava/lang/Class;Lorg/codehaus/groovy/runtime/metaclass/MetaMethodIndex$Entry;)V @ 62
Event: 28.368 Thread 0x0000000059569000 Uncommon trap: reason=null_assert action=make_not_entrant pc=0x0000000002e7236c method=java.util.concurrent.ConcurrentHashMap.transfer([Ljava/util/concurrent/ConcurrentHashMap$Node;[Ljava/util/concurrent/ConcurrentHashMap$Node;)V @ 557
Event: 31.564 Thread 0x0000000059569000 Uncommon trap: reason=bimorphic action=maybe_recompile pc=0x000000000390e178 method=sl.org.objectweb.asm.ClassReader.a(Lsl/org/objectweb/asm/MethodVisitor;Lsl/org/objectweb/asm/Context;I)V @ 2782
Event: 31.744 Thread 0x0000000059569000 Uncommon trap: reason=class_check action=maybe_recompile pc=0x000000000390f6d4 method=sl.org.objectweb.asm.ClassReader.a(Lsl/org/objectweb/asm/MethodVisitor;Lsl/org/objectweb/asm/Context;I)V @ 1945
Event: 31.745 Thread 0x0000000059569000 Uncommon trap: reason=class_check action=maybe_recompile pc=0x000000000390f6d4 method=sl.org.objectweb.asm.ClassReader.a(Lsl/org/objectweb/asm/MethodVisitor;Lsl/org/objectweb/asm/Context;I)V @ 1945
Event: 31.745 Thread 0x0000000059569000 Uncommon trap: reason=class_check action=maybe_recompile pc=0x000000000390f6d4 method=sl.org.objectweb.asm.ClassReader.a(Lsl/org/objectweb/asm/MethodVisitor;Lsl/org/objectweb/asm/Context;I)V @ 1945
Event: 32.216 Thread 0x0000000059569000 Uncommon trap: reason=unreached action=reinterpret pc=0x00000000031f2dd4 method=org.springframework.util.ObjectUtils.nullSafeEquals(Ljava/lang/Object;Ljava/lang/Object;)Z @ 12
Event: 32.402 Thread 0x0000000059569000 Uncommon trap: reason=unreached action=reinterpret pc=0x0000000003889434 method=org.codehaus.groovy.runtime.metaclass.MetaMethodIndex.getMethods(Ljava/lang/Class;Ljava/lang/String;)Lorg/codehaus/groovy/runtime/metaclass/MetaMethodIndex$Entry; @ 61
Event: 32.409 Thread 0x0000000059569000 Uncommon trap: reason=unreached action=reinterpret pc=0x0000000003c10f70 method=org.codehaus.groovy.runtime.metaclass.MetaMethodIndex.getMethods(Ljava/lang/Class;Ljava/lang/String;)Lorg/codehaus/groovy/runtime/metaclass/MetaMethodIndex$Entry; @ 61
Event: 33.684 Thread 0x0000000059569000 Uncommon trap: reason=unloaded action=reinterpret pc=0x00000000031414bc method=org.springframework.core.BridgeMethodResolver.findBridgedMethod(Ljava/lang/reflect/Method;)Ljava/lang/reflect/Method; @ 13

Internal exceptions (10 events):
Event: 34.541 Thread 0x0000000059569000 Exception <a 'java/security/PrivilegedActionException'> (0x00000000f5ca3628) thrown at [C:\re\workspace\8-2-build-windows-amd64-cygwin\jdk8u11\648\hotspot\src\share\vm\prims\jvm.cpp, line 1248]
Event: 34.541 Thread 0x0000000059569000 Exception <a 'java/lang/ClassNotFoundException': org/codehaus/groovy/grails/plugins/web/ControllersGrailsPlugin$_closure3_closure21BeanInfo> (0x00000000f5ca40e0) thrown at [C:\re\workspace\8-2-build-windows-amd64-cygwin\jdk8u11\648\hotspot\src\share\vm\cla
Event: 34.541 Thread 0x0000000059569000 Exception <a 'java/security/PrivilegedActionException'> (0x00000000f5ca5268) thrown at [C:\re\workspace\8-2-build-windows-amd64-cygwin\jdk8u11\648\hotspot\src\share\vm\prims\jvm.cpp, line 1248]
Event: 34.541 Thread 0x0000000059569000 Exception <a 'java/security/PrivilegedActionException'> (0x00000000f5caa7c8) thrown at [C:\re\workspace\8-2-build-windows-amd64-cygwin\jdk8u11\648\hotspot\src\share\vm\prims\jvm.cpp, line 1248]
Event: 34.542 Thread 0x0000000059569000 Exception <a 'java/security/PrivilegedActionException'> (0x00000000f5cbfc20) thrown at [C:\re\workspace\8-2-build-windows-amd64-cygwin\jdk8u11\648\hotspot\src\share\vm\prims\jvm.cpp, line 1248]
Event: 34.544 Thread 0x0000000059569000 Exception <a 'java/security/PrivilegedActionException'> (0x00000000f5cdac60) thrown at [C:\re\workspace\8-2-build-windows-amd64-cygwin\jdk8u11\648\hotspot\src\share\vm\prims\jvm.cpp, line 1248]
Event: 34.544 Thread 0x0000000059569000 Exception <a 'java/security/PrivilegedActionException'> (0x00000000f5ce01c0) thrown at [C:\re\workspace\8-2-build-windows-amd64-cygwin\jdk8u11\648\hotspot\src\share\vm\prims\jvm.cpp, line 1248]
Event: 34.545 Thread 0x0000000059569000 Exception <a 'java/security/PrivilegedActionException'> (0x00000000f5cf5618) thrown at [C:\re\workspace\8-2-build-windows-amd64-cygwin\jdk8u11\648\hotspot\src\share\vm\prims\jvm.cpp, line 1248]
Event: 34.545 Thread 0x0000000059569000 Exception <a 'java/security/PrivilegedActionException'> (0x00000000f5d24c78) thrown at [C:\re\workspace\8-2-build-windows-amd64-cygwin\jdk8u11\648\hotspot\src\share\vm\prims\jvm.cpp, line 1248]
Event: 34.546 Thread 0x0000000059569000 Exception <a 'java/lang/ClassNotFoundException': org/codehaus/groovy/grails/plugins/web/ControllersGrailsPlugin$_closure3_closure21Customizer> (0x00000000f5d25730) thrown at [C:\re\workspace\8-2-build-windows-amd64-cygwin\jdk8u11\648\hotspot\src\share\vm\c÷áOü5EA@

Events (10 events):
Event: 34.541 loading class org/codehaus/groovy/grails/plugins/web/ControllersGrailsPlugin$_closure3_closure21BeanInfo
Event: 34.541 loading class org/codehaus/groovy/grails/plugins/web/ControllersGrailsPlugin$_closure3_closure21BeanInfo done
Event: 34.541 loading class org/codehaus/groovy/grails/plugins/web/ControllersGrailsPlugin$_closure3_closure21Customizer
Event: 34.541 loading class org/codehaus/groovy/grails/plugins/web/ControllersGrailsPlugin$_closure3_closure21Customizer done
Event: 34.542 loading class org/codehaus/groovy/grails/plugins/web/ControllersGrailsPlugin$_closure3_closure21Customizer
Event: 34.542 loading class org/codehaus/groovy/grails/plugins/web/ControllersGrailsPlugin$_closure3_closure21Customizer done
Event: 34.545 loading class org/codehaus/groovy/grails/plugins/web/ControllersGrailsPlugin$_closure3_closure21Customizer
Event: 34.545 loading class org/codehaus/groovy/grails/plugins/web/ControllersGrailsPlugin$_closure3_closure21Customizer done
Event: 34.548 loading class org/springsource/loaded/ri/ReflectiveInterceptor
Event: 34.548 loading class org/springsource/loaded/ri/ReflectiveInterceptor done


Dynamic libraries:
0x000000013f760000 - 0x000000013f794000 	C:\Program Files\Java\jdk1.8.0_11\bin\java.exe
0x0000000077980000 - 0x0000000077b29000 	C:\Windows\SYSTEM32\ntdll.dll
0x0000000077860000 - 0x000000007797f000 	C:\Windows\system32\kernel32.dll
0x000007fefe140000 - 0x000007fefe1ac000 	C:\Windows\system32\KERNELBASE.dll
0x000007feff400000 - 0x000007feff4db000 	C:\Windows\system32\ADVAPI32.dll
0x000007feffb10000 - 0x000007feffbaf000 	C:\Windows\system32\msvcrt.dll
0x000007feffae0000 - 0x000007feffaff000 	C:\Windows\SYSTEM32\sechost.dll
0x000007fefef40000 - 0x000007feff06d000 	C:\Windows\system32\RPCRT4.dll
0x0000000077280000 - 0x000000007737a000 	C:\Windows\system32\USER32.dll
0x000007feffc20000 - 0x000007feffc87000 	C:\Windows\system32\GDI32.dll
0x000007feffc10000 - 0x000007feffc1e000 	C:\Windows\system32\LPK.dll
0x000007feff560000 - 0x000007feff629000 	C:\Windows\system32\USP10.dll
0x000007fefc3e0000 - 0x000007fefc5d4000 	C:\Windows\WinSxS\amd64_microsoft.windows.common-controls_6595b64144ccf1df_6.0.7601.17514_none_fa396087175ac9ac\COMCTL32.dll
0x000007feff4e0000 - 0x000007feff551000 	C:\Windows\system32\SHLWAPI.dll
0x000007feff110000 - 0x000007feff13e000 	C:\Windows\system32\IMM32.DLL
0x000007feff720000 - 0x000007feff829000 	C:\Windows\system32\MSCTF.dll
0x0000000180000000 - 0x000000018001c000 	C:\Windows\system32\btpload64.dll
0x0000000077b40000 - 0x0000000077b47000 	C:\Windows\system32\PSAPI.DLL
0x0000000001c60000 - 0x0000000001c8c000 	C:\Windows\system32\privman64.dll
0x000007fefdd30000 - 0x000007fefdd3c000 	C:\Windows\system32\VERSION.dll
0x000007fefe1b0000 - 0x000007fefef39000 	C:\Windows\system32\SHELL32.dll
0x000007fefdd10000 - 0x000007fefdd2e000 	C:\Windows\system32\USERENV.dll
0x000007fefdde0000 - 0x000007fefddef000 	C:\Windows\system32\profapi.dll
0x000000006e110000 - 0x000000006e1e2000 	C:\Program Files\Java\jdk1.8.0_11\jre\bin\msvcr100.dll
0x000000005a7b0000 - 0x000000005afda000 	C:\Program Files\Java\jdk1.8.0_11\jre\bin\server\jvm.dll
0x000007fefd2c0000 - 0x000007fefd2c9000 	C:\Windows\system32\WSOCK32.dll
0x000007feff6d0000 - 0x000007feff71d000 	C:\Windows\system32\WS2_32.dll
0x000007feffb00000 - 0x000007feffb08000 	C:\Windows\system32\NSI.dll
0x000007fefb930000 - 0x000007fefb96b000 	C:\Windows\system32\WINMM.dll
0x0000000070860000 - 0x000000007086f000 	C:\Program Files\Java\jdk1.8.0_11\jre\bin\verify.dll
0x0000000070830000 - 0x0000000070858000 	C:\Program Files\Java\jdk1.8.0_11\jre\bin\java.dll
0x000000006f890000 - 0x000000006f8b3000 	C:\Program Files\Java\jdk1.8.0_11\jre\bin\instrument.dll
0x0000000070680000 - 0x0000000070696000 	C:\Program Files\Java\jdk1.8.0_11\jre\bin\zip.dll
0x000007feff830000 - 0x000007feffa33000 	C:\Windows\system32\ole32.dll
0x000007fefd680000 - 0x000007fefd697000 	C:\Windows\system32\CRYPTSP.dll
0x000007fefd380000 - 0x000007fefd3c7000 	C:\Windows\system32\rsaenh.dll
0x000007fefdce0000 - 0x000007fefdcef000 	C:\Windows\system32\CRYPTBASE.dll
0x0000000070660000 - 0x000000007067a000 	C:\Program Files\Java\jdk1.8.0_11\jre\bin\net.dll
0x000007fefd620000 - 0x000007fefd675000 	C:\Windows\system32\mswsock.dll
0x000007fefd610000 - 0x000007fefd617000 	C:\Windows\System32\wship6.dll
0x000007fefcd80000 - 0x000007fefcda7000 	C:\Windows\system32\IPHLPAPI.DLL
0x000007fefcd70000 - 0x000007fefcd7b000 	C:\Windows\system32\WINNSI.DLL
0x000007fefb3d0000 - 0x000007fefb3e8000 	C:\Windows\system32\dhcpcsvc.DLL
0x000007fefb3b0000 - 0x000007fefb3c1000 	C:\Windows\system32\dhcpcsvc6.DLL
0x0000000070640000 - 0x0000000070651000 	C:\Program Files\Java\jdk1.8.0_11\jre\bin\nio.dll
0x000007fefb1f0000 - 0x000007fefb1fa000 	C:\Users\rgopal\AppData\Local\Temp\jansi-64-3696186504060318802.dll
0x0000000070590000 - 0x000000007059d000 	C:\Program Files\Java\jdk1.8.0_11\jre\bin\management.dll
0x000007fefce80000 - 0x000007fefce87000 	C:\Windows\System32\wshtcpip.dll
0x000007fefd4a0000 - 0x000007fefd4fb000 	C:\Windows\system32\DNSAPI.dll
0x0000000074fa0000 - 0x0000000074fc6000 	C:\Program Files\Bonjour\mdnsNSP.dll
0x000007fefb340000 - 0x000007fefb348000 	C:\Windows\system32\rasadhlp.dll
0x000007fefb350000 - 0x000007fefb3a3000 	C:\Windows\System32\fwpuclnt.dll
0x000007fefb450000 - 0x000007fefb465000 	C:\Windows\system32\NLAapi.dll
0x000007fefb430000 - 0x000007fefb445000 	C:\Windows\system32\napinsp.dll
0x000007fefb410000 - 0x000007fefb429000 	C:\Windows\system32\pnrpnsp.dll
0x000007fefb400000 - 0x000007fefb40b000 	C:\Windows\System32\winrnr.dll
0x000007fefb3f0000 - 0x000007fefb400000 	C:\Windows\system32\wshbth.dll
0x000007fef6a90000 - 0x000007fef6bb5000 	C:\Windows\system32\dbghelp.dll

VM Arguments:
jvm_args: -Dfile.encoding=UTF-8 -Xmx768M -Xms64M -Dgrails.fork.parent.process.port=50379 -Dgrails.fork.active=true -Dgrails.build.execution.context=C:\Users\rgopal\AppData\Local\Temp\central2741362080793324692grails-execution-context -Dgrails.home=C:\Users\rgopal\Documents\grails-2.4.4\grails-2.4.4 -javaagent:C:\Users\rgopal\Documents\grails-2.4.4\grails-2.4.4\lib\org.springframework\springloaded\jars\springloaded-1.2.1.RELEASE.jar -Xverify:none -Dspringloaded.synchronize=true -Djdk.reflect.allowGetCallerClass=true -Dspringloaded=profile=grails;cacheDir=C:\Users\rgopal/.grails/2.4.4/ 
java_command: org.grails.plugins.tomcat.fork.ForkedTomcatServer
java_class_path (initial): C:\Program Files\Java\jdk1.8.0_11\lib\tools.jar;C:\Users\rgopal\Documents\grails-2.4.4\grails-2.4.4\lib\org.codehaus.groovy\groovy-all\jars\groovy-all-2.3.7.jar;C:\Users\rgopal\Documents\grails-2.4.4\grails-2.4.4\lib\org.slf4j\jcl-over-slf4j\jars\jcl-over-slf4j-1.7.5.jar;C:\Users\rgopal\Documents\grails-2.4.4\grails-2.4.4\lib\org.codehaus.gant\gant_groovy1.8\jars\gant_groovy1.8-1.9.6.jar;C:\Users\rgopal\Documents\grails-2.4.4\grails-2.4.4\lib\org.apache.tomcat.embed\tomcat-embed-logging-log4j\jars\tomcat-embed-logging-log4j-7.0.50.jar;C:\Users\rgopal\Documents\grails-2.4.4\grails-2.4.4\dist\grails-plugin-log4j-2.4.4.jar;C:\Users\rgopal\Documents\grails-2.4.4\grails-2.4.4\lib\log4j\log4j\jars\log4j-1.2.17.jar;C:\Users\rgopal\Documents\grails-2.4.4\grails-2.4.4\dist\grails-bootstrap-2.4.4.jar;C:\Users\rgopal\Documents\grails-2.4.4\grails-2.4.4\lib\org.slf4j\slf4j-api\jars\slf4j-api-1.7.5.jar;C:\Users\rgopal\Documents\grails-2.4.4\grails-2.4.4\lib\jline\jline\jars\jline-2.12.jar;C:\Users\rgopal\Documents\grails-2.4.4\grails-2.4.4\lib\org.apache.ant\ant\jars\ant-1.8.4.jar;C:\Users\rgopal\Documents\grails-2.4.4\grails-2.4.4\lib\org.apache.ant\ant-launcher\jars\ant-launcher-1.8.4.jar;C:\Users\rgopal\Documents\grails-2.4.4\grails-2.4.4\lib\org.apache.ant\ant-trax\jars\ant-trax-1.7.1.jar;C:\Users\rgopal\Documents\grails-2.4.4\grails-2.4.4\lib\org.apache.ant\ant-junit\jars\ant-junit-1.8.4.jar;C:\Users\rgopal\Documents\grails-2.4.4\grails-2.4.4\lib\org.apache.ivy\ivy\jars\ivy-2.3.0.jar;C:\Users\rgopal\Documents\grails-2.4.4\grails-2.4.4\lib\org.fusesource.jansi\jansi\jars\jansi-1.11.jar;C:\Users\rgopal\.m2\repository\org\apache\tomcat\tomcat-catalina-ant\7.0.55\tomcat-catalina-ant-7.0.55.jar;C:\Users\rgopal\.m2\repository\org\apache\tomcat\embed\tomcat-embed-jasper\7.0.55\tomcat-embed-jasper-7.0.55.jar;C:\Users\rgopal\.m2\repository\org\apache\tomcat\embed\tomcat-embed-el\7.0.55\tomcat-embed-el-7.0.55.jar;C:\Users\rgopal\.m2\repository\org\apache\
Launcher Type: SUN_STANDARD

Environment Variables:
JAVA_HOME=C:\Program Files\Java\jdk1.8.0_11
PATH=C:\Windows\system32;C:\Windows;C:\Windows\System32\Wbem;C:\Windows\System32\WindowsPowerShell\v1.0\;C:\users\rgopal\My Documents\springsource\grails-2.3.5\bin\;c:\Program Files\Java\jdk1.7.0_51\bin\;C:\Program Files (x86)\MiKTeX 2.9\miktex\bin\
USERNAME=rgopal
OS=Windows_NT
PROCESSOR_IDENTIFIER=Intel64 Family 6 Model 37 Stepping 5, GenuineIntel



---------------  S Y S T E M  ---------------

OS: Windows 7 , 64 bit Build 7601 Service Pack 1

CPU:total 4 (2 cores per cpu, 2 threads per core) family 6 model 37 stepping 5, cmov, cx8, fxsr, mmx, sse, sse2, sse3, ssse3, sse4.1, sse4.2, popcnt, aes, clmul, ht, tsc, tscinvbit

Memory: 4k page, physical 8181608k(1847600k free), swap 16361352k(6753904k free)

vm_info: Java HotSpot(TM) 64-Bit Server VM (25.11-b03) for windows-amd64 JRE (1.8.0_11-b12), built on Jun 16 2014 20:57:32 by "java_re" with MS VC++ 10.0 (VS2010)

time: Thu Apr 09 20:03:42 2015
elapsed time: 34 seconds

