#
# A fatal error has been detected by the Java Runtime Environment:
#
#  EXCEPTION_ACCESS_VIOLATION (0xc0000005) at pc=0x000000005f4c4db2, pid=8596, tid=1632
#
# JRE version: Java(TM) SE Runtime Environment (8.0_11-b12) (build 1.8.0_11-b12)
# Java VM: Java HotSpot(TM) 64-Bit Server VM (25.11-b03 mixed mode windows-amd64 compressed oops)
# Problematic frame:
# V  [jvm.dll+0x424db2]
#
# Failed to write core dump. Minidumps are not enabled by default on client versions of Windows
#
# If you would like to submit a bug report, please visit:
#   http://bugreport.sun.com/bugreport/crash.jsp
#

---------------  T H R E A D  ---------------

Current thread (0x000000005632b000):  JavaThread "C2 CompilerThread1" daemon [_thread_in_native, id=1632, stack(0x0000000056b40000,0x0000000056c40000)]

siginfo: ExceptionCode=0xc0000005, reading address 0x0000000000000000

Registers:
RAX=0x00000000615c0258, RBX=0x0000000000000600, RCX=0x0000000000000000, RDX=0x0000000059f64c10
RSP=0x0000000056c3bf90, RBP=0x00000000000000c0, RSI=0x00000000000000b8, RDI=0x0000000000000000
R8 =0x000000005f0a0000, R9 =0x0000000056c3c2b0, R10=0x00000000ffffffff, R11=0x0000000056351850
R12=0x00000000615c0970, R13=0x000000005d575338, R14=0x0000000000000008, R15=0x000000005d575338
RIP=0x000000005f4c4db2, EFLAGS=0x0000000000010206

Top of Stack: (sp=0x0000000056c3bf90)
0x0000000056c3bf90:   00000000000000dc 0000000059f60460
0x0000000056c3bfa0:   0000000000000000 000000005d16b048
0x0000000056c3bfb0:   0000000000000001 0000000000000600
0x0000000056c3bfc0:   0000000000000180 00000000000000c0
0x0000000056c3bfd0:   000000005b004d50 0000000056338480
0x0000000056c3bfe0:   0000000000000728 0000000059f60460
0x0000000056c3bff0:   0000000056c3c2b0 00000000615bd310
0x0000000056c3c000:   0000000000000020 0000000000000009
0x0000000056c3c010:   00000000615c0940 00000000000000dc
0x0000000056c3c020:   000000005d575338 000000005f4c598d
0x0000000056c3c030:   00000000615c0940 000000000000001c
0x0000000056c3c040:   00000000000000dc 0000000056c3c2b0
0x0000000056c3c050:   0000000059f64c10 00000000000000dc
0x0000000056c3c060:   00000000615bd310 0000000000000020
0x0000000056c3c070:   0000000056f94530 0000000056c3e620
0x0000000056c3c080:   0000000056f94b60 00000000615c0940 

Instructions: (pc=0x000000005f4c4db2)
0x000000005f4c4d92:   c6 48 63 f0 48 03 f1 eb 04 48 83 ce ff 48 8b 84
0x000000005f4c4da2:   24 a0 00 00 00 48 8b 40 08 48 8b 3c 03 48 8b cf
0x000000005f4c4db2:   48 8b 07 ff 50 28 4c 8d 05 41 b2 bd ff 48 63 50
0x000000005f4c4dc2:   10 4c 8b d8 48 8b ca 48 c1 e1 05 42 80 bc 01 c0 


Register to memory mapping:

RAX=0x00000000615c0258 is an unknown value
RBX=0x0000000000000600 is an unknown value
RCX=0x0000000000000000 is an unknown value
RDX=0x0000000059f64c10 is an unknown value
RSP=0x0000000056c3bf90 is pointing into the stack for thread: 0x000000005632b000
RBP=0x00000000000000c0 is an unknown value
RSI=0x00000000000000b8 is an unknown value
RDI=0x0000000000000000 is an unknown value
R8 =0x000000005f0a0000 is an unknown value
R9 =0x0000000056c3c2b0 is pointing into the stack for thread: 0x000000005632b000
R10=0x00000000ffffffff is an unknown value
R11=0x0000000056351850 is an unknown value
R12=0x00000000615c0970 is an unknown value
R13=0x000000005d575338 is an unknown value
R14=0x0000000000000008 is an unknown value
R15=0x000000005d575338 is an unknown value


Stack: [0x0000000056b40000,0x0000000056c40000],  sp=0x0000000056c3bf90,  free space=1007k
Native frames: (J=compiled Java code, j=interpreted, Vv=VM code, C=native code)
V  [jvm.dll+0x424db2]
V  [jvm.dll+0x42598d]
V  [jvm.dll+0x425ecf]
V  [jvm.dll+0x4c5a84]
V  [jvm.dll+0x4415bc]
V  [jvm.dll+0x443a29]
V  [jvm.dll+0x427722]
V  [jvm.dll+0x96982]
V  [jvm.dll+0x97173]
V  [jvm.dll+0x2234b4]
V  [jvm.dll+0x27bcca]
C  [msvcr100.dll+0x21d9f]
C  [msvcr100.dll+0x21e3b]
C  [kernel32.dll+0x159ed]
C  [ntdll.dll+0x2c541]


Current CompileTask:
C2:  51976 7203       4       groovy.lang.MetaClassImpl::findPropertyMethod (356 bytes)


---------------  P R O C E S S  ---------------

Java Threads: ( => current thread )
  0x000000005913a800 JavaThread "net.sf.ehcache.CacheManager@993aef9" daemon [_thread_blocked, id=9136, stack(0x000000005ad40000,0x000000005ae40000)]
  0x0000000059139800 JavaThread "com.oumuo.SecurityGroup.data" daemon [_thread_blocked, id=9368, stack(0x0000000061070000,0x0000000061170000)]
  0x0000000059139000 JavaThread "com.oumuo.Authority.data" daemon [_thread_blocked, id=10560, stack(0x0000000060cd0000,0x0000000060dd0000)]
  0x0000000059138000 JavaThread "net.sf.ehcache.CacheManager@6ed2145e" daemon [_thread_blocked, id=11072, stack(0x00000000608e0000,0x00000000609e0000)]
  0x000000005bbbe800 JavaThread "PoolCleaner[192694377:1430959682461]" daemon [_thread_blocked, id=6280, stack(0x000000005fd90000,0x000000005fe90000)]
  0x000000005aef0800 JavaThread "FileSystemWatcher: files=#340 cl=groovy.lang.GroovyClassLoader@b7c4869" daemon [_thread_blocked, id=7008, stack(0x000000005c270000,0x000000005c370000)]
  0x0000000058136000 JavaThread "localhost-startStop-1" daemon [_thread_in_native, id=8696, stack(0x0000000055ed0000,0x0000000055fd0000)]
  0x00000000599e0800 JavaThread "Tomcat-startStop-1" daemon [_thread_blocked, id=8616, stack(0x000000005ac40000,0x000000005ad40000)]
  0x000000005993d000 JavaThread "Thread-3" [_thread_in_native, id=9788, stack(0x0000000058ee0000,0x0000000058fe0000)]
  0x0000000057307000 JavaThread "Thread-2" [_thread_blocked, id=8136, stack(0x000000005a490000,0x000000005a590000)]
  0x0000000057360000 JavaThread "NonBlockingInputStreamThread" daemon [_thread_blocked, id=6496, stack(0x0000000057c00000,0x0000000057d00000)]
  0x00000000564b9000 JavaThread "Service Thread" daemon [_thread_blocked, id=1524, stack(0x0000000056790000,0x0000000056890000)]
  0x000000005632d000 JavaThread "C1 CompilerThread2" daemon [_thread_blocked, id=8952, stack(0x0000000056cb0000,0x0000000056db0000)]
=>0x000000005632b000 JavaThread "C2 CompilerThread1" daemon [_thread_in_native, id=1632, stack(0x0000000056b40000,0x0000000056c40000)]
  0x0000000056335000 JavaThread "C2 CompilerThread0" daemon [_thread_in_native, id=11216, stack(0x00000000569d0000,0x0000000056ad0000)]
  0x0000000056242800 JavaThread "Attach Listener" daemon [_thread_blocked, id=9256, stack(0x00000000568b0000,0x00000000569b0000)]
  0x0000000054d17800 JavaThread "Signal Dispatcher" daemon [_thread_blocked, id=10968, stack(0x0000000056660000,0x0000000056760000)]
  0x0000000054cb7000 JavaThread "Finalizer" daemon [_thread_blocked, id=8860, stack(0x0000000056140000,0x0000000056240000)]
  0x0000000054cac000 JavaThread "Reference Handler" daemon [_thread_blocked, id=10492, stack(0x0000000056020000,0x0000000056120000)]
  0x00000000029fa000 JavaThread "main" [_thread_blocked, id=10136, stack(0x0000000002d60000,0x0000000002e60000)]

Other Threads:
  0x0000000054ca8800 VMThread [stack: 0x0000000055dc0000,0x0000000055ec0000] [id=10592]
  0x00000000564be000 WatcherThread [stack: 0x0000000056e50000,0x0000000056f50000] [id=9148]

VM state:not at safepoint (normal execution)

VM Mutex/Monitor currently owned by a thread: None

Heap:
 PSYoungGen      total 188928K, used 123991K [0x00000000f0000000, 0x0000000100000000, 0x0000000100000000)
  eden space 126976K, 57% used [0x00000000f0000000,0x00000000f46df3e0,0x00000000f7c00000)
  from space 61952K, 82% used [0x00000000fc380000,0x00000000ff5b6bf8,0x0000000100000000)
  to   space 67584K, 0% used [0x00000000f7c00000,0x00000000f7c00000,0x00000000fbe00000)
 ParOldGen       total 131584K, used 117324K [0x00000000d0000000, 0x00000000d8080000, 0x00000000f0000000)
  object space 131584K, 89% used [0x00000000d0000000,0x00000000d7293040,0x00000000d8080000)
 Metaspace       used 77191K, capacity 79716K, committed 79848K, reserved 1120256K
  class space    used 7754K, capacity 8404K, committed 8448K, reserved 1048576K

Card table byte_map: [0x0000000012220000,0x00000000123b0000] byte_map_base: 0x0000000011ba0000

Marking Bits: (ParMarkBitMap*) 0x000000005f8512b0
 Begin Bits: [0x00000000129a0000, 0x00000000135a0000)
 End Bits:   [0x00000000135a0000, 0x00000000141a0000)

Polling page: 0x0000000000290000

CodeCache: size=245760Kb used=21650Kb max_used=21659Kb free=224109Kb
 bounds [0x0000000002e60000, 0x00000000043a0000, 0x0000000011e60000]
 total_blobs=7484 nmethods=6718 adapters=675
 compilation: enabled

Compilation events (10 events):
Event: 51.799 Thread 0x000000005632d000 7473       2       org.codehaus.groovy.runtime.callsite.AbstractCallSite::callCurrent (11 bytes)
Event: 51.800 Thread 0x000000005632d000 nmethod 7473 0x0000000004380b10 code [0x0000000004380c80, 0x0000000004380f68]
Event: 51.852 Thread 0x000000005632d000 7474       2       sun.misc.URLClassPath$2::hasMoreElements (5 bytes)
Event: 51.853 Thread 0x000000005632d000 nmethod 7474 0x0000000004347550 code [0x00000000043476c0, 0x0000000004347828]
Event: 51.872 Thread 0x000000005632d000 7475       2       grails.plugin.springsecurity.web.access.intercept.AnnotationFilterInvocationDefinition::findSecuredAnnotation (30 bytes)
Event: 51.872 Thread 0x000000005632d000 nmethod 7475 0x000000000436f6d0 code [0x000000000436f840, 0x000000000436fa18]
Event: 51.891 Thread 0x000000005632b000 nmethod 7201 0x000000000438cc10 code [0x000000000438d020, 0x0000000004390af0]
Event: 51.891 Thread 0x000000005632b000 7203       4       groovy.lang.MetaClassImpl::findPropertyMethod (356 bytes)
Event: 51.938 Thread 0x000000005632d000 7479       2       org.codehaus.groovy.runtime.callsite.AbstractCallSite::callConstructor (10 bytes)
Event: 51.938 Thread 0x000000005632d000 nmethod 7479 0x00000000043805d0 code [0x0000000004380740, 0x00000000043809c8]

GC Heap History (10 events):
Event: 47.367 GC heap before
{Heap before GC invocations=66 (full 8):
 PSYoungGen      total 211456K, used 205185K [0x00000000f0000000, 0x0000000100000000, 0x0000000100000000)
  eden space 177152K, 96% used [0x00000000f0000000,0x00000000fa7513f8,0x00000000fad00000)
  from space 34304K, 98% used [0x00000000fad00000,0x00000000fce0f3e8,0x00000000fce80000)
  to   space 45568K, 0% used [0x00000000fd380000,0x00000000fd380000,0x0000000100000000)
 ParOldGen       total 131584K, used 115950K [0x00000000d0000000, 0x00000000d8080000, 0x00000000f0000000)
  object space 131584K, 88% used [0x00000000d0000000,0x00000000d713b830,0x00000000d8080000)
 Metaspace       used 74046K, capacity 76054K, committed 76136K, reserved 1118208K
  class space    used 7426K, capacity 7984K, committed 8064K, reserved 1048576K
Event: 47.470 GC heap after
Heap after GC invocations=66 (full 8):
 PSYoungGen      total 207360K, used 39335K [0x00000000f0000000, 0x0000000100000000, 0x0000000100000000)
  eden space 161792K, 0% used [0x00000000f0000000,0x00000000f0000000,0x00000000f9e00000)
  from space 45568K, 86% used [0x00000000fd380000,0x00000000ff9e9e30,0x0000000100000000)
  to   space 50176K, 0% used [0x00000000f9e00000,0x00000000f9e00000,0x00000000fcf00000)
 ParOldGen       total 131584K, used 115958K [0x00000000d0000000, 0x00000000d8080000, 0x00000000f0000000)
  object space 131584K, 88% used [0x00000000d0000000,0x00000000d713d830,0x00000000d8080000)
 Metaspace       used 74046K, capacity 76054K, committed 76136K, reserved 1118208K
  class space    used 7426K, capacity 7984K, committed 8064K, reserved 1048576K
}
Event: 47.897 GC heap before
{Heap before GC invocations=67 (full 8):
 PSYoungGen      total 207360K, used 192760K [0x00000000f0000000, 0x0000000100000000, 0x0000000100000000)
  eden space 161792K, 94% used [0x00000000f0000000,0x00000000f95d44b0,0x00000000f9e00000)
  from space 45568K, 86% used [0x00000000fd380000,0x00000000ff9e9e30,0x0000000100000000)
  to   space 50176K, 0% used [0x00000000f9e00000,0x00000000f9e00000,0x00000000fcf00000)
 ParOldGen       total 131584K, used 115958K [0x00000000d0000000, 0x00000000d8080000, 0x00000000f0000000)
  object space 131584K, 88% used [0x00000000d0000000,0x00000000d713d830,0x00000000d8080000)
 Metaspace       used 74390K, capacity 76492K, committed 76648K, reserved 1118208K
  class space    used 7437K, capacity 7991K, committed 8064K, reserved 1048576K
Event: 47.994 GC heap after
Heap after GC invocations=67 (full 8):
 PSYoungGen      total 202240K, used 40023K [0x00000000f0000000, 0x0000000100000000, 0x0000000100000000)
  eden space 161792K, 0% used [0x00000000f0000000,0x00000000f0000000,0x00000000f9e00000)
  from space 40448K, 98% used [0x00000000f9e00000,0x00000000fc515d60,0x00000000fc580000)
  to   space 54272K, 0% used [0x00000000fcb00000,0x00000000fcb00000,0x0000000100000000)
 ParOldGen       total 131584K, used 115966K [0x00000000d0000000, 0x00000000d8080000, 0x00000000f0000000)
  object space 131584K, 88% used [0x00000000d0000000,0x00000000d713f830,0x00000000d8080000)
 Metaspace       used 74390K, capacity 76492K, committed 76648K, reserved 1118208K
  class space    used 7437K, capacity 7991K, committed 8064K, reserved 1048576K
}
Event: 48.428 GC heap before
{Heap before GC invocations=68 (full 8):
 PSYoungGen      total 202240K, used 192062K [0x00000000f0000000, 0x0000000100000000, 0x0000000100000000)
  eden space 161792K, 93% used [0x00000000f0000000,0x00000000f9479b88,0x00000000f9e00000)
  from space 40448K, 98% used [0x00000000f9e00000,0x00000000fc515d60,0x00000000fc580000)
  to   space 54272K, 0% used [0x00000000fcb00000,0x00000000fcb00000,0x0000000100000000)
 ParOldGen       total 131584K, used 115966K [0x00000000d0000000, 0x00000000d8080000, 0x00000000f0000000)
  object space 131584K, 88% used [0x00000000d0000000,0x00000000d713f830,0x00000000d8080000)
 Metaspace       used 74841K, capacity 77132K, committed 77160K, reserved 1118208K
  class space    used 7452K, capacity 8037K, committed 8064K, reserved 1048576K
Event: 48.779 GC heap after
Heap after GC invocations=68 (full 8):
 PSYoungGen      total 200704K, used 41891K [0x00000000f0000000, 0x0000000100000000, 0x0000000100000000)
  eden space 146432K, 0% used [0x00000000f0000000,0x00000000f0000000,0x00000000f8f00000)
  from space 54272K, 77% used [0x00000000fcb00000,0x00000000ff3e8d08,0x0000000100000000)
  to   space 57856K, 0% used [0x00000000f8f00000,0x00000000f8f00000,0x00000000fc780000)
 ParOldGen       total 131584K, used 115966K [0x00000000d0000000, 0x00000000d8080000, 0x00000000f0000000)
  object space 131584K, 88% used [0x00000000d0000000,0x00000000d713f830,0x00000000d8080000)
 Metaspace       used 74841K, capacity 77132K, committed 77160K, reserved 1118208K
  class space    used 7452K, capacity 8037K, committed 8064K, reserved 1048576K
}
Event: 49.624 GC heap before
{Heap before GC invocations=69 (full 8):
 PSYoungGen      total 200704K, used 188323K [0x00000000f0000000, 0x0000000100000000, 0x0000000100000000)
  eden space 146432K, 100% used [0x00000000f0000000,0x00000000f8f00000,0x00000000f8f00000)
  from space 54272K, 77% used [0x00000000fcb00000,0x00000000ff3e8d08,0x0000000100000000)
  to   space 57856K, 0% used [0x00000000f8f00000,0x00000000f8f00000,0x00000000fc780000)
 ParOldGen       total 131584K, used 115966K [0x00000000d0000000, 0x00000000d8080000, 0x00000000f0000000)
  object space 131584K, 88% used [0x00000000d0000000,0x00000000d713f830,0x00000000d8080000)
 Metaspace       used 75439K, capacity 77814K, committed 78056K, reserved 1120256K
  class space    used 7553K, capacity 8148K, committed 8192K, reserved 1048576K
Event: 49.747 GC heap after
Heap after GC invocations=69 (full 8):
 PSYoungGen      total 192000K, used 45179K [0x00000000f0000000, 0x0000000100000000, 0x0000000100000000)
  eden space 146432K, 0% used [0x00000000f0000000,0x00000000f0000000,0x00000000f8f00000)
  from space 45568K, 99% used [0x00000000f8f00000,0x00000000fbb1ec68,0x00000000fbb80000)
  to   space 61952K, 0% used [0x00000000fc380000,0x00000000fc380000,0x0000000100000000)
 ParOldGen       total 131584K, used 117060K [0x00000000d0000000, 0x00000000d8080000, 0x00000000f0000000)
  object space 131584K, 88% used [0x00000000d0000000,0x00000000d7251040,0x00000000d8080000)
 Metaspace       used 75439K, capacity 77814K, committed 78056K, reserved 1120256K
  class space    used 7553K, capacity 8148K, committed 8192K, reserved 1048576K
}
Event: 50.805 GC heap before
{Heap before GC invocations=70 (full 8):
 PSYoungGen      total 192000K, used 191611K [0x00000000f0000000, 0x0000000100000000, 0x0000000100000000)
  eden space 146432K, 100% used [0x00000000f0000000,0x00000000f8f00000,0x00000000f8f00000)
  from space 45568K, 99% used [0x00000000f8f00000,0x00000000fbb1ec68,0x00000000fbb80000)
  to   space 61952K, 0% used [0x00000000fc380000,0x00000000fc380000,0x0000000100000000)
 ParOldGen       total 131584K, used 117060K [0x00000000d0000000, 0x00000000d8080000, 0x00000000f0000000)
  object space 131584K, 88% used [0x00000000d0000000,0x00000000d7251040,0x00000000d8080000)
 Metaspace       used 76899K, capacity 79406K, committed 79592K, reserved 1120256K
  class space    used 7711K, capacity 8347K, committed 8448K, reserved 1048576K
Event: 51.068 GC heap after
Heap after GC invocations=70 (full 8):
 PSYoungGen      total 188928K, used 51418K [0x00000000f0000000, 0x0000000100000000, 0x0000000100000000)
  eden space 126976K, 0% used [0x00000000f0000000,0x00000000f0000000,0x00000000f7c00000)
  from space 61952K, 82% used [0x00000000fc380000,0x00000000ff5b6bf8,0x0000000100000000)
  to   space 67584K, 0% used [0x00000000f7c00000,0x00000000f7c00000,0x00000000fbe00000)
 ParOldGen       total 131584K, used 117324K [0x00000000d0000000, 0x00000000d8080000, 0x00000000f0000000)
  object space 131584K, 89% used [0x00000000d0000000,0x00000000d7293040,0x00000000d8080000)
 Metaspace       used 76899K, capacity 79406K, committed 79592K, reserved 1120256K
  class space    used 7711K, capacity 8347K, committed 8448K, reserved 1048576K
}

Deoptimization events (10 events):
Event: 44.456 Thread 0x0000000058136000 Uncommon trap: reason=array_check action=maybe_recompile pc=0x00000000040d2958 method=java.util.AbstractCollection.toArray([Ljava/lang/Object;)[Ljava/lang/Object; @ 119
Event: 44.456 Thread 0x0000000058136000 Uncommon trap: reason=array_check action=maybe_recompile pc=0x00000000040d2958 method=java.util.AbstractCollection.toArray([Ljava/lang/Object;)[Ljava/lang/Object; @ 119
Event: 44.532 Thread 0x0000000058136000 Uncommon trap: reason=unreached action=reinterpret pc=0x000000000409620c method=org.springframework.util.ObjectUtils.nullSafeEquals(Ljava/lang/Object;Ljava/lang/Object;)Z @ 12
Event: 44.781 Thread 0x0000000058136000 Uncommon trap: reason=null_check action=make_not_entrant pc=0x00000000040c601c method=org.springsource.loaded.TypeRegistry.getDescriptorForReloadableType(Ljava/lang/String;)Lorg/springsource/loaded/TypeDescriptor; @ 10
Event: 44.900 Thread 0x0000000058136000 Uncommon trap: reason=unreached action=reinterpret pc=0x0000000003bf8a74 method=org.codehaus.groovy.runtime.metaclass.MetaMethodIndex.getMethods(Ljava/lang/Class;Ljava/lang/String;)Lorg/codehaus/groovy/runtime/metaclass/MetaMethodIndex$Entry; @ 61
Event: 45.624 Thread 0x0000000058136000 Uncommon trap: reason=bimorphic action=maybe_recompile pc=0x00000000040de930 method=sl.org.objectweb.asm.MethodVisitor.visitTryCatchBlock(Lsl/org/objectweb/asm/Label;Lsl/org/objectweb/asm/Label;Lsl/org/objectweb/asm/Label;Ljava/lang/String;)V @ 16
Event: 45.802 Thread 0x0000000058136000 Uncommon trap: reason=bimorphic action=maybe_recompile pc=0x00000000040de930 method=sl.org.objectweb.asm.MethodVisitor.visitTryCatchBlock(Lsl/org/objectweb/asm/Label;Lsl/org/objectweb/asm/Label;Lsl/org/objectweb/asm/Label;Ljava/lang/String;)V @ 16
Event: 46.786 Thread 0x0000000058136000 Uncommon trap: reason=bimorphic action=maybe_recompile pc=0x00000000040de930 method=sl.org.objectweb.asm.MethodVisitor.visitTryCatchBlock(Lsl/org/objectweb/asm/Label;Lsl/org/objectweb/asm/Label;Lsl/org/objectweb/asm/Label;Ljava/lang/String;)V @ 16
Event: 46.848 Thread 0x0000000058136000 Uncommon trap: reason=bimorphic action=maybe_recompile pc=0x00000000040de930 method=sl.org.objectweb.asm.MethodVisitor.visitTryCatchBlock(Lsl/org/objectweb/asm/Label;Lsl/org/objectweb/asm/Label;Lsl/org/objectweb/asm/Label;Ljava/lang/String;)V @ 16
Event: 51.818 Thread 0x0000000058136000 Uncommon trap: reason=class_check action=maybe_recompile pc=0x00000000043839b0 method=org.codehaus.groovy.runtime.metaclass.MetaMethodIndex.addMethodToList(Ljava/lang/Object;Lgroovy/lang/MetaMethod;)Ljava/lang/Object; @ 68

Internal exceptions (10 events):
Event: 51.865 Thread 0x0000000058136000 Exception <a 'java/security/PrivilegedActionException'> (0x00000000f33d91b8) thrown at [C:\re\workspace\8-2-build-windows-amd64-cygwin\jdk8u11\648\hotspot\src\share\vm\prims\jvm.cpp, line 1248]
Event: 51.866 Thread 0x0000000058136000 Exception <a 'java/lang/ClassNotFoundException': grails/plugin/springsecurity/web/access/expression/WebExpressionConfigAttributeBeanInfo> (0x00000000f33da118) thrown at [C:\re\workspace\8-2-build-windows-amd64-cygwin\jdk8u11\648\hotspot\src\share\vm\classfÃ3çµÏÓI@
Event: 51.867 Thread 0x0000000058136000 Exception <a 'java/security/PrivilegedActionException'> (0x00000000f33db580) thrown at [C:\re\workspace\8-2-build-windows-amd64-cygwin\jdk8u11\648\hotspot\src\share\vm\prims\jvm.cpp, line 1248]
Event: 51.867 Thread 0x0000000058136000 Exception <a 'java/security/PrivilegedActionException'> (0x00000000f33e0b60) thrown at [C:\re\workspace\8-2-build-windows-amd64-cygwin\jdk8u11\648\hotspot\src\share\vm\prims\jvm.cpp, line 1248]
Event: 51.867 Thread 0x0000000058136000 Exception <a 'java/security/PrivilegedActionException'> (0x00000000f33f6298) thrown at [C:\re\workspace\8-2-build-windows-amd64-cygwin\jdk8u11\648\hotspot\src\share\vm\prims\jvm.cpp, line 1248]
Event: 51.868 Thread 0x0000000058136000 Exception <a 'java/security/PrivilegedActionException'> (0x00000000f3410e70) thrown at [C:\re\workspace\8-2-build-windows-amd64-cygwin\jdk8u11\648\hotspot\src\share\vm\prims\jvm.cpp, line 1248]
Event: 51.868 Thread 0x0000000058136000 Exception <a 'java/security/PrivilegedActionException'> (0x00000000f3416450) thrown at [C:\re\workspace\8-2-build-windows-amd64-cygwin\jdk8u11\648\hotspot\src\share\vm\prims\jvm.cpp, line 1248]
Event: 51.868 Thread 0x0000000058136000 Exception <a 'java/security/PrivilegedActionException'> (0x00000000f342bb88) thrown at [C:\re\workspace\8-2-build-windows-amd64-cygwin\jdk8u11\648\hotspot\src\share\vm\prims\jvm.cpp, line 1248]
Event: 51.869 Thread 0x0000000058136000 Exception <a 'java/security/PrivilegedActionException'> (0x00000000f3de4520) thrown at [C:\re\workspace\8-2-build-windows-amd64-cygwin\jdk8u11\648\hotspot\src\share\vm\prims\jvm.cpp, line 1248]
Event: 51.869 Thread 0x0000000058136000 Exception <a 'java/lang/ClassNotFoundException': grails/plugin/springsecurity/web/access/expression/WebExpressionConfigAttributeCustomizer> (0x00000000f3de5488) thrown at [C:\re\workspace\8-2-build-windows-amd64-cygwin\jdk8u11\648\hotspot\src\share\vm\clas/^i¡ÓI@

Events (10 events):
Event: 51.864 loading class grails/plugin/springsecurity/web/access/expression/WebExpressionConfigAttributeBeanInfo
Event: 51.864 loading class grails/plugin/springsecurity/web/access/expression/WebExpressionConfigAttributeBeanInfo done
Event: 51.865 loading class grails/plugin/springsecurity/web/access/expression/WebExpressionConfigAttributeBeanInfo
Event: 51.865 loading class grails/plugin/springsecurity/web/access/expression/WebExpressionConfigAttributeBeanInfo done
Event: 51.866 loading class grails/plugin/springsecurity/web/access/expression/WebExpressionConfigAttributeCustomizer
Event: 51.866 loading class grails/plugin/springsecurity/web/access/expression/WebExpressionConfigAttributeCustomizer done
Event: 51.868 loading class grails/plugin/springsecurity/web/access/expression/WebExpressionConfigAttributeCustomizer
Event: 51.868 loading class grails/plugin/springsecurity/web/access/expression/WebExpressionConfigAttributeCustomizer done
Event: 51.869 loading class grails/plugin/springsecurity/web/access/expression/WebExpressionConfigAttributeCustomizer
Event: 51.869 loading class grails/plugin/springsecurity/web/access/expression/WebExpressionConfigAttributeCustomizer done


Dynamic libraries:
0x000000013f900000 - 0x000000013f934000 	C:\Program Files\Java\jdk1.8.0_11\bin\java.exe
0x0000000077430000 - 0x00000000775d9000 	C:\Windows\SYSTEM32\ntdll.dll
0x00000000771b0000 - 0x00000000772cf000 	C:\Windows\system32\kernel32.dll
0x000007fefd9a0000 - 0x000007fefda0c000 	C:\Windows\system32\KERNELBASE.dll
0x000007fefe5e0000 - 0x000007fefe6bb000 	C:\Windows\system32\ADVAPI32.dll
0x000007fefe030000 - 0x000007fefe0cf000 	C:\Windows\system32\msvcrt.dll
0x000007fefe3a0000 - 0x000007fefe3bf000 	C:\Windows\SYSTEM32\sechost.dll
0x000007fefdea0000 - 0x000007fefdfcd000 	C:\Windows\system32\RPCRT4.dll
0x0000000076e90000 - 0x0000000076f8a000 	C:\Windows\system32\USER32.dll
0x000007fefe2b0000 - 0x000007fefe317000 	C:\Windows\system32\GDI32.dll
0x000007fefe460000 - 0x000007fefe46e000 	C:\Windows\system32\LPK.dll
0x000007fefe510000 - 0x000007fefe5d9000 	C:\Windows\system32\USP10.dll
0x000007fefbe90000 - 0x000007fefc084000 	C:\Windows\WinSxS\amd64_microsoft.windows.common-controls_6595b64144ccf1df_6.0.7601.17514_none_fa396087175ac9ac\COMCTL32.dll
0x000007fefe490000 - 0x000007fefe501000 	C:\Windows\system32\SHLWAPI.dll
0x000007fefdc60000 - 0x000007fefdc8e000 	C:\Windows\system32\IMM32.DLL
0x000007feff4a0000 - 0x000007feff5a9000 	C:\Windows\system32\MSCTF.dll
0x0000000180000000 - 0x000000018001c000 	C:\Windows\system32\btpload64.dll
0x0000000077600000 - 0x0000000077607000 	C:\Windows\system32\PSAPI.DLL
0x0000000000230000 - 0x000000000025c000 	C:\Windows\system32\privman64.dll
0x000007fefd7e0000 - 0x000007fefd7ec000 	C:\Windows\system32\VERSION.dll
0x000007fefe6c0000 - 0x000007feff449000 	C:\Windows\system32\SHELL32.dll
0x000007fefd7c0000 - 0x000007fefd7de000 	C:\Windows\system32\USERENV.dll
0x000007fefd890000 - 0x000007fefd89f000 	C:\Windows\system32\profapi.dll
0x000000006eba0000 - 0x000000006ec72000 	C:\Program Files\Java\jdk1.8.0_11\jre\bin\msvcr100.dll
0x000000005f0a0000 - 0x000000005f8ca000 	C:\Program Files\Java\jdk1.8.0_11\jre\bin\server\jvm.dll
0x000007fefcd70000 - 0x000007fefcd79000 	C:\Windows\system32\WSOCK32.dll
0x000007feff450000 - 0x000007feff49d000 	C:\Windows\system32\WS2_32.dll
0x000007feff650000 - 0x000007feff658000 	C:\Windows\system32\NSI.dll
0x000007fefaf70000 - 0x000007fefafab000 	C:\Windows\system32\WINMM.dll
0x000000006ff50000 - 0x000000006ff5f000 	C:\Program Files\Java\jdk1.8.0_11\jre\bin\verify.dll
0x000000006f690000 - 0x000000006f6b8000 	C:\Program Files\Java\jdk1.8.0_11\jre\bin\java.dll
0x000000006d1c0000 - 0x000000006d1e3000 	C:\Program Files\Java\jdk1.8.0_11\jre\bin\instrument.dll
0x000000006f670000 - 0x000000006f686000 	C:\Program Files\Java\jdk1.8.0_11\jre\bin\zip.dll
0x000007fefdc90000 - 0x000007fefde93000 	C:\Windows\system32\ole32.dll
0x000007fefd130000 - 0x000007fefd147000 	C:\Windows\system32\CRYPTSP.dll
0x000007fefce30000 - 0x000007fefce77000 	C:\Windows\system32\rsaenh.dll
0x000007fefd790000 - 0x000007fefd79f000 	C:\Windows\system32\CRYPTBASE.dll
0x000000006f580000 - 0x000000006f59a000 	C:\Program Files\Java\jdk1.8.0_11\jre\bin\net.dll
0x000007fefd0d0000 - 0x000007fefd125000 	C:\Windows\system32\mswsock.dll
0x000007fefd0c0000 - 0x000007fefd0c7000 	C:\Windows\System32\wship6.dll
0x000007fefc830000 - 0x000007fefc857000 	C:\Windows\system32\IPHLPAPI.DLL
0x000007fefc820000 - 0x000007fefc82b000 	C:\Windows\system32\WINNSI.DLL
0x000007fefaed0000 - 0x000007fefaee8000 	C:\Windows\system32\dhcpcsvc.DLL
0x000007fefaeb0000 - 0x000007fefaec1000 	C:\Windows\system32\dhcpcsvc6.DLL
0x000000006f4a0000 - 0x000000006f4b1000 	C:\Program Files\Java\jdk1.8.0_11\jre\bin\nio.dll
0x000007fefc360000 - 0x000007fefc36a000 	C:\Users\rgopal\AppData\Local\Temp\jansi-64-594905049867862284.dll
0x000000006ff40000 - 0x000000006ff4d000 	C:\Program Files\Java\jdk1.8.0_11\jre\bin\management.dll
0x000007fefc930000 - 0x000007fefc937000 	C:\Windows\System32\wshtcpip.dll
0x000007fefcf50000 - 0x000007fefcfab000 	C:\Windows\system32\DNSAPI.dll
0x0000000074b00000 - 0x0000000074b26000 	C:\Program Files\Bonjour\mdnsNSP.dll
0x000007fefae40000 - 0x000007fefae48000 	C:\Windows\system32\rasadhlp.dll
0x000007fefae50000 - 0x000007fefaea3000 	C:\Windows\System32\fwpuclnt.dll
0x000007fefaf50000 - 0x000007fefaf65000 	C:\Windows\system32\NLAapi.dll
0x000007fefaf30000 - 0x000007fefaf45000 	C:\Windows\system32\napinsp.dll
0x000007fefaf10000 - 0x000007fefaf29000 	C:\Windows\system32\pnrpnsp.dll
0x000007fefaf00000 - 0x000007fefaf0b000 	C:\Windows\System32\winrnr.dll
0x000007fefaef0000 - 0x000007fefaf00000 	C:\Windows\system32\wshbth.dll
0x000007fef4790000 - 0x000007fef48b5000 	C:\Windows\system32\dbghelp.dll

VM Arguments:
jvm_args: -Dfile.encoding=UTF-8 -Xmx768M -Xms64M -Dgrails.fork.parent.process.port=62111 -Dgrails.fork.active=true -Dgrails.build.execution.context=C:\Users\rgopal\AppData\Local\Temp\central3496540208419999291grails-execution-context -Dgrails.home=C:\Users\rgopal\Documents\grails-2.4.4\grails-2.4.4 -javaagent:C:\Users\rgopal\Documents\grails-2.4.4\grails-2.4.4\lib\org.springframework\springloaded\jars\springloaded-1.2.1.RELEASE.jar -Xverify:none -Dspringloaded.synchronize=true -Djdk.reflect.allowGetCallerClass=true -Dspringloaded=profile=grails;cacheDir=C:\Users\rgopal/.grails/2.4.4/ 
java_command: org.grails.plugins.tomcat.fork.ForkedTomcatServer
java_class_path (initial): C:\Program Files\Java\jdk1.8.0_11\lib\tools.jar;C:\Users\rgopal\Documents\grails-2.4.4\grails-2.4.4\lib\org.codehaus.groovy\groovy-all\jars\groovy-all-2.3.7.jar;C:\Users\rgopal\Documents\grails-2.4.4\grails-2.4.4\lib\org.slf4j\jcl-over-slf4j\jars\jcl-over-slf4j-1.7.5.jar;C:\Users\rgopal\Documents\grails-2.4.4\grails-2.4.4\lib\org.codehaus.gant\gant_groovy1.8\jars\gant_groovy1.8-1.9.6.jar;C:\Users\rgopal\Documents\grails-2.4.4\grails-2.4.4\lib\org.apache.tomcat.embed\tomcat-embed-logging-log4j\jars\tomcat-embed-logging-log4j-7.0.50.jar;C:\Users\rgopal\Documents\grails-2.4.4\grails-2.4.4\dist\grails-plugin-log4j-2.4.4.jar;C:\Users\rgopal\Documents\grails-2.4.4\grails-2.4.4\lib\log4j\log4j\jars\log4j-1.2.17.jar;C:\Users\rgopal\Documents\grails-2.4.4\grails-2.4.4\dist\grails-bootstrap-2.4.4.jar;C:\Users\rgopal\Documents\grails-2.4.4\grails-2.4.4\lib\org.slf4j\slf4j-api\jars\slf4j-api-1.7.5.jar;C:\Users\rgopal\Documents\grails-2.4.4\grails-2.4.4\lib\jline\jline\jars\jline-2.12.jar;C:\Users\rgopal\Documents\grails-2.4.4\grails-2.4.4\lib\org.apache.ant\ant\jars\ant-1.8.4.jar;C:\Users\rgopal\Documents\grails-2.4.4\grails-2.4.4\lib\org.apache.ant\ant-launcher\jars\ant-launcher-1.8.4.jar;C:\Users\rgopal\Documents\grails-2.4.4\grails-2.4.4\lib\org.apache.ant\ant-trax\jars\ant-trax-1.7.1.jar;C:\Users\rgopal\Documents\grails-2.4.4\grails-2.4.4\lib\org.apache.ant\ant-junit\jars\ant-junit-1.8.4.jar;C:\Users\rgopal\Documents\grails-2.4.4\grails-2.4.4\lib\org.apache.ivy\ivy\jars\ivy-2.3.0.jar;C:\Users\rgopal\Documents\grails-2.4.4\grails-2.4.4\lib\org.fusesource.jansi\jansi\jars\jansi-1.11.jar;C:\Users\rgopal\.m2\repository\org\apache\tomcat\tomcat-catalina-ant\7.0.55\tomcat-catalina-ant-7.0.55.jar;C:\Users\rgopal\.m2\repository\org\apache\tomcat\embed\tomcat-embed-jasper\7.0.55\tomcat-embed-jasper-7.0.55.jar;C:\Users\rgopal\.m2\repository\org\apache\tomcat\embed\tomcat-embed-el\7.0.55\tomcat-embed-el-7.0.55.jar;C:\Users\rgopal\.m2\repository\org\apache\
Launcher Type: SUN_STANDARD

Environment Variables:
JAVA_HOME=C:\Program Files\Java\jdk1.8.0_11
PATH=C:\Windows\system32;C:\Windows;C:\Windows\System32\Wbem;C:\Windows\System32\WindowsPowerShell\v1.0\;C:\users\rgopal\My Documents\springsource\grails-2.3.5\bin\;c:\Program Files\Java\jdk1.7.0_51\bin\;C:\Program Files (x86)\MiKTeX 2.9\miktex\bin\
USERNAME=rgopal
OS=Windows_NT
PROCESSOR_IDENTIFIER=Intel64 Family 6 Model 37 Stepping 5, GenuineIntel



---------------  S Y S T E M  ---------------

OS: Windows 7 , 64 bit Build 7601 Service Pack 1

CPU:total 4 (2 cores per cpu, 2 threads per core) family 6 model 37 stepping 5, cmov, cx8, fxsr, mmx, sse, sse2, sse3, ssse3, sse4.1, sse4.2, popcnt, aes, clmul, ht, tsc, tscinvbit

Memory: 4k page, physical 8181608k(3053800k free), swap 16361352k(8979352k free)

vm_info: Java HotSpot(TM) 64-Bit Server VM (25.11-b03) for windows-amd64 JRE (1.8.0_11-b12), built on Jun 16 2014 20:57:32 by "java_re" with MS VC++ 10.0 (VS2010)

time: Wed May 06 20:48:23 2015
elapsed time: 51 seconds

