#
# A fatal error has been detected by the Java Runtime Environment:
#
#  EXCEPTION_ACCESS_VIOLATION (0xc0000005) at pc=0x0000000063dd4db2, pid=7116, tid=748
#
# JRE version: Java(TM) SE Runtime Environment (8.0_11-b12) (build 1.8.0_11-b12)
# Java VM: Java HotSpot(TM) 64-Bit Server VM (25.11-b03 mixed mode windows-amd64 compressed oops)
# Problematic frame:
# V  [jvm.dll+0x424db2]
#
# Failed to write core dump. Minidumps are not enabled by default on client versions of Windows
#
# If you would like to submit a bug report, please visit:
#   http://bugreport.sun.com/bugreport/crash.jsp
#

---------------  T H R E A D  ---------------

Current thread (0x000000005607c000):  JavaThread "C2 CompilerThread1" daemon [_thread_in_native, id=748, stack(0x0000000056800000,0x0000000056900000)]

siginfo: ExceptionCode=0xc0000005, reading address 0x0000000000000000

Registers:
RAX=0x00000000594c43e8, RBX=0x0000000000000600, RCX=0x0000000000000000, RDX=0x0000000058bc7f80
RSP=0x00000000568fc5f0, RBP=0x00000000000000c0, RSI=0x00000000000000b8, RDI=0x0000000000000000
R8 =0x00000000639b0000, R9 =0x00000000568fc910, R10=0x00000000ffffffff, R11=0x0000000056080870
R12=0x00000000594c4b00, R13=0x0000000058671448, R14=0x0000000000000008, R15=0x0000000058671448
RIP=0x0000000063dd4db2, EFLAGS=0x0000000000010206

Top of Stack: (sp=0x00000000568fc5f0)
0x00000000568fc5f0:   00000000000000dc 0000000058bc36e0
0x00000000568fc600:   0000000000000000 0000000056149280
0x00000000568fc610:   0000000000000001 0000000000000600
0x00000000568fc620:   0000000000000180 00000000000000c0
0x00000000568fc630:   0000000058175c90 0000000056074420
0x00000000568fc640:   0000000000000740 0000000058bc36e0
0x00000000568fc650:   00000000568fc910 00000000594c1470
0x00000000568fc660:   0000000000000020 0000000000000009
0x00000000568fc670:   00000000594c4ad0 00000000000000dc
0x00000000568fc680:   0000000058671448 0000000063dd598d
0x00000000568fc690:   00000000594c4ad0 000000000000001c
0x00000000568fc6a0:   00000000000000dc 00000000568fc910
0x00000000568fc6b0:   0000000058bc7f80 00000000000000dc
0x00000000568fc6c0:   00000000594c1470 0000000000000020
0x00000000568fc6d0:   000000005b7edca8 00000000568fec80
0x00000000568fc6e0:   000000005b7ee2d8 00000000594c4ad0 

Instructions: (pc=0x0000000063dd4db2)
0x0000000063dd4d92:   c6 48 63 f0 48 03 f1 eb 04 48 83 ce ff 48 8b 84
0x0000000063dd4da2:   24 a0 00 00 00 48 8b 40 08 48 8b 3c 03 48 8b cf
0x0000000063dd4db2:   48 8b 07 ff 50 28 4c 8d 05 41 b2 bd ff 48 63 50
0x0000000063dd4dc2:   10 4c 8b d8 48 8b ca 48 c1 e1 05 42 80 bc 01 c0 


Register to memory mapping:

RAX=0x00000000594c43e8 is an unknown value
RBX=0x0000000000000600 is an unknown value
RCX=0x0000000000000000 is an unknown value
RDX=0x0000000058bc7f80 is an unknown value
RSP=0x00000000568fc5f0 is pointing into the stack for thread: 0x000000005607c000
RBP=0x00000000000000c0 is an unknown value
RSI=0x00000000000000b8 is an unknown value
RDI=0x0000000000000000 is an unknown value
R8 =0x00000000639b0000 is an unknown value
R9 =0x00000000568fc910 is pointing into the stack for thread: 0x000000005607c000
R10=0x00000000ffffffff is an unknown value
R11=0x0000000056080870 is an unknown value
R12=0x00000000594c4b00 is an unknown value
R13=0x0000000058671448 is an unknown value
R14=0x0000000000000008 is an unknown value
R15=0x0000000058671448 is an unknown value


Stack: [0x0000000056800000,0x0000000056900000],  sp=0x00000000568fc5f0,  free space=1009k
Native frames: (J=compiled Java code, j=interpreted, Vv=VM code, C=native code)
V  [jvm.dll+0x424db2]
V  [jvm.dll+0x42598d]
V  [jvm.dll+0x425ecf]
V  [jvm.dll+0x4c5a84]
V  [jvm.dll+0x4415bc]
V  [jvm.dll+0x443a29]
V  [jvm.dll+0x427722]
V  [jvm.dll+0x96982]
V  [jvm.dll+0x97173]
V  [jvm.dll+0x2234b4]
V  [jvm.dll+0x27bcca]
C  [msvcr100.dll+0x21d9f]
C  [msvcr100.dll+0x21e3b]
C  [kernel32.dll+0x159ed]
C  [ntdll.dll+0x2c541]


Current CompileTask:
C2:  67142 7394       4       groovy.lang.MetaClassImpl::findPropertyMethod (356 bytes)


---------------  P R O C E S S  ---------------

Java Threads: ( => current thread )
  0x000000005bc95800 JavaThread "net.sf.ehcache.CacheManager@37fcff49" daemon [_thread_blocked, id=7560, stack(0x000000005ff60000,0x0000000060060000)]
  0x000000005bc94800 JavaThread "com.oumuo.SecurityGroup.data" daemon [_thread_blocked, id=1852, stack(0x0000000060080000,0x0000000060180000)]
  0x000000005bc93000 JavaThread "com.oumuo.Authority.data" daemon [_thread_blocked, id=2892, stack(0x000000005fa60000,0x000000005fb60000)]
  0x000000005bb38000 JavaThread "net.sf.ehcache.CacheManager@1827739f" daemon [_thread_blocked, id=1204, stack(0x000000005c460000,0x000000005c560000)]
  0x0000000059a73800 JavaThread "PoolCleaner[192694377:1430064398914]" daemon [_thread_blocked, id=8960, stack(0x000000005efc0000,0x000000005f0c0000)]
  0x000000005876a800 JavaThread "FileSystemWatcher: files=#311 cl=groovy.lang.GroovyClassLoader@b7c4869" daemon [_thread_blocked, id=7684, stack(0x000000005bf10000,0x000000005c010000)]
  0x0000000058539000 JavaThread "localhost-startStop-1" daemon [_thread_in_Java, id=7080, stack(0x0000000057a30000,0x0000000057b30000)]
  0x0000000058ad6000 JavaThread "Tomcat-startStop-1" daemon [_thread_blocked, id=8936, stack(0x000000005ad40000,0x000000005ae40000)]
  0x000000005972d800 JavaThread "Thread-3" [_thread_in_native, id=8504, stack(0x000000005a940000,0x000000005aa40000)]
  0x000000005892b800 JavaThread "Thread-2" [_thread_blocked, id=9436, stack(0x000000005a2b0000,0x000000005a3b0000)]
  0x0000000057222800 JavaThread "NonBlockingInputStreamThread" daemon [_thread_blocked, id=8928, stack(0x0000000057b50000,0x0000000057c50000)]
  0x000000005619f800 JavaThread "Service Thread" daemon [_thread_blocked, id=10752, stack(0x0000000056b50000,0x0000000056c50000)]
  0x00000000560c6000 JavaThread "C1 CompilerThread2" daemon [_thread_blocked, id=8268, stack(0x0000000056a00000,0x0000000056b00000)]
=>0x000000005607c000 JavaThread "C2 CompilerThread1" daemon [_thread_in_native, id=748, stack(0x0000000056800000,0x0000000056900000)]
  0x000000005607b000 JavaThread "C2 CompilerThread0" daemon [_thread_in_native, id=9344, stack(0x00000000566b0000,0x00000000567b0000)]
  0x0000000055f84800 JavaThread "Attach Listener" daemon [_thread_blocked, id=4608, stack(0x00000000564c0000,0x00000000565c0000)]
  0x0000000054b39000 JavaThread "Signal Dispatcher" daemon [_thread_blocked, id=8448, stack(0x00000000563a0000,0x00000000564a0000)]
  0x0000000054ad1000 JavaThread "Finalizer" daemon [_thread_blocked, id=10704, stack(0x0000000055e80000,0x0000000055f80000)]
  0x0000000054acb800 JavaThread "Reference Handler" daemon [_thread_blocked, id=7848, stack(0x0000000055d40000,0x0000000055e40000)]
  0x00000000028da000 JavaThread "main" [_thread_blocked, id=3432, stack(0x0000000002b40000,0x0000000002c40000)]

Other Threads:
  0x0000000054ac8000 VMThread [stack: 0x0000000055b40000,0x0000000055c40000] [id=6672]
  0x00000000561a8000 WatcherThread [stack: 0x0000000056dc0000,0x0000000056ec0000] [id=8488]

VM state:not at safepoint (normal execution)

VM Mutex/Monitor currently owned by a thread: None

Heap:
 PSYoungGen      total 221696K, used 170040K [0x00000000f0000000, 0x0000000100000000, 0x0000000100000000)
  eden space 195584K, 75% used [0x00000000f0000000,0x00000000f9081448,0x00000000fbf00000)
  from space 26112K, 84% used [0x00000000fe680000,0x00000000ffc0cf70,0x0000000100000000)
  to   space 33280K, 0% used [0x00000000fbf00000,0x00000000fbf00000,0x00000000fdf80000)
 ParOldGen       total 136192K, used 122408K [0x00000000d0000000, 0x00000000d8500000, 0x00000000f0000000)
  object space 136192K, 89% used [0x00000000d0000000,0x00000000d778a130,0x00000000d8500000)
 Metaspace       used 72407K, capacity 74492K, committed 74752K, reserved 1116160K
  class space    used 7486K, capacity 8074K, committed 8192K, reserved 1048576K

Card table byte_map: [0x0000000012000000,0x0000000012190000] byte_map_base: 0x0000000011980000

Marking Bits: (ParMarkBitMap*) 0x00000000641612b0
 Begin Bits: [0x00000000127c0000, 0x00000000133c0000)
 End Bits:   [0x00000000133c0000, 0x0000000013fc0000)

Polling page: 0x0000000000390000

CodeCache: size=245760Kb used=24578Kb max_used=24678Kb free=221182Kb
 bounds [0x0000000002c40000, 0x00000000044c0000, 0x0000000011c40000]
 total_blobs=7149 nmethods=6384 adapters=675
 compilation: enabled

Compilation events (10 events):
Event: 67.044 Thread 0x00000000560c6000 7419       1       org.codehaus.groovy.runtime.metaclass.ClosureStaticMetaMethod::getName (5 bytes)
Event: 67.044 Thread 0x00000000560c6000 nmethod 7419 0x00000000036d3a90 code [0x00000000036d3be0, 0x00000000036d3cf0]
Event: 67.044 Thread 0x00000000560c6000 7420 %     3       groovy.lang.ExpandoMetaClass$ExpandoMetaProperty::checkIfMethodExists @ 21 (88 bytes)
Event: 67.045 Thread 0x00000000560c6000 nmethod 7420% 0x0000000002d4fa50 code [0x0000000002d4fc20, 0x0000000002d505b8]
Event: 67.073 Thread 0x00000000560c6000 7421       2       groovy.lang.MetaClassImpl::dropMethodCache (9 bytes)
Event: 67.073 Thread 0x00000000560c6000 nmethod 7421 0x0000000003af1110 code [0x0000000003af1280, 0x0000000003af13e8]
Event: 67.073 Thread 0x00000000560c6000 7422       2       groovy.lang.ExpandoMetaClass$3::call (244 bytes)
Event: 67.075 Thread 0x00000000560c6000 nmethod 7422 0x0000000002ebb850 code [0x0000000002ebbae0, 0x0000000002ebc3b8]
Event: 67.087 Thread 0x00000000560c6000 7423       2       java.util.regex.Pattern$Dollar::study (14 bytes)
Event: 67.087 Thread 0x00000000560c6000 nmethod 7423 0x0000000002ebb490 code [0x0000000002ebb600, 0x0000000002ebb788]

GC Heap History (10 events):
Event: 59.630 GC heap before
{Heap before GC invocations=56 (full 8):
 PSYoungGen      total 232448K, used 206336K [0x00000000f0000000, 0x00000000ffd80000, 0x0000000100000000)
  eden space 206336K, 100% used [0x00000000f0000000,0x00000000fc980000,0x00000000fc980000)
  from space 26112K, 0% used [0x00000000fc980000,0x00000000fc980000,0x00000000fe300000)
  to   space 25088K, 0% used [0x00000000fe500000,0x00000000fe500000,0x00000000ffd80000)
 ParOldGen       total 136192K, used 114138K [0x00000000d0000000, 0x00000000d8500000, 0x00000000f0000000)
  object space 136192K, 83% used [0x00000000d0000000,0x00000000d6f76bf8,0x00000000d8500000)
 Metaspace       used 66716K, capacity 68542K, committed 68864K, reserved 1110016K
  class space    used 6822K, capacity 7384K, committed 7424K, reserved 1048576K
Event: 59.665 GC heap after
Heap after GC invocations=56 (full 8):
 PSYoungGen      total 234496K, used 7146K [0x00000000f0000000, 0x00000000ffc00000, 0x0000000100000000)
  eden space 210944K, 0% used [0x00000000f0000000,0x00000000f0000000,0x00000000fce00000)
  from space 23552K, 30% used [0x00000000fe500000,0x00000000febfaab0,0x00000000ffc00000)
  to   space 23552K, 0% used [0x00000000fce00000,0x00000000fce00000,0x00000000fe500000)
 ParOldGen       total 136192K, used 114138K [0x00000000d0000000, 0x00000000d8500000, 0x00000000f0000000)
  object space 136192K, 83% used [0x00000000d0000000,0x00000000d6f76bf8,0x00000000d8500000)
 Metaspace       used 66716K, capacity 68542K, committed 68864K, reserved 1110016K
  class space    used 6822K, capacity 7384K, committed 7424K, reserved 1048576K
}
Event: 60.921 GC heap before
{Heap before GC invocations=57 (full 8):
 PSYoungGen      total 234496K, used 217070K [0x00000000f0000000, 0x00000000ffc00000, 0x0000000100000000)
  eden space 210944K, 99% used [0x00000000f0000000,0x00000000fcd00f00,0x00000000fce00000)
  from space 23552K, 30% used [0x00000000fe500000,0x00000000febfaab0,0x00000000ffc00000)
  to   space 23552K, 0% used [0x00000000fce00000,0x00000000fce00000,0x00000000fe500000)
 ParOldGen       total 136192K, used 114138K [0x00000000d0000000, 0x00000000d8500000, 0x00000000f0000000)
  object space 136192K, 83% used [0x00000000d0000000,0x00000000d6f76bf8,0x00000000d8500000)
 Metaspace       used 68314K, capacity 70206K, committed 70400K, reserved 1112064K
  class space    used 6990K, capacity 7576K, committed 7680K, reserved 1048576K
Event: 60.965 GC heap after
Heap after GC invocations=57 (full 8):
 PSYoungGen      total 234496K, used 12122K [0x00000000f0000000, 0x0000000100000000, 0x0000000100000000)
  eden space 210944K, 0% used [0x00000000f0000000,0x00000000f0000000,0x00000000fce00000)
  from space 23552K, 51% used [0x00000000fce00000,0x00000000fd9d6968,0x00000000fe500000)
  to   space 23552K, 0% used [0x00000000fe900000,0x00000000fe900000,0x0000000100000000)
 ParOldGen       total 136192K, used 114146K [0x00000000d0000000, 0x00000000d8500000, 0x00000000f0000000)
  object space 136192K, 83% used [0x00000000d0000000,0x00000000d6f78bf8,0x00000000d8500000)
 Metaspace       used 68314K, capacity 70206K, committed 70400K, reserved 1112064K
  class space    used 6990K, capacity 7576K, committed 7680K, reserved 1048576K
}
Event: 63.283 GC heap before
{Heap before GC invocations=58 (full 8):
 PSYoungGen      total 234496K, used 223066K [0x00000000f0000000, 0x0000000100000000, 0x0000000100000000)
  eden space 210944K, 100% used [0x00000000f0000000,0x00000000fce00000,0x00000000fce00000)
  from space 23552K, 51% used [0x00000000fce00000,0x00000000fd9d6968,0x00000000fe500000)
  to   space 23552K, 0% used [0x00000000fe900000,0x00000000fe900000,0x0000000100000000)
 ParOldGen       total 136192K, used 114146K [0x00000000d0000000, 0x00000000d8500000, 0x00000000f0000000)
  object space 136192K, 83% used [0x00000000d0000000,0x00000000d6f78bf8,0x00000000d8500000)
 Metaspace       used 69317K, capacity 71152K, committed 71424K, reserved 1114112K
  class space    used 7080K, capacity 7651K, committed 7680K, reserved 1048576K
Event: 63.346 GC heap after
Heap after GC invocations=58 (full 8):
 PSYoungGen      total 233472K, used 20187K [0x00000000f0000000, 0x0000000100000000, 0x0000000100000000)
  eden space 209920K, 0% used [0x00000000f0000000,0x00000000f0000000,0x00000000fcd00000)
  from space 23552K, 85% used [0x00000000fe900000,0x00000000ffcb6f28,0x0000000100000000)
  to   space 26112K, 0% used [0x00000000fcd00000,0x00000000fcd00000,0x00000000fe680000)
 ParOldGen       total 136192K, used 114154K [0x00000000d0000000, 0x00000000d8500000, 0x00000000f0000000)
  object space 136192K, 83% used [0x00000000d0000000,0x00000000d6f7abf8,0x00000000d8500000)
 Metaspace       used 69317K, capacity 71152K, committed 71424K, reserved 1114112K
  class space    used 7080K, capacity 7651K, committed 7680K, reserved 1048576K
}
Event: 65.110 GC heap before
{Heap before GC invocations=59 (full 8):
 PSYoungGen      total 233472K, used 227245K [0x00000000f0000000, 0x0000000100000000, 0x0000000100000000)
  eden space 209920K, 98% used [0x00000000f0000000,0x00000000fca34898,0x00000000fcd00000)
  from space 23552K, 85% used [0x00000000fe900000,0x00000000ffcb6f28,0x0000000100000000)
  to   space 26112K, 0% used [0x00000000fcd00000,0x00000000fcd00000,0x00000000fe680000)
 ParOldGen       total 136192K, used 114154K [0x00000000d0000000, 0x00000000d8500000, 0x00000000f0000000)
  object space 136192K, 83% used [0x00000000d0000000,0x00000000d6f7abf8,0x00000000d8500000)
 Metaspace       used 70981K, capacity 72882K, committed 73216K, reserved 1114112K
  class space    used 7322K, capacity 7896K, committed 7936K, reserved 1048576K
Event: 65.152 GC heap after
Heap after GC invocations=59 (full 8):
 PSYoungGen      total 236032K, used 26080K [0x00000000f0000000, 0x0000000100000000, 0x0000000100000000)
  eden space 209920K, 0% used [0x00000000f0000000,0x00000000f0000000,0x00000000fcd00000)
  from space 26112K, 99% used [0x00000000fcd00000,0x00000000fe6780b8,0x00000000fe680000)
  to   space 26112K, 0% used [0x00000000fe680000,0x00000000fe680000,0x0000000100000000)
 ParOldGen       total 136192K, used 116096K [0x00000000d0000000, 0x00000000d8500000, 0x00000000f0000000)
  object space 136192K, 85% used [0x00000000d0000000,0x00000000d71600a0,0x00000000d8500000)
 Metaspace       used 70981K, capacity 72882K, committed 73216K, reserved 1114112K
  class space    used 7322K, capacity 7896K, committed 7936K, reserved 1048576K
}
Event: 65.825 GC heap before
{Heap before GC invocations=60 (full 8):
 PSYoungGen      total 236032K, used 235066K [0x00000000f0000000, 0x0000000100000000, 0x0000000100000000)
  eden space 209920K, 99% used [0x00000000f0000000,0x00000000fcc16948,0x00000000fcd00000)
  from space 26112K, 99% used [0x00000000fcd00000,0x00000000fe6780b8,0x00000000fe680000)
  to   space 26112K, 0% used [0x00000000fe680000,0x00000000fe680000,0x0000000100000000)
 ParOldGen       total 136192K, used 116096K [0x00000000d0000000, 0x00000000d8500000, 0x00000000f0000000)
  object space 136192K, 85% used [0x00000000d0000000,0x00000000d71600a0,0x00000000d8500000)
 Metaspace       used 71442K, capacity 73392K, committed 73472K, reserved 1114112K
  class space    used 7359K, capacity 7932K, committed 7936K, reserved 1048576K
Event: 65.952 GC heap after
Heap after GC invocations=60 (full 8):
 PSYoungGen      total 221696K, used 22067K [0x00000000f0000000, 0x0000000100000000, 0x0000000100000000)
  eden space 195584K, 0% used [0x00000000f0000000,0x00000000f0000000,0x00000000fbf00000)
  from space 26112K, 84% used [0x00000000fe680000,0x00000000ffc0cf70,0x0000000100000000)
  to   space 33280K, 0% used [0x00000000fbf00000,0x00000000fbf00000,0x00000000fdf80000)
 ParOldGen       total 136192K, used 122408K [0x00000000d0000000, 0x00000000d8500000, 0x00000000f0000000)
  object space 136192K, 89% used [0x00000000d0000000,0x00000000d778a130,0x00000000d8500000)
 Metaspace       used 71442K, capacity 73392K, committed 73472K, reserved 1114112K
  class space    used 7359K, capacity 7932K, committed 7936K, reserved 1048576K
}

Deoptimization events (10 events):
Event: 62.417 Thread 0x0000000058539000 Uncommon trap: reason=unreached action=reinterpret pc=0x00000000031686f4 method=org.codehaus.groovy.runtime.metaclass.MetaMethodIndex.getMethods(Ljava/lang/Class;Ljava/lang/String;)Lorg/codehaus/groovy/runtime/metaclass/MetaMethodIndex$Entry; @ 61
Event: 62.864 Thread 0x0000000058539000 Uncommon trap: reason=class_check action=maybe_recompile pc=0x00000000040a4b28 method=java.lang.reflect.Executable.getAnnotation(Ljava/lang/Class;)Ljava/lang/annotation/Annotation; @ 19
Event: 62.868 Thread 0x0000000058539000 Uncommon trap: reason=unreached action=reinterpret pc=0x0000000003aa2288 method=org.springframework.beans.factory.support.AbstractAutowireCapableBeanFactory.predictBeanType(Ljava/lang/String;Lorg/springframework/beans/factory/support/RootBeanDefinition;[Lj¯•Å,úO@
Event: 63.954 Thread 0x0000000058539000 Uncommon trap: reason=null_check action=make_not_entrant pc=0x00000000043bcd0c method=java.beans.PropertyDescriptor.findPropertyType(Ljava/lang/reflect/Method;Ljava/lang/reflect/Method;)Ljava/lang/Class; @ 157
Event: 64.467 Thread 0x0000000058539000 Uncommon trap: reason=null_check action=make_not_entrant pc=0x00000000043f38a8 method=java.beans.Introspector.isAssignable(Ljava/lang/Class;Ljava/lang/Class;)Z @ 18
Event: 64.518 Thread 0x0000000058539000 Uncommon trap: reason=class_check action=maybe_recompile pc=0x00000000040a4b28 method=java.lang.reflect.Executable.getAnnotation(Ljava/lang/Class;)Ljava/lang/annotation/Annotation; @ 19
Event: 65.155 Thread 0x0000000058539000 Uncommon trap: reason=unreached action=reinterpret pc=0x000000000434c8a8 method=org.springframework.util.ObjectUtils.nullSafeEquals(Ljava/lang/Object;Ljava/lang/Object;)Z @ 8
Event: 65.293 Thread 0x0000000058539000 Uncommon trap: reason=null_check action=make_not_entrant pc=0x00000000041e9680 method=org.springsource.loaded.ri.ReloadableTypeMethodProvider.getMethod(Ljava/lang/String;[Ljava/lang/Class;)Lorg/springsource/loaded/ri/Invoker; @ 57
Event: 65.600 Thread 0x0000000058539000 Uncommon trap: reason=unloaded action=reinterpret pc=0x000000000400ba08 method=org.springframework.core.BridgeMethodResolver.findBridgedMethod(Ljava/lang/reflect/Method;)Ljava/lang/reflect/Method; @ 13
Event: 66.604 Thread 0x0000000058539000 Uncommon trap: reason=class_check action=maybe_recompile pc=0x00000000040a4b28 method=java.lang.reflect.Executable.getAnnotation(Ljava/lang/Class;)Ljava/lang/annotation/Annotation; @ 19

Internal exceptions (10 events):
Event: 67.085 Thread 0x0000000058539000 Exception <a 'java/lang/ClassNotFoundException': grails/async/PromisesCustomizer> (0x00000000f8c54410) thrown at [C:\re\workspace\8-2-build-windows-amd64-cygwin\jdk8u11\648\hotspot\src\share\vm\classfile\systemDictionary.cpp, line 202]
Event: 67.086 Thread 0x0000000058539000 Exception <a 'java/security/PrivilegedActionException'> (0x00000000f8c66cd8) thrown at [C:\re\workspace\8-2-build-windows-amd64-cygwin\jdk8u11\648\hotspot\src\share\vm\prims\jvm.cpp, line 1248]
Event: 67.086 Thread 0x0000000058539000 Exception <a 'java/security/PrivilegedActionException'> (0x00000000f8c6a520) thrown at [C:\re\workspace\8-2-build-windows-amd64-cygwin\jdk8u11\648\hotspot\src\share\vm\prims\jvm.cpp, line 1248]
Event: 67.088 Thread 0x0000000058539000 Exception <a 'java/security/PrivilegedActionException'> (0x00000000f8c8bde0) thrown at [C:\re\workspace\8-2-build-windows-amd64-cygwin\jdk8u11\648\hotspot\src\share\vm\prims\jvm.cpp, line 1248]
Event: 67.088 Thread 0x0000000058539000 Exception <a 'java/security/PrivilegedActionException'> (0x00000000f8c8fe40) thrown at [C:\re\workspace\8-2-build-windows-amd64-cygwin\jdk8u11\648\hotspot\src\share\vm\prims\jvm.cpp, line 1248]
Event: 67.089 Thread 0x0000000058539000 Exception <a 'java/security/PrivilegedActionException'> (0x00000000f8c9f080) thrown at [C:\re\workspace\8-2-build-windows-amd64-cygwin\jdk8u11\648\hotspot\src\share\vm\prims\jvm.cpp, line 1248]
Event: 67.089 Thread 0x0000000058539000 Exception <a 'java/security/PrivilegedActionException'> (0x00000000f8ca2860) thrown at [C:\re\workspace\8-2-build-windows-amd64-cygwin\jdk8u11\648\hotspot\src\share\vm\prims\jvm.cpp, line 1248]
Event: 67.091 Thread 0x0000000058539000 Exception <a 'java/security/PrivilegedActionException'> (0x00000000f8cc6698) thrown at [C:\re\workspace\8-2-build-windows-amd64-cygwin\jdk8u11\648\hotspot\src\share\vm\prims\jvm.cpp, line 1248]
Event: 67.091 Thread 0x0000000058539000 Exception <a 'java/security/PrivilegedActionException'> (0x00000000f8cc9f20) thrown at [C:\re\workspace\8-2-build-windows-amd64-cygwin\jdk8u11\648\hotspot\src\share\vm\prims\jvm.cpp, line 1248]
Event: 67.092 Thread 0x0000000058539000 Exception <a 'java/security/PrivilegedActionException'> (0x00000000f8ce8698) thrown at [C:\re\workspace\8-2-build-windows-amd64-cygwin\jdk8u11\648\hotspot\src\share\vm\prims\jvm.cpp, line 1248]

Events (10 events):
Event: 67.086 loading class org/grails/async/decorator/PromiseDecorator
Event: 67.086 loading class org/grails/async/decorator/PromiseDecorator done
Event: 67.088 loading class org/grails/async/decorator/PromiseDecoratorLookupStrategy
Event: 67.088 loading class org/grails/async/decorator/PromiseDecoratorLookupStrategy done
Event: 67.089 loading class org/grails/async/factory/gpars/GparsPromiseFactory
Event: 67.089 loading class org/grails/async/factory/gpars/GparsPromiseFactory done
Event: 67.090 loading class org/grails/async/factory/AbstractPromiseFactory
Event: 67.090 loading class org/grails/async/factory/AbstractPromiseFactory done
Event: 67.092 loading class org/grails/async/factory/gpars/GparsPromiseFactory$__clinit__closure1
Event: 67.092 loading class org/grails/async/factory/gpars/GparsPromiseFactory$__clinit__closure1 done


Dynamic libraries:
0x000000013f3a0000 - 0x000000013f3d4000 	C:\Program Files\Java\jdk1.8.0_11\bin\java.exe
0x0000000076e80000 - 0x0000000077029000 	C:\Windows\SYSTEM32\ntdll.dll
0x0000000076c60000 - 0x0000000076d7f000 	C:\Windows\system32\kernel32.dll
0x000007fefd390000 - 0x000007fefd3fc000 	C:\Windows\system32\KERNELBASE.dll
0x000007fefd6c0000 - 0x000007fefd79b000 	C:\Windows\system32\ADVAPI32.dll
0x000007fefe610000 - 0x000007fefe6af000 	C:\Windows\system32\msvcrt.dll
0x000007fefeb60000 - 0x000007fefeb7f000 	C:\Windows\SYSTEM32\sechost.dll
0x000007fefedb0000 - 0x000007fefeedd000 	C:\Windows\system32\RPCRT4.dll
0x0000000076d80000 - 0x0000000076e7a000 	C:\Windows\system32\USER32.dll
0x000007fefed10000 - 0x000007fefed77000 	C:\Windows\system32\GDI32.dll
0x000007fefd6b0000 - 0x000007fefd6be000 	C:\Windows\system32\LPK.dll
0x000007fefeee0000 - 0x000007fefefa9000 	C:\Windows\system32\USP10.dll
0x000007fefb8e0000 - 0x000007fefbad4000 	C:\Windows\WinSxS\amd64_microsoft.windows.common-controls_6595b64144ccf1df_6.0.7601.17514_none_fa396087175ac9ac\COMCTL32.dll
0x000007fefe580000 - 0x000007fefe5f1000 	C:\Windows\system32\SHLWAPI.dll
0x000007fefed80000 - 0x000007fefedae000 	C:\Windows\system32\IMM32.DLL
0x000007fefeb80000 - 0x000007fefec89000 	C:\Windows\system32\MSCTF.dll
0x0000000180000000 - 0x000000018001c000 	C:\Windows\system32\btpload64.dll
0x0000000077050000 - 0x0000000077057000 	C:\Windows\system32\PSAPI.DLL
0x0000000000330000 - 0x000000000035c000 	C:\Windows\system32\privman64.dll
0x000007fefd230000 - 0x000007fefd23c000 	C:\Windows\system32\VERSION.dll
0x000007fefd7f0000 - 0x000007fefe579000 	C:\Windows\system32\SHELL32.dll
0x000007fefd210000 - 0x000007fefd22e000 	C:\Windows\system32\USERENV.dll
0x000007fefd2e0000 - 0x000007fefd2ef000 	C:\Windows\system32\profapi.dll
0x0000000064d70000 - 0x0000000064e42000 	C:\Program Files\Java\jdk1.8.0_11\jre\bin\msvcr100.dll
0x00000000639b0000 - 0x00000000641da000 	C:\Program Files\Java\jdk1.8.0_11\jre\bin\server\jvm.dll
0x000007fefc7c0000 - 0x000007fefc7c9000 	C:\Windows\system32\WSOCK32.dll
0x000007fefd7a0000 - 0x000007fefd7ed000 	C:\Windows\system32\WS2_32.dll
0x000007fefe600000 - 0x000007fefe608000 	C:\Windows\system32\NSI.dll
0x000007fefae20000 - 0x000007fefae5b000 	C:\Windows\system32\WINMM.dll
0x000000006a0c0000 - 0x000000006a0cf000 	C:\Program Files\Java\jdk1.8.0_11\jre\bin\verify.dll
0x0000000064d00000 - 0x0000000064d28000 	C:\Program Files\Java\jdk1.8.0_11\jre\bin\java.dll
0x000000006ff30000 - 0x000000006ff53000 	C:\Program Files\Java\jdk1.8.0_11\jre\bin\instrument.dll
0x000000006afe0000 - 0x000000006aff6000 	C:\Program Files\Java\jdk1.8.0_11\jre\bin\zip.dll
0x000007fefe6b0000 - 0x000007fefe8b3000 	C:\Windows\system32\ole32.dll
0x000007fefcb80000 - 0x000007fefcb97000 	C:\Windows\system32\CRYPTSP.dll
0x000007fefc880000 - 0x000007fefc8c7000 	C:\Windows\system32\rsaenh.dll
0x000007fefd1e0000 - 0x000007fefd1ef000 	C:\Windows\system32\CRYPTBASE.dll
0x0000000064630000 - 0x000000006464a000 	C:\Program Files\Java\jdk1.8.0_11\jre\bin\net.dll
0x000007fefcb20000 - 0x000007fefcb75000 	C:\Windows\system32\mswsock.dll
0x000007fefcb10000 - 0x000007fefcb17000 	C:\Windows\System32\wship6.dll
0x000007fefc280000 - 0x000007fefc2a7000 	C:\Windows\system32\IPHLPAPI.DLL
0x000007fefc270000 - 0x000007fefc27b000 	C:\Windows\system32\WINNSI.DLL
0x000007fefa8b0000 - 0x000007fefa8c8000 	C:\Windows\system32\dhcpcsvc.DLL
0x000007fefa840000 - 0x000007fefa851000 	C:\Windows\system32\dhcpcsvc6.DLL
0x0000000060c30000 - 0x0000000060c41000 	C:\Program Files\Java\jdk1.8.0_11\jre\bin\nio.dll
0x000007fefbae0000 - 0x000007fefbaea000 	C:\Users\rgopal\AppData\Local\Temp\jansi-64-8802361385133270856.dll
0x000000006b3e0000 - 0x000000006b3ed000 	C:\Program Files\Java\jdk1.8.0_11\jre\bin\management.dll
0x000007fefc380000 - 0x000007fefc387000 	C:\Windows\System32\wshtcpip.dll
0x000007fefc9a0000 - 0x000007fefc9fb000 	C:\Windows\system32\DNSAPI.dll
0x00000000744a0000 - 0x00000000744c6000 	C:\Program Files\Bonjour\mdnsNSP.dll
0x000007fefa7d0000 - 0x000007fefa7d8000 	C:\Windows\system32\rasadhlp.dll
0x000007fefa7e0000 - 0x000007fefa833000 	C:\Windows\System32\fwpuclnt.dll
0x000007fefa9a0000 - 0x000007fefa9b5000 	C:\Windows\system32\NLAapi.dll
0x000007fefa910000 - 0x000007fefa925000 	C:\Windows\system32\napinsp.dll
0x000007fefa8f0000 - 0x000007fefa909000 	C:\Windows\system32\pnrpnsp.dll
0x000007fefa8e0000 - 0x000007fefa8eb000 	C:\Windows\System32\winrnr.dll
0x000007fefa8d0000 - 0x000007fefa8e0000 	C:\Windows\system32\wshbth.dll
0x000007fef5730000 - 0x000007fef5855000 	C:\Windows\system32\dbghelp.dll

VM Arguments:
jvm_args: -Dfile.encoding=UTF-8 -Xmx768M -Xms64M -Dgrails.fork.parent.process.port=51674 -Dgrails.fork.active=true -Dgrails.build.execution.context=C:\Users\rgopal\AppData\Local\Temp\central6029656807167057422grails-execution-context -Dgrails.home=C:\Users\rgopal\Documents\grails-2.4.4\grails-2.4.4 -javaagent:C:\Users\rgopal\Documents\grails-2.4.4\grails-2.4.4\lib\org.springframework\springloaded\jars\springloaded-1.2.1.RELEASE.jar -Xverify:none -Dspringloaded.synchronize=true -Djdk.reflect.allowGetCallerClass=true -Dspringloaded=profile=grails;cacheDir=C:\Users\rgopal/.grails/2.4.4/ 
java_command: org.grails.plugins.tomcat.fork.ForkedTomcatServer
java_class_path (initial): C:\Program Files\Java\jdk1.8.0_11\lib\tools.jar;C:\Users\rgopal\Documents\grails-2.4.4\grails-2.4.4\lib\org.codehaus.groovy\groovy-all\jars\groovy-all-2.3.7.jar;C:\Users\rgopal\Documents\grails-2.4.4\grails-2.4.4\lib\org.slf4j\jcl-over-slf4j\jars\jcl-over-slf4j-1.7.5.jar;C:\Users\rgopal\Documents\grails-2.4.4\grails-2.4.4\lib\org.codehaus.gant\gant_groovy1.8\jars\gant_groovy1.8-1.9.6.jar;C:\Users\rgopal\Documents\grails-2.4.4\grails-2.4.4\lib\org.apache.tomcat.embed\tomcat-embed-logging-log4j\jars\tomcat-embed-logging-log4j-7.0.50.jar;C:\Users\rgopal\Documents\grails-2.4.4\grails-2.4.4\dist\grails-plugin-log4j-2.4.4.jar;C:\Users\rgopal\Documents\grails-2.4.4\grails-2.4.4\lib\log4j\log4j\jars\log4j-1.2.17.jar;C:\Users\rgopal\Documents\grails-2.4.4\grails-2.4.4\dist\grails-bootstrap-2.4.4.jar;C:\Users\rgopal\Documents\grails-2.4.4\grails-2.4.4\lib\org.slf4j\slf4j-api\jars\slf4j-api-1.7.5.jar;C:\Users\rgopal\Documents\grails-2.4.4\grails-2.4.4\lib\jline\jline\jars\jline-2.12.jar;C:\Users\rgopal\Documents\grails-2.4.4\grails-2.4.4\lib\org.apache.ant\ant\jars\ant-1.8.4.jar;C:\Users\rgopal\Documents\grails-2.4.4\grails-2.4.4\lib\org.apache.ant\ant-launcher\jars\ant-launcher-1.8.4.jar;C:\Users\rgopal\Documents\grails-2.4.4\grails-2.4.4\lib\org.apache.ant\ant-trax\jars\ant-trax-1.7.1.jar;C:\Users\rgopal\Documents\grails-2.4.4\grails-2.4.4\lib\org.apache.ant\ant-junit\jars\ant-junit-1.8.4.jar;C:\Users\rgopal\Documents\grails-2.4.4\grails-2.4.4\lib\org.apache.ivy\ivy\jars\ivy-2.3.0.jar;C:\Users\rgopal\Documents\grails-2.4.4\grails-2.4.4\lib\org.fusesource.jansi\jansi\jars\jansi-1.11.jar;C:\Users\rgopal\.m2\repository\org\apache\tomcat\tomcat-catalina-ant\7.0.55\tomcat-catalina-ant-7.0.55.jar;C:\Users\rgopal\.m2\repository\org\apache\tomcat\embed\tomcat-embed-jasper\7.0.55\tomcat-embed-jasper-7.0.55.jar;C:\Users\rgopal\.m2\repository\org\apache\tomcat\embed\tomcat-embed-el\7.0.55\tomcat-embed-el-7.0.55.jar;C:\Users\rgopal\.m2\repository\org\apache\
Launcher Type: SUN_STANDARD

Environment Variables:
JAVA_HOME=C:\Program Files\Java\jdk1.8.0_11
PATH=C:\Windows\system32;C:\Windows;C:\Windows\System32\Wbem;C:\Windows\System32\WindowsPowerShell\v1.0\;C:\users\rgopal\My Documents\springsource\grails-2.3.5\bin\;c:\Program Files\Java\jdk1.7.0_51\bin\;C:\Program Files (x86)\MiKTeX 2.9\miktex\bin\
USERNAME=rgopal
OS=Windows_NT
PROCESSOR_IDENTIFIER=Intel64 Family 6 Model 37 Stepping 5, GenuineIntel



---------------  S Y S T E M  ---------------

OS: Windows 7 , 64 bit Build 7601 Service Pack 1

CPU:total 4 (2 cores per cpu, 2 threads per core) family 6 model 37 stepping 5, cmov, cx8, fxsr, mmx, sse, sse2, sse3, ssse3, sse4.1, sse4.2, popcnt, aes, clmul, ht, tsc, tscinvbit

Memory: 4k page, physical 8181608k(1100452k free), swap 16361352k(7787752k free)

vm_info: Java HotSpot(TM) 64-Bit Server VM (25.11-b03) for windows-amd64 JRE (1.8.0_11-b12), built on Jun 16 2014 20:57:32 by "java_re" with MS VC++ 10.0 (VS2010)

time: Sun Apr 26 12:07:05 2015
elapsed time: 67 seconds

