#
# A fatal error has been detected by the Java Runtime Environment:
#
#  EXCEPTION_ACCESS_VIOLATION (0xc0000005) at pc=0x000000005f4c4db2, pid=9044, tid=6456
#
# JRE version: Java(TM) SE Runtime Environment (8.0_11-b12) (build 1.8.0_11-b12)
# Java VM: Java HotSpot(TM) 64-Bit Server VM (25.11-b03 mixed mode windows-amd64 compressed oops)
# Problematic frame:
# V  [jvm.dll+0x424db2]
#
# Failed to write core dump. Minidumps are not enabled by default on client versions of Windows
#
# If you would like to submit a bug report, please visit:
#   http://bugreport.sun.com/bugreport/crash.jsp
#

---------------  T H R E A D  ---------------

Current thread (0x0000000055f57000):  JavaThread "C2 CompilerThread0" daemon [_thread_in_native, id=6456, stack(0x0000000056480000,0x0000000056580000)]

siginfo: ExceptionCode=0xc0000005, reading address 0x0000000000000000

Registers:
RAX=0x00000000591060e8, RBX=0x0000000000000600, RCX=0x0000000000000000, RDX=0x0000000059d50f50
RSP=0x000000005657c600, RBP=0x00000000000000c0, RSI=0x00000000000000b8, RDI=0x0000000000000000
R8 =0x000000005f0a0000, R9 =0x000000005657c920, R10=0x00000000ffffffff, R11=0x0000000055f5e890
R12=0x00000000591067f0, R13=0x0000000057eb6678, R14=0x0000000000000008, R15=0x0000000057eb6678
RIP=0x000000005f4c4db2, EFLAGS=0x0000000000010206

Top of Stack: (sp=0x000000005657c600)
0x000000005657c600:   00000000000000da 0000000059d4c570
0x000000005657c610:   0000000000000000 00000000589cbab8
0x000000005657c620:   0000000000000001 0000000000000600
0x000000005657c630:   0000000000000180 00000000000000c0
0x000000005657c640:   000000005b51b720 0000000055f502f0
0x000000005657c650:   0000000000000730 0000000059d4c570
0x000000005657c660:   000000005657c920 00000000591031c0
0x000000005657c670:   0000000000000020 0000000000000009
0x000000005657c680:   00000000591067c0 00000000000000da
0x000000005657c690:   0000000057eb6678 000000005f4c598d
0x000000005657c6a0:   00000000591067c0 000000000000001c
0x000000005657c6b0:   00000000000000da 000000005657c920
0x000000005657c6c0:   0000000059d50f50 00000000000000da
0x000000005657c6d0:   00000000591031c0 0000000000000020
0x000000005657c6e0:   0000000059c681d8 000000005657ec90
0x000000005657c6f0:   0000000059c68808 00000000591067c0 

Instructions: (pc=0x000000005f4c4db2)
0x000000005f4c4d92:   c6 48 63 f0 48 03 f1 eb 04 48 83 ce ff 48 8b 84
0x000000005f4c4da2:   24 a0 00 00 00 48 8b 40 08 48 8b 3c 03 48 8b cf
0x000000005f4c4db2:   48 8b 07 ff 50 28 4c 8d 05 41 b2 bd ff 48 63 50
0x000000005f4c4dc2:   10 4c 8b d8 48 8b ca 48 c1 e1 05 42 80 bc 01 c0 


Register to memory mapping:

RAX=0x00000000591060e8 is an unknown value
RBX=0x0000000000000600 is an unknown value
RCX=0x0000000000000000 is an unknown value
RDX=0x0000000059d50f50 is an unknown value
RSP=0x000000005657c600 is pointing into the stack for thread: 0x0000000055f57000
RBP=0x00000000000000c0 is an unknown value
RSI=0x00000000000000b8 is an unknown value
RDI=0x0000000000000000 is an unknown value
R8 =0x000000005f0a0000 is an unknown value
R9 =0x000000005657c920 is pointing into the stack for thread: 0x0000000055f57000
R10=0x00000000ffffffff is an unknown value
R11=0x0000000055f5e890 is an unknown value
R12=0x00000000591067f0 is an unknown value
R13=0x0000000057eb6678 is an unknown value
R14=0x0000000000000008 is an unknown value
R15=0x0000000057eb6678 is an unknown value


Stack: [0x0000000056480000,0x0000000056580000],  sp=0x000000005657c600,  free space=1009k
Native frames: (J=compiled Java code, j=interpreted, Vv=VM code, C=native code)
V  [jvm.dll+0x424db2]
V  [jvm.dll+0x42598d]
V  [jvm.dll+0x425ecf]
V  [jvm.dll+0x4c5a84]
V  [jvm.dll+0x4415bc]
V  [jvm.dll+0x443a29]
V  [jvm.dll+0x427722]
V  [jvm.dll+0x96982]
V  [jvm.dll+0x97173]
V  [jvm.dll+0x2234b4]
V  [jvm.dll+0x27bcca]
C  [msvcr100.dll+0x21d9f]
C  [msvcr100.dll+0x21e3b]
C  [kernel32.dll+0x159ed]
C  [ntdll.dll+0x2c541]


Current CompileTask:
C2: 157774 8107       4       groovy.lang.MetaClassImpl::findPropertyMethod (356 bytes)


---------------  P R O C E S S  ---------------

Java Threads: ( => current thread )
  0x0000000057b8d000 JavaThread "net.sf.ehcache.CacheManager@34de169" daemon [_thread_blocked, id=7996, stack(0x000000005ef90000,0x000000005f090000)]
  0x0000000057398000 JavaThread "com.oumuo.SecurityGroup.data" daemon [_thread_blocked, id=4112, stack(0x0000000060ca0000,0x0000000060da0000)]
  0x0000000057f1b800 JavaThread "com.oumuo.Authority.data" daemon [_thread_blocked, id=9224, stack(0x000000005e7f0000,0x000000005e8f0000)]
  0x0000000056ff0800 JavaThread "net.sf.ehcache.CacheManager@39890e3a" daemon [_thread_blocked, id=6780, stack(0x000000005de90000,0x000000005df90000)]
  0x000000005fb5f000 JavaThread "PoolCleaner[192694377:1431133340892]" daemon [_thread_blocked, id=10592, stack(0x000000005d920000,0x000000005da20000)]
  0x00000000592be000 JavaThread "FileSystemWatcher: files=#331 cl=groovy.lang.GroovyClassLoader@b7c4869" daemon [_thread_blocked, id=10356, stack(0x000000005a9f0000,0x000000005aaf0000)]
  0x000000005943e800 JavaThread "localhost-startStop-1" daemon [_thread_in_native, id=5808, stack(0x000000005aee0000,0x000000005afe0000)]
  0x000000005978d000 JavaThread "Tomcat-startStop-1" daemon [_thread_blocked, id=10044, stack(0x000000005ac00000,0x000000005ad00000)]
  0x0000000058194000 JavaThread "Thread-3" [_thread_in_native, id=8840, stack(0x0000000058e00000,0x0000000058f00000)]
  0x00000000581f1800 JavaThread "Thread-2" [_thread_blocked, id=9784, stack(0x000000005a270000,0x000000005a370000)]
  0x0000000056fdc800 JavaThread "NonBlockingInputStreamThread" daemon [_thread_blocked, id=1580, stack(0x0000000056990000,0x0000000056a90000)]
  0x000000005604d800 JavaThread "Service Thread" daemon [_thread_blocked, id=5080, stack(0x0000000056ae0000,0x0000000056be0000)]
  0x0000000055fa2000 JavaThread "C1 CompilerThread2" daemon [_thread_blocked, id=10468, stack(0x0000000056690000,0x0000000056790000)]
  0x0000000055f5b000 JavaThread "C2 CompilerThread1" daemon [_thread_blocked, id=580, stack(0x0000000056820000,0x0000000056920000)]
=>0x0000000055f57000 JavaThread "C2 CompilerThread0" daemon [_thread_in_native, id=6456, stack(0x0000000056480000,0x0000000056580000)]
  0x0000000055e64800 JavaThread "Attach Listener" daemon [_thread_blocked, id=8144, stack(0x0000000056580000,0x0000000056680000)]
  0x0000000054d37800 JavaThread "Signal Dispatcher" daemon [_thread_blocked, id=11204, stack(0x00000000562d0000,0x00000000563d0000)]
  0x0000000054cd1000 JavaThread "Finalizer" daemon [_thread_blocked, id=8016, stack(0x0000000055c60000,0x0000000055d60000)]
  0x0000000054ccb800 JavaThread "Reference Handler" daemon [_thread_blocked, id=8772, stack(0x0000000055d60000,0x0000000055e60000)]
  0x000000000282a000 JavaThread "main" [_thread_blocked, id=10792, stack(0x0000000002ab0000,0x0000000002bb0000)]

Other Threads:
  0x0000000054cc8000 VMThread [stack: 0x0000000055b30000,0x0000000055c30000] [id=7940]
  0x000000005604f800 WatcherThread [stack: 0x0000000056cd0000,0x0000000056dd0000] [id=1232]

VM state:not at safepoint (normal execution)

VM Mutex/Monitor currently owned by a thread: None

Heap:
 PSYoungGen      total 241152K, used 23265K [0x00000000f0000000, 0x0000000100000000, 0x0000000100000000)
  eden space 220160K, 10% used [0x00000000f0000000,0x00000000f15e4e48,0x00000000fd700000)
  from space 20992K, 4% used [0x00000000fd700000,0x00000000fd7d3758,0x00000000feb80000)
  to   space 20992K, 0% used [0x00000000feb80000,0x00000000feb80000,0x0000000100000000)
 ParOldGen       total 182272K, used 160118K [0x00000000d0000000, 0x00000000db200000, 0x00000000f0000000)
  object space 182272K, 87% used [0x00000000d0000000,0x00000000d9c5db58,0x00000000db200000)
 Metaspace       used 76186K, capacity 78504K, committed 78816K, reserved 1120256K
  class space    used 7523K, capacity 8075K, committed 8192K, reserved 1048576K

Card table byte_map: [0x0000000002bb0000,0x0000000002d40000] byte_map_base: 0x0000000002530000

Marking Bits: (ParMarkBitMap*) 0x000000005f8512b0
 Begin Bits: [0x00000000129c0000, 0x00000000135c0000)
 End Bits:   [0x00000000135c0000, 0x00000000141c0000)

Polling page: 0x0000000001bd0000

CodeCache: size=245760Kb used=27381Kb max_used=28136Kb free=218378Kb
 bounds [0x0000000002d60000, 0x0000000004920000, 0x0000000011d60000]
 total_blobs=7387 nmethods=6622 adapters=675
 compilation: enabled

Compilation events (10 events):
Event: 157.294 Thread 0x0000000055f57000 8100       4       groovy.lang.MetaClassImpl::isGenericGetMethod (44 bytes)
Event: 157.296 Thread 0x0000000055f57000 nmethod 8100 0x0000000003462890 code [0x0000000003462a00, 0x0000000003462be8]
Event: 157.296 Thread 0x0000000055f57000 8105       4       groovy.lang.MetaClassImpl::createMetaBeanProperty (218 bytes)
Event: 157.340 Thread 0x0000000055f57000 nmethod 8105 0x0000000003bead90 code [0x0000000003beaf60, 0x0000000003bebad8]
Event: 157.340 Thread 0x0000000055f57000 8101       4       org.codehaus.groovy.runtime.metaclass.MetaMethodIndex::isMatchingMethod (68 bytes)
Event: 157.345 Thread 0x0000000055f57000 nmethod 8101 0x00000000039ad190 code [0x00000000039ad2e0, 0x00000000039ad418]
Event: 157.345 Thread 0x0000000055f57000 8104       4       org.codehaus.groovy.util.SingleKeyHashMap::put (10 bytes)
Event: 157.352 Thread 0x0000000055f57000 nmethod 8104 0x00000000040a3990 code [0x00000000040a3b00, 0x00000000040a3ea8]
Event: 157.362 Thread 0x0000000055f5b000 nmethod 8102 0x0000000003b49390 code [0x0000000003b49680, 0x0000000003b4b4e8]
Event: 157.399 Thread 0x0000000055f57000 8107       4       groovy.lang.MetaClassImpl::findPropertyMethod (356 bytes)

GC Heap History (10 events):
Event: 144.930 GC heap before
{Heap before GC invocations=60 (full 10):
 PSYoungGen      total 241664K, used 228146K [0x00000000f0000000, 0x0000000100000000, 0x0000000100000000)
  eden space 231424K, 98% used [0x00000000f0000000,0x00000000fdeccb40,0x00000000fe200000)
  from space 10240K, 0% used [0x00000000fe200000,0x00000000fe200000,0x00000000fec00000)
  to   space 15872K, 0% used [0x00000000ff080000,0x00000000ff080000,0x0000000100000000)
 ParOldGen       total 160256K, used 139554K [0x00000000d0000000, 0x00000000d9c80000, 0x00000000f0000000)
  object space 160256K, 87% used [0x00000000d0000000,0x00000000d88489a8,0x00000000d9c80000)
 Metaspace       used 72746K, capacity 74748K, committed 75104K, reserved 1116160K
  class space    used 7177K, capacity 7736K, committed 7808K, reserved 1048576K
Event: 144.960 GC heap after
Heap after GC invocations=60 (full 10):
 PSYoungGen      total 246272K, used 9182K [0x00000000f0000000, 0x0000000100000000, 0x0000000100000000)
  eden space 230400K, 0% used [0x00000000f0000000,0x00000000f0000000,0x00000000fe100000)
  from space 15872K, 57% used [0x00000000ff080000,0x00000000ff977a40,0x0000000100000000)
  to   space 15872K, 0% used [0x00000000fe100000,0x00000000fe100000,0x00000000ff080000)
 ParOldGen       total 160256K, used 139562K [0x00000000d0000000, 0x00000000d9c80000, 0x00000000f0000000)
  object space 160256K, 87% used [0x00000000d0000000,0x00000000d884a9a8,0x00000000d9c80000)
 Metaspace       used 72746K, capacity 74748K, committed 75104K, reserved 1116160K
  class space    used 7177K, capacity 7736K, committed 7808K, reserved 1048576K
}
Event: 147.271 GC heap before
{Heap before GC invocations=61 (full 10):
 PSYoungGen      total 246272K, used 239582K [0x00000000f0000000, 0x0000000100000000, 0x0000000100000000)
  eden space 230400K, 100% used [0x00000000f0000000,0x00000000fe100000,0x00000000fe100000)
  from space 15872K, 57% used [0x00000000ff080000,0x00000000ff977a40,0x0000000100000000)
  to   space 15872K, 0% used [0x00000000fe100000,0x00000000fe100000,0x00000000ff080000)
 ParOldGen       total 160256K, used 139562K [0x00000000d0000000, 0x00000000d9c80000, 0x00000000f0000000)
  object space 160256K, 87% used [0x00000000d0000000,0x00000000d884a9a8,0x00000000d9c80000)
 Metaspace       used 73496K, capacity 75516K, committed 75744K, reserved 1118208K
  class space    used 7236K, capacity 7825K, committed 7936K, reserved 1048576K
Event: 147.538 GC heap after
Heap after GC invocations=61 (full 10):
 PSYoungGen      total 243712K, used 13224K [0x00000000f0000000, 0x0000000100000000, 0x0000000100000000)
  eden space 230400K, 0% used [0x00000000f0000000,0x00000000f0000000,0x00000000fe100000)
  from space 13312K, 99% used [0x00000000fe100000,0x00000000fedea018,0x00000000fee00000)
  to   space 17408K, 0% used [0x00000000fef00000,0x00000000fef00000,0x0000000100000000)
 ParOldGen       total 160256K, used 139570K [0x00000000d0000000, 0x00000000d9c80000, 0x00000000f0000000)
  object space 160256K, 87% used [0x00000000d0000000,0x00000000d884c9a8,0x00000000d9c80000)
 Metaspace       used 73496K, capacity 75516K, committed 75744K, reserved 1118208K
  class space    used 7236K, capacity 7825K, committed 7936K, reserved 1048576K
}
Event: 151.127 GC heap before
{Heap before GC invocations=62 (full 10):
 PSYoungGen      total 243712K, used 239586K [0x00000000f0000000, 0x0000000100000000, 0x0000000100000000)
  eden space 230400K, 98% used [0x00000000f0000000,0x00000000fdd0ead8,0x00000000fe100000)
  from space 13312K, 99% used [0x00000000fe100000,0x00000000fedea018,0x00000000fee00000)
  to   space 17408K, 0% used [0x00000000fef00000,0x00000000fef00000,0x0000000100000000)
 ParOldGen       total 160256K, used 139570K [0x00000000d0000000, 0x00000000d9c80000, 0x00000000f0000000)
  object space 160256K, 87% used [0x00000000d0000000,0x00000000d884c9a8,0x00000000d9c80000)
 Metaspace       used 75411K, capacity 77584K, committed 77664K, reserved 1118208K
  class space    used 7463K, capacity 8028K, committed 8064K, reserved 1048576K
Event: 151.212 GC heap after
Heap after GC invocations=62 (full 10):
 PSYoungGen      total 237568K, used 17406K [0x00000000f0000000, 0x0000000100000000, 0x0000000100000000)
  eden space 220160K, 0% used [0x00000000f0000000,0x00000000f0000000,0x00000000fd700000)
  from space 17408K, 99% used [0x00000000fef00000,0x00000000fffffba0,0x0000000100000000)
  to   space 20992K, 0% used [0x00000000fd700000,0x00000000fd700000,0x00000000feb80000)
 ParOldGen       total 160256K, used 142071K [0x00000000d0000000, 0x00000000d9c80000, 0x00000000f0000000)
  object space 160256K, 88% used [0x00000000d0000000,0x00000000d8abdc30,0x00000000d9c80000)
 Metaspace       used 75411K, capacity 77584K, committed 77664K, reserved 1118208K
  class space    used 7463K, capacity 8028K, committed 8064K, reserved 1048576K
}
Event: 153.665 GC heap before
{Heap before GC invocations=63 (full 10):
 PSYoungGen      total 237568K, used 237566K [0x00000000f0000000, 0x0000000100000000, 0x0000000100000000)
  eden space 220160K, 100% used [0x00000000f0000000,0x00000000fd700000,0x00000000fd700000)
  from space 17408K, 99% used [0x00000000fef00000,0x00000000fffffba0,0x0000000100000000)
  to   space 20992K, 0% used [0x00000000fd700000,0x00000000fd700000,0x00000000feb80000)
 ParOldGen       total 160256K, used 142071K [0x00000000d0000000, 0x00000000d9c80000, 0x00000000f0000000)
  object space 160256K, 88% used [0x00000000d0000000,0x00000000d8abdc30,0x00000000d9c80000)
 Metaspace       used 76137K, capacity 78506K, committed 78816K, reserved 1120256K
  class space    used 7511K, capacity 8080K, committed 8192K, reserved 1048576K
Event: 153.905 GC heap after
Heap after GC invocations=63 (full 10):
 PSYoungGen      total 241152K, used 13216K [0x00000000f0000000, 0x0000000100000000, 0x0000000100000000)
  eden space 220160K, 0% used [0x00000000f0000000,0x00000000f0000000,0x00000000fd700000)
  from space 20992K, 62% used [0x00000000fd700000,0x00000000fe3e8190,0x00000000feb80000)
  to   space 20992K, 0% used [0x00000000feb80000,0x00000000feb80000,0x0000000100000000)
 ParOldGen       total 160256K, used 150503K [0x00000000d0000000, 0x00000000d9c80000, 0x00000000f0000000)
  object space 160256K, 93% used [0x00000000d0000000,0x00000000d92f9e80,0x00000000d9c80000)
 Metaspace       used 76137K, capacity 78506K, committed 78816K, reserved 1120256K
  class space    used 7511K, capacity 8080K, committed 8192K, reserved 1048576K
}
Event: 153.905 GC heap before
{Heap before GC invocations=64 (full 11):
 PSYoungGen      total 241152K, used 13216K [0x00000000f0000000, 0x0000000100000000, 0x0000000100000000)
  eden space 220160K, 0% used [0x00000000f0000000,0x00000000f0000000,0x00000000fd700000)
  from space 20992K, 62% used [0x00000000fd700000,0x00000000fe3e8190,0x00000000feb80000)
  to   space 20992K, 0% used [0x00000000feb80000,0x00000000feb80000,0x0000000100000000)
 ParOldGen       total 160256K, used 150503K [0x00000000d0000000, 0x00000000d9c80000, 0x00000000f0000000)
  object space 160256K, 93% used [0x00000000d0000000,0x00000000d92f9e80,0x00000000d9c80000)
 Metaspace       used 76137K, capacity 78506K, committed 78816K, reserved 1120256K
  class space    used 7511K, capacity 8080K, committed 8192K, reserved 1048576K
Event: 155.889 GC heap after
Heap after GC invocations=64 (full 11):
 PSYoungGen      total 241152K, used 845K [0x00000000f0000000, 0x0000000100000000, 0x0000000100000000)
  eden space 220160K, 0% used [0x00000000f0000000,0x00000000f0000000,0x00000000fd700000)
  from space 20992K, 4% used [0x00000000fd700000,0x00000000fd7d3758,0x00000000feb80000)
  to   space 20992K, 0% used [0x00000000feb80000,0x00000000feb80000,0x0000000100000000)
 ParOldGen       total 182272K, used 160118K [0x00000000d0000000, 0x00000000db200000, 0x00000000f0000000)
  object space 182272K, 87% used [0x00000000d0000000,0x00000000d9c5db58,0x00000000db200000)
 Metaspace       used 76073K, capacity 78404K, committed 78816K, reserved 1120256K
  class space    used 7502K, capacity 8063K, committed 8192K, reserved 1048576K
}

Deoptimization events (10 events):
Event: 138.185 Thread 0x000000005943e800 Uncommon trap: reason=null_check action=make_not_entrant pc=0x00000000046b1f1c method=org.springframework.util.ClassUtils.isAssignable(Ljava/lang/Class;Ljava/lang/Class;)Z @ 70
Event: 142.116 Thread 0x000000005943e800 Uncommon trap: reason=unreached action=reinterpret pc=0x0000000003028b14 method=org.springframework.util.ObjectUtils.nullSafeEquals(Ljava/lang/Object;Ljava/lang/Object;)Z @ 12
Event: 143.072 Thread 0x000000005943e800 Uncommon trap: reason=unreached action=reinterpret pc=0x00000000039e87b4 method=org.codehaus.groovy.runtime.metaclass.MetaMethodIndex.getMethods(Ljava/lang/Class;Ljava/lang/String;)Lorg/codehaus/groovy/runtime/metaclass/MetaMethodIndex$Entry; @ 61
Event: 144.090 Thread 0x000000005943e800 Uncommon trap: reason=unreached action=reinterpret pc=0x0000000003288f18 method=org.springframework.beans.factory.support.AbstractBeanFactory.getMergedBeanDefinition(Ljava/lang/String;Lorg/springframework/beans/factory/config/BeanDefinition;Lorg/springframÿ4ä¬‹b@
Event: 144.642 Thread 0x000000005943e800 Uncommon trap: reason=unreached action=reinterpret pc=0x000000000326f2a8 method=org.springframework.util.ObjectUtils.nullSafeEquals(Ljava/lang/Object;Ljava/lang/Object;)Z @ 8
Event: 144.878 Thread 0x000000005943e800 Uncommon trap: reason=bimorphic action=maybe_recompile pc=0x000000000459c430 method=sl.org.objectweb.asm.MethodVisitor.visitTryCatchBlock(Lsl/org/objectweb/asm/Label;Lsl/org/objectweb/asm/Label;Lsl/org/objectweb/asm/Label;Ljava/lang/String;)V @ 16
Event: 144.983 Thread 0x000000005943e800 Uncommon trap: reason=bimorphic action=maybe_recompile pc=0x000000000459c430 method=sl.org.objectweb.asm.MethodVisitor.visitTryCatchBlock(Lsl/org/objectweb/asm/Label;Lsl/org/objectweb/asm/Label;Lsl/org/objectweb/asm/Label;Ljava/lang/String;)V @ 16
Event: 146.434 Thread 0x000000005943e800 Uncommon trap: reason=bimorphic action=maybe_recompile pc=0x000000000459c430 method=sl.org.objectweb.asm.MethodVisitor.visitTryCatchBlock(Lsl/org/objectweb/asm/Label;Lsl/org/objectweb/asm/Label;Lsl/org/objectweb/asm/Label;Ljava/lang/String;)V @ 16
Event: 146.500 Thread 0x000000005943e800 Uncommon trap: reason=bimorphic action=maybe_recompile pc=0x000000000459c430 method=sl.org.objectweb.asm.MethodVisitor.visitTryCatchBlock(Lsl/org/objectweb/asm/Label;Lsl/org/objectweb/asm/Label;Lsl/org/objectweb/asm/Label;Ljava/lang/String;)V @ 16
Event: 147.017 Thread 0x000000005943e800 Uncommon trap: reason=null_check action=make_not_entrant pc=0x000000000486542c method=java.beans.Introspector.isAssignable(Ljava/lang/Class;Ljava/lang/Class;)Z @ 18

Internal exceptions (10 events):
Event: 157.281 Thread 0x000000005943e800 Exception <a 'java/lang/ClassNotFoundException': javax/servlet/http/HttpServletResponseBeanInfo> (0x00000000f1312c28) thrown at [C:\re\workspace\8-2-build-windows-amd64-cygwin\jdk8u11\648\hotspot\src\share\vm\classfile\systemDictionary.cpp, line 202]
Event: 157.281 Thread 0x000000005943e800 Exception <a 'java/security/PrivilegedActionException'> (0x00000000f13138f0) thrown at [C:\re\workspace\8-2-build-windows-amd64-cygwin\jdk8u11\648\hotspot\src\share\vm\prims\jvm.cpp, line 1248]
Event: 157.281 Thread 0x000000005943e800 Exception <a 'java/security/PrivilegedActionException'> (0x00000000f13170c0) thrown at [C:\re\workspace\8-2-build-windows-amd64-cygwin\jdk8u11\648\hotspot\src\share\vm\prims\jvm.cpp, line 1248]
Event: 157.281 Thread 0x000000005943e800 Exception <a 'java/security/PrivilegedActionException'> (0x00000000f1317d68) thrown at [C:\re\workspace\8-2-build-windows-amd64-cygwin\jdk8u11\648\hotspot\src\share\vm\prims\jvm.cpp, line 1248]
Event: 157.281 Thread 0x000000005943e800 Exception <a 'java/security/PrivilegedActionException'> (0x00000000f131b538) thrown at [C:\re\workspace\8-2-build-windows-amd64-cygwin\jdk8u11\648\hotspot\src\share\vm\prims\jvm.cpp, line 1248]
Event: 157.281 Thread 0x000000005943e800 Exception <a 'java/security/PrivilegedActionException'> (0x00000000f13299b0) thrown at [C:\re\workspace\8-2-build-windows-amd64-cygwin\jdk8u11\648\hotspot\src\share\vm\prims\jvm.cpp, line 1248]
Event: 157.282 Thread 0x000000005943e800 Exception <a 'java/security/PrivilegedActionException'> (0x00000000f1348e80) thrown at [C:\re\workspace\8-2-build-windows-amd64-cygwin\jdk8u11\648\hotspot\src\share\vm\prims\jvm.cpp, line 1248]
Event: 157.282 Thread 0x000000005943e800 Exception <a 'java/lang/ClassNotFoundException': javax/servlet/http/HttpServletResponseCustomizer> (0x00000000f13498e0) thrown at [C:\re\workspace\8-2-build-windows-amd64-cygwin\jdk8u11\648\hotspot\src\share\vm\classfile\systemDictionary.cpp, line 202]
Event: 157.393 Thread 0x000000005943e800 Exception <a 'java/security/PrivilegedActionException'> (0x00000000f138a340) thrown at [C:\re\workspace\8-2-build-windows-amd64-cygwin\jdk8u11\648\hotspot\src\share\vm\prims\jvm.cpp, line 1248]
Event: 157.393 Thread 0x000000005943e800 Exception <a 'java/security/PrivilegedActionException'> (0x00000000f138db20) thrown at [C:\re\workspace\8-2-build-windows-amd64-cygwin\jdk8u11\648\hotspot\src\share\vm\prims\jvm.cpp, line 1248]

Events (10 events):
Event: 157.281 loading class javax/servlet/http/HttpServletResponseCustomizer
Event: 157.281 loading class javax/servlet/http/HttpServletResponseCustomizer done
Event: 157.282 loading class javax/servlet/http/HttpServletResponseCustomizer
Event: 157.282 loading class javax/servlet/http/HttpServletResponseCustomizer done
Event: 157.283 Thread 0x000000005943e800 DEOPT PACKING pc=0x000000000372e010 sp=0x000000005afdeab0
Event: 157.283 Thread 0x000000005943e800 DEOPT UNPACKING pc=0x0000000002da7204 sp=0x000000005afde7d8 mode 0
Event: 157.283 Thread 0x000000005943e800 DEOPT PACKING pc=0x000000000474c460 sp=0x000000005afdeb80
Event: 157.283 Thread 0x000000005943e800 DEOPT UNPACKING pc=0x0000000002da7204 sp=0x000000005afde8f8 mode 0
Event: 157.392 loading class groovy/runtime/metaclass/java/lang/StringMetaClass
Event: 157.392 loading class groovy/runtime/metaclass/java/lang/StringMetaClass done


Dynamic libraries:
0x000000013f980000 - 0x000000013f9b4000 	C:\Program Files\Java\jdk1.8.0_11\bin\java.exe
0x0000000077430000 - 0x00000000775d9000 	C:\Windows\SYSTEM32\ntdll.dll
0x00000000771b0000 - 0x00000000772cf000 	C:\Windows\system32\kernel32.dll
0x000007fefd9a0000 - 0x000007fefda0c000 	C:\Windows\system32\KERNELBASE.dll
0x000007fefe5e0000 - 0x000007fefe6bb000 	C:\Windows\system32\ADVAPI32.dll
0x000007fefe030000 - 0x000007fefe0cf000 	C:\Windows\system32\msvcrt.dll
0x000007fefe3a0000 - 0x000007fefe3bf000 	C:\Windows\SYSTEM32\sechost.dll
0x000007fefdea0000 - 0x000007fefdfcd000 	C:\Windows\system32\RPCRT4.dll
0x0000000076e90000 - 0x0000000076f8a000 	C:\Windows\system32\USER32.dll
0x000007fefe2b0000 - 0x000007fefe317000 	C:\Windows\system32\GDI32.dll
0x000007fefe460000 - 0x000007fefe46e000 	C:\Windows\system32\LPK.dll
0x000007fefe510000 - 0x000007fefe5d9000 	C:\Windows\system32\USP10.dll
0x000007fefbe90000 - 0x000007fefc084000 	C:\Windows\WinSxS\amd64_microsoft.windows.common-controls_6595b64144ccf1df_6.0.7601.17514_none_fa396087175ac9ac\COMCTL32.dll
0x000007fefe490000 - 0x000007fefe501000 	C:\Windows\system32\SHLWAPI.dll
0x000007fefdc60000 - 0x000007fefdc8e000 	C:\Windows\system32\IMM32.DLL
0x000007feff4a0000 - 0x000007feff5a9000 	C:\Windows\system32\MSCTF.dll
0x0000000180000000 - 0x000000018001c000 	C:\Windows\system32\btpload64.dll
0x0000000077600000 - 0x0000000077607000 	C:\Windows\system32\PSAPI.DLL
0x0000000000330000 - 0x000000000035c000 	C:\Windows\system32\privman64.dll
0x000007fefd7e0000 - 0x000007fefd7ec000 	C:\Windows\system32\VERSION.dll
0x000007fefe6c0000 - 0x000007feff449000 	C:\Windows\system32\SHELL32.dll
0x000007fefd7c0000 - 0x000007fefd7de000 	C:\Windows\system32\USERENV.dll
0x000007fefd890000 - 0x000007fefd89f000 	C:\Windows\system32\profapi.dll
0x000000006eba0000 - 0x000000006ec72000 	C:\Program Files\Java\jdk1.8.0_11\jre\bin\msvcr100.dll
0x000000005f0a0000 - 0x000000005f8ca000 	C:\Program Files\Java\jdk1.8.0_11\jre\bin\server\jvm.dll
0x000007fefcd70000 - 0x000007fefcd79000 	C:\Windows\system32\WSOCK32.dll
0x000007feff450000 - 0x000007feff49d000 	C:\Windows\system32\WS2_32.dll
0x000007feff650000 - 0x000007feff658000 	C:\Windows\system32\NSI.dll
0x000007fefaf70000 - 0x000007fefafab000 	C:\Windows\system32\WINMM.dll
0x000000006ff50000 - 0x000000006ff5f000 	C:\Program Files\Java\jdk1.8.0_11\jre\bin\verify.dll
0x000000006f690000 - 0x000000006f6b8000 	C:\Program Files\Java\jdk1.8.0_11\jre\bin\java.dll
0x000000006d120000 - 0x000000006d143000 	C:\Program Files\Java\jdk1.8.0_11\jre\bin\instrument.dll
0x000000006f670000 - 0x000000006f686000 	C:\Program Files\Java\jdk1.8.0_11\jre\bin\zip.dll
0x000007fefdc90000 - 0x000007fefde93000 	C:\Windows\system32\ole32.dll
0x000007fefd130000 - 0x000007fefd147000 	C:\Windows\system32\CRYPTSP.dll
0x000007fefce30000 - 0x000007fefce77000 	C:\Windows\system32\rsaenh.dll
0x000007fefd790000 - 0x000007fefd79f000 	C:\Windows\system32\CRYPTBASE.dll
0x000000006f580000 - 0x000000006f59a000 	C:\Program Files\Java\jdk1.8.0_11\jre\bin\net.dll
0x000007fefd0d0000 - 0x000007fefd125000 	C:\Windows\system32\mswsock.dll
0x000007fefd0c0000 - 0x000007fefd0c7000 	C:\Windows\System32\wship6.dll
0x000007fefc830000 - 0x000007fefc857000 	C:\Windows\system32\IPHLPAPI.DLL
0x000007fefc820000 - 0x000007fefc82b000 	C:\Windows\system32\WINNSI.DLL
0x000007fefaed0000 - 0x000007fefaee8000 	C:\Windows\system32\dhcpcsvc.DLL
0x000007fefaeb0000 - 0x000007fefaec1000 	C:\Windows\system32\dhcpcsvc6.DLL
0x000000006f4a0000 - 0x000000006f4b1000 	C:\Program Files\Java\jdk1.8.0_11\jre\bin\nio.dll
0x000007fefc360000 - 0x000007fefc36a000 	C:\Users\rgopal\AppData\Local\Temp\jansi-64-2497970933542837536.dll
0x000000006ff40000 - 0x000000006ff4d000 	C:\Program Files\Java\jdk1.8.0_11\jre\bin\management.dll
0x000007fefc930000 - 0x000007fefc937000 	C:\Windows\System32\wshtcpip.dll
0x000007fefcf50000 - 0x000007fefcfab000 	C:\Windows\system32\DNSAPI.dll
0x0000000074b00000 - 0x0000000074b26000 	C:\Program Files\Bonjour\mdnsNSP.dll
0x000007fefae40000 - 0x000007fefae48000 	C:\Windows\system32\rasadhlp.dll
0x000007fefae50000 - 0x000007fefaea3000 	C:\Windows\System32\fwpuclnt.dll
0x000007fefaf50000 - 0x000007fefaf65000 	C:\Windows\system32\NLAapi.dll
0x000007fefaf30000 - 0x000007fefaf45000 	C:\Windows\system32\napinsp.dll
0x000007fefaf10000 - 0x000007fefaf29000 	C:\Windows\system32\pnrpnsp.dll
0x000007fefaf00000 - 0x000007fefaf0b000 	C:\Windows\System32\winrnr.dll
0x000007fefaef0000 - 0x000007fefaf00000 	C:\Windows\system32\wshbth.dll
0x000007fef4790000 - 0x000007fef48b5000 	C:\Windows\system32\dbghelp.dll

VM Arguments:
jvm_args: -Dfile.encoding=UTF-8 -Xmx768M -Xms64M -Dgrails.fork.parent.process.port=49664 -Dgrails.fork.active=true -Dgrails.build.execution.context=C:\Users\rgopal\AppData\Local\Temp\central5490416514106762256grails-execution-context -Dgrails.home=C:\Users\rgopal\Documents\grails-2.4.4\grails-2.4.4 -javaagent:C:\Users\rgopal\Documents\grails-2.4.4\grails-2.4.4\lib\org.springframework\springloaded\jars\springloaded-1.2.1.RELEASE.jar -Xverify:none -Dspringloaded.synchronize=true -Djdk.reflect.allowGetCallerClass=true -Dspringloaded=profile=grails;cacheDir=C:\Users\rgopal/.grails/2.4.4/ 
java_command: org.grails.plugins.tomcat.fork.ForkedTomcatServer
java_class_path (initial): C:\Program Files\Java\jdk1.8.0_11\lib\tools.jar;C:\Users\rgopal\Documents\grails-2.4.4\grails-2.4.4\lib\org.codehaus.groovy\groovy-all\jars\groovy-all-2.3.7.jar;C:\Users\rgopal\Documents\grails-2.4.4\grails-2.4.4\lib\org.slf4j\jcl-over-slf4j\jars\jcl-over-slf4j-1.7.5.jar;C:\Users\rgopal\Documents\grails-2.4.4\grails-2.4.4\lib\org.codehaus.gant\gant_groovy1.8\jars\gant_groovy1.8-1.9.6.jar;C:\Users\rgopal\Documents\grails-2.4.4\grails-2.4.4\lib\org.apache.tomcat.embed\tomcat-embed-logging-log4j\jars\tomcat-embed-logging-log4j-7.0.50.jar;C:\Users\rgopal\Documents\grails-2.4.4\grails-2.4.4\dist\grails-plugin-log4j-2.4.4.jar;C:\Users\rgopal\Documents\grails-2.4.4\grails-2.4.4\lib\log4j\log4j\jars\log4j-1.2.17.jar;C:\Users\rgopal\Documents\grails-2.4.4\grails-2.4.4\dist\grails-bootstrap-2.4.4.jar;C:\Users\rgopal\Documents\grails-2.4.4\grails-2.4.4\lib\org.slf4j\slf4j-api\jars\slf4j-api-1.7.5.jar;C:\Users\rgopal\Documents\grails-2.4.4\grails-2.4.4\lib\jline\jline\jars\jline-2.12.jar;C:\Users\rgopal\Documents\grails-2.4.4\grails-2.4.4\lib\org.apache.ant\ant\jars\ant-1.8.4.jar;C:\Users\rgopal\Documents\grails-2.4.4\grails-2.4.4\lib\org.apache.ant\ant-launcher\jars\ant-launcher-1.8.4.jar;C:\Users\rgopal\Documents\grails-2.4.4\grails-2.4.4\lib\org.apache.ant\ant-trax\jars\ant-trax-1.7.1.jar;C:\Users\rgopal\Documents\grails-2.4.4\grails-2.4.4\lib\org.apache.ant\ant-junit\jars\ant-junit-1.8.4.jar;C:\Users\rgopal\Documents\grails-2.4.4\grails-2.4.4\lib\org.apache.ivy\ivy\jars\ivy-2.3.0.jar;C:\Users\rgopal\Documents\grails-2.4.4\grails-2.4.4\lib\org.fusesource.jansi\jansi\jars\jansi-1.11.jar;C:\Users\rgopal\.m2\repository\org\apache\tomcat\tomcat-catalina-ant\7.0.55\tomcat-catalina-ant-7.0.55.jar;C:\Users\rgopal\.m2\repository\org\apache\tomcat\embed\tomcat-embed-jasper\7.0.55\tomcat-embed-jasper-7.0.55.jar;C:\Users\rgopal\.m2\repository\org\apache\tomcat\embed\tomcat-embed-el\7.0.55\tomcat-embed-el-7.0.55.jar;C:\Users\rgopal\.m2\repository\org\apache\
Launcher Type: SUN_STANDARD

Environment Variables:
JAVA_HOME=C:\Program Files\Java\jdk1.8.0_11
PATH=C:\Windows\system32;C:\Windows;C:\Windows\System32\Wbem;C:\Windows\System32\WindowsPowerShell\v1.0\;C:\users\rgopal\My Documents\springsource\grails-2.3.5\bin\;c:\Program Files\Java\jdk1.7.0_51\bin\;C:\Program Files (x86)\MiKTeX 2.9\miktex\bin\
USERNAME=rgopal
OS=Windows_NT
PROCESSOR_IDENTIFIER=Intel64 Family 6 Model 37 Stepping 5, GenuineIntel



---------------  S Y S T E M  ---------------

OS: Windows 7 , 64 bit Build 7601 Service Pack 1

CPU:total 4 (2 cores per cpu, 2 threads per core) family 6 model 37 stepping 5, cmov, cx8, fxsr, mmx, sse, sse2, sse3, ssse3, sse4.1, sse4.2, popcnt, aes, clmul, ht, tsc, tscinvbit

Memory: 4k page, physical 8181608k(2083828k free), swap 16361352k(8259556k free)

vm_info: Java HotSpot(TM) 64-Bit Server VM (25.11-b03) for windows-amd64 JRE (1.8.0_11-b12), built on Jun 16 2014 20:57:32 by "java_re" with MS VC++ 10.0 (VS2010)

time: Fri May 08 21:03:57 2015
elapsed time: 157 seconds

