#
# A fatal error has been detected by the Java Runtime Environment:
#
#  EXCEPTION_ACCESS_VIOLATION (0xc0000005) at pc=0x000000005f4c4db2, pid=7928, tid=8064
#
# JRE version: Java(TM) SE Runtime Environment (8.0_11-b12) (build 1.8.0_11-b12)
# Java VM: Java HotSpot(TM) 64-Bit Server VM (25.11-b03 mixed mode windows-amd64 compressed oops)
# Problematic frame:
# V  [jvm.dll+0x424db2]
#
# Failed to write core dump. Minidumps are not enabled by default on client versions of Windows
#
# If you would like to submit a bug report, please visit:
#   http://bugreport.sun.com/bugreport/crash.jsp
#

---------------  T H R E A D  ---------------

Current thread (0x0000000056205800):  JavaThread "C2 CompilerThread0" daemon [_thread_in_native, id=8064, stack(0x0000000056880000,0x0000000056980000)]

siginfo: ExceptionCode=0xc0000005, reading address 0x0000000000000000

Registers:
RAX=0x000000005994b8f8, RBX=0x0000000000000600, RCX=0x0000000000000000, RDX=0x0000000059947540
RSP=0x000000005697c6a0, RBP=0x00000000000000c0, RSI=0x00000000000000b8, RDI=0x0000000000000000
R8 =0x000000005f0a0000, R9 =0x000000005697c9c0, R10=0x00000000ffffffff, R11=0x00000000561ed140
R12=0x000000005994c000, R13=0x00000000562a9cf8, R14=0x0000000000000008, R15=0x00000000562a9cf8
RIP=0x000000005f4c4db2, EFLAGS=0x0000000000010206

Top of Stack: (sp=0x000000005697c6a0)
0x000000005697c6a0:   00000000000000da 00000000000000b0
0x000000005697c6b0:   000000000000000a 000000005b2c2c68
0x000000005697c6c0:   0000000000000001 0000000000000600
0x000000005697c6d0:   0000000000000180 00000000000000c0
0x000000005697c6e0:   000000005cfbf820 0000000056208b00
0x000000005697c6f0:   0000000000000770 000000005728dc20
0x000000005697c700:   000000005697c9c0 00000000599489a0
0x000000005697c710:   0000000000000020 0000000000000009
0x000000005697c720:   000000005994bfd0 00000000000000da
0x000000005697c730:   00000000562a9cf8 000000005f4c598d
0x000000005697c740:   000000005994bfd0 000000000000001c
0x000000005697c750:   00000000000000da 000000005697c9c0
0x000000005697c760:   0000000059947540 00000000000000da
0x000000005697c770:   00000000599489a0 0000000000000020
0x000000005697c780:   000000005d8471b0 000000005697ed30
0x000000005697c790:   000000005d8477e0 000000005994bfd0 

Instructions: (pc=0x000000005f4c4db2)
0x000000005f4c4d92:   c6 48 63 f0 48 03 f1 eb 04 48 83 ce ff 48 8b 84
0x000000005f4c4da2:   24 a0 00 00 00 48 8b 40 08 48 8b 3c 03 48 8b cf
0x000000005f4c4db2:   48 8b 07 ff 50 28 4c 8d 05 41 b2 bd ff 48 63 50
0x000000005f4c4dc2:   10 4c 8b d8 48 8b ca 48 c1 e1 05 42 80 bc 01 c0 


Register to memory mapping:

RAX=0x000000005994b8f8 is an unknown value
RBX=0x0000000000000600 is an unknown value
RCX=0x0000000000000000 is an unknown value
RDX=0x0000000059947540 is an unknown value
RSP=0x000000005697c6a0 is pointing into the stack for thread: 0x0000000056205800
RBP=0x00000000000000c0 is an unknown value
RSI=0x00000000000000b8 is an unknown value
RDI=0x0000000000000000 is an unknown value
R8 =0x000000005f0a0000 is an unknown value
R9 =0x000000005697c9c0 is pointing into the stack for thread: 0x0000000056205800
R10=0x00000000ffffffff is an unknown value
R11=0x00000000561ed140 is an unknown value
R12=0x000000005994c000 is an unknown value
R13=0x00000000562a9cf8 is an unknown value
R14=0x0000000000000008 is an unknown value
R15=0x00000000562a9cf8 is an unknown value


Stack: [0x0000000056880000,0x0000000056980000],  sp=0x000000005697c6a0,  free space=1009k
Native frames: (J=compiled Java code, j=interpreted, Vv=VM code, C=native code)
V  [jvm.dll+0x424db2]
V  [jvm.dll+0x42598d]
V  [jvm.dll+0x425ecf]
V  [jvm.dll+0x4c5a84]
V  [jvm.dll+0x4415bc]
V  [jvm.dll+0x443a29]
V  [jvm.dll+0x427722]
V  [jvm.dll+0x96982]
V  [jvm.dll+0x97173]
V  [jvm.dll+0x2234b4]
V  [jvm.dll+0x27bcca]
C  [msvcr100.dll+0x21d9f]
C  [msvcr100.dll+0x21e3b]
C  [kernel32.dll+0x159ed]
C  [ntdll.dll+0x2c541]


Current CompileTask:
C2:  80730 7597       4       groovy.lang.MetaClassImpl::findPropertyMethod (356 bytes)


---------------  P R O C E S S  ---------------

Java Threads: ( => current thread )
  0x0000000059519800 JavaThread "net.sf.ehcache.CacheManager@5724a8be" daemon [_thread_blocked, id=7332, stack(0x00000000624d0000,0x00000000625d0000)]
  0x0000000059518000 JavaThread "com.oumuo.SecurityGroup.data" daemon [_thread_blocked, id=7092, stack(0x00000000611b0000,0x00000000612b0000)]
  0x0000000059516800 JavaThread "com.oumuo.Authority.data" daemon [_thread_blocked, id=10020, stack(0x000000005b100000,0x000000005b200000)]
  0x0000000059515800 JavaThread "net.sf.ehcache.CacheManager@7a2f6fab" daemon [_thread_blocked, id=8820, stack(0x0000000060730000,0x0000000060830000)]
  0x000000005948e000 JavaThread "PoolCleaner[192694377:1430682938033]" daemon [_thread_blocked, id=500, stack(0x000000005e5d0000,0x000000005e6d0000)]
  0x000000005b250800 JavaThread "FileSystemWatcher: files=#319 cl=groovy.lang.GroovyClassLoader@b7c4869" daemon [_thread_blocked, id=2696, stack(0x000000005c350000,0x000000005c450000)]
  0x000000005854b000 JavaThread "localhost-startStop-1" daemon [_thread_in_native, id=9956, stack(0x000000005b000000,0x000000005b100000)]
  0x000000005812c000 JavaThread "Tomcat-startStop-1" daemon [_thread_blocked, id=8420, stack(0x000000005ae00000,0x000000005af00000)]
  0x0000000058698000 JavaThread "Thread-3" [_thread_in_native, id=800, stack(0x0000000057da0000,0x0000000057ea0000)]
  0x0000000058841000 JavaThread "Thread-2" [_thread_blocked, id=5628, stack(0x000000005a6a0000,0x000000005a7a0000)]
  0x0000000057512800 JavaThread "NonBlockingInputStreamThread" daemon [_thread_blocked, id=8804, stack(0x0000000057f20000,0x0000000058020000)]
  0x000000005635f800 JavaThread "Service Thread" daemon [_thread_blocked, id=9836, stack(0x0000000056e90000,0x0000000056f90000)]
  0x0000000056200000 JavaThread "C1 CompilerThread2" daemon [_thread_blocked, id=9840, stack(0x0000000056cd0000,0x0000000056dd0000)]
  0x00000000561fe000 JavaThread "C2 CompilerThread1" daemon [_thread_in_native, id=4248, stack(0x0000000056a20000,0x0000000056b20000)]
=>0x0000000056205800 JavaThread "C2 CompilerThread0" daemon [_thread_in_native, id=8064, stack(0x0000000056880000,0x0000000056980000)]
  0x0000000056104800 JavaThread "Attach Listener" daemon [_thread_blocked, id=5976, stack(0x0000000056710000,0x0000000056810000)]
  0x0000000054d67800 JavaThread "Signal Dispatcher" daemon [_thread_blocked, id=1760, stack(0x00000000565a0000,0x00000000566a0000)]
  0x0000000054d06800 JavaThread "Finalizer" daemon [_thread_blocked, id=9320, stack(0x0000000055da0000,0x0000000055ea0000)]
  0x0000000054cfb800 JavaThread "Reference Handler" daemon [_thread_blocked, id=8672, stack(0x0000000056000000,0x0000000056100000)]
  0x00000000028ea000 JavaThread "main" [_thread_blocked, id=2420, stack(0x0000000002ba0000,0x0000000002ca0000)]

Other Threads:
  0x0000000054cf8000 VMThread [stack: 0x0000000055ea0000,0x0000000055fa0000] [id=9732]
  0x0000000056364800 WatcherThread [stack: 0x0000000057080000,0x0000000057180000] [id=8844]

VM state:not at safepoint (normal execution)

VM Mutex/Monitor currently owned by a thread: None

Heap:
 PSYoungGen      total 205312K, used 142483K [0x00000000f0000000, 0x0000000100000000, 0x0000000100000000)
  eden space 152576K, 66% used [0x00000000f0000000,0x00000000f62f1698,0x00000000f9500000)
  from space 52736K, 78% used [0x00000000fcc80000,0x00000000ff4b37c8,0x0000000100000000)
  to   space 54784K, 0% used [0x00000000f9500000,0x00000000f9500000,0x00000000fca80000)
 ParOldGen       total 130048K, used 112844K [0x00000000d0000000, 0x00000000d7f00000, 0x00000000f0000000)
  object space 130048K, 86% used [0x00000000d0000000,0x00000000d6e33318,0x00000000d7f00000)
 Metaspace       used 74586K, capacity 76796K, committed 76928K, reserved 1118208K
  class space    used 7502K, capacity 8061K, committed 8064K, reserved 1048576K

Card table byte_map: [0x0000000012180000,0x0000000012310000] byte_map_base: 0x0000000011b00000

Marking Bits: (ParMarkBitMap*) 0x000000005f8512b0
 Begin Bits: [0x00000000129f0000, 0x00000000135f0000)
 End Bits:   [0x00000000135f0000, 0x00000000141f0000)

Polling page: 0x0000000000290000

CodeCache: size=245760Kb used=25078Kb max_used=25080Kb free=220681Kb
 bounds [0x0000000002dc0000, 0x0000000004690000, 0x0000000011dc0000]
 total_blobs=7092 nmethods=6328 adapters=675
 compilation: enabled

Compilation events (10 events):
Event: 80.609 Thread 0x00000000561fe000 nmethod 7606 0x00000000040f9310 code [0x00000000040f94e0, 0x00000000040f9b00]
Event: 80.609 Thread 0x00000000561fe000 7473       4       java.lang.Class$MethodArray::compactAndTrim (69 bytes)
Event: 80.612 Thread 0x00000000561fe000 nmethod 7473 0x00000000040f8cd0 code [0x00000000040f8e20, 0x00000000040f90f8]
Event: 80.612 Thread 0x00000000561fe000 7472   !   4       com.sun.proxy.$Proxy13::annotationType (50 bytes)
Event: 80.615 Thread 0x00000000561fe000 nmethod 7472 0x000000000431fc10 code [0x000000000431fda0, 0x0000000004320048]
Event: 80.615 Thread 0x00000000561fe000 7588       4       org.codehaus.groovy.runtime.GroovyCategorySupport$MyThreadLocal::getInfoNullable (24 bytes)
Event: 80.616 Thread 0x00000000561fe000 nmethod 7588 0x0000000003c9af90 code [0x0000000003c9b0e0, 0x0000000003c9b238]
Event: 80.616 Thread 0x00000000561fe000 7053   !   4       groovy.lang.MetaClassImpl::invokeMethod (1093 bytes)
Event: 80.635 Thread 0x0000000056200000 7627       3       groovy.lang.ExpandoMetaClass$3::call (244 bytes)
Event: 80.637 Thread 0x0000000056200000 nmethod 7627 0x0000000003ed9010 code [0x0000000003ed9380, 0x0000000003edaab8]

GC Heap History (10 events):
Event: 76.339 GC heap before
{Heap before GC invocations=74 (full 8):
 PSYoungGen      total 206848K, used 181677K [0x00000000f0000000, 0x00000000ffb80000, 0x0000000100000000)
  eden space 156160K, 100% used [0x00000000f0000000,0x00000000f9880000,0x00000000f9880000)
  from space 50688K, 50% used [0x00000000f9880000,0x00000000fb16b4a8,0x00000000fca00000)
  to   space 48640K, 0% used [0x00000000fcc00000,0x00000000fcc00000,0x00000000ffb80000)
 ParOldGen       total 130048K, used 109936K [0x00000000d0000000, 0x00000000d7f00000, 0x00000000f0000000)
  object space 130048K, 84% used [0x00000000d0000000,0x00000000d6b5c3e0,0x00000000d7f00000)
 Metaspace       used 71278K, capacity 73198K, committed 73600K, reserved 1116160K
  class space    used 7131K, capacity 7698K, committed 7808K, reserved 1048576K
Event: 76.392 GC heap after
Heap after GC invocations=74 (full 8):
 PSYoungGen      total 208896K, used 31661K [0x00000000f0000000, 0x00000000ffe00000, 0x0000000100000000)
  eden space 160256K, 0% used [0x00000000f0000000,0x00000000f0000000,0x00000000f9c80000)
  from space 48640K, 65% used [0x00000000fcc00000,0x00000000feaeb418,0x00000000ffb80000)
  to   space 48640K, 0% used [0x00000000f9c80000,0x00000000f9c80000,0x00000000fcc00000)
 ParOldGen       total 130048K, used 111300K [0x00000000d0000000, 0x00000000d7f00000, 0x00000000f0000000)
  object space 130048K, 85% used [0x00000000d0000000,0x00000000d6cb1318,0x00000000d7f00000)
 Metaspace       used 71278K, capacity 73198K, committed 73600K, reserved 1116160K
  class space    used 7131K, capacity 7698K, committed 7808K, reserved 1048576K
}
Event: 77.557 GC heap before
{Heap before GC invocations=75 (full 8):
 PSYoungGen      total 208896K, used 184667K [0x00000000f0000000, 0x00000000ffe00000, 0x0000000100000000)
  eden space 160256K, 95% used [0x00000000f0000000,0x00000000f956ba60,0x00000000f9c80000)
  from space 48640K, 65% used [0x00000000fcc00000,0x00000000feaeb418,0x00000000ffb80000)
  to   space 48640K, 0% used [0x00000000f9c80000,0x00000000f9c80000,0x00000000fcc00000)
 ParOldGen       total 130048K, used 111300K [0x00000000d0000000, 0x00000000d7f00000, 0x00000000f0000000)
  object space 130048K, 85% used [0x00000000d0000000,0x00000000d6cb1318,0x00000000d7f00000)
 Metaspace       used 71745K, capacity 73718K, committed 74112K, reserved 1116160K
  class space    used 7186K, capacity 7752K, committed 7808K, reserved 1048576K
Event: 77.724 GC heap after
Heap after GC invocations=75 (full 8):
 PSYoungGen      total 208896K, used 34471K [0x00000000f0000000, 0x0000000100000000, 0x0000000100000000)
  eden space 160256K, 0% used [0x00000000f0000000,0x00000000f0000000,0x00000000f9c80000)
  from space 48640K, 70% used [0x00000000f9c80000,0x00000000fbe29fe8,0x00000000fcc00000)
  to   space 49152K, 0% used [0x00000000fd000000,0x00000000fd000000,0x0000000100000000)
 ParOldGen       total 130048K, used 111564K [0x00000000d0000000, 0x00000000d7f00000, 0x00000000f0000000)
  object space 130048K, 85% used [0x00000000d0000000,0x00000000d6cf3318,0x00000000d7f00000)
 Metaspace       used 71745K, capacity 73718K, committed 74112K, reserved 1116160K
  class space    used 7186K, capacity 7752K, committed 7808K, reserved 1048576K
}
Event: 77.973 GC heap before
{Heap before GC invocations=76 (full 8):
 PSYoungGen      total 208896K, used 192485K [0x00000000f0000000, 0x0000000100000000, 0x0000000100000000)
  eden space 160256K, 98% used [0x00000000f0000000,0x00000000f9a4f6d8,0x00000000f9c80000)
  from space 48640K, 70% used [0x00000000f9c80000,0x00000000fbe29fe8,0x00000000fcc00000)
  to   space 49152K, 0% used [0x00000000fd000000,0x00000000fd000000,0x0000000100000000)
 ParOldGen       total 130048K, used 111564K [0x00000000d0000000, 0x00000000d7f00000, 0x00000000f0000000)
  object space 130048K, 85% used [0x00000000d0000000,0x00000000d6cf3318,0x00000000d7f00000)
 Metaspace       used 72091K, capacity 74156K, committed 74368K, reserved 1116160K
  class space    used 7194K, capacity 7759K, committed 7808K, reserved 1048576K
Event: 78.027 GC heap after
Heap after GC invocations=76 (full 8):
 PSYoungGen      total 210944K, used 35364K [0x00000000f0000000, 0x0000000100000000, 0x0000000100000000)
  eden space 161792K, 0% used [0x00000000f0000000,0x00000000f0000000,0x00000000f9e00000)
  from space 49152K, 71% used [0x00000000fd000000,0x00000000ff2890e0,0x0000000100000000)
  to   space 50176K, 0% used [0x00000000f9e00000,0x00000000f9e00000,0x00000000fcf00000)
 ParOldGen       total 130048K, used 111764K [0x00000000d0000000, 0x00000000d7f00000, 0x00000000f0000000)
  object space 130048K, 85% used [0x00000000d0000000,0x00000000d6d25318,0x00000000d7f00000)
 Metaspace       used 72091K, capacity 74156K, committed 74368K, reserved 1116160K
  class space    used 7194K, capacity 7759K, committed 7808K, reserved 1048576K
}
Event: 78.754 GC heap before
{Heap before GC invocations=77 (full 8):
 PSYoungGen      total 210944K, used 195664K [0x00000000f0000000, 0x0000000100000000, 0x0000000100000000)
  eden space 161792K, 99% used [0x00000000f0000000,0x00000000f9c8b108,0x00000000f9e00000)
  from space 49152K, 71% used [0x00000000fd000000,0x00000000ff2890e0,0x0000000100000000)
  to   space 50176K, 0% used [0x00000000f9e00000,0x00000000f9e00000,0x00000000fcf00000)
 ParOldGen       total 130048K, used 111764K [0x00000000d0000000, 0x00000000d7f00000, 0x00000000f0000000)
  object space 130048K, 85% used [0x00000000d0000000,0x00000000d6d25318,0x00000000d7f00000)
 Metaspace       used 73726K, capacity 75792K, committed 76160K, reserved 1118208K
  class space    used 7402K, capacity 7956K, committed 8064K, reserved 1048576K
Event: 78.957 GC heap after
Heap after GC invocations=77 (full 8):
 PSYoungGen      total 202752K, used 40863K [0x00000000f0000000, 0x0000000100000000, 0x0000000100000000)
  eden space 161792K, 0% used [0x00000000f0000000,0x00000000f0000000,0x00000000f9e00000)
  from space 40960K, 99% used [0x00000000f9e00000,0x00000000fc5e7c30,0x00000000fc600000)
  to   space 52736K, 0% used [0x00000000fcc80000,0x00000000fcc80000,0x0000000100000000)
 ParOldGen       total 130048K, used 111828K [0x00000000d0000000, 0x00000000d7f00000, 0x00000000f0000000)
  object space 130048K, 85% used [0x00000000d0000000,0x00000000d6d35318,0x00000000d7f00000)
 Metaspace       used 73726K, capacity 75792K, committed 76160K, reserved 1118208K
  class space    used 7402K, capacity 7956K, committed 8064K, reserved 1048576K
}
Event: 79.763 GC heap before
{Heap before GC invocations=78 (full 8):
 PSYoungGen      total 202752K, used 197396K [0x00000000f0000000, 0x0000000100000000, 0x0000000100000000)
  eden space 161792K, 96% used [0x00000000f0000000,0x00000000f98dd6f8,0x00000000f9e00000)
  from space 40960K, 99% used [0x00000000f9e00000,0x00000000fc5e7c30,0x00000000fc600000)
  to   space 52736K, 0% used [0x00000000fcc80000,0x00000000fcc80000,0x0000000100000000)
 ParOldGen       total 130048K, used 111828K [0x00000000d0000000, 0x00000000d7f00000, 0x00000000f0000000)
  object space 130048K, 85% used [0x00000000d0000000,0x00000000d6d35318,0x00000000d7f00000)
 Metaspace       used 74044K, capacity 76174K, committed 76416K, reserved 1118208K
  class space    used 7424K, capacity 7992K, committed 8064K, reserved 1048576K
Event: 79.839 GC heap after
Heap after GC invocations=78 (full 8):
 PSYoungGen      total 205312K, used 41165K [0x00000000f0000000, 0x0000000100000000, 0x0000000100000000)
  eden space 152576K, 0% used [0x00000000f0000000,0x00000000f0000000,0x00000000f9500000)
  from space 52736K, 78% used [0x00000000fcc80000,0x00000000ff4b37c8,0x0000000100000000)
  to   space 54784K, 0% used [0x00000000f9500000,0x00000000f9500000,0x00000000fca80000)
 ParOldGen       total 130048K, used 112844K [0x00000000d0000000, 0x00000000d7f00000, 0x00000000f0000000)
  object space 130048K, 86% used [0x00000000d0000000,0x00000000d6e33318,0x00000000d7f00000)
 Metaspace       used 74044K, capacity 76174K, committed 76416K, reserved 1118208K
  class space    used 7424K, capacity 7992K, committed 8064K, reserved 1048576K
}

Deoptimization events (10 events):
Event: 77.557 Thread 0x000000005854b000 Uncommon trap: reason=class_check action=maybe_recompile pc=0x000000000403e3e8 method=org.springsource.loaded.TypeRegistry.getDescriptorFor(Ljava/lang/String;)Lorg/springsource/loaded/TypeDescriptor; @ 19
Event: 77.728 Thread 0x000000005854b000 Uncommon trap: reason=class_check action=maybe_recompile pc=0x000000000403e3e8 method=org.springsource.loaded.TypeRegistry.getDescriptorFor(Ljava/lang/String;)Lorg/springsource/loaded/TypeDescriptor; @ 19
Event: 77.749 Thread 0x000000005854b000 Uncommon trap: reason=bimorphic action=maybe_recompile pc=0x000000000445a838 method=sl.org.objectweb.asm.MethodVisitor.visitTryCatchBlock(Lsl/org/objectweb/asm/Label;Lsl/org/objectweb/asm/Label;Lsl/org/objectweb/asm/Label;Ljava/lang/String;)V @ 16
Event: 77.761 Thread 0x000000005854b000 Uncommon trap: reason=class_check action=maybe_recompile pc=0x000000000403e3e8 method=org.springsource.loaded.TypeRegistry.getDescriptorFor(Ljava/lang/String;)Lorg/springsource/loaded/TypeDescriptor; @ 19
Event: 77.767 Thread 0x000000005854b000 Uncommon trap: reason=class_check action=maybe_recompile pc=0x000000000403e3e8 method=org.springsource.loaded.TypeRegistry.getDescriptorFor(Ljava/lang/String;)Lorg/springsource/loaded/TypeDescriptor; @ 19
Event: 77.776 Thread 0x000000005854b000 Uncommon trap: reason=null_check action=make_not_entrant pc=0x0000000002fa88b8 method=org.springsource.loaded.ri.ReloadableTypeMethodProvider.getMethod(Ljava/lang/String;[Ljava/lang/Class;)Lorg/springsource/loaded/ri/Invoker; @ 57
Event: 77.777 Thread 0x000000005854b000 Uncommon trap: reason=null_check action=make_not_entrant pc=0x000000000412cf8c method=org.springsource.loaded.ri.ReloadableTypeMethodProvider.getMethod(Ljava/lang/String;[Ljava/lang/Class;)Lorg/springsource/loaded/ri/Invoker; @ 57
Event: 77.811 Thread 0x000000005854b000 Uncommon trap: reason=bimorphic action=maybe_recompile pc=0x000000000445a838 method=sl.org.objectweb.asm.MethodVisitor.visitTryCatchBlock(Lsl/org/objectweb/asm/Label;Lsl/org/objectweb/asm/Label;Lsl/org/objectweb/asm/Label;Ljava/lang/String;)V @ 16
Event: 77.938 Thread 0x000000005854b000 Uncommon trap: reason=bimorphic action=maybe_recompile pc=0x000000000445a838 method=sl.org.objectweb.asm.MethodVisitor.visitTryCatchBlock(Lsl/org/objectweb/asm/Label;Lsl/org/objectweb/asm/Label;Lsl/org/objectweb/asm/Label;Ljava/lang/String;)V @ 16
Event: 78.048 Thread 0x000000005854b000 Uncommon trap: reason=bimorphic action=maybe_recompile pc=0x000000000445a838 method=sl.org.objectweb.asm.MethodVisitor.visitTryCatchBlock(Lsl/org/objectweb/asm/Label;Lsl/org/objectweb/asm/Label;Lsl/org/objectweb/asm/Label;Ljava/lang/String;)V @ 16

Internal exceptions (10 events):
Event: 80.633 Thread 0x000000005854b000 Exception <a 'java/security/PrivilegedActionException'> (0x00000000f602f030) thrown at [C:\re\workspace\8-2-build-windows-amd64-cygwin\jdk8u11\648\hotspot\src\share\vm\prims\jvm.cpp, line 1248]
Event: 80.633 Thread 0x000000005854b000 Exception <a 'java/security/PrivilegedActionException'> (0x00000000f6032518) thrown at [C:\re\workspace\8-2-build-windows-amd64-cygwin\jdk8u11\648\hotspot\src\share\vm\prims\jvm.cpp, line 1248]
Event: 80.633 Thread 0x000000005854b000 Exception <a 'java/security/PrivilegedActionException'> (0x00000000f603fd90) thrown at [C:\re\workspace\8-2-build-windows-amd64-cygwin\jdk8u11\648\hotspot\src\share\vm\prims\jvm.cpp, line 1248]
Event: 80.633 Thread 0x000000005854b000 Exception <a 'java/security/PrivilegedActionException'> (0x00000000f6050708) thrown at [C:\re\workspace\8-2-build-windows-amd64-cygwin\jdk8u11\648\hotspot\src\share\vm\prims\jvm.cpp, line 1248]
Event: 80.634 Thread 0x000000005854b000 Exception <a 'java/security/PrivilegedActionException'> (0x00000000f6053bf0) thrown at [C:\re\workspace\8-2-build-windows-amd64-cygwin\jdk8u11\648\hotspot\src\share\vm\prims\jvm.cpp, line 1248]
Event: 80.634 Thread 0x000000005854b000 Exception <a 'java/security/PrivilegedActionException'> (0x00000000f6061468) thrown at [C:\re\workspace\8-2-build-windows-amd64-cygwin\jdk8u11\648\hotspot\src\share\vm\prims\jvm.cpp, line 1248]
Event: 80.634 Thread 0x000000005854b000 Exception <a 'java/security/PrivilegedActionException'> (0x00000000f607ee90) thrown at [C:\re\workspace\8-2-build-windows-amd64-cygwin\jdk8u11\648\hotspot\src\share\vm\prims\jvm.cpp, line 1248]
Event: 80.634 Thread 0x000000005854b000 Exception <a 'java/lang/ClassNotFoundException': CsvGrailsPlugin$_closure4_closure10Customizer> (0x00000000f607f8f0) thrown at [C:\re\workspace\8-2-build-windows-amd64-cygwin\jdk8u11\648\hotspot\src\share\vm\classfile\systemDictionary.cpp, line 202]
Event: 80.635 Thread 0x000000005854b000 Exception <a 'java/security/PrivilegedActionException'> (0x00000000f6094778) thrown at [C:\re\workspace\8-2-build-windows-amd64-cygwin\jdk8u11\648\hotspot\src\share\vm\prims\jvm.cpp, line 1248]
Event: 80.635 Thread 0x000000005854b000 Exception <a 'java/security/PrivilegedActionException'> (0x00000000f6097650) thrown at [C:\re\workspace\8-2-build-windows-amd64-cygwin\jdk8u11\648\hotspot\src\share\vm\prims\jvm.cpp, line 1248]

Events (10 events):
Event: 80.633 loading class CsvGrailsPlugin$_closure4_closure10BeanInfo
Event: 80.633 loading class CsvGrailsPlugin$_closure4_closure10BeanInfo done
Event: 80.633 loading class CsvGrailsPlugin$_closure4_closure10Customizer
Event: 80.633 loading class CsvGrailsPlugin$_closure4_closure10Customizer done
Event: 80.633 loading class CsvGrailsPlugin$_closure4_closure10Customizer
Event: 80.633 loading class CsvGrailsPlugin$_closure4_closure10Customizer done
Event: 80.634 loading class CsvGrailsPlugin$_closure4_closure10Customizer
Event: 80.634 loading class CsvGrailsPlugin$_closure4_closure10Customizer done
Event: 80.635 loading class CsvGrailsPlugin$_closure4_closure11
Event: 80.635 loading class CsvGrailsPlugin$_closure4_closure11 done


Dynamic libraries:
0x000000013f800000 - 0x000000013f834000 	C:\Program Files\Java\jdk1.8.0_11\bin\java.exe
0x0000000077430000 - 0x00000000775d9000 	C:\Windows\SYSTEM32\ntdll.dll
0x00000000771b0000 - 0x00000000772cf000 	C:\Windows\system32\kernel32.dll
0x000007fefd9a0000 - 0x000007fefda0c000 	C:\Windows\system32\KERNELBASE.dll
0x000007fefe5e0000 - 0x000007fefe6bb000 	C:\Windows\system32\ADVAPI32.dll
0x000007fefe030000 - 0x000007fefe0cf000 	C:\Windows\system32\msvcrt.dll
0x000007fefe3a0000 - 0x000007fefe3bf000 	C:\Windows\SYSTEM32\sechost.dll
0x000007fefdea0000 - 0x000007fefdfcd000 	C:\Windows\system32\RPCRT4.dll
0x0000000076e90000 - 0x0000000076f8a000 	C:\Windows\system32\USER32.dll
0x000007fefe2b0000 - 0x000007fefe317000 	C:\Windows\system32\GDI32.dll
0x000007fefe460000 - 0x000007fefe46e000 	C:\Windows\system32\LPK.dll
0x000007fefe510000 - 0x000007fefe5d9000 	C:\Windows\system32\USP10.dll
0x000007fefbe90000 - 0x000007fefc084000 	C:\Windows\WinSxS\amd64_microsoft.windows.common-controls_6595b64144ccf1df_6.0.7601.17514_none_fa396087175ac9ac\COMCTL32.dll
0x000007fefe490000 - 0x000007fefe501000 	C:\Windows\system32\SHLWAPI.dll
0x000007fefdc60000 - 0x000007fefdc8e000 	C:\Windows\system32\IMM32.DLL
0x000007feff4a0000 - 0x000007feff5a9000 	C:\Windows\system32\MSCTF.dll
0x0000000180000000 - 0x000000018001c000 	C:\Windows\system32\btpload64.dll
0x0000000077600000 - 0x0000000077607000 	C:\Windows\system32\PSAPI.DLL
0x0000000000230000 - 0x000000000025c000 	C:\Windows\system32\privman64.dll
0x000007fefd7e0000 - 0x000007fefd7ec000 	C:\Windows\system32\VERSION.dll
0x000007fefe6c0000 - 0x000007feff449000 	C:\Windows\system32\SHELL32.dll
0x000007fefd7c0000 - 0x000007fefd7de000 	C:\Windows\system32\USERENV.dll
0x000007fefd890000 - 0x000007fefd89f000 	C:\Windows\system32\profapi.dll
0x0000000069f50000 - 0x000000006a022000 	C:\Program Files\Java\jdk1.8.0_11\jre\bin\msvcr100.dll
0x000000005f0a0000 - 0x000000005f8ca000 	C:\Program Files\Java\jdk1.8.0_11\jre\bin\server\jvm.dll
0x000007fefcd70000 - 0x000007fefcd79000 	C:\Windows\system32\WSOCK32.dll
0x000007feff450000 - 0x000007feff49d000 	C:\Windows\system32\WS2_32.dll
0x000007feff650000 - 0x000007feff658000 	C:\Windows\system32\NSI.dll
0x000007fefaf70000 - 0x000007fefafab000 	C:\Windows\system32\WINMM.dll
0x0000000069f00000 - 0x0000000069f0f000 	C:\Program Files\Java\jdk1.8.0_11\jre\bin\verify.dll
0x000000006a840000 - 0x000000006a868000 	C:\Program Files\Java\jdk1.8.0_11\jre\bin\java.dll
0x000000006ff30000 - 0x000000006ff53000 	C:\Program Files\Java\jdk1.8.0_11\jre\bin\instrument.dll
0x000000006a820000 - 0x000000006a836000 	C:\Program Files\Java\jdk1.8.0_11\jre\bin\zip.dll
0x000007fefdc90000 - 0x000007fefde93000 	C:\Windows\system32\ole32.dll
0x000007fefd130000 - 0x000007fefd147000 	C:\Windows\system32\CRYPTSP.dll
0x000007fefce30000 - 0x000007fefce77000 	C:\Windows\system32\rsaenh.dll
0x000007fefd790000 - 0x000007fefd79f000 	C:\Windows\system32\CRYPTBASE.dll
0x000000006e2f0000 - 0x000000006e30a000 	C:\Program Files\Java\jdk1.8.0_11\jre\bin\net.dll
0x000007fefd0d0000 - 0x000007fefd125000 	C:\Windows\system32\mswsock.dll
0x000007fefd0c0000 - 0x000007fefd0c7000 	C:\Windows\System32\wship6.dll
0x000007fefc830000 - 0x000007fefc857000 	C:\Windows\system32\IPHLPAPI.DLL
0x000007fefc820000 - 0x000007fefc82b000 	C:\Windows\system32\WINNSI.DLL
0x000007fefaed0000 - 0x000007fefaee8000 	C:\Windows\system32\dhcpcsvc.DLL
0x000007fefaeb0000 - 0x000007fefaec1000 	C:\Windows\system32\dhcpcsvc6.DLL
0x000000006d8a0000 - 0x000000006d8b1000 	C:\Program Files\Java\jdk1.8.0_11\jre\bin\nio.dll
0x000007fefbd50000 - 0x000007fefbd5a000 	C:\Users\rgopal\AppData\Local\Temp\jansi-64-8787857258141064799.dll
0x000000006e5c0000 - 0x000000006e5cd000 	C:\Program Files\Java\jdk1.8.0_11\jre\bin\management.dll
0x000007fefc930000 - 0x000007fefc937000 	C:\Windows\System32\wshtcpip.dll
0x000007fefcf50000 - 0x000007fefcfab000 	C:\Windows\system32\DNSAPI.dll
0x0000000074b00000 - 0x0000000074b26000 	C:\Program Files\Bonjour\mdnsNSP.dll
0x000007fefae40000 - 0x000007fefae48000 	C:\Windows\system32\rasadhlp.dll
0x000007fefae50000 - 0x000007fefaea3000 	C:\Windows\System32\fwpuclnt.dll
0x000007fefaf50000 - 0x000007fefaf65000 	C:\Windows\system32\NLAapi.dll
0x000007fefaf30000 - 0x000007fefaf45000 	C:\Windows\system32\napinsp.dll
0x000007fefaf10000 - 0x000007fefaf29000 	C:\Windows\system32\pnrpnsp.dll
0x000007fefaf00000 - 0x000007fefaf0b000 	C:\Windows\System32\winrnr.dll
0x000007fefaef0000 - 0x000007fefaf00000 	C:\Windows\system32\wshbth.dll
0x000007fef4790000 - 0x000007fef48b5000 	C:\Windows\system32\dbghelp.dll

VM Arguments:
jvm_args: -Dfile.encoding=UTF-8 -Xmx768M -Xms64M -Dgrails.fork.parent.process.port=52997 -Dgrails.fork.active=true -Dgrails.build.execution.context=C:\Users\rgopal\AppData\Local\Temp\central1923914162779617842grails-execution-context -Dgrails.home=C:\Users\rgopal\Documents\grails-2.4.4\grails-2.4.4 -javaagent:C:\Users\rgopal\Documents\grails-2.4.4\grails-2.4.4\lib\org.springframework\springloaded\jars\springloaded-1.2.1.RELEASE.jar -Xverify:none -Dspringloaded.synchronize=true -Djdk.reflect.allowGetCallerClass=true -Dspringloaded=profile=grails;cacheDir=C:\Users\rgopal/.grails/2.4.4/ 
java_command: org.grails.plugins.tomcat.fork.ForkedTomcatServer
java_class_path (initial): C:\Program Files\Java\jdk1.8.0_11\lib\tools.jar;C:\Users\rgopal\Documents\grails-2.4.4\grails-2.4.4\lib\org.codehaus.groovy\groovy-all\jars\groovy-all-2.3.7.jar;C:\Users\rgopal\Documents\grails-2.4.4\grails-2.4.4\lib\org.slf4j\jcl-over-slf4j\jars\jcl-over-slf4j-1.7.5.jar;C:\Users\rgopal\Documents\grails-2.4.4\grails-2.4.4\lib\org.codehaus.gant\gant_groovy1.8\jars\gant_groovy1.8-1.9.6.jar;C:\Users\rgopal\Documents\grails-2.4.4\grails-2.4.4\lib\org.apache.tomcat.embed\tomcat-embed-logging-log4j\jars\tomcat-embed-logging-log4j-7.0.50.jar;C:\Users\rgopal\Documents\grails-2.4.4\grails-2.4.4\dist\grails-plugin-log4j-2.4.4.jar;C:\Users\rgopal\Documents\grails-2.4.4\grails-2.4.4\lib\log4j\log4j\jars\log4j-1.2.17.jar;C:\Users\rgopal\Documents\grails-2.4.4\grails-2.4.4\dist\grails-bootstrap-2.4.4.jar;C:\Users\rgopal\Documents\grails-2.4.4\grails-2.4.4\lib\org.slf4j\slf4j-api\jars\slf4j-api-1.7.5.jar;C:\Users\rgopal\Documents\grails-2.4.4\grails-2.4.4\lib\jline\jline\jars\jline-2.12.jar;C:\Users\rgopal\Documents\grails-2.4.4\grails-2.4.4\lib\org.apache.ant\ant\jars\ant-1.8.4.jar;C:\Users\rgopal\Documents\grails-2.4.4\grails-2.4.4\lib\org.apache.ant\ant-launcher\jars\ant-launcher-1.8.4.jar;C:\Users\rgopal\Documents\grails-2.4.4\grails-2.4.4\lib\org.apache.ant\ant-trax\jars\ant-trax-1.7.1.jar;C:\Users\rgopal\Documents\grails-2.4.4\grails-2.4.4\lib\org.apache.ant\ant-junit\jars\ant-junit-1.8.4.jar;C:\Users\rgopal\Documents\grails-2.4.4\grails-2.4.4\lib\org.apache.ivy\ivy\jars\ivy-2.3.0.jar;C:\Users\rgopal\Documents\grails-2.4.4\grails-2.4.4\lib\org.fusesource.jansi\jansi\jars\jansi-1.11.jar;C:\Users\rgopal\.m2\repository\org\apache\tomcat\tomcat-catalina-ant\7.0.55\tomcat-catalina-ant-7.0.55.jar;C:\Users\rgopal\.m2\repository\org\apache\tomcat\embed\tomcat-embed-jasper\7.0.55\tomcat-embed-jasper-7.0.55.jar;C:\Users\rgopal\.m2\repository\org\apache\tomcat\embed\tomcat-embed-el\7.0.55\tomcat-embed-el-7.0.55.jar;C:\Users\rgopal\.m2\repository\org\apache\
Launcher Type: SUN_STANDARD

Environment Variables:
JAVA_HOME=C:\Program Files\Java\jdk1.8.0_11
PATH=C:\Windows\system32;C:\Windows;C:\Windows\System32\Wbem;C:\Windows\System32\WindowsPowerShell\v1.0\;C:\users\rgopal\My Documents\springsource\grails-2.3.5\bin\;c:\Program Files\Java\jdk1.7.0_51\bin\;C:\Program Files (x86)\MiKTeX 2.9\miktex\bin\
USERNAME=rgopal
OS=Windows_NT
PROCESSOR_IDENTIFIER=Intel64 Family 6 Model 37 Stepping 5, GenuineIntel



---------------  S Y S T E M  ---------------

OS: Windows 7 , 64 bit Build 7601 Service Pack 1

CPU:total 4 (2 cores per cpu, 2 threads per core) family 6 model 37 stepping 5, cmov, cx8, fxsr, mmx, sse, sse2, sse3, ssse3, sse4.1, sse4.2, popcnt, aes, clmul, ht, tsc, tscinvbit

Memory: 4k page, physical 8181608k(2026944k free), swap 16361352k(9251720k free)

vm_info: Java HotSpot(TM) 64-Bit Server VM (25.11-b03) for windows-amd64 JRE (1.8.0_11-b12), built on Jun 16 2014 20:57:32 by "java_re" with MS VC++ 10.0 (VS2010)

time: Sun May 03 15:56:04 2015
elapsed time: 80 seconds

