#
# A fatal error has been detected by the Java Runtime Environment:
#
#  EXCEPTION_ACCESS_VIOLATION (0xc0000005) at pc=0x000000005abd4db2, pid=8712, tid=6772
#
# JRE version: Java(TM) SE Runtime Environment (8.0_11-b12) (build 1.8.0_11-b12)
# Java VM: Java HotSpot(TM) 64-Bit Server VM (25.11-b03 mixed mode windows-amd64 compressed oops)
# Problematic frame:
# V  [jvm.dll+0x424db2]
#
# Failed to write core dump. Minidumps are not enabled by default on client versions of Windows
#
# If you would like to submit a bug report, please visit:
#   http://bugreport.sun.com/bugreport/crash.jsp
#

---------------  T H R E A D  ---------------

Current thread (0x0000000056295000):  JavaThread "C2 CompilerThread1" daemon [_thread_in_native, id=6772, stack(0x0000000056930000,0x0000000056a30000)]

siginfo: ExceptionCode=0xc0000005, reading address 0x0000000000000000

Registers:
RAX=0x000000005cdcd038, RBX=0x0000000000000600, RCX=0x0000000000000000, RDX=0x000000005913b810
RSP=0x0000000056a2c6b0, RBP=0x00000000000000c0, RSI=0x00000000000000b8, RDI=0x0000000000000000
R8 =0x000000005a7b0000, R9 =0x0000000056a2c9d0, R10=0x00000000ffffffff, R11=0x00000000562b8080
R12=0x000000005cdcd740, R13=0x00000000584cea98, R14=0x0000000000000008, R15=0x00000000584cea98
RIP=0x000000005abd4db2, EFLAGS=0x0000000000010206

Top of Stack: (sp=0x0000000056a2c6b0)
0x0000000056a2c6b0:   00000000000000da 0000000059137530
0x0000000056a2c6c0:   0000000000000000 000000005c3289f0
0x0000000056a2c6d0:   0000000000000001 0000000000000600
0x0000000056a2c6e0:   0000000000000180 00000000000000c0
0x0000000056a2c6f0:   0000000056db05f0 000000005629e210
0x0000000056a2c700:   00000000000006c0 0000000059137530
0x0000000056a2c710:   0000000056a2c9d0 000000005cdca1d0
0x0000000056a2c720:   0000000000000020 0000000000000009
0x0000000056a2c730:   000000005cdcd710 00000000000000da
0x0000000056a2c740:   00000000584cea98 000000005abd598d
0x0000000056a2c750:   000000005cdcd710 000000000000001c
0x0000000056a2c760:   00000000000000da 0000000056a2c9d0
0x0000000056a2c770:   000000005913b810 00000000000000da
0x0000000056a2c780:   000000005cdca1d0 0000000000000020
0x0000000056a2c790:   000000005cbe67a0 0000000056a2ed40
0x0000000056a2c7a0:   000000005cbe6dd0 000000005cdcd710 

Instructions: (pc=0x000000005abd4db2)
0x000000005abd4d92:   c6 48 63 f0 48 03 f1 eb 04 48 83 ce ff 48 8b 84
0x000000005abd4da2:   24 a0 00 00 00 48 8b 40 08 48 8b 3c 03 48 8b cf
0x000000005abd4db2:   48 8b 07 ff 50 28 4c 8d 05 41 b2 bd ff 48 63 50
0x000000005abd4dc2:   10 4c 8b d8 48 8b ca 48 c1 e1 05 42 80 bc 01 c0 


Register to memory mapping:

RAX=0x000000005cdcd038 is an unknown value
RBX=0x0000000000000600 is an unknown value
RCX=0x0000000000000000 is an unknown value
RDX=0x000000005913b810 is an unknown value
RSP=0x0000000056a2c6b0 is pointing into the stack for thread: 0x0000000056295000
RBP=0x00000000000000c0 is an unknown value
RSI=0x00000000000000b8 is an unknown value
RDI=0x0000000000000000 is an unknown value
R8 =0x000000005a7b0000 is an unknown value
R9 =0x0000000056a2c9d0 is pointing into the stack for thread: 0x0000000056295000
R10=0x00000000ffffffff is an unknown value
R11=0x00000000562b8080 is an unknown value
R12=0x000000005cdcd740 is an unknown value
R13=0x00000000584cea98 is an unknown value
R14=0x0000000000000008 is an unknown value
R15=0x00000000584cea98 is an unknown value


Stack: [0x0000000056930000,0x0000000056a30000],  sp=0x0000000056a2c6b0,  free space=1009k
Native frames: (J=compiled Java code, j=interpreted, Vv=VM code, C=native code)
V  [jvm.dll+0x424db2]
V  [jvm.dll+0x42598d]
V  [jvm.dll+0x425ecf]
V  [jvm.dll+0x4c5a84]
V  [jvm.dll+0x4415bc]
V  [jvm.dll+0x443a29]
V  [jvm.dll+0x427722]
V  [jvm.dll+0x96982]
V  [jvm.dll+0x97173]
V  [jvm.dll+0x2234b4]
V  [jvm.dll+0x27bcca]
C  [msvcr100.dll+0x21d9f]
C  [msvcr100.dll+0x21e3b]
C  [kernel32.dll+0x159ed]
C  [ntdll.dll+0x2c541]


Current CompileTask:
C2:  47230 6948       4       groovy.lang.MetaClassImpl::findPropertyMethod (356 bytes)


---------------  P R O C E S S  ---------------

Java Threads: ( => current thread )
  0x0000000059568800 JavaThread "com.oumuo.SecurityGroup.data" daemon [_thread_blocked, id=8504, stack(0x000000005fc00000,0x000000005fd00000)]
  0x0000000059567800 JavaThread "com.oumuo.Authority.data" daemon [_thread_blocked, id=7292, stack(0x00000000601c0000,0x00000000602c0000)]
  0x0000000059565000 JavaThread "net.sf.ehcache.CacheManager@2b1072b4" daemon [_thread_blocked, id=6408, stack(0x000000005d6b0000,0x000000005d7b0000)]
  0x0000000057d71000 JavaThread "PoolCleaner[1070157899:1428776751857]" daemon [_thread_blocked, id=8640, stack(0x000000005ee40000,0x000000005ef40000)]
  0x00000000590c9800 JavaThread "FileSystemWatcher: files=#279 cl=groovy.lang.GroovyClassLoader@3fc9504b" daemon [_thread_blocked, id=4388, stack(0x0000000055b20000,0x0000000055c20000)]
  0x0000000059a2e000 JavaThread "localhost-startStop-1" daemon [_thread_in_native, id=9124, stack(0x000000005b470000,0x000000005b570000)]
  0x00000000585dd000 JavaThread "Tomcat-startStop-1" daemon [_thread_blocked, id=8412, stack(0x000000005a090000,0x000000005a190000)]
  0x00000000592fa000 JavaThread "Thread-3" [_thread_in_native, id=11636, stack(0x0000000057a20000,0x0000000057b20000)]
  0x0000000059101800 JavaThread "Thread-2" [_thread_blocked, id=9780, stack(0x000000005a390000,0x000000005a490000)]
  0x000000005718d000 JavaThread "NonBlockingInputStreamThread" daemon [_thread_blocked, id=9956, stack(0x0000000057b40000,0x0000000057c40000)]
  0x00000000563fa000 JavaThread "Service Thread" daemon [_thread_blocked, id=9052, stack(0x0000000056ba0000,0x0000000056ca0000)]
  0x0000000056297000 JavaThread "C1 CompilerThread2" daemon [_thread_blocked, id=7528, stack(0x0000000056a50000,0x0000000056b50000)]
=>0x0000000056295000 JavaThread "C2 CompilerThread1" daemon [_thread_in_native, id=6772, stack(0x0000000056930000,0x0000000056a30000)]
  0x000000005629b000 JavaThread "C2 CompilerThread0" daemon [_thread_in_native, id=11540, stack(0x0000000056810000,0x0000000056910000)]
  0x0000000056199000 JavaThread "Attach Listener" daemon [_thread_blocked, id=9468, stack(0x0000000055d90000,0x0000000055e90000)]
  0x0000000054e57800 JavaThread "Signal Dispatcher" daemon [_thread_blocked, id=6932, stack(0x0000000056660000,0x0000000056760000)]
  0x0000000054df1000 JavaThread "Finalizer" daemon [_thread_blocked, id=9924, stack(0x0000000056090000,0x0000000056190000)]
  0x0000000054dec000 JavaThread "Reference Handler" daemon [_thread_blocked, id=6828, stack(0x0000000055ea0000,0x0000000055fa0000)]
  0x000000000284a000 JavaThread "main" [_thread_blocked, id=6912, stack(0x0000000002b10000,0x0000000002c10000)]

Other Threads:
  0x0000000054de8800 VMThread [stack: 0x0000000055c30000,0x0000000055d30000] [id=8944]
  0x00000000563fd000 WatcherThread [stack: 0x0000000056ca0000,0x0000000056da0000] [id=7752]

VM state:not at safepoint (normal execution)

VM Mutex/Monitor currently owned by a thread: None

Heap:
 PSYoungGen      total 229888K, used 222859K [0x00000000f0000000, 0x0000000100000000, 0x0000000100000000)
  eden space 201728K, 100% used [0x00000000f0000000,0x00000000fc500000,0x00000000fc500000)
  from space 28160K, 75% used [0x00000000fe480000,0x00000000ff922cc0,0x0000000100000000)
  to   space 30208K, 0% used [0x00000000fc500000,0x00000000fc500000,0x00000000fe280000)
 ParOldGen       total 130560K, used 112298K [0x00000000d0000000, 0x00000000d7f80000, 0x00000000f0000000)
  object space 130560K, 86% used [0x00000000d0000000,0x00000000d6daa908,0x00000000d7f80000)
 Metaspace       used 69840K, capacity 71594K, committed 71680K, reserved 1114112K
  class space    used 7398K, capacity 7909K, committed 7936K, reserved 1048576K

Card table byte_map: [0x0000000011fd0000,0x0000000012160000] byte_map_base: 0x0000000011950000

Marking Bits: (ParMarkBitMap*) 0x000000005af612b0
 Begin Bits: [0x0000000012ae0000, 0x00000000136e0000)
 End Bits:   [0x00000000136e0000, 0x00000000142e0000)

Polling page: 0x0000000001fa0000

CodeCache: size=245760Kb used=23077Kb max_used=23296Kb free=222682Kb
 bounds [0x0000000002c10000, 0x0000000004310000, 0x0000000011c10000]
 total_blobs=6777 nmethods=6012 adapters=675
 compilation: enabled

Compilation events (10 events):
Event: 47.161 Thread 0x0000000056297000 7034   !   2       java_lang_reflect_Member$getModifiers::call (34 bytes)
Event: 47.162 Thread 0x0000000056297000 nmethod 7034 0x0000000003160450 code [0x0000000003160600, 0x00000000031608b8]
Event: 47.163 Thread 0x0000000056297000 7035       2       org.hibernate.service.internal.ConcurrentServiceBinding$Node::get (72 bytes)
Event: 47.163 Thread 0x0000000056297000 nmethod 7035 0x00000000031cdc10 code [0x00000000031cdd80, 0x00000000031cdf98]
Event: 47.163 Thread 0x0000000056297000 7036       1       org.codehaus.groovy.grails.commons.AbstractGrailsApplication::getFlatConfig (5 bytes)
Event: 47.163 Thread 0x0000000056297000 nmethod 7036 0x00000000038eba90 code [0x00000000038ebbe0, 0x00000000038ebcf0]
Event: 47.164 Thread 0x0000000056295000 nmethod 6964 0x0000000003712110 code [0x00000000037123e0, 0x0000000003714430]
Event: 47.164 Thread 0x0000000056295000 6948       4       groovy.lang.MetaClassImpl::findPropertyMethod (356 bytes)
Event: 47.195 Thread 0x0000000056297000 7038   !   2       sun.reflect.GeneratedMethodAccessor131::invoke (65 bytes)
Event: 47.195 Thread 0x0000000056297000 nmethod 7038 0x0000000003588510 code [0x00000000035886e0, 0x0000000003588b38]

GC Heap History (10 events):
Event: 39.335 GC heap before
{Heap before GC invocations=56 (full 7):
 PSYoungGen      total 240128K, used 240128K [0x00000000f0000000, 0x0000000100000000, 0x0000000100000000)
  eden space 224256K, 100% used [0x00000000f0000000,0x00000000fdb00000,0x00000000fdb00000)
  from space 15872K, 100% used [0x00000000ff080000,0x0000000100000000,0x0000000100000000)
  to   space 18944K, 0% used [0x00000000fdb00000,0x00000000fdb00000,0x00000000fed80000)
 ParOldGen       total 112128K, used 92889K [0x00000000d0000000, 0x00000000d6d80000, 0x00000000f0000000)
  object space 112128K, 82% used [0x00000000d0000000,0x00000000d5ab6548,0x00000000d6d80000)
 Metaspace       used 64724K, capacity 66418K, committed 66688K, reserved 1107968K
  class space    used 6719K, capacity 7209K, committed 7296K, reserved 1048576K
Event: 39.525 GC heap after
Heap after GC invocations=56 (full 7):
 PSYoungGen      total 243200K, used 18928K [0x00000000f0000000, 0x0000000100000000, 0x0000000100000000)
  eden space 224256K, 0% used [0x00000000f0000000,0x00000000f0000000,0x00000000fdb00000)
  from space 18944K, 99% used [0x00000000fdb00000,0x00000000fed7c2f0,0x00000000fed80000)
  to   space 18944K, 0% used [0x00000000fed80000,0x00000000fed80000,0x0000000100000000)
 ParOldGen       total 112128K, used 98738K [0x00000000d0000000, 0x00000000d6d80000, 0x00000000f0000000)
  object space 112128K, 88% used [0x00000000d0000000,0x00000000d606cad8,0x00000000d6d80000)
 Metaspace       used 64724K, capacity 66418K, committed 66688K, reserved 1107968K
  class space    used 6719K, capacity 7209K, committed 7296K, reserved 1048576K
}
Event: 40.747 GC heap before
{Heap before GC invocations=57 (full 7):
 PSYoungGen      total 243200K, used 243184K [0x00000000f0000000, 0x0000000100000000, 0x0000000100000000)
  eden space 224256K, 100% used [0x00000000f0000000,0x00000000fdb00000,0x00000000fdb00000)
  from space 18944K, 99% used [0x00000000fdb00000,0x00000000fed7c2f0,0x00000000fed80000)
  to   space 18944K, 0% used [0x00000000fed80000,0x00000000fed80000,0x0000000100000000)
 ParOldGen       total 112128K, used 98738K [0x00000000d0000000, 0x00000000d6d80000, 0x00000000f0000000)
  object space 112128K, 88% used [0x00000000d0000000,0x00000000d606cad8,0x00000000d6d80000)
 Metaspace       used 65736K, capacity 67462K, committed 67840K, reserved 1110016K
  class space    used 6859K, capacity 7356K, committed 7424K, reserved 1048576K
Event: 40.873 GC heap after
Heap after GC invocations=57 (full 7):
 PSYoungGen      total 225792K, used 18913K [0x00000000f0000000, 0x0000000100000000, 0x0000000100000000)
  eden space 206848K, 0% used [0x00000000f0000000,0x00000000f0000000,0x00000000fca00000)
  from space 18944K, 99% used [0x00000000fed80000,0x00000000ffff85b0,0x0000000100000000)
  to   space 27648K, 0% used [0x00000000fca00000,0x00000000fca00000,0x00000000fe500000)
 ParOldGen       total 112128K, used 101664K [0x00000000d0000000, 0x00000000d6d80000, 0x00000000f0000000)
  object space 112128K, 90% used [0x00000000d0000000,0x00000000d6348070,0x00000000d6d80000)
 Metaspace       used 65736K, capacity 67462K, committed 67840K, reserved 1110016K
  class space    used 6859K, capacity 7356K, committed 7424K, reserved 1048576K
}
Event: 40.873 GC heap before
{Heap before GC invocations=58 (full 8):
 PSYoungGen      total 225792K, used 18913K [0x00000000f0000000, 0x0000000100000000, 0x0000000100000000)
  eden space 206848K, 0% used [0x00000000f0000000,0x00000000f0000000,0x00000000fca00000)
  from space 18944K, 99% used [0x00000000fed80000,0x00000000ffff85b0,0x0000000100000000)
  to   space 27648K, 0% used [0x00000000fca00000,0x00000000fca00000,0x00000000fe500000)
 ParOldGen       total 112128K, used 101664K [0x00000000d0000000, 0x00000000d6d80000, 0x00000000f0000000)
  object space 112128K, 90% used [0x00000000d0000000,0x00000000d6348070,0x00000000d6d80000)
 Metaspace       used 65736K, capacity 67462K, committed 67840K, reserved 1110016K
  class space    used 6859K, capacity 7356K, committed 7424K, reserved 1048576K
Event: 42.372 GC heap after
Heap after GC invocations=58 (full 8):
 PSYoungGen      total 225792K, used 5566K [0x00000000f0000000, 0x0000000100000000, 0x0000000100000000)
  eden space 206848K, 0% used [0x00000000f0000000,0x00000000f0000000,0x00000000fca00000)
  from space 18944K, 29% used [0x00000000fed80000,0x00000000ff2ef9a0,0x0000000100000000)
  to   space 27648K, 0% used [0x00000000fca00000,0x00000000fca00000,0x00000000fe500000)
 ParOldGen       total 130560K, used 112062K [0x00000000d0000000, 0x00000000d7f80000, 0x00000000f0000000)
  object space 130560K, 85% used [0x00000000d0000000,0x00000000d6d6f8f8,0x00000000d7f80000)
 Metaspace       used 65732K, capacity 67456K, committed 67840K, reserved 1110016K
  class space    used 6858K, capacity 7355K, committed 7424K, reserved 1048576K
}
Event: 44.398 GC heap before
{Heap before GC invocations=59 (full 8):
 PSYoungGen      total 225792K, used 212414K [0x00000000f0000000, 0x0000000100000000, 0x0000000100000000)
  eden space 206848K, 100% used [0x00000000f0000000,0x00000000fca00000,0x00000000fca00000)
  from space 18944K, 29% used [0x00000000fed80000,0x00000000ff2ef9a0,0x0000000100000000)
  to   space 27648K, 0% used [0x00000000fca00000,0x00000000fca00000,0x00000000fe500000)
 ParOldGen       total 130560K, used 112062K [0x00000000d0000000, 0x00000000d7f80000, 0x00000000f0000000)
  object space 130560K, 85% used [0x00000000d0000000,0x00000000d6d6f8f8,0x00000000d7f80000)
 Metaspace       used 67231K, capacity 68946K, committed 69248K, reserved 1112064K
  class space    used 7042K, capacity 7528K, committed 7552K, reserved 1048576K
Event: 44.489 GC heap after
Heap after GC invocations=59 (full 8):
 PSYoungGen      total 223232K, used 16305K [0x00000000f0000000, 0x0000000100000000, 0x0000000100000000)
  eden space 206848K, 0% used [0x00000000f0000000,0x00000000f0000000,0x00000000fca00000)
  from space 16384K, 99% used [0x00000000fca00000,0x00000000fd9ec4f0,0x00000000fda00000)
  to   space 28160K, 0% used [0x00000000fe480000,0x00000000fe480000,0x0000000100000000)
 ParOldGen       total 130560K, used 112298K [0x00000000d0000000, 0x00000000d7f80000, 0x00000000f0000000)
  object space 130560K, 86% used [0x00000000d0000000,0x00000000d6daa908,0x00000000d7f80000)
 Metaspace       used 67231K, capacity 68946K, committed 69248K, reserved 1112064K
  class space    used 7042K, capacity 7528K, committed 7552K, reserved 1048576K
}
Event: 45.495 GC heap before
{Heap before GC invocations=60 (full 8):
 PSYoungGen      total 223232K, used 219728K [0x00000000f0000000, 0x0000000100000000, 0x0000000100000000)
  eden space 206848K, 98% used [0x00000000f0000000,0x00000000fc6a7e18,0x00000000fca00000)
  from space 16384K, 99% used [0x00000000fca00000,0x00000000fd9ec4f0,0x00000000fda00000)
  to   space 28160K, 0% used [0x00000000fe480000,0x00000000fe480000,0x0000000100000000)
 ParOldGen       total 130560K, used 112298K [0x00000000d0000000, 0x00000000d7f80000, 0x00000000f0000000)
  object space 130560K, 86% used [0x00000000d0000000,0x00000000d6daa908,0x00000000d7f80000)
 Metaspace       used 68340K, capacity 70028K, committed 70272K, reserved 1112064K
  class space    used 7203K, capacity 7702K, committed 7808K, reserved 1048576K
Event: 45.593 GC heap after
Heap after GC invocations=60 (full 8):
 PSYoungGen      total 229888K, used 21131K [0x00000000f0000000, 0x0000000100000000, 0x0000000100000000)
  eden space 201728K, 0% used [0x00000000f0000000,0x00000000f0000000,0x00000000fc500000)
  from space 28160K, 75% used [0x00000000fe480000,0x00000000ff922cc0,0x0000000100000000)
  to   space 30208K, 0% used [0x00000000fc500000,0x00000000fc500000,0x00000000fe280000)
 ParOldGen       total 130560K, used 112298K [0x00000000d0000000, 0x00000000d7f80000, 0x00000000f0000000)
  object space 130560K, 86% used [0x00000000d0000000,0x00000000d6daa908,0x00000000d7f80000)
 Metaspace       used 68340K, capacity 70028K, committed 70272K, reserved 1112064K
  class space    used 7203K, capacity 7702K, committed 7808K, reserved 1048576K
}

Deoptimization events (10 events):
Event: 43.385 Thread 0x0000000059a2e000 Uncommon trap: reason=null_check action=make_not_entrant pc=0x0000000003e41df4 method=java.util.concurrent.ConcurrentHashMap$TreeBin.<init>(Ljava/util/concurrent/ConcurrentHashMap$TreeNode;)V @ 26
Event: 43.751 Thread 0x0000000059a2e000 Uncommon trap: reason=class_check action=maybe_recompile pc=0x000000000413f18c method=sun.reflect.generics.factory.CoreReflectionFactory.getDeclsLoader()Ljava/lang/ClassLoader; @ 25
Event: 43.751 Thread 0x0000000059a2e000 Uncommon trap: reason=class_check action=maybe_recompile pc=0x000000000413f18c method=sun.reflect.generics.factory.CoreReflectionFactory.getDeclsLoader()Ljava/lang/ClassLoader; @ 25
Event: 43.758 Thread 0x0000000059a2e000 Uncommon trap: reason=class_check action=maybe_recompile pc=0x0000000004276300 method=org.springframework.transaction.interceptor.TransactionAttributeSourcePointcut.matches(Ljava/lang/reflect/Method;Ljava/lang/Class;)Z @ 12
Event: 43.758 Thread 0x0000000059a2e000 Uncommon trap: reason=class_check action=maybe_recompile pc=0x0000000004276300 method=org.springframework.transaction.interceptor.TransactionAttributeSourcePointcut.matches(Ljava/lang/reflect/Method;Ljava/lang/Class;)Z @ 12
Event: 43.758 Thread 0x0000000059a2e000 Uncommon trap: reason=class_check action=maybe_recompile pc=0x0000000004276300 method=org.springframework.transaction.interceptor.TransactionAttributeSourcePointcut.matches(Ljava/lang/reflect/Method;Ljava/lang/Class;)Z @ 12
Event: 43.758 Thread 0x0000000059a2e000 Uncommon trap: reason=class_check action=maybe_recompile pc=0x0000000004276300 method=org.springframework.transaction.interceptor.TransactionAttributeSourcePointcut.matches(Ljava/lang/reflect/Method;Ljava/lang/Class;)Z @ 12
Event: 44.290 Thread 0x0000000059a2e000 Uncommon trap: reason=null_check action=make_not_entrant pc=0x00000000042dacf4 method=org.springframework.core.SerializableTypeWrapper.forTypeProvider(Lorg/springframework/core/SerializableTypeWrapper$TypeProvider;)Ljava/lang/reflect/Type; @ 46
Event: 44.292 Thread 0x0000000059a2e000 Uncommon trap: reason=null_check action=make_not_entrant pc=0x00000000042d7050 method=org.springframework.beans.ExtendedBeanInfo.isCandidateWriteMethod(Ljava/lang/reflect/Method;)Z @ 47
Event: 44.937 Thread 0x0000000059a2e000 Uncommon trap: reason=unreached action=reinterpret pc=0x00000000042a2ca8 method=org.springframework.util.ObjectUtils.nullSafeEquals(Ljava/lang/Object;Ljava/lang/Object;)Z @ 8

Internal exceptions (10 events):
Event: 47.190 Thread 0x0000000059a2e000 Exception <a 'java/security/PrivilegedActionException'> (0x00000000fc10a1e0) thrown at [C:\re\workspace\8-2-build-windows-amd64-cygwin\jdk8u11\648\hotspot\src\share\vm\prims\jvm.cpp, line 1248]
Event: 47.190 Thread 0x0000000059a2e000 Exception <a 'java/security/PrivilegedActionException'> (0x00000000fc10f078) thrown at [C:\re\workspace\8-2-build-windows-amd64-cygwin\jdk8u11\648\hotspot\src\share\vm\prims\jvm.cpp, line 1248]
Event: 47.191 Thread 0x0000000059a2e000 Exception <a 'java/security/PrivilegedActionException'> (0x00000000fc122710) thrown at [C:\re\workspace\8-2-build-windows-amd64-cygwin\jdk8u11\648\hotspot\src\share\vm\prims\jvm.cpp, line 1248]
Event: 47.191 Thread 0x0000000059a2e000 Exception <a 'java/security/PrivilegedActionException'> (0x00000000fc13aa20) thrown at [C:\re\workspace\8-2-build-windows-amd64-cygwin\jdk8u11\648\hotspot\src\share\vm\prims\jvm.cpp, line 1248]
Event: 47.191 Thread 0x0000000059a2e000 Exception <a 'java/security/PrivilegedActionException'> (0x00000000fc13f8b8) thrown at [C:\re\workspace\8-2-build-windows-amd64-cygwin\jdk8u11\648\hotspot\src\share\vm\prims\jvm.cpp, line 1248]
Event: 47.192 Thread 0x0000000059a2e000 Exception <a 'java/security/PrivilegedActionException'> (0x00000000fc152f50) thrown at [C:\re\workspace\8-2-build-windows-amd64-cygwin\jdk8u11\648\hotspot\src\share\vm\prims\jvm.cpp, line 1248]
Event: 47.192 Thread 0x0000000059a2e000 Exception <a 'java/security/PrivilegedActionException'> (0x00000000fc17d8e0) thrown at [C:\re\workspace\8-2-build-windows-amd64-cygwin\jdk8u11\648\hotspot\src\share\vm\prims\jvm.cpp, line 1248]
Event: 47.193 Thread 0x0000000059a2e000 Exception <a 'java/lang/ClassNotFoundException': org/codehaus/groovy/grails/orm/hibernate/HibernateGormValidationApiCustomizer> (0x00000000fc17e830) thrown at [C:\re\workspace\8-2-build-windows-amd64-cygwin\jdk8u11\648\hotspot\src\share\vm\classfile\systemSCÞÄ™G@
Event: 47.195 Thread 0x0000000059a2e000 Exception <a 'java/security/PrivilegedActionException'> (0x00000000fc1bfd40) thrown at [C:\re\workspace\8-2-build-windows-amd64-cygwin\jdk8u11\648\hotspot\src\share\vm\prims\jvm.cpp, line 1248]
Event: 47.196 Thread 0x0000000059a2e000 Exception <a 'java/security/PrivilegedActionException'> (0x00000000fc1c6158) thrown at [C:\re\workspace\8-2-build-windows-amd64-cygwin\jdk8u11\648\hotspot\src\share\vm\prims\jvm.cpp, line 1248]

Events (10 events):
Event: 47.189 loading class org/codehaus/groovy/grails/orm/hibernate/AbstractHibernateGormValidationApiCustomizer
Event: 47.189 loading class org/codehaus/groovy/grails/orm/hibernate/AbstractHibernateGormValidationApiCustomizer done
Event: 47.190 loading class org/codehaus/groovy/grails/orm/hibernate/HibernateGormValidationApiCustomizer
Event: 47.190 loading class org/codehaus/groovy/grails/orm/hibernate/HibernateGormValidationApiCustomizer done
Event: 47.191 loading class org/codehaus/groovy/grails/orm/hibernate/HibernateGormValidationApiCustomizer
Event: 47.191 loading class org/codehaus/groovy/grails/orm/hibernate/HibernateGormValidationApiCustomizer done
Event: 47.193 loading class org/codehaus/groovy/grails/orm/hibernate/HibernateGormValidationApiCustomizer
Event: 47.193 loading class org/codehaus/groovy/grails/orm/hibernate/HibernateGormValidationApiCustomizer done
Event: 47.195 loading class groovy/runtime/metaclass/org/codehaus/groovy/grails/orm/hibernate/AbstractHibernateGormValidationApiMetaClass
Event: 47.195 loading class groovy/runtime/metaclass/org/codehaus/groovy/grails/orm/hibernate/AbstractHibernateGormValidationApiMetaClass done


Dynamic libraries:
0x000000013f060000 - 0x000000013f094000 	C:\Program Files\Java\jdk1.8.0_11\bin\java.exe
0x0000000077980000 - 0x0000000077b29000 	C:\Windows\SYSTEM32\ntdll.dll
0x0000000077860000 - 0x000000007797f000 	C:\Windows\system32\kernel32.dll
0x000007fefe140000 - 0x000007fefe1ac000 	C:\Windows\system32\KERNELBASE.dll
0x000007feff400000 - 0x000007feff4db000 	C:\Windows\system32\ADVAPI32.dll
0x000007feffb10000 - 0x000007feffbaf000 	C:\Windows\system32\msvcrt.dll
0x000007feffae0000 - 0x000007feffaff000 	C:\Windows\SYSTEM32\sechost.dll
0x000007fefef40000 - 0x000007feff06d000 	C:\Windows\system32\RPCRT4.dll
0x0000000077280000 - 0x000000007737a000 	C:\Windows\system32\USER32.dll
0x000007feffc20000 - 0x000007feffc87000 	C:\Windows\system32\GDI32.dll
0x000007feffc10000 - 0x000007feffc1e000 	C:\Windows\system32\LPK.dll
0x000007feff560000 - 0x000007feff629000 	C:\Windows\system32\USP10.dll
0x000007fefc3e0000 - 0x000007fefc5d4000 	C:\Windows\WinSxS\amd64_microsoft.windows.common-controls_6595b64144ccf1df_6.0.7601.17514_none_fa396087175ac9ac\COMCTL32.dll
0x000007feff4e0000 - 0x000007feff551000 	C:\Windows\system32\SHLWAPI.dll
0x000007feff110000 - 0x000007feff13e000 	C:\Windows\system32\IMM32.DLL
0x000007feff720000 - 0x000007feff829000 	C:\Windows\system32\MSCTF.dll
0x0000000180000000 - 0x000000018001c000 	C:\Windows\system32\btpload64.dll
0x0000000077b40000 - 0x0000000077b47000 	C:\Windows\system32\PSAPI.DLL
0x0000000000450000 - 0x000000000047c000 	C:\Windows\system32\privman64.dll
0x000007fefdd30000 - 0x000007fefdd3c000 	C:\Windows\system32\VERSION.dll
0x000007fefe1b0000 - 0x000007fefef39000 	C:\Windows\system32\SHELL32.dll
0x000007fefdd10000 - 0x000007fefdd2e000 	C:\Windows\system32\USERENV.dll
0x000007fefdde0000 - 0x000007fefddef000 	C:\Windows\system32\profapi.dll
0x000000006e110000 - 0x000000006e1e2000 	C:\Program Files\Java\jdk1.8.0_11\jre\bin\msvcr100.dll
0x000000005a7b0000 - 0x000000005afda000 	C:\Program Files\Java\jdk1.8.0_11\jre\bin\server\jvm.dll
0x000007fefd2c0000 - 0x000007fefd2c9000 	C:\Windows\system32\WSOCK32.dll
0x000007feff6d0000 - 0x000007feff71d000 	C:\Windows\system32\WS2_32.dll
0x000007feffb00000 - 0x000007feffb08000 	C:\Windows\system32\NSI.dll
0x000007fefb930000 - 0x000007fefb96b000 	C:\Windows\system32\WINMM.dll
0x0000000070860000 - 0x000000007086f000 	C:\Program Files\Java\jdk1.8.0_11\jre\bin\verify.dll
0x0000000070830000 - 0x0000000070858000 	C:\Program Files\Java\jdk1.8.0_11\jre\bin\java.dll
0x000000006c3c0000 - 0x000000006c3e3000 	C:\Program Files\Java\jdk1.8.0_11\jre\bin\instrument.dll
0x0000000070680000 - 0x0000000070696000 	C:\Program Files\Java\jdk1.8.0_11\jre\bin\zip.dll
0x000007feff830000 - 0x000007feffa33000 	C:\Windows\system32\ole32.dll
0x000007fefd680000 - 0x000007fefd697000 	C:\Windows\system32\CRYPTSP.dll
0x000007fefd380000 - 0x000007fefd3c7000 	C:\Windows\system32\rsaenh.dll
0x000007fefdce0000 - 0x000007fefdcef000 	C:\Windows\system32\CRYPTBASE.dll
0x0000000070660000 - 0x000000007067a000 	C:\Program Files\Java\jdk1.8.0_11\jre\bin\net.dll
0x000007fefd620000 - 0x000007fefd675000 	C:\Windows\system32\mswsock.dll
0x000007fefd610000 - 0x000007fefd617000 	C:\Windows\System32\wship6.dll
0x000007fefcd80000 - 0x000007fefcda7000 	C:\Windows\system32\IPHLPAPI.DLL
0x000007fefcd70000 - 0x000007fefcd7b000 	C:\Windows\system32\WINNSI.DLL
0x000007fefb3d0000 - 0x000007fefb3e8000 	C:\Windows\system32\dhcpcsvc.DLL
0x000007fefb3b0000 - 0x000007fefb3c1000 	C:\Windows\system32\dhcpcsvc6.DLL
0x0000000070640000 - 0x0000000070651000 	C:\Program Files\Java\jdk1.8.0_11\jre\bin\nio.dll
0x000007fefb1e0000 - 0x000007fefb1ea000 	C:\Users\rgopal\AppData\Local\Temp\jansi-64-8563396391691591309.dll
0x0000000070590000 - 0x000000007059d000 	C:\Program Files\Java\jdk1.8.0_11\jre\bin\management.dll
0x000007fefce80000 - 0x000007fefce87000 	C:\Windows\System32\wshtcpip.dll
0x000007fefd4a0000 - 0x000007fefd4fb000 	C:\Windows\system32\DNSAPI.dll
0x0000000074fa0000 - 0x0000000074fc6000 	C:\Program Files\Bonjour\mdnsNSP.dll
0x000007fefb340000 - 0x000007fefb348000 	C:\Windows\system32\rasadhlp.dll
0x000007fefb350000 - 0x000007fefb3a3000 	C:\Windows\System32\fwpuclnt.dll
0x000007fefb450000 - 0x000007fefb465000 	C:\Windows\system32\NLAapi.dll
0x000007fefb430000 - 0x000007fefb445000 	C:\Windows\system32\napinsp.dll
0x000007fefb410000 - 0x000007fefb429000 	C:\Windows\system32\pnrpnsp.dll
0x000007fefb400000 - 0x000007fefb40b000 	C:\Windows\System32\winrnr.dll
0x000007fefb3f0000 - 0x000007fefb400000 	C:\Windows\system32\wshbth.dll
0x000007fef6a90000 - 0x000007fef6bb5000 	C:\Windows\system32\dbghelp.dll

VM Arguments:
jvm_args: -Dfile.encoding=UTF-8 -Xmx768M -Xms64M -Dgrails.fork.parent.process.port=56166 -Dgrails.fork.active=true -Dgrails.build.execution.context=C:\Users\rgopal\AppData\Local\Temp\central8527777508780465443grails-execution-context -Dgrails.home=C:\Users\rgopal\Documents\grails-2.4.4\grails-2.4.4 -javaagent:C:\Users\rgopal\Documents\grails-2.4.4\grails-2.4.4\lib\org.springframework\springloaded\jars\springloaded-1.2.1.RELEASE.jar -Xverify:none -Dspringloaded.synchronize=true -Djdk.reflect.allowGetCallerClass=true -Dspringloaded=profile=grails;cacheDir=C:\Users\rgopal/.grails/2.4.4/ 
java_command: org.grails.plugins.tomcat.fork.ForkedTomcatServer
java_class_path (initial): C:\Program Files\Java\jdk1.8.0_11\lib\tools.jar;C:\Users\rgopal\Documents\grails-2.4.4\grails-2.4.4\lib\org.codehaus.groovy\groovy-all\jars\groovy-all-2.3.7.jar;C:\Users\rgopal\Documents\grails-2.4.4\grails-2.4.4\lib\org.slf4j\jcl-over-slf4j\jars\jcl-over-slf4j-1.7.5.jar;C:\Users\rgopal\Documents\grails-2.4.4\grails-2.4.4\lib\org.codehaus.gant\gant_groovy1.8\jars\gant_groovy1.8-1.9.6.jar;C:\Users\rgopal\Documents\grails-2.4.4\grails-2.4.4\lib\org.apache.tomcat.embed\tomcat-embed-logging-log4j\jars\tomcat-embed-logging-log4j-7.0.50.jar;C:\Users\rgopal\Documents\grails-2.4.4\grails-2.4.4\dist\grails-plugin-log4j-2.4.4.jar;C:\Users\rgopal\Documents\grails-2.4.4\grails-2.4.4\lib\log4j\log4j\jars\log4j-1.2.17.jar;C:\Users\rgopal\Documents\grails-2.4.4\grails-2.4.4\dist\grails-bootstrap-2.4.4.jar;C:\Users\rgopal\Documents\grails-2.4.4\grails-2.4.4\lib\org.slf4j\slf4j-api\jars\slf4j-api-1.7.5.jar;C:\Users\rgopal\Documents\grails-2.4.4\grails-2.4.4\lib\jline\jline\jars\jline-2.12.jar;C:\Users\rgopal\Documents\grails-2.4.4\grails-2.4.4\lib\org.apache.ant\ant\jars\ant-1.8.4.jar;C:\Users\rgopal\Documents\grails-2.4.4\grails-2.4.4\lib\org.apache.ant\ant-launcher\jars\ant-launcher-1.8.4.jar;C:\Users\rgopal\Documents\grails-2.4.4\grails-2.4.4\lib\org.apache.ant\ant-trax\jars\ant-trax-1.7.1.jar;C:\Users\rgopal\Documents\grails-2.4.4\grails-2.4.4\lib\org.apache.ant\ant-junit\jars\ant-junit-1.8.4.jar;C:\Users\rgopal\Documents\grails-2.4.4\grails-2.4.4\lib\org.apache.ivy\ivy\jars\ivy-2.3.0.jar;C:\Users\rgopal\Documents\grails-2.4.4\grails-2.4.4\lib\org.fusesource.jansi\jansi\jars\jansi-1.11.jar;C:\Users\rgopal\.m2\repository\org\apache\tomcat\tomcat-catalina-ant\7.0.55\tomcat-catalina-ant-7.0.55.jar;C:\Users\rgopal\.m2\repository\org\apache\tomcat\embed\tomcat-embed-jasper\7.0.55\tomcat-embed-jasper-7.0.55.jar;C:\Users\rgopal\.m2\repository\org\apache\tomcat\embed\tomcat-embed-el\7.0.55\tomcat-embed-el-7.0.55.jar;C:\Users\rgopal\.m2\repository\org\apache\
Launcher Type: SUN_STANDARD

Environment Variables:
JAVA_HOME=C:\Program Files\Java\jdk1.8.0_11
PATH=C:\Windows\system32;C:\Windows;C:\Windows\System32\Wbem;C:\Windows\System32\WindowsPowerShell\v1.0\;C:\users\rgopal\My Documents\springsource\grails-2.3.5\bin\;c:\Program Files\Java\jdk1.7.0_51\bin\;C:\Program Files (x86)\MiKTeX 2.9\miktex\bin\
USERNAME=rgopal
OS=Windows_NT
PROCESSOR_IDENTIFIER=Intel64 Family 6 Model 37 Stepping 5, GenuineIntel



---------------  S Y S T E M  ---------------

OS: Windows 7 , 64 bit Build 7601 Service Pack 1

CPU:total 4 (2 cores per cpu, 2 threads per core) family 6 model 37 stepping 5, cmov, cx8, fxsr, mmx, sse, sse2, sse3, ssse3, sse4.1, sse4.2, popcnt, aes, clmul, ht, tsc, tscinvbit

Memory: 4k page, physical 8181608k(1655096k free), swap 16361352k(7999168k free)

vm_info: Java HotSpot(TM) 64-Bit Server VM (25.11-b03) for windows-amd64 JRE (1.8.0_11-b12), built on Jun 16 2014 20:57:32 by "java_re" with MS VC++ 10.0 (VS2010)

time: Sat Apr 11 14:26:11 2015
elapsed time: 47 seconds

