#
# A fatal error has been detected by the Java Runtime Environment:
#
#  EXCEPTION_ACCESS_VIOLATION (0xc0000005) at pc=0x0000000063dd4db2, pid=10736, tid=6112
#
# JRE version: Java(TM) SE Runtime Environment (8.0_11-b12) (build 1.8.0_11-b12)
# Java VM: Java HotSpot(TM) 64-Bit Server VM (25.11-b03 mixed mode windows-amd64 compressed oops)
# Problematic frame:
# V  [jvm.dll+0x424db2]
#
# Failed to write core dump. Minidumps are not enabled by default on client versions of Windows
#
# If you would like to submit a bug report, please visit:
#   http://bugreport.sun.com/bugreport/crash.jsp
#

---------------  T H R E A D  ---------------

Current thread (0x00000000563bf800):  JavaThread "C2 CompilerThread1" daemon [_thread_in_native, id=6112, stack(0x0000000056840000,0x0000000056940000)]

siginfo: ExceptionCode=0xc0000005, reading address 0x0000000000000000

Registers:
RAX=0x0000000058ccd248, RBX=0x0000000000000600, RCX=0x0000000000000000, RDX=0x0000000058cc8e90
RSP=0x000000005693c2c0, RBP=0x00000000000000c0, RSI=0x00000000000000b8, RDI=0x0000000000000000
R8 =0x00000000639b0000, R9 =0x000000005693c5e0, R10=0x00000000ffffffff, R11=0x00000000563c3860
R12=0x0000000058ccd950, R13=0x0000000058d99b78, R14=0x0000000000000008, R15=0x0000000058d99b78
RIP=0x0000000063dd4db2, EFLAGS=0x0000000000010206

Top of Stack: (sp=0x000000005693c2c0)
0x000000005693c2c0:   00000000000000da 00000000000000b0
0x000000005693c2d0:   000000000000000a 000000005c26a708
0x000000005693c2e0:   0000000000000001 0000000000000600
0x000000005693c2f0:   0000000000000180 00000000000000c0
0x000000005693c300:   000000005ba788e0 00000000563b6400
0x000000005693c310:   0000000000000770 000000005904db70
0x000000005693c320:   000000005693c5e0 0000000058cca2f0
0x000000005693c330:   0000000000000020 0000000000000009
0x000000005693c340:   0000000058ccd920 00000000000000da
0x000000005693c350:   0000000058d99b78 0000000063dd598d
0x000000005693c360:   0000000058ccd920 000000000000001c
0x000000005693c370:   00000000000000da 000000005693c5e0
0x000000005693c380:   0000000058cc8e90 00000000000000da
0x000000005693c390:   0000000058cca2f0 0000000000000020
0x000000005693c3a0:   000000005928d120 000000005693e950
0x000000005693c3b0:   000000005928d750 0000000058ccd920 

Instructions: (pc=0x0000000063dd4db2)
0x0000000063dd4d92:   c6 48 63 f0 48 03 f1 eb 04 48 83 ce ff 48 8b 84
0x0000000063dd4da2:   24 a0 00 00 00 48 8b 40 08 48 8b 3c 03 48 8b cf
0x0000000063dd4db2:   48 8b 07 ff 50 28 4c 8d 05 41 b2 bd ff 48 63 50
0x0000000063dd4dc2:   10 4c 8b d8 48 8b ca 48 c1 e1 05 42 80 bc 01 c0 


Register to memory mapping:

RAX=0x0000000058ccd248 is an unknown value
RBX=0x0000000000000600 is an unknown value
RCX=0x0000000000000000 is an unknown value
RDX=0x0000000058cc8e90 is an unknown value
RSP=0x000000005693c2c0 is pointing into the stack for thread: 0x00000000563bf800
RBP=0x00000000000000c0 is an unknown value
RSI=0x00000000000000b8 is an unknown value
RDI=0x0000000000000000 is an unknown value
R8 =0x00000000639b0000 is an unknown value
R9 =0x000000005693c5e0 is pointing into the stack for thread: 0x00000000563bf800
R10=0x00000000ffffffff is an unknown value
R11=0x00000000563c3860 is an unknown value
R12=0x0000000058ccd950 is an unknown value
R13=0x0000000058d99b78 is an unknown value
R14=0x0000000000000008 is an unknown value
R15=0x0000000058d99b78 is an unknown value


Stack: [0x0000000056840000,0x0000000056940000],  sp=0x000000005693c2c0,  free space=1008k
Native frames: (J=compiled Java code, j=interpreted, Vv=VM code, C=native code)
V  [jvm.dll+0x424db2]
V  [jvm.dll+0x42598d]
V  [jvm.dll+0x425ecf]
V  [jvm.dll+0x4c5a84]
V  [jvm.dll+0x4415bc]
V  [jvm.dll+0x443a29]
V  [jvm.dll+0x427722]
V  [jvm.dll+0x96982]
V  [jvm.dll+0x97173]
V  [jvm.dll+0x2234b4]
V  [jvm.dll+0x27bcca]
C  [msvcr100.dll+0x21d9f]
C  [msvcr100.dll+0x21e3b]
C  [kernel32.dll+0x159ed]
C  [ntdll.dll+0x2c541]


Current CompileTask:
C2:  92075 7786       4       groovy.lang.MetaClassImpl::findPropertyMethod (356 bytes)


---------------  P R O C E S S  ---------------

Java Threads: ( => current thread )
  0x000000005dcc7000 JavaThread "net.sf.ehcache.CacheManager@1be52ca7" daemon [_thread_blocked, id=10808, stack(0x0000000060510000,0x0000000060610000)]
  0x0000000057254000 JavaThread "com.oumuo.SecurityGroup.data" daemon [_thread_blocked, id=7800, stack(0x00000000614e0000,0x00000000615e0000)]
  0x00000000572ee800 JavaThread "com.oumuo.Authority.data" daemon [_thread_blocked, id=9240, stack(0x000000005fd70000,0x000000005fe70000)]
  0x00000000586c9000 JavaThread "net.sf.ehcache.CacheManager@4702b7a7" daemon [_thread_blocked, id=8076, stack(0x000000005b5e0000,0x000000005b6e0000)]
  0x000000005de01000 JavaThread "PoolCleaner[192694377:1430528733154]" daemon [_thread_blocked, id=4828, stack(0x000000005ce50000,0x000000005cf50000)]
  0x0000000057215800 JavaThread "FileSystemWatcher: files=#320 cl=groovy.lang.GroovyClassLoader@b7c4869" daemon [_thread_blocked, id=9320, stack(0x000000005b390000,0x000000005b490000)]
  0x000000005858b800 JavaThread "localhost-startStop-1" daemon [_thread_in_vm, id=8000, stack(0x000000005ae40000,0x000000005af40000)]
  0x000000005858b000 JavaThread "Tomcat-startStop-1" daemon [_thread_blocked, id=7560, stack(0x000000005ac20000,0x000000005ad20000)]
  0x00000000589b3000 JavaThread "Thread-3" [_thread_in_native, id=8984, stack(0x0000000057860000,0x0000000057960000)]
  0x0000000058b46000 JavaThread "Thread-2" [_thread_blocked, id=11216, stack(0x00000000560c0000,0x00000000561c0000)]
  0x00000000573be000 JavaThread "NonBlockingInputStreamThread" daemon [_thread_blocked, id=5632, stack(0x0000000057e50000,0x0000000057f50000)]
  0x00000000564b7800 JavaThread "Service Thread" daemon [_thread_blocked, id=6124, stack(0x0000000056e60000,0x0000000056f60000)]
  0x0000000056404000 JavaThread "C1 CompilerThread2" daemon [_thread_blocked, id=7868, stack(0x0000000056c80000,0x0000000056d80000)]
=>0x00000000563bf800 JavaThread "C2 CompilerThread1" daemon [_thread_in_native, id=6112, stack(0x0000000056840000,0x0000000056940000)]
  0x00000000563be800 JavaThread "C2 CompilerThread0" daemon [_thread_in_native, id=7968, stack(0x0000000056ae0000,0x0000000056be0000)]
  0x00000000562c9000 JavaThread "Attach Listener" daemon [_thread_blocked, id=7808, stack(0x00000000569a0000,0x0000000056aa0000)]
  0x0000000054da7800 JavaThread "Signal Dispatcher" daemon [_thread_blocked, id=7980, stack(0x00000000566d0000,0x00000000567d0000)]
  0x0000000054d41000 JavaThread "Finalizer" daemon [_thread_blocked, id=8404, stack(0x00000000561c0000,0x00000000562c0000)]
  0x0000000054d3b800 JavaThread "Reference Handler" daemon [_thread_blocked, id=9716, stack(0x0000000055fc0000,0x00000000560c0000)]
  0x00000000028fa000 JavaThread "main" [_thread_blocked, id=10336, stack(0x0000000002c90000,0x0000000002d90000)]

Other Threads:
  0x0000000054d38000 VMThread [stack: 0x0000000055e80000,0x0000000055f80000] [id=9548]
  0x00000000564bc800 WatcherThread [stack: 0x0000000056f60000,0x0000000057060000] [id=10828]

VM state:not at safepoint (normal execution)

VM Mutex/Monitor currently owned by a thread: None

Heap:
 PSYoungGen      total 213504K, used 75090K [0x00000000f0000000, 0x0000000100000000, 0x0000000100000000)
  eden space 172032K, 19% used [0x00000000f0000000,0x00000000f210a320,0x00000000fa800000)
  from space 41472K, 99% used [0x00000000fa800000,0x00000000fd04a778,0x00000000fd080000)
  to   space 48640K, 0% used [0x00000000fd080000,0x00000000fd080000,0x0000000100000000)
 ParOldGen       total 131584K, used 113058K [0x00000000d0000000, 0x00000000d8080000, 0x00000000f0000000)
  object space 131584K, 85% used [0x00000000d0000000,0x00000000d6e68908,0x00000000d8080000)
 Metaspace       used 74037K, capacity 76168K, committed 76324K, reserved 1118208K
  class space    used 7539K, capacity 8107K, committed 8228K, reserved 1048576K

Card table byte_map: [0x0000000012150000,0x00000000122e0000] byte_map_base: 0x0000000011ad0000

Marking Bits: (ParMarkBitMap*) 0x00000000641612b0
 Begin Bits: [0x0000000012a30000, 0x0000000013630000)
 End Bits:   [0x0000000013630000, 0x0000000014230000)

Polling page: 0x0000000001cc0000

CodeCache: size=245760Kb used=25635Kb max_used=25805Kb free=220124Kb
 bounds [0x0000000002d90000, 0x0000000004720000, 0x0000000011d90000]
 total_blobs=7190 nmethods=6426 adapters=675
 compilation: enabled

Compilation events (10 events):
Event: 91.944 Thread 0x0000000056404000 7797       2       org.codehaus.groovy.reflection.ParameterTypes::isValidMethod (79 bytes)
Event: 91.945 Thread 0x0000000056404000 nmethod 7797 0x0000000003284610 code [0x00000000032847a0, 0x0000000003284a48]
Event: 91.945 Thread 0x0000000056404000 7796       3       groovy.lang.ExpandoMetaClass::isValidExpandoProperty (51 bytes)
Event: 91.945 Thread 0x0000000056404000 nmethod 7796 0x0000000003fb7390 code [0x0000000003fb7540, 0x0000000003fb7b48]
Event: 91.968 Thread 0x0000000056404000 7798   !   3       java.lang.StringCoding$StringDecoder::decode (179 bytes)
Event: 91.970 Thread 0x0000000056404000 nmethod 7798 0x00000000042f9f50 code [0x00000000042fa2a0, 0x00000000042fbe68]
Event: 91.970 Thread 0x0000000056404000 7799       3       java.lang.StringCoding::access$100 (8 bytes)
Event: 91.971 Thread 0x0000000056404000 nmethod 7799 0x00000000041964d0 code [0x0000000004196660, 0x0000000004196b68]
Event: 91.971 Thread 0x0000000056404000 7800       3       java.lang.StringCoding::safeTrim (24 bytes)
Event: 91.971 Thread 0x0000000056404000 nmethod 7800 0x000000000383d650 code [0x000000000383d7e0, 0x000000000383dc88]

GC Heap History (10 events):
Event: 86.510 GC heap before
{Heap before GC invocations=55 (full 8):
 PSYoungGen      total 219648K, used 211844K [0x00000000f0000000, 0x0000000100000000, 0x0000000100000000)
  eden space 194560K, 100% used [0x00000000f0000000,0x00000000fbe00000,0x00000000fbe00000)
  from space 25088K, 68% used [0x00000000fe780000,0x00000000ff8611b8,0x0000000100000000)
  to   space 33792K, 0% used [0x00000000fbe00000,0x00000000fbe00000,0x00000000fdf00000)
 ParOldGen       total 131584K, used 112634K [0x00000000d0000000, 0x00000000d8080000, 0x00000000f0000000)
  object space 131584K, 85% used [0x00000000d0000000,0x00000000d6dfe908,0x00000000d8080000)
 Metaspace       used 70190K, capacity 72030K, committed 72228K, reserved 1114112K
  class space    used 7090K, capacity 7658K, committed 7716K, reserved 1048576K
Event: 86.605 GC heap after
Heap after GC invocations=55 (full 8):
 PSYoungGen      total 217088K, used 22214K [0x00000000f0000000, 0x0000000100000000, 0x0000000100000000)
  eden space 194560K, 0% used [0x00000000f0000000,0x00000000f0000000,0x00000000fbe00000)
  from space 22528K, 98% used [0x00000000fbe00000,0x00000000fd3b1888,0x00000000fd400000)
  to   space 34816K, 0% used [0x00000000fde00000,0x00000000fde00000,0x0000000100000000)
 ParOldGen       total 131584K, used 113042K [0x00000000d0000000, 0x00000000d8080000, 0x00000000f0000000)
  object space 131584K, 85% used [0x00000000d0000000,0x00000000d6e64908,0x00000000d8080000)
 Metaspace       used 70190K, capacity 72030K, committed 72228K, reserved 1114112K
  class space    used 7090K, capacity 7658K, committed 7716K, reserved 1048576K
}
Event: 88.524 GC heap before
{Heap before GC invocations=56 (full 8):
 PSYoungGen      total 217088K, used 216774K [0x00000000f0000000, 0x0000000100000000, 0x0000000100000000)
  eden space 194560K, 100% used [0x00000000f0000000,0x00000000fbe00000,0x00000000fbe00000)
  from space 22528K, 98% used [0x00000000fbe00000,0x00000000fd3b1888,0x00000000fd400000)
  to   space 34816K, 0% used [0x00000000fde00000,0x00000000fde00000,0x0000000100000000)
 ParOldGen       total 131584K, used 113042K [0x00000000d0000000, 0x00000000d8080000, 0x00000000f0000000)
  object space 131584K, 85% used [0x00000000d0000000,0x00000000d6e64908,0x00000000d8080000)
 Metaspace       used 70815K, capacity 72754K, committed 72996K, reserved 1114112K
  class space    used 7157K, capacity 7714K, committed 7716K, reserved 1048576K
Event: 88.581 GC heap after
Heap after GC invocations=56 (full 8):
 PSYoungGen      total 221184K, used 29023K [0x00000000f0000000, 0x0000000100000000, 0x0000000100000000)
  eden space 186368K, 0% used [0x00000000f0000000,0x00000000f0000000,0x00000000fb600000)
  from space 34816K, 83% used [0x00000000fde00000,0x00000000ffa57ef8,0x0000000100000000)
  to   space 37888K, 0% used [0x00000000fb600000,0x00000000fb600000,0x00000000fdb00000)
 ParOldGen       total 131584K, used 113050K [0x00000000d0000000, 0x00000000d8080000, 0x00000000f0000000)
  object space 131584K, 85% used [0x00000000d0000000,0x00000000d6e66908,0x00000000d8080000)
 Metaspace       used 70815K, capacity 72754K, committed 72996K, reserved 1114112K
  class space    used 7157K, capacity 7714K, committed 7716K, reserved 1048576K
}
Event: 89.001 GC heap before
{Heap before GC invocations=57 (full 8):
 PSYoungGen      total 221184K, used 212207K [0x00000000f0000000, 0x0000000100000000, 0x0000000100000000)
  eden space 186368K, 98% used [0x00000000f0000000,0x00000000fb2e3e30,0x00000000fb600000)
  from space 34816K, 83% used [0x00000000fde00000,0x00000000ffa57ef8,0x0000000100000000)
  to   space 37888K, 0% used [0x00000000fb600000,0x00000000fb600000,0x00000000fdb00000)
 ParOldGen       total 131584K, used 113050K [0x00000000d0000000, 0x00000000d8080000, 0x00000000f0000000)
  object space 131584K, 85% used [0x00000000d0000000,0x00000000d6e66908,0x00000000d8080000)
 Metaspace       used 71235K, capacity 73300K, committed 73636K, reserved 1116160K
  class space    used 7175K, capacity 7755K, committed 7844K, reserved 1048576K
Event: 89.043 GC heap after
Heap after GC invocations=57 (full 8):
 PSYoungGen      total 217088K, used 30283K [0x00000000f0000000, 0x0000000100000000, 0x0000000100000000)
  eden space 186368K, 0% used [0x00000000f0000000,0x00000000f0000000,0x00000000fb600000)
  from space 30720K, 98% used [0x00000000fb600000,0x00000000fd392c80,0x00000000fd400000)
  to   space 40448K, 0% used [0x00000000fd880000,0x00000000fd880000,0x0000000100000000)
 ParOldGen       total 131584K, used 113050K [0x00000000d0000000, 0x00000000d8080000, 0x00000000f0000000)
  object space 131584K, 85% used [0x00000000d0000000,0x00000000d6e66908,0x00000000d8080000)
 Metaspace       used 71235K, capacity 73300K, committed 73636K, reserved 1116160K
  class space    used 7175K, capacity 7755K, committed 7844K, reserved 1048576K
}
Event: 90.151 GC heap before
{Heap before GC invocations=58 (full 8):
 PSYoungGen      total 217088K, used 211637K [0x00000000f0000000, 0x0000000100000000, 0x0000000100000000)
  eden space 186368K, 97% used [0x00000000f0000000,0x00000000fb11aa88,0x00000000fb600000)
  from space 30720K, 98% used [0x00000000fb600000,0x00000000fd392c80,0x00000000fd400000)
  to   space 40448K, 0% used [0x00000000fd880000,0x00000000fd880000,0x0000000100000000)
 ParOldGen       total 131584K, used 113050K [0x00000000d0000000, 0x00000000d8080000, 0x00000000f0000000)
  object space 131584K, 85% used [0x00000000d0000000,0x00000000d6e66908,0x00000000d8080000)
 Metaspace       used 72930K, capacity 75000K, committed 75300K, reserved 1116160K
  class space    used 7394K, capacity 7952K, committed 7972K, reserved 1048576K
Event: 90.194 GC heap after
Heap after GC invocations=58 (full 8):
 PSYoungGen      total 212480K, used 35923K [0x00000000f0000000, 0x0000000100000000, 0x0000000100000000)
  eden space 172032K, 0% used [0x00000000f0000000,0x00000000f0000000,0x00000000fa800000)
  from space 40448K, 88% used [0x00000000fd880000,0x00000000ffb94d20,0x0000000100000000)
  to   space 45056K, 0% used [0x00000000fa800000,0x00000000fa800000,0x00000000fd400000)
 ParOldGen       total 131584K, used 113058K [0x00000000d0000000, 0x00000000d8080000, 0x00000000f0000000)
  object space 131584K, 85% used [0x00000000d0000000,0x00000000d6e68908,0x00000000d8080000)
 Metaspace       used 72930K, capacity 75000K, committed 75300K, reserved 1116160K
  class space    used 7394K, capacity 7952K, committed 7972K, reserved 1048576K
}
Event: 91.764 GC heap before
{Heap before GC invocations=59 (full 8):
 PSYoungGen      total 212480K, used 207955K [0x00000000f0000000, 0x0000000100000000, 0x0000000100000000)
  eden space 172032K, 100% used [0x00000000f0000000,0x00000000fa800000,0x00000000fa800000)
  from space 40448K, 88% used [0x00000000fd880000,0x00000000ffb94d20,0x0000000100000000)
  to   space 45056K, 0% used [0x00000000fa800000,0x00000000fa800000,0x00000000fd400000)
 ParOldGen       total 131584K, used 113058K [0x00000000d0000000, 0x00000000d8080000, 0x00000000f0000000)
  object space 131584K, 85% used [0x00000000d0000000,0x00000000d6e68908,0x00000000d8080000)
 Metaspace       used 73859K, capacity 76030K, committed 76196K, reserved 1118208K
  class space    used 7508K, capacity 8091K, committed 8100K, reserved 1048576K
Event: 91.853 GC heap after
Heap after GC invocations=59 (full 8):
 PSYoungGen      total 213504K, used 41257K [0x00000000f0000000, 0x0000000100000000, 0x0000000100000000)
  eden space 172032K, 0% used [0x00000000f0000000,0x00000000f0000000,0x00000000fa800000)
  from space 41472K, 99% used [0x00000000fa800000,0x00000000fd04a778,0x00000000fd080000)
  to   space 48640K, 0% used [0x00000000fd080000,0x00000000fd080000,0x0000000100000000)
 ParOldGen       total 131584K, used 113058K [0x00000000d0000000, 0x00000000d8080000, 0x00000000f0000000)
  object space 131584K, 85% used [0x00000000d0000000,0x00000000d6e68908,0x00000000d8080000)
 Metaspace       used 73859K, capacity 76030K, committed 76196K, reserved 1118208K
  class space    used 7508K, capacity 8091K, committed 8100K, reserved 1048576K
}

Deoptimization events (10 events):
Event: 91.507 Thread 0x000000005858b800 Uncommon trap: reason=class_check action=maybe_recompile pc=0x0000000003fcf874 method=sl.org.objectweb.asm.MethodVisitor.visitTypeInsn(ILjava/lang/String;)V @ 13
Event: 91.507 Thread 0x000000005858b800 Uncommon trap: reason=class_check action=maybe_recompile pc=0x0000000003fcf874 method=sl.org.objectweb.asm.MethodVisitor.visitTypeInsn(ILjava/lang/String;)V @ 13
Event: 91.507 Thread 0x000000005858b800 Uncommon trap: reason=class_check action=maybe_recompile pc=0x0000000003fcf874 method=sl.org.objectweb.asm.MethodVisitor.visitTypeInsn(ILjava/lang/String;)V @ 13
Event: 91.681 Thread 0x000000005858b800 Uncommon trap: reason=predicate action=maybe_recompile pc=0x00000000032dfb0c method=java.util.ComparableTimSort.binarySort([Ljava/lang/Object;III)V @ 37
Event: 91.716 Thread 0x000000005858b800 Uncommon trap: reason=class_check action=maybe_recompile pc=0x0000000003fb90c0 method=groovy.lang.MetaClassImpl.isGenericGetMethod(Lgroovy/lang/MetaMethod;)Z @ 14
Event: 91.716 Thread 0x000000005858b800 Uncommon trap: reason=class_check action=maybe_recompile pc=0x0000000003fb90f4 method=org.codehaus.groovy.runtime.MetaClassHelper.isGenericSetMethod(Lgroovy/lang/MetaMethod;)Z @ 14
Event: 91.716 Thread 0x000000005858b800 Uncommon trap: reason=class_check action=maybe_recompile pc=0x0000000003fb90c0 method=groovy.lang.MetaClassImpl.isGenericGetMethod(Lgroovy/lang/MetaMethod;)Z @ 14
Event: 91.716 Thread 0x000000005858b800 Uncommon trap: reason=class_check action=maybe_recompile pc=0x0000000003fb90f4 method=org.codehaus.groovy.runtime.MetaClassHelper.isGenericSetMethod(Lgroovy/lang/MetaMethod;)Z @ 14
Event: 91.863 Thread 0x000000005858b800 Uncommon trap: reason=unreached action=reinterpret pc=0x0000000003e7cd7c method=org.codehaus.groovy.runtime.metaclass.MetaMethodIndex.isNonRealMethod(Lgroovy/lang/MetaMethod;)Z @ 32
Event: 91.920 Thread 0x000000005858b800 Uncommon trap: reason=array_check action=maybe_recompile pc=0x0000000003455388 method=java.util.ComparableTimSort.binarySort([Ljava/lang/Object;III)V @ 193

Internal exceptions (10 events):
Event: 91.981 Thread 0x000000005858b800 Exception <a 'java/security/PrivilegedActionException'> (0x00000000f10736f8) thrown at [C:\re\workspace\8-2-build-windows-amd64-cygwin\jdk8u11\648\hotspot\src\share\vm\prims\jvm.cpp, line 1248]
Event: 91.982 Thread 0x000000005858b800 Exception <a 'java/security/PrivilegedActionException'> (0x00000000f1083fd8) thrown at [C:\re\workspace\8-2-build-windows-amd64-cygwin\jdk8u11\648\hotspot\src\share\vm\prims\jvm.cpp, line 1248]
Event: 91.982 Thread 0x000000005858b800 Exception <a 'java/security/PrivilegedActionException'> (0x00000000f10a8668) thrown at [C:\re\workspace\8-2-build-windows-amd64-cygwin\jdk8u11\648\hotspot\src\share\vm\prims\jvm.cpp, line 1248]
Event: 91.983 Thread 0x000000005858b800 Exception <a 'java/lang/ClassNotFoundException': org/grails/async/factory/gpars/GparsPromiseFactoryCustomizer> (0x00000000f10a9400) thrown at [C:\re\workspace\8-2-build-windows-amd64-cygwin\jdk8u11\648\hotspot\src\share\vm\classfile\systemDictionary.cpp, l_`‚ÕîþV@
Event: 91.983 Thread 0x000000005858b800 Exception <a 'java/security/PrivilegedActionException'> (0x00000000f10c4f10) thrown at [C:\re\workspace\8-2-build-windows-amd64-cygwin\jdk8u11\648\hotspot\src\share\vm\prims\jvm.cpp, line 1248]
Event: 91.984 Thread 0x000000005858b800 Exception <a 'java/security/PrivilegedActionException'> (0x00000000f10c7d90) thrown at [C:\re\workspace\8-2-build-windows-amd64-cygwin\jdk8u11\648\hotspot\src\share\vm\prims\jvm.cpp, line 1248]
Event: 91.985 Thread 0x000000005858b800 Exception <a 'java/security/PrivilegedActionException'> (0x00000000f10df7b0) thrown at [C:\re\workspace\8-2-build-windows-amd64-cygwin\jdk8u11\648\hotspot\src\share\vm\prims\jvm.cpp, line 1248]
Event: 91.985 Thread 0x000000005858b800 Exception <a 'java/security/PrivilegedActionException'> (0x00000000f10e2d50) thrown at [C:\re\workspace\8-2-build-windows-amd64-cygwin\jdk8u11\648\hotspot\src\share\vm\prims\jvm.cpp, line 1248]
Event: 91.986 Thread 0x000000005858b800 Exception <a 'java/security/PrivilegedActionException'> (0x00000000f10fa940) thrown at [C:\re\workspace\8-2-build-windows-amd64-cygwin\jdk8u11\648\hotspot\src\share\vm\prims\jvm.cpp, line 1248]
Event: 91.986 Thread 0x000000005858b800 Exception <a 'java/security/PrivilegedActionException'> (0x00000000f10fe120) thrown at [C:\re\workspace\8-2-build-windows-amd64-cygwin\jdk8u11\648\hotspot\src\share\vm\prims\jvm.cpp, line 1248]

Events (10 events):
Event: 91.981 loading class org/grails/async/factory/gpars/GparsPromiseFactoryCustomizer
Event: 91.981 loading class org/grails/async/factory/gpars/GparsPromiseFactoryCustomizer done
Event: 91.983 loading class org/grails/async/factory/gpars/GparsPromiseFactoryCustomizer
Event: 91.983 loading class org/grails/async/factory/gpars/GparsPromiseFactoryCustomizer done
Event: 91.983 loading class groovyx/gpars/dataflow/Promise
Event: 91.983 loading class groovyx/gpars/dataflow/Promise done
Event: 91.985 loading class groovyx/gpars/dataflow/SelectableChannel
Event: 91.985 loading class groovyx/gpars/dataflow/SelectableChannel done
Event: 91.986 loading class org/grails/async/factory/gpars/LoggingPoolFactory
Event: 91.986 loading class org/grails/async/factory/gpars/LoggingPoolFactory done


Dynamic libraries:
0x000000013fd00000 - 0x000000013fd34000 	C:\Program Files\Java\jdk1.8.0_11\bin\java.exe
0x0000000076e80000 - 0x0000000077029000 	C:\Windows\SYSTEM32\ntdll.dll
0x0000000076c60000 - 0x0000000076d7f000 	C:\Windows\system32\kernel32.dll
0x000007fefd390000 - 0x000007fefd3fc000 	C:\Windows\system32\KERNELBASE.dll
0x000007fefd6c0000 - 0x000007fefd79b000 	C:\Windows\system32\ADVAPI32.dll
0x000007fefe610000 - 0x000007fefe6af000 	C:\Windows\system32\msvcrt.dll
0x000007fefeb60000 - 0x000007fefeb7f000 	C:\Windows\SYSTEM32\sechost.dll
0x000007fefedb0000 - 0x000007fefeedd000 	C:\Windows\system32\RPCRT4.dll
0x0000000076d80000 - 0x0000000076e7a000 	C:\Windows\system32\USER32.dll
0x000007fefed10000 - 0x000007fefed77000 	C:\Windows\system32\GDI32.dll
0x000007fefd6b0000 - 0x000007fefd6be000 	C:\Windows\system32\LPK.dll
0x000007fefeee0000 - 0x000007fefefa9000 	C:\Windows\system32\USP10.dll
0x000007fefb8e0000 - 0x000007fefbad4000 	C:\Windows\WinSxS\amd64_microsoft.windows.common-controls_6595b64144ccf1df_6.0.7601.17514_none_fa396087175ac9ac\COMCTL32.dll
0x000007fefe580000 - 0x000007fefe5f1000 	C:\Windows\system32\SHLWAPI.dll
0x000007fefed80000 - 0x000007fefedae000 	C:\Windows\system32\IMM32.DLL
0x000007fefeb80000 - 0x000007fefec89000 	C:\Windows\system32\MSCTF.dll
0x0000000180000000 - 0x000000018001c000 	C:\Windows\system32\btpload64.dll
0x0000000077050000 - 0x0000000077057000 	C:\Windows\system32\PSAPI.DLL
0x0000000000430000 - 0x000000000045c000 	C:\Windows\system32\privman64.dll
0x000007fefd230000 - 0x000007fefd23c000 	C:\Windows\system32\VERSION.dll
0x000007fefd7f0000 - 0x000007fefe579000 	C:\Windows\system32\SHELL32.dll
0x000007fefd210000 - 0x000007fefd22e000 	C:\Windows\system32\USERENV.dll
0x000007fefd2e0000 - 0x000007fefd2ef000 	C:\Windows\system32\profapi.dll
0x0000000064d70000 - 0x0000000064e42000 	C:\Program Files\Java\jdk1.8.0_11\jre\bin\msvcr100.dll
0x00000000639b0000 - 0x00000000641da000 	C:\Program Files\Java\jdk1.8.0_11\jre\bin\server\jvm.dll
0x000007fefc7c0000 - 0x000007fefc7c9000 	C:\Windows\system32\WSOCK32.dll
0x000007fefd7a0000 - 0x000007fefd7ed000 	C:\Windows\system32\WS2_32.dll
0x000007fefe600000 - 0x000007fefe608000 	C:\Windows\system32\NSI.dll
0x000007fefae20000 - 0x000007fefae5b000 	C:\Windows\system32\WINMM.dll
0x000000006a0c0000 - 0x000000006a0cf000 	C:\Program Files\Java\jdk1.8.0_11\jre\bin\verify.dll
0x0000000064d00000 - 0x0000000064d28000 	C:\Program Files\Java\jdk1.8.0_11\jre\bin\java.dll
0x00000000581a0000 - 0x00000000581c3000 	C:\Program Files\Java\jdk1.8.0_11\jre\bin\instrument.dll
0x000000006afe0000 - 0x000000006aff6000 	C:\Program Files\Java\jdk1.8.0_11\jre\bin\zip.dll
0x000007fefe6b0000 - 0x000007fefe8b3000 	C:\Windows\system32\ole32.dll
0x000007fefcb80000 - 0x000007fefcb97000 	C:\Windows\system32\CRYPTSP.dll
0x000007fefc880000 - 0x000007fefc8c7000 	C:\Windows\system32\rsaenh.dll
0x000007fefd1e0000 - 0x000007fefd1ef000 	C:\Windows\system32\CRYPTBASE.dll
0x0000000064630000 - 0x000000006464a000 	C:\Program Files\Java\jdk1.8.0_11\jre\bin\net.dll
0x000007fefcb20000 - 0x000007fefcb75000 	C:\Windows\system32\mswsock.dll
0x000007fefcb10000 - 0x000007fefcb17000 	C:\Windows\System32\wship6.dll
0x000007fefc280000 - 0x000007fefc2a7000 	C:\Windows\system32\IPHLPAPI.DLL
0x000007fefc270000 - 0x000007fefc27b000 	C:\Windows\system32\WINNSI.DLL
0x000007fefa8b0000 - 0x000007fefa8c8000 	C:\Windows\system32\dhcpcsvc.DLL
0x000007fefa840000 - 0x000007fefa851000 	C:\Windows\system32\dhcpcsvc6.DLL
0x0000000060c30000 - 0x0000000060c41000 	C:\Program Files\Java\jdk1.8.0_11\jre\bin\nio.dll
0x000007fefb820000 - 0x000007fefb82a000 	C:\Users\rgopal\AppData\Local\Temp\jansi-64-8740396345629795379.dll
0x000000006b3e0000 - 0x000000006b3ed000 	C:\Program Files\Java\jdk1.8.0_11\jre\bin\management.dll
0x000007fefc380000 - 0x000007fefc387000 	C:\Windows\System32\wshtcpip.dll
0x000007fefc9a0000 - 0x000007fefc9fb000 	C:\Windows\system32\DNSAPI.dll
0x00000000744a0000 - 0x00000000744c6000 	C:\Program Files\Bonjour\mdnsNSP.dll
0x000007fefa7d0000 - 0x000007fefa7d8000 	C:\Windows\system32\rasadhlp.dll
0x000007fefa7e0000 - 0x000007fefa833000 	C:\Windows\System32\fwpuclnt.dll
0x000007fefa9a0000 - 0x000007fefa9b5000 	C:\Windows\system32\NLAapi.dll
0x000007fefa910000 - 0x000007fefa925000 	C:\Windows\system32\napinsp.dll
0x000007fefa8f0000 - 0x000007fefa909000 	C:\Windows\system32\pnrpnsp.dll
0x000007fefa8e0000 - 0x000007fefa8eb000 	C:\Windows\System32\winrnr.dll
0x000007fefa8d0000 - 0x000007fefa8e0000 	C:\Windows\system32\wshbth.dll
0x000007fef5730000 - 0x000007fef5855000 	C:\Windows\system32\dbghelp.dll

VM Arguments:
jvm_args: -Dfile.encoding=UTF-8 -Xmx768M -Xms64M -Dgrails.fork.parent.process.port=54112 -Dgrails.fork.active=true -Dgrails.build.execution.context=C:\Users\rgopal\AppData\Local\Temp\central2159853131876560248grails-execution-context -Dgrails.home=C:\Users\rgopal\Documents\grails-2.4.4\grails-2.4.4 -javaagent:C:\Users\rgopal\Documents\grails-2.4.4\grails-2.4.4\lib\org.springframework\springloaded\jars\springloaded-1.2.1.RELEASE.jar -Xverify:none -Dspringloaded.synchronize=true -Djdk.reflect.allowGetCallerClass=true -Dspringloaded=profile=grails;cacheDir=C:\Users\rgopal/.grails/2.4.4/ 
java_command: org.grails.plugins.tomcat.fork.ForkedTomcatServer
java_class_path (initial): C:\Program Files\Java\jdk1.8.0_11\lib\tools.jar;C:\Users\rgopal\Documents\grails-2.4.4\grails-2.4.4\lib\org.codehaus.groovy\groovy-all\jars\groovy-all-2.3.7.jar;C:\Users\rgopal\Documents\grails-2.4.4\grails-2.4.4\lib\org.slf4j\jcl-over-slf4j\jars\jcl-over-slf4j-1.7.5.jar;C:\Users\rgopal\Documents\grails-2.4.4\grails-2.4.4\lib\org.codehaus.gant\gant_groovy1.8\jars\gant_groovy1.8-1.9.6.jar;C:\Users\rgopal\Documents\grails-2.4.4\grails-2.4.4\lib\org.apache.tomcat.embed\tomcat-embed-logging-log4j\jars\tomcat-embed-logging-log4j-7.0.50.jar;C:\Users\rgopal\Documents\grails-2.4.4\grails-2.4.4\dist\grails-plugin-log4j-2.4.4.jar;C:\Users\rgopal\Documents\grails-2.4.4\grails-2.4.4\lib\log4j\log4j\jars\log4j-1.2.17.jar;C:\Users\rgopal\Documents\grails-2.4.4\grails-2.4.4\dist\grails-bootstrap-2.4.4.jar;C:\Users\rgopal\Documents\grails-2.4.4\grails-2.4.4\lib\org.slf4j\slf4j-api\jars\slf4j-api-1.7.5.jar;C:\Users\rgopal\Documents\grails-2.4.4\grails-2.4.4\lib\jline\jline\jars\jline-2.12.jar;C:\Users\rgopal\Documents\grails-2.4.4\grails-2.4.4\lib\org.apache.ant\ant\jars\ant-1.8.4.jar;C:\Users\rgopal\Documents\grails-2.4.4\grails-2.4.4\lib\org.apache.ant\ant-launcher\jars\ant-launcher-1.8.4.jar;C:\Users\rgopal\Documents\grails-2.4.4\grails-2.4.4\lib\org.apache.ant\ant-trax\jars\ant-trax-1.7.1.jar;C:\Users\rgopal\Documents\grails-2.4.4\grails-2.4.4\lib\org.apache.ant\ant-junit\jars\ant-junit-1.8.4.jar;C:\Users\rgopal\Documents\grails-2.4.4\grails-2.4.4\lib\org.apache.ivy\ivy\jars\ivy-2.3.0.jar;C:\Users\rgopal\Documents\grails-2.4.4\grails-2.4.4\lib\org.fusesource.jansi\jansi\jars\jansi-1.11.jar;C:\Users\rgopal\.m2\repository\org\apache\tomcat\tomcat-catalina-ant\7.0.55\tomcat-catalina-ant-7.0.55.jar;C:\Users\rgopal\.m2\repository\org\apache\tomcat\embed\tomcat-embed-jasper\7.0.55\tomcat-embed-jasper-7.0.55.jar;C:\Users\rgopal\.m2\repository\org\apache\tomcat\embed\tomcat-embed-el\7.0.55\tomcat-embed-el-7.0.55.jar;C:\Users\rgopal\.m2\repository\org\apache\
Launcher Type: SUN_STANDARD

Environment Variables:
JAVA_HOME=C:\Program Files\Java\jdk1.8.0_11
PATH=C:\Windows\system32;C:\Windows;C:\Windows\System32\Wbem;C:\Windows\System32\WindowsPowerShell\v1.0\;C:\users\rgopal\My Documents\springsource\grails-2.3.5\bin\;c:\Program Files\Java\jdk1.7.0_51\bin\;C:\Program Files (x86)\MiKTeX 2.9\miktex\bin\
USERNAME=rgopal
OS=Windows_NT
PROCESSOR_IDENTIFIER=Intel64 Family 6 Model 37 Stepping 5, GenuineIntel



---------------  S Y S T E M  ---------------

OS: Windows 7 , 64 bit Build 7601 Service Pack 1

CPU:total 4 (2 cores per cpu, 2 threads per core) family 6 model 37 stepping 5, cmov, cx8, fxsr, mmx, sse, sse2, sse3, ssse3, sse4.1, sse4.2, popcnt, aes, clmul, ht, tsc, tscinvbit

Memory: 4k page, physical 8181608k(1515064k free), swap 16361352k(7128524k free)

vm_info: Java HotSpot(TM) 64-Bit Server VM (25.11-b03) for windows-amd64 JRE (1.8.0_11-b12), built on Jun 16 2014 20:57:32 by "java_re" with MS VC++ 10.0 (VS2010)

time: Fri May 01 21:06:02 2015
elapsed time: 92 seconds

