#
# A fatal error has been detected by the Java Runtime Environment:
#
#  EXCEPTION_ACCESS_VIOLATION (0xc0000005) at pc=0x0000000051324db2, pid=2756, tid=12552
#
# JRE version: Java(TM) SE Runtime Environment (8.0_11-b12) (build 1.8.0_11-b12)
# Java VM: Java HotSpot(TM) 64-Bit Server VM (25.11-b03 mixed mode windows-amd64 compressed oops)
# Problematic frame:
# V  [jvm.dll+0x424db2]
#
# Failed to write core dump. Minidumps are not enabled by default on client versions of Windows
#
# If you would like to submit a bug report, please visit:
#   http://bugreport.sun.com/bugreport/crash.jsp
#

---------------  T H R E A D  ---------------

Current thread (0x00000000162ff000):  JavaThread "C2 CompilerThread0" daemon [_thread_in_native, id=12552, stack(0x0000000016a60000,0x0000000016b60000)]

siginfo: ExceptionCode=0xc0000005, reading address 0x0000000000000000

Registers:
RAX=0x000000001990f8a8, RBX=0x0000000000000600, RCX=0x0000000000000000, RDX=0x000000001990b100
RSP=0x0000000016b5c0d0, RBP=0x00000000000000c0, RSI=0x00000000000000b8, RDI=0x0000000000000000
R8 =0x0000000050f00000, R9 =0x0000000016b5c3f0, R10=0x00000000ffffffff, R11=0x00000000163038b0
R12=0x000000001990ffb0, R13=0x0000000018295d88, R14=0x0000000000000008, R15=0x0000000018295d88
RIP=0x0000000051324db2, EFLAGS=0x0000000000010206

Top of Stack: (sp=0x0000000016b5c0d0)
0x0000000016b5c0d0:   00000000000000da 000000001aa651a0
0x0000000016b5c0e0:   0000000000000000 000000001e51c788
0x0000000016b5c0f0:   0000000000000001 0000000000000600
0x0000000016b5c100:   0000000000000180 00000000000000c0
0x0000000016b5c110:   00000000184e6da0 00000000162f6ab0
0x0000000016b5c120:   0000000000000760 000000001aa651a0
0x0000000016b5c130:   0000000016b5c3f0 000000001990c940
0x0000000016b5c140:   0000000000000020 0000000000000009
0x0000000016b5c150:   000000001990ff80 00000000000000da
0x0000000016b5c160:   0000000018295d88 000000005132598d
0x0000000016b5c170:   000000001990ff80 000000000000001c
0x0000000016b5c180:   00000000000000da 0000000016b5c3f0
0x0000000016b5c190:   000000001990b100 00000000000000da
0x0000000016b5c1a0:   000000001990c940 0000000000000020
0x0000000016b5c1b0:   00000000185fa330 0000000016b5e760
0x0000000016b5c1c0:   00000000185fa960 000000001990ff80 

Instructions: (pc=0x0000000051324db2)
0x0000000051324d92:   c6 48 63 f0 48 03 f1 eb 04 48 83 ce ff 48 8b 84
0x0000000051324da2:   24 a0 00 00 00 48 8b 40 08 48 8b 3c 03 48 8b cf
0x0000000051324db2:   48 8b 07 ff 50 28 4c 8d 05 41 b2 bd ff 48 63 50
0x0000000051324dc2:   10 4c 8b d8 48 8b ca 48 c1 e1 05 42 80 bc 01 c0 


Register to memory mapping:

RAX=0x000000001990f8a8 is an unknown value
RBX=0x0000000000000600 is an unknown value
RCX=0x0000000000000000 is an unknown value
RDX=0x000000001990b100 is an unknown value
RSP=0x0000000016b5c0d0 is pointing into the stack for thread: 0x00000000162ff000
RBP=0x00000000000000c0 is an unknown value
RSI=0x00000000000000b8 is an unknown value
RDI=0x0000000000000000 is an unknown value
R8 =0x0000000050f00000 is an unknown value
R9 =0x0000000016b5c3f0 is pointing into the stack for thread: 0x00000000162ff000
R10=0x00000000ffffffff is an unknown value
R11=0x00000000163038b0 is an unknown value
R12=0x000000001990ffb0 is an unknown value
R13=0x0000000018295d88 is an unknown value
R14=0x0000000000000008 is an unknown value
R15=0x0000000018295d88 is an unknown value


Stack: [0x0000000016a60000,0x0000000016b60000],  sp=0x0000000016b5c0d0,  free space=1008k
Native frames: (J=compiled Java code, j=interpreted, Vv=VM code, C=native code)
V  [jvm.dll+0x424db2]
V  [jvm.dll+0x42598d]
V  [jvm.dll+0x425ecf]
V  [jvm.dll+0x4c5a84]
V  [jvm.dll+0x4415bc]
V  [jvm.dll+0x443a29]
V  [jvm.dll+0x427722]
V  [jvm.dll+0x96982]
V  [jvm.dll+0x97173]
V  [jvm.dll+0x2234b4]
V  [jvm.dll+0x27bcca]
C  [msvcr100.dll+0x21d9f]
C  [msvcr100.dll+0x21e3b]
C  [kernel32.dll+0x159ed]
C  [ntdll.dll+0x2c541]


Current CompileTask:
C2:  49548 8410       4       groovy.lang.MetaClassImpl::findPropertyMethod (356 bytes)


---------------  P R O C E S S  ---------------

Java Threads: ( => current thread )
  0x0000000019451800 JavaThread "net.sf.ehcache.CacheManager@5f82add0" daemon [_thread_blocked, id=8248, stack(0x0000000020d00000,0x0000000020e00000)]
  0x0000000019450800 JavaThread "com.oumuo.SecurityGroup.data" daemon [_thread_blocked, id=12740, stack(0x000000001fe70000,0x000000001ff70000)]
  0x0000000019450000 JavaThread "com.oumuo.Authority.data" daemon [_thread_blocked, id=6540, stack(0x000000001e680000,0x000000001e780000)]
  0x000000001944f000 JavaThread "net.sf.ehcache.CacheManager@6a69f9e6" daemon [_thread_blocked, id=6256, stack(0x000000001e870000,0x000000001e970000)]
  0x000000001944d800 JavaThread "PoolCleaner[192694377:1434812852756]" daemon [_thread_blocked, id=5888, stack(0x000000001f700000,0x000000001f800000)]
  0x000000001986a000 JavaThread "FileSystemWatcher: files=#430 cl=groovy.lang.GroovyClassLoader@b7c4869" daemon [_thread_blocked, id=5088, stack(0x000000001be40000,0x000000001bf40000)]
  0x0000000019a33000 JavaThread "localhost-startStop-1" daemon [_thread_in_vm, id=11196, stack(0x0000000018f60000,0x0000000019060000)]
  0x0000000018587000 JavaThread "Tomcat-startStop-1" daemon [_thread_blocked, id=10040, stack(0x000000001bd40000,0x000000001be40000)]
  0x000000001ab8b000 JavaThread "Thread-3" [_thread_in_native, id=10612, stack(0x000000001a290000,0x000000001a390000)]
  0x0000000018d49000 JavaThread "Thread-2" [_thread_blocked, id=10148, stack(0x0000000015ff0000,0x00000000160f0000)]
  0x00000000173eb800 JavaThread "NonBlockingInputStreamThread" daemon [_thread_blocked, id=4900, stack(0x0000000017970000,0x0000000017a70000)]
  0x00000000164b9800 JavaThread "Service Thread" daemon [_thread_blocked, id=1756, stack(0x0000000016780000,0x0000000016880000)]
  0x00000000162fd000 JavaThread "C1 CompilerThread2" daemon [_thread_in_native, id=2996, stack(0x0000000016ce0000,0x0000000016de0000)]
  0x0000000016300000 JavaThread "C2 CompilerThread1" daemon [_thread_in_native, id=3444, stack(0x0000000016b90000,0x0000000016c90000)]
=>0x00000000162ff000 JavaThread "C2 CompilerThread0" daemon [_thread_in_native, id=12552, stack(0x0000000016a60000,0x0000000016b60000)]
  0x0000000016204800 JavaThread "Attach Listener" daemon [_thread_blocked, id=11512, stack(0x0000000016900000,0x0000000016a00000)]
  0x0000000014db7800 JavaThread "Signal Dispatcher" daemon [_thread_blocked, id=9836, stack(0x0000000016660000,0x0000000016760000)]
  0x0000000014d56800 JavaThread "Finalizer" daemon [_thread_blocked, id=10992, stack(0x0000000016100000,0x0000000016200000)]
  0x0000000014d4b800 JavaThread "Reference Handler" daemon [_thread_blocked, id=12500, stack(0x0000000015ed0000,0x0000000015fd0000)]
  0x000000000283a000 JavaThread "main" [_thread_blocked, id=10412, stack(0x0000000002c20000,0x0000000002d20000)]

Other Threads:
  0x0000000014d48000 VMThread [stack: 0x0000000015d70000,0x0000000015e70000] [id=12888]
  0x0000000016464000 WatcherThread [stack: 0x0000000016eb0000,0x0000000016fb0000] [id=7984]

VM state:not at safepoint (normal execution)

VM Mutex/Monitor currently owned by a thread: None

Heap:
 PSYoungGen      total 192512K, used 129264K [0x00000000f0000000, 0x0000000100000000, 0x0000000100000000)
  eden space 123904K, 64% used [0x00000000f0000000,0x00000000f4dd2c20,0x00000000f7900000)
  from space 68608K, 72% used [0x00000000fbd00000,0x00000000fed69508,0x0000000100000000)
  to   space 69120K, 0% used [0x00000000f7900000,0x00000000f7900000,0x00000000fbc80000)
 ParOldGen       total 161280K, used 148119K [0x00000000d0000000, 0x00000000d9d80000, 0x00000000f0000000)
  object space 161280K, 91% used [0x00000000d0000000,0x00000000d90a5db0,0x00000000d9d80000)
 Metaspace       used 81770K, capacity 83980K, committed 84328K, reserved 1124352K
  class space    used 7807K, capacity 8454K, committed 8552K, reserved 1048576K

Card table byte_map: [0x0000000012260000,0x00000000123f0000] byte_map_base: 0x0000000011be0000

Marking Bits: (ParMarkBitMap*) 0x00000000516b12b0
 Begin Bits: [0x0000000012bc0000, 0x00000000137c0000)
 End Bits:   [0x00000000137c0000, 0x00000000143c0000)

Polling page: 0x00000000020a0000

CodeCache: size=245760Kb used=25669Kb max_used=25979Kb free=220090Kb
 bounds [0x0000000002ea0000, 0x0000000004840000, 0x0000000011ea0000]
 total_blobs=7920 nmethods=7156 adapters=675
 compilation: enabled

Compilation events (10 events):
Event: 49.404 Thread 0x00000000162ff000 nmethod 8409% 0x0000000003f8ccd0 code [0x0000000003f8cec0, 0x0000000003f8dd90]
Event: 49.404 Thread 0x00000000162ff000 8410       4       groovy.lang.MetaClassImpl::findPropertyMethod (356 bytes)
Event: 49.421 Thread 0x00000000162fd000 8446       2       org.codehaus.groovy.runtime.DefaultGroovyMethods::hasProperty (12 bytes)
Event: 49.423 Thread 0x00000000162fd000 nmethod 8446 0x000000000354c390 code [0x000000000354c5a0, 0x000000000354cad8]
Event: 49.432 Thread 0x00000000162fd000 8447       2       org.codehaus.groovy.grails.web.util.TagLibraryMetaUtils::registerNamespaceMetaProperty (74 bytes)
Event: 49.434 Thread 0x00000000162fd000 nmethod 8447 0x000000000405e490 code [0x000000000405e6e0, 0x000000000405ef58]
Event: 49.434 Thread 0x00000000162fd000 8448       2       org.codehaus.groovy.grails.web.pages.TagLibraryLookup::lookupNamespaceDispatcher (14 bytes)
Event: 49.434 Thread 0x00000000162fd000 nmethod 8448 0x00000000039f7c10 code [0x00000000039f7d80, 0x00000000039f7f28]
Event: 49.434 Thread 0x00000000162fd000 8449       2       org.codehaus.groovy.grails.web.util.TagLibraryMetaUtils::registerPropertyMissingForTag (50 bytes)
Event: 49.435 Thread 0x00000000162fd000 nmethod 8449 0x0000000003c80c50 code [0x0000000003c80e00, 0x0000000003c811d8]

GC Heap History (10 events):
Event: 44.992 GC heap before
{Heap before GC invocations=71 (full 8):
 PSYoungGen      total 195072K, used 175219K [0x00000000f0000000, 0x0000000100000000, 0x0000000100000000)
  eden space 132096K, 95% used [0x00000000f0000000,0x00000000f7b225f8,0x00000000f8100000)
  from space 62976K, 78% used [0x00000000fc280000,0x00000000ff27a710,0x0000000100000000)
  to   space 65024K, 0% used [0x00000000f8100000,0x00000000f8100000,0x00000000fc080000)
 ParOldGen       total 143872K, used 132544K [0x00000000d0000000, 0x00000000d8c80000, 0x00000000f0000000)
  object space 143872K, 92% used [0x00000000d0000000,0x00000000d8170160,0x00000000d8c80000)
 Metaspace       used 78954K, capacity 81018K, committed 81256K, reserved 1122304K
  class space    used 7390K, capacity 7960K, committed 8040K, reserved 1048576K
Event: 45.067 GC heap after
Heap after GC invocations=71 (full 8):
 PSYoungGen      total 183808K, used 51556K [0x00000000f0000000, 0x0000000100000000, 0x0000000100000000)
  eden space 132096K, 0% used [0x00000000f0000000,0x00000000f0000000,0x00000000f8100000)
  from space 51712K, 99% used [0x00000000f8100000,0x00000000fb359350,0x00000000fb380000)
  to   space 67584K, 0% used [0x00000000fbe00000,0x00000000fbe00000,0x0000000100000000)
 ParOldGen       total 143872K, used 132544K [0x00000000d0000000, 0x00000000d8c80000, 0x00000000f0000000)
  object space 143872K, 92% used [0x00000000d0000000,0x00000000d8170160,0x00000000d8c80000)
 Metaspace       used 78954K, capacity 81018K, committed 81256K, reserved 1122304K
  class space    used 7390K, capacity 7960K, committed 8040K, reserved 1048576K
}
Event: 45.570 GC heap before
{Heap before GC invocations=72 (full 8):
 PSYoungGen      total 183808K, used 183652K [0x00000000f0000000, 0x0000000100000000, 0x0000000100000000)
  eden space 132096K, 100% used [0x00000000f0000000,0x00000000f8100000,0x00000000f8100000)
  from space 51712K, 99% used [0x00000000f8100000,0x00000000fb359350,0x00000000fb380000)
  to   space 67584K, 0% used [0x00000000fbe00000,0x00000000fbe00000,0x0000000100000000)
 ParOldGen       total 143872K, used 132544K [0x00000000d0000000, 0x00000000d8c80000, 0x00000000f0000000)
  object space 143872K, 92% used [0x00000000d0000000,0x00000000d8170160,0x00000000d8c80000)
 Metaspace       used 79270K, capacity 81290K, committed 81512K, reserved 1122304K
  class space    used 7428K, capacity 8000K, committed 8040K, reserved 1048576K
Event: 45.635 GC heap after
Heap after GC invocations=72 (full 8):
 PSYoungGen      total 193536K, used 47471K [0x00000000f0000000, 0x0000000100000000, 0x0000000100000000)
  eden space 125952K, 0% used [0x00000000f0000000,0x00000000f0000000,0x00000000f7b00000)
  from space 67584K, 70% used [0x00000000fbe00000,0x00000000fec5bed0,0x0000000100000000)
  to   space 68096K, 0% used [0x00000000f7b00000,0x00000000f7b00000,0x00000000fbd80000)
 ParOldGen       total 143872K, used 138384K [0x00000000d0000000, 0x00000000d8c80000, 0x00000000f0000000)
  object space 143872K, 96% used [0x00000000d0000000,0x00000000d8724160,0x00000000d8c80000)
 Metaspace       used 79270K, capacity 81290K, committed 81512K, reserved 1122304K
  class space    used 7428K, capacity 8000K, committed 8040K, reserved 1048576K
}
Event: 45.635 GC heap before
{Heap before GC invocations=73 (full 9):
 PSYoungGen      total 193536K, used 47471K [0x00000000f0000000, 0x0000000100000000, 0x0000000100000000)
  eden space 125952K, 0% used [0x00000000f0000000,0x00000000f0000000,0x00000000f7b00000)
  from space 67584K, 70% used [0x00000000fbe00000,0x00000000fec5bed0,0x0000000100000000)
  to   space 68096K, 0% used [0x00000000f7b00000,0x00000000f7b00000,0x00000000fbd80000)
 ParOldGen       total 143872K, used 138384K [0x00000000d0000000, 0x00000000d8c80000, 0x00000000f0000000)
  object space 143872K, 96% used [0x00000000d0000000,0x00000000d8724160,0x00000000d8c80000)
 Metaspace       used 79270K, capacity 81290K, committed 81512K, reserved 1122304K
  class space    used 7428K, capacity 8000K, committed 8040K, reserved 1048576K
Event: 46.818 GC heap after
Heap after GC invocations=73 (full 9):
 PSYoungGen      total 193536K, used 41516K [0x00000000f0000000, 0x0000000100000000, 0x0000000100000000)
  eden space 125952K, 0% used [0x00000000f0000000,0x00000000f0000000,0x00000000f7b00000)
  from space 67584K, 61% used [0x00000000fbe00000,0x00000000fe68b130,0x0000000100000000)
  to   space 68096K, 0% used [0x00000000f7b00000,0x00000000f7b00000,0x00000000fbd80000)
 ParOldGen       total 161280K, used 143531K [0x00000000d0000000, 0x00000000d9d80000, 0x00000000f0000000)
  object space 161280K, 88% used [0x00000000d0000000,0x00000000d8c2acd8,0x00000000d9d80000)
 Metaspace       used 79259K, capacity 81272K, committed 81512K, reserved 1122304K
  class space    used 7426K, capacity 7997K, committed 8040K, reserved 1048576K
}
Event: 47.730 GC heap before
{Heap before GC invocations=74 (full 9):
 PSYoungGen      total 193536K, used 167468K [0x00000000f0000000, 0x0000000100000000, 0x0000000100000000)
  eden space 125952K, 100% used [0x00000000f0000000,0x00000000f7b00000,0x00000000f7b00000)
  from space 67584K, 61% used [0x00000000fbe00000,0x00000000fe68b130,0x0000000100000000)
  to   space 68096K, 0% used [0x00000000f7b00000,0x00000000f7b00000,0x00000000fbd80000)
 ParOldGen       total 161280K, used 143531K [0x00000000d0000000, 0x00000000d9d80000, 0x00000000f0000000)
  object space 161280K, 88% used [0x00000000d0000000,0x00000000d8c2acd8,0x00000000d9d80000)
 Metaspace       used 80617K, capacity 82738K, committed 83048K, reserved 1124352K
  class space    used 7647K, capacity 8230K, committed 8296K, reserved 1048576K
Event: 47.858 GC heap after
Heap after GC invocations=74 (full 9):
 PSYoungGen      total 175104K, used 48789K [0x00000000f0000000, 0x0000000100000000, 0x0000000100000000)
  eden space 125952K, 0% used [0x00000000f0000000,0x00000000f0000000,0x00000000f7b00000)
  from space 49152K, 99% used [0x00000000f7b00000,0x00000000faaa5458,0x00000000fab00000)
  to   space 68608K, 0% used [0x00000000fbd00000,0x00000000fbd00000,0x0000000100000000)
 ParOldGen       total 161280K, used 144711K [0x00000000d0000000, 0x00000000d9d80000, 0x00000000f0000000)
  object space 161280K, 89% used [0x00000000d0000000,0x00000000d8d51ce8,0x00000000d9d80000)
 Metaspace       used 80617K, capacity 82738K, committed 83048K, reserved 1124352K
  class space    used 7647K, capacity 8230K, committed 8296K, reserved 1048576K
}
Event: 48.716 GC heap before
{Heap before GC invocations=75 (full 9):
 PSYoungGen      total 175104K, used 174741K [0x00000000f0000000, 0x0000000100000000, 0x0000000100000000)
  eden space 125952K, 100% used [0x00000000f0000000,0x00000000f7b00000,0x00000000f7b00000)
  from space 49152K, 99% used [0x00000000f7b00000,0x00000000faaa5458,0x00000000fab00000)
  to   space 68608K, 0% used [0x00000000fbd00000,0x00000000fbd00000,0x0000000100000000)
 ParOldGen       total 161280K, used 144711K [0x00000000d0000000, 0x00000000d9d80000, 0x00000000f0000000)
  object space 161280K, 89% used [0x00000000d0000000,0x00000000d8d51ce8,0x00000000d9d80000)
 Metaspace       used 81179K, capacity 83324K, committed 83560K, reserved 1124352K
  class space    used 7720K, capacity 8293K, committed 8296K, reserved 1048576K
Event: 48.776 GC heap after
Heap after GC invocations=75 (full 9):
 PSYoungGen      total 192512K, used 49573K [0x00000000f0000000, 0x0000000100000000, 0x0000000100000000)
  eden space 123904K, 0% used [0x00000000f0000000,0x00000000f0000000,0x00000000f7900000)
  from space 68608K, 72% used [0x00000000fbd00000,0x00000000fed69508,0x0000000100000000)
  to   space 69120K, 0% used [0x00000000f7900000,0x00000000f7900000,0x00000000fbc80000)
 ParOldGen       total 161280K, used 148119K [0x00000000d0000000, 0x00000000d9d80000, 0x00000000f0000000)
  object space 161280K, 91% used [0x00000000d0000000,0x00000000d90a5db0,0x00000000d9d80000)
 Metaspace       used 81179K, capacity 83324K, committed 83560K, reserved 1124352K
  class space    used 7720K, capacity 8293K, committed 8296K, reserved 1048576K
}

Deoptimization events (10 events):
Event: 48.941 Thread 0x0000000019a33000 Uncommon trap: reason=class_check action=maybe_recompile pc=0x0000000003b6a114 method=org.codehaus.groovy.runtime.MetaClassHelper.isGenericSetMethod(Lgroovy/lang/MetaMethod;)Z @ 14
Event: 48.941 Thread 0x0000000019a33000 Uncommon trap: reason=class_check action=maybe_recompile pc=0x0000000003b6a0f4 method=groovy.lang.MetaClassImpl.isGenericGetMethod(Lgroovy/lang/MetaMethod;)Z @ 14
Event: 48.941 Thread 0x0000000019a33000 Uncommon trap: reason=class_check action=maybe_recompile pc=0x0000000003b6a114 method=org.codehaus.groovy.runtime.MetaClassHelper.isGenericSetMethod(Lgroovy/lang/MetaMethod;)Z @ 14
Event: 48.947 Thread 0x0000000019a33000 Uncommon trap: reason=class_check action=maybe_recompile pc=0x0000000003eb9ba4 method=sun.reflect.generics.factory.CoreReflectionFactory.findTypeVariable(Ljava/lang/String;)Ljava/lang/reflect/TypeVariable; @ 5
Event: 48.947 Thread 0x0000000019a33000 Uncommon trap: reason=class_check action=maybe_recompile pc=0x0000000003eb9ba4 method=sun.reflect.generics.factory.CoreReflectionFactory.findTypeVariable(Ljava/lang/String;)Ljava/lang/reflect/TypeVariable; @ 5
Event: 48.954 Thread 0x0000000019a33000 Uncommon trap: reason=class_check action=maybe_recompile pc=0x000000000480f100 method=sun.reflect.generics.scope.AbstractScope.lookup(Ljava/lang/String;)Ljava/lang/reflect/TypeVariable; @ 60
Event: 48.982 Thread 0x0000000019a33000 Uncommon trap: reason=unreached action=reinterpret pc=0x0000000003b5acc0 method=org.codehaus.groovy.runtime.metaclass.MetaMethodIndex.isNonRealMethod(Lgroovy/lang/MetaMethod;)Z @ 32
Event: 49.125 Thread 0x0000000019a33000 Uncommon trap: reason=bimorphic action=maybe_recompile pc=0x0000000003b6a15c method=groovy.lang.MetaClassImpl.checkIfStdMethod(Lgroovy/lang/MetaMethod;)V @ 123
Event: 49.198 Thread 0x0000000019a33000 Uncommon trap: reason=class_check action=maybe_recompile pc=0x0000000003b6a114 method=org.codehaus.groovy.runtime.MetaClassHelper.isGenericSetMethod(Lgroovy/lang/MetaMethod;)Z @ 14
Event: 49.198 Thread 0x0000000019a33000 Uncommon trap: reason=class_check action=maybe_recompile pc=0x0000000003b6a114 method=org.codehaus.groovy.runtime.MetaClassHelper.isGenericSetMethod(Lgroovy/lang/MetaMethod;)Z @ 14

Internal exceptions (10 events):
Event: 49.484 Thread 0x0000000019a33000 Exception <a 'java/security/PrivilegedActionException'> (0x00000000f45de070) thrown at [C:\re\workspace\8-2-build-windows-amd64-cygwin\jdk8u11\648\hotspot\src\share\vm\prims\jvm.cpp, line 1248]
Event: 49.484 Thread 0x0000000019a33000 Exception <a 'java/security/PrivilegedActionException'> (0x00000000f45e3330) thrown at [C:\re\workspace\8-2-build-windows-amd64-cygwin\jdk8u11\648\hotspot\src\share\vm\prims\jvm.cpp, line 1248]
Event: 49.486 Thread 0x0000000019a33000 Exception <a 'java/security/PrivilegedActionException'> (0x00000000f45e9b08) thrown at [C:\re\workspace\8-2-build-windows-amd64-cygwin\jdk8u11\648\hotspot\src\share\vm\prims\jvm.cpp, line 1248]
Event: 49.486 Thread 0x0000000019a33000 Exception <a 'java/security/PrivilegedActionException'> (0x00000000f45edbb8) thrown at [C:\re\workspace\8-2-build-windows-amd64-cygwin\jdk8u11\648\hotspot\src\share\vm\prims\jvm.cpp, line 1248]
Event: 49.488 Thread 0x0000000019a33000 Exception <a 'java/security/PrivilegedActionException'> (0x00000000f461a768) thrown at [C:\re\workspace\8-2-build-windows-amd64-cygwin\jdk8u11\648\hotspot\src\share\vm\prims\jvm.cpp, line 1248]
Event: 49.488 Thread 0x0000000019a33000 Exception <a 'java/security/PrivilegedActionException'> (0x00000000f461ed18) thrown at [C:\re\workspace\8-2-build-windows-amd64-cygwin\jdk8u11\648\hotspot\src\share\vm\prims\jvm.cpp, line 1248]
Event: 49.488 Thread 0x0000000019a33000 Exception <a 'java/security/PrivilegedActionException'> (0x00000000f46300f8) thrown at [C:\re\workspace\8-2-build-windows-amd64-cygwin\jdk8u11\648\hotspot\src\share\vm\prims\jvm.cpp, line 1248]
Event: 49.489 Thread 0x0000000019a33000 Exception <a 'java/security/PrivilegedActionException'> (0x00000000f4645798) thrown at [C:\re\workspace\8-2-build-windows-amd64-cygwin\jdk8u11\648\hotspot\src\share\vm\prims\jvm.cpp, line 1248]
Event: 49.489 Thread 0x0000000019a33000 Exception <a 'java/security/PrivilegedActionException'> (0x00000000f4649d48) thrown at [C:\re\workspace\8-2-build-windows-amd64-cygwin\jdk8u11\648\hotspot\src\share\vm\prims\jvm.cpp, line 1248]
Event: 49.489 Thread 0x0000000019a33000 Exception <a 'java/security/PrivilegedActionException'> (0x00000000f465b128) thrown at [C:\re\workspace\8-2-build-windows-amd64-cygwin\jdk8u11\648\hotspot\src\share\vm\prims\jvm.cpp, line 1248]

Events (10 events):
Event: 49.483 loading class org/springframework/validation/ErrorsCustomizer
Event: 49.483 loading class org/springframework/validation/ErrorsCustomizer done
Event: 49.484 loading class groovy/runtime/metaclass/org/springframework/validation/BeanPropertyBindingResultMetaClass
Event: 49.484 loading class groovy/runtime/metaclass/org/springframework/validation/BeanPropertyBindingResultMetaClass done
Event: 49.485 loading class org/springframework/validation/MessageCodesResolver
Event: 49.485 loading class org/springframework/validation/MessageCodesResolver done
Event: 49.488 loading class org/springframework/validation/BeanPropertyBindingResultBeanInfo
Event: 49.488 loading class org/springframework/validation/BeanPropertyBindingResultBeanInfo done
Event: 49.489 loading class org/springframework/validation/BeanPropertyBindingResultBeanInfo
Event: 49.489 loading class org/springframework/validation/BeanPropertyBindingResultBeanInfo done


Dynamic libraries:
0x000000013fdd0000 - 0x000000013fe04000 	C:\Program Files\Java\jdk1.8.0_11\bin\java.exe
0x0000000076d60000 - 0x0000000076f09000 	C:\Windows\SYSTEM32\ntdll.dll
0x0000000076760000 - 0x000000007687f000 	C:\Windows\system32\kernel32.dll
0x000007fefd480000 - 0x000007fefd4ec000 	C:\Windows\system32\KERNELBASE.dll
0x000007fefdf40000 - 0x000007fefe01b000 	C:\Windows\system32\ADVAPI32.dll
0x000007fefe1a0000 - 0x000007fefe23f000 	C:\Windows\system32\msvcrt.dll
0x000007fefe100000 - 0x000007fefe11f000 	C:\Windows\SYSTEM32\sechost.dll
0x000007fefdc30000 - 0x000007fefdd5d000 	C:\Windows\system32\RPCRT4.dll
0x0000000076660000 - 0x000000007675a000 	C:\Windows\system32\USER32.dll
0x000007fefda90000 - 0x000007fefdaf7000 	C:\Windows\system32\GDI32.dll
0x000007fefe240000 - 0x000007fefe24e000 	C:\Windows\system32\LPK.dll
0x000007fefd680000 - 0x000007fefd749000 	C:\Windows\system32\USP10.dll
0x000007fefb7b0000 - 0x000007fefb9a4000 	C:\Windows\WinSxS\amd64_microsoft.windows.common-controls_6595b64144ccf1df_6.0.7601.17514_none_fa396087175ac9ac\COMCTL32.dll
0x000007fefe120000 - 0x000007fefe191000 	C:\Windows\system32\SHLWAPI.dll
0x000007fefd9c0000 - 0x000007fefd9ee000 	C:\Windows\system32\IMM32.DLL
0x000007fefdb00000 - 0x000007fefdc09000 	C:\Windows\system32\MSCTF.dll
0x0000000180000000 - 0x000000018001c000 	C:\Windows\system32\btpload64.dll
0x0000000076f20000 - 0x0000000076f27000 	C:\Windows\system32\PSAPI.DLL
0x0000000001b60000 - 0x0000000001b8c000 	C:\Windows\system32\privman64.dll
0x000007fefd110000 - 0x000007fefd11c000 	C:\Windows\system32\VERSION.dll
0x000007fefe250000 - 0x000007fefefd9000 	C:\Windows\system32\SHELL32.dll
0x000007fefd0f0000 - 0x000007fefd10e000 	C:\Windows\system32\USERENV.dll
0x000007fefd1c0000 - 0x000007fefd1cf000 	C:\Windows\system32\profapi.dll
0x000000006e690000 - 0x000000006e762000 	C:\Program Files\Java\jdk1.8.0_11\jre\bin\msvcr100.dll
0x0000000050f00000 - 0x000000005172a000 	C:\Program Files\Java\jdk1.8.0_11\jre\bin\server\jvm.dll
0x000007fefc680000 - 0x000007fefc689000 	C:\Windows\system32\WSOCK32.dll
0x000007fefd630000 - 0x000007fefd67d000 	C:\Windows\system32\WS2_32.dll
0x000007fefefe0000 - 0x000007fefefe8000 	C:\Windows\system32\NSI.dll
0x000007fefa840000 - 0x000007fefa87b000 	C:\Windows\system32\WINMM.dll
0x000000006fca0000 - 0x000000006fcaf000 	C:\Program Files\Java\jdk1.8.0_11\jre\bin\verify.dll
0x000000006fc40000 - 0x000000006fc68000 	C:\Program Files\Java\jdk1.8.0_11\jre\bin\java.dll
0x000000006b110000 - 0x000000006b133000 	C:\Program Files\Java\jdk1.8.0_11\jre\bin\instrument.dll
0x000000006fc20000 - 0x000000006fc36000 	C:\Program Files\Java\jdk1.8.0_11\jre\bin\zip.dll
0x000007fefd7b0000 - 0x000007fefd9b3000 	C:\Windows\system32\ole32.dll
0x000007fefca40000 - 0x000007fefca57000 	C:\Windows\system32\CRYPTSP.dll
0x000007fefc740000 - 0x000007fefc787000 	C:\Windows\system32\rsaenh.dll
0x000007fefd0c0000 - 0x000007fefd0cf000 	C:\Windows\system32\CRYPTBASE.dll
0x000000006fb30000 - 0x000000006fb4a000 	C:\Program Files\Java\jdk1.8.0_11\jre\bin\net.dll
0x000007fefc9e0000 - 0x000007fefca35000 	C:\Windows\system32\mswsock.dll
0x000007fefc9d0000 - 0x000007fefc9d7000 	C:\Windows\System32\wship6.dll
0x000007fefc160000 - 0x000007fefc187000 	C:\Windows\system32\IPHLPAPI.DLL
0x000007fefc150000 - 0x000007fefc15b000 	C:\Windows\system32\WINNSI.DLL
0x000007fefa800000 - 0x000007fefa818000 	C:\Windows\system32\dhcpcsvc.DLL
0x000007fefa770000 - 0x000007fefa781000 	C:\Windows\system32\dhcpcsvc6.DLL
0x000000006fb10000 - 0x000000006fb21000 	C:\Program Files\Java\jdk1.8.0_11\jre\bin\nio.dll
0x000007fef59c0000 - 0x000007fef59ca000 	C:\Users\rgopal\AppData\Local\Temp\jansi-64-6043039396427331803.dll
0x000000006fcd0000 - 0x000000006fcdd000 	C:\Program Files\Java\jdk1.8.0_11\jre\bin\management.dll
0x000007fefc280000 - 0x000007fefc287000 	C:\Windows\System32\wshtcpip.dll
0x000007fefc860000 - 0x000007fefc8bb000 	C:\Windows\system32\DNSAPI.dll
0x0000000074430000 - 0x0000000074456000 	C:\Program Files\Bonjour\mdnsNSP.dll
0x000007fefa700000 - 0x000007fefa708000 	C:\Windows\system32\rasadhlp.dll
0x000007fefa710000 - 0x000007fefa763000 	C:\Windows\System32\fwpuclnt.dll
0x000007fefa950000 - 0x000007fefa965000 	C:\Windows\system32\NLAapi.dll
0x000007fefa930000 - 0x000007fefa945000 	C:\Windows\system32\napinsp.dll
0x000007fefa880000 - 0x000007fefa899000 	C:\Windows\system32\pnrpnsp.dll
0x000007fefa830000 - 0x000007fefa83b000 	C:\Windows\System32\winrnr.dll
0x000007fefa820000 - 0x000007fefa830000 	C:\Windows\system32\wshbth.dll
0x000007fef5840000 - 0x000007fef5965000 	C:\Windows\system32\dbghelp.dll

VM Arguments:
jvm_args: -Dfile.encoding=UTF-8 -Xmx768M -Xms64M -Dgrails.fork.parent.process.port=51026 -Dgrails.fork.active=true -Dgrails.build.execution.context=C:\Users\rgopal\AppData\Local\Temp\central729810879158877199grails-execution-context -Dgrails.home=C:\Users\rgopal\Documents\grails-2.4.4\grails-2.4.4 -javaagent:C:\Users\rgopal\Documents\grails-2.4.4\grails-2.4.4\lib\org.springframework\springloaded\jars\springloaded-1.2.1.RELEASE.jar -Xverify:none -Dspringloaded.synchronize=true -Djdk.reflect.allowGetCallerClass=true -Dspringloaded=profile=grails;cacheDir=C:\Users\rgopal/.grails/2.4.4/ 
java_command: org.grails.plugins.tomcat.fork.ForkedTomcatServer
java_class_path (initial): C:\Program Files\Java\jdk1.8.0_11\lib\tools.jar;C:\Users\rgopal\Documents\grails-2.4.4\grails-2.4.4\lib\org.codehaus.groovy\groovy-all\jars\groovy-all-2.3.7.jar;C:\Users\rgopal\Documents\grails-2.4.4\grails-2.4.4\lib\org.slf4j\jcl-over-slf4j\jars\jcl-over-slf4j-1.7.5.jar;C:\Users\rgopal\Documents\grails-2.4.4\grails-2.4.4\lib\org.codehaus.gant\gant_groovy1.8\jars\gant_groovy1.8-1.9.6.jar;C:\Users\rgopal\Documents\grails-2.4.4\grails-2.4.4\lib\org.apache.tomcat.embed\tomcat-embed-logging-log4j\jars\tomcat-embed-logging-log4j-7.0.50.jar;C:\Users\rgopal\Documents\grails-2.4.4\grails-2.4.4\dist\grails-plugin-log4j-2.4.4.jar;C:\Users\rgopal\Documents\grails-2.4.4\grails-2.4.4\lib\log4j\log4j\jars\log4j-1.2.17.jar;C:\Users\rgopal\Documents\grails-2.4.4\grails-2.4.4\dist\grails-bootstrap-2.4.4.jar;C:\Users\rgopal\Documents\grails-2.4.4\grails-2.4.4\lib\org.slf4j\slf4j-api\jars\slf4j-api-1.7.5.jar;C:\Users\rgopal\Documents\grails-2.4.4\grails-2.4.4\lib\jline\jline\jars\jline-2.12.jar;C:\Users\rgopal\Documents\grails-2.4.4\grails-2.4.4\lib\org.apache.ant\ant\jars\ant-1.8.4.jar;C:\Users\rgopal\Documents\grails-2.4.4\grails-2.4.4\lib\org.apache.ant\ant-launcher\jars\ant-launcher-1.8.4.jar;C:\Users\rgopal\Documents\grails-2.4.4\grails-2.4.4\lib\org.apache.ant\ant-trax\jars\ant-trax-1.7.1.jar;C:\Users\rgopal\Documents\grails-2.4.4\grails-2.4.4\lib\org.apache.ant\ant-junit\jars\ant-junit-1.8.4.jar;C:\Users\rgopal\Documents\grails-2.4.4\grails-2.4.4\lib\org.apache.ivy\ivy\jars\ivy-2.3.0.jar;C:\Users\rgopal\Documents\grails-2.4.4\grails-2.4.4\lib\org.fusesource.jansi\jansi\jars\jansi-1.11.jar;C:\Users\rgopal\.m2\repository\org\apache\tomcat\tomcat-catalina-ant\7.0.55\tomcat-catalina-ant-7.0.55.jar;C:\Users\rgopal\.m2\repository\org\apache\tomcat\embed\tomcat-embed-jasper\7.0.55\tomcat-embed-jasper-7.0.55.jar;C:\Users\rgopal\.m2\repository\org\apache\tomcat\embed\tomcat-embed-el\7.0.55\tomcat-embed-el-7.0.55.jar;C:\Users\rgopal\.m2\repository\org\apache\
Launcher Type: SUN_STANDARD

Environment Variables:
JAVA_HOME=C:\Program Files\Java\jdk1.8.0_11
PATH=C:\Windows\system32;C:\Windows;C:\Windows\System32\Wbem;C:\Windows\System32\WindowsPowerShell\v1.0\;C:\users\rgopal\My Documents\springsource\grails-2.3.5\bin\;c:\Program Files\Java\jdk1.7.0_51\bin\;C:\Program Files (x86)\MiKTeX 2.9\miktex\bin\
USERNAME=rgopal
OS=Windows_NT
PROCESSOR_IDENTIFIER=Intel64 Family 6 Model 37 Stepping 5, GenuineIntel



---------------  S Y S T E M  ---------------

OS: Windows 7 , 64 bit Build 7601 Service Pack 1

CPU:total 4 (2 cores per cpu, 2 threads per core) family 6 model 37 stepping 5, cmov, cx8, fxsr, mmx, sse, sse2, sse3, ssse3, sse4.1, sse4.2, popcnt, aes, clmul, ht, tsc, tscinvbit

Memory: 4k page, physical 8181608k(1752952k free), swap 16361352k(7061072k free)

vm_info: Java HotSpot(TM) 64-Bit Server VM (25.11-b03) for windows-amd64 JRE (1.8.0_11-b12), built on Jun 16 2014 20:57:32 by "java_re" with MS VC++ 10.0 (VS2010)

time: Sat Jun 20 11:07:54 2015
elapsed time: 49 seconds

