#
# A fatal error has been detected by the Java Runtime Environment:
#
#  EXCEPTION_ACCESS_VIOLATION (0xc0000005) at pc=0x0000000070774db2, pid=3568, tid=10888
#
# JRE version: Java(TM) SE Runtime Environment (8.0_11-b12) (build 1.8.0_11-b12)
# Java VM: Java HotSpot(TM) 64-Bit Server VM (25.11-b03 mixed mode windows-amd64 compressed oops)
# Problematic frame:
# V  [jvm.dll+0x424db2]
#
# Failed to write core dump. Minidumps are not enabled by default on client versions of Windows
#
# If you would like to submit a bug report, please visit:
#   http://bugreport.sun.com/bugreport/crash.jsp
#

---------------  T H R E A D  ---------------

Current thread (0x000000005602b800):  JavaThread "C2 CompilerThread1" daemon [_thread_in_native, id=10888, stack(0x00000000568e0000,0x00000000569e0000)]

siginfo: ExceptionCode=0xc0000005, reading address 0x0000000000000000

Registers:
RAX=0x000000005b05cdc8, RBX=0x0000000000000600, RCX=0x0000000000000000, RDX=0x000000005b3f6960
RSP=0x00000000569dc460, RBP=0x00000000000000c0, RSI=0x00000000000000b8, RDI=0x0000000000000000
R8 =0x0000000070350000, R9 =0x00000000569dc780, R10=0x00000000ffffffff, R11=0x00000000560b38b0
R12=0x000000005b05d4d0, R13=0x000000005b1edc78, R14=0x0000000000000008, R15=0x000000005b1edc78
RIP=0x0000000070774db2, EFLAGS=0x0000000000010206

Top of Stack: (sp=0x00000000569dc460)
0x00000000569dc460:   00000000000000da 000000005b3f2170
0x00000000569dc470:   0000000000000060 0000000000000400
0x00000000569dc480:   0000000000000001 0000000000000600
0x00000000569dc490:   0000000000000180 00000000000000c0
0x00000000569dc4a0:   000000005cc1a4a0 000000005602cd60
0x00000000569dc4b0:   00000000000006b8 000000005b3f2170
0x00000000569dc4c0:   00000000569dc780 000000005b059f40
0x00000000569dc4d0:   0000000000000020 0000000000000009
0x00000000569dc4e0:   000000005b05d4a0 00000000000000da
0x00000000569dc4f0:   000000005b1edc78 000000007077598d
0x00000000569dc500:   000000005b05d4a0 000000000000001c
0x00000000569dc510:   00000000000000da 00000000569dc780
0x00000000569dc520:   000000005b3f6960 00000000000000da
0x00000000569dc530:   000000005b059f40 0000000000000020
0x00000000569dc540:   00000000586f6e58 00000000569deaf0
0x00000000569dc550:   00000000586f7488 000000005b05d4a0 

Instructions: (pc=0x0000000070774db2)
0x0000000070774d92:   c6 48 63 f0 48 03 f1 eb 04 48 83 ce ff 48 8b 84
0x0000000070774da2:   24 a0 00 00 00 48 8b 40 08 48 8b 3c 03 48 8b cf
0x0000000070774db2:   48 8b 07 ff 50 28 4c 8d 05 41 b2 bd ff 48 63 50
0x0000000070774dc2:   10 4c 8b d8 48 8b ca 48 c1 e1 05 42 80 bc 01 c0 


Register to memory mapping:

RAX=0x000000005b05cdc8 is an unknown value
RBX=0x0000000000000600 is an unknown value
RCX=0x0000000000000000 is an unknown value
RDX=0x000000005b3f6960 is an unknown value
RSP=0x00000000569dc460 is pointing into the stack for thread: 0x000000005602b800
RBP=0x00000000000000c0 is an unknown value
RSI=0x00000000000000b8 is an unknown value
RDI=0x0000000000000000 is an unknown value
R8 =0x0000000070350000 is an unknown value
R9 =0x00000000569dc780 is pointing into the stack for thread: 0x000000005602b800
R10=0x00000000ffffffff is an unknown value
R11=0x00000000560b38b0 is an unknown value
R12=0x000000005b05d4d0 is an unknown value
R13=0x000000005b1edc78 is an unknown value
R14=0x0000000000000008 is an unknown value
R15=0x000000005b1edc78 is an unknown value


Stack: [0x00000000568e0000,0x00000000569e0000],  sp=0x00000000569dc460,  free space=1009k
Native frames: (J=compiled Java code, j=interpreted, Vv=VM code, C=native code)
V  [jvm.dll+0x424db2]
V  [jvm.dll+0x42598d]
V  [jvm.dll+0x425ecf]
V  [jvm.dll+0x4c5a84]
V  [jvm.dll+0x4415bc]
V  [jvm.dll+0x443a29]
V  [jvm.dll+0x427722]
V  [jvm.dll+0x96982]
V  [jvm.dll+0x97173]
V  [jvm.dll+0x2234b4]
V  [jvm.dll+0x27bcca]
C  [msvcr100.dll+0x21d9f]
C  [msvcr100.dll+0x21e3b]
C  [kernel32.dll+0x159ed]
C  [ntdll.dll+0x2c541]


Current CompileTask:
C2:  55671 6603       4       groovy.lang.MetaClassImpl::findPropertyMethod (356 bytes)


---------------  P R O C E S S  ---------------

Java Threads: ( => current thread )
  0x000000005cfb7800 JavaThread "com.oumuo.SecurityGroup.data" daemon [_thread_blocked, id=10840, stack(0x00000000602c0000,0x00000000603c0000)]
  0x000000005cfb6800 JavaThread "com.oumuo.Authority.data" daemon [_thread_blocked, id=4488, stack(0x000000005f730000,0x000000005f830000)]
  0x000000005895b000 JavaThread "net.sf.ehcache.CacheManager@65e5bd78" daemon [_thread_blocked, id=4424, stack(0x000000005f8f0000,0x000000005f9f0000)]
  0x0000000059434000 JavaThread "PoolCleaner[1070157899:1429189816963]" daemon [_thread_blocked, id=4220, stack(0x000000005f000000,0x000000005f100000)]
  0x0000000058373000 JavaThread "FileSystemWatcher: files=#277 cl=groovy.lang.GroovyClassLoader@3fc9504b" daemon [_thread_blocked, id=1752, stack(0x000000005b6c0000,0x000000005b7c0000)]
  0x000000005989c800 JavaThread "localhost-startStop-1" daemon [_thread_in_vm, id=11104, stack(0x000000005a5d0000,0x000000005a6d0000)]
  0x000000005989b800 JavaThread "Tomcat-startStop-1" daemon [_thread_blocked, id=11928, stack(0x000000005bd10000,0x000000005be10000)]
  0x00000000582d8000 JavaThread "Thread-3" [_thread_in_native, id=11428, stack(0x000000005b990000,0x000000005ba90000)]
  0x0000000058236800 JavaThread "Thread-2" [_thread_blocked, id=1520, stack(0x000000005b7d0000,0x000000005b8d0000)]
  0x00000000572ae800 JavaThread "NonBlockingInputStreamThread" daemon [_thread_blocked, id=10852, stack(0x0000000057a40000,0x0000000057b40000)]
  0x00000000561b1000 JavaThread "Service Thread" daemon [_thread_blocked, id=10268, stack(0x0000000056ba0000,0x0000000056ca0000)]
  0x00000000560a9000 JavaThread "C1 CompilerThread2" daemon [_thread_blocked, id=7288, stack(0x00000000567e0000,0x00000000568e0000)]
=>0x000000005602b800 JavaThread "C2 CompilerThread1" daemon [_thread_in_native, id=10888, stack(0x00000000568e0000,0x00000000569e0000)]
  0x000000005602a800 JavaThread "C2 CompilerThread0" daemon [_thread_in_native, id=5516, stack(0x00000000563c0000,0x00000000564c0000)]
  0x0000000055fb7000 JavaThread "Attach Listener" daemon [_thread_blocked, id=11128, stack(0x0000000056660000,0x0000000056760000)]
  0x0000000054c09800 JavaThread "Signal Dispatcher" daemon [_thread_blocked, id=11656, stack(0x0000000056540000,0x0000000056640000)]
  0x0000000054ba1000 JavaThread "Finalizer" daemon [_thread_blocked, id=12112, stack(0x0000000055eb0000,0x0000000055fb0000)]
  0x0000000054b9b800 JavaThread "Reference Handler" daemon [_thread_blocked, id=7260, stack(0x0000000055c10000,0x0000000055d10000)]
  0x00000000027ca000 JavaThread "main" [_thread_blocked, id=12068, stack(0x0000000002bc0000,0x0000000002cc0000)]

Other Threads:
  0x0000000054b98000 VMThread [stack: 0x0000000055d20000,0x0000000055e20000] [id=6628]
  0x00000000561b5000 WatcherThread [stack: 0x0000000056cf0000,0x0000000056df0000] [id=11628]

VM state:not at safepoint (normal execution)

VM Mutex/Monitor currently owned by a thread: None

Heap:
 PSYoungGen      total 210944K, used 181548K [0x00000000f0000000, 0x0000000100000000, 0x0000000100000000)
  eden space 167936K, 86% used [0x00000000f0000000,0x00000000f8d69138,0x00000000fa400000)
  from space 43008K, 85% used [0x00000000fd600000,0x00000000ff9e2060,0x0000000100000000)
  to   space 47104K, 0% used [0x00000000fa400000,0x00000000fa400000,0x00000000fd200000)
 ParOldGen       total 114688K, used 95591K [0x00000000d0000000, 0x00000000d7000000, 0x00000000f0000000)
  object space 114688K, 83% used [0x00000000d0000000,0x00000000d5d59c70,0x00000000d7000000)
 Metaspace       used 69590K, capacity 71312K, committed 71552K, reserved 1114112K
  class space    used 7291K, capacity 7799K, committed 7808K, reserved 1048576K

Card table byte_map: [0x0000000012080000,0x0000000012210000] byte_map_base: 0x0000000011a00000

Marking Bits: (ParMarkBitMap*) 0x0000000070b012b0
 Begin Bits: [0x0000000012a10000, 0x0000000013610000)
 End Bits:   [0x0000000013610000, 0x0000000014210000)

Polling page: 0x0000000001fa0000

CodeCache: size=245760Kb used=20949Kb max_used=20974Kb free=224810Kb
 bounds [0x0000000002cc0000, 0x0000000004150000, 0x0000000011cc0000]
 total_blobs=6563 nmethods=5799 adapters=675
 compilation: enabled

Compilation events (10 events):
Event: 55.495 Thread 0x00000000560a9000 6625       2       groovy.lang.ExpandoMetaClass$3::call (244 bytes)
Event: 55.497 Thread 0x00000000560a9000 nmethod 6625 0x0000000004129490 code [0x0000000004129720, 0x0000000004129ff8]
Event: 55.497 Thread 0x00000000560a9000 6626       2       groovy.lang.ExpandoMetaClass::access$400 (5 bytes)
Event: 55.498 Thread 0x00000000560a9000 nmethod 6626 0x000000000412a8d0 code [0x000000000412aa40, 0x000000000412ab88]
Event: 55.501 Thread 0x00000000560a9000 6627       2       org.springsource.loaded.SSMgr::<init> (16 bytes)
Event: 55.503 Thread 0x00000000560a9000 nmethod 6627 0x000000000412ac50 code [0x000000000412ada0, 0x000000000412af70]
Event: 55.594 Thread 0x000000005602b800 nmethod 6172 0x0000000004136510 code [0x0000000004136d40, 0x000000000413f288]
Event: 55.594 Thread 0x000000005602b800 6600       4       org.codehaus.groovy.runtime.metaclass.MetaMethodIndex::isMatchingMethod (68 bytes)
Event: 55.597 Thread 0x000000005602b800 nmethod 6600 0x00000000041333d0 code [0x0000000004133520, 0x0000000004133658]
Event: 55.597 Thread 0x000000005602b800 6603       4       groovy.lang.MetaClassImpl::findPropertyMethod (356 bytes)

GC Heap History (10 events):
Event: 48.176 GC heap before
{Heap before GC invocations=53 (full 6):
 PSYoungGen      total 215552K, used 215011K [0x00000000f0000000, 0x0000000100000000, 0x0000000100000000)
  eden space 183296K, 99% used [0x00000000f0000000,0x00000000fb27c9c0,0x00000000fb300000)
  from space 32256K, 99% used [0x00000000fe080000,0x00000000ffffc470,0x0000000100000000)
  to   space 39424K, 0% used [0x00000000fb300000,0x00000000fb300000,0x00000000fd980000)
 ParOldGen       total 95744K, used 79365K [0x00000000d0000000, 0x00000000d5d80000, 0x00000000f0000000)
  object space 95744K, 82% used [0x00000000d0000000,0x00000000d4d81438,0x00000000d5d80000)
 Metaspace       used 65453K, capacity 67150K, committed 67456K, reserved 1110016K
  class space    used 6750K, capacity 7241K, committed 7296K, reserved 1048576K
Event: 48.293 GC heap after
Heap after GC invocations=53 (full 6):
 PSYoungGen      total 210432K, used 27019K [0x00000000f0000000, 0x0000000100000000, 0x0000000100000000)
  eden space 183296K, 0% used [0x00000000f0000000,0x00000000f0000000,0x00000000fb300000)
  from space 27136K, 99% used [0x00000000fb300000,0x00000000fcd62c88,0x00000000fcd80000)
  to   space 40960K, 0% used [0x00000000fd800000,0x00000000fd800000,0x0000000100000000)
 ParOldGen       total 95744K, used 91616K [0x00000000d0000000, 0x00000000d5d80000, 0x00000000f0000000)
  object space 95744K, 95% used [0x00000000d0000000,0x00000000d5978170,0x00000000d5d80000)
 Metaspace       used 65453K, capacity 67150K, committed 67456K, reserved 1110016K
  class space    used 6750K, capacity 7241K, committed 7296K, reserved 1048576K
}
Event: 48.293 GC heap before
{Heap before GC invocations=54 (full 7):
 PSYoungGen      total 210432K, used 27019K [0x00000000f0000000, 0x0000000100000000, 0x0000000100000000)
  eden space 183296K, 0% used [0x00000000f0000000,0x00000000f0000000,0x00000000fb300000)
  from space 27136K, 99% used [0x00000000fb300000,0x00000000fcd62c88,0x00000000fcd80000)
  to   space 40960K, 0% used [0x00000000fd800000,0x00000000fd800000,0x0000000100000000)
 ParOldGen       total 95744K, used 91616K [0x00000000d0000000, 0x00000000d5d80000, 0x00000000f0000000)
  object space 95744K, 95% used [0x00000000d0000000,0x00000000d5978170,0x00000000d5d80000)
 Metaspace       used 65453K, capacity 67150K, committed 67456K, reserved 1110016K
  class space    used 6750K, capacity 7241K, committed 7296K, reserved 1048576K
Event: 49.761 GC heap after
Heap after GC invocations=54 (full 7):
 PSYoungGen      total 210432K, used 21728K [0x00000000f0000000, 0x0000000100000000, 0x0000000100000000)
  eden space 183296K, 0% used [0x00000000f0000000,0x00000000f0000000,0x00000000fb300000)
  from space 27136K, 80% used [0x00000000fb300000,0x00000000fc8381b8,0x00000000fcd80000)
  to   space 40960K, 0% used [0x00000000fd800000,0x00000000fd800000,0x0000000100000000)
 ParOldGen       total 114688K, used 95575K [0x00000000d0000000, 0x00000000d7000000, 0x00000000f0000000)
  object space 114688K, 83% used [0x00000000d0000000,0x00000000d5d55c70,0x00000000d7000000)
 Metaspace       used 65453K, capacity 67150K, committed 67456K, reserved 1110016K
  class space    used 6750K, capacity 7241K, committed 7296K, reserved 1048576K
}
Event: 50.898 GC heap before
{Heap before GC invocations=55 (full 7):
 PSYoungGen      total 210432K, used 205024K [0x00000000f0000000, 0x0000000100000000, 0x0000000100000000)
  eden space 183296K, 100% used [0x00000000f0000000,0x00000000fb300000,0x00000000fb300000)
  from space 27136K, 80% used [0x00000000fb300000,0x00000000fc8381b8,0x00000000fcd80000)
  to   space 40960K, 0% used [0x00000000fd800000,0x00000000fd800000,0x0000000100000000)
 ParOldGen       total 114688K, used 95575K [0x00000000d0000000, 0x00000000d7000000, 0x00000000f0000000)
  object space 114688K, 83% used [0x00000000d0000000,0x00000000d5d55c70,0x00000000d7000000)
 Metaspace       used 66299K, capacity 67970K, committed 68352K, reserved 1110016K
  class space    used 6862K, capacity 7356K, committed 7424K, reserved 1048576K
Event: 51.158 GC heap after
Heap after GC invocations=55 (full 7):
 PSYoungGen      total 221696K, used 23220K [0x00000000f0000000, 0x0000000100000000, 0x0000000100000000)
  eden space 180736K, 0% used [0x00000000f0000000,0x00000000f0000000,0x00000000fb080000)
  from space 40960K, 56% used [0x00000000fd800000,0x00000000feead1b0,0x0000000100000000)
  to   space 40448K, 0% used [0x00000000fb080000,0x00000000fb080000,0x00000000fd800000)
 ParOldGen       total 114688K, used 95583K [0x00000000d0000000, 0x00000000d7000000, 0x00000000f0000000)
  object space 114688K, 83% used [0x00000000d0000000,0x00000000d5d57c70,0x00000000d7000000)
 Metaspace       used 66299K, capacity 67970K, committed 68352K, reserved 1110016K
  class space    used 6862K, capacity 7356K, committed 7424K, reserved 1048576K
}
Event: 53.392 GC heap before
{Heap before GC invocations=56 (full 7):
 PSYoungGen      total 221696K, used 203956K [0x00000000f0000000, 0x0000000100000000, 0x0000000100000000)
  eden space 180736K, 100% used [0x00000000f0000000,0x00000000fb080000,0x00000000fb080000)
  from space 40960K, 56% used [0x00000000fd800000,0x00000000feead1b0,0x0000000100000000)
  to   space 40448K, 0% used [0x00000000fb080000,0x00000000fb080000,0x00000000fd800000)
 ParOldGen       total 114688K, used 95583K [0x00000000d0000000, 0x00000000d7000000, 0x00000000f0000000)
  object space 114688K, 83% used [0x00000000d0000000,0x00000000d5d57c70,0x00000000d7000000)
 Metaspace       used 67200K, capacity 68914K, committed 69248K, reserved 1112064K
  class space    used 6952K, capacity 7432K, committed 7552K, reserved 1048576K
Event: 53.569 GC heap after
Heap after GC invocations=56 (full 7):
 PSYoungGen      total 211968K, used 31213K [0x00000000f0000000, 0x0000000100000000, 0x0000000100000000)
  eden space 180736K, 0% used [0x00000000f0000000,0x00000000f0000000,0x00000000fb080000)
  from space 31232K, 99% used [0x00000000fb080000,0x00000000fcefb758,0x00000000fcf00000)
  to   space 43008K, 0% used [0x00000000fd600000,0x00000000fd600000,0x0000000100000000)
 ParOldGen       total 114688K, used 95583K [0x00000000d0000000, 0x00000000d7000000, 0x00000000f0000000)
  object space 114688K, 83% used [0x00000000d0000000,0x00000000d5d57c70,0x00000000d7000000)
 Metaspace       used 67200K, capacity 68914K, committed 69248K, reserved 1112064K
  class space    used 6952K, capacity 7432K, committed 7552K, reserved 1048576K
}
Event: 54.561 GC heap before
{Heap before GC invocations=57 (full 7):
 PSYoungGen      total 211968K, used 204266K [0x00000000f0000000, 0x0000000100000000, 0x0000000100000000)
  eden space 180736K, 95% used [0x00000000f0000000,0x00000000fa8ff278,0x00000000fb080000)
  from space 31232K, 99% used [0x00000000fb080000,0x00000000fcefb758,0x00000000fcf00000)
  to   space 43008K, 0% used [0x00000000fd600000,0x00000000fd600000,0x0000000100000000)
 ParOldGen       total 114688K, used 95583K [0x00000000d0000000, 0x00000000d7000000, 0x00000000f0000000)
  object space 114688K, 83% used [0x00000000d0000000,0x00000000d5d57c70,0x00000000d7000000)
 Metaspace       used 68668K, capacity 70328K, committed 70656K, reserved 1112064K
  class space    used 7165K, capacity 7625K, committed 7680K, reserved 1048576K
Event: 54.656 GC heap after
Heap after GC invocations=57 (full 7):
 PSYoungGen      total 210944K, used 36744K [0x00000000f0000000, 0x0000000100000000, 0x0000000100000000)
  eden space 167936K, 0% used [0x00000000f0000000,0x00000000f0000000,0x00000000fa400000)
  from space 43008K, 85% used [0x00000000fd600000,0x00000000ff9e2060,0x0000000100000000)
  to   space 47104K, 0% used [0x00000000fa400000,0x00000000fa400000,0x00000000fd200000)
 ParOldGen       total 114688K, used 95591K [0x00000000d0000000, 0x00000000d7000000, 0x00000000f0000000)
  object space 114688K, 83% used [0x00000000d0000000,0x00000000d5d59c70,0x00000000d7000000)
 Metaspace       used 68668K, capacity 70328K, committed 70656K, reserved 1112064K
  class space    used 7165K, capacity 7625K, committed 7680K, reserved 1048576K
}

Deoptimization events (10 events):
Event: 45.978 Thread 0x000000005989c800 Uncommon trap: reason=bimorphic action=maybe_recompile pc=0x0000000003d578ec method=groovy.lang.MetaClassImpl$1MOPIter.methodNameAction(Ljava/lang/Class;Lorg/codehaus/groovy/runtime/metaclass/MetaMethodIndex$Entry;)V @ 268
Event: 45.978 Thread 0x000000005989c800 Uncommon trap: reason=bimorphic action=maybe_recompile pc=0x0000000003d578ec method=groovy.lang.MetaClassImpl$1MOPIter.methodNameAction(Ljava/lang/Class;Lorg/codehaus/groovy/runtime/metaclass/MetaMethodIndex$Entry;)V @ 268
Event: 45.978 Thread 0x000000005989c800 Uncommon trap: reason=bimorphic action=maybe_recompile pc=0x0000000003d578ec method=groovy.lang.MetaClassImpl$1MOPIter.methodNameAction(Ljava/lang/Class;Lorg/codehaus/groovy/runtime/metaclass/MetaMethodIndex$Entry;)V @ 268
Event: 45.978 Thread 0x000000005989c800 Uncommon trap: reason=bimorphic action=maybe_recompile pc=0x0000000003d578ec method=groovy.lang.MetaClassImpl$1MOPIter.methodNameAction(Ljava/lang/Class;Lorg/codehaus/groovy/runtime/metaclass/MetaMethodIndex$Entry;)V @ 268
Event: 46.457 Thread 0x000000005989c800 Uncommon trap: reason=null_assert action=make_not_entrant pc=0x0000000003b37528 method=java.util.concurrent.ConcurrentHashMap.transfer([Ljava/util/concurrent/ConcurrentHashMap$Node;[Ljava/util/concurrent/ConcurrentHashMap$Node;)V @ 557
Event: 51.534 Thread 0x000000005989c800 Uncommon trap: reason=unreached action=reinterpret pc=0x0000000002dc4774 method=org.codehaus.groovy.runtime.metaclass.MetaMethodIndex.getMethods(Ljava/lang/Class;Ljava/lang/String;)Lorg/codehaus/groovy/runtime/metaclass/MetaMethodIndex$Entry; @ 61
Event: 52.075 Thread 0x000000005989c800 Uncommon trap: reason=unloaded action=reinterpret pc=0x000000000406f43c method=org.springframework.core.BridgeMethodResolver.findBridgedMethod(Ljava/lang/reflect/Method;)Ljava/lang/reflect/Method; @ 13
Event: 54.241 Thread 0x000000005989c800 Uncommon trap: reason=unreached action=reinterpret pc=0x00000000040462e8 method=org.springframework.util.ObjectUtils.nullSafeEquals(Ljava/lang/Object;Ljava/lang/Object;)Z @ 8
Event: 55.349 Thread 0x000000005989c800 Uncommon trap: reason=bimorphic action=maybe_recompile pc=0x0000000003450eb4 method=org.codehaus.groovy.runtime.metaclass.MetaMethodIndex.addMethodToList(Ljava/lang/Object;Lgroovy/lang/MetaMethod;)Ljava/lang/Object; @ 218
Event: 55.400 Thread 0x000000005989c800 Uncommon trap: reason=unreached action=reinterpret pc=0x0000000003450d98 method=org.codehaus.groovy.runtime.metaclass.MetaMethodIndex.isNonRealMethod(Lgroovy/lang/MetaMethod;)Z @ 32

Internal exceptions (10 events):
Event: 55.630 Thread 0x000000005989c800 Exception <a 'java/security/PrivilegedActionException'> (0x00000000f882b4b0) thrown at [C:\re\workspace\8-2-build-windows-amd64-cygwin\jdk8u11\648\hotspot\src\share\vm\prims\jvm.cpp, line 1248]
Event: 55.630 Thread 0x000000005989c800 Exception <a 'java/security/PrivilegedActionException'> (0x00000000f882e998) thrown at [C:\re\workspace\8-2-build-windows-amd64-cygwin\jdk8u11\648\hotspot\src\share\vm\prims\jvm.cpp, line 1248]
Event: 55.630 Thread 0x000000005989c800 Exception <a 'java/security/PrivilegedActionException'> (0x00000000f883c0a0) thrown at [C:\re\workspace\8-2-build-windows-amd64-cygwin\jdk8u11\648\hotspot\src\share\vm\prims\jvm.cpp, line 1248]
Event: 55.631 Thread 0x000000005989c800 Exception <a 'java/security/PrivilegedActionException'> (0x00000000f884c8a8) thrown at [C:\re\workspace\8-2-build-windows-amd64-cygwin\jdk8u11\648\hotspot\src\share\vm\prims\jvm.cpp, line 1248]
Event: 55.631 Thread 0x000000005989c800 Exception <a 'java/security/PrivilegedActionException'> (0x00000000f884fd90) thrown at [C:\re\workspace\8-2-build-windows-amd64-cygwin\jdk8u11\648\hotspot\src\share\vm\prims\jvm.cpp, line 1248]
Event: 55.631 Thread 0x000000005989c800 Exception <a 'java/security/PrivilegedActionException'> (0x00000000f885d498) thrown at [C:\re\workspace\8-2-build-windows-amd64-cygwin\jdk8u11\648\hotspot\src\share\vm\prims\jvm.cpp, line 1248]
Event: 55.632 Thread 0x000000005989c800 Exception <a 'java/security/PrivilegedActionException'> (0x00000000f887abe0) thrown at [C:\re\workspace\8-2-build-windows-amd64-cygwin\jdk8u11\648\hotspot\src\share\vm\prims\jvm.cpp, line 1248]
Event: 55.632 Thread 0x000000005989c800 Exception <a 'java/lang/ClassNotFoundException': CsvGrailsPlugin$_closure4_closure15Customizer> (0x00000000f887b640) thrown at [C:\re\workspace\8-2-build-windows-amd64-cygwin\jdk8u11\648\hotspot\src\share\vm\classfile\systemDictionary.cpp, line 202]
Event: 55.634 Thread 0x000000005989c800 Exception <a 'java/security/PrivilegedActionException'> (0x00000000f8890768) thrown at [C:\re\workspace\8-2-build-windows-amd64-cygwin\jdk8u11\648\hotspot\src\share\vm\prims\jvm.cpp, line 1248]
Event: 55.634 Thread 0x000000005989c800 Exception <a 'java/security/PrivilegedActionException'> (0x00000000f8893640) thrown at [C:\re\workspace\8-2-build-windows-amd64-cygwin\jdk8u11\648\hotspot\src\share\vm\prims\jvm.cpp, line 1248]

Events (10 events):
Event: 55.630 loading class CsvGrailsPlugin$_closure4_closure15BeanInfo
Event: 55.630 loading class CsvGrailsPlugin$_closure4_closure15BeanInfo done
Event: 55.630 loading class CsvGrailsPlugin$_closure4_closure15Customizer
Event: 55.630 loading class CsvGrailsPlugin$_closure4_closure15Customizer done
Event: 55.630 loading class CsvGrailsPlugin$_closure4_closure15Customizer
Event: 55.631 loading class CsvGrailsPlugin$_closure4_closure15Customizer done
Event: 55.632 loading class CsvGrailsPlugin$_closure4_closure15Customizer
Event: 55.632 loading class CsvGrailsPlugin$_closure4_closure15Customizer done
Event: 55.633 loading class CsvGrailsPlugin$_closure4_closure16
Event: 55.633 loading class CsvGrailsPlugin$_closure4_closure16 done


Dynamic libraries:
0x000000013f9d0000 - 0x000000013fa04000 	C:\Program Files\Java\jdk1.8.0_11\bin\java.exe
0x0000000077500000 - 0x00000000776a9000 	C:\Windows\SYSTEM32\ntdll.dll
0x0000000076e00000 - 0x0000000076f1f000 	C:\Windows\system32\kernel32.dll
0x000007fefda10000 - 0x000007fefda7c000 	C:\Windows\system32\KERNELBASE.dll
0x000007fefe210000 - 0x000007fefe2eb000 	C:\Windows\system32\ADVAPI32.dll
0x000007fefe8b0000 - 0x000007fefe94f000 	C:\Windows\system32\msvcrt.dll
0x000007fefe890000 - 0x000007fefe8af000 	C:\Windows\SYSTEM32\sechost.dll
0x000007fefe3c0000 - 0x000007fefe4ed000 	C:\Windows\system32\RPCRT4.dll
0x00000000771e0000 - 0x00000000772da000 	C:\Windows\system32\USER32.dll
0x000007fefdf40000 - 0x000007fefdfa7000 	C:\Windows\system32\GDI32.dll
0x000007fefe4f0000 - 0x000007fefe4fe000 	C:\Windows\system32\LPK.dll
0x000007fefe2f0000 - 0x000007fefe3b9000 	C:\Windows\system32\USP10.dll
0x000007fefbf60000 - 0x000007fefc154000 	C:\Windows\WinSxS\amd64_microsoft.windows.common-controls_6595b64144ccf1df_6.0.7601.17514_none_fa396087175ac9ac\COMCTL32.dll
0x000007fefe050000 - 0x000007fefe0c1000 	C:\Windows\system32\SHLWAPI.dll
0x000007fefe1e0000 - 0x000007fefe20e000 	C:\Windows\system32\IMM32.DLL
0x000007fefe0d0000 - 0x000007fefe1d9000 	C:\Windows\system32\MSCTF.dll
0x0000000180000000 - 0x000000018001c000 	C:\Windows\system32\btpload64.dll
0x00000000776d0000 - 0x00000000776d7000 	C:\Windows\system32\PSAPI.DLL
0x0000000001f40000 - 0x0000000001f6c000 	C:\Windows\system32\privman64.dll
0x000007fefd8b0000 - 0x000007fefd8bc000 	C:\Windows\system32\VERSION.dll
0x000007fefea70000 - 0x000007feff7f9000 	C:\Windows\system32\SHELL32.dll
0x000007fefd890000 - 0x000007fefd8ae000 	C:\Windows\system32\USERENV.dll
0x000007fefd960000 - 0x000007fefd96f000 	C:\Windows\system32\profapi.dll
0x000000006b4a0000 - 0x000000006b572000 	C:\Program Files\Java\jdk1.8.0_11\jre\bin\msvcr100.dll
0x0000000070350000 - 0x0000000070b7a000 	C:\Program Files\Java\jdk1.8.0_11\jre\bin\server\jvm.dll
0x000007fefce40000 - 0x000007fefce49000 	C:\Windows\system32\WSOCK32.dll
0x000007fefe6e0000 - 0x000007fefe72d000 	C:\Windows\system32\WS2_32.dll
0x000007feff800000 - 0x000007feff808000 	C:\Windows\system32\NSI.dll
0x000007fefb4a0000 - 0x000007fefb4db000 	C:\Windows\system32\WINMM.dll
0x000000006fa50000 - 0x000000006fa5f000 	C:\Program Files\Java\jdk1.8.0_11\jre\bin\verify.dll
0x000000006d9f0000 - 0x000000006da18000 	C:\Program Files\Java\jdk1.8.0_11\jre\bin\java.dll
0x000000006c960000 - 0x000000006c983000 	C:\Program Files\Java\jdk1.8.0_11\jre\bin\instrument.dll
0x000000006d110000 - 0x000000006d126000 	C:\Program Files\Java\jdk1.8.0_11\jre\bin\zip.dll
0x000007fefdd30000 - 0x000007fefdf33000 	C:\Windows\system32\ole32.dll
0x000007fefd200000 - 0x000007fefd217000 	C:\Windows\system32\CRYPTSP.dll
0x000007fefcf00000 - 0x000007fefcf47000 	C:\Windows\system32\rsaenh.dll
0x000007fefd860000 - 0x000007fefd86f000 	C:\Windows\system32\CRYPTBASE.dll
0x000000006d380000 - 0x000000006d39a000 	C:\Program Files\Java\jdk1.8.0_11\jre\bin\net.dll
0x000007fefd1a0000 - 0x000007fefd1f5000 	C:\Windows\system32\mswsock.dll
0x000007fefd190000 - 0x000007fefd197000 	C:\Windows\System32\wship6.dll
0x000007fefc900000 - 0x000007fefc927000 	C:\Windows\system32\IPHLPAPI.DLL
0x000007fefc8f0000 - 0x000007fefc8fb000 	C:\Windows\system32\WINNSI.DLL
0x000007fefaf30000 - 0x000007fefaf48000 	C:\Windows\system32\dhcpcsvc.DLL
0x000007fefaec0000 - 0x000007fefaed1000 	C:\Windows\system32\dhcpcsvc6.DLL
0x000000006ccd0000 - 0x000000006cce1000 	C:\Program Files\Java\jdk1.8.0_11\jre\bin\nio.dll
0x000007fefb3c0000 - 0x000007fefb3ca000 	C:\Users\rgopal\AppData\Local\Temp\jansi-64-4595097631977826590.dll
0x000000006fd70000 - 0x000000006fd7d000 	C:\Program Files\Java\jdk1.8.0_11\jre\bin\management.dll
0x000007fefca00000 - 0x000007fefca07000 	C:\Windows\System32\wshtcpip.dll
0x000007fefd020000 - 0x000007fefd07b000 	C:\Windows\system32\DNSAPI.dll
0x0000000074bd0000 - 0x0000000074bf6000 	C:\Program Files\Bonjour\mdnsNSP.dll
0x000007fefae50000 - 0x000007fefae58000 	C:\Windows\system32\rasadhlp.dll
0x000007fefae60000 - 0x000007fefaeb3000 	C:\Windows\System32\fwpuclnt.dll
0x000007fefb200000 - 0x000007fefb215000 	C:\Windows\system32\NLAapi.dll
0x000007fefb000000 - 0x000007fefb015000 	C:\Windows\system32\napinsp.dll
0x000007fefaf70000 - 0x000007fefaf89000 	C:\Windows\system32\pnrpnsp.dll
0x000007fefaf60000 - 0x000007fefaf6b000 	C:\Windows\System32\winrnr.dll
0x000007fefaf50000 - 0x000007fefaf60000 	C:\Windows\system32\wshbth.dll
0x000007fef4860000 - 0x000007fef4985000 	C:\Windows\system32\dbghelp.dll

VM Arguments:
jvm_args: -Dfile.encoding=UTF-8 -Xmx768M -Xms64M -Dgrails.fork.parent.process.port=59037 -Dgrails.fork.active=true -Dgrails.build.execution.context=C:\Users\rgopal\AppData\Local\Temp\central3926422760900175143grails-execution-context -Dgrails.home=C:\Users\rgopal\Documents\grails-2.4.4\grails-2.4.4 -javaagent:C:\Users\rgopal\Documents\grails-2.4.4\grails-2.4.4\lib\org.springframework\springloaded\jars\springloaded-1.2.1.RELEASE.jar -Xverify:none -Dspringloaded.synchronize=true -Djdk.reflect.allowGetCallerClass=true -Dspringloaded=profile=grails;cacheDir=C:\Users\rgopal/.grails/2.4.4/ 
java_command: org.grails.plugins.tomcat.fork.ForkedTomcatServer
java_class_path (initial): C:\Program Files\Java\jdk1.8.0_11\lib\tools.jar;C:\Users\rgopal\Documents\grails-2.4.4\grails-2.4.4\lib\org.codehaus.groovy\groovy-all\jars\groovy-all-2.3.7.jar;C:\Users\rgopal\Documents\grails-2.4.4\grails-2.4.4\lib\org.slf4j\jcl-over-slf4j\jars\jcl-over-slf4j-1.7.5.jar;C:\Users\rgopal\Documents\grails-2.4.4\grails-2.4.4\lib\org.codehaus.gant\gant_groovy1.8\jars\gant_groovy1.8-1.9.6.jar;C:\Users\rgopal\Documents\grails-2.4.4\grails-2.4.4\lib\org.apache.tomcat.embed\tomcat-embed-logging-log4j\jars\tomcat-embed-logging-log4j-7.0.50.jar;C:\Users\rgopal\Documents\grails-2.4.4\grails-2.4.4\dist\grails-plugin-log4j-2.4.4.jar;C:\Users\rgopal\Documents\grails-2.4.4\grails-2.4.4\lib\log4j\log4j\jars\log4j-1.2.17.jar;C:\Users\rgopal\Documents\grails-2.4.4\grails-2.4.4\dist\grails-bootstrap-2.4.4.jar;C:\Users\rgopal\Documents\grails-2.4.4\grails-2.4.4\lib\org.slf4j\slf4j-api\jars\slf4j-api-1.7.5.jar;C:\Users\rgopal\Documents\grails-2.4.4\grails-2.4.4\lib\jline\jline\jars\jline-2.12.jar;C:\Users\rgopal\Documents\grails-2.4.4\grails-2.4.4\lib\org.apache.ant\ant\jars\ant-1.8.4.jar;C:\Users\rgopal\Documents\grails-2.4.4\grails-2.4.4\lib\org.apache.ant\ant-launcher\jars\ant-launcher-1.8.4.jar;C:\Users\rgopal\Documents\grails-2.4.4\grails-2.4.4\lib\org.apache.ant\ant-trax\jars\ant-trax-1.7.1.jar;C:\Users\rgopal\Documents\grails-2.4.4\grails-2.4.4\lib\org.apache.ant\ant-junit\jars\ant-junit-1.8.4.jar;C:\Users\rgopal\Documents\grails-2.4.4\grails-2.4.4\lib\org.apache.ivy\ivy\jars\ivy-2.3.0.jar;C:\Users\rgopal\Documents\grails-2.4.4\grails-2.4.4\lib\org.fusesource.jansi\jansi\jars\jansi-1.11.jar;C:\Users\rgopal\.m2\repository\org\apache\tomcat\tomcat-catalina-ant\7.0.55\tomcat-catalina-ant-7.0.55.jar;C:\Users\rgopal\.m2\repository\org\apache\tomcat\embed\tomcat-embed-jasper\7.0.55\tomcat-embed-jasper-7.0.55.jar;C:\Users\rgopal\.m2\repository\org\apache\tomcat\embed\tomcat-embed-el\7.0.55\tomcat-embed-el-7.0.55.jar;C:\Users\rgopal\.m2\repository\org\apache\
Launcher Type: SUN_STANDARD

Environment Variables:
JAVA_HOME=C:\Program Files\Java\jdk1.8.0_11
PATH=C:\Windows\system32;C:\Windows;C:\Windows\System32\Wbem;C:\Windows\System32\WindowsPowerShell\v1.0\;C:\users\rgopal\My Documents\springsource\grails-2.3.5\bin\;c:\Program Files\Java\jdk1.7.0_51\bin\;C:\Program Files (x86)\MiKTeX 2.9\miktex\bin\
USERNAME=rgopal
OS=Windows_NT
PROCESSOR_IDENTIFIER=Intel64 Family 6 Model 37 Stepping 5, GenuineIntel



---------------  S Y S T E M  ---------------

OS: Windows 7 , 64 bit Build 7601 Service Pack 1

CPU:total 4 (2 cores per cpu, 2 threads per core) family 6 model 37 stepping 5, cmov, cx8, fxsr, mmx, sse, sse2, sse3, ssse3, sse4.1, sse4.2, popcnt, aes, clmul, ht, tsc, tscinvbit

Memory: 4k page, physical 8181608k(3318376k free), swap 16361352k(9510912k free)

vm_info: Java HotSpot(TM) 64-Bit Server VM (25.11-b03) for windows-amd64 JRE (1.8.0_11-b12), built on Jun 16 2014 20:57:32 by "java_re" with MS VC++ 10.0 (VS2010)

time: Thu Apr 16 09:10:33 2015
elapsed time: 55 seconds

