#
# A fatal error has been detected by the Java Runtime Environment:
#
#  EXCEPTION_ACCESS_VIOLATION (0xc0000005) at pc=0x0000000070774db2, pid=9072, tid=2336
#
# JRE version: Java(TM) SE Runtime Environment (8.0_11-b12) (build 1.8.0_11-b12)
# Java VM: Java HotSpot(TM) 64-Bit Server VM (25.11-b03 mixed mode windows-amd64 compressed oops)
# Problematic frame:
# V  [jvm.dll+0x424db2]
#
# Failed to write core dump. Minidumps are not enabled by default on client versions of Windows
#
# If you would like to submit a bug report, please visit:
#   http://bugreport.sun.com/bugreport/crash.jsp
#

---------------  T H R E A D  ---------------

Current thread (0x0000000056036000):  JavaThread "C2 CompilerThread1" daemon [_thread_in_native, id=2336, stack(0x0000000056ab0000,0x0000000056bb0000)]

siginfo: ExceptionCode=0xc0000005, reading address 0x0000000000000000

Registers:
RAX=0x00000000590b49b8, RBX=0x0000000000000600, RCX=0x0000000000000000, RDX=0x0000000056146da0
RSP=0x0000000056bac140, RBP=0x00000000000000c0, RSI=0x00000000000000b8, RDI=0x0000000000000000
R8 =0x0000000070350000, R9 =0x0000000056bac460, R10=0x00000000ffffffff, R11=0x000000005606a4b0
R12=0x00000000590b50c0, R13=0x000000005759d248, R14=0x0000000000000008, R15=0x000000005759d248
RIP=0x0000000070774db2, EFLAGS=0x0000000000010206

Top of Stack: (sp=0x0000000056bac140)
0x0000000056bac140:   00000000000000da 0000000056142860
0x0000000056bac150:   0000000000000000 000000005840a110
0x0000000056bac160:   0000000000000001 0000000000000600
0x0000000056bac170:   0000000000000180 00000000000000c0
0x0000000056bac180:   000000005b122400 0000000056041e60
0x0000000056bac190:   00000000000006f0 0000000056142860
0x0000000056bac1a0:   0000000056bac460 00000000590b1b10
0x0000000056bac1b0:   0000000000000020 0000000000000009
0x0000000056bac1c0:   00000000590b5090 00000000000000da
0x0000000056bac1d0:   000000005759d248 000000007077598d
0x0000000056bac1e0:   00000000590b5090 000000000000001c
0x0000000056bac1f0:   00000000000000da 0000000056bac460
0x0000000056bac200:   0000000056146da0 00000000000000da
0x0000000056bac210:   00000000590b1b10 0000000000000020
0x0000000056bac220:   000000005882e1d8 0000000056bae7d0
0x0000000056bac230:   000000005882e808 00000000590b5090 

Instructions: (pc=0x0000000070774db2)
0x0000000070774d92:   c6 48 63 f0 48 03 f1 eb 04 48 83 ce ff 48 8b 84
0x0000000070774da2:   24 a0 00 00 00 48 8b 40 08 48 8b 3c 03 48 8b cf
0x0000000070774db2:   48 8b 07 ff 50 28 4c 8d 05 41 b2 bd ff 48 63 50
0x0000000070774dc2:   10 4c 8b d8 48 8b ca 48 c1 e1 05 42 80 bc 01 c0 


Register to memory mapping:

RAX=0x00000000590b49b8 is an unknown value
RBX=0x0000000000000600 is an unknown value
RCX=0x0000000000000000 is an unknown value
RDX=0x0000000056146da0 is an unknown value
RSP=0x0000000056bac140 is pointing into the stack for thread: 0x0000000056036000
RBP=0x00000000000000c0 is an unknown value
RSI=0x00000000000000b8 is an unknown value
RDI=0x0000000000000000 is an unknown value
R8 =0x0000000070350000 is an unknown value
R9 =0x0000000056bac460 is pointing into the stack for thread: 0x0000000056036000
R10=0x00000000ffffffff is an unknown value
R11=0x000000005606a4b0 is an unknown value
R12=0x00000000590b50c0 is an unknown value
R13=0x000000005759d248 is an unknown value
R14=0x0000000000000008 is an unknown value
R15=0x000000005759d248 is an unknown value


Stack: [0x0000000056ab0000,0x0000000056bb0000],  sp=0x0000000056bac140,  free space=1008k
Native frames: (J=compiled Java code, j=interpreted, Vv=VM code, C=native code)
V  [jvm.dll+0x424db2]
V  [jvm.dll+0x42598d]
V  [jvm.dll+0x425ecf]
V  [jvm.dll+0x4c5a84]
V  [jvm.dll+0x4415bc]
V  [jvm.dll+0x443a29]
V  [jvm.dll+0x427722]
V  [jvm.dll+0x96982]
V  [jvm.dll+0x97173]
V  [jvm.dll+0x2234b4]
V  [jvm.dll+0x27bcca]
C  [msvcr100.dll+0x21d9f]
C  [msvcr100.dll+0x21e3b]
C  [kernel32.dll+0x159ed]
C  [ntdll.dll+0x2c541]


Current CompileTask:
C2:  46958 6632       4       groovy.lang.MetaClassImpl::findPropertyMethod (356 bytes)


---------------  P R O C E S S  ---------------

Java Threads: ( => current thread )
  0x00000000587b2000 JavaThread "com.oumuo.SecurityGroup.data" daemon [_thread_blocked, id=5680, stack(0x000000005c6c0000,0x000000005c7c0000)]
  0x00000000587b1000 JavaThread "com.oumuo.Authority.data" daemon [_thread_blocked, id=10928, stack(0x000000005f8d0000,0x000000005f9d0000)]
  0x00000000587b0800 JavaThread "net.sf.ehcache.CacheManager@59b95678" daemon [_thread_blocked, id=4200, stack(0x000000005d710000,0x000000005d810000)]
  0x00000000587af800 JavaThread "PoolCleaner[1070157899:1429241281630]" daemon [_thread_blocked, id=11636, stack(0x000000005d440000,0x000000005d540000)]
  0x000000005984f000 JavaThread "FileSystemWatcher: files=#271 cl=groovy.lang.GroovyClassLoader@3fc9504b" daemon [_thread_blocked, id=8320, stack(0x000000005bfb0000,0x000000005c0b0000)]
  0x0000000058231000 JavaThread "localhost-startStop-1" daemon [_thread_in_Java, id=9972, stack(0x000000005bbe0000,0x000000005bce0000)]
  0x0000000058230800 JavaThread "Tomcat-startStop-1" daemon [_thread_blocked, id=5980, stack(0x000000005b770000,0x000000005b870000)]
  0x000000005946e800 JavaThread "Thread-3" [_thread_in_native, id=784, stack(0x000000005b670000,0x000000005b770000)]
  0x0000000057b6a800 JavaThread "Thread-2" [_thread_blocked, id=3552, stack(0x000000005a520000,0x000000005a620000)]
  0x0000000057352000 JavaThread "NonBlockingInputStreamThread" daemon [_thread_blocked, id=4220, stack(0x0000000056d20000,0x0000000056e20000)]
  0x00000000561e4000 JavaThread "Service Thread" daemon [_thread_blocked, id=9228, stack(0x0000000056c20000,0x0000000056d20000)]
  0x0000000056038000 JavaThread "C1 CompilerThread2" daemon [_thread_blocked, id=6124, stack(0x0000000056570000,0x0000000056670000)]
=>0x0000000056036000 JavaThread "C2 CompilerThread1" daemon [_thread_in_native, id=2336, stack(0x0000000056ab0000,0x0000000056bb0000)]
  0x000000005603f000 JavaThread "C2 CompilerThread0" daemon [_thread_in_native, id=6028, stack(0x0000000056860000,0x0000000056960000)]
  0x0000000054c2e800 JavaThread "Attach Listener" daemon [_thread_blocked, id=10008, stack(0x0000000056690000,0x0000000056790000)]
  0x0000000054c2d800 JavaThread "Signal Dispatcher" daemon [_thread_blocked, id=3576, stack(0x0000000056430000,0x0000000056530000)]
  0x0000000054bc7000 JavaThread "Finalizer" daemon [_thread_blocked, id=10096, stack(0x0000000055e40000,0x0000000055f40000)]
  0x0000000054bbc000 JavaThread "Reference Handler" daemon [_thread_blocked, id=5740, stack(0x0000000055bc0000,0x0000000055cc0000)]
  0x000000000238a000 JavaThread "main" [_thread_blocked, id=10528, stack(0x0000000002900000,0x0000000002a00000)]

Other Threads:
  0x0000000054bb8000 VMThread [stack: 0x0000000055cd0000,0x0000000055dd0000] [id=9320]
  0x00000000561e6800 WatcherThread [stack: 0x0000000056e50000,0x0000000056f50000] [id=12064]

VM state:not at safepoint (normal execution)

VM Mutex/Monitor currently owned by a thread: None

Heap:
 PSYoungGen      total 218112K, used 145357K [0x00000000f0000000, 0x0000000100000000, 0x0000000100000000)
  eden space 187392K, 67% used [0x00000000f0000000,0x00000000f7b226c8,0x00000000fb700000)
  from space 30720K, 62% used [0x00000000fb700000,0x00000000fc9d0e10,0x00000000fd500000)
  to   space 40960K, 0% used [0x00000000fd800000,0x00000000fd800000,0x0000000100000000)
 ParOldGen       total 134144K, used 112950K [0x00000000d0000000, 0x00000000d8300000, 0x00000000f0000000)
  object space 134144K, 84% used [0x00000000d0000000,0x00000000d6e4db40,0x00000000d8300000)
 Metaspace       used 69081K, capacity 70777K, committed 71040K, reserved 1112064K
  class space    used 7229K, capacity 7713K, committed 7808K, reserved 1048576K

Card table byte_map: [0x0000000011ff0000,0x0000000012180000] byte_map_base: 0x0000000011970000

Marking Bits: (ParMarkBitMap*) 0x0000000070b012b0
 Begin Bits: [0x00000000128b0000, 0x00000000134b0000)
 End Bits:   [0x00000000134b0000, 0x00000000140b0000)

Polling page: 0x0000000001fa0000

CodeCache: size=245760Kb used=22091Kb max_used=22878Kb free=223668Kb
 bounds [0x0000000002c30000, 0x00000000042a0000, 0x0000000011c30000]
 total_blobs=6724 nmethods=5960 adapters=675
 compilation: enabled

Compilation events (10 events):
Event: 46.766 Thread 0x0000000056036000 nmethod 6628 0x0000000003173310 code [0x0000000003173460, 0x0000000003173598]
Event: 46.767 Thread 0x0000000056036000 6632       4       groovy.lang.MetaClassImpl::findPropertyMethod (356 bytes)
Event: 46.799 Thread 0x0000000056038000 6646       1       org.codehaus.groovy.grails.commons.AbstractGrailsClass::getName (5 bytes)
Event: 46.799 Thread 0x0000000056038000 nmethod 6646 0x0000000003263ad0 code [0x0000000003263c20, 0x0000000003263d30]
Event: 46.827 Thread 0x0000000056038000 6648       2       java.util.regex.Pattern$BitClass::<init> (15 bytes)
Event: 46.828 Thread 0x0000000056038000 nmethod 6648 0x00000000031f6ed0 code [0x00000000031f7020, 0x00000000031f7230]
Event: 46.831 Thread 0x0000000056038000 6649       2       groovy.lang.MetaClassImpl::isSetPropertyMethod (27 bytes)
Event: 46.831 Thread 0x0000000056038000 nmethod 6649 0x00000000034d6e50 code [0x00000000034d6fe0, 0x00000000034d71e8]
Event: 46.832 Thread 0x0000000056038000 6650       2       org.codehaus.groovy.reflection.ParameterTypes::isValidMethod (79 bytes)
Event: 46.833 Thread 0x0000000056038000 nmethod 6650 0x0000000003177a50 code [0x0000000003177be0, 0x0000000003177e88]

GC Heap History (10 events):
Event: 39.268 GC heap before
{Heap before GC invocations=53 (full 7):
 PSYoungGen      total 240128K, used 237717K [0x00000000f0000000, 0x0000000100000000, 0x0000000100000000)
  eden space 223232K, 99% used [0x00000000f0000000,0x00000000fd7ff3e0,0x00000000fda00000)
  from space 16896K, 97% used [0x00000000fda00000,0x00000000fea26030,0x00000000fea80000)
  to   space 21504K, 0% used [0x00000000feb00000,0x00000000feb00000,0x0000000100000000)
 ParOldGen       total 113152K, used 90722K [0x00000000d0000000, 0x00000000d6e80000, 0x00000000f0000000)
  object space 113152K, 80% used [0x00000000d0000000,0x00000000d58988d0,0x00000000d6e80000)
 Metaspace       used 64411K, capacity 66087K, committed 66304K, reserved 1107968K
  class space    used 6666K, capacity 7144K, committed 7168K, reserved 1048576K
Event: 39.313 GC heap after
Heap after GC invocations=53 (full 7):
 PSYoungGen      total 231424K, used 21493K [0x00000000f0000000, 0x0000000100000000, 0x0000000100000000)
  eden space 209920K, 0% used [0x00000000f0000000,0x00000000f0000000,0x00000000fcd00000)
  from space 21504K, 99% used [0x00000000feb00000,0x00000000ffffd560,0x0000000100000000)
  to   space 26112K, 0% used [0x00000000fcd00000,0x00000000fcd00000,0x00000000fe680000)
 ParOldGen       total 113152K, used 92841K [0x00000000d0000000, 0x00000000d6e80000, 0x00000000f0000000)
  object space 113152K, 82% used [0x00000000d0000000,0x00000000d5aaa548,0x00000000d6e80000)
 Metaspace       used 64411K, capacity 66087K, committed 66304K, reserved 1107968K
  class space    used 6666K, capacity 7144K, committed 7168K, reserved 1048576K
}
Event: 40.382 GC heap before
{Heap before GC invocations=54 (full 7):
 PSYoungGen      total 231424K, used 224179K [0x00000000f0000000, 0x0000000100000000, 0x0000000100000000)
  eden space 209920K, 96% used [0x00000000f0000000,0x00000000fc5ef8e0,0x00000000fcd00000)
  from space 21504K, 99% used [0x00000000feb00000,0x00000000ffffd560,0x0000000100000000)
  to   space 26112K, 0% used [0x00000000fcd00000,0x00000000fcd00000,0x00000000fe680000)
 ParOldGen       total 113152K, used 92841K [0x00000000d0000000, 0x00000000d6e80000, 0x00000000f0000000)
  object space 113152K, 82% used [0x00000000d0000000,0x00000000d5aaa548,0x00000000d6e80000)
 Metaspace       used 66019K, capacity 67661K, committed 68096K, reserved 1110016K
  class space    used 6830K, capacity 7305K, committed 7424K, reserved 1048576K
Event: 40.475 GC heap after
Heap after GC invocations=54 (full 7):
 PSYoungGen      total 236032K, used 26110K [0x00000000f0000000, 0x0000000100000000, 0x0000000100000000)
  eden space 209920K, 0% used [0x00000000f0000000,0x00000000f0000000,0x00000000fcd00000)
  from space 26112K, 99% used [0x00000000fcd00000,0x00000000fe67f8d0,0x00000000fe680000)
  to   space 26112K, 0% used [0x00000000fe680000,0x00000000fe680000,0x0000000100000000)
 ParOldGen       total 113152K, used 93809K [0x00000000d0000000, 0x00000000d6e80000, 0x00000000f0000000)
  object space 113152K, 82% used [0x00000000d0000000,0x00000000d5b9c708,0x00000000d6e80000)
 Metaspace       used 66019K, capacity 67661K, committed 68096K, reserved 1110016K
  class space    used 6830K, capacity 7305K, committed 7424K, reserved 1048576K
}
Event: 42.492 GC heap before
{Heap before GC invocations=55 (full 7):
 PSYoungGen      total 236032K, used 236030K [0x00000000f0000000, 0x0000000100000000, 0x0000000100000000)
  eden space 209920K, 100% used [0x00000000f0000000,0x00000000fcd00000,0x00000000fcd00000)
  from space 26112K, 99% used [0x00000000fcd00000,0x00000000fe67f8d0,0x00000000fe680000)
  to   space 26112K, 0% used [0x00000000fe680000,0x00000000fe680000,0x0000000100000000)
 ParOldGen       total 113152K, used 93809K [0x00000000d0000000, 0x00000000d6e80000, 0x00000000f0000000)
  object space 113152K, 82% used [0x00000000d0000000,0x00000000d5b9c708,0x00000000d6e80000)
 Metaspace       used 67041K, capacity 68709K, committed 68992K, reserved 1110016K
  class space    used 6932K, capacity 7430K, committed 7552K, reserved 1048576K
Event: 42.631 GC heap after
Heap after GC invocations=55 (full 7):
 PSYoungGen      total 213504K, used 26081K [0x00000000f0000000, 0x0000000100000000, 0x0000000100000000)
  eden space 187392K, 0% used [0x00000000f0000000,0x00000000f0000000,0x00000000fb700000)
  from space 26112K, 99% used [0x00000000fe680000,0x00000000ffff87f0,0x0000000100000000)
  to   space 37376K, 0% used [0x00000000fb700000,0x00000000fb700000,0x00000000fdb80000)
 ParOldGen       total 113152K, used 101129K [0x00000000d0000000, 0x00000000d6e80000, 0x00000000f0000000)
  object space 113152K, 89% used [0x00000000d0000000,0x00000000d62c25a8,0x00000000d6e80000)
 Metaspace       used 67041K, capacity 68709K, committed 68992K, reserved 1110016K
  class space    used 6932K, capacity 7430K, committed 7552K, reserved 1048576K
}
Event: 43.743 GC heap before
{Heap before GC invocations=56 (full 7):
 PSYoungGen      total 213504K, used 212615K [0x00000000f0000000, 0x0000000100000000, 0x0000000100000000)
  eden space 187392K, 99% used [0x00000000f0000000,0x00000000fb629728,0x00000000fb700000)
  from space 26112K, 99% used [0x00000000fe680000,0x00000000ffff87f0,0x0000000100000000)
  to   space 37376K, 0% used [0x00000000fb700000,0x00000000fb700000,0x00000000fdb80000)
 ParOldGen       total 113152K, used 101129K [0x00000000d0000000, 0x00000000d6e80000, 0x00000000f0000000)
  object space 113152K, 89% used [0x00000000d0000000,0x00000000d62c25a8,0x00000000d6e80000)
 Metaspace       used 68613K, capacity 70295K, committed 70656K, reserved 1112064K
  class space    used 7166K, capacity 7657K, committed 7680K, reserved 1048576K
Event: 43.837 GC heap after
Heap after GC invocations=56 (full 7):
 PSYoungGen      total 218112K, used 30288K [0x00000000f0000000, 0x0000000100000000, 0x0000000100000000)
  eden space 187392K, 0% used [0x00000000f0000000,0x00000000f0000000,0x00000000fb700000)
  from space 30720K, 98% used [0x00000000fb700000,0x00000000fd494120,0x00000000fd500000)
  to   space 40960K, 0% used [0x00000000fd800000,0x00000000fd800000,0x0000000100000000)
 ParOldGen       total 113152K, used 104173K [0x00000000d0000000, 0x00000000d6e80000, 0x00000000f0000000)
  object space 113152K, 92% used [0x00000000d0000000,0x00000000d65bb680,0x00000000d6e80000)
 Metaspace       used 68613K, capacity 70295K, committed 70656K, reserved 1112064K
  class space    used 7166K, capacity 7657K, committed 7680K, reserved 1048576K
}
Event: 43.837 GC heap before
{Heap before GC invocations=57 (full 8):
 PSYoungGen      total 218112K, used 30288K [0x00000000f0000000, 0x0000000100000000, 0x0000000100000000)
  eden space 187392K, 0% used [0x00000000f0000000,0x00000000f0000000,0x00000000fb700000)
  from space 30720K, 98% used [0x00000000fb700000,0x00000000fd494120,0x00000000fd500000)
  to   space 40960K, 0% used [0x00000000fd800000,0x00000000fd800000,0x0000000100000000)
 ParOldGen       total 113152K, used 104173K [0x00000000d0000000, 0x00000000d6e80000, 0x00000000f0000000)
  object space 113152K, 92% used [0x00000000d0000000,0x00000000d65bb680,0x00000000d6e80000)
 Metaspace       used 68613K, capacity 70295K, committed 70656K, reserved 1112064K
  class space    used 7166K, capacity 7657K, committed 7680K, reserved 1048576K
Event: 45.996 GC heap after
Heap after GC invocations=57 (full 8):
 PSYoungGen      total 218112K, used 19267K [0x00000000f0000000, 0x0000000100000000, 0x0000000100000000)
  eden space 187392K, 0% used [0x00000000f0000000,0x00000000f0000000,0x00000000fb700000)
  from space 30720K, 62% used [0x00000000fb700000,0x00000000fc9d0e10,0x00000000fd500000)
  to   space 40960K, 0% used [0x00000000fd800000,0x00000000fd800000,0x0000000100000000)
 ParOldGen       total 134144K, used 112950K [0x00000000d0000000, 0x00000000d8300000, 0x00000000f0000000)
  object space 134144K, 84% used [0x00000000d0000000,0x00000000d6e4db40,0x00000000d8300000)
 Metaspace       used 68605K, capacity 70283K, committed 70656K, reserved 1112064K
  class space    used 7165K, capacity 7655K, committed 7680K, reserved 1048576K
}

Deoptimization events (10 events):
Event: 37.844 Thread 0x0000000058231000 Uncommon trap: reason=bimorphic action=maybe_recompile pc=0x0000000003edd688 method=groovy.lang.MetaClassImpl$1MOPIter.methodNameAction(Ljava/lang/Class;Lorg/codehaus/groovy/runtime/metaclass/MetaMethodIndex$Entry;)V @ 62
Event: 37.844 Thread 0x0000000058231000 Uncommon trap: reason=bimorphic action=maybe_recompile pc=0x0000000003edd688 method=groovy.lang.MetaClassImpl$1MOPIter.methodNameAction(Ljava/lang/Class;Lorg/codehaus/groovy/runtime/metaclass/MetaMethodIndex$Entry;)V @ 62
Event: 40.150 Thread 0x0000000058231000 Uncommon trap: reason=bimorphic action=maybe_recompile pc=0x00000000040d0d24 method=sl.org.objectweb.asm.ClassReader.a(Lsl/org/objectweb/asm/MethodVisitor;Lsl/org/objectweb/asm/Context;I)V @ 2782
Event: 40.336 Thread 0x0000000058231000 Uncommon trap: reason=class_check action=maybe_recompile pc=0x00000000040d2604 method=sl.org.objectweb.asm.ClassReader.a(Lsl/org/objectweb/asm/MethodVisitor;Lsl/org/objectweb/asm/Context;I)V @ 1945
Event: 40.336 Thread 0x0000000058231000 Uncommon trap: reason=class_check action=maybe_recompile pc=0x00000000040d2604 method=sl.org.objectweb.asm.ClassReader.a(Lsl/org/objectweb/asm/MethodVisitor;Lsl/org/objectweb/asm/Context;I)V @ 1945
Event: 40.856 Thread 0x0000000058231000 Uncommon trap: reason=unreached action=reinterpret pc=0x000000000411d6cc method=org.springframework.util.ObjectUtils.nullSafeEquals(Ljava/lang/Object;Ljava/lang/Object;)Z @ 12
Event: 41.337 Thread 0x0000000058231000 Uncommon trap: reason=unreached action=reinterpret pc=0x0000000003ca9830 method=org.codehaus.groovy.runtime.metaclass.MetaMethodIndex.getMethods(Ljava/lang/Class;Ljava/lang/String;)Lorg/codehaus/groovy/runtime/metaclass/MetaMethodIndex$Entry; @ 61
Event: 42.187 Thread 0x0000000058231000 Uncommon trap: reason=class_check action=maybe_recompile pc=0x000000000409f464 method=sun.reflect.generics.factory.CoreReflectionFactory.findTypeVariable(Ljava/lang/String;)Ljava/lang/reflect/TypeVariable; @ 5
Event: 42.187 Thread 0x0000000058231000 Uncommon trap: reason=class_check action=maybe_recompile pc=0x000000000409f464 method=sun.reflect.generics.factory.CoreReflectionFactory.findTypeVariable(Ljava/lang/String;)Ljava/lang/reflect/TypeVariable; @ 5
Event: 46.000 Thread 0x0000000058231000 Uncommon trap: reason=unreached action=reinterpret pc=0x000000000424fc78 method=org.springframework.util.ObjectUtils.nullSafeEquals(Ljava/lang/Object;Ljava/lang/Object;)Z @ 8

Internal exceptions (10 events):
Event: 46.749 Thread 0x0000000058231000 Exception <a 'java/lang/ClassNotFoundException': org/codehaus/groovy/grails/plugins/web/ControllersGrailsPlugin$_closure3_closure21Customizer> (0x00000000f6bcc0e8) thrown at [C:\re\workspace\8-2-build-windows-amd64-cygwin\jdk8u11\648\hotspot\src\share\vm\câ^	 FjG@
Event: 46.830 Thread 0x0000000058231000 Exception <a 'java/security/PrivilegedActionException'> (0x00000000f72a3078) thrown at [C:\re\workspace\8-2-build-windows-amd64-cygwin\jdk8u11\648\hotspot\src\share\vm\prims\jvm.cpp, line 1248]
Event: 46.830 Thread 0x0000000058231000 Exception <a 'java/security/PrivilegedActionException'> (0x00000000f72a70d8) thrown at [C:\re\workspace\8-2-build-windows-amd64-cygwin\jdk8u11\648\hotspot\src\share\vm\prims\jvm.cpp, line 1248]
Event: 46.831 Thread 0x0000000058231000 Exception <a 'java/lang/ClassNotFoundException': groovy/runtime/metaclass/[Ljava/lang/Class;MetaClass> (0x00000000f72afeb8) thrown at [C:\re\workspace\8-2-build-windows-amd64-cygwin\jdk8u11\648\hotspot\src\share\vm\prims\jni.cpp, line 742]
Event: 46.832 Thread 0x0000000058231000 Exception <a 'java/lang/ClassNotFoundException': [Ljava/lang/Class;BeanInfo> (0x00000000f72b6898) thrown at [C:\re\workspace\8-2-build-windows-amd64-cygwin\jdk8u11\648\hotspot\src\share\vm\prims\jni.cpp, line 742]
Event: 46.832 Thread 0x0000000058231000 Exception <a 'java/lang/ClassNotFoundException': [Ljava/lang/Class;BeanInfo> (0x00000000f72b6dd0) thrown at [C:\re\workspace\8-2-build-windows-amd64-cygwin\jdk8u11\648\hotspot\src\share\vm\prims\jni.cpp, line 742]
Event: 46.832 Thread 0x0000000058231000 Exception <a 'java/lang/ClassNotFoundException': [Ljava/lang/Class;Customizer> (0x00000000f72b74d0) thrown at [C:\re\workspace\8-2-build-windows-amd64-cygwin\jdk8u11\648\hotspot\src\share\vm\prims\jni.cpp, line 742]
Event: 46.832 Thread 0x0000000058231000 Exception <a 'java/lang/ClassNotFoundException': [Ljava/lang/Class;Customizer> (0x00000000f72b7a08) thrown at [C:\re\workspace\8-2-build-windows-amd64-cygwin\jdk8u11\648\hotspot\src\share\vm\prims\jni.cpp, line 742]
Event: 46.833 Thread 0x0000000058231000 Exception <a 'java/security/PrivilegedActionException'> (0x00000000f72bb068) thrown at [C:\re\workspace\8-2-build-windows-amd64-cygwin\jdk8u11\648\hotspot\src\share\vm\prims\jvm.cpp, line 1248]
Event: 46.833 Thread 0x0000000058231000 Exception <a 'java/security/PrivilegedActionException'> (0x00000000f72bf2f8) thrown at [C:\re\workspace\8-2-build-windows-amd64-cygwin\jdk8u11\648\hotspot\src\share\vm\prims\jvm.cpp, line 1248]

Events (10 events):
Event: 46.751 loading class org/springsource/loaded/ri/ReflectiveInterceptor
Event: 46.751 loading class org/springsource/loaded/ri/ReflectiveInterceptor done
Event: 46.759 loading class org/codehaus/groovy/runtime/ArrayUtil
Event: 46.759 loading class org/codehaus/groovy/runtime/ArrayUtil done
Event: 46.814 Thread 0x0000000058231000 DEOPT PACKING pc=0x0000000003eea64c sp=0x000000005bcddbd0
Event: 46.814 Thread 0x0000000058231000 DEOPT UNPACKING pc=0x0000000002c77204 sp=0x000000005bcdd920 mode 0
Event: 46.830 loading class groovy/runtime/metaclass/java/lang/reflect/MethodMetaClass
Event: 46.830 loading class groovy/runtime/metaclass/java/lang/reflect/MethodMetaClass done
Event: 46.833 loading class org/codehaus/groovy/grails/commons/metaclass/MetaClassEnhancer$1
Event: 46.833 loading class org/codehaus/groovy/grails/commons/metaclass/MetaClassEnhancer$1 done


Dynamic libraries:
0x000000013f950000 - 0x000000013f984000 	C:\Program Files\Java\jdk1.8.0_11\bin\java.exe
0x0000000077500000 - 0x00000000776a9000 	C:\Windows\SYSTEM32\ntdll.dll
0x0000000076e00000 - 0x0000000076f1f000 	C:\Windows\system32\kernel32.dll
0x000007fefda10000 - 0x000007fefda7c000 	C:\Windows\system32\KERNELBASE.dll
0x000007fefe210000 - 0x000007fefe2eb000 	C:\Windows\system32\ADVAPI32.dll
0x000007fefe8b0000 - 0x000007fefe94f000 	C:\Windows\system32\msvcrt.dll
0x000007fefe890000 - 0x000007fefe8af000 	C:\Windows\SYSTEM32\sechost.dll
0x000007fefe3c0000 - 0x000007fefe4ed000 	C:\Windows\system32\RPCRT4.dll
0x00000000771e0000 - 0x00000000772da000 	C:\Windows\system32\USER32.dll
0x000007fefdf40000 - 0x000007fefdfa7000 	C:\Windows\system32\GDI32.dll
0x000007fefe4f0000 - 0x000007fefe4fe000 	C:\Windows\system32\LPK.dll
0x000007fefe2f0000 - 0x000007fefe3b9000 	C:\Windows\system32\USP10.dll
0x000007fefbf60000 - 0x000007fefc154000 	C:\Windows\WinSxS\amd64_microsoft.windows.common-controls_6595b64144ccf1df_6.0.7601.17514_none_fa396087175ac9ac\COMCTL32.dll
0x000007fefe050000 - 0x000007fefe0c1000 	C:\Windows\system32\SHLWAPI.dll
0x000007fefe1e0000 - 0x000007fefe20e000 	C:\Windows\system32\IMM32.DLL
0x000007fefe0d0000 - 0x000007fefe1d9000 	C:\Windows\system32\MSCTF.dll
0x0000000180000000 - 0x000000018001c000 	C:\Windows\system32\btpload64.dll
0x00000000776d0000 - 0x00000000776d7000 	C:\Windows\system32\PSAPI.DLL
0x0000000000350000 - 0x000000000037c000 	C:\Windows\system32\privman64.dll
0x000007fefd8b0000 - 0x000007fefd8bc000 	C:\Windows\system32\VERSION.dll
0x000007fefea70000 - 0x000007feff7f9000 	C:\Windows\system32\SHELL32.dll
0x000007fefd890000 - 0x000007fefd8ae000 	C:\Windows\system32\USERENV.dll
0x000007fefd960000 - 0x000007fefd96f000 	C:\Windows\system32\profapi.dll
0x000000006b4a0000 - 0x000000006b572000 	C:\Program Files\Java\jdk1.8.0_11\jre\bin\msvcr100.dll
0x0000000070350000 - 0x0000000070b7a000 	C:\Program Files\Java\jdk1.8.0_11\jre\bin\server\jvm.dll
0x000007fefce40000 - 0x000007fefce49000 	C:\Windows\system32\WSOCK32.dll
0x000007fefe6e0000 - 0x000007fefe72d000 	C:\Windows\system32\WS2_32.dll
0x000007feff800000 - 0x000007feff808000 	C:\Windows\system32\NSI.dll
0x000007fefb4a0000 - 0x000007fefb4db000 	C:\Windows\system32\WINMM.dll
0x000000006fa50000 - 0x000000006fa5f000 	C:\Program Files\Java\jdk1.8.0_11\jre\bin\verify.dll
0x000000006d9f0000 - 0x000000006da18000 	C:\Program Files\Java\jdk1.8.0_11\jre\bin\java.dll
0x000000006c450000 - 0x000000006c473000 	C:\Program Files\Java\jdk1.8.0_11\jre\bin\instrument.dll
0x000000006d110000 - 0x000000006d126000 	C:\Program Files\Java\jdk1.8.0_11\jre\bin\zip.dll
0x000007fefdd30000 - 0x000007fefdf33000 	C:\Windows\system32\ole32.dll
0x000007fefd200000 - 0x000007fefd217000 	C:\Windows\system32\CRYPTSP.dll
0x000007fefcf00000 - 0x000007fefcf47000 	C:\Windows\system32\rsaenh.dll
0x000007fefd860000 - 0x000007fefd86f000 	C:\Windows\system32\CRYPTBASE.dll
0x000000006d380000 - 0x000000006d39a000 	C:\Program Files\Java\jdk1.8.0_11\jre\bin\net.dll
0x000007fefd1a0000 - 0x000007fefd1f5000 	C:\Windows\system32\mswsock.dll
0x000007fefd190000 - 0x000007fefd197000 	C:\Windows\System32\wship6.dll
0x000007fefc900000 - 0x000007fefc927000 	C:\Windows\system32\IPHLPAPI.DLL
0x000007fefc8f0000 - 0x000007fefc8fb000 	C:\Windows\system32\WINNSI.DLL
0x000007fefaf30000 - 0x000007fefaf48000 	C:\Windows\system32\dhcpcsvc.DLL
0x000007fefaec0000 - 0x000007fefaed1000 	C:\Windows\system32\dhcpcsvc6.DLL
0x000000006ccd0000 - 0x000000006cce1000 	C:\Program Files\Java\jdk1.8.0_11\jre\bin\nio.dll
0x000007fef4ac0000 - 0x000007fef4aca000 	C:\Users\rgopal\AppData\Local\Temp\jansi-64-551125406788697134.dll
0x000000006fd70000 - 0x000000006fd7d000 	C:\Program Files\Java\jdk1.8.0_11\jre\bin\management.dll
0x000007fefca00000 - 0x000007fefca07000 	C:\Windows\System32\wshtcpip.dll
0x000007fefd020000 - 0x000007fefd07b000 	C:\Windows\system32\DNSAPI.dll
0x0000000074bd0000 - 0x0000000074bf6000 	C:\Program Files\Bonjour\mdnsNSP.dll
0x000007fefae50000 - 0x000007fefae58000 	C:\Windows\system32\rasadhlp.dll
0x000007fefae60000 - 0x000007fefaeb3000 	C:\Windows\System32\fwpuclnt.dll
0x000007fefb200000 - 0x000007fefb215000 	C:\Windows\system32\NLAapi.dll
0x000007fefb000000 - 0x000007fefb015000 	C:\Windows\system32\napinsp.dll
0x000007fefaf70000 - 0x000007fefaf89000 	C:\Windows\system32\pnrpnsp.dll
0x000007fefaf60000 - 0x000007fefaf6b000 	C:\Windows\System32\winrnr.dll
0x000007fefaf50000 - 0x000007fefaf60000 	C:\Windows\system32\wshbth.dll
0x000007fef4860000 - 0x000007fef4985000 	C:\Windows\system32\dbghelp.dll

VM Arguments:
jvm_args: -Dfile.encoding=UTF-8 -Xmx768M -Xms64M -Dgrails.fork.parent.process.port=64843 -Dgrails.fork.active=true -Dgrails.build.execution.context=C:\Users\rgopal\AppData\Local\Temp\central8602337175919266328grails-execution-context -Dgrails.home=C:\Users\rgopal\Documents\grails-2.4.4\grails-2.4.4 -javaagent:C:\Users\rgopal\Documents\grails-2.4.4\grails-2.4.4\lib\org.springframework\springloaded\jars\springloaded-1.2.1.RELEASE.jar -Xverify:none -Dspringloaded.synchronize=true -Djdk.reflect.allowGetCallerClass=true -Dspringloaded=profile=grails;cacheDir=C:\Users\rgopal/.grails/2.4.4/ 
java_command: org.grails.plugins.tomcat.fork.ForkedTomcatServer
java_class_path (initial): C:\Program Files\Java\jdk1.8.0_11\lib\tools.jar;C:\Users\rgopal\Documents\grails-2.4.4\grails-2.4.4\lib\org.codehaus.groovy\groovy-all\jars\groovy-all-2.3.7.jar;C:\Users\rgopal\Documents\grails-2.4.4\grails-2.4.4\lib\org.slf4j\jcl-over-slf4j\jars\jcl-over-slf4j-1.7.5.jar;C:\Users\rgopal\Documents\grails-2.4.4\grails-2.4.4\lib\org.codehaus.gant\gant_groovy1.8\jars\gant_groovy1.8-1.9.6.jar;C:\Users\rgopal\Documents\grails-2.4.4\grails-2.4.4\lib\org.apache.tomcat.embed\tomcat-embed-logging-log4j\jars\tomcat-embed-logging-log4j-7.0.50.jar;C:\Users\rgopal\Documents\grails-2.4.4\grails-2.4.4\dist\grails-plugin-log4j-2.4.4.jar;C:\Users\rgopal\Documents\grails-2.4.4\grails-2.4.4\lib\log4j\log4j\jars\log4j-1.2.17.jar;C:\Users\rgopal\Documents\grails-2.4.4\grails-2.4.4\dist\grails-bootstrap-2.4.4.jar;C:\Users\rgopal\Documents\grails-2.4.4\grails-2.4.4\lib\org.slf4j\slf4j-api\jars\slf4j-api-1.7.5.jar;C:\Users\rgopal\Documents\grails-2.4.4\grails-2.4.4\lib\jline\jline\jars\jline-2.12.jar;C:\Users\rgopal\Documents\grails-2.4.4\grails-2.4.4\lib\org.apache.ant\ant\jars\ant-1.8.4.jar;C:\Users\rgopal\Documents\grails-2.4.4\grails-2.4.4\lib\org.apache.ant\ant-launcher\jars\ant-launcher-1.8.4.jar;C:\Users\rgopal\Documents\grails-2.4.4\grails-2.4.4\lib\org.apache.ant\ant-trax\jars\ant-trax-1.7.1.jar;C:\Users\rgopal\Documents\grails-2.4.4\grails-2.4.4\lib\org.apache.ant\ant-junit\jars\ant-junit-1.8.4.jar;C:\Users\rgopal\Documents\grails-2.4.4\grails-2.4.4\lib\org.apache.ivy\ivy\jars\ivy-2.3.0.jar;C:\Users\rgopal\Documents\grails-2.4.4\grails-2.4.4\lib\org.fusesource.jansi\jansi\jars\jansi-1.11.jar;C:\Users\rgopal\.m2\repository\org\apache\tomcat\tomcat-catalina-ant\7.0.55\tomcat-catalina-ant-7.0.55.jar;C:\Users\rgopal\.m2\repository\org\apache\tomcat\embed\tomcat-embed-jasper\7.0.55\tomcat-embed-jasper-7.0.55.jar;C:\Users\rgopal\.m2\repository\org\apache\tomcat\embed\tomcat-embed-el\7.0.55\tomcat-embed-el-7.0.55.jar;C:\Users\rgopal\.m2\repository\org\apache\
Launcher Type: SUN_STANDARD

Environment Variables:
JAVA_HOME=C:\Program Files\Java\jdk1.8.0_11
PATH=C:\Windows\system32;C:\Windows;C:\Windows\System32\Wbem;C:\Windows\System32\WindowsPowerShell\v1.0\;C:\users\rgopal\My Documents\springsource\grails-2.3.5\bin\;c:\Program Files\Java\jdk1.7.0_51\bin\;C:\Program Files (x86)\MiKTeX 2.9\miktex\bin\
USERNAME=rgopal
OS=Windows_NT
PROCESSOR_IDENTIFIER=Intel64 Family 6 Model 37 Stepping 5, GenuineIntel



---------------  S Y S T E M  ---------------

OS: Windows 7 , 64 bit Build 7601 Service Pack 1

CPU:total 4 (2 cores per cpu, 2 threads per core) family 6 model 37 stepping 5, cmov, cx8, fxsr, mmx, sse, sse2, sse3, ssse3, sse4.1, sse4.2, popcnt, aes, clmul, ht, tsc, tscinvbit

Memory: 4k page, physical 8181608k(2336668k free), swap 16361352k(8105356k free)

vm_info: Java HotSpot(TM) 64-Bit Server VM (25.11-b03) for windows-amd64 JRE (1.8.0_11-b12), built on Jun 16 2014 20:57:32 by "java_re" with MS VC++ 10.0 (VS2010)

time: Thu Apr 16 23:28:20 2015
elapsed time: 46 seconds

