#
# A fatal error has been detected by the Java Runtime Environment:
#
#  EXCEPTION_ACCESS_VIOLATION (0xc0000005) at pc=0x000000005abd4db2, pid=11640, tid=6580
#
# JRE version: Java(TM) SE Runtime Environment (8.0_11-b12) (build 1.8.0_11-b12)
# Java VM: Java HotSpot(TM) 64-Bit Server VM (25.11-b03 mixed mode windows-amd64 compressed oops)
# Problematic frame:
# V  [jvm.dll+0x424db2]
#
# Failed to write core dump. Minidumps are not enabled by default on client versions of Windows
#
# If you would like to submit a bug report, please visit:
#   http://bugreport.sun.com/bugreport/crash.jsp
#

---------------  T H R E A D  ---------------

Current thread (0x000000005625d000):  JavaThread "C2 CompilerThread1" daemon [_thread_in_native, id=6580, stack(0x0000000056c00000,0x0000000056d00000)]

siginfo: ExceptionCode=0xc0000005, reading address 0x0000000000000000

Registers:
RAX=0x000000005b2eb4c8, RBX=0x0000000000000600, RCX=0x0000000000000000, RDX=0x0000000058c87cd0
RSP=0x0000000056cfc530, RBP=0x00000000000000c0, RSI=0x00000000000000b8, RDI=0x0000000000000000
R8 =0x000000005a7b0000, R9 =0x0000000056cfc850, R10=0x00000000ffffffff, R11=0x000000005629a0c0
R12=0x000000005b2ebbd0, R13=0x000000005dbd9eb8, R14=0x0000000000000008, R15=0x000000005dbd9eb8
RIP=0x000000005abd4db2, EFLAGS=0x0000000000010206

Top of Stack: (sp=0x0000000056cfc530)
0x0000000056cfc530:   00000000000000da 00000000000000b0
0x0000000056cfc540:   000000000000000a 0000000000000400
0x0000000056cfc550:   0000000000000001 0000000000000600
0x0000000056cfc560:   0000000000000180 00000000000000c0
0x0000000056cfc570:   0000000058503af0 0000000056269b90
0x0000000056cfc580:   00000000000006c8 0000000058c835e0
0x0000000056cfc590:   0000000056cfc850 000000005b2e8630
0x0000000056cfc5a0:   0000000000000020 0000000000000009
0x0000000056cfc5b0:   000000005b2ebba0 00000000000000da
0x0000000056cfc5c0:   000000005dbd9eb8 000000005abd598d
0x0000000056cfc5d0:   000000005b2ebba0 000000000000001c
0x0000000056cfc5e0:   00000000000000da 0000000056cfc850
0x0000000056cfc5f0:   0000000058c87cd0 00000000000000da
0x0000000056cfc600:   000000005b2e8630 0000000000000020
0x0000000056cfc610:   000000005e11f950 0000000056cfebc0
0x0000000056cfc620:   000000005b0a7e50 000000005b2ebba0 

Instructions: (pc=0x000000005abd4db2)
0x000000005abd4d92:   c6 48 63 f0 48 03 f1 eb 04 48 83 ce ff 48 8b 84
0x000000005abd4da2:   24 a0 00 00 00 48 8b 40 08 48 8b 3c 03 48 8b cf
0x000000005abd4db2:   48 8b 07 ff 50 28 4c 8d 05 41 b2 bd ff 48 63 50
0x000000005abd4dc2:   10 4c 8b d8 48 8b ca 48 c1 e1 05 42 80 bc 01 c0 


Register to memory mapping:

RAX=0x000000005b2eb4c8 is an unknown value
RBX=0x0000000000000600 is an unknown value
RCX=0x0000000000000000 is an unknown value
RDX=0x0000000058c87cd0 is an unknown value
RSP=0x0000000056cfc530 is pointing into the stack for thread: 0x000000005625d000
RBP=0x00000000000000c0 is an unknown value
RSI=0x00000000000000b8 is an unknown value
RDI=0x0000000000000000 is an unknown value
R8 =0x000000005a7b0000 is an unknown value
R9 =0x0000000056cfc850 is pointing into the stack for thread: 0x000000005625d000
R10=0x00000000ffffffff is an unknown value
R11=0x000000005629a0c0 is an unknown value
R12=0x000000005b2ebbd0 is an unknown value
R13=0x000000005dbd9eb8 is an unknown value
R14=0x0000000000000008 is an unknown value
R15=0x000000005dbd9eb8 is an unknown value


Stack: [0x0000000056c00000,0x0000000056d00000],  sp=0x0000000056cfc530,  free space=1009k
Native frames: (J=compiled Java code, j=interpreted, Vv=VM code, C=native code)
V  [jvm.dll+0x424db2]
V  [jvm.dll+0x42598d]
V  [jvm.dll+0x425ecf]
V  [jvm.dll+0x4c5a84]
V  [jvm.dll+0x4415bc]
V  [jvm.dll+0x443a29]
V  [jvm.dll+0x427722]
V  [jvm.dll+0x96982]
V  [jvm.dll+0x97173]
V  [jvm.dll+0x2234b4]
V  [jvm.dll+0x27bcca]
C  [msvcr100.dll+0x21d9f]
C  [msvcr100.dll+0x21e3b]
C  [kernel32.dll+0x159ed]
C  [ntdll.dll+0x2c541]


Current CompileTask:
C2:  72315 6656       4       groovy.lang.MetaClassImpl::findPropertyMethod (356 bytes)


---------------  P R O C E S S  ---------------

Java Threads: ( => current thread )
  0x0000000059f9f000 JavaThread "com.oumuo.SecurityGroup.data" daemon [_thread_blocked, id=10484, stack(0x0000000061270000,0x0000000061370000)]
  0x0000000059f9e000 JavaThread "com.oumuo.Authority.data" daemon [_thread_blocked, id=7572, stack(0x00000000604c0000,0x00000000605c0000)]
  0x0000000059f9c800 JavaThread "net.sf.ehcache.CacheManager@2e9a2786" daemon [_thread_blocked, id=11820, stack(0x000000005a3b0000,0x000000005a4b0000)]
  0x0000000059f9b000 JavaThread "PoolCleaner[1430861186:1428453790264]" daemon [_thread_blocked, id=4152, stack(0x0000000060c60000,0x0000000060d60000)]
  0x000000005845b000 JavaThread "FileSystemWatcher: files=#244 cl=groovy.lang.GroovyClassLoader@55493582" daemon [_thread_blocked, id=7944, stack(0x000000005ca70000,0x000000005cb70000)]
  0x0000000059cdc000 JavaThread "localhost-startStop-1" daemon [_thread_in_native, id=9392, stack(0x000000005c320000,0x000000005c420000)]
  0x000000005947d800 JavaThread "Tomcat-startStop-1" daemon [_thread_blocked, id=3304, stack(0x000000005c930000,0x000000005ca30000)]
  0x0000000057087000 JavaThread "Thread-3" [_thread_in_native, id=9368, stack(0x0000000057860000,0x0000000057960000)]
  0x0000000057ef4000 JavaThread "Thread-2" [_thread_blocked, id=3584, stack(0x000000005c010000,0x000000005c110000)]
  0x0000000057519000 JavaThread "NonBlockingInputStreamThread" daemon [_thread_blocked, id=11540, stack(0x0000000057d10000,0x0000000057e10000)]
  0x00000000563f1000 JavaThread "Service Thread" daemon [_thread_blocked, id=2352, stack(0x0000000056f20000,0x0000000057020000)]
  0x000000005625f000 JavaThread "C1 CompilerThread2" daemon [_thread_blocked, id=10480, stack(0x0000000056dd0000,0x0000000056ed0000)]
=>0x000000005625d000 JavaThread "C2 CompilerThread1" daemon [_thread_in_native, id=6580, stack(0x0000000056c00000,0x0000000056d00000)]
  0x0000000056264800 JavaThread "C2 CompilerThread0" daemon [_thread_in_native, id=11668, stack(0x0000000056940000,0x0000000056a40000)]
  0x0000000056176800 JavaThread "Attach Listener" daemon [_thread_blocked, id=4504, stack(0x00000000567c0000,0x00000000568c0000)]
  0x0000000054cd9800 JavaThread "Signal Dispatcher" daemon [_thread_blocked, id=10508, stack(0x00000000565c0000,0x00000000566c0000)]
  0x0000000054c76800 JavaThread "Finalizer" daemon [_thread_blocked, id=11856, stack(0x0000000055f00000,0x0000000056000000)]
  0x0000000054c6b800 JavaThread "Reference Handler" daemon [_thread_blocked, id=7480, stack(0x0000000056070000,0x0000000056170000)]
  0x000000000280a000 JavaThread "main" [_thread_blocked, id=6608, stack(0x0000000002b90000,0x0000000002c90000)]

Other Threads:
  0x0000000054c68000 VMThread [stack: 0x0000000055da0000,0x0000000055ea0000] [id=6644]
  0x00000000563f4000 WatcherThread [stack: 0x0000000056ad0000,0x0000000056bd0000] [id=6108]

VM state:not at safepoint (normal execution)

VM Mutex/Monitor currently owned by a thread: None

Heap:
 PSYoungGen      total 229376K, used 174364K [0x00000000f0000000, 0x0000000100000000, 0x0000000100000000)
  eden space 211968K, 77% used [0x00000000f0000000,0x00000000f9ff2990,0x00000000fcf00000)
  from space 17408K, 60% used [0x00000000fef00000,0x00000000ff9547e8,0x0000000100000000)
  to   space 25088K, 0% used [0x00000000fcf00000,0x00000000fcf00000,0x00000000fe780000)
 ParOldGen       total 122880K, used 102857K [0x00000000d0000000, 0x00000000d7800000, 0x00000000f0000000)
  object space 122880K, 83% used [0x00000000d0000000,0x00000000d6472400,0x00000000d7800000)
 Metaspace       used 65448K, capacity 67082K, committed 67200K, reserved 1110016K
  class space    used 7065K, capacity 7543K, committed 7552K, reserved 1048576K

Card table byte_map: [0x0000000012150000,0x00000000122e0000] byte_map_base: 0x0000000011ad0000

Marking Bits: (ParMarkBitMap*) 0x000000005af612b0
 Begin Bits: [0x0000000012ae0000, 0x00000000136e0000)
 End Bits:   [0x00000000136e0000, 0x00000000142e0000)

Polling page: 0x00000000003b0000

CodeCache: size=245760Kb used=23233Kb max_used=23239Kb free=222526Kb
 bounds [0x0000000002d90000, 0x0000000004470000, 0x0000000011d90000]
 total_blobs=6463 nmethods=5702 adapters=672
 compilation: enabled

Compilation events (10 events):
Event: 72.093 Thread 0x000000005625f000 6676       3       org.springsource.loaded.ReloadableType::trackLiveInstance (49 bytes)
Event: 72.094 Thread 0x000000005625f000 nmethod 6676 0x000000000440ac50 code [0x000000000440ae20, 0x000000000440b648]
Event: 72.157 Thread 0x000000005625f000 6677       3       java.util.Collections$UnmodifiableCollection::toArray (10 bytes)
Event: 72.157 Thread 0x000000005625f000 nmethod 6677 0x0000000003465cd0 code [0x0000000003465e40, 0x0000000003466048]
Event: 72.175 Thread 0x000000005625f000 6678       3       groovy.lang.ExpandoMetaClass::getExpandoMethods (16 bytes)
Event: 72.176 Thread 0x000000005625f000 nmethod 6678 0x00000000037b7910 code [0x00000000037b7ae0, 0x00000000037b8158]
Event: 72.176 Thread 0x000000005625f000 6679       3       org.codehaus.groovy.runtime.DefaultGroovyMethods::toList (24 bytes)
Event: 72.176 Thread 0x000000005625f000 nmethod 6679 0x0000000003b51d10 code [0x0000000003b51ea0, 0x0000000003b52168]
Event: 72.176 Thread 0x000000005625f000 6680       3       java.util.concurrent.ConcurrentHashMap$CollectionView::size (8 bytes)
Event: 72.176 Thread 0x000000005625f000 nmethod 6680 0x0000000003dac990 code [0x0000000003dacb00, 0x0000000003dace48]

GC Heap History (10 events):
Event: 61.858 GC heap before
{Heap before GC invocations=58 (full 7):
 PSYoungGen      total 246272K, used 13617K [0x00000000f0000000, 0x0000000100000000, 0x0000000100000000)
  eden space 232448K, 0% used [0x00000000f0000000,0x00000000f0000000,0x00000000fe300000)
  from space 13824K, 98% used [0x00000000fe300000,0x00000000ff04c458,0x00000000ff080000)
  to   space 15872K, 0% used [0x00000000ff080000,0x00000000ff080000,0x0000000100000000)
 ParOldGen       total 87552K, used 81450K [0x00000000d0000000, 0x00000000d5580000, 0x00000000f0000000)
  object space 87552K, 93% used [0x00000000d0000000,0x00000000d4f8aa30,0x00000000d5580000)
 Metaspace       used 59920K, capacity 61458K, committed 61696K, reserved 1103872K
  class space    used 6386K, capacity 6855K, committed 6912K, reserved 1048576K
Event: 63.100 GC heap after
Heap after GC invocations=58 (full 7):
 PSYoungGen      total 246272K, used 5320K [0x00000000f0000000, 0x0000000100000000, 0x0000000100000000)
  eden space 232448K, 0% used [0x00000000f0000000,0x00000000f0000000,0x00000000fe300000)
  from space 13824K, 38% used [0x00000000fe300000,0x00000000fe832338,0x00000000ff080000)
  to   space 15872K, 0% used [0x00000000ff080000,0x00000000ff080000,0x0000000100000000)
 ParOldGen       total 102912K, used 87139K [0x00000000d0000000, 0x00000000d6480000, 0x00000000f0000000)
  object space 102912K, 84% used [0x00000000d0000000,0x00000000d5518c78,0x00000000d6480000)
 Metaspace       used 59920K, capacity 61458K, committed 61696K, reserved 1103872K
  class space    used 6386K, capacity 6855K, committed 6912K, reserved 1048576K
}
Event: 65.362 GC heap before
{Heap before GC invocations=59 (full 7):
 PSYoungGen      total 246272K, used 237768K [0x00000000f0000000, 0x0000000100000000, 0x0000000100000000)
  eden space 232448K, 100% used [0x00000000f0000000,0x00000000fe300000,0x00000000fe300000)
  from space 13824K, 38% used [0x00000000fe300000,0x00000000fe832338,0x00000000ff080000)
  to   space 15872K, 0% used [0x00000000ff080000,0x00000000ff080000,0x0000000100000000)
 ParOldGen       total 102912K, used 87139K [0x00000000d0000000, 0x00000000d6480000, 0x00000000f0000000)
  object space 102912K, 84% used [0x00000000d0000000,0x00000000d5518c78,0x00000000d6480000)
 Metaspace       used 60962K, capacity 62620K, committed 62848K, reserved 1105920K
  class space    used 6537K, capacity 6999K, committed 7040K, reserved 1048576K
Event: 65.472 GC heap after
Heap after GC invocations=59 (full 7):
 PSYoungGen      total 243200K, used 12698K [0x00000000f0000000, 0x0000000100000000, 0x0000000100000000)
  eden space 227328K, 0% used [0x00000000f0000000,0x00000000f0000000,0x00000000fde00000)
  from space 15872K, 80% used [0x00000000ff080000,0x00000000ffce6ac0,0x0000000100000000)
  to   space 17408K, 0% used [0x00000000fde00000,0x00000000fde00000,0x00000000fef00000)
 ParOldGen       total 102912K, used 87147K [0x00000000d0000000, 0x00000000d6480000, 0x00000000f0000000)
  object space 102912K, 84% used [0x00000000d0000000,0x00000000d551ac78,0x00000000d6480000)
 Metaspace       used 60962K, capacity 62620K, committed 62848K, reserved 1105920K
  class space    used 6537K, capacity 6999K, committed 7040K, reserved 1048576K
}
Event: 67.598 GC heap before
{Heap before GC invocations=60 (full 7):
 PSYoungGen      total 243200K, used 240026K [0x00000000f0000000, 0x0000000100000000, 0x0000000100000000)
  eden space 227328K, 100% used [0x00000000f0000000,0x00000000fde00000,0x00000000fde00000)
  from space 15872K, 80% used [0x00000000ff080000,0x00000000ffce6ac0,0x0000000100000000)
  to   space 17408K, 0% used [0x00000000fde00000,0x00000000fde00000,0x00000000fef00000)
 ParOldGen       total 102912K, used 87147K [0x00000000d0000000, 0x00000000d6480000, 0x00000000f0000000)
  object space 102912K, 84% used [0x00000000d0000000,0x00000000d551ac78,0x00000000d6480000)
 Metaspace       used 62584K, capacity 64226K, committed 64640K, reserved 1105920K
  class space    used 6698K, capacity 7192K, committed 7296K, reserved 1048576K
Event: 67.675 GC heap after
Heap after GC invocations=60 (full 7):
 PSYoungGen      total 244736K, used 17069K [0x00000000f0000000, 0x0000000100000000, 0x0000000100000000)
  eden space 227328K, 0% used [0x00000000f0000000,0x00000000f0000000,0x00000000fde00000)
  from space 17408K, 98% used [0x00000000fde00000,0x00000000feeab7a8,0x00000000fef00000)
  to   space 17408K, 0% used [0x00000000fef00000,0x00000000fef00000,0x0000000100000000)
 ParOldGen       total 102912K, used 87155K [0x00000000d0000000, 0x00000000d6480000, 0x00000000f0000000)
  object space 102912K, 84% used [0x00000000d0000000,0x00000000d551cc78,0x00000000d6480000)
 Metaspace       used 62584K, capacity 64226K, committed 64640K, reserved 1105920K
  class space    used 6698K, capacity 7192K, committed 7296K, reserved 1048576K
}
Event: 70.182 GC heap before
{Heap before GC invocations=61 (full 7):
 PSYoungGen      total 244736K, used 244003K [0x00000000f0000000, 0x0000000100000000, 0x0000000100000000)
  eden space 227328K, 99% used [0x00000000f0000000,0x00000000fdd9d7a8,0x00000000fde00000)
  from space 17408K, 98% used [0x00000000fde00000,0x00000000feeab7a8,0x00000000fef00000)
  to   space 17408K, 0% used [0x00000000fef00000,0x00000000fef00000,0x0000000100000000)
 ParOldGen       total 102912K, used 87155K [0x00000000d0000000, 0x00000000d6480000, 0x00000000f0000000)
  object space 102912K, 84% used [0x00000000d0000000,0x00000000d551cc78,0x00000000d6480000)
 Metaspace       used 64554K, capacity 66222K, committed 66432K, reserved 1107968K
  class space    used 6964K, capacity 7450K, committed 7552K, reserved 1048576K
Event: 70.220 GC heap after
Heap after GC invocations=61 (full 7):
 PSYoungGen      total 229376K, used 17376K [0x00000000f0000000, 0x0000000100000000, 0x0000000100000000)
  eden space 211968K, 0% used [0x00000000f0000000,0x00000000f0000000,0x00000000fcf00000)
  from space 17408K, 99% used [0x00000000fef00000,0x00000000ffff8330,0x0000000100000000)
  to   space 25088K, 0% used [0x00000000fcf00000,0x00000000fcf00000,0x00000000fe780000)
 ParOldGen       total 102912K, used 96598K [0x00000000d0000000, 0x00000000d6480000, 0x00000000f0000000)
  object space 102912K, 93% used [0x00000000d0000000,0x00000000d5e55b80,0x00000000d6480000)
 Metaspace       used 64554K, capacity 66222K, committed 66432K, reserved 1107968K
  class space    used 6964K, capacity 7450K, committed 7552K, reserved 1048576K
}
Event: 70.220 GC heap before
{Heap before GC invocations=62 (full 8):
 PSYoungGen      total 229376K, used 17376K [0x00000000f0000000, 0x0000000100000000, 0x0000000100000000)
  eden space 211968K, 0% used [0x00000000f0000000,0x00000000f0000000,0x00000000fcf00000)
  from space 17408K, 99% used [0x00000000fef00000,0x00000000ffff8330,0x0000000100000000)
  to   space 25088K, 0% used [0x00000000fcf00000,0x00000000fcf00000,0x00000000fe780000)
 ParOldGen       total 102912K, used 96598K [0x00000000d0000000, 0x00000000d6480000, 0x00000000f0000000)
  object space 102912K, 93% used [0x00000000d0000000,0x00000000d5e55b80,0x00000000d6480000)
 Metaspace       used 64554K, capacity 66222K, committed 66432K, reserved 1107968K
  class space    used 6964K, capacity 7450K, committed 7552K, reserved 1048576K
Event: 71.043 GC heap after
Heap after GC invocations=62 (full 8):
 PSYoungGen      total 229376K, used 10577K [0x00000000f0000000, 0x0000000100000000, 0x0000000100000000)
  eden space 211968K, 0% used [0x00000000f0000000,0x00000000f0000000,0x00000000fcf00000)
  from space 17408K, 60% used [0x00000000fef00000,0x00000000ff9547e8,0x0000000100000000)
  to   space 25088K, 0% used [0x00000000fcf00000,0x00000000fcf00000,0x00000000fe780000)
 ParOldGen       total 122880K, used 102857K [0x00000000d0000000, 0x00000000d7800000, 0x00000000f0000000)
  object space 122880K, 83% used [0x00000000d0000000,0x00000000d6472400,0x00000000d7800000)
 Metaspace       used 64551K, capacity 66216K, committed 66432K, reserved 1107968K
  class space    used 6964K, capacity 7449K, committed 7552K, reserved 1048576K
}

Deoptimization events (10 events):
Event: 68.216 Thread 0x0000000059cdc000 Uncommon trap: reason=unreached action=reinterpret pc=0x0000000003198db0 method=org.codehaus.groovy.runtime.metaclass.MetaMethodIndex.getMethods(Ljava/lang/Class;Ljava/lang/String;)Lorg/codehaus/groovy/runtime/metaclass/MetaMethodIndex$Entry; @ 61
Event: 68.607 Thread 0x0000000059cdc000 Uncommon trap: reason=unreached action=reinterpret pc=0x0000000003269cd4 method=org.springframework.beans.factory.support.AbstractAutowireCapableBeanFactory.predictBeanType(Ljava/lang/String;Lorg/springframework/beans/factory/support/RootBeanDefinition;[Lj:WB­l4Q@
Event: 68.819 Thread 0x0000000059cdc000 Uncommon trap: reason=class_check action=maybe_recompile pc=0x000000000328decc method=sun.reflect.generics.factory.CoreReflectionFactory.getDeclsLoader()Ljava/lang/ClassLoader; @ 25
Event: 68.819 Thread 0x0000000059cdc000 Uncommon trap: reason=class_check action=maybe_recompile pc=0x000000000328decc method=sun.reflect.generics.factory.CoreReflectionFactory.getDeclsLoader()Ljava/lang/ClassLoader; @ 25
Event: 69.151 Thread 0x0000000059cdc000 Uncommon trap: reason=class_check action=maybe_recompile pc=0x000000000328decc method=sun.reflect.generics.factory.CoreReflectionFactory.getDeclsLoader()Ljava/lang/ClassLoader; @ 25
Event: 69.151 Thread 0x0000000059cdc000 Uncommon trap: reason=class_check action=maybe_recompile pc=0x000000000328decc method=sun.reflect.generics.factory.CoreReflectionFactory.getDeclsLoader()Ljava/lang/ClassLoader; @ 25
Event: 69.388 Thread 0x0000000059cdc000 Uncommon trap: reason=null_check action=make_not_entrant pc=0x00000000043946b0 method=java.util.concurrent.ConcurrentHashMap$TreeBin.<init>(Ljava/util/concurrent/ConcurrentHashMap$TreeNode;)V @ 26
Event: 69.652 Thread 0x0000000059cdc000 Uncommon trap: reason=predicate action=maybe_recompile pc=0x0000000002f1db38 method=java.nio.charset.CharsetDecoder.decode(Ljava/nio/ByteBuffer;Ljava/nio/CharBuffer;Z)Ljava/nio/charset/CoderResult; @ 54
Event: 71.155 Thread 0x0000000059cdc000 Uncommon trap: reason=unreached action=reinterpret pc=0x000000000438afa8 method=org.springframework.util.ObjectUtils.nullSafeEquals(Ljava/lang/Object;Ljava/lang/Object;)Z @ 8
Event: 71.271 Thread 0x0000000059cdc000 Uncommon trap: reason=null_check action=make_not_entrant pc=0x0000000002fb5910 method=org.springframework.beans.ExtendedBeanInfo.isCandidateWriteMethod(Ljava/lang/reflect/Method;)Z @ 47

Internal exceptions (10 events):
Event: 72.172 Thread 0x0000000059cdc000 Exception <a 'java/security/PrivilegedActionException'> (0x00000000f923ef88) thrown at [C:\re\workspace\8-2-build-windows-amd64-cygwin\jdk8u11\648\hotspot\src\share\vm\prims\jvm.cpp, line 1248]
Event: 72.173 Thread 0x0000000059cdc000 Exception <a 'java/security/PrivilegedActionException'> (0x00000000f925a898) thrown at [C:\re\workspace\8-2-build-windows-amd64-cygwin\jdk8u11\648\hotspot\src\share\vm\prims\jvm.cpp, line 1248]
Event: 72.173 Thread 0x0000000059cdc000 Exception <a 'java/lang/ClassNotFoundException': javax/servlet/http/HttpSessionCustomizer> (0x00000000f925b2e8) thrown at [C:\re\workspace\8-2-build-windows-amd64-cygwin\jdk8u11\648\hotspot\src\share\vm\classfile\systemDictionary.cpp, line 202]
Event: 72.174 Thread 0x0000000059cdc000 Exception <a 'java/security/PrivilegedActionException'> (0x00000000f926ae30) thrown at [C:\re\workspace\8-2-build-windows-amd64-cygwin\jdk8u11\648\hotspot\src\share\vm\prims\jvm.cpp, line 1248]
Event: 72.174 Thread 0x0000000059cdc000 Exception <a 'java/security/PrivilegedActionException'> (0x00000000f9270468) thrown at [C:\re\workspace\8-2-build-windows-amd64-cygwin\jdk8u11\648\hotspot\src\share\vm\prims\jvm.cpp, line 1248]
Event: 72.175 Thread 0x0000000059cdc000 Exception <a 'java/security/PrivilegedActionException'> (0x00000000f92846e0) thrown at [C:\re\workspace\8-2-build-windows-amd64-cygwin\jdk8u11\648\hotspot\src\share\vm\prims\jvm.cpp, line 1248]
Event: 72.175 Thread 0x0000000059cdc000 Exception <a 'java/security/PrivilegedActionException'> (0x00000000f928b470) thrown at [C:\re\workspace\8-2-build-windows-amd64-cygwin\jdk8u11\648\hotspot\src\share\vm\prims\jvm.cpp, line 1248]
Event: 72.176 Thread 0x0000000059cdc000 Exception <a 'java/security/PrivilegedActionException'> (0x00000000f92ae3d8) thrown at [C:\re\workspace\8-2-build-windows-amd64-cygwin\jdk8u11\648\hotspot\src\share\vm\prims\jvm.cpp, line 1248]
Event: 72.176 Thread 0x0000000059cdc000 Exception <a 'java/security/PrivilegedActionException'> (0x00000000f92b3f70) thrown at [C:\re\workspace\8-2-build-windows-amd64-cygwin\jdk8u11\648\hotspot\src\share\vm\prims\jvm.cpp, line 1248]
Event: 72.177 Thread 0x0000000059cdc000 Exception <a 'java/security/PrivilegedActionException'> (0x00000000f92cace0) thrown at [C:\re\workspace\8-2-build-windows-amd64-cygwin\jdk8u11\648\hotspot\src\share\vm\prims\jvm.cpp, line 1248]

Events (10 events):
Event: 72.172 loading class javax/servlet/http/HttpSessionCustomizer
Event: 72.172 loading class javax/servlet/http/HttpSessionCustomizer done
Event: 72.173 loading class javax/servlet/http/HttpSessionCustomizer
Event: 72.173 loading class javax/servlet/http/HttpSessionCustomizer done
Event: 72.174 loading class org/codehaus/groovy/grails/plugins/web/ServletsGrailsPluginSupport$_enhanceServletApi_closure5
Event: 72.174 loading class org/codehaus/groovy/grails/plugins/web/ServletsGrailsPluginSupport$_enhanceServletApi_closure5 done
Event: 72.175 loading class groovy/runtime/metaclass/org/codehaus/groovy/grails/plugins/web/ServletsGrailsPluginSupport$_enhanceServletApi_closure5MetaClass
Event: 72.175 loading class groovy/runtime/metaclass/org/codehaus/groovy/grails/plugins/web/ServletsGrailsPluginSupport$_enhanceServletApi_closure5MetaClass done
Event: 72.176 loading class org/codehaus/groovy/grails/plugins/web/ServletsGrailsPluginSupport$_enhanceServletApi_closure5BeanInfo
Event: 72.176 loading class org/codehaus/groovy/grails/plugins/web/ServletsGrailsPluginSupport$_enhanceServletApi_closure5BeanInfo done


Dynamic libraries:
0x000000013f690000 - 0x000000013f6c4000 	C:\Program Files\Java\jdk1.8.0_11\bin\java.exe
0x0000000077980000 - 0x0000000077b29000 	C:\Windows\SYSTEM32\ntdll.dll
0x0000000077860000 - 0x000000007797f000 	C:\Windows\system32\kernel32.dll
0x000007fefe140000 - 0x000007fefe1ac000 	C:\Windows\system32\KERNELBASE.dll
0x000007feff400000 - 0x000007feff4db000 	C:\Windows\system32\ADVAPI32.dll
0x000007feffb10000 - 0x000007feffbaf000 	C:\Windows\system32\msvcrt.dll
0x000007feffae0000 - 0x000007feffaff000 	C:\Windows\SYSTEM32\sechost.dll
0x000007fefef40000 - 0x000007feff06d000 	C:\Windows\system32\RPCRT4.dll
0x0000000077280000 - 0x000000007737a000 	C:\Windows\system32\USER32.dll
0x000007feffc20000 - 0x000007feffc87000 	C:\Windows\system32\GDI32.dll
0x000007feffc10000 - 0x000007feffc1e000 	C:\Windows\system32\LPK.dll
0x000007feff560000 - 0x000007feff629000 	C:\Windows\system32\USP10.dll
0x000007fefc3e0000 - 0x000007fefc5d4000 	C:\Windows\WinSxS\amd64_microsoft.windows.common-controls_6595b64144ccf1df_6.0.7601.17514_none_fa396087175ac9ac\COMCTL32.dll
0x000007feff4e0000 - 0x000007feff551000 	C:\Windows\system32\SHLWAPI.dll
0x000007feff110000 - 0x000007feff13e000 	C:\Windows\system32\IMM32.DLL
0x000007feff720000 - 0x000007feff829000 	C:\Windows\system32\MSCTF.dll
0x0000000180000000 - 0x000000018001c000 	C:\Windows\system32\btpload64.dll
0x0000000077b40000 - 0x0000000077b47000 	C:\Windows\system32\PSAPI.DLL
0x0000000000370000 - 0x000000000039c000 	C:\Windows\system32\privman64.dll
0x000007fefdd30000 - 0x000007fefdd3c000 	C:\Windows\system32\VERSION.dll
0x000007fefe1b0000 - 0x000007fefef39000 	C:\Windows\system32\SHELL32.dll
0x000007fefdd10000 - 0x000007fefdd2e000 	C:\Windows\system32\USERENV.dll
0x000007fefdde0000 - 0x000007fefddef000 	C:\Windows\system32\profapi.dll
0x000000006e110000 - 0x000000006e1e2000 	C:\Program Files\Java\jdk1.8.0_11\jre\bin\msvcr100.dll
0x000000005a7b0000 - 0x000000005afda000 	C:\Program Files\Java\jdk1.8.0_11\jre\bin\server\jvm.dll
0x000007fefd2c0000 - 0x000007fefd2c9000 	C:\Windows\system32\WSOCK32.dll
0x000007feff6d0000 - 0x000007feff71d000 	C:\Windows\system32\WS2_32.dll
0x000007feffb00000 - 0x000007feffb08000 	C:\Windows\system32\NSI.dll
0x000007fefb930000 - 0x000007fefb96b000 	C:\Windows\system32\WINMM.dll
0x0000000070860000 - 0x000000007086f000 	C:\Program Files\Java\jdk1.8.0_11\jre\bin\verify.dll
0x0000000070830000 - 0x0000000070858000 	C:\Program Files\Java\jdk1.8.0_11\jre\bin\java.dll
0x000000006d790000 - 0x000000006d7b3000 	C:\Program Files\Java\jdk1.8.0_11\jre\bin\instrument.dll
0x0000000070680000 - 0x0000000070696000 	C:\Program Files\Java\jdk1.8.0_11\jre\bin\zip.dll
0x000007feff830000 - 0x000007feffa33000 	C:\Windows\system32\ole32.dll
0x000007fefd680000 - 0x000007fefd697000 	C:\Windows\system32\CRYPTSP.dll
0x000007fefd380000 - 0x000007fefd3c7000 	C:\Windows\system32\rsaenh.dll
0x000007fefdce0000 - 0x000007fefdcef000 	C:\Windows\system32\CRYPTBASE.dll
0x0000000070660000 - 0x000000007067a000 	C:\Program Files\Java\jdk1.8.0_11\jre\bin\net.dll
0x000007fefd620000 - 0x000007fefd675000 	C:\Windows\system32\mswsock.dll
0x000007fefd610000 - 0x000007fefd617000 	C:\Windows\System32\wship6.dll
0x000007fefcd80000 - 0x000007fefcda7000 	C:\Windows\system32\IPHLPAPI.DLL
0x000007fefcd70000 - 0x000007fefcd7b000 	C:\Windows\system32\WINNSI.DLL
0x000007fefb3d0000 - 0x000007fefb3e8000 	C:\Windows\system32\dhcpcsvc.DLL
0x000007fefb3b0000 - 0x000007fefb3c1000 	C:\Windows\system32\dhcpcsvc6.DLL
0x0000000070640000 - 0x0000000070651000 	C:\Program Files\Java\jdk1.8.0_11\jre\bin\nio.dll
0x000007fefb1f0000 - 0x000007fefb1fa000 	C:\Users\rgopal\AppData\Local\Temp\jansi-64-4563816305708256468.dll
0x0000000070590000 - 0x000000007059d000 	C:\Program Files\Java\jdk1.8.0_11\jre\bin\management.dll
0x000007fefce80000 - 0x000007fefce87000 	C:\Windows\System32\wshtcpip.dll
0x000007fefd4a0000 - 0x000007fefd4fb000 	C:\Windows\system32\DNSAPI.dll
0x0000000074fa0000 - 0x0000000074fc6000 	C:\Program Files\Bonjour\mdnsNSP.dll
0x000007fefb340000 - 0x000007fefb348000 	C:\Windows\system32\rasadhlp.dll
0x000007fefb350000 - 0x000007fefb3a3000 	C:\Windows\System32\fwpuclnt.dll
0x000007fefb450000 - 0x000007fefb465000 	C:\Windows\system32\NLAapi.dll
0x000007fefb430000 - 0x000007fefb445000 	C:\Windows\system32\napinsp.dll
0x000007fefb410000 - 0x000007fefb429000 	C:\Windows\system32\pnrpnsp.dll
0x000007fefb400000 - 0x000007fefb40b000 	C:\Windows\System32\winrnr.dll
0x000007fefb3f0000 - 0x000007fefb400000 	C:\Windows\system32\wshbth.dll
0x000007fef6a90000 - 0x000007fef6bb5000 	C:\Windows\system32\dbghelp.dll

VM Arguments:
jvm_args: -Dfile.encoding=UTF-8 -Xmx768M -Xms64M -Dgrails.fork.parent.process.port=55827 -Dgrails.fork.active=true -Dgrails.build.execution.context=C:\Users\rgopal\AppData\Local\Temp\central6546534345335656704grails-execution-context -Dgrails.home=C:\Users\rgopal\Documents\grails-2.4.4\grails-2.4.4 -javaagent:C:\Users\rgopal\Documents\grails-2.4.4\grails-2.4.4\lib\org.springframework\springloaded\jars\springloaded-1.2.1.RELEASE.jar -Xverify:none -Dspringloaded.synchronize=true -Djdk.reflect.allowGetCallerClass=true -Dspringloaded=profile=grails;cacheDir=C:\Users\rgopal/.grails/2.4.4/ 
java_command: org.grails.plugins.tomcat.fork.ForkedTomcatServer
java_class_path (initial): C:\Program Files\Java\jdk1.8.0_11\lib\tools.jar;C:\Users\rgopal\Documents\grails-2.4.4\grails-2.4.4\lib\org.codehaus.groovy\groovy-all\jars\groovy-all-2.3.7.jar;C:\Users\rgopal\Documents\grails-2.4.4\grails-2.4.4\lib\org.slf4j\jcl-over-slf4j\jars\jcl-over-slf4j-1.7.5.jar;C:\Users\rgopal\Documents\grails-2.4.4\grails-2.4.4\lib\org.codehaus.gant\gant_groovy1.8\jars\gant_groovy1.8-1.9.6.jar;C:\Users\rgopal\Documents\grails-2.4.4\grails-2.4.4\lib\org.apache.tomcat.embed\tomcat-embed-logging-log4j\jars\tomcat-embed-logging-log4j-7.0.50.jar;C:\Users\rgopal\Documents\grails-2.4.4\grails-2.4.4\dist\grails-plugin-log4j-2.4.4.jar;C:\Users\rgopal\Documents\grails-2.4.4\grails-2.4.4\lib\log4j\log4j\jars\log4j-1.2.17.jar;C:\Users\rgopal\Documents\grails-2.4.4\grails-2.4.4\dist\grails-bootstrap-2.4.4.jar;C:\Users\rgopal\Documents\grails-2.4.4\grails-2.4.4\lib\org.slf4j\slf4j-api\jars\slf4j-api-1.7.5.jar;C:\Users\rgopal\Documents\grails-2.4.4\grails-2.4.4\lib\jline\jline\jars\jline-2.12.jar;C:\Users\rgopal\Documents\grails-2.4.4\grails-2.4.4\lib\org.apache.ant\ant\jars\ant-1.8.4.jar;C:\Users\rgopal\Documents\grails-2.4.4\grails-2.4.4\lib\org.apache.ant\ant-launcher\jars\ant-launcher-1.8.4.jar;C:\Users\rgopal\Documents\grails-2.4.4\grails-2.4.4\lib\org.apache.ant\ant-trax\jars\ant-trax-1.7.1.jar;C:\Users\rgopal\Documents\grails-2.4.4\grails-2.4.4\lib\org.apache.ant\ant-junit\jars\ant-junit-1.8.4.jar;C:\Users\rgopal\Documents\grails-2.4.4\grails-2.4.4\lib\org.apache.ivy\ivy\jars\ivy-2.3.0.jar;C:\Users\rgopal\Documents\grails-2.4.4\grails-2.4.4\lib\org.fusesource.jansi\jansi\jars\jansi-1.11.jar;C:\Users\rgopal\.m2\repository\org\apache\tomcat\tomcat-catalina-ant\7.0.55\tomcat-catalina-ant-7.0.55.jar;C:\Users\rgopal\.m2\repository\org\apache\tomcat\embed\tomcat-embed-jasper\7.0.55\tomcat-embed-jasper-7.0.55.jar;C:\Users\rgopal\.m2\repository\org\apache\tomcat\embed\tomcat-embed-el\7.0.55\tomcat-embed-el-7.0.55.jar;C:\Users\rgopal\.m2\repository\org\apache\
Launcher Type: SUN_STANDARD

Environment Variables:
JAVA_HOME=C:\Program Files\Java\jdk1.8.0_11
PATH=C:\Windows\system32;C:\Windows;C:\Windows\System32\Wbem;C:\Windows\System32\WindowsPowerShell\v1.0\;C:\users\rgopal\My Documents\springsource\grails-2.3.5\bin\;c:\Program Files\Java\jdk1.7.0_51\bin\;C:\Program Files (x86)\MiKTeX 2.9\miktex\bin\
USERNAME=rgopal
OS=Windows_NT
PROCESSOR_IDENTIFIER=Intel64 Family 6 Model 37 Stepping 5, GenuineIntel



---------------  S Y S T E M  ---------------

OS: Windows 7 , 64 bit Build 7601 Service Pack 1

CPU:total 4 (2 cores per cpu, 2 threads per core) family 6 model 37 stepping 5, cmov, cx8, fxsr, mmx, sse, sse2, sse3, ssse3, sse4.1, sse4.2, popcnt, aes, clmul, ht, tsc, tscinvbit

Memory: 4k page, physical 8181608k(1018664k free), swap 16361352k(5807196k free)

vm_info: Java HotSpot(TM) 64-Bit Server VM (25.11-b03) for windows-amd64 JRE (1.8.0_11-b12), built on Jun 16 2014 20:57:32 by "java_re" with MS VC++ 10.0 (VS2010)

time: Tue Apr 07 20:43:31 2015
elapsed time: 72 seconds

