#
# A fatal error has been detected by the Java Runtime Environment:
#
#  EXCEPTION_ACCESS_VIOLATION (0xc0000005) at pc=0x000000005abd4db2, pid=8376, tid=8652
#
# JRE version: Java(TM) SE Runtime Environment (8.0_11-b12) (build 1.8.0_11-b12)
# Java VM: Java HotSpot(TM) 64-Bit Server VM (25.11-b03 mixed mode windows-amd64 compressed oops)
# Problematic frame:
# V  [jvm.dll+0x424db2]
#
# Failed to write core dump. Minidumps are not enabled by default on client versions of Windows
#
# If you would like to submit a bug report, please visit:
#   http://bugreport.sun.com/bugreport/crash.jsp
#

---------------  T H R E A D  ---------------

Current thread (0x000000005613c800):  JavaThread "C2 CompilerThread0" daemon [_thread_in_native, id=8652, stack(0x00000000567e0000,0x00000000568e0000)]

siginfo: ExceptionCode=0xc0000005, reading address 0x0000000000000000

Registers:
RAX=0x0000000059879b18, RBX=0x0000000000000600, RCX=0x0000000000000000, RDX=0x000000005d984940
RSP=0x00000000568dc5c0, RBP=0x00000000000000c0, RSI=0x00000000000000b8, RDI=0x0000000000000000
R8 =0x000000005a7b0000, R9 =0x00000000568dc8e0, R10=0x00000000ffffffff, R11=0x00000000561548c0
R12=0x000000005987a220, R13=0x000000005c041b88, R14=0x0000000000000008, R15=0x000000005c041b88
RIP=0x000000005abd4db2, EFLAGS=0x0000000000010206

Top of Stack: (sp=0x00000000568dc5c0)
0x00000000568dc5c0:   00000000000000da 00000000000000b0
0x00000000568dc5d0:   000000000000000a 0000000000000400
0x00000000568dc5e0:   0000000000000001 0000000000000600
0x00000000568dc5f0:   0000000000000180 00000000000000c0
0x00000000568dc600:   00000000564186c0 0000000056140b00
0x00000000568dc610:   00000000000006d8 000000005d980500
0x00000000568dc620:   00000000568dc8e0 0000000059876ca0
0x00000000568dc630:   0000000000000020 0000000000000009
0x00000000568dc640:   000000005987a1f0 00000000000000da
0x00000000568dc650:   000000005c041b88 000000005abd598d
0x00000000568dc660:   000000005987a1f0 000000000000001c
0x00000000568dc670:   00000000000000da 00000000568dc8e0
0x00000000568dc680:   000000005d984940 00000000000000da
0x00000000568dc690:   0000000059876ca0 0000000000000020
0x00000000568dc6a0:   0000000057d96948 00000000568dec50
0x00000000568dc6b0:   0000000057d96f78 000000005987a1f0 

Instructions: (pc=0x000000005abd4db2)
0x000000005abd4d92:   c6 48 63 f0 48 03 f1 eb 04 48 83 ce ff 48 8b 84
0x000000005abd4da2:   24 a0 00 00 00 48 8b 40 08 48 8b 3c 03 48 8b cf
0x000000005abd4db2:   48 8b 07 ff 50 28 4c 8d 05 41 b2 bd ff 48 63 50
0x000000005abd4dc2:   10 4c 8b d8 48 8b ca 48 c1 e1 05 42 80 bc 01 c0 


Register to memory mapping:

RAX=0x0000000059879b18 is an unknown value
RBX=0x0000000000000600 is an unknown value
RCX=0x0000000000000000 is an unknown value
RDX=0x000000005d984940 is an unknown value
RSP=0x00000000568dc5c0 is pointing into the stack for thread: 0x000000005613c800
RBP=0x00000000000000c0 is an unknown value
RSI=0x00000000000000b8 is an unknown value
RDI=0x0000000000000000 is an unknown value
R8 =0x000000005a7b0000 is an unknown value
R9 =0x00000000568dc8e0 is pointing into the stack for thread: 0x000000005613c800
R10=0x00000000ffffffff is an unknown value
R11=0x00000000561548c0 is an unknown value
R12=0x000000005987a220 is an unknown value
R13=0x000000005c041b88 is an unknown value
R14=0x0000000000000008 is an unknown value
R15=0x000000005c041b88 is an unknown value


Stack: [0x00000000567e0000,0x00000000568e0000],  sp=0x00000000568dc5c0,  free space=1009k
Native frames: (J=compiled Java code, j=interpreted, Vv=VM code, C=native code)
V  [jvm.dll+0x424db2]
V  [jvm.dll+0x42598d]
V  [jvm.dll+0x425ecf]
V  [jvm.dll+0x4c5a84]
V  [jvm.dll+0x4415bc]
V  [jvm.dll+0x443a29]
V  [jvm.dll+0x427722]
V  [jvm.dll+0x96982]
V  [jvm.dll+0x97173]
V  [jvm.dll+0x2234b4]
V  [jvm.dll+0x27bcca]
C  [msvcr100.dll+0x21d9f]
C  [msvcr100.dll+0x21e3b]
C  [kernel32.dll+0x159ed]
C  [ntdll.dll+0x2c541]


Current CompileTask:
C2:  58322 6986       4       groovy.lang.MetaClassImpl::findPropertyMethod (356 bytes)


---------------  P R O C E S S  ---------------

Java Threads: ( => current thread )
  0x000000005618d000 JavaThread "com.oumuo.SecurityGroup.data" daemon [_thread_blocked, id=12100, stack(0x0000000060460000,0x0000000060560000)]
  0x000000005618c000 JavaThread "com.oumuo.Authority.data" daemon [_thread_blocked, id=10572, stack(0x000000005fcb0000,0x000000005fdb0000)]
  0x000000005618a800 JavaThread "net.sf.ehcache.CacheManager@379f516b" daemon [_thread_blocked, id=7660, stack(0x000000005a690000,0x000000005a790000)]
  0x00000000588c9800 JavaThread "PoolCleaner[1070157899:1428804493454]" daemon [_thread_blocked, id=9928, stack(0x000000005f780000,0x000000005f880000)]
  0x000000005914d000 JavaThread "FileSystemWatcher: files=#279 cl=groovy.lang.GroovyClassLoader@3fc9504b" daemon [_thread_blocked, id=5912, stack(0x000000005c840000,0x000000005c940000)]
  0x00000000592f5800 JavaThread "localhost-startStop-1" daemon [_thread_in_Java, id=6836, stack(0x000000005c6e0000,0x000000005c7e0000)]
  0x000000005b947000 JavaThread "Tomcat-startStop-1" daemon [_thread_blocked, id=10824, stack(0x000000005c490000,0x000000005c590000)]
  0x000000005974f800 JavaThread "Thread-3" [_thread_in_native, id=11504, stack(0x00000000577d0000,0x00000000578d0000)]
  0x000000005827f800 JavaThread "Thread-2" [_thread_blocked, id=216, stack(0x000000005a170000,0x000000005a270000)]
  0x0000000057369800 JavaThread "NonBlockingInputStreamThread" daemon [_thread_blocked, id=7776, stack(0x0000000057c90000,0x0000000057d90000)]
  0x0000000056258800 JavaThread "Service Thread" daemon [_thread_blocked, id=9864, stack(0x0000000056cb0000,0x0000000056db0000)]
  0x0000000056137000 JavaThread "C1 CompilerThread2" daemon [_thread_blocked, id=6136, stack(0x0000000056b20000,0x0000000056c20000)]
  0x0000000056135000 JavaThread "C2 CompilerThread1" daemon [_thread_in_native, id=2560, stack(0x0000000056980000,0x0000000056a80000)]
=>0x000000005613c800 JavaThread "C2 CompilerThread0" daemon [_thread_in_native, id=8652, stack(0x00000000567e0000,0x00000000568e0000)]
  0x0000000054bdf800 JavaThread "Attach Listener" daemon [_thread_blocked, id=6272, stack(0x0000000056680000,0x0000000056780000)]
  0x0000000054bdc000 JavaThread "Signal Dispatcher" daemon [_thread_blocked, id=9352, stack(0x0000000056550000,0x0000000056650000)]
  0x0000000054b7a000 JavaThread "Finalizer" daemon [_thread_blocked, id=11848, stack(0x0000000055e30000,0x0000000055f30000)]
  0x0000000054b6f000 JavaThread "Reference Handler" daemon [_thread_blocked, id=6812, stack(0x0000000055f40000,0x0000000056040000)]
  0x000000000283a000 JavaThread "main" [_thread_blocked, id=8844, stack(0x0000000002be0000,0x0000000002ce0000)]

Other Threads:
  0x0000000054b6b800 VMThread [stack: 0x0000000055d20000,0x0000000055e20000] [id=9048]
  0x000000005625d800 WatcherThread [stack: 0x0000000056ed0000,0x0000000056fd0000] [id=10796]

VM state:not at safepoint (normal execution)

VM Mutex/Monitor currently owned by a thread: None

Heap:
 PSYoungGen      total 197120K, used 57516K [0x00000000f0000000, 0x0000000100000000, 0x0000000100000000)
  eden space 138240K, 9% used [0x00000000f0000000,0x00000000f0d2eca0,0x00000000f8700000)
  from space 58880K, 74% used [0x00000000fc680000,0x00000000ff17c428,0x0000000100000000)
  to   space 61952K, 0% used [0x00000000f8700000,0x00000000f8700000,0x00000000fc380000)
 ParOldGen       total 111104K, used 95684K [0x00000000d0000000, 0x00000000d6c80000, 0x00000000f0000000)
  object space 111104K, 86% used [0x00000000d0000000,0x00000000d5d711e0,0x00000000d6c80000)
 Metaspace       used 69433K, capacity 71196K, committed 71424K, reserved 1112064K
  class space    used 7351K, capacity 7882K, committed 7936K, reserved 1048576K

Card table byte_map: [0x00000000120a0000,0x0000000012230000] byte_map_base: 0x0000000011a20000

Marking Bits: (ParMarkBitMap*) 0x000000005af612b0
 Begin Bits: [0x0000000012860000, 0x0000000013460000)
 End Bits:   [0x0000000013460000, 0x0000000014060000)

Polling page: 0x0000000001bc0000

CodeCache: size=245760Kb used=22452Kb max_used=22810Kb free=223307Kb
 bounds [0x0000000002ce0000, 0x0000000004370000, 0x0000000011ce0000]
 total_blobs=6635 nmethods=5870 adapters=675
 compilation: enabled

Compilation events (10 events):
Event: 58.156 Thread 0x0000000056137000 nmethod 7089 0x000000000355ced0 code [0x000000000355d040, 0x000000000355d1a8]
Event: 58.156 Thread 0x0000000056137000 7092       2       com.sun.org.apache.xerces.internal.dom.ParentNode::item (6 bytes)
Event: 58.156 Thread 0x0000000056137000 nmethod 7092 0x00000000032dec90 code [0x00000000032dee00, 0x00000000032def68]
Event: 58.156 Thread 0x0000000056137000 7094       2       com.sun.org.apache.xerces.internal.dom.ParentNode::lastChild (19 bytes)
Event: 58.156 Thread 0x0000000056137000 nmethod 7094 0x0000000003376a10 code [0x0000000003376b60, 0x0000000003376cd0]
Event: 58.156 Thread 0x0000000056137000 7088       2       com.sun.org.apache.xerces.internal.dom.DeferredDocumentImpl::appendChild (81 bytes)
Event: 58.157 Thread 0x0000000056137000 nmethod 7088 0x000000000383ef90 code [0x000000000383f120, 0x000000000383f3c8]
Event: 58.157 Thread 0x0000000056137000 7098       2       com.sun.org.apache.xerces.internal.dom.ElementImpl::getNodeName (16 bytes)
Event: 58.157 Thread 0x0000000056137000 nmethod 7098 0x0000000003a23010 code [0x0000000003a23180, 0x0000000003a23328]
Event: 58.157 Thread 0x0000000056137000 7097       2       org.springframework.beans.factory.xml.BeanDefinitionParserDelegate::isCandidateElement (34 bytes)

GC Heap History (10 events):
Event: 49.878 GC heap after
Heap after GC invocations=70 (full 6):
 PSYoungGen      total 198144K, used 42468K [0x00000000f0000000, 0x0000000100000000, 0x0000000100000000)
  eden space 155648K, 0% used [0x00000000f0000000,0x00000000f0000000,0x00000000f9800000)
  from space 42496K, 99% used [0x00000000fd680000,0x00000000ffff93b0,0x0000000100000000)
  to   space 53248K, 0% used [0x00000000f9800000,0x00000000f9800000,0x00000000fcc00000)
 ParOldGen       total 92672K, used 75816K [0x00000000d0000000, 0x00000000d5a80000, 0x00000000f0000000)
  object space 92672K, 81% used [0x00000000d0000000,0x00000000d4a0a158,0x00000000d5a80000)
 Metaspace       used 65497K, capacity 67174K, committed 67584K, reserved 1110016K
  class space    used 6829K, capacity 7307K, committed 7424K, reserved 1048576K
}
Event: 52.453 GC heap before
{Heap before GC invocations=71 (full 6):
 PSYoungGen      total 198144K, used 198116K [0x00000000f0000000, 0x0000000100000000, 0x0000000100000000)
  eden space 155648K, 100% used [0x00000000f0000000,0x00000000f9800000,0x00000000f9800000)
  from space 42496K, 99% used [0x00000000fd680000,0x00000000ffff93b0,0x0000000100000000)
  to   space 53248K, 0% used [0x00000000f9800000,0x00000000f9800000,0x00000000fcc00000)
 ParOldGen       total 92672K, used 75816K [0x00000000d0000000, 0x00000000d5a80000, 0x00000000f0000000)
  object space 92672K, 81% used [0x00000000d0000000,0x00000000d4a0a158,0x00000000d5a80000)
 Metaspace       used 66465K, capacity 68148K, committed 68480K, reserved 1110016K
  class space    used 6923K, capacity 7431K, committed 7552K, reserved 1048576K
Event: 52.542 GC heap after
Heap after GC invocations=71 (full 6):
 PSYoungGen      total 194048K, used 37890K [0x00000000f0000000, 0x0000000100000000, 0x0000000100000000)
  eden space 155648K, 0% used [0x00000000f0000000,0x00000000f0000000,0x00000000f9800000)
  from space 38400K, 98% used [0x00000000f9800000,0x00000000fbd00850,0x00000000fbd80000)
  to   space 55808K, 0% used [0x00000000fc980000,0x00000000fc980000,0x0000000100000000)
 ParOldGen       total 92672K, used 87608K [0x00000000d0000000, 0x00000000d5a80000, 0x00000000f0000000)
  object space 92672K, 94% used [0x00000000d0000000,0x00000000d558e208,0x00000000d5a80000)
 Metaspace       used 66465K, capacity 68148K, committed 68480K, reserved 1110016K
  class space    used 6923K, capacity 7431K, committed 7552K, reserved 1048576K
}
Event: 52.542 GC heap before
{Heap before GC invocations=72 (full 7):
 PSYoungGen      total 194048K, used 37890K [0x00000000f0000000, 0x0000000100000000, 0x0000000100000000)
  eden space 155648K, 0% used [0x00000000f0000000,0x00000000f0000000,0x00000000f9800000)
  from space 38400K, 98% used [0x00000000f9800000,0x00000000fbd00850,0x00000000fbd80000)
  to   space 55808K, 0% used [0x00000000fc980000,0x00000000fc980000,0x0000000100000000)
 ParOldGen       total 92672K, used 87608K [0x00000000d0000000, 0x00000000d5a80000, 0x00000000f0000000)
  object space 92672K, 94% used [0x00000000d0000000,0x00000000d558e208,0x00000000d5a80000)
 Metaspace       used 66465K, capacity 68148K, committed 68480K, reserved 1110016K
  class space    used 6923K, capacity 7431K, committed 7552K, reserved 1048576K
Event: 54.280 GC heap after
Heap after GC invocations=72 (full 7):
 PSYoungGen      total 194048K, used 30886K [0x00000000f0000000, 0x0000000100000000, 0x0000000100000000)
  eden space 155648K, 0% used [0x00000000f0000000,0x00000000f0000000,0x00000000f9800000)
  from space 38400K, 80% used [0x00000000f9800000,0x00000000fb629a60,0x00000000fbd80000)
  to   space 55808K, 0% used [0x00000000fc980000,0x00000000fc980000,0x0000000100000000)
 ParOldGen       total 111104K, used 92218K [0x00000000d0000000, 0x00000000d6c80000, 0x00000000f0000000)
  object space 111104K, 83% used [0x00000000d0000000,0x00000000d5a0ea18,0x00000000d6c80000)
 Metaspace       used 66458K, capacity 68136K, committed 68480K, reserved 1110016K
  class space    used 6922K, capacity 7429K, committed 7552K, reserved 1048576K
}
Event: 55.431 GC heap before
{Heap before GC invocations=73 (full 7):
 PSYoungGen      total 194048K, used 177138K [0x00000000f0000000, 0x0000000100000000, 0x0000000100000000)
  eden space 155648K, 93% used [0x00000000f0000000,0x00000000f8ed3170,0x00000000f9800000)
  from space 38400K, 80% used [0x00000000f9800000,0x00000000fb629a60,0x00000000fbd80000)
  to   space 55808K, 0% used [0x00000000fc980000,0x00000000fc980000,0x0000000100000000)
 ParOldGen       total 111104K, used 92218K [0x00000000d0000000, 0x00000000d6c80000, 0x00000000f0000000)
  object space 111104K, 83% used [0x00000000d0000000,0x00000000d5a0ea18,0x00000000d6c80000)
 Metaspace       used 67951K, capacity 69658K, committed 69888K, reserved 1112064K
  class space    used 7149K, capacity 7656K, committed 7680K, reserved 1048576K
Event: 55.501 GC heap after
Heap after GC invocations=73 (full 7):
 PSYoungGen      total 203264K, used 37786K [0x00000000f0000000, 0x0000000100000000, 0x0000000100000000)
  eden space 147456K, 0% used [0x00000000f0000000,0x00000000f0000000,0x00000000f9000000)
  from space 55808K, 67% used [0x00000000fc980000,0x00000000fee668f8,0x0000000100000000)
  to   space 57344K, 0% used [0x00000000f9000000,0x00000000f9000000,0x00000000fc800000)
 ParOldGen       total 111104K, used 92218K [0x00000000d0000000, 0x00000000d6c80000, 0x00000000f0000000)
  object space 111104K, 83% used [0x00000000d0000000,0x00000000d5a0ea18,0x00000000d6c80000)
 Metaspace       used 67951K, capacity 69658K, committed 69888K, reserved 1112064K
  class space    used 7149K, capacity 7656K, committed 7680K, reserved 1048576K
}
Event: 56.636 GC heap before
{Heap before GC invocations=74 (full 7):
 PSYoungGen      total 203264K, used 178117K [0x00000000f0000000, 0x0000000100000000, 0x0000000100000000)
  eden space 147456K, 95% used [0x00000000f0000000,0x00000000f890ae08,0x00000000f9000000)
  from space 55808K, 67% used [0x00000000fc980000,0x00000000fee668f8,0x0000000100000000)
  to   space 57344K, 0% used [0x00000000f9000000,0x00000000f9000000,0x00000000fc800000)
 ParOldGen       total 111104K, used 92218K [0x00000000d0000000, 0x00000000d6c80000, 0x00000000f0000000)
  object space 111104K, 83% used [0x00000000d0000000,0x00000000d5a0ea18,0x00000000d6c80000)
 Metaspace       used 68262K, capacity 69908K, committed 70272K, reserved 1112064K
  class space    used 7201K, capacity 7702K, committed 7808K, reserved 1048576K
Event: 56.677 GC heap after
Heap after GC invocations=74 (full 7):
 PSYoungGen      total 185344K, used 37844K [0x00000000f0000000, 0x0000000100000000, 0x0000000100000000)
  eden space 147456K, 0% used [0x00000000f0000000,0x00000000f0000000,0x00000000f9000000)
  from space 37888K, 99% used [0x00000000f9000000,0x00000000fb4f52f0,0x00000000fb500000)
  to   space 58880K, 0% used [0x00000000fc680000,0x00000000fc680000,0x0000000100000000)
 ParOldGen       total 111104K, used 94200K [0x00000000d0000000, 0x00000000d6c80000, 0x00000000f0000000)
  object space 111104K, 84% used [0x00000000d0000000,0x00000000d5bfe2a8,0x00000000d6c80000)
 Metaspace       used 68262K, capacity 69908K, committed 70272K, reserved 1112064K
  class space    used 7201K, capacity 7702K, committed 7808K, reserved 1048576K
}
Event: 58.157 GC heap before
{Heap before GC invocations=75 (full 7):
 PSYoungGen      total 185344K, used 183739K [0x00000000f0000000, 0x0000000100000000, 0x0000000100000000)
  eden space 147456K, 98% used [0x00000000f0000000,0x00000000f8e79930,0x00000000f9000000)
  from space 37888K, 99% used [0x00000000f9000000,0x00000000fb4f52f0,0x00000000fb500000)
  to   space 58880K, 0% used [0x00000000fc680000,0x00000000fc680000,0x0000000100000000)
 ParOldGen       total 111104K, used 94200K [0x00000000d0000000, 0x00000000d6c80000, 0x00000000f0000000)
  object space 111104K, 84% used [0x00000000d0000000,0x00000000d5bfe2a8,0x00000000d6c80000)
 Metaspace       used 69385K, capacity 71126K, committed 71424K, reserved 1112064K
  class space    used 7342K, capacity 7880K, committed 7936K, reserved 1048576K

Deoptimization events (10 events):
Event: 54.616 Thread 0x00000000592f5800 Uncommon trap: reason=unreached action=reinterpret pc=0x00000000033af7b8 method=java.lang.reflect.AnnotatedElement.isAnnotationPresent(Ljava/lang/Class;)Z @ 7
Event: 54.763 Thread 0x00000000592f5800 Uncommon trap: reason=class_check action=maybe_recompile pc=0x0000000004062400 method=sun.reflect.generics.factory.CoreReflectionFactory.getDeclsLoader()Ljava/lang/ClassLoader; @ 25
Event: 54.763 Thread 0x00000000592f5800 Uncommon trap: reason=class_check action=maybe_recompile pc=0x0000000004062400 method=sun.reflect.generics.factory.CoreReflectionFactory.getDeclsLoader()Ljava/lang/ClassLoader; @ 25
Event: 55.688 Thread 0x00000000592f5800 Uncommon trap: reason=unreached action=reinterpret pc=0x000000000346e06c method=org.springframework.util.ObjectUtils.nullSafeEquals(Ljava/lang/Object;Ljava/lang/Object;)Z @ 8
Event: 55.719 Thread 0x00000000592f5800 Uncommon trap: reason=null_check action=make_not_entrant pc=0x000000000325a610 method=org.springframework.beans.ExtendedBeanInfo.isCandidateWriteMethod(Ljava/lang/reflect/Method;)Z @ 47
Event: 56.381 Thread 0x00000000592f5800 Uncommon trap: reason=null_check action=make_not_entrant pc=0x00000000030fefd0 method=org.springframework.util.ClassUtils.isAssignable(Ljava/lang/Class;Ljava/lang/Class;)Z @ 70
Event: 56.734 Thread 0x00000000592f5800 Uncommon trap: reason=class_check action=maybe_recompile pc=0x00000000034bae24 method=java.lang.reflect.Executable.getAnnotation(Ljava/lang/Class;)Ljava/lang/annotation/Annotation; @ 19
Event: 56.734 Thread 0x00000000592f5800 Uncommon trap: reason=class_check action=maybe_recompile pc=0x00000000034bae24 method=java.lang.reflect.Executable.getAnnotation(Ljava/lang/Class;)Ljava/lang/annotation/Annotation; @ 19
Event: 56.735 Thread 0x00000000592f5800 Uncommon trap: reason=class_check action=maybe_recompile pc=0x00000000034bae24 method=java.lang.reflect.Executable.getAnnotation(Ljava/lang/Class;)Ljava/lang/annotation/Annotation; @ 19
Event: 56.736 Thread 0x00000000592f5800 Uncommon trap: reason=class_check action=maybe_recompile pc=0x00000000034bae24 method=java.lang.reflect.Executable.getAnnotation(Ljava/lang/Class;)Ljava/lang/annotation/Annotation; @ 19

Internal exceptions (10 events):
Event: 58.097 Thread 0x00000000592f5800 Exception <a 'java/security/PrivilegedActionException'> (0x00000000f8357a30) thrown at [C:\re\workspace\8-2-build-windows-amd64-cygwin\jdk8u11\648\hotspot\src\share\vm\prims\jvm.cpp, line 1248]
Event: 58.097 Thread 0x00000000592f5800 Exception <a 'java/security/PrivilegedActionException'> (0x00000000f835c468) thrown at [C:\re\workspace\8-2-build-windows-amd64-cygwin\jdk8u11\648\hotspot\src\share\vm\prims\jvm.cpp, line 1248]
Event: 58.098 Thread 0x00000000592f5800 Exception <a 'java/security/PrivilegedActionException'> (0x00000000f83660f0) thrown at [C:\re\workspace\8-2-build-windows-amd64-cygwin\jdk8u11\648\hotspot\src\share\vm\prims\jvm.cpp, line 1248]
Event: 58.099 Thread 0x00000000592f5800 Exception <a 'java/security/PrivilegedActionException'> (0x00000000f836a2a8) thrown at [C:\re\workspace\8-2-build-windows-amd64-cygwin\jdk8u11\648\hotspot\src\share\vm\prims\jvm.cpp, line 1248]
Event: 58.099 Thread 0x00000000592f5800 Exception <a 'java/security/PrivilegedActionException'> (0x00000000f83739c8) thrown at [C:\re\workspace\8-2-build-windows-amd64-cygwin\jdk8u11\648\hotspot\src\share\vm\prims\jvm.cpp, line 1248]
Event: 58.099 Thread 0x00000000592f5800 Exception <a 'java/security/PrivilegedActionException'> (0x00000000f8377b80) thrown at [C:\re\workspace\8-2-build-windows-amd64-cygwin\jdk8u11\648\hotspot\src\share\vm\prims\jvm.cpp, line 1248]
Event: 58.102 Thread 0x00000000592f5800 Exception <a 'java/security/PrivilegedActionException'> (0x00000000f83830f8) thrown at [C:\re\workspace\8-2-build-windows-amd64-cygwin\jdk8u11\648\hotspot\src\share\vm\prims\jvm.cpp, line 1248]
Event: 58.102 Thread 0x00000000592f5800 Exception <a 'java/security/PrivilegedActionException'> (0x00000000f8386c50) thrown at [C:\re\workspace\8-2-build-windows-amd64-cygwin\jdk8u11\648\hotspot\src\share\vm\prims\jvm.cpp, line 1248]
Event: 58.156 Thread 0x00000000592f5800 Exception <a 'java/security/PrivilegedActionException'> (0x00000000f84478d0) thrown at [C:\re\workspace\8-2-build-windows-amd64-cygwin\jdk8u11\648\hotspot\src\share\vm\prims\jvm.cpp, line 1248]
Event: 58.156 Thread 0x00000000592f5800 Exception <a 'java/security/PrivilegedActionException'> (0x00000000f844aed0) thrown at [C:\re\workspace\8-2-build-windows-amd64-cygwin\jdk8u11\648\hotspot\src\share\vm\prims\jvm.cpp, line 1248]

Events (10 events):
Event: 58.149 loading class com/sun/org/apache/xerces/internal/dom/CommentImpl
Event: 58.149 loading class com/sun/org/apache/xerces/internal/dom/CommentImpl done
Event: 58.149 loading class com/sun/org/apache/xerces/internal/dom/DeferredCommentImpl done
Event: 58.150 loading class com/sun/org/apache/xerces/internal/dom/DeferredDocumentTypeImpl
Event: 58.150 loading class com/sun/org/apache/xerces/internal/dom/DeferredDocumentTypeImpl done
Event: 58.150 loading class com/sun/org/apache/xerces/internal/dom/DeferredElementDefinitionImpl
Event: 58.150 loading class com/sun/org/apache/xerces/internal/dom/DeferredElementDefinitionImpl done
Event: 58.156 loading class org/springframework/jdbc/support/SQLErrorCodes
Event: 58.156 loading class org/springframework/jdbc/support/SQLErrorCodes done
Event: 58.157 Executing VM operation: ParallelGCFailedAllocation


Dynamic libraries:
0x000000013f4d0000 - 0x000000013f504000 	C:\Program Files\Java\jdk1.8.0_11\bin\java.exe
0x0000000077980000 - 0x0000000077b29000 	C:\Windows\SYSTEM32\ntdll.dll
0x0000000077860000 - 0x000000007797f000 	C:\Windows\system32\kernel32.dll
0x000007fefe140000 - 0x000007fefe1ac000 	C:\Windows\system32\KERNELBASE.dll
0x000007feff400000 - 0x000007feff4db000 	C:\Windows\system32\ADVAPI32.dll
0x000007feffb10000 - 0x000007feffbaf000 	C:\Windows\system32\msvcrt.dll
0x000007feffae0000 - 0x000007feffaff000 	C:\Windows\SYSTEM32\sechost.dll
0x000007fefef40000 - 0x000007feff06d000 	C:\Windows\system32\RPCRT4.dll
0x0000000077280000 - 0x000000007737a000 	C:\Windows\system32\USER32.dll
0x000007feffc20000 - 0x000007feffc87000 	C:\Windows\system32\GDI32.dll
0x000007feffc10000 - 0x000007feffc1e000 	C:\Windows\system32\LPK.dll
0x000007feff560000 - 0x000007feff629000 	C:\Windows\system32\USP10.dll
0x000007fefc3e0000 - 0x000007fefc5d4000 	C:\Windows\WinSxS\amd64_microsoft.windows.common-controls_6595b64144ccf1df_6.0.7601.17514_none_fa396087175ac9ac\COMCTL32.dll
0x000007feff4e0000 - 0x000007feff551000 	C:\Windows\system32\SHLWAPI.dll
0x000007feff110000 - 0x000007feff13e000 	C:\Windows\system32\IMM32.DLL
0x000007feff720000 - 0x000007feff829000 	C:\Windows\system32\MSCTF.dll
0x0000000180000000 - 0x000000018001c000 	C:\Windows\system32\btpload64.dll
0x0000000077b40000 - 0x0000000077b47000 	C:\Windows\system32\PSAPI.DLL
0x0000000001b70000 - 0x0000000001b9c000 	C:\Windows\system32\privman64.dll
0x000007fefdd30000 - 0x000007fefdd3c000 	C:\Windows\system32\VERSION.dll
0x000007fefe1b0000 - 0x000007fefef39000 	C:\Windows\system32\SHELL32.dll
0x000007fefdd10000 - 0x000007fefdd2e000 	C:\Windows\system32\USERENV.dll
0x000007fefdde0000 - 0x000007fefddef000 	C:\Windows\system32\profapi.dll
0x000000006e110000 - 0x000000006e1e2000 	C:\Program Files\Java\jdk1.8.0_11\jre\bin\msvcr100.dll
0x000000005a7b0000 - 0x000000005afda000 	C:\Program Files\Java\jdk1.8.0_11\jre\bin\server\jvm.dll
0x000007fefd2c0000 - 0x000007fefd2c9000 	C:\Windows\system32\WSOCK32.dll
0x000007feff6d0000 - 0x000007feff71d000 	C:\Windows\system32\WS2_32.dll
0x000007feffb00000 - 0x000007feffb08000 	C:\Windows\system32\NSI.dll
0x000007fefb930000 - 0x000007fefb96b000 	C:\Windows\system32\WINMM.dll
0x0000000070860000 - 0x000000007086f000 	C:\Program Files\Java\jdk1.8.0_11\jre\bin\verify.dll
0x0000000070830000 - 0x0000000070858000 	C:\Program Files\Java\jdk1.8.0_11\jre\bin\java.dll
0x000000006c180000 - 0x000000006c1a3000 	C:\Program Files\Java\jdk1.8.0_11\jre\bin\instrument.dll
0x0000000070680000 - 0x0000000070696000 	C:\Program Files\Java\jdk1.8.0_11\jre\bin\zip.dll
0x000007feff830000 - 0x000007feffa33000 	C:\Windows\system32\ole32.dll
0x000007fefd680000 - 0x000007fefd697000 	C:\Windows\system32\CRYPTSP.dll
0x000007fefd380000 - 0x000007fefd3c7000 	C:\Windows\system32\rsaenh.dll
0x000007fefdce0000 - 0x000007fefdcef000 	C:\Windows\system32\CRYPTBASE.dll
0x0000000070660000 - 0x000000007067a000 	C:\Program Files\Java\jdk1.8.0_11\jre\bin\net.dll
0x000007fefd620000 - 0x000007fefd675000 	C:\Windows\system32\mswsock.dll
0x000007fefd610000 - 0x000007fefd617000 	C:\Windows\System32\wship6.dll
0x000007fefcd80000 - 0x000007fefcda7000 	C:\Windows\system32\IPHLPAPI.DLL
0x000007fefcd70000 - 0x000007fefcd7b000 	C:\Windows\system32\WINNSI.DLL
0x000007fefb3d0000 - 0x000007fefb3e8000 	C:\Windows\system32\dhcpcsvc.DLL
0x000007fefb3b0000 - 0x000007fefb3c1000 	C:\Windows\system32\dhcpcsvc6.DLL
0x0000000070640000 - 0x0000000070651000 	C:\Program Files\Java\jdk1.8.0_11\jre\bin\nio.dll
0x000007fefb1e0000 - 0x000007fefb1ea000 	C:\Users\rgopal\AppData\Local\Temp\jansi-64-3880909641757117167.dll
0x0000000070590000 - 0x000000007059d000 	C:\Program Files\Java\jdk1.8.0_11\jre\bin\management.dll
0x000007fefce80000 - 0x000007fefce87000 	C:\Windows\System32\wshtcpip.dll
0x000007fefd4a0000 - 0x000007fefd4fb000 	C:\Windows\system32\DNSAPI.dll
0x0000000074fa0000 - 0x0000000074fc6000 	C:\Program Files\Bonjour\mdnsNSP.dll
0x000007fefb340000 - 0x000007fefb348000 	C:\Windows\system32\rasadhlp.dll
0x000007fefb350000 - 0x000007fefb3a3000 	C:\Windows\System32\fwpuclnt.dll
0x000007fefb450000 - 0x000007fefb465000 	C:\Windows\system32\NLAapi.dll
0x000007fefb430000 - 0x000007fefb445000 	C:\Windows\system32\napinsp.dll
0x000007fefb410000 - 0x000007fefb429000 	C:\Windows\system32\pnrpnsp.dll
0x000007fefb400000 - 0x000007fefb40b000 	C:\Windows\System32\winrnr.dll
0x000007fefb3f0000 - 0x000007fefb400000 	C:\Windows\system32\wshbth.dll
0x000007fef6a90000 - 0x000007fef6bb5000 	C:\Windows\system32\dbghelp.dll

VM Arguments:
jvm_args: -Dfile.encoding=UTF-8 -Xmx768M -Xms64M -Dgrails.fork.parent.process.port=62685 -Dgrails.fork.active=true -Dgrails.build.execution.context=C:\Users\rgopal\AppData\Local\Temp\central3281896032758110628grails-execution-context -Dgrails.home=C:\Users\rgopal\Documents\grails-2.4.4\grails-2.4.4 -javaagent:C:\Users\rgopal\Documents\grails-2.4.4\grails-2.4.4\lib\org.springframework\springloaded\jars\springloaded-1.2.1.RELEASE.jar -Xverify:none -Dspringloaded.synchronize=true -Djdk.reflect.allowGetCallerClass=true -Dspringloaded=profile=grails;cacheDir=C:\Users\rgopal/.grails/2.4.4/ 
java_command: org.grails.plugins.tomcat.fork.ForkedTomcatServer
java_class_path (initial): C:\Program Files\Java\jdk1.8.0_11\lib\tools.jar;C:\Users\rgopal\Documents\grails-2.4.4\grails-2.4.4\lib\org.codehaus.groovy\groovy-all\jars\groovy-all-2.3.7.jar;C:\Users\rgopal\Documents\grails-2.4.4\grails-2.4.4\lib\org.slf4j\jcl-over-slf4j\jars\jcl-over-slf4j-1.7.5.jar;C:\Users\rgopal\Documents\grails-2.4.4\grails-2.4.4\lib\org.codehaus.gant\gant_groovy1.8\jars\gant_groovy1.8-1.9.6.jar;C:\Users\rgopal\Documents\grails-2.4.4\grails-2.4.4\lib\org.apache.tomcat.embed\tomcat-embed-logging-log4j\jars\tomcat-embed-logging-log4j-7.0.50.jar;C:\Users\rgopal\Documents\grails-2.4.4\grails-2.4.4\dist\grails-plugin-log4j-2.4.4.jar;C:\Users\rgopal\Documents\grails-2.4.4\grails-2.4.4\lib\log4j\log4j\jars\log4j-1.2.17.jar;C:\Users\rgopal\Documents\grails-2.4.4\grails-2.4.4\dist\grails-bootstrap-2.4.4.jar;C:\Users\rgopal\Documents\grails-2.4.4\grails-2.4.4\lib\org.slf4j\slf4j-api\jars\slf4j-api-1.7.5.jar;C:\Users\rgopal\Documents\grails-2.4.4\grails-2.4.4\lib\jline\jline\jars\jline-2.12.jar;C:\Users\rgopal\Documents\grails-2.4.4\grails-2.4.4\lib\org.apache.ant\ant\jars\ant-1.8.4.jar;C:\Users\rgopal\Documents\grails-2.4.4\grails-2.4.4\lib\org.apache.ant\ant-launcher\jars\ant-launcher-1.8.4.jar;C:\Users\rgopal\Documents\grails-2.4.4\grails-2.4.4\lib\org.apache.ant\ant-trax\jars\ant-trax-1.7.1.jar;C:\Users\rgopal\Documents\grails-2.4.4\grails-2.4.4\lib\org.apache.ant\ant-junit\jars\ant-junit-1.8.4.jar;C:\Users\rgopal\Documents\grails-2.4.4\grails-2.4.4\lib\org.apache.ivy\ivy\jars\ivy-2.3.0.jar;C:\Users\rgopal\Documents\grails-2.4.4\grails-2.4.4\lib\org.fusesource.jansi\jansi\jars\jansi-1.11.jar;C:\Users\rgopal\.m2\repository\org\apache\tomcat\tomcat-catalina-ant\7.0.55\tomcat-catalina-ant-7.0.55.jar;C:\Users\rgopal\.m2\repository\org\apache\tomcat\embed\tomcat-embed-jasper\7.0.55\tomcat-embed-jasper-7.0.55.jar;C:\Users\rgopal\.m2\repository\org\apache\tomcat\embed\tomcat-embed-el\7.0.55\tomcat-embed-el-7.0.55.jar;C:\Users\rgopal\.m2\repository\org\apache\
Launcher Type: SUN_STANDARD

Environment Variables:
JAVA_HOME=C:\Program Files\Java\jdk1.8.0_11
PATH=C:\Windows\system32;C:\Windows;C:\Windows\System32\Wbem;C:\Windows\System32\WindowsPowerShell\v1.0\;C:\users\rgopal\My Documents\springsource\grails-2.3.5\bin\;c:\Program Files\Java\jdk1.7.0_51\bin\;C:\Program Files (x86)\MiKTeX 2.9\miktex\bin\
USERNAME=rgopal
OS=Windows_NT
PROCESSOR_IDENTIFIER=Intel64 Family 6 Model 37 Stepping 5, GenuineIntel



---------------  S Y S T E M  ---------------

OS: Windows 7 , 64 bit Build 7601 Service Pack 1

CPU:total 4 (2 cores per cpu, 2 threads per core) family 6 model 37 stepping 5, cmov, cx8, fxsr, mmx, sse, sse2, sse3, ssse3, sse4.1, sse4.2, popcnt, aes, clmul, ht, tsc, tscinvbit

Memory: 4k page, physical 8181608k(2044964k free), swap 16361352k(7254652k free)

vm_info: Java HotSpot(TM) 64-Bit Server VM (25.11-b03) for windows-amd64 JRE (1.8.0_11-b12), built on Jun 16 2014 20:57:32 by "java_re" with MS VC++ 10.0 (VS2010)

time: Sat Apr 11 22:08:36 2015
elapsed time: 58 seconds

