#
# A fatal error has been detected by the Java Runtime Environment:
#
#  EXCEPTION_ACCESS_VIOLATION (0xc0000005) at pc=0x0000000063dd4db2, pid=8584, tid=8980
#
# JRE version: Java(TM) SE Runtime Environment (8.0_11-b12) (build 1.8.0_11-b12)
# Java VM: Java HotSpot(TM) 64-Bit Server VM (25.11-b03 mixed mode windows-amd64 compressed oops)
# Problematic frame:
# V  [jvm.dll+0x424db2]
#
# Failed to write core dump. Minidumps are not enabled by default on client versions of Windows
#
# If you would like to submit a bug report, please visit:
#   http://bugreport.sun.com/bugreport/crash.jsp
#

---------------  T H R E A D  ---------------

Current thread (0x000000005632f000):  JavaThread "C2 CompilerThread0" daemon [_thread_in_native, id=8980, stack(0x0000000056900000,0x0000000056a00000)]

siginfo: ExceptionCode=0xc0000005, reading address 0x0000000000000000

Registers:
RAX=0x000000005db483d8, RBX=0x0000000000000600, RCX=0x0000000000000000, RDX=0x000000005db43fd0
RSP=0x00000000569fc240, RBP=0x00000000000000c0, RSI=0x00000000000000b8, RDI=0x0000000000000000
R8 =0x00000000639b0000, R9 =0x00000000569fc560, R10=0x00000000ffffffff, R11=0x0000000056364000
R12=0x000000005db48ae0, R13=0x000000005a8a9998, R14=0x0000000000000008, R15=0x000000005a8a9998
RIP=0x0000000063dd4db2, EFLAGS=0x0000000000010206

Top of Stack: (sp=0x00000000569fc240)
0x00000000569fc240:   00000000000000da 00000000000000b0
0x00000000569fc250:   000000000000000a 00000000573b55e8
0x00000000569fc260:   0000000000000001 0000000000000600
0x00000000569fc270:   0000000000000180 00000000000000c0
0x00000000569fc280:   000000005a7b2c10 0000000056332320
0x00000000569fc290:   0000000000000780 000000005961a100
0x00000000569fc2a0:   00000000569fc560 000000005db45470
0x00000000569fc2b0:   0000000000000020 0000000000000009
0x00000000569fc2c0:   000000005db48ab0 00000000000000da
0x00000000569fc2d0:   000000005a8a9998 0000000063dd598d
0x00000000569fc2e0:   000000005db48ab0 000000000000001c
0x00000000569fc2f0:   00000000000000da 00000000569fc560
0x00000000569fc300:   000000005db43fd0 00000000000000da
0x00000000569fc310:   000000005db45470 0000000000000020
0x00000000569fc320:   0000000059d22000 00000000569fe8d0
0x00000000569fc330:   0000000059d22630 000000005db48ab0 

Instructions: (pc=0x0000000063dd4db2)
0x0000000063dd4d92:   c6 48 63 f0 48 03 f1 eb 04 48 83 ce ff 48 8b 84
0x0000000063dd4da2:   24 a0 00 00 00 48 8b 40 08 48 8b 3c 03 48 8b cf
0x0000000063dd4db2:   48 8b 07 ff 50 28 4c 8d 05 41 b2 bd ff 48 63 50
0x0000000063dd4dc2:   10 4c 8b d8 48 8b ca 48 c1 e1 05 42 80 bc 01 c0 


Register to memory mapping:

RAX=0x000000005db483d8 is an unknown value
RBX=0x0000000000000600 is an unknown value
RCX=0x0000000000000000 is an unknown value
RDX=0x000000005db43fd0 is an unknown value
RSP=0x00000000569fc240 is pointing into the stack for thread: 0x000000005632f000
RBP=0x00000000000000c0 is an unknown value
RSI=0x00000000000000b8 is an unknown value
RDI=0x0000000000000000 is an unknown value
R8 =0x00000000639b0000 is an unknown value
R9 =0x00000000569fc560 is pointing into the stack for thread: 0x000000005632f000
R10=0x00000000ffffffff is an unknown value
R11=0x0000000056364000 is an unknown value
R12=0x000000005db48ae0 is an unknown value
R13=0x000000005a8a9998 is an unknown value
R14=0x0000000000000008 is an unknown value
R15=0x000000005a8a9998 is an unknown value


Stack: [0x0000000056900000,0x0000000056a00000],  sp=0x00000000569fc240,  free space=1008k
Native frames: (J=compiled Java code, j=interpreted, Vv=VM code, C=native code)
V  [jvm.dll+0x424db2]
V  [jvm.dll+0x42598d]
V  [jvm.dll+0x425ecf]
V  [jvm.dll+0x4c5a84]
V  [jvm.dll+0x4415bc]
V  [jvm.dll+0x443a29]
V  [jvm.dll+0x427722]
V  [jvm.dll+0x96982]
V  [jvm.dll+0x97173]
V  [jvm.dll+0x2234b4]
V  [jvm.dll+0x27bcca]
C  [msvcr100.dll+0x21d9f]
C  [msvcr100.dll+0x21e3b]
C  [kernel32.dll+0x159ed]
C  [ntdll.dll+0x2c541]


Current CompileTask:
C2:  69064 7549       4       groovy.lang.MetaClassImpl::findPropertyMethod (356 bytes)


---------------  P R O C E S S  ---------------

Java Threads: ( => current thread )
  0x000000005b2e7000 JavaThread "net.sf.ehcache.CacheManager@1acf7800" daemon [_thread_blocked, id=4596, stack(0x000000005e6a0000,0x000000005e7a0000)]
  0x000000005b2e5800 JavaThread "com.oumuo.SecurityGroup.data" daemon [_thread_blocked, id=4000, stack(0x000000005e8f0000,0x000000005e9f0000)]
  0x000000005b2e4000 JavaThread "com.oumuo.Authority.data" daemon [_thread_blocked, id=5580, stack(0x000000005fd20000,0x000000005fe20000)]
  0x000000005b2e3000 JavaThread "net.sf.ehcache.CacheManager@349bf2c8" daemon [_thread_blocked, id=3876, stack(0x000000005fc10000,0x000000005fd10000)]
  0x0000000059be3800 JavaThread "PoolCleaner[192694377:1429977412871]" daemon [_thread_blocked, id=6848, stack(0x000000005f080000,0x000000005f180000)]
  0x0000000059ced800 JavaThread "FileSystemWatcher: files=#311 cl=groovy.lang.GroovyClassLoader@b7c4869" daemon [_thread_blocked, id=348, stack(0x000000005a450000,0x000000005a550000)]
  0x00000000590a4800 JavaThread "localhost-startStop-1" daemon [_thread_in_native, id=9316, stack(0x000000005bf70000,0x000000005c070000)]
  0x0000000058501000 JavaThread "Tomcat-startStop-1" daemon [_thread_blocked, id=10220, stack(0x000000005bdc0000,0x000000005bec0000)]
  0x0000000057f48000 JavaThread "Thread-3" [_thread_in_native, id=7540, stack(0x000000005b9e0000,0x000000005bae0000)]
  0x00000000582fb800 JavaThread "Thread-2" [_thread_blocked, id=9044, stack(0x0000000059ed0000,0x0000000059fd0000)]
  0x0000000057264000 JavaThread "NonBlockingInputStreamThread" daemon [_thread_blocked, id=9268, stack(0x0000000057be0000,0x0000000057ce0000)]
  0x000000005643b800 JavaThread "Service Thread" daemon [_thread_blocked, id=9528, stack(0x00000000566f0000,0x00000000567f0000)]
  0x000000005632a000 JavaThread "C1 CompilerThread2" daemon [_thread_blocked, id=9012, stack(0x0000000056c60000,0x0000000056d60000)]
  0x0000000056328000 JavaThread "C2 CompilerThread1" daemon [_thread_in_native, id=8248, stack(0x0000000056a90000,0x0000000056b90000)]
=>0x000000005632f000 JavaThread "C2 CompilerThread0" daemon [_thread_in_native, id=8980, stack(0x0000000056900000,0x0000000056a00000)]
  0x0000000054cc8000 JavaThread "Attach Listener" daemon [_thread_blocked, id=7804, stack(0x0000000056800000,0x0000000056900000)]
  0x000000005623a800 JavaThread "Signal Dispatcher" daemon [_thread_blocked, id=9480, stack(0x0000000055ef0000,0x0000000055ff0000)]
  0x0000000054c66800 JavaThread "Finalizer" daemon [_thread_blocked, id=9172, stack(0x0000000056130000,0x0000000056230000)]
  0x0000000054c5b800 JavaThread "Reference Handler" daemon [_thread_blocked, id=1920, stack(0x0000000056010000,0x0000000056110000)]
  0x000000000295a000 JavaThread "main" [_thread_blocked, id=6456, stack(0x0000000002cb0000,0x0000000002db0000)]

Other Threads:
  0x0000000054c58000 VMThread [stack: 0x0000000055db0000,0x0000000055eb0000] [id=9068]
  0x000000005643e800 WatcherThread [stack: 0x0000000056dc0000,0x0000000056ec0000] [id=9028]

VM state:not at safepoint (normal execution)

VM Mutex/Monitor currently owned by a thread: None

Heap:
 PSYoungGen      total 220672K, used 161124K [0x00000000f0000000, 0x0000000100000000, 0x0000000100000000)
  eden space 190464K, 68% used [0x00000000f0000000,0x00000000f801e6a8,0x00000000fba00000)
  from space 30208K, 99% used [0x00000000fba00000,0x00000000fd73ab28,0x00000000fd780000)
  to   space 38912K, 0% used [0x00000000fda00000,0x00000000fda00000,0x0000000100000000)
 ParOldGen       total 127488K, used 114131K [0x00000000d0000000, 0x00000000d7c80000, 0x00000000f0000000)
  object space 127488K, 89% used [0x00000000d0000000,0x00000000d6f74da8,0x00000000d7c80000)
 Metaspace       used 72438K, capacity 74502K, committed 74704K, reserved 1116160K
  class space    used 7493K, capacity 8076K, committed 8192K, reserved 1048576K

Card table byte_map: [0x0000000012170000,0x0000000012300000] byte_map_base: 0x0000000011af0000

Marking Bits: (ParMarkBitMap*) 0x00000000641612b0
 Begin Bits: [0x0000000012950000, 0x0000000013550000)
 End Bits:   [0x0000000013550000, 0x0000000014150000)

Polling page: 0x00000000003a0000

CodeCache: size=245760Kb used=26143Kb max_used=26612Kb free=219616Kb
 bounds [0x0000000002db0000, 0x00000000047d0000, 0x0000000011db0000]
 total_blobs=7077 nmethods=6313 adapters=675
 compilation: enabled

Compilation events (10 events):
Event: 68.925 Thread 0x000000005632f000 nmethod 7543% 0x0000000002fffcd0 code [0x0000000002fffe20, 0x0000000003000058]
Event: 68.925 Thread 0x000000005632f000 7541       4       org.springsource.loaded.InterfaceExtractor$ExtractorVisitor::createDescriptorWithPrefixedParameter (43 bytes)
Event: 68.961 Thread 0x000000005632f000 nmethod 7541 0x0000000003a946d0 code [0x0000000003a94880, 0x0000000003a957c8]
Event: 68.962 Thread 0x000000005632f000 7513       4       org.codehaus.groovy.runtime.MetaClassHelper::isGenericSetMethod (28 bytes)
Event: 68.964 Thread 0x000000005632f000 nmethod 7513 0x00000000030226d0 code [0x0000000003022820, 0x00000000030229c8]
Event: 68.964 Thread 0x000000005632f000 7540       4       java.util.LinkedList::linkFirst (59 bytes)
Event: 68.965 Thread 0x000000005632f000 nmethod 7540 0x0000000002f7a550 code [0x0000000002f7a6a0, 0x0000000002f7a7d8]
Event: 68.977 Thread 0x000000005632f000 7549       4       groovy.lang.MetaClassImpl::findPropertyMethod (356 bytes)
Event: 68.979 Thread 0x000000005632a000 7550       3       org.codehaus.groovy.runtime.metaclass.MetaMethodIndex::addMethodToList (290 bytes)
Event: 68.981 Thread 0x000000005632a000 nmethod 7550 0x00000000047b6550 code [0x00000000047b68e0, 0x00000000047b88e8]

GC Heap History (10 events):
Event: 61.841 GC heap before
{Heap before GC invocations=61 (full 8):
 PSYoungGen      total 226304K, used 213861K [0x00000000f0000000, 0x0000000100000000, 0x0000000100000000)
  eden space 206848K, 100% used [0x00000000f0000000,0x00000000fca00000,0x00000000fca00000)
  from space 19456K, 36% used [0x00000000fed00000,0x00000000ff3d94f8,0x0000000100000000)
  to   space 27648K, 0% used [0x00000000fca00000,0x00000000fca00000,0x00000000fe500000)
 ParOldGen       total 127488K, used 108822K [0x00000000d0000000, 0x00000000d7c80000, 0x00000000f0000000)
  object space 127488K, 85% used [0x00000000d0000000,0x00000000d6a458a0,0x00000000d7c80000)
 Metaspace       used 67011K, capacity 68866K, committed 69200K, reserved 1112064K
  class space    used 6863K, capacity 7448K, committed 7552K, reserved 1048576K
Event: 61.886 GC heap after
Heap after GC invocations=61 (full 8):
 PSYoungGen      total 234496K, used 13144K [0x00000000f0000000, 0x0000000100000000, 0x0000000100000000)
  eden space 206848K, 0% used [0x00000000f0000000,0x00000000f0000000,0x00000000fca00000)
  from space 27648K, 47% used [0x00000000fca00000,0x00000000fd6d60f8,0x00000000fe500000)
  to   space 26624K, 0% used [0x00000000fe600000,0x00000000fe600000,0x0000000100000000)
 ParOldGen       total 127488K, used 109306K [0x00000000d0000000, 0x00000000d7c80000, 0x00000000f0000000)
  object space 127488K, 85% used [0x00000000d0000000,0x00000000d6abe8b0,0x00000000d7c80000)
 Metaspace       used 67011K, capacity 68866K, committed 69200K, reserved 1112064K
  class space    used 6863K, capacity 7448K, committed 7552K, reserved 1048576K
}
Event: 63.363 GC heap before
{Heap before GC invocations=62 (full 8):
 PSYoungGen      total 234496K, used 219992K [0x00000000f0000000, 0x0000000100000000, 0x0000000100000000)
  eden space 206848K, 100% used [0x00000000f0000000,0x00000000fca00000,0x00000000fca00000)
  from space 27648K, 47% used [0x00000000fca00000,0x00000000fd6d60f8,0x00000000fe500000)
  to   space 26624K, 0% used [0x00000000fe600000,0x00000000fe600000,0x0000000100000000)
 ParOldGen       total 127488K, used 109306K [0x00000000d0000000, 0x00000000d7c80000, 0x00000000f0000000)
  object space 127488K, 85% used [0x00000000d0000000,0x00000000d6abe8b0,0x00000000d7c80000)
 Metaspace       used 68473K, capacity 70280K, committed 70608K, reserved 1112064K
  class space    used 7008K, capacity 7577K, committed 7680K, reserved 1048576K
Event: 63.539 GC heap after
Heap after GC invocations=62 (full 8):
 PSYoungGen      total 233472K, used 17003K [0x00000000f0000000, 0x00000000fff00000, 0x0000000100000000)
  eden space 207872K, 0% used [0x00000000f0000000,0x00000000f0000000,0x00000000fcb00000)
  from space 25600K, 66% used [0x00000000fe600000,0x00000000ff69af10,0x00000000fff00000)
  to   space 26624K, 0% used [0x00000000fcb00000,0x00000000fcb00000,0x00000000fe500000)
 ParOldGen       total 127488K, used 109306K [0x00000000d0000000, 0x00000000d7c80000, 0x00000000f0000000)
  object space 127488K, 85% used [0x00000000d0000000,0x00000000d6abe8b0,0x00000000d7c80000)
 Metaspace       used 68473K, capacity 70280K, committed 70608K, reserved 1112064K
  class space    used 7008K, capacity 7577K, committed 7680K, reserved 1048576K
}
Event: 65.891 GC heap before
{Heap before GC invocations=63 (full 8):
 PSYoungGen      total 233472K, used 223092K [0x00000000f0000000, 0x00000000fff00000, 0x0000000100000000)
  eden space 207872K, 99% used [0x00000000f0000000,0x00000000fc942340,0x00000000fcb00000)
  from space 25600K, 66% used [0x00000000fe600000,0x00000000ff69af10,0x00000000fff00000)
  to   space 26624K, 0% used [0x00000000fcb00000,0x00000000fcb00000,0x00000000fe500000)
 ParOldGen       total 127488K, used 109306K [0x00000000d0000000, 0x00000000d7c80000, 0x00000000f0000000)
  object space 127488K, 85% used [0x00000000d0000000,0x00000000d6abe8b0,0x00000000d7c80000)
 Metaspace       used 69554K, capacity 71492K, committed 71632K, reserved 1114112K
  class space    used 7110K, capacity 7669K, committed 7680K, reserved 1048576K
Event: 65.942 GC heap after
Heap after GC invocations=63 (full 8):
 PSYoungGen      total 233984K, used 26111K [0x00000000f0000000, 0x0000000100000000, 0x0000000100000000)
  eden space 207872K, 0% used [0x00000000f0000000,0x00000000f0000000,0x00000000fcb00000)
  from space 26112K, 99% used [0x00000000fcb00000,0x00000000fe47fe88,0x00000000fe480000)
  to   space 28160K, 0% used [0x00000000fe480000,0x00000000fe480000,0x0000000100000000)
 ParOldGen       total 127488K, used 109314K [0x00000000d0000000, 0x00000000d7c80000, 0x00000000f0000000)
  object space 127488K, 85% used [0x00000000d0000000,0x00000000d6ac08b0,0x00000000d7c80000)
 Metaspace       used 69554K, capacity 71492K, committed 71632K, reserved 1114112K
  class space    used 7110K, capacity 7669K, committed 7680K, reserved 1048576K
}
Event: 67.275 GC heap before
{Heap before GC invocations=64 (full 8):
 PSYoungGen      total 233984K, used 226562K [0x00000000f0000000, 0x0000000100000000, 0x0000000100000000)
  eden space 207872K, 96% used [0x00000000f0000000,0x00000000fc3c0b80,0x00000000fcb00000)
  from space 26112K, 99% used [0x00000000fcb00000,0x00000000fe47fe88,0x00000000fe480000)
  to   space 28160K, 0% used [0x00000000fe480000,0x00000000fe480000,0x0000000100000000)
 ParOldGen       total 127488K, used 109314K [0x00000000d0000000, 0x00000000d7c80000, 0x00000000f0000000)
  object space 127488K, 85% used [0x00000000d0000000,0x00000000d6ac08b0,0x00000000d7c80000)
 Metaspace       used 71119K, capacity 73038K, committed 73168K, reserved 1114112K
  class space    used 7332K, capacity 7899K, committed 7936K, reserved 1048576K
Event: 67.351 GC heap after
Heap after GC invocations=64 (full 8):
 PSYoungGen      total 218624K, used 28156K [0x00000000f0000000, 0x0000000100000000, 0x0000000100000000)
  eden space 190464K, 0% used [0x00000000f0000000,0x00000000f0000000,0x00000000fba00000)
  from space 28160K, 99% used [0x00000000fe480000,0x00000000fffff158,0x0000000100000000)
  to   space 35840K, 0% used [0x00000000fba00000,0x00000000fba00000,0x00000000fdd00000)
 ParOldGen       total 127488K, used 113707K [0x00000000d0000000, 0x00000000d7c80000, 0x00000000f0000000)
  object space 127488K, 89% used [0x00000000d0000000,0x00000000d6f0ada8,0x00000000d7c80000)
 Metaspace       used 71119K, capacity 73038K, committed 73168K, reserved 1114112K
  class space    used 7332K, capacity 7899K, committed 7936K, reserved 1048576K
}
Event: 67.916 GC heap before
{Heap before GC invocations=65 (full 8):
 PSYoungGen      total 218624K, used 218620K [0x00000000f0000000, 0x0000000100000000, 0x0000000100000000)
  eden space 190464K, 100% used [0x00000000f0000000,0x00000000fba00000,0x00000000fba00000)
  from space 28160K, 99% used [0x00000000fe480000,0x00000000fffff158,0x0000000100000000)
  to   space 35840K, 0% used [0x00000000fba00000,0x00000000fba00000,0x00000000fdd00000)
 ParOldGen       total 127488K, used 113707K [0x00000000d0000000, 0x00000000d7c80000, 0x00000000f0000000)
  object space 127488K, 89% used [0x00000000d0000000,0x00000000d6f0ada8,0x00000000d7c80000)
 Metaspace       used 71491K, capacity 73524K, committed 73680K, reserved 1116160K
  class space    used 7369K, capacity 7932K, committed 7936K, reserved 1048576K
Event: 67.957 GC heap after
Heap after GC invocations=65 (full 8):
 PSYoungGen      total 220672K, used 29930K [0x00000000f0000000, 0x0000000100000000, 0x0000000100000000)
  eden space 190464K, 0% used [0x00000000f0000000,0x00000000f0000000,0x00000000fba00000)
  from space 30208K, 99% used [0x00000000fba00000,0x00000000fd73ab28,0x00000000fd780000)
  to   space 38912K, 0% used [0x00000000fda00000,0x00000000fda00000,0x0000000100000000)
 ParOldGen       total 127488K, used 114131K [0x00000000d0000000, 0x00000000d7c80000, 0x00000000f0000000)
  object space 127488K, 89% used [0x00000000d0000000,0x00000000d6f74da8,0x00000000d7c80000)
 Metaspace       used 71491K, capacity 73524K, committed 73680K, reserved 1116160K
  class space    used 7369K, capacity 7932K, committed 7936K, reserved 1048576K
}

Deoptimization events (10 events):
Event: 67.260 Thread 0x00000000590a4800 Uncommon trap: reason=bimorphic action=maybe_recompile pc=0x0000000004609788 method=sl.org.objectweb.asm.MethodVisitor.visitTryCatchBlock(Lsl/org/objectweb/asm/Label;Lsl/org/objectweb/asm/Label;Lsl/org/objectweb/asm/Label;Ljava/lang/String;)V @ 16
Event: 67.396 Thread 0x00000000590a4800 Uncommon trap: reason=bimorphic action=maybe_recompile pc=0x0000000004609788 method=sl.org.objectweb.asm.MethodVisitor.visitTryCatchBlock(Lsl/org/objectweb/asm/Label;Lsl/org/objectweb/asm/Label;Lsl/org/objectweb/asm/Label;Ljava/lang/String;)V @ 16
Event: 67.680 Thread 0x00000000590a4800 Uncommon trap: reason=unloaded action=reinterpret pc=0x00000000043decc0 method=org.springframework.core.BridgeMethodResolver.findBridgedMethod(Ljava/lang/reflect/Method;)Ljava/lang/reflect/Method; @ 13
Event: 68.636 Thread 0x00000000590a4800 Uncommon trap: reason=unloaded action=reinterpret pc=0x0000000002f7dc78 method=org.codehaus.groovy.runtime.metaclass.ClosureMetaMethod.createMethodList(Ljava/lang/String;Ljava/lang/Class;Lgroovy/lang/Closure;)Ljava/util/List; @ 227
Event: 68.743 Thread 0x00000000590a4800 Uncommon trap: reason=bimorphic action=maybe_recompile pc=0x0000000004339918 method=org.codehaus.groovy.runtime.metaclass.MetaMethodIndex.addMethodToList(Ljava/lang/Object;Lgroovy/lang/MetaMethod;)Ljava/lang/Object; @ 218
Event: 68.928 Thread 0x00000000590a4800 Uncommon trap: reason=class_check action=maybe_recompile pc=0x00000000038a7a80 method=groovy.lang.MetaClassImpl.isGenericGetMethod(Lgroovy/lang/MetaMethod;)Z @ 14
Event: 68.928 Thread 0x00000000590a4800 Uncommon trap: reason=class_check action=maybe_recompile pc=0x00000000038a7a90 method=org.codehaus.groovy.runtime.MetaClassHelper.isGenericSetMethod(Lgroovy/lang/MetaMethod;)Z @ 14
Event: 68.929 Thread 0x00000000590a4800 Uncommon trap: reason=class_check action=maybe_recompile pc=0x00000000038a7a80 method=groovy.lang.MetaClassImpl.isGenericGetMethod(Lgroovy/lang/MetaMethod;)Z @ 14
Event: 68.929 Thread 0x00000000590a4800 Uncommon trap: reason=class_check action=maybe_recompile pc=0x00000000038a7a90 method=org.codehaus.groovy.runtime.MetaClassHelper.isGenericSetMethod(Lgroovy/lang/MetaMethod;)Z @ 14
Event: 68.978 Thread 0x00000000590a4800 Uncommon trap: reason=unreached action=reinterpret pc=0x0000000004339818 method=org.codehaus.groovy.runtime.metaclass.MetaMethodIndex.isNonRealMethod(Lgroovy/lang/MetaMethod;)Z @ 32

Internal exceptions (10 events):
Event: 69.021 Thread 0x00000000590a4800 Exception <a 'java/security/PrivilegedActionException'> (0x00000000f7c413c8) thrown at [C:\re\workspace\8-2-build-windows-amd64-cygwin\jdk8u11\648\hotspot\src\share\vm\prims\jvm.cpp, line 1248]
Event: 69.022 Thread 0x00000000590a4800 Exception <a 'java/security/PrivilegedActionException'> (0x00000000f7c5aa18) thrown at [C:\re\workspace\8-2-build-windows-amd64-cygwin\jdk8u11\648\hotspot\src\share\vm\prims\jvm.cpp, line 1248]
Event: 69.022 Thread 0x00000000590a4800 Exception <a 'java/security/PrivilegedActionException'> (0x00000000f7c60e30) thrown at [C:\re\workspace\8-2-build-windows-amd64-cygwin\jdk8u11\648\hotspot\src\share\vm\prims\jvm.cpp, line 1248]
Event: 69.022 Thread 0x00000000590a4800 Exception <a 'java/security/PrivilegedActionException'> (0x00000000f7c79fe0) thrown at [C:\re\workspace\8-2-build-windows-amd64-cygwin\jdk8u11\648\hotspot\src\share\vm\prims\jvm.cpp, line 1248]
Event: 69.024 Thread 0x00000000590a4800 Exception <a 'java/security/PrivilegedActionException'> (0x00000000f7c99ab0) thrown at [C:\re\workspace\8-2-build-windows-amd64-cygwin\jdk8u11\648\hotspot\src\share\vm\prims\jvm.cpp, line 1248]
Event: 69.024 Thread 0x00000000590a4800 Exception <a 'java/security/PrivilegedActionException'> (0x00000000f7c9fec8) thrown at [C:\re\workspace\8-2-build-windows-amd64-cygwin\jdk8u11\648\hotspot\src\share\vm\prims\jvm.cpp, line 1248]
Event: 69.025 Thread 0x00000000590a4800 Exception <a 'java/security/PrivilegedActionException'> (0x00000000f7cb9078) thrown at [C:\re\workspace\8-2-build-windows-amd64-cygwin\jdk8u11\648\hotspot\src\share\vm\prims\jvm.cpp, line 1248]
Event: 69.026 Thread 0x00000000590a4800 Exception <a 'java/security/PrivilegedActionException'> (0x00000000f7cf0ae0) thrown at [C:\re\workspace\8-2-build-windows-amd64-cygwin\jdk8u11\648\hotspot\src\share\vm\prims\jvm.cpp, line 1248]
Event: 69.026 Thread 0x00000000590a4800 Exception <a 'java/lang/ClassNotFoundException': org/codehaus/groovy/grails/plugins/DomainClassGrailsPlugin$_addRelationshipManagementMethods_closure23BeanInfo> (0x00000000f7cf1a70) thrown at [C:\re\workspace\8-2-build-windows-amd64-cygwin\jdk8u11\648\hotsÂ>À¾©AQ@
Event: 69.026 Thread 0x00000000590a4800 Exception <a 'java/security/PrivilegedActionException'> (0x00000000f7cf3100) thrown at [C:\re\workspace\8-2-build-windows-amd64-cygwin\jdk8u11\648\hotspot\src\share\vm\prims\jvm.cpp, line 1248]

Events (10 events):
Event: 69.020 loading class groovy/runtime/metaclass/org/codehaus/groovy/grails/plugins/DomainClassGrailsPlugin$_addRelationshipManagementMethods_closure23MetaClass
Event: 69.020 loading class groovy/runtime/metaclass/org/codehaus/groovy/grails/plugins/DomainClassGrailsPlugin$_addRelationshipManagementMethods_closure23MetaClass done
Event: 69.021 loading class org/codehaus/groovy/grails/plugins/DomainClassGrailsPlugin$_addRelationshipManagementMethods_closure23BeanInfo
Event: 69.021 loading class org/codehaus/groovy/grails/plugins/DomainClassGrailsPlugin$_addRelationshipManagementMethods_closure23BeanInfo done
Event: 69.024 loading class org/codehaus/groovy/grails/plugins/DomainClassGrailsPlugin$_addRelationshipManagementMethods_closure23BeanInfo
Event: 69.024 loading class org/codehaus/groovy/grails/plugins/DomainClassGrailsPlugin$_addRelationshipManagementMethods_closure23BeanInfo done
Event: 69.026 loading class org/codehaus/groovy/grails/plugins/DomainClassGrailsPlugin$_addRelationshipManagementMethods_closure23BeanInfo
Event: 69.026 loading class org/codehaus/groovy/grails/plugins/DomainClassGrailsPlugin$_addRelationshipManagementMethods_closure23BeanInfo done
Event: 69.026 loading class org/codehaus/groovy/grails/plugins/DomainClassGrailsPlugin$_addRelationshipManagementMethods_closure23Customizer
Event: 69.026 loading class org/codehaus/groovy/grails/plugins/DomainClassGrailsPlugin$_addRelationshipManagementMethods_closure23Customizer done


Dynamic libraries:
0x000000013fd00000 - 0x000000013fd34000 	C:\Program Files\Java\jdk1.8.0_11\bin\java.exe
0x0000000076e80000 - 0x0000000077029000 	C:\Windows\SYSTEM32\ntdll.dll
0x0000000076c60000 - 0x0000000076d7f000 	C:\Windows\system32\kernel32.dll
0x000007fefd390000 - 0x000007fefd3fc000 	C:\Windows\system32\KERNELBASE.dll
0x000007fefd6c0000 - 0x000007fefd79b000 	C:\Windows\system32\ADVAPI32.dll
0x000007fefe610000 - 0x000007fefe6af000 	C:\Windows\system32\msvcrt.dll
0x000007fefeb60000 - 0x000007fefeb7f000 	C:\Windows\SYSTEM32\sechost.dll
0x000007fefedb0000 - 0x000007fefeedd000 	C:\Windows\system32\RPCRT4.dll
0x0000000076d80000 - 0x0000000076e7a000 	C:\Windows\system32\USER32.dll
0x000007fefed10000 - 0x000007fefed77000 	C:\Windows\system32\GDI32.dll
0x000007fefd6b0000 - 0x000007fefd6be000 	C:\Windows\system32\LPK.dll
0x000007fefeee0000 - 0x000007fefefa9000 	C:\Windows\system32\USP10.dll
0x000007fefb8e0000 - 0x000007fefbad4000 	C:\Windows\WinSxS\amd64_microsoft.windows.common-controls_6595b64144ccf1df_6.0.7601.17514_none_fa396087175ac9ac\COMCTL32.dll
0x000007fefe580000 - 0x000007fefe5f1000 	C:\Windows\system32\SHLWAPI.dll
0x000007fefed80000 - 0x000007fefedae000 	C:\Windows\system32\IMM32.DLL
0x000007fefeb80000 - 0x000007fefec89000 	C:\Windows\system32\MSCTF.dll
0x0000000180000000 - 0x000000018001c000 	C:\Windows\system32\btpload64.dll
0x0000000077050000 - 0x0000000077057000 	C:\Windows\system32\PSAPI.DLL
0x0000000000330000 - 0x000000000035c000 	C:\Windows\system32\privman64.dll
0x000007fefd230000 - 0x000007fefd23c000 	C:\Windows\system32\VERSION.dll
0x000007fefd7f0000 - 0x000007fefe579000 	C:\Windows\system32\SHELL32.dll
0x000007fefd210000 - 0x000007fefd22e000 	C:\Windows\system32\USERENV.dll
0x000007fefd2e0000 - 0x000007fefd2ef000 	C:\Windows\system32\profapi.dll
0x0000000064d70000 - 0x0000000064e42000 	C:\Program Files\Java\jdk1.8.0_11\jre\bin\msvcr100.dll
0x00000000639b0000 - 0x00000000641da000 	C:\Program Files\Java\jdk1.8.0_11\jre\bin\server\jvm.dll
0x000007fefc7c0000 - 0x000007fefc7c9000 	C:\Windows\system32\WSOCK32.dll
0x000007fefd7a0000 - 0x000007fefd7ed000 	C:\Windows\system32\WS2_32.dll
0x000007fefe600000 - 0x000007fefe608000 	C:\Windows\system32\NSI.dll
0x000007fefae20000 - 0x000007fefae5b000 	C:\Windows\system32\WINMM.dll
0x000000006a0c0000 - 0x000000006a0cf000 	C:\Program Files\Java\jdk1.8.0_11\jre\bin\verify.dll
0x0000000064d00000 - 0x0000000064d28000 	C:\Program Files\Java\jdk1.8.0_11\jre\bin\java.dll
0x000000006f120000 - 0x000000006f143000 	C:\Program Files\Java\jdk1.8.0_11\jre\bin\instrument.dll
0x000000006afe0000 - 0x000000006aff6000 	C:\Program Files\Java\jdk1.8.0_11\jre\bin\zip.dll
0x000007fefe6b0000 - 0x000007fefe8b3000 	C:\Windows\system32\ole32.dll
0x000007fefcb80000 - 0x000007fefcb97000 	C:\Windows\system32\CRYPTSP.dll
0x000007fefc880000 - 0x000007fefc8c7000 	C:\Windows\system32\rsaenh.dll
0x000007fefd1e0000 - 0x000007fefd1ef000 	C:\Windows\system32\CRYPTBASE.dll
0x0000000064630000 - 0x000000006464a000 	C:\Program Files\Java\jdk1.8.0_11\jre\bin\net.dll
0x000007fefcb20000 - 0x000007fefcb75000 	C:\Windows\system32\mswsock.dll
0x000007fefcb10000 - 0x000007fefcb17000 	C:\Windows\System32\wship6.dll
0x000007fefc280000 - 0x000007fefc2a7000 	C:\Windows\system32\IPHLPAPI.DLL
0x000007fefc270000 - 0x000007fefc27b000 	C:\Windows\system32\WINNSI.DLL
0x000007fefa8b0000 - 0x000007fefa8c8000 	C:\Windows\system32\dhcpcsvc.DLL
0x000007fefa840000 - 0x000007fefa851000 	C:\Windows\system32\dhcpcsvc6.DLL
0x0000000060c30000 - 0x0000000060c41000 	C:\Program Files\Java\jdk1.8.0_11\jre\bin\nio.dll
0x000007fefb820000 - 0x000007fefb82a000 	C:\Users\rgopal\AppData\Local\Temp\jansi-64-5691827130117214037.dll
0x000000006b3e0000 - 0x000000006b3ed000 	C:\Program Files\Java\jdk1.8.0_11\jre\bin\management.dll
0x000007fefc380000 - 0x000007fefc387000 	C:\Windows\System32\wshtcpip.dll
0x000007fefc9a0000 - 0x000007fefc9fb000 	C:\Windows\system32\DNSAPI.dll
0x00000000744a0000 - 0x00000000744c6000 	C:\Program Files\Bonjour\mdnsNSP.dll
0x000007fefa7d0000 - 0x000007fefa7d8000 	C:\Windows\system32\rasadhlp.dll
0x000007fefa7e0000 - 0x000007fefa833000 	C:\Windows\System32\fwpuclnt.dll
0x000007fefa9a0000 - 0x000007fefa9b5000 	C:\Windows\system32\NLAapi.dll
0x000007fefa910000 - 0x000007fefa925000 	C:\Windows\system32\napinsp.dll
0x000007fefa8f0000 - 0x000007fefa909000 	C:\Windows\system32\pnrpnsp.dll
0x000007fefa8e0000 - 0x000007fefa8eb000 	C:\Windows\System32\winrnr.dll
0x000007fefa8d0000 - 0x000007fefa8e0000 	C:\Windows\system32\wshbth.dll
0x000007fef5730000 - 0x000007fef5855000 	C:\Windows\system32\dbghelp.dll

VM Arguments:
jvm_args: -Dfile.encoding=UTF-8 -Xmx768M -Xms64M -Dgrails.fork.parent.process.port=53667 -Dgrails.fork.active=true -Dgrails.build.execution.context=C:\Users\rgopal\AppData\Local\Temp\central3316060438806111736grails-execution-context -Dgrails.home=C:\Users\rgopal\Documents\grails-2.4.4\grails-2.4.4 -javaagent:C:\Users\rgopal\Documents\grails-2.4.4\grails-2.4.4\lib\org.springframework\springloaded\jars\springloaded-1.2.1.RELEASE.jar -Xverify:none -Dspringloaded.synchronize=true -Djdk.reflect.allowGetCallerClass=true -Dspringloaded=profile=grails;cacheDir=C:\Users\rgopal/.grails/2.4.4/ 
java_command: org.grails.plugins.tomcat.fork.ForkedTomcatServer
java_class_path (initial): C:\Program Files\Java\jdk1.8.0_11\lib\tools.jar;C:\Users\rgopal\Documents\grails-2.4.4\grails-2.4.4\lib\org.codehaus.groovy\groovy-all\jars\groovy-all-2.3.7.jar;C:\Users\rgopal\Documents\grails-2.4.4\grails-2.4.4\lib\org.slf4j\jcl-over-slf4j\jars\jcl-over-slf4j-1.7.5.jar;C:\Users\rgopal\Documents\grails-2.4.4\grails-2.4.4\lib\org.codehaus.gant\gant_groovy1.8\jars\gant_groovy1.8-1.9.6.jar;C:\Users\rgopal\Documents\grails-2.4.4\grails-2.4.4\lib\org.apache.tomcat.embed\tomcat-embed-logging-log4j\jars\tomcat-embed-logging-log4j-7.0.50.jar;C:\Users\rgopal\Documents\grails-2.4.4\grails-2.4.4\dist\grails-plugin-log4j-2.4.4.jar;C:\Users\rgopal\Documents\grails-2.4.4\grails-2.4.4\lib\log4j\log4j\jars\log4j-1.2.17.jar;C:\Users\rgopal\Documents\grails-2.4.4\grails-2.4.4\dist\grails-bootstrap-2.4.4.jar;C:\Users\rgopal\Documents\grails-2.4.4\grails-2.4.4\lib\org.slf4j\slf4j-api\jars\slf4j-api-1.7.5.jar;C:\Users\rgopal\Documents\grails-2.4.4\grails-2.4.4\lib\jline\jline\jars\jline-2.12.jar;C:\Users\rgopal\Documents\grails-2.4.4\grails-2.4.4\lib\org.apache.ant\ant\jars\ant-1.8.4.jar;C:\Users\rgopal\Documents\grails-2.4.4\grails-2.4.4\lib\org.apache.ant\ant-launcher\jars\ant-launcher-1.8.4.jar;C:\Users\rgopal\Documents\grails-2.4.4\grails-2.4.4\lib\org.apache.ant\ant-trax\jars\ant-trax-1.7.1.jar;C:\Users\rgopal\Documents\grails-2.4.4\grails-2.4.4\lib\org.apache.ant\ant-junit\jars\ant-junit-1.8.4.jar;C:\Users\rgopal\Documents\grails-2.4.4\grails-2.4.4\lib\org.apache.ivy\ivy\jars\ivy-2.3.0.jar;C:\Users\rgopal\Documents\grails-2.4.4\grails-2.4.4\lib\org.fusesource.jansi\jansi\jars\jansi-1.11.jar;C:\Users\rgopal\.m2\repository\org\apache\tomcat\tomcat-catalina-ant\7.0.55\tomcat-catalina-ant-7.0.55.jar;C:\Users\rgopal\.m2\repository\org\apache\tomcat\embed\tomcat-embed-jasper\7.0.55\tomcat-embed-jasper-7.0.55.jar;C:\Users\rgopal\.m2\repository\org\apache\tomcat\embed\tomcat-embed-el\7.0.55\tomcat-embed-el-7.0.55.jar;C:\Users\rgopal\.m2\repository\org\apache\
Launcher Type: SUN_STANDARD

Environment Variables:
JAVA_HOME=C:\Program Files\Java\jdk1.8.0_11
PATH=C:\Windows\system32;C:\Windows;C:\Windows\System32\Wbem;C:\Windows\System32\WindowsPowerShell\v1.0\;C:\users\rgopal\My Documents\springsource\grails-2.3.5\bin\;c:\Program Files\Java\jdk1.7.0_51\bin\;C:\Program Files (x86)\MiKTeX 2.9\miktex\bin\
USERNAME=rgopal
OS=Windows_NT
PROCESSOR_IDENTIFIER=Intel64 Family 6 Model 37 Stepping 5, GenuineIntel



---------------  S Y S T E M  ---------------

OS: Windows 7 , 64 bit Build 7601 Service Pack 1

CPU:total 4 (2 cores per cpu, 2 threads per core) family 6 model 37 stepping 5, cmov, cx8, fxsr, mmx, sse, sse2, sse3, ssse3, sse4.1, sse4.2, popcnt, aes, clmul, ht, tsc, tscinvbit

Memory: 4k page, physical 8181608k(3054368k free), swap 16361352k(10503008k free)

vm_info: Java HotSpot(TM) 64-Bit Server VM (25.11-b03) for windows-amd64 JRE (1.8.0_11-b12), built on Jun 16 2014 20:57:32 by "java_re" with MS VC++ 10.0 (VS2010)

time: Sat Apr 25 11:57:13 2015
elapsed time: 69 seconds

