#
# A fatal error has been detected by the Java Runtime Environment:
#
#  EXCEPTION_ACCESS_VIOLATION (0xc0000005) at pc=0x000000005abd4db2, pid=11972, tid=5112
#
# JRE version: Java(TM) SE Runtime Environment (8.0_11-b12) (build 1.8.0_11-b12)
# Java VM: Java HotSpot(TM) 64-Bit Server VM (25.11-b03 mixed mode windows-amd64 compressed oops)
# Problematic frame:
# V  [jvm.dll+0x424db2]
#
# Failed to write core dump. Minidumps are not enabled by default on client versions of Windows
#
# If you would like to submit a bug report, please visit:
#   http://bugreport.sun.com/bugreport/crash.jsp
#

---------------  T H R E A D  ---------------

Current thread (0x0000000056221000):  JavaThread "C2 CompilerThread1" daemon [_thread_in_native, id=5112, stack(0x0000000056ae0000,0x0000000056be0000)]

siginfo: ExceptionCode=0xc0000005, reading address 0x0000000000000000

Registers:
RAX=0x00000000587ed528, RBX=0x0000000000000600, RCX=0x0000000000000000, RDX=0x0000000058233a30
RSP=0x0000000056bdc050, RBP=0x00000000000000c0, RSI=0x00000000000000b8, RDI=0x0000000000000000
R8 =0x000000005a7b0000, R9 =0x0000000056bdc370, R10=0x00000000ffffffff, R11=0x0000000056230890
R12=0x00000000587edc30, R13=0x000000005a188d58, R14=0x0000000000000008, R15=0x000000005a188d58
RIP=0x000000005abd4db2, EFLAGS=0x0000000000010206

Top of Stack: (sp=0x0000000056bdc050)
0x0000000056bdc050:   00000000000000da 00000000000000b0
0x0000000056bdc060:   000000000000000a 00000000584f9ec8
0x0000000056bdc070:   0000000000000001 0000000000000600
0x0000000056bdc080:   0000000000000180 00000000000000c0
0x0000000056bdc090:   0000000060f94270 000000005622c4a0
0x0000000056bdc0a0:   00000000000006c8 000000005822f2a0
0x0000000056bdc0b0:   0000000056bdc370 00000000587ea6a0
0x0000000056bdc0c0:   0000000000000020 0000000000000009
0x0000000056bdc0d0:   00000000587edc00 00000000000000da
0x0000000056bdc0e0:   000000005a188d58 000000005abd598d
0x0000000056bdc0f0:   00000000587edc00 000000000000001c
0x0000000056bdc100:   00000000000000da 0000000056bdc370
0x0000000056bdc110:   0000000058233a30 00000000000000da
0x0000000056bdc120:   00000000587ea6a0 0000000000000020
0x0000000056bdc130:   000000005da96df8 0000000056bde6e0
0x0000000056bdc140:   000000005da97428 00000000587edc00 

Instructions: (pc=0x000000005abd4db2)
0x000000005abd4d92:   c6 48 63 f0 48 03 f1 eb 04 48 83 ce ff 48 8b 84
0x000000005abd4da2:   24 a0 00 00 00 48 8b 40 08 48 8b 3c 03 48 8b cf
0x000000005abd4db2:   48 8b 07 ff 50 28 4c 8d 05 41 b2 bd ff 48 63 50
0x000000005abd4dc2:   10 4c 8b d8 48 8b ca 48 c1 e1 05 42 80 bc 01 c0 


Register to memory mapping:

RAX=0x00000000587ed528 is an unknown value
RBX=0x0000000000000600 is an unknown value
RCX=0x0000000000000000 is an unknown value
RDX=0x0000000058233a30 is an unknown value
RSP=0x0000000056bdc050 is pointing into the stack for thread: 0x0000000056221000
RBP=0x00000000000000c0 is an unknown value
RSI=0x00000000000000b8 is an unknown value
RDI=0x0000000000000000 is an unknown value
R8 =0x000000005a7b0000 is an unknown value
R9 =0x0000000056bdc370 is pointing into the stack for thread: 0x0000000056221000
R10=0x00000000ffffffff is an unknown value
R11=0x0000000056230890 is an unknown value
R12=0x00000000587edc30 is an unknown value
R13=0x000000005a188d58 is an unknown value
R14=0x0000000000000008 is an unknown value
R15=0x000000005a188d58 is an unknown value


Stack: [0x0000000056ae0000,0x0000000056be0000],  sp=0x0000000056bdc050,  free space=1008k
Native frames: (J=compiled Java code, j=interpreted, Vv=VM code, C=native code)
V  [jvm.dll+0x424db2]
V  [jvm.dll+0x42598d]
V  [jvm.dll+0x425ecf]
V  [jvm.dll+0x4c5a84]
V  [jvm.dll+0x4415bc]
V  [jvm.dll+0x443a29]
V  [jvm.dll+0x427722]
V  [jvm.dll+0x96982]
V  [jvm.dll+0x97173]
V  [jvm.dll+0x2234b4]
V  [jvm.dll+0x27bcca]
C  [msvcr100.dll+0x21d9f]
C  [msvcr100.dll+0x21e3b]
C  [kernel32.dll+0x159ed]
C  [ntdll.dll+0x2c541]


Current CompileTask:
C2:  40791 6194       4       groovy.lang.MetaClassImpl::findPropertyMethod (356 bytes)


---------------  P R O C E S S  ---------------

Java Threads: ( => current thread )
  0x000000005704e000 JavaThread "com.oumuo.SecurityGroup.data" daemon [_thread_blocked, id=3584, stack(0x0000000060430000,0x0000000060530000)]
  0x000000005704d000 JavaThread "com.oumuo.Authority.data" daemon [_thread_blocked, id=11776, stack(0x000000005fc40000,0x000000005fd40000)]
  0x000000005704c800 JavaThread "net.sf.ehcache.CacheManager@28c14677" daemon [_thread_blocked, id=8132, stack(0x0000000060000000,0x0000000060100000)]
  0x000000005704b800 JavaThread "PoolCleaner[1430861186:1428624008740]" daemon [_thread_blocked, id=9312, stack(0x000000005ee50000,0x000000005ef50000)]
  0x0000000057d57800 JavaThread "FileSystemWatcher: files=#231 cl=groovy.lang.GroovyClassLoader@55493582" daemon [_thread_blocked, id=8968, stack(0x000000005b6f0000,0x000000005b7f0000)]
  0x000000005982b000 JavaThread "localhost-startStop-1" daemon [_thread_in_native, id=1128, stack(0x000000005b570000,0x000000005b670000)]
  0x0000000059826000 JavaThread "Tomcat-startStop-1" daemon [_thread_blocked, id=11332, stack(0x000000005a2c0000,0x000000005a3c0000)]
  0x0000000059b22000 JavaThread "Thread-3" [_thread_in_native, id=1420, stack(0x000000005b220000,0x000000005b320000)]
  0x0000000057f9d000 JavaThread "Thread-2" [_thread_blocked, id=12056, stack(0x000000005a3c0000,0x000000005a4c0000)]
  0x00000000573f7800 JavaThread "NonBlockingInputStreamThread" daemon [_thread_blocked, id=8684, stack(0x0000000057a00000,0x0000000057b00000)]
  0x000000005638e800 JavaThread "Service Thread" daemon [_thread_blocked, id=7188, stack(0x0000000056dd0000,0x0000000056ed0000)]
  0x000000005626a000 JavaThread "C1 CompilerThread2" daemon [_thread_blocked, id=9120, stack(0x0000000056c10000,0x0000000056d10000)]
=>0x0000000056221000 JavaThread "C2 CompilerThread1" daemon [_thread_in_native, id=5112, stack(0x0000000056ae0000,0x0000000056be0000)]
  0x0000000056229000 JavaThread "C2 CompilerThread0" daemon [_thread_in_native, id=5848, stack(0x00000000568b0000,0x00000000569b0000)]
  0x0000000056134800 JavaThread "Attach Listener" daemon [_thread_blocked, id=11876, stack(0x0000000056570000,0x0000000056670000)]
  0x0000000054d2e000 JavaThread "Signal Dispatcher" daemon [_thread_blocked, id=8904, stack(0x00000000566a0000,0x00000000567a0000)]
  0x0000000054cca000 JavaThread "Finalizer" daemon [_thread_blocked, id=8564, stack(0x0000000056030000,0x0000000056130000)]
  0x0000000054cbf000 JavaThread "Reference Handler" daemon [_thread_blocked, id=9300, stack(0x0000000055ea0000,0x0000000055fa0000)]
  0x000000000291a000 JavaThread "main" [_thread_blocked, id=3352, stack(0x0000000002c60000,0x0000000002d60000)]

Other Threads:
  0x0000000054cb8000 VMThread [stack: 0x0000000055d40000,0x0000000055e40000] [id=10148]
  0x000000005638f000 WatcherThread [stack: 0x0000000056ef0000,0x0000000056ff0000] [id=9360]

VM state:not at safepoint (normal execution)

VM Mutex/Monitor currently owned by a thread: None

Heap:
 PSYoungGen      total 236032K, used 65266K [0x00000000f0000000, 0x0000000100000000, 0x0000000100000000)
  eden space 214016K, 22% used [0x00000000f0000000,0x00000000f2ee1d40,0x00000000fd100000)
  from space 22016K, 78% used [0x00000000fea80000,0x00000000ffb5abc8,0x0000000100000000)
  to   space 24064K, 0% used [0x00000000fd100000,0x00000000fd100000,0x00000000fe880000)
 ParOldGen       total 117248K, used 100286K [0x00000000d0000000, 0x00000000d7280000, 0x00000000f0000000)
  object space 117248K, 85% used [0x00000000d0000000,0x00000000d61efb30,0x00000000d7280000)
 Metaspace       used 65000K, capacity 66606K, committed 66944K, reserved 1107968K
  class space    used 7042K, capacity 7529K, committed 7552K, reserved 1048576K

Card table byte_map: [0x0000000012120000,0x00000000122b0000] byte_map_base: 0x0000000011aa0000

Marking Bits: (ParMarkBitMap*) 0x000000005af612b0
 Begin Bits: [0x0000000012b30000, 0x0000000013730000)
 End Bits:   [0x0000000013730000, 0x0000000014330000)

Polling page: 0x0000000000490000

CodeCache: size=245760Kb used=18426Kb max_used=18426Kb free=227333Kb
 bounds [0x0000000002d60000, 0x0000000003f80000, 0x0000000011d60000]
 total_blobs=6267 nmethods=5507 adapters=671
 compilation: enabled

Compilation events (10 events):
Event: 40.693 Thread 0x000000005626a000 6203       2       java.util.Collections$UnmodifiableCollection::toArray (10 bytes)
Event: 40.693 Thread 0x000000005626a000 nmethod 6203 0x0000000003f66b10 code [0x0000000003f66c80, 0x0000000003f66e08]
Event: 40.696 Thread 0x000000005626a000 6204       2       groovy.lang.MetaClassImpl::access$200 (10 bytes)
Event: 40.697 Thread 0x000000005626a000 nmethod 6204 0x0000000003f62650 code [0x0000000003f627c0, 0x0000000003f62908]
Event: 40.705 Thread 0x000000005626a000 6208       2       org.codehaus.groovy.reflection.ParameterTypes::correctArguments (79 bytes)
Event: 40.706 Thread 0x000000005626a000 nmethod 6208 0x0000000003f6e650 code [0x0000000003f6e800, 0x0000000003f6ebe8]
Event: 40.706 Thread 0x000000005626a000 6209       2       org.codehaus.groovy.runtime.callsite.PogoMetaMethodSite::checkCall (25 bytes)
Event: 40.707 Thread 0x000000005626a000 nmethod 6209 0x0000000003f6ee50 code [0x0000000003f6efc0, 0x0000000003f6f268]
Event: 40.707 Thread 0x000000005626a000 6210       1       org.codehaus.groovy.runtime.metaclass.ClosureMetaMethod$AnonymousMetaMethod::getName (5 bytes)
Event: 40.707 Thread 0x000000005626a000 nmethod 6210 0x0000000003f348d0 code [0x0000000003f34a20, 0x0000000003f34b30]

GC Heap History (10 events):
Event: 33.470 GC heap before
{Heap before GC invocations=54 (full 7):
 PSYoungGen      total 245760K, used 245742K [0x00000000f0000000, 0x0000000100000000, 0x0000000100000000)
  eden space 233472K, 100% used [0x00000000f0000000,0x00000000fe400000,0x00000000fe400000)
  from space 12288K, 99% used [0x00000000ff400000,0x00000000ffffba78,0x0000000100000000)
  to   space 14336K, 0% used [0x00000000fe400000,0x00000000fe400000,0x00000000ff200000)
 ParOldGen       total 98304K, used 81271K [0x00000000d0000000, 0x00000000d6000000, 0x00000000f0000000)
  object space 98304K, 82% used [0x00000000d0000000,0x00000000d4f5dd30,0x00000000d6000000)
 Metaspace       used 60615K, capacity 62176K, committed 62592K, reserved 1105920K
  class space    used 6481K, capacity 6935K, committed 7040K, reserved 1048576K
Event: 33.568 GC heap after
Heap after GC invocations=54 (full 7):
 PSYoungGen      total 247808K, used 14304K [0x00000000f0000000, 0x0000000100000000, 0x0000000100000000)
  eden space 233472K, 0% used [0x00000000f0000000,0x00000000f0000000,0x00000000fe400000)
  from space 14336K, 99% used [0x00000000fe400000,0x00000000ff1f8020,0x00000000ff200000)
  to   space 14336K, 0% used [0x00000000ff200000,0x00000000ff200000,0x0000000100000000)
 ParOldGen       total 98304K, used 86068K [0x00000000d0000000, 0x00000000d6000000, 0x00000000f0000000)
  object space 98304K, 87% used [0x00000000d0000000,0x00000000d540d2b8,0x00000000d6000000)
 Metaspace       used 60615K, capacity 62176K, committed 62592K, reserved 1105920K
  class space    used 6481K, capacity 6935K, committed 7040K, reserved 1048576K
}
Event: 34.851 GC heap before
{Heap before GC invocations=55 (full 7):
 PSYoungGen      total 247808K, used 241569K [0x00000000f0000000, 0x0000000100000000, 0x0000000100000000)
  eden space 233472K, 97% used [0x00000000f0000000,0x00000000fddf0600,0x00000000fe400000)
  from space 14336K, 99% used [0x00000000fe400000,0x00000000ff1f8020,0x00000000ff200000)
  to   space 14336K, 0% used [0x00000000ff200000,0x00000000ff200000,0x0000000100000000)
 ParOldGen       total 98304K, used 86068K [0x00000000d0000000, 0x00000000d6000000, 0x00000000f0000000)
  object space 98304K, 87% used [0x00000000d0000000,0x00000000d540d2b8,0x00000000d6000000)
 Metaspace       used 62308K, capacity 63942K, committed 64256K, reserved 1105920K
  class space    used 6664K, capacity 7160K, committed 7168K, reserved 1048576K
Event: 34.906 GC heap after
Heap after GC invocations=55 (full 7):
 PSYoungGen      total 230400K, used 14320K [0x00000000f0000000, 0x0000000100000000, 0x0000000100000000)
  eden space 216064K, 0% used [0x00000000f0000000,0x00000000f0000000,0x00000000fd300000)
  from space 14336K, 99% used [0x00000000ff200000,0x00000000ffffc2c0,0x0000000100000000)
  to   space 23040K, 0% used [0x00000000fd300000,0x00000000fd300000,0x00000000fe980000)
 ParOldGen       total 98304K, used 93374K [0x00000000d0000000, 0x00000000d6000000, 0x00000000f0000000)
  object space 98304K, 94% used [0x00000000d0000000,0x00000000d5b2f850,0x00000000d6000000)
 Metaspace       used 62308K, capacity 63942K, committed 64256K, reserved 1105920K
  class space    used 6664K, capacity 7160K, committed 7168K, reserved 1048576K
}
Event: 34.907 GC heap before
{Heap before GC invocations=56 (full 8):
 PSYoungGen      total 230400K, used 14320K [0x00000000f0000000, 0x0000000100000000, 0x0000000100000000)
  eden space 216064K, 0% used [0x00000000f0000000,0x00000000f0000000,0x00000000fd300000)
  from space 14336K, 99% used [0x00000000ff200000,0x00000000ffffc2c0,0x0000000100000000)
  to   space 23040K, 0% used [0x00000000fd300000,0x00000000fd300000,0x00000000fe980000)
 ParOldGen       total 98304K, used 93374K [0x00000000d0000000, 0x00000000d6000000, 0x00000000f0000000)
  object space 98304K, 94% used [0x00000000d0000000,0x00000000d5b2f850,0x00000000d6000000)
 Metaspace       used 62308K, capacity 63942K, committed 64256K, reserved 1105920K
  class space    used 6664K, capacity 7160K, committed 7168K, reserved 1048576K
Event: 37.695 GC heap after
Heap after GC invocations=56 (full 8):
 PSYoungGen      total 230400K, used 6057K [0x00000000f0000000, 0x0000000100000000, 0x0000000100000000)
  eden space 216064K, 0% used [0x00000000f0000000,0x00000000f0000000,0x00000000fd300000)
  from space 14336K, 42% used [0x00000000ff200000,0x00000000ff7ea410,0x0000000100000000)
  to   space 23040K, 0% used [0x00000000fd300000,0x00000000fd300000,0x00000000fe980000)
 ParOldGen       total 117248K, used 97920K [0x00000000d0000000, 0x00000000d7280000, 0x00000000f0000000)
  object space 117248K, 83% used [0x00000000d0000000,0x00000000d5fa03f0,0x00000000d7280000)
 Metaspace       used 62308K, capacity 63942K, committed 64256K, reserved 1105920K
  class space    used 6664K, capacity 7160K, committed 7168K, reserved 1048576K
}
Event: 39.432 GC heap before
{Heap before GC invocations=57 (full 8):
 PSYoungGen      total 230400K, used 213391K [0x00000000f0000000, 0x0000000100000000, 0x0000000100000000)
  eden space 216064K, 95% used [0x00000000f0000000,0x00000000fca79b80,0x00000000fd300000)
  from space 14336K, 42% used [0x00000000ff200000,0x00000000ff7ea410,0x0000000100000000)
  to   space 23040K, 0% used [0x00000000fd300000,0x00000000fd300000,0x00000000fe980000)
 ParOldGen       total 117248K, used 97920K [0x00000000d0000000, 0x00000000d7280000, 0x00000000f0000000)
  object space 117248K, 83% used [0x00000000d0000000,0x00000000d5fa03f0,0x00000000d7280000)
 Metaspace       used 63095K, capacity 64708K, committed 65152K, reserved 1107968K
  class space    used 6748K, capacity 7240K, committed 7296K, reserved 1048576K
Event: 39.494 GC heap after
Heap after GC invocations=57 (full 8):
 PSYoungGen      total 239104K, used 10433K [0x00000000f0000000, 0x0000000100000000, 0x0000000100000000)
  eden space 216064K, 0% used [0x00000000f0000000,0x00000000f0000000,0x00000000fd300000)
  from space 23040K, 45% used [0x00000000fd300000,0x00000000fdd30790,0x00000000fe980000)
  to   space 22016K, 0% used [0x00000000fea80000,0x00000000fea80000,0x0000000100000000)
 ParOldGen       total 117248K, used 100278K [0x00000000d0000000, 0x00000000d7280000, 0x00000000f0000000)
  object space 117248K, 85% used [0x00000000d0000000,0x00000000d61edb30,0x00000000d7280000)
 Metaspace       used 63095K, capacity 64708K, committed 65152K, reserved 1107968K
  class space    used 6748K, capacity 7240K, committed 7296K, reserved 1048576K
}
Event: 40.529 GC heap before
{Heap before GC invocations=58 (full 8):
 PSYoungGen      total 239104K, used 226497K [0x00000000f0000000, 0x0000000100000000, 0x0000000100000000)
  eden space 216064K, 100% used [0x00000000f0000000,0x00000000fd300000,0x00000000fd300000)
  from space 23040K, 45% used [0x00000000fd300000,0x00000000fdd30790,0x00000000fe980000)
  to   space 22016K, 0% used [0x00000000fea80000,0x00000000fea80000,0x0000000100000000)
 ParOldGen       total 117248K, used 100278K [0x00000000d0000000, 0x00000000d7280000, 0x00000000f0000000)
  object space 117248K, 85% used [0x00000000d0000000,0x00000000d61edb30,0x00000000d7280000)
 Metaspace       used 64780K, capacity 66354K, committed 66688K, reserved 1107968K
  class space    used 7001K, capacity 7469K, committed 7552K, reserved 1048576K
Event: 40.555 GC heap after
Heap after GC invocations=58 (full 8):
 PSYoungGen      total 236032K, used 17258K [0x00000000f0000000, 0x0000000100000000, 0x0000000100000000)
  eden space 214016K, 0% used [0x00000000f0000000,0x00000000f0000000,0x00000000fd100000)
  from space 22016K, 78% used [0x00000000fea80000,0x00000000ffb5abc8,0x0000000100000000)
  to   space 24064K, 0% used [0x00000000fd100000,0x00000000fd100000,0x00000000fe880000)
 ParOldGen       total 117248K, used 100286K [0x00000000d0000000, 0x00000000d7280000, 0x00000000f0000000)
  object space 117248K, 85% used [0x00000000d0000000,0x00000000d61efb30,0x00000000d7280000)
 Metaspace       used 64780K, capacity 66354K, committed 66688K, reserved 1107968K
  class space    used 7001K, capacity 7469K, committed 7552K, reserved 1048576K
}

Deoptimization events (10 events):
Event: 37.724 Thread 0x000000005982b000 Uncommon trap: reason=class_check action=maybe_recompile pc=0x0000000003ab1bd4 method=sl.org.objectweb.asm.ClassReader.a(Lsl/org/objectweb/asm/MethodVisitor;Lsl/org/objectweb/asm/Context;I)V @ 1945
Event: 37.724 Thread 0x000000005982b000 Uncommon trap: reason=class_check action=maybe_recompile pc=0x0000000003ab1bd4 method=sl.org.objectweb.asm.ClassReader.a(Lsl/org/objectweb/asm/MethodVisitor;Lsl/org/objectweb/asm/Context;I)V @ 1945
Event: 38.431 Thread 0x000000005982b000 Uncommon trap: reason=unreached action=reinterpret pc=0x0000000003b00d70 method=org.codehaus.groovy.runtime.metaclass.MetaMethodIndex.getMethods(Ljava/lang/Class;Ljava/lang/String;)Lorg/codehaus/groovy/runtime/metaclass/MetaMethodIndex$Entry; @ 61
Event: 39.769 Thread 0x000000005982b000 Uncommon trap: reason=bimorphic action=maybe_recompile pc=0x0000000003eea784 method=org.codehaus.groovy.runtime.metaclass.MetaMethodIndex.addMethodToList(Ljava/lang/Object;Lgroovy/lang/MetaMethod;)Ljava/lang/Object; @ 97
Event: 39.769 Thread 0x000000005982b000 Uncommon trap: reason=bimorphic action=maybe_recompile pc=0x0000000003eea784 method=org.codehaus.groovy.runtime.metaclass.MetaMethodIndex.addMethodToList(Ljava/lang/Object;Lgroovy/lang/MetaMethod;)Ljava/lang/Object; @ 97
Event: 40.215 Thread 0x000000005982b000 Uncommon trap: reason=array_check action=maybe_recompile pc=0x0000000003f15e18 method=java.util.AbstractCollection.toArray([Ljava/lang/Object;)[Ljava/lang/Object; @ 119
Event: 40.215 Thread 0x000000005982b000 Uncommon trap: reason=array_check action=maybe_recompile pc=0x0000000003f15e18 method=java.util.AbstractCollection.toArray([Ljava/lang/Object;)[Ljava/lang/Object; @ 119
Event: 40.215 Thread 0x000000005982b000 Uncommon trap: reason=array_check action=maybe_recompile pc=0x0000000003f15e18 method=java.util.AbstractCollection.toArray([Ljava/lang/Object;)[Ljava/lang/Object; @ 119
Event: 40.215 Thread 0x000000005982b000 Uncommon trap: reason=array_check action=maybe_recompile pc=0x0000000003f15e18 method=java.util.AbstractCollection.toArray([Ljava/lang/Object;)[Ljava/lang/Object; @ 119
Event: 40.347 Thread 0x000000005982b000 Uncommon trap: reason=unloaded action=reinterpret pc=0x000000000354d07c method=org.springframework.core.BridgeMethodResolver.findBridgedMethod(Ljava/lang/reflect/Method;)Ljava/lang/reflect/Method; @ 13

Internal exceptions (10 events):
Event: 40.716 Thread 0x000000005982b000 Exception <a 'java/security/PrivilegedActionException'> (0x00000000f1b94e00) thrown at [C:\re\workspace\8-2-build-windows-amd64-cygwin\jdk8u11\648\hotspot\src\share\vm\prims\jvm.cpp, line 1248]
Event: 40.716 Thread 0x000000005982b000 Exception <a 'java/security/PrivilegedActionException'> (0x00000000f1b98e60) thrown at [C:\re\workspace\8-2-build-windows-amd64-cygwin\jdk8u11\648\hotspot\src\share\vm\prims\jvm.cpp, line 1248]
Event: 40.717 Thread 0x000000005982b000 Exception <a 'java/security/PrivilegedActionException'> (0x00000000f1ba9208) thrown at [C:\re\workspace\8-2-build-windows-amd64-cygwin\jdk8u11\648\hotspot\src\share\vm\prims\jvm.cpp, line 1248]
Event: 40.717 Thread 0x000000005982b000 Exception <a 'java/security/PrivilegedActionException'> (0x00000000f1bac9e8) thrown at [C:\re\workspace\8-2-build-windows-amd64-cygwin\jdk8u11\648\hotspot\src\share\vm\prims\jvm.cpp, line 1248]
Event: 40.718 Thread 0x000000005982b000 Exception <a 'java/security/PrivilegedActionException'> (0x00000000f1bd0b20) thrown at [C:\re\workspace\8-2-build-windows-amd64-cygwin\jdk8u11\648\hotspot\src\share\vm\prims\jvm.cpp, line 1248]
Event: 40.718 Thread 0x000000005982b000 Exception <a 'java/security/PrivilegedActionException'> (0x00000000f1bd43a8) thrown at [C:\re\workspace\8-2-build-windows-amd64-cygwin\jdk8u11\648\hotspot\src\share\vm\prims\jvm.cpp, line 1248]
Event: 40.719 Thread 0x000000005982b000 Exception <a 'java/security/PrivilegedActionException'> (0x00000000f1bf2e10) thrown at [C:\re\workspace\8-2-build-windows-amd64-cygwin\jdk8u11\648\hotspot\src\share\vm\prims\jvm.cpp, line 1248]
Event: 40.719 Thread 0x000000005982b000 Exception <a 'java/security/PrivilegedActionException'> (0x00000000f1bf7428) thrown at [C:\re\workspace\8-2-build-windows-amd64-cygwin\jdk8u11\648\hotspot\src\share\vm\prims\jvm.cpp, line 1248]
Event: 40.719 Thread 0x000000005982b000 Exception <a 'java/security/PrivilegedActionException'> (0x00000000f1c08058) thrown at [C:\re\workspace\8-2-build-windows-amd64-cygwin\jdk8u11\648\hotspot\src\share\vm\prims\jvm.cpp, line 1248]
Event: 40.720 Thread 0x000000005982b000 Exception <a 'java/security/PrivilegedActionException'> (0x00000000f1c0dcf0) thrown at [C:\re\workspace\8-2-build-windows-amd64-cygwin\jdk8u11\648\hotspot\src\share\vm\prims\jvm.cpp, line 1248]

Events (10 events):
Event: 40.716 loading class org/grails/async/decorator/PromiseDecoratorLookupStrategy
Event: 40.716 loading class org/grails/async/decorator/PromiseDecoratorLookupStrategy done
Event: 40.717 loading class org/grails/async/factory/gpars/GparsPromiseFactory
Event: 40.717 loading class org/grails/async/factory/gpars/GparsPromiseFactory done
Event: 40.718 loading class org/grails/async/factory/AbstractPromiseFactory
Event: 40.718 loading class org/grails/async/factory/AbstractPromiseFactory done
Event: 40.719 loading class org/grails/async/factory/gpars/GparsPromiseFactory$__clinit__closure1
Event: 40.719 loading class org/grails/async/factory/gpars/GparsPromiseFactory$__clinit__closure1 done
Event: 40.719 loading class groovy/runtime/metaclass/org/grails/async/factory/gpars/GparsPromiseFactory$__clinit__closure1MetaClass
Event: 40.719 loading class groovy/runtime/metaclass/org/grails/async/factory/gpars/GparsPromiseFactory$__clinit__closure1MetaClass done


Dynamic libraries:
0x000000013f720000 - 0x000000013f754000 	C:\Program Files\Java\jdk1.8.0_11\bin\java.exe
0x0000000077980000 - 0x0000000077b29000 	C:\Windows\SYSTEM32\ntdll.dll
0x0000000077860000 - 0x000000007797f000 	C:\Windows\system32\kernel32.dll
0x000007fefe140000 - 0x000007fefe1ac000 	C:\Windows\system32\KERNELBASE.dll
0x000007feff400000 - 0x000007feff4db000 	C:\Windows\system32\ADVAPI32.dll
0x000007feffb10000 - 0x000007feffbaf000 	C:\Windows\system32\msvcrt.dll
0x000007feffae0000 - 0x000007feffaff000 	C:\Windows\SYSTEM32\sechost.dll
0x000007fefef40000 - 0x000007feff06d000 	C:\Windows\system32\RPCRT4.dll
0x0000000077280000 - 0x000000007737a000 	C:\Windows\system32\USER32.dll
0x000007feffc20000 - 0x000007feffc87000 	C:\Windows\system32\GDI32.dll
0x000007feffc10000 - 0x000007feffc1e000 	C:\Windows\system32\LPK.dll
0x000007feff560000 - 0x000007feff629000 	C:\Windows\system32\USP10.dll
0x000007fefc3e0000 - 0x000007fefc5d4000 	C:\Windows\WinSxS\amd64_microsoft.windows.common-controls_6595b64144ccf1df_6.0.7601.17514_none_fa396087175ac9ac\COMCTL32.dll
0x000007feff4e0000 - 0x000007feff551000 	C:\Windows\system32\SHLWAPI.dll
0x000007feff110000 - 0x000007feff13e000 	C:\Windows\system32\IMM32.DLL
0x000007feff720000 - 0x000007feff829000 	C:\Windows\system32\MSCTF.dll
0x0000000180000000 - 0x000000018001c000 	C:\Windows\system32\btpload64.dll
0x0000000077b40000 - 0x0000000077b47000 	C:\Windows\system32\PSAPI.DLL
0x0000000000450000 - 0x000000000047c000 	C:\Windows\system32\privman64.dll
0x000007fefdd30000 - 0x000007fefdd3c000 	C:\Windows\system32\VERSION.dll
0x000007fefe1b0000 - 0x000007fefef39000 	C:\Windows\system32\SHELL32.dll
0x000007fefdd10000 - 0x000007fefdd2e000 	C:\Windows\system32\USERENV.dll
0x000007fefdde0000 - 0x000007fefddef000 	C:\Windows\system32\profapi.dll
0x000000006e110000 - 0x000000006e1e2000 	C:\Program Files\Java\jdk1.8.0_11\jre\bin\msvcr100.dll
0x000000005a7b0000 - 0x000000005afda000 	C:\Program Files\Java\jdk1.8.0_11\jre\bin\server\jvm.dll
0x000007fefd2c0000 - 0x000007fefd2c9000 	C:\Windows\system32\WSOCK32.dll
0x000007feff6d0000 - 0x000007feff71d000 	C:\Windows\system32\WS2_32.dll
0x000007feffb00000 - 0x000007feffb08000 	C:\Windows\system32\NSI.dll
0x000007fefb930000 - 0x000007fefb96b000 	C:\Windows\system32\WINMM.dll
0x0000000070860000 - 0x000000007086f000 	C:\Program Files\Java\jdk1.8.0_11\jre\bin\verify.dll
0x0000000070830000 - 0x0000000070858000 	C:\Program Files\Java\jdk1.8.0_11\jre\bin\java.dll
0x000000006f890000 - 0x000000006f8b3000 	C:\Program Files\Java\jdk1.8.0_11\jre\bin\instrument.dll
0x0000000070680000 - 0x0000000070696000 	C:\Program Files\Java\jdk1.8.0_11\jre\bin\zip.dll
0x000007feff830000 - 0x000007feffa33000 	C:\Windows\system32\ole32.dll
0x000007fefd680000 - 0x000007fefd697000 	C:\Windows\system32\CRYPTSP.dll
0x000007fefd380000 - 0x000007fefd3c7000 	C:\Windows\system32\rsaenh.dll
0x000007fefdce0000 - 0x000007fefdcef000 	C:\Windows\system32\CRYPTBASE.dll
0x0000000070660000 - 0x000000007067a000 	C:\Program Files\Java\jdk1.8.0_11\jre\bin\net.dll
0x000007fefd620000 - 0x000007fefd675000 	C:\Windows\system32\mswsock.dll
0x000007fefd610000 - 0x000007fefd617000 	C:\Windows\System32\wship6.dll
0x000007fefcd80000 - 0x000007fefcda7000 	C:\Windows\system32\IPHLPAPI.DLL
0x000007fefcd70000 - 0x000007fefcd7b000 	C:\Windows\system32\WINNSI.DLL
0x000007fefb3d0000 - 0x000007fefb3e8000 	C:\Windows\system32\dhcpcsvc.DLL
0x000007fefb3b0000 - 0x000007fefb3c1000 	C:\Windows\system32\dhcpcsvc6.DLL
0x0000000070640000 - 0x0000000070651000 	C:\Program Files\Java\jdk1.8.0_11\jre\bin\nio.dll
0x000007fefb1f0000 - 0x000007fefb1fa000 	C:\Users\rgopal\AppData\Local\Temp\jansi-64-5047942544693011158.dll
0x0000000070590000 - 0x000000007059d000 	C:\Program Files\Java\jdk1.8.0_11\jre\bin\management.dll
0x000007fefce80000 - 0x000007fefce87000 	C:\Windows\System32\wshtcpip.dll
0x000007fefd4a0000 - 0x000007fefd4fb000 	C:\Windows\system32\DNSAPI.dll
0x0000000074fa0000 - 0x0000000074fc6000 	C:\Program Files\Bonjour\mdnsNSP.dll
0x000007fefb340000 - 0x000007fefb348000 	C:\Windows\system32\rasadhlp.dll
0x000007fefb350000 - 0x000007fefb3a3000 	C:\Windows\System32\fwpuclnt.dll
0x000007fefb450000 - 0x000007fefb465000 	C:\Windows\system32\NLAapi.dll
0x000007fefb430000 - 0x000007fefb445000 	C:\Windows\system32\napinsp.dll
0x000007fefb410000 - 0x000007fefb429000 	C:\Windows\system32\pnrpnsp.dll
0x000007fefb400000 - 0x000007fefb40b000 	C:\Windows\System32\winrnr.dll
0x000007fefb3f0000 - 0x000007fefb400000 	C:\Windows\system32\wshbth.dll
0x000007fef6a90000 - 0x000007fef6bb5000 	C:\Windows\system32\dbghelp.dll

VM Arguments:
jvm_args: -Dfile.encoding=UTF-8 -Xmx768M -Xms64M -Dgrails.fork.parent.process.port=64660 -Dgrails.fork.active=true -Dgrails.build.execution.context=C:\Users\rgopal\AppData\Local\Temp\central1348230985804324888grails-execution-context -Dgrails.home=C:\Users\rgopal\Documents\grails-2.4.4\grails-2.4.4 -javaagent:C:\Users\rgopal\Documents\grails-2.4.4\grails-2.4.4\lib\org.springframework\springloaded\jars\springloaded-1.2.1.RELEASE.jar -Xverify:none -Dspringloaded.synchronize=true -Djdk.reflect.allowGetCallerClass=true -Dspringloaded=profile=grails;cacheDir=C:\Users\rgopal/.grails/2.4.4/ 
java_command: org.grails.plugins.tomcat.fork.ForkedTomcatServer
java_class_path (initial): C:\Program Files\Java\jdk1.8.0_11\lib\tools.jar;C:\Users\rgopal\Documents\grails-2.4.4\grails-2.4.4\lib\org.codehaus.groovy\groovy-all\jars\groovy-all-2.3.7.jar;C:\Users\rgopal\Documents\grails-2.4.4\grails-2.4.4\lib\org.slf4j\jcl-over-slf4j\jars\jcl-over-slf4j-1.7.5.jar;C:\Users\rgopal\Documents\grails-2.4.4\grails-2.4.4\lib\org.codehaus.gant\gant_groovy1.8\jars\gant_groovy1.8-1.9.6.jar;C:\Users\rgopal\Documents\grails-2.4.4\grails-2.4.4\lib\org.apache.tomcat.embed\tomcat-embed-logging-log4j\jars\tomcat-embed-logging-log4j-7.0.50.jar;C:\Users\rgopal\Documents\grails-2.4.4\grails-2.4.4\dist\grails-plugin-log4j-2.4.4.jar;C:\Users\rgopal\Documents\grails-2.4.4\grails-2.4.4\lib\log4j\log4j\jars\log4j-1.2.17.jar;C:\Users\rgopal\Documents\grails-2.4.4\grails-2.4.4\dist\grails-bootstrap-2.4.4.jar;C:\Users\rgopal\Documents\grails-2.4.4\grails-2.4.4\lib\org.slf4j\slf4j-api\jars\slf4j-api-1.7.5.jar;C:\Users\rgopal\Documents\grails-2.4.4\grails-2.4.4\lib\jline\jline\jars\jline-2.12.jar;C:\Users\rgopal\Documents\grails-2.4.4\grails-2.4.4\lib\org.apache.ant\ant\jars\ant-1.8.4.jar;C:\Users\rgopal\Documents\grails-2.4.4\grails-2.4.4\lib\org.apache.ant\ant-launcher\jars\ant-launcher-1.8.4.jar;C:\Users\rgopal\Documents\grails-2.4.4\grails-2.4.4\lib\org.apache.ant\ant-trax\jars\ant-trax-1.7.1.jar;C:\Users\rgopal\Documents\grails-2.4.4\grails-2.4.4\lib\org.apache.ant\ant-junit\jars\ant-junit-1.8.4.jar;C:\Users\rgopal\Documents\grails-2.4.4\grails-2.4.4\lib\org.apache.ivy\ivy\jars\ivy-2.3.0.jar;C:\Users\rgopal\Documents\grails-2.4.4\grails-2.4.4\lib\org.fusesource.jansi\jansi\jars\jansi-1.11.jar;C:\Users\rgopal\.m2\repository\org\apache\tomcat\tomcat-catalina-ant\7.0.55\tomcat-catalina-ant-7.0.55.jar;C:\Users\rgopal\.m2\repository\org\apache\tomcat\embed\tomcat-embed-jasper\7.0.55\tomcat-embed-jasper-7.0.55.jar;C:\Users\rgopal\.m2\repository\org\apache\tomcat\embed\tomcat-embed-el\7.0.55\tomcat-embed-el-7.0.55.jar;C:\Users\rgopal\.m2\repository\org\apache\
Launcher Type: SUN_STANDARD

Environment Variables:
JAVA_HOME=C:\Program Files\Java\jdk1.8.0_11
PATH=C:\Windows\system32;C:\Windows;C:\Windows\System32\Wbem;C:\Windows\System32\WindowsPowerShell\v1.0\;C:\users\rgopal\My Documents\springsource\grails-2.3.5\bin\;c:\Program Files\Java\jdk1.7.0_51\bin\;C:\Program Files (x86)\MiKTeX 2.9\miktex\bin\
USERNAME=rgopal
OS=Windows_NT
PROCESSOR_IDENTIFIER=Intel64 Family 6 Model 37 Stepping 5, GenuineIntel



---------------  S Y S T E M  ---------------

OS: Windows 7 , 64 bit Build 7601 Service Pack 1

CPU:total 4 (2 cores per cpu, 2 threads per core) family 6 model 37 stepping 5, cmov, cx8, fxsr, mmx, sse, sse2, sse3, ssse3, sse4.1, sse4.2, popcnt, aes, clmul, ht, tsc, tscinvbit

Memory: 4k page, physical 8181608k(1877804k free), swap 16361352k(6799368k free)

vm_info: Java HotSpot(TM) 64-Bit Server VM (25.11-b03) for windows-amd64 JRE (1.8.0_11-b12), built on Jun 16 2014 20:57:32 by "java_re" with MS VC++ 10.0 (VS2010)

time: Thu Apr 09 20:00:24 2015
elapsed time: 40 seconds

