#
# A fatal error has been detected by the Java Runtime Environment:
#
#  EXCEPTION_ACCESS_VIOLATION (0xc0000005) at pc=0x0000000066184db2, pid=9976, tid=10024
#
# JRE version: Java(TM) SE Runtime Environment (8.0_11-b12) (build 1.8.0_11-b12)
# Java VM: Java HotSpot(TM) 64-Bit Server VM (25.11-b03 mixed mode windows-amd64 compressed oops)
# Problematic frame:
# V  [jvm.dll+0x424db2]
#
# Failed to write core dump. Minidumps are not enabled by default on client versions of Windows
#
# If you would like to submit a bug report, please visit:
#   http://bugreport.sun.com/bugreport/crash.jsp
#

---------------  T H R E A D  ---------------

Current thread (0x00000000563ca800):  JavaThread "C2 CompilerThread1" daemon [_thread_in_native, id=10024, stack(0x0000000056cb0000,0x0000000056db0000)]

siginfo: ExceptionCode=0xc0000005, reading address 0x0000000000000000

Registers:
RAX=0x00000000588d6838, RBX=0x0000000000000600, RCX=0x0000000000000000, RDX=0x00000000588d2030
RSP=0x0000000056dac390, RBP=0x00000000000000c0, RSI=0x00000000000000b8, RDI=0x0000000000000000
R8 =0x0000000065d60000, R9 =0x0000000056dac6b0, R10=0x00000000ffffffff, R11=0x00000000563d28b0
R12=0x00000000588d6f40, R13=0x00000000589a7b28, R14=0x0000000000000008, R15=0x00000000589a7b28
RIP=0x0000000066184db2, EFLAGS=0x0000000000010206

Top of Stack: (sp=0x0000000056dac390)
0x0000000056dac390:   00000000000000da 00000000000000b0
0x0000000056dac3a0:   000000000000000a 000000005b5c2920
0x0000000056dac3b0:   0000000000000001 0000000000000600
0x0000000056dac3c0:   0000000000000180 00000000000000c0
0x0000000056dac3d0:   0000000058d6fbe0 00000000563c64c0
0x0000000056dac3e0:   0000000000000760 000000005b5c2920
0x0000000056dac3f0:   0000000056dac6b0 00000000588d38d0
0x0000000056dac400:   0000000000000020 0000000000000009
0x0000000056dac410:   00000000588d6f10 00000000000000da
0x0000000056dac420:   00000000589a7b28 000000006618598d
0x0000000056dac430:   00000000588d6f10 000000000000001c
0x0000000056dac440:   00000000000000da 0000000056dac6b0
0x0000000056dac450:   00000000588d2030 00000000000000da
0x0000000056dac460:   00000000588d38d0 0000000000000020
0x0000000056dac470:   000000005c09d8c0 0000000056daea20
0x0000000056dac480:   000000005c09def0 00000000588d6f10 

Instructions: (pc=0x0000000066184db2)
0x0000000066184d92:   c6 48 63 f0 48 03 f1 eb 04 48 83 ce ff 48 8b 84
0x0000000066184da2:   24 a0 00 00 00 48 8b 40 08 48 8b 3c 03 48 8b cf
0x0000000066184db2:   48 8b 07 ff 50 28 4c 8d 05 41 b2 bd ff 48 63 50
0x0000000066184dc2:   10 4c 8b d8 48 8b ca 48 c1 e1 05 42 80 bc 01 c0 


Register to memory mapping:

RAX=0x00000000588d6838 is an unknown value
RBX=0x0000000000000600 is an unknown value
RCX=0x0000000000000000 is an unknown value
RDX=0x00000000588d2030 is an unknown value
RSP=0x0000000056dac390 is pointing into the stack for thread: 0x00000000563ca800
RBP=0x00000000000000c0 is an unknown value
RSI=0x00000000000000b8 is an unknown value
RDI=0x0000000000000000 is an unknown value
R8 =0x0000000065d60000 is an unknown value
R9 =0x0000000056dac6b0 is pointing into the stack for thread: 0x00000000563ca800
R10=0x00000000ffffffff is an unknown value
R11=0x00000000563d28b0 is an unknown value
R12=0x00000000588d6f40 is an unknown value
R13=0x00000000589a7b28 is an unknown value
R14=0x0000000000000008 is an unknown value
R15=0x00000000589a7b28 is an unknown value


Stack: [0x0000000056cb0000,0x0000000056db0000],  sp=0x0000000056dac390,  free space=1008k
Native frames: (J=compiled Java code, j=interpreted, Vv=VM code, C=native code)
V  [jvm.dll+0x424db2]
V  [jvm.dll+0x42598d]
V  [jvm.dll+0x425ecf]
V  [jvm.dll+0x4c5a84]
V  [jvm.dll+0x4415bc]
V  [jvm.dll+0x443a29]
V  [jvm.dll+0x427722]
V  [jvm.dll+0x96982]
V  [jvm.dll+0x97173]
V  [jvm.dll+0x2234b4]
V  [jvm.dll+0x27bcca]
C  [msvcr100.dll+0x21d9f]
C  [msvcr100.dll+0x21e3b]
C  [kernel32.dll+0x159ed]
C  [ntdll.dll+0x2c541]


Current CompileTask:
C2:  56757 7003       4       groovy.lang.MetaClassImpl::findPropertyMethod (356 bytes)


---------------  P R O C E S S  ---------------

Java Threads: ( => current thread )
  0x000000005c87c800 JavaThread "com.oumuo.SecurityGroup.data" daemon [_thread_blocked, id=9700, stack(0x0000000060350000,0x0000000060450000)]
  0x000000005c87b800 JavaThread "com.oumuo.Authority.data" daemon [_thread_blocked, id=8552, stack(0x000000005fc20000,0x000000005fd20000)]
  0x000000005c87b000 JavaThread "net.sf.ehcache.CacheManager@734797d2" daemon [_thread_blocked, id=7084, stack(0x000000005a840000,0x000000005a940000)]
  0x000000005b416800 JavaThread "PoolCleaner[1070157899:1429383156643]" daemon [_thread_blocked, id=7904, stack(0x000000005f270000,0x000000005f370000)]
  0x000000005786a000 JavaThread "FileSystemWatcher: files=#285 cl=groovy.lang.GroovyClassLoader@3fc9504b" daemon [_thread_blocked, id=3720, stack(0x000000005af50000,0x000000005b050000)]
  0x00000000598fc800 JavaThread "localhost-startStop-1" daemon [_thread_in_native, id=6920, stack(0x000000005ae00000,0x000000005af00000)]
  0x0000000059969800 JavaThread "Tomcat-startStop-1" daemon [_thread_blocked, id=928, stack(0x000000005acf0000,0x000000005adf0000)]
  0x000000005932c000 JavaThread "Thread-3" [_thread_in_native, id=6028, stack(0x000000005a980000,0x000000005aa80000)]
  0x0000000058819800 JavaThread "Thread-2" [_thread_blocked, id=5392, stack(0x0000000056f20000,0x0000000057020000)]
  0x00000000574c9800 JavaThread "NonBlockingInputStreamThread" daemon [_thread_blocked, id=8632, stack(0x0000000057da0000,0x0000000057ea0000)]
  0x000000005655c800 JavaThread "Service Thread" daemon [_thread_blocked, id=6828, stack(0x0000000056e10000,0x0000000056f10000)]
  0x000000005640c000 JavaThread "C1 CompilerThread2" daemon [_thread_blocked, id=3580, stack(0x0000000055c30000,0x0000000055d30000)]
=>0x00000000563ca800 JavaThread "C2 CompilerThread1" daemon [_thread_in_native, id=10024, stack(0x0000000056cb0000,0x0000000056db0000)]
  0x00000000563cd000 JavaThread "C2 CompilerThread0" daemon [_thread_in_native, id=9044, stack(0x0000000056b20000,0x0000000056c20000)]
  0x00000000562d7000 JavaThread "Attach Listener" daemon [_thread_blocked, id=7440, stack(0x0000000056780000,0x0000000056880000)]
  0x0000000054d49800 JavaThread "Signal Dispatcher" daemon [_thread_blocked, id=8736, stack(0x0000000056890000,0x0000000056990000)]
  0x0000000054ce1000 JavaThread "Finalizer" daemon [_thread_blocked, id=9568, stack(0x0000000055e50000,0x0000000055f50000)]
  0x0000000054cdc000 JavaThread "Reference Handler" daemon [_thread_blocked, id=8268, stack(0x0000000055fc0000,0x00000000560c0000)]
  0x000000000288a000 JavaThread "main" [_thread_blocked, id=2736, stack(0x0000000002bc0000,0x0000000002cc0000)]

Other Threads:
  0x0000000054cd8800 VMThread [stack: 0x0000000055d40000,0x0000000055e40000] [id=8924]
  0x0000000056550800 WatcherThread [stack: 0x0000000057020000,0x0000000057120000] [id=3104]

VM state:not at safepoint (normal execution)

VM Mutex/Monitor currently owned by a thread: None

Heap:
 PSYoungGen      total 193536K, used 51646K [0x00000000f0000000, 0x0000000100000000, 0x0000000100000000)
  eden space 139264K, 1% used [0x00000000f0000000,0x00000000f0189780,0x00000000f8800000)
  from space 54272K, 92% used [0x00000000fcb00000,0x00000000ffbe6380,0x0000000100000000)
  to   space 61440K, 0% used [0x00000000f8800000,0x00000000f8800000,0x00000000fc400000)
 ParOldGen       total 126464K, used 108482K [0x00000000d0000000, 0x00000000d7b80000, 0x00000000f0000000)
  object space 126464K, 85% used [0x00000000d0000000,0x00000000d69f0bd0,0x00000000d7b80000)
 Metaspace       used 74224K, capacity 76214K, committed 76412K, reserved 1118208K
  class space    used 7941K, capacity 8550K, committed 8576K, reserved 1048576K

Card table byte_map: [0x0000000012180000,0x0000000012310000] byte_map_base: 0x0000000011b00000

Marking Bits: (ParMarkBitMap*) 0x00000000665112b0
 Begin Bits: [0x0000000012b50000, 0x0000000013750000)
 End Bits:   [0x0000000013750000, 0x0000000014350000)

Polling page: 0x0000000000460000

CodeCache: size=245760Kb used=24816Kb max_used=24816Kb free=220943Kb
 bounds [0x0000000002dc0000, 0x0000000004620000, 0x0000000011dc0000]
 total_blobs=7136 nmethods=6369 adapters=676
 compilation: enabled

Compilation events (10 events):
Event: 56.561 Thread 0x000000005640c000 nmethod 7456 0x00000000045e6f90 code [0x00000000045e7280, 0x00000000045e8848]
Event: 56.567 Thread 0x000000005640c000 7457       3       sun.reflect.generics.tree.IntSignature::accept (8 bytes)
Event: 56.567 Thread 0x000000005640c000 nmethod 7457 0x00000000045e9210 code [0x00000000045e9380, 0x00000000045e9650]
Event: 56.567 Thread 0x000000005640c000 7458       3       sun.reflect.generics.visitor.Reifier::visitIntSignature (14 bytes)
Event: 56.568 Thread 0x000000005640c000 nmethod 7458 0x00000000045e9810 code [0x00000000045e9980, 0x00000000045e9bb0]
Event: 56.572 Thread 0x000000005640c000 7459       3       org.codehaus.groovy.transform.stc.ExtensionMethodNode::<init> (26 bytes)
Event: 56.573 Thread 0x000000005640c000 nmethod 7459 0x00000000045e9cd0 code [0x00000000045e9e40, 0x00000000045ea028]
Event: 56.583 Thread 0x000000005640c000 7462   !   2       sun.reflect.annotation.AnnotationParser::parseClassValue (64 bytes)
Event: 56.583 Thread 0x000000005640c000 nmethod 7462 0x00000000045ea110 code [0x00000000045ea2e0, 0x00000000045ea6d8]
Event: 56.587 Thread 0x000000005640c000 7463       2       sun.reflect.annotation.AnnotationParser::parseAnnotation (9 bytes)

GC Heap History (10 events):
Event: 49.902 GC heap before
{Heap before GC invocations=57 (full 8):
 PSYoungGen      total 217600K, used 199724K [0x00000000f0000000, 0x0000000100000000, 0x0000000100000000)
  eden space 193536K, 95% used [0x00000000f0000000,0x00000000fb526838,0x00000000fbd00000)
  from space 24064K, 59% used [0x00000000fe880000,0x00000000ff6649f0,0x0000000100000000)
  to   space 34304K, 0% used [0x00000000fbd00000,0x00000000fbd00000,0x00000000fde80000)
 ParOldGen       total 126464K, used 107558K [0x00000000d0000000, 0x00000000d7b80000, 0x00000000f0000000)
  object space 126464K, 85% used [0x00000000d0000000,0x00000000d6909b68,0x00000000d7b80000)
 Metaspace       used 68428K, capacity 70130K, committed 70396K, reserved 1112064K
  class space    used 7146K, capacity 7624K, committed 7680K, reserved 1048576K
Event: 49.979 GC heap after
Heap after GC invocations=57 (full 8):
 PSYoungGen      total 217600K, used 23793K [0x00000000f0000000, 0x0000000100000000, 0x0000000100000000)
  eden space 193536K, 0% used [0x00000000f0000000,0x00000000f0000000,0x00000000fbd00000)
  from space 24064K, 98% used [0x00000000fbd00000,0x00000000fd43c6d8,0x00000000fd480000)
  to   space 36352K, 0% used [0x00000000fdc80000,0x00000000fdc80000,0x0000000100000000)
 ParOldGen       total 126464K, used 108458K [0x00000000d0000000, 0x00000000d7b80000, 0x00000000f0000000)
  object space 126464K, 85% used [0x00000000d0000000,0x00000000d69eabd0,0x00000000d7b80000)
 Metaspace       used 68428K, capacity 70130K, committed 70396K, reserved 1112064K
  class space    used 7146K, capacity 7624K, committed 7680K, reserved 1048576K
}
Event: 50.863 GC heap before
{Heap before GC invocations=58 (full 8):
 PSYoungGen      total 217600K, used 207614K [0x00000000f0000000, 0x0000000100000000, 0x0000000100000000)
  eden space 193536K, 94% used [0x00000000f0000000,0x00000000fb3833a0,0x00000000fbd00000)
  from space 24064K, 98% used [0x00000000fbd00000,0x00000000fd43c6d8,0x00000000fd480000)
  to   space 36352K, 0% used [0x00000000fdc80000,0x00000000fdc80000,0x0000000100000000)
 ParOldGen       total 126464K, used 108458K [0x00000000d0000000, 0x00000000d7b80000, 0x00000000f0000000)
  object space 126464K, 85% used [0x00000000d0000000,0x00000000d69eabd0,0x00000000d7b80000)
 Metaspace       used 68925K, capacity 70586K, committed 71036K, reserved 1112064K
  class space    used 7212K, capacity 7692K, committed 7808K, reserved 1048576K
Event: 50.938 GC heap after
Heap after GC invocations=58 (full 8):
 PSYoungGen      total 220672K, used 26438K [0x00000000f0000000, 0x0000000100000000, 0x0000000100000000)
  eden space 184320K, 0% used [0x00000000f0000000,0x00000000f0000000,0x00000000fb400000)
  from space 36352K, 72% used [0x00000000fdc80000,0x00000000ff651aa0,0x0000000100000000)
  to   space 38912K, 0% used [0x00000000fb400000,0x00000000fb400000,0x00000000fda00000)
 ParOldGen       total 126464K, used 108466K [0x00000000d0000000, 0x00000000d7b80000, 0x00000000f0000000)
  object space 126464K, 85% used [0x00000000d0000000,0x00000000d69ecbd0,0x00000000d7b80000)
 Metaspace       used 68925K, capacity 70586K, committed 71036K, reserved 1112064K
  class space    used 7212K, capacity 7692K, committed 7808K, reserved 1048576K
}
Event: 52.468 GC heap before
{Heap before GC invocations=59 (full 8):
 PSYoungGen      total 220672K, used 210758K [0x00000000f0000000, 0x0000000100000000, 0x0000000100000000)
  eden space 184320K, 100% used [0x00000000f0000000,0x00000000fb400000,0x00000000fb400000)
  from space 36352K, 72% used [0x00000000fdc80000,0x00000000ff651aa0,0x0000000100000000)
  to   space 38912K, 0% used [0x00000000fb400000,0x00000000fb400000,0x00000000fda00000)
 ParOldGen       total 126464K, used 108466K [0x00000000d0000000, 0x00000000d7b80000, 0x00000000f0000000)
  object space 126464K, 85% used [0x00000000d0000000,0x00000000d69ecbd0,0x00000000d7b80000)
 Metaspace       used 70571K, capacity 72428K, committed 72572K, reserved 1114112K
  class space    used 7421K, capacity 7956K, committed 8064K, reserved 1048576K
Event: 52.550 GC heap after
Heap after GC invocations=59 (full 8):
 PSYoungGen      total 218624K, used 34071K [0x00000000f0000000, 0x0000000100000000, 0x0000000100000000)
  eden space 184320K, 0% used [0x00000000f0000000,0x00000000f0000000,0x00000000fb400000)
  from space 34304K, 99% used [0x00000000fb400000,0x00000000fd545d10,0x00000000fd580000)
  to   space 43520K, 0% used [0x00000000fd580000,0x00000000fd580000,0x0000000100000000)
 ParOldGen       total 126464K, used 108466K [0x00000000d0000000, 0x00000000d7b80000, 0x00000000f0000000)
  object space 126464K, 85% used [0x00000000d0000000,0x00000000d69ecbd0,0x00000000d7b80000)
 Metaspace       used 70571K, capacity 72428K, committed 72572K, reserved 1114112K
  class space    used 7421K, capacity 7956K, committed 8064K, reserved 1048576K
}
Event: 53.927 GC heap before
{Heap before GC invocations=60 (full 8):
 PSYoungGen      total 218624K, used 215738K [0x00000000f0000000, 0x0000000100000000, 0x0000000100000000)
  eden space 184320K, 98% used [0x00000000f0000000,0x00000000fb168c00,0x00000000fb400000)
  from space 34304K, 99% used [0x00000000fb400000,0x00000000fd545d10,0x00000000fd580000)
  to   space 43520K, 0% used [0x00000000fd580000,0x00000000fd580000,0x0000000100000000)
 ParOldGen       total 126464K, used 108466K [0x00000000d0000000, 0x00000000d7b80000, 0x00000000f0000000)
  object space 126464K, 85% used [0x00000000d0000000,0x00000000d69ecbd0,0x00000000d7b80000)
 Metaspace       used 71749K, capacity 73598K, committed 73852K, reserved 1114112K
  class space    used 7631K, capacity 8193K, committed 8320K, reserved 1048576K
Event: 54.019 GC heap after
Heap after GC invocations=60 (full 8):
 PSYoungGen      total 207360K, used 38384K [0x00000000f0000000, 0x0000000100000000, 0x0000000100000000)
  eden space 163840K, 0% used [0x00000000f0000000,0x00000000f0000000,0x00000000fa000000)
  from space 43520K, 88% used [0x00000000fd580000,0x00000000ffafc2b8,0x0000000100000000)
  to   space 49152K, 0% used [0x00000000fa000000,0x00000000fa000000,0x00000000fd000000)
 ParOldGen       total 126464K, used 108474K [0x00000000d0000000, 0x00000000d7b80000, 0x00000000f0000000)
  object space 126464K, 85% used [0x00000000d0000000,0x00000000d69eebd0,0x00000000d7b80000)
 Metaspace       used 71749K, capacity 73598K, committed 73852K, reserved 1114112K
  class space    used 7631K, capacity 8193K, committed 8320K, reserved 1048576K
}
Event: 55.405 GC heap before
{Heap before GC invocations=61 (full 8):
 PSYoungGen      total 207360K, used 202224K [0x00000000f0000000, 0x0000000100000000, 0x0000000100000000)
  eden space 163840K, 100% used [0x00000000f0000000,0x00000000fa000000,0x00000000fa000000)
  from space 43520K, 88% used [0x00000000fd580000,0x00000000ffafc2b8,0x0000000100000000)
  to   space 49152K, 0% used [0x00000000fa000000,0x00000000fa000000,0x00000000fd000000)
 ParOldGen       total 126464K, used 108474K [0x00000000d0000000, 0x00000000d7b80000, 0x00000000f0000000)
  object space 126464K, 85% used [0x00000000d0000000,0x00000000d69eebd0,0x00000000d7b80000)
 Metaspace       used 73219K, capacity 75186K, committed 75260K, reserved 1116160K
  class space    used 7834K, capacity 8383K, committed 8448K, reserved 1048576K
Event: 55.540 GC heap after
Heap after GC invocations=61 (full 8):
 PSYoungGen      total 205312K, used 41322K [0x00000000f0000000, 0x0000000100000000, 0x0000000100000000)
  eden space 163840K, 0% used [0x00000000f0000000,0x00000000f0000000,0x00000000fa000000)
  from space 41472K, 99% used [0x00000000fa000000,0x00000000fc85a940,0x00000000fc880000)
  to   space 54272K, 0% used [0x00000000fcb00000,0x00000000fcb00000,0x0000000100000000)
 ParOldGen       total 126464K, used 108474K [0x00000000d0000000, 0x00000000d7b80000, 0x00000000f0000000)
  object space 126464K, 85% used [0x00000000d0000000,0x00000000d69eebd0,0x00000000d7b80000)
 Metaspace       used 73219K, capacity 75186K, committed 75260K, reserved 1116160K
  class space    used 7834K, capacity 8383K, committed 8448K, reserved 1048576K
}

Deoptimization events (10 events):
Event: 52.613 Thread 0x00000000598fc800 Uncommon trap: reason=bimorphic action=maybe_recompile pc=0x00000000039b9f90 method=org.codehaus.groovy.runtime.MetaClassHelper.isGenericSetMethod(Lgroovy/lang/MetaMethod;)Z @ 14
Event: 52.613 Thread 0x00000000598fc800 Uncommon trap: reason=bimorphic action=maybe_recompile pc=0x00000000039b9f90 method=org.codehaus.groovy.runtime.MetaClassHelper.isGenericSetMethod(Lgroovy/lang/MetaMethod;)Z @ 14
Event: 52.613 Thread 0x00000000598fc800 Uncommon trap: reason=bimorphic action=maybe_recompile pc=0x00000000039b9f90 method=org.codehaus.groovy.runtime.MetaClassHelper.isGenericSetMethod(Lgroovy/lang/MetaMethod;)Z @ 14
Event: 52.614 Thread 0x00000000598fc800 Uncommon trap: reason=bimorphic action=maybe_recompile pc=0x00000000039b9f90 method=org.codehaus.groovy.runtime.MetaClassHelper.isGenericSetMethod(Lgroovy/lang/MetaMethod;)Z @ 14
Event: 54.766 Thread 0x00000000598fc800 Uncommon trap: reason=unreached action=reinterpret pc=0x000000000374025c method=java.util.regex.Pattern.sequence(Ljava/util/regex/Pattern$Node;)Ljava/util/regex/Pattern$Node; @ 536
Event: 56.061 Thread 0x00000000598fc800 Uncommon trap: reason=bimorphic action=maybe_recompile pc=0x000000000302ab40 method=java.io.BufferedInputStream.read1([BII)I @ 39
Event: 56.151 Thread 0x00000000598fc800 Uncommon trap: reason=bimorphic action=maybe_recompile pc=0x000000000302ab40 method=java.io.BufferedInputStream.read1([BII)I @ 39
Event: 56.152 Thread 0x00000000598fc800 Uncommon trap: reason=bimorphic action=maybe_recompile pc=0x0000000003b3ccb0 method=java.io.BufferedInputStream.read1([BII)I @ 39
Event: 56.163 Thread 0x00000000598fc800 Uncommon trap: reason=bimorphic action=maybe_recompile pc=0x000000000302ab40 method=java.io.BufferedInputStream.read1([BII)I @ 39
Event: 56.168 Thread 0x00000000598fc800 Uncommon trap: reason=bimorphic action=maybe_recompile pc=0x0000000003b3ccb0 method=java.io.BufferedInputStream.read1([BII)I @ 39

Internal exceptions (10 events):
Event: 56.517 Thread 0x00000000598fc800 Exception <a 'java/security/PrivilegedActionException'> (0x00000000f8182498) thrown at [C:\re\workspace\8-2-build-windows-amd64-cygwin\jdk8u11\648\hotspot\src\share\vm\prims\jvm.cpp, line 1248]
Event: 56.518 Thread 0x00000000598fc800 Exception <a 'java/security/PrivilegedActionException'> (0x00000000f8185e38) thrown at [C:\re\workspace\8-2-build-windows-amd64-cygwin\jdk8u11\648\hotspot\src\share\vm\prims\jvm.cpp, line 1248]
Event: 56.518 Thread 0x00000000598fc800 Exception <a 'java/security/PrivilegedActionException'> (0x00000000f8189ee8) thrown at [C:\re\workspace\8-2-build-windows-amd64-cygwin\jdk8u11\648\hotspot\src\share\vm\prims\jvm.cpp, line 1248]
Event: 56.521 Thread 0x00000000598fc800 Exception <a 'java/security/PrivilegedActionException'> (0x00000000f81bd830) thrown at [C:\re\workspace\8-2-build-windows-amd64-cygwin\jdk8u11\648\hotspot\src\share\vm\prims\jvm.cpp, line 1248]
Event: 56.528 Thread 0x00000000598fc800 Exception <a 'java/security/PrivilegedActionException'> (0x00000000f955d5f8) thrown at [C:\re\workspace\8-2-build-windows-amd64-cygwin\jdk8u11\648\hotspot\src\share\vm\prims\jvm.cpp, line 1248]
Event: 56.532 Thread 0x00000000598fc800 Exception <a 'java/security/PrivilegedActionException'> (0x00000000f95bdc98) thrown at [C:\re\workspace\8-2-build-windows-amd64-cygwin\jdk8u11\648\hotspot\src\share\vm\prims\jvm.cpp, line 1248]
Event: 56.532 Thread 0x00000000598fc800 Exception <a 'java/security/PrivilegedActionException'> (0x00000000f95c15a8) thrown at [C:\re\workspace\8-2-build-windows-amd64-cygwin\jdk8u11\648\hotspot\src\share\vm\prims\jvm.cpp, line 1248]
Event: 56.532 Thread 0x00000000598fc800 Exception <a 'java/security/PrivilegedActionException'> (0x00000000f95c4530) thrown at [C:\re\workspace\8-2-build-windows-amd64-cygwin\jdk8u11\648\hotspot\src\share\vm\prims\jvm.cpp, line 1248]
Event: 56.533 Thread 0x00000000598fc800 Exception <a 'java/security/PrivilegedActionException'> (0x00000000f95d0880) thrown at [C:\re\workspace\8-2-build-windows-amd64-cygwin\jdk8u11\648\hotspot\src\share\vm\prims\jvm.cpp, line 1248]
Event: 56.534 Thread 0x00000000598fc800 Exception <a 'java/security/PrivilegedActionException'> (0x00000000f95d70a8) thrown at [C:\re\workspace\8-2-build-windows-amd64-cygwin\jdk8u11\648\hotspot\src\share\vm\prims\jvm.cpp, line 1248]

Events (10 events):
Event: 56.532 loading class groovy/transform/stc/FirstParam$Component
Event: 56.532 loading class groovy/transform/stc/FirstParam$Component done
Event: 56.532 loading class groovy/transform/stc/FirstParam
Event: 56.532 loading class groovy/transform/stc/FirstParam done
Event: 56.532 loading class groovy/transform/stc/PickAnyArgumentHint
Event: 56.532 loading class groovy/transform/stc/PickAnyArgumentHint done
Event: 56.533 loading class groovy/transform/stc/FirstParam$FirstGenericType
Event: 56.533 loading class groovy/transform/stc/FirstParam$FirstGenericType done
Event: 56.534 loading class groovy/transform/stc/MapEntryOrKeyValue
Event: 56.534 loading class groovy/transform/stc/MapEntryOrKeyValue done


Dynamic libraries:
0x000000013f3e0000 - 0x000000013f414000 	C:\Program Files\Java\jdk1.8.0_11\bin\java.exe
0x0000000077430000 - 0x00000000775d9000 	C:\Windows\SYSTEM32\ntdll.dll
0x0000000077310000 - 0x000000007742f000 	C:\Windows\system32\kernel32.dll
0x000007fefd9a0000 - 0x000007fefda0c000 	C:\Windows\system32\KERNELBASE.dll
0x000007feff3b0000 - 0x000007feff48b000 	C:\Windows\system32\ADVAPI32.dll
0x000007fefdea0000 - 0x000007fefdf3f000 	C:\Windows\system32\msvcrt.dll
0x000007fefdc60000 - 0x000007fefdc7f000 	C:\Windows\SYSTEM32\sechost.dll
0x000007feff060000 - 0x000007feff18d000 	C:\Windows\system32\RPCRT4.dll
0x0000000077210000 - 0x000000007730a000 	C:\Windows\system32\USER32.dll
0x000007fefdd80000 - 0x000007fefdde7000 	C:\Windows\system32\GDI32.dll
0x000007feff3a0000 - 0x000007feff3ae000 	C:\Windows\system32\LPK.dll
0x000007feff490000 - 0x000007feff559000 	C:\Windows\system32\USP10.dll
0x000007fefbe90000 - 0x000007fefc084000 	C:\Windows\WinSxS\amd64_microsoft.windows.common-controls_6595b64144ccf1df_6.0.7601.17514_none_fa396087175ac9ac\COMCTL32.dll
0x000007fefdd00000 - 0x000007fefdd71000 	C:\Windows\system32\SHLWAPI.dll
0x000007fefdcd0000 - 0x000007fefdcfe000 	C:\Windows\system32\IMM32.DLL
0x000007fefeeb0000 - 0x000007fefefb9000 	C:\Windows\system32\MSCTF.dll
0x0000000180000000 - 0x000000018001c000 	C:\Windows\system32\btpload64.dll
0x00000000775f0000 - 0x00000000775f7000 	C:\Windows\system32\PSAPI.DLL
0x0000000001ba0000 - 0x0000000001bcc000 	C:\Windows\system32\privman64.dll
0x000007fefd7e0000 - 0x000007fefd7ec000 	C:\Windows\system32\VERSION.dll
0x000007fefdf40000 - 0x000007fefecc9000 	C:\Windows\system32\SHELL32.dll
0x000007fefd7c0000 - 0x000007fefd7de000 	C:\Windows\system32\USERENV.dll
0x000007fefd890000 - 0x000007fefd89f000 	C:\Windows\system32\profapi.dll
0x000000006bac0000 - 0x000000006bb92000 	C:\Program Files\Java\jdk1.8.0_11\jre\bin\msvcr100.dll
0x0000000065d60000 - 0x000000006658a000 	C:\Program Files\Java\jdk1.8.0_11\jre\bin\server\jvm.dll
0x000007fefcd70000 - 0x000007fefcd79000 	C:\Windows\system32\WSOCK32.dll
0x000007fefdc80000 - 0x000007fefdccd000 	C:\Windows\system32\WS2_32.dll
0x000007fefddf0000 - 0x000007fefddf8000 	C:\Windows\system32\NSI.dll
0x000007fefb3d0000 - 0x000007fefb40b000 	C:\Windows\system32\WINMM.dll
0x000000006c660000 - 0x000000006c66f000 	C:\Program Files\Java\jdk1.8.0_11\jre\bin\verify.dll
0x000000006ba60000 - 0x000000006ba88000 	C:\Program Files\Java\jdk1.8.0_11\jre\bin\java.dll
0x0000000070490000 - 0x00000000704b3000 	C:\Program Files\Java\jdk1.8.0_11\jre\bin\instrument.dll
0x000000006b9f0000 - 0x000000006ba06000 	C:\Program Files\Java\jdk1.8.0_11\jre\bin\zip.dll
0x00000000560c0000 - 0x00000000562c3000 	C:\Windows\system32\ole32.dll
0x000007fefd130000 - 0x000007fefd147000 	C:\Windows\system32\CRYPTSP.dll
0x000007fefce30000 - 0x000007fefce77000 	C:\Windows\system32\rsaenh.dll
0x000007fefd790000 - 0x000007fefd79f000 	C:\Windows\system32\CRYPTBASE.dll
0x000000006b8d0000 - 0x000000006b8ea000 	C:\Program Files\Java\jdk1.8.0_11\jre\bin\net.dll
0x000007fefd0d0000 - 0x000007fefd125000 	C:\Windows\system32\mswsock.dll
0x000007fefd0c0000 - 0x000007fefd0c7000 	C:\Windows\System32\wship6.dll
0x000007fefc460000 - 0x000007fefc487000 	C:\Windows\system32\IPHLPAPI.DLL
0x000007fefc450000 - 0x000007fefc45b000 	C:\Windows\system32\WINNSI.DLL
0x000007fefadd0000 - 0x000007fefade8000 	C:\Windows\system32\dhcpcsvc.DLL
0x000007fefae10000 - 0x000007fefae21000 	C:\Windows\system32\dhcpcsvc6.DLL
0x000000006b890000 - 0x000000006b8a1000 	C:\Program Files\Java\jdk1.8.0_11\jre\bin\nio.dll
0x000007fefc580000 - 0x000007fefc58a000 	C:\Users\rgopal\AppData\Local\Temp\jansi-64-433420014610961390.dll
0x0000000060220000 - 0x000000006022d000 	C:\Program Files\Java\jdk1.8.0_11\jre\bin\management.dll
0x000007fefc950000 - 0x000007fefc957000 	C:\Windows\System32\wshtcpip.dll
0x000007fefcf50000 - 0x000007fefcfab000 	C:\Windows\system32\DNSAPI.dll
0x0000000074b00000 - 0x0000000074b26000 	C:\Program Files\Bonjour\mdnsNSP.dll
0x000007fefae00000 - 0x000007fefae08000 	C:\Windows\system32\rasadhlp.dll
0x000007fefad70000 - 0x000007fefadc3000 	C:\Windows\System32\fwpuclnt.dll
0x000007fefaf50000 - 0x000007fefaf65000 	C:\Windows\system32\NLAapi.dll
0x000007fefaf30000 - 0x000007fefaf45000 	C:\Windows\system32\napinsp.dll
0x000007fefaea0000 - 0x000007fefaeb9000 	C:\Windows\system32\pnrpnsp.dll
0x000007fefae90000 - 0x000007fefae9b000 	C:\Windows\System32\winrnr.dll
0x000007fefae80000 - 0x000007fefae90000 	C:\Windows\system32\wshbth.dll
0x000007fef3a30000 - 0x000007fef3b55000 	C:\Windows\system32\dbghelp.dll

VM Arguments:
jvm_args: -Dfile.encoding=UTF-8 -Xmx768M -Xms64M -Dgrails.fork.parent.process.port=56998 -Dgrails.fork.active=true -Dgrails.build.execution.context=C:\Users\rgopal\AppData\Local\Temp\central6937515256081031768grails-execution-context -Dgrails.home=C:\Users\rgopal\Documents\grails-2.4.4\grails-2.4.4 -javaagent:C:\Users\rgopal\Documents\grails-2.4.4\grails-2.4.4\lib\org.springframework\springloaded\jars\springloaded-1.2.1.RELEASE.jar -Xverify:none -Dspringloaded.synchronize=true -Djdk.reflect.allowGetCallerClass=true -Dspringloaded=profile=grails;cacheDir=C:\Users\rgopal/.grails/2.4.4/ 
java_command: org.grails.plugins.tomcat.fork.ForkedTomcatServer
java_class_path (initial): C:\Program Files\Java\jdk1.8.0_11\lib\tools.jar;C:\Users\rgopal\Documents\grails-2.4.4\grails-2.4.4\lib\org.codehaus.groovy\groovy-all\jars\groovy-all-2.3.7.jar;C:\Users\rgopal\Documents\grails-2.4.4\grails-2.4.4\lib\org.slf4j\jcl-over-slf4j\jars\jcl-over-slf4j-1.7.5.jar;C:\Users\rgopal\Documents\grails-2.4.4\grails-2.4.4\lib\org.codehaus.gant\gant_groovy1.8\jars\gant_groovy1.8-1.9.6.jar;C:\Users\rgopal\Documents\grails-2.4.4\grails-2.4.4\lib\org.apache.tomcat.embed\tomcat-embed-logging-log4j\jars\tomcat-embed-logging-log4j-7.0.50.jar;C:\Users\rgopal\Documents\grails-2.4.4\grails-2.4.4\dist\grails-plugin-log4j-2.4.4.jar;C:\Users\rgopal\Documents\grails-2.4.4\grails-2.4.4\lib\log4j\log4j\jars\log4j-1.2.17.jar;C:\Users\rgopal\Documents\grails-2.4.4\grails-2.4.4\dist\grails-bootstrap-2.4.4.jar;C:\Users\rgopal\Documents\grails-2.4.4\grails-2.4.4\lib\org.slf4j\slf4j-api\jars\slf4j-api-1.7.5.jar;C:\Users\rgopal\Documents\grails-2.4.4\grails-2.4.4\lib\jline\jline\jars\jline-2.12.jar;C:\Users\rgopal\Documents\grails-2.4.4\grails-2.4.4\lib\org.apache.ant\ant\jars\ant-1.8.4.jar;C:\Users\rgopal\Documents\grails-2.4.4\grails-2.4.4\lib\org.apache.ant\ant-launcher\jars\ant-launcher-1.8.4.jar;C:\Users\rgopal\Documents\grails-2.4.4\grails-2.4.4\lib\org.apache.ant\ant-trax\jars\ant-trax-1.7.1.jar;C:\Users\rgopal\Documents\grails-2.4.4\grails-2.4.4\lib\org.apache.ant\ant-junit\jars\ant-junit-1.8.4.jar;C:\Users\rgopal\Documents\grails-2.4.4\grails-2.4.4\lib\org.apache.ivy\ivy\jars\ivy-2.3.0.jar;C:\Users\rgopal\Documents\grails-2.4.4\grails-2.4.4\lib\org.fusesource.jansi\jansi\jars\jansi-1.11.jar;C:\Users\rgopal\.m2\repository\org\apache\tomcat\tomcat-catalina-ant\7.0.55\tomcat-catalina-ant-7.0.55.jar;C:\Users\rgopal\.m2\repository\org\apache\tomcat\embed\tomcat-embed-jasper\7.0.55\tomcat-embed-jasper-7.0.55.jar;C:\Users\rgopal\.m2\repository\org\apache\tomcat\embed\tomcat-embed-el\7.0.55\tomcat-embed-el-7.0.55.jar;C:\Users\rgopal\.m2\repository\org\apache\
Launcher Type: SUN_STANDARD

Environment Variables:
JAVA_HOME=C:\Program Files\Java\jdk1.8.0_11
PATH=C:\Windows\system32;C:\Windows;C:\Windows\System32\Wbem;C:\Windows\System32\WindowsPowerShell\v1.0\;C:\users\rgopal\My Documents\springsource\grails-2.3.5\bin\;c:\Program Files\Java\jdk1.7.0_51\bin\;C:\Program Files (x86)\MiKTeX 2.9\miktex\bin\
USERNAME=rgopal
OS=Windows_NT
PROCESSOR_IDENTIFIER=Intel64 Family 6 Model 37 Stepping 5, GenuineIntel



---------------  S Y S T E M  ---------------

OS: Windows 7 , 64 bit Build 7601 Service Pack 1

CPU:total 4 (2 cores per cpu, 2 threads per core) family 6 model 37 stepping 5, cmov, cx8, fxsr, mmx, sse, sse2, sse3, ssse3, sse4.1, sse4.2, popcnt, aes, clmul, ht, tsc, tscinvbit

Memory: 4k page, physical 8181608k(2784728k free), swap 16361352k(10246448k free)

vm_info: Java HotSpot(TM) 64-Bit Server VM (25.11-b03) for windows-amd64 JRE (1.8.0_11-b12), built on Jun 16 2014 20:57:32 by "java_re" with MS VC++ 10.0 (VS2010)

time: Sat Apr 18 14:52:58 2015
elapsed time: 56 seconds

