#
# A fatal error has been detected by the Java Runtime Environment:
#
#  EXCEPTION_ACCESS_VIOLATION (0xc0000005) at pc=0x0000000055df4db2, pid=9308, tid=4908
#
# JRE version: Java(TM) SE Runtime Environment (8.0_11-b12) (build 1.8.0_11-b12)
# Java VM: Java HotSpot(TM) 64-Bit Server VM (25.11-b03 mixed mode windows-amd64 compressed oops)
# Problematic frame:
# V  [jvm.dll+0x424db2]
#
# Failed to write core dump. Minidumps are not enabled by default on client versions of Windows
#
# If you would like to submit a bug report, please visit:
#   http://bugreport.sun.com/bugreport/crash.jsp
#

---------------  T H R E A D  ---------------

Current thread (0x0000000056eb0000):  JavaThread "C2 CompilerThread1" daemon [_thread_in_native, id=4908, stack(0x0000000057420000,0x0000000057520000)]

siginfo: ExceptionCode=0xc0000005, reading address 0x0000000000000000

Registers:
RAX=0x000000005964c5b8, RBX=0x0000000000000600, RCX=0x0000000000000000, RDX=0x000000005dccb9c0
RSP=0x000000005751c700, RBP=0x00000000000000c0, RSI=0x00000000000000b8, RDI=0x0000000000000000
R8 =0x00000000559d0000, R9 =0x000000005751ca20, R10=0x00000000ffffffff, R11=0x0000000056eb38b0
R12=0x000000005964ccc0, R13=0x0000000059765228, R14=0x0000000000000008, R15=0x0000000059765228
RIP=0x0000000055df4db2, EFLAGS=0x0000000000010206

Top of Stack: (sp=0x000000005751c700)
0x000000005751c700:   00000000000000da 000000005dcc7170
0x000000005751c710:   0000000000000050 0000000000000400
0x000000005751c720:   0000000000000001 0000000000000600
0x000000005751c730:   0000000000000180 00000000000000c0
0x000000005751c740:   000000005709f310 0000000056ea6c00
0x000000005751c750:   00000000000006b0 000000005dcc7170
0x000000005751c760:   000000005751ca20 0000000059649730
0x000000005751c770:   0000000000000020 0000000000000009
0x000000005751c780:   000000005964cc90 00000000000000da
0x000000005751c790:   0000000059765228 0000000055df598d
0x000000005751c7a0:   000000005964cc90 000000000000001c
0x000000005751c7b0:   00000000000000da 000000005751ca20
0x000000005751c7c0:   000000005dccb9c0 00000000000000da
0x000000005751c7d0:   0000000059649730 0000000000000020
0x000000005751c7e0:   000000005c7128d8 000000005751ed90
0x000000005751c7f0:   000000005c712f08 000000005964cc90 

Instructions: (pc=0x0000000055df4db2)
0x0000000055df4d92:   c6 48 63 f0 48 03 f1 eb 04 48 83 ce ff 48 8b 84
0x0000000055df4da2:   24 a0 00 00 00 48 8b 40 08 48 8b 3c 03 48 8b cf
0x0000000055df4db2:   48 8b 07 ff 50 28 4c 8d 05 41 b2 bd ff 48 63 50
0x0000000055df4dc2:   10 4c 8b d8 48 8b ca 48 c1 e1 05 42 80 bc 01 c0 


Register to memory mapping:

RAX=0x000000005964c5b8 is an unknown value
RBX=0x0000000000000600 is an unknown value
RCX=0x0000000000000000 is an unknown value
RDX=0x000000005dccb9c0 is an unknown value
RSP=0x000000005751c700 is pointing into the stack for thread: 0x0000000056eb0000
RBP=0x00000000000000c0 is an unknown value
RSI=0x00000000000000b8 is an unknown value
RDI=0x0000000000000000 is an unknown value
R8 =0x00000000559d0000 is an unknown value
R9 =0x000000005751ca20 is pointing into the stack for thread: 0x0000000056eb0000
R10=0x00000000ffffffff is an unknown value
R11=0x0000000056eb38b0 is an unknown value
R12=0x000000005964ccc0 is an unknown value
R13=0x0000000059765228 is an unknown value
R14=0x0000000000000008 is an unknown value
R15=0x0000000059765228 is an unknown value


Stack: [0x0000000057420000,0x0000000057520000],  sp=0x000000005751c700,  free space=1009k
Native frames: (J=compiled Java code, j=interpreted, Vv=VM code, C=native code)
V  [jvm.dll+0x424db2]
V  [jvm.dll+0x42598d]
V  [jvm.dll+0x425ecf]
V  [jvm.dll+0x4c5a84]
V  [jvm.dll+0x4415bc]
V  [jvm.dll+0x443a29]
V  [jvm.dll+0x427722]
V  [jvm.dll+0x96982]
V  [jvm.dll+0x97173]
V  [jvm.dll+0x2234b4]
V  [jvm.dll+0x27bcca]
C  [msvcr100.dll+0x21d9f]
C  [msvcr100.dll+0x21e3b]
C  [kernel32.dll+0x159ed]
C  [ntdll.dll+0x2c541]


Current CompileTask:
C2:  46168 6732       4       groovy.lang.MetaClassImpl::findPropertyMethod (356 bytes)


---------------  P R O C E S S  ---------------

Java Threads: ( => current thread )
  0x0000000058b36800 JavaThread "com.oumuo.SecurityGroup.data" daemon [_thread_blocked, id=7800, stack(0x0000000060bc0000,0x0000000060cc0000)]
  0x0000000058b35800 JavaThread "com.oumuo.Authority.data" daemon [_thread_blocked, id=8080, stack(0x0000000060a00000,0x0000000060b00000)]
  0x0000000058b35000 JavaThread "net.sf.ehcache.CacheManager@1a504753" daemon [_thread_blocked, id=7440, stack(0x000000005f950000,0x000000005fa50000)]
  0x00000000582af000 JavaThread "PoolCleaner[1070157899:1429403415484]" daemon [_thread_blocked, id=9248, stack(0x000000005fe00000,0x000000005ff00000)]
  0x000000005a583000 JavaThread "FileSystemWatcher: files=#274 cl=groovy.lang.GroovyClassLoader@3fc9504b" daemon [_thread_blocked, id=7632, stack(0x000000005ccf0000,0x000000005cdf0000)]
  0x0000000059778800 JavaThread "localhost-startStop-1" daemon [_thread_in_Java, id=5164, stack(0x000000005b9c0000,0x000000005bac0000)]
  0x000000005717d800 JavaThread "Tomcat-startStop-1" daemon [_thread_blocked, id=6692, stack(0x0000000059aa0000,0x0000000059ba0000)]
  0x000000005a018000 JavaThread "Thread-3" [_thread_in_native, id=7704, stack(0x000000005b5c0000,0x000000005b6c0000)]
  0x0000000058988000 JavaThread "Thread-2" [_thread_blocked, id=1832, stack(0x0000000057810000,0x0000000057910000)]
  0x0000000057e4e800 JavaThread "NonBlockingInputStreamThread" daemon [_thread_blocked, id=4556, stack(0x00000000571d0000,0x00000000572d0000)]
  0x0000000056fc5800 JavaThread "Service Thread" daemon [_thread_blocked, id=8892, stack(0x0000000057940000,0x0000000057a40000)]
  0x0000000056ef8000 JavaThread "C1 CompilerThread2" daemon [_thread_blocked, id=9572, stack(0x00000000576e0000,0x00000000577e0000)]
=>0x0000000056eb0000 JavaThread "C2 CompilerThread1" daemon [_thread_in_native, id=4908, stack(0x0000000057420000,0x0000000057520000)]
  0x0000000056eaf000 JavaThread "C2 CompilerThread0" daemon [_thread_in_native, id=9672, stack(0x0000000057520000,0x0000000057620000)]
  0x0000000056db4800 JavaThread "Attach Listener" daemon [_thread_blocked, id=7872, stack(0x0000000057320000,0x0000000057420000)]
  0x0000000054e07800 JavaThread "Signal Dispatcher" daemon [_thread_blocked, id=168, stack(0x0000000056990000,0x0000000056a90000)]
  0x0000000054da1000 JavaThread "Finalizer" daemon [_thread_blocked, id=724, stack(0x0000000056aa0000,0x0000000056ba0000)]
  0x0000000054d9b800 JavaThread "Reference Handler" daemon [_thread_blocked, id=3720, stack(0x0000000056850000,0x0000000056950000)]
  0x00000000028ea000 JavaThread "main" [_thread_blocked, id=4724, stack(0x0000000002d30000,0x0000000002e30000)]

Other Threads:
  0x0000000054d98000 VMThread [stack: 0x0000000056720000,0x0000000056820000] [id=5416]
  0x0000000056fcd000 WatcherThread [stack: 0x0000000057a70000,0x0000000057b70000] [id=5156]

VM state:not at safepoint (normal execution)

VM Mutex/Monitor currently owned by a thread: None

Heap:
 PSYoungGen      total 239104K, used 162112K [0x00000000f0000000, 0x0000000100000000, 0x0000000100000000)
  eden space 216064K, 64% used [0x00000000f0000000,0x00000000f87d7670,0x00000000fd300000)
  from space 23040K, 99% used [0x00000000fd300000,0x00000000fe978cb8,0x00000000fe980000)
  to   space 23040K, 0% used [0x00000000fe980000,0x00000000fe980000,0x0000000100000000)
 ParOldGen       total 125952K, used 109019K [0x00000000d0000000, 0x00000000d7b00000, 0x00000000f0000000)
  object space 125952K, 86% used [0x00000000d0000000,0x00000000d6a76cc0,0x00000000d7b00000)
 Metaspace       used 68941K, capacity 70676K, committed 70764K, reserved 1112064K
  class space    used 7281K, capacity 7799K, committed 7808K, reserved 1048576K

Card table byte_map: [0x00000000121f0000,0x0000000012380000] byte_map_base: 0x0000000011b70000

Marking Bits: (ParMarkBitMap*) 0x00000000561812b0
 Begin Bits: [0x0000000012a90000, 0x0000000013690000)
 End Bits:   [0x0000000013690000, 0x0000000014290000)

Polling page: 0x0000000000290000

CodeCache: size=245760Kb used=22569Kb max_used=22570Kb free=223190Kb
 bounds [0x0000000002e30000, 0x0000000004450000, 0x0000000011e30000]
 total_blobs=6795 nmethods=6030 adapters=675
 compilation: enabled

Compilation events (10 events):
Event: 46.054 Thread 0x0000000056ef8000 6763       2       org.springsource.loaded.ReloadableType::createTypeAssociations (74 bytes)
Event: 46.055 Thread 0x0000000056ef8000 nmethod 6763 0x000000000441fb10 code [0x000000000441fd00, 0x00000000044201e8]
Event: 46.090 Thread 0x0000000056ef8000 6764 %     3       org.springsource.loaded.InterfaceExtractor$ExtractorVisitor::visitEnd @ 50 (113 bytes)
Event: 46.091 Thread 0x0000000056ef8000 nmethod 6764% 0x0000000004441310 code [0x0000000004441520, 0x0000000004442038]
Event: 46.092 Thread 0x0000000056eb0000 nmethod 6730 0x00000000044425d0 code [0x0000000004442a00, 0x0000000004446a58]
Event: 46.093 Thread 0x0000000056eb0000 6753       4       org.codehaus.groovy.runtime.metaclass.MetaMethodIndex::isMatchingMethod (68 bytes)
Event: 46.096 Thread 0x0000000056eb0000 nmethod 6753 0x000000000441e210 code [0x000000000441e360, 0x000000000441e498]
Event: 46.096 Thread 0x0000000056eb0000 6732       4       groovy.lang.MetaClassImpl::findPropertyMethod (356 bytes)
Event: 46.129 Thread 0x0000000056ef8000 6768   !   2       sun.reflect.GeneratedMethodAccessor64::invoke (237 bytes)
Event: 46.130 Thread 0x0000000056ef8000 nmethod 6768 0x000000000443fd50 code [0x000000000443ff80, 0x0000000004440998]

GC Heap History (10 events):
Event: 39.647 GC heap before
{Heap before GC invocations=57 (full 7):
 PSYoungGen      total 248320K, used 248311K [0x00000000f0000000, 0x0000000100000000, 0x0000000100000000)
  eden space 234496K, 100% used [0x00000000f0000000,0x00000000fe500000,0x00000000fe500000)
  from space 13824K, 99% used [0x00000000fe500000,0x00000000ff27de50,0x00000000ff280000)
  to   space 13824K, 0% used [0x00000000ff280000,0x00000000ff280000,0x0000000100000000)
 ParOldGen       total 107008K, used 91720K [0x00000000d0000000, 0x00000000d6880000, 0x00000000f0000000)
  object space 107008K, 85% used [0x00000000d0000000,0x00000000d59923e0,0x00000000d6880000)
 Metaspace       used 63859K, capacity 65520K, committed 65772K, reserved 1107968K
  class space    used 6652K, capacity 7144K, committed 7168K, reserved 1048576K
Event: 39.685 GC heap after
Heap after GC invocations=57 (full 7):
 PSYoungGen      total 233984K, used 13808K [0x00000000f0000000, 0x0000000100000000, 0x0000000100000000)
  eden space 220160K, 0% used [0x00000000f0000000,0x00000000f0000000,0x00000000fd700000)
  from space 13824K, 99% used [0x00000000ff280000,0x00000000ffffc030,0x0000000100000000)
  to   space 20992K, 0% used [0x00000000fd700000,0x00000000fd700000,0x00000000feb80000)
 ParOldGen       total 107008K, used 99403K [0x00000000d0000000, 0x00000000d6880000, 0x00000000f0000000)
  object space 107008K, 92% used [0x00000000d0000000,0x00000000d6112d00,0x00000000d6880000)
 Metaspace       used 63859K, capacity 65520K, committed 65772K, reserved 1107968K
  class space    used 6652K, capacity 7144K, committed 7168K, reserved 1048576K
}
Event: 39.685 GC heap before
{Heap before GC invocations=58 (full 8):
 PSYoungGen      total 233984K, used 13808K [0x00000000f0000000, 0x0000000100000000, 0x0000000100000000)
  eden space 220160K, 0% used [0x00000000f0000000,0x00000000f0000000,0x00000000fd700000)
  from space 13824K, 99% used [0x00000000ff280000,0x00000000ffffc030,0x0000000100000000)
  to   space 20992K, 0% used [0x00000000fd700000,0x00000000fd700000,0x00000000feb80000)
 ParOldGen       total 107008K, used 99403K [0x00000000d0000000, 0x00000000d6880000, 0x00000000f0000000)
  object space 107008K, 92% used [0x00000000d0000000,0x00000000d6112d00,0x00000000d6880000)
 Metaspace       used 63859K, capacity 65520K, committed 65772K, reserved 1107968K
  class space    used 6652K, capacity 7144K, committed 7168K, reserved 1048576K
Event: 41.268 GC heap after
Heap after GC invocations=58 (full 8):
 PSYoungGen      total 233984K, used 4573K [0x00000000f0000000, 0x0000000100000000, 0x0000000100000000)
  eden space 220160K, 0% used [0x00000000f0000000,0x00000000f0000000,0x00000000fd700000)
  from space 13824K, 33% used [0x00000000ff280000,0x00000000ff6f7538,0x0000000100000000)
  to   space 20992K, 0% used [0x00000000fd700000,0x00000000fd700000,0x00000000feb80000)
 ParOldGen       total 125952K, used 106838K [0x00000000d0000000, 0x00000000d7b00000, 0x00000000f0000000)
  object space 125952K, 84% used [0x00000000d0000000,0x00000000d6855ad8,0x00000000d7b00000)
 Metaspace       used 63859K, capacity 65520K, committed 65772K, reserved 1107968K
  class space    used 6652K, capacity 7144K, committed 7168K, reserved 1048576K
}
Event: 42.276 GC heap before
{Heap before GC invocations=59 (full 8):
 PSYoungGen      total 233984K, used 217314K [0x00000000f0000000, 0x0000000100000000, 0x0000000100000000)
  eden space 220160K, 96% used [0x00000000f0000000,0x00000000fcfc1500,0x00000000fd700000)
  from space 13824K, 33% used [0x00000000ff280000,0x00000000ff6f7538,0x0000000100000000)
  to   space 20992K, 0% used [0x00000000fd700000,0x00000000fd700000,0x00000000feb80000)
 ParOldGen       total 125952K, used 106838K [0x00000000d0000000, 0x00000000d7b00000, 0x00000000f0000000)
  object space 125952K, 84% used [0x00000000d0000000,0x00000000d6855ad8,0x00000000d7b00000)
 Metaspace       used 65462K, capacity 67158K, committed 67564K, reserved 1110016K
  class space    used 6818K, capacity 7305K, committed 7424K, reserved 1048576K
Event: 42.346 GC heap after
Heap after GC invocations=59 (full 8):
 PSYoungGen      total 241152K, used 10014K [0x00000000f0000000, 0x0000000100000000, 0x0000000100000000)
  eden space 220160K, 0% used [0x00000000f0000000,0x00000000f0000000,0x00000000fd700000)
  from space 20992K, 47% used [0x00000000fd700000,0x00000000fe0c79a0,0x00000000feb80000)
  to   space 20480K, 0% used [0x00000000fec00000,0x00000000fec00000,0x0000000100000000)
 ParOldGen       total 125952K, used 107150K [0x00000000d0000000, 0x00000000d7b00000, 0x00000000f0000000)
  object space 125952K, 85% used [0x00000000d0000000,0x00000000d68a3ad8,0x00000000d7b00000)
 Metaspace       used 65462K, capacity 67158K, committed 67564K, reserved 1110016K
  class space    used 6818K, capacity 7305K, committed 7424K, reserved 1048576K
}
Event: 44.157 GC heap before
{Heap before GC invocations=60 (full 8):
 PSYoungGen      total 241152K, used 230174K [0x00000000f0000000, 0x0000000100000000, 0x0000000100000000)
  eden space 220160K, 100% used [0x00000000f0000000,0x00000000fd700000,0x00000000fd700000)
  from space 20992K, 47% used [0x00000000fd700000,0x00000000fe0c79a0,0x00000000feb80000)
  to   space 20480K, 0% used [0x00000000fec00000,0x00000000fec00000,0x0000000100000000)
 ParOldGen       total 125952K, used 107150K [0x00000000d0000000, 0x00000000d7b00000, 0x00000000f0000000)
  object space 125952K, 85% used [0x00000000d0000000,0x00000000d68a3ad8,0x00000000d7b00000)
 Metaspace       used 66490K, capacity 68234K, committed 68588K, reserved 1110016K
  class space    used 6922K, capacity 7398K, committed 7424K, reserved 1048576K
Event: 44.204 GC heap after
Heap after GC invocations=60 (full 8):
 PSYoungGen      total 236544K, used 17933K [0x00000000f0000000, 0x0000000100000000, 0x0000000100000000)
  eden space 216064K, 0% used [0x00000000f0000000,0x00000000f0000000,0x00000000fd300000)
  from space 20480K, 87% used [0x00000000fec00000,0x00000000ffd83498,0x0000000100000000)
  to   space 23040K, 0% used [0x00000000fd300000,0x00000000fd300000,0x00000000fe980000)
 ParOldGen       total 125952K, used 107158K [0x00000000d0000000, 0x00000000d7b00000, 0x00000000f0000000)
  object space 125952K, 85% used [0x00000000d0000000,0x00000000d68a5ad8,0x00000000d7b00000)
 Metaspace       used 66490K, capacity 68234K, committed 68588K, reserved 1110016K
  class space    used 6922K, capacity 7398K, committed 7424K, reserved 1048576K
}
Event: 45.272 GC heap before
{Heap before GC invocations=61 (full 8):
 PSYoungGen      total 236544K, used 227837K [0x00000000f0000000, 0x0000000100000000, 0x0000000100000000)
  eden space 216064K, 97% used [0x00000000f0000000,0x00000000fccfc1c0,0x00000000fd300000)
  from space 20480K, 87% used [0x00000000fec00000,0x00000000ffd83498,0x0000000100000000)
  to   space 23040K, 0% used [0x00000000fd300000,0x00000000fd300000,0x00000000fe980000)
 ParOldGen       total 125952K, used 107158K [0x00000000d0000000, 0x00000000d7b00000, 0x00000000f0000000)
  object space 125952K, 85% used [0x00000000d0000000,0x00000000d68a5ad8,0x00000000d7b00000)
 Metaspace       used 68103K, capacity 69756K, committed 70124K, reserved 1112064K
  class space    used 7158K, capacity 7625K, committed 7680K, reserved 1048576K
Event: 45.307 GC heap after
Heap after GC invocations=61 (full 8):
 PSYoungGen      total 239104K, used 23011K [0x00000000f0000000, 0x0000000100000000, 0x0000000100000000)
  eden space 216064K, 0% used [0x00000000f0000000,0x00000000f0000000,0x00000000fd300000)
  from space 23040K, 99% used [0x00000000fd300000,0x00000000fe978cb8,0x00000000fe980000)
  to   space 23040K, 0% used [0x00000000fe980000,0x00000000fe980000,0x0000000100000000)
 ParOldGen       total 125952K, used 109019K [0x00000000d0000000, 0x00000000d7b00000, 0x00000000f0000000)
  object space 125952K, 86% used [0x00000000d0000000,0x00000000d6a76cc0,0x00000000d7b00000)
 Metaspace       used 68103K, capacity 69756K, committed 70124K, reserved 1112064K
  class space    used 7158K, capacity 7625K, committed 7680K, reserved 1048576K
}

Deoptimization events (10 events):
Event: 42.238 Thread 0x0000000059778800 Uncommon trap: reason=class_check action=maybe_recompile pc=0x0000000003c82680 method=sl.org.objectweb.asm.ClassReader.a(Lsl/org/objectweb/asm/MethodVisitor;Lsl/org/objectweb/asm/Context;I)V @ 1945
Event: 42.682 Thread 0x0000000059778800 Uncommon trap: reason=unloaded action=reinterpret pc=0x00000000041977bc method=org.springframework.core.BridgeMethodResolver.findBridgedMethod(Ljava/lang/reflect/Method;)Ljava/lang/reflect/Method; @ 13
Event: 42.699 Thread 0x0000000059778800 Uncommon trap: reason=unreached action=reinterpret pc=0x0000000004101ab4 method=org.springframework.util.ObjectUtils.nullSafeEquals(Ljava/lang/Object;Ljava/lang/Object;)Z @ 12
Event: 43.113 Thread 0x0000000059778800 Uncommon trap: reason=unreached action=reinterpret pc=0x0000000002f341f4 method=org.codehaus.groovy.runtime.metaclass.MetaMethodIndex.getMethods(Ljava/lang/Class;Ljava/lang/String;)Lorg/codehaus/groovy/runtime/metaclass/MetaMethodIndex$Entry; @ 61
Event: 43.534 Thread 0x0000000059778800 Uncommon trap: reason=unreached action=reinterpret pc=0x0000000004111c1c method=org.springframework.beans.factory.support.AbstractAutowireCapableBeanFactory.predictBeanType(Ljava/lang/String;Lorg/springframework/beans/factory/support/RootBeanDefinition;[LjùO•8”ÆE@
Event: 43.551 Thread 0x0000000059778800 Uncommon trap: reason=class_check action=maybe_recompile pc=0x00000000042a40e4 method=groovy.lang.MetaClassImpl.invokeMethod(Ljava/lang/Class;Ljava/lang/Object;Ljava/lang/String;[Ljava/lang/Object;ZZ)Ljava/lang/Object; @ 1
Event: 43.576 Thread 0x0000000059778800 Uncommon trap: reason=class_check action=maybe_recompile pc=0x00000000042a40e4 method=groovy.lang.MetaClassImpl.invokeMethod(Ljava/lang/Class;Ljava/lang/Object;Ljava/lang/String;[Ljava/lang/Object;ZZ)Ljava/lang/Object; @ 1
Event: 43.590 Thread 0x0000000059778800 Uncommon trap: reason=class_check action=maybe_recompile pc=0x00000000042a40e4 method=groovy.lang.MetaClassImpl.invokeMethod(Ljava/lang/Class;Ljava/lang/Object;Ljava/lang/String;[Ljava/lang/Object;ZZ)Ljava/lang/Object; @ 1
Event: 43.597 Thread 0x0000000059778800 Uncommon trap: reason=class_check action=maybe_recompile pc=0x00000000042a40e4 method=groovy.lang.MetaClassImpl.invokeMethod(Ljava/lang/Class;Ljava/lang/Object;Ljava/lang/String;[Ljava/lang/Object;ZZ)Ljava/lang/Object; @ 1
Event: 45.056 Thread 0x0000000059778800 Uncommon trap: reason=unreached action=reinterpret pc=0x0000000004296d68 method=org.springframework.util.ObjectUtils.nullSafeEquals(Ljava/lang/Object;Ljava/lang/Object;)Z @ 8

Internal exceptions (10 events):
Event: 46.124 Thread 0x0000000059778800 Exception <a 'java/security/PrivilegedActionException'> (0x00000000f83f6678) thrown at [C:\re\workspace\8-2-build-windows-amd64-cygwin\jdk8u11\648\hotspot\src\share\vm\prims\jvm.cpp, line 1248]
Event: 46.124 Thread 0x0000000059778800 Exception <a 'java/security/PrivilegedActionException'> (0x00000000f8403d80) thrown at [C:\re\workspace\8-2-build-windows-amd64-cygwin\jdk8u11\648\hotspot\src\share\vm\prims\jvm.cpp, line 1248]
Event: 46.125 Thread 0x0000000059778800 Exception <a 'java/security/PrivilegedActionException'> (0x00000000f84214c8) thrown at [C:\re\workspace\8-2-build-windows-amd64-cygwin\jdk8u11\648\hotspot\src\share\vm\prims\jvm.cpp, line 1248]
Event: 46.125 Thread 0x0000000059778800 Exception <a 'java/lang/ClassNotFoundException': CsvGrailsPlugin$_closure4_closure12Customizer> (0x00000000f8421f28) thrown at [C:\re\workspace\8-2-build-windows-amd64-cygwin\jdk8u11\648\hotspot\src\share\vm\classfile\systemDictionary.cpp, line 202]
Event: 46.126 Thread 0x0000000059778800 Exception <a 'java/security/PrivilegedActionException'> (0x00000000f8437350) thrown at [C:\re\workspace\8-2-build-windows-amd64-cygwin\jdk8u11\648\hotspot\src\share\vm\prims\jvm.cpp, line 1248]
Event: 46.126 Thread 0x0000000059778800 Exception <a 'java/security/PrivilegedActionException'> (0x00000000f843aea8) thrown at [C:\re\workspace\8-2-build-windows-amd64-cygwin\jdk8u11\648\hotspot\src\share\vm\prims\jvm.cpp, line 1248]
Event: 46.127 Thread 0x0000000059778800 Exception <a 'java/security/PrivilegedActionException'> (0x00000000f8441f78) thrown at [C:\re\workspace\8-2-build-windows-amd64-cygwin\jdk8u11\648\hotspot\src\share\vm\prims\jvm.cpp, line 1248]
Event: 46.127 Thread 0x0000000059778800 Exception <a 'java/security/PrivilegedActionException'> (0x00000000f8444e50) thrown at [C:\re\workspace\8-2-build-windows-amd64-cygwin\jdk8u11\648\hotspot\src\share\vm\prims\jvm.cpp, line 1248]
Event: 46.130 Thread 0x0000000059778800 Exception <a 'java/security/PrivilegedActionException'> (0x00000000f84a4ac8) thrown at [C:\re\workspace\8-2-build-windows-amd64-cygwin\jdk8u11\648\hotspot\src\share\vm\prims\jvm.cpp, line 1248]
Event: 46.131 Thread 0x0000000059778800 Exception <a 'java/security/PrivilegedActionException'> (0x00000000f84a90e0) thrown at [C:\re\workspace\8-2-build-windows-amd64-cygwin\jdk8u11\648\hotspot\src\share\vm\prims\jvm.cpp, line 1248]

Events (10 events):
Event: 46.124 loading class CsvGrailsPlugin$_closure4_closure12Customizer
Event: 46.124 loading class CsvGrailsPlugin$_closure4_closure12Customizer done
Event: 46.125 loading class CsvGrailsPlugin$_closure4_closure12Customizer
Event: 46.125 loading class CsvGrailsPlugin$_closure4_closure12Customizer done
Event: 46.126 loading class groovy/runtime/metaclass/java/io/InputStreamMetaClass
Event: 46.126 loading class groovy/runtime/metaclass/java/io/InputStreamMetaClass done
Event: 46.127 loading class CsvGrailsPlugin$_closure4_closure13
Event: 46.127 loading class CsvGrailsPlugin$_closure4_closure13 done
Event: 46.130 loading class groovy/runtime/metaclass/CsvGrailsPlugin$_closure4_closure13MetaClass
Event: 46.130 loading class groovy/runtime/metaclass/CsvGrailsPlugin$_closure4_closure13MetaClass done


Dynamic libraries:
0x000000013f4f0000 - 0x000000013f524000 	C:\Program Files\Java\jdk1.8.0_11\bin\java.exe
0x0000000077430000 - 0x00000000775d9000 	C:\Windows\SYSTEM32\ntdll.dll
0x0000000077310000 - 0x000000007742f000 	C:\Windows\system32\kernel32.dll
0x000007fefd9a0000 - 0x000007fefda0c000 	C:\Windows\system32\KERNELBASE.dll
0x000007feff3b0000 - 0x000007feff48b000 	C:\Windows\system32\ADVAPI32.dll
0x000007fefdea0000 - 0x000007fefdf3f000 	C:\Windows\system32\msvcrt.dll
0x000007fefdc60000 - 0x000007fefdc7f000 	C:\Windows\SYSTEM32\sechost.dll
0x000007feff060000 - 0x000007feff18d000 	C:\Windows\system32\RPCRT4.dll
0x0000000077210000 - 0x000000007730a000 	C:\Windows\system32\USER32.dll
0x000007fefdd80000 - 0x000007fefdde7000 	C:\Windows\system32\GDI32.dll
0x000007feff3a0000 - 0x000007feff3ae000 	C:\Windows\system32\LPK.dll
0x000007feff490000 - 0x000007feff559000 	C:\Windows\system32\USP10.dll
0x000007fefbe90000 - 0x000007fefc084000 	C:\Windows\WinSxS\amd64_microsoft.windows.common-controls_6595b64144ccf1df_6.0.7601.17514_none_fa396087175ac9ac\COMCTL32.dll
0x000007fefdd00000 - 0x000007fefdd71000 	C:\Windows\system32\SHLWAPI.dll
0x000007fefdcd0000 - 0x000007fefdcfe000 	C:\Windows\system32\IMM32.DLL
0x000007fefeeb0000 - 0x000007fefefb9000 	C:\Windows\system32\MSCTF.dll
0x0000000180000000 - 0x000000018001c000 	C:\Windows\system32\btpload64.dll
0x00000000775f0000 - 0x00000000775f7000 	C:\Windows\system32\PSAPI.DLL
0x0000000000230000 - 0x000000000025c000 	C:\Windows\system32\privman64.dll
0x000007fefd7e0000 - 0x000007fefd7ec000 	C:\Windows\system32\VERSION.dll
0x000007fefdf40000 - 0x000007fefecc9000 	C:\Windows\system32\SHELL32.dll
0x000007fefd7c0000 - 0x000007fefd7de000 	C:\Windows\system32\USERENV.dll
0x000007fefd890000 - 0x000007fefd89f000 	C:\Windows\system32\profapi.dll
0x000000006ed90000 - 0x000000006ee62000 	C:\Program Files\Java\jdk1.8.0_11\jre\bin\msvcr100.dll
0x00000000559d0000 - 0x00000000561fa000 	C:\Program Files\Java\jdk1.8.0_11\jre\bin\server\jvm.dll
0x000007fefcd70000 - 0x000007fefcd79000 	C:\Windows\system32\WSOCK32.dll
0x000007fefdc80000 - 0x000007fefdccd000 	C:\Windows\system32\WS2_32.dll
0x000007fefddf0000 - 0x000007fefddf8000 	C:\Windows\system32\NSI.dll
0x000007fefb3d0000 - 0x000007fefb40b000 	C:\Windows\system32\WINMM.dll
0x00000000707c0000 - 0x00000000707cf000 	C:\Program Files\Java\jdk1.8.0_11\jre\bin\verify.dll
0x0000000070790000 - 0x00000000707b8000 	C:\Program Files\Java\jdk1.8.0_11\jre\bin\java.dll
0x00000000704e0000 - 0x0000000070503000 	C:\Program Files\Java\jdk1.8.0_11\jre\bin\instrument.dll
0x0000000070460000 - 0x0000000070476000 	C:\Program Files\Java\jdk1.8.0_11\jre\bin\zip.dll
0x0000000056ba0000 - 0x0000000056da3000 	C:\Windows\system32\ole32.dll
0x000007fefd130000 - 0x000007fefd147000 	C:\Windows\system32\CRYPTSP.dll
0x000007fefce30000 - 0x000007fefce77000 	C:\Windows\system32\rsaenh.dll
0x000007fefd790000 - 0x000007fefd79f000 	C:\Windows\system32\CRYPTBASE.dll
0x0000000070440000 - 0x000000007045a000 	C:\Program Files\Java\jdk1.8.0_11\jre\bin\net.dll
0x000007fefd0d0000 - 0x000007fefd125000 	C:\Windows\system32\mswsock.dll
0x000007fefd0c0000 - 0x000007fefd0c7000 	C:\Windows\System32\wship6.dll
0x000007fefc460000 - 0x000007fefc487000 	C:\Windows\system32\IPHLPAPI.DLL
0x000007fefc450000 - 0x000007fefc45b000 	C:\Windows\system32\WINNSI.DLL
0x000007fefadd0000 - 0x000007fefade8000 	C:\Windows\system32\dhcpcsvc.DLL
0x000007fefae10000 - 0x000007fefae21000 	C:\Windows\system32\dhcpcsvc6.DLL
0x0000000070420000 - 0x0000000070431000 	C:\Program Files\Java\jdk1.8.0_11\jre\bin\nio.dll
0x000007fefc580000 - 0x000007fefc58a000 	C:\Users\rgopal\AppData\Local\Temp\jansi-64-3204390177520614164.dll
0x0000000070780000 - 0x000000007078d000 	C:\Program Files\Java\jdk1.8.0_11\jre\bin\management.dll
0x000007fefc950000 - 0x000007fefc957000 	C:\Windows\System32\wshtcpip.dll
0x000007fefcf50000 - 0x000007fefcfab000 	C:\Windows\system32\DNSAPI.dll
0x0000000074b00000 - 0x0000000074b26000 	C:\Program Files\Bonjour\mdnsNSP.dll
0x000007fefae00000 - 0x000007fefae08000 	C:\Windows\system32\rasadhlp.dll
0x000007fefad70000 - 0x000007fefadc3000 	C:\Windows\System32\fwpuclnt.dll
0x000007fefaf50000 - 0x000007fefaf65000 	C:\Windows\system32\NLAapi.dll
0x000007fefaf30000 - 0x000007fefaf45000 	C:\Windows\system32\napinsp.dll
0x000007fefaea0000 - 0x000007fefaeb9000 	C:\Windows\system32\pnrpnsp.dll
0x000007fefae90000 - 0x000007fefae9b000 	C:\Windows\System32\winrnr.dll
0x000007fefae80000 - 0x000007fefae90000 	C:\Windows\system32\wshbth.dll
0x000007fef3a30000 - 0x000007fef3b55000 	C:\Windows\system32\dbghelp.dll

VM Arguments:
jvm_args: -Dfile.encoding=UTF-8 -Xmx768M -Xms64M -Dgrails.fork.parent.process.port=57957 -Dgrails.fork.active=true -Dgrails.build.execution.context=C:\Users\rgopal\AppData\Local\Temp\central6754174941092798820grails-execution-context -Dgrails.home=C:\Users\rgopal\Documents\grails-2.4.4\grails-2.4.4 -javaagent:C:\Users\rgopal\Documents\grails-2.4.4\grails-2.4.4\lib\org.springframework\springloaded\jars\springloaded-1.2.1.RELEASE.jar -Xverify:none -Dspringloaded.synchronize=true -Djdk.reflect.allowGetCallerClass=true -Dspringloaded=profile=grails;cacheDir=C:\Users\rgopal/.grails/2.4.4/ 
java_command: org.grails.plugins.tomcat.fork.ForkedTomcatServer
java_class_path (initial): C:\Program Files\Java\jdk1.8.0_11\lib\tools.jar;C:\Users\rgopal\Documents\grails-2.4.4\grails-2.4.4\lib\org.codehaus.groovy\groovy-all\jars\groovy-all-2.3.7.jar;C:\Users\rgopal\Documents\grails-2.4.4\grails-2.4.4\lib\org.slf4j\jcl-over-slf4j\jars\jcl-over-slf4j-1.7.5.jar;C:\Users\rgopal\Documents\grails-2.4.4\grails-2.4.4\lib\org.codehaus.gant\gant_groovy1.8\jars\gant_groovy1.8-1.9.6.jar;C:\Users\rgopal\Documents\grails-2.4.4\grails-2.4.4\lib\org.apache.tomcat.embed\tomcat-embed-logging-log4j\jars\tomcat-embed-logging-log4j-7.0.50.jar;C:\Users\rgopal\Documents\grails-2.4.4\grails-2.4.4\dist\grails-plugin-log4j-2.4.4.jar;C:\Users\rgopal\Documents\grails-2.4.4\grails-2.4.4\lib\log4j\log4j\jars\log4j-1.2.17.jar;C:\Users\rgopal\Documents\grails-2.4.4\grails-2.4.4\dist\grails-bootstrap-2.4.4.jar;C:\Users\rgopal\Documents\grails-2.4.4\grails-2.4.4\lib\org.slf4j\slf4j-api\jars\slf4j-api-1.7.5.jar;C:\Users\rgopal\Documents\grails-2.4.4\grails-2.4.4\lib\jline\jline\jars\jline-2.12.jar;C:\Users\rgopal\Documents\grails-2.4.4\grails-2.4.4\lib\org.apache.ant\ant\jars\ant-1.8.4.jar;C:\Users\rgopal\Documents\grails-2.4.4\grails-2.4.4\lib\org.apache.ant\ant-launcher\jars\ant-launcher-1.8.4.jar;C:\Users\rgopal\Documents\grails-2.4.4\grails-2.4.4\lib\org.apache.ant\ant-trax\jars\ant-trax-1.7.1.jar;C:\Users\rgopal\Documents\grails-2.4.4\grails-2.4.4\lib\org.apache.ant\ant-junit\jars\ant-junit-1.8.4.jar;C:\Users\rgopal\Documents\grails-2.4.4\grails-2.4.4\lib\org.apache.ivy\ivy\jars\ivy-2.3.0.jar;C:\Users\rgopal\Documents\grails-2.4.4\grails-2.4.4\lib\org.fusesource.jansi\jansi\jars\jansi-1.11.jar;C:\Users\rgopal\.m2\repository\org\apache\tomcat\tomcat-catalina-ant\7.0.55\tomcat-catalina-ant-7.0.55.jar;C:\Users\rgopal\.m2\repository\org\apache\tomcat\embed\tomcat-embed-jasper\7.0.55\tomcat-embed-jasper-7.0.55.jar;C:\Users\rgopal\.m2\repository\org\apache\tomcat\embed\tomcat-embed-el\7.0.55\tomcat-embed-el-7.0.55.jar;C:\Users\rgopal\.m2\repository\org\apache\
Launcher Type: SUN_STANDARD

Environment Variables:
JAVA_HOME=C:\Program Files\Java\jdk1.8.0_11
PATH=C:\Windows\system32;C:\Windows;C:\Windows\System32\Wbem;C:\Windows\System32\WindowsPowerShell\v1.0\;C:\users\rgopal\My Documents\springsource\grails-2.3.5\bin\;c:\Program Files\Java\jdk1.7.0_51\bin\;C:\Program Files (x86)\MiKTeX 2.9\miktex\bin\
USERNAME=rgopal
OS=Windows_NT
PROCESSOR_IDENTIFIER=Intel64 Family 6 Model 37 Stepping 5, GenuineIntel



---------------  S Y S T E M  ---------------

OS: Windows 7 , 64 bit Build 7601 Service Pack 1

CPU:total 4 (2 cores per cpu, 2 threads per core) family 6 model 37 stepping 5, cmov, cx8, fxsr, mmx, sse, sse2, sse3, ssse3, sse4.1, sse4.2, popcnt, aes, clmul, ht, tsc, tscinvbit

Memory: 4k page, physical 8181608k(2088240k free), swap 16361352k(9426680k free)

vm_info: Java HotSpot(TM) 64-Bit Server VM (25.11-b03) for windows-amd64 JRE (1.8.0_11-b12), built on Jun 16 2014 20:57:32 by "java_re" with MS VC++ 10.0 (VS2010)

time: Sat Apr 18 20:30:28 2015
elapsed time: 46 seconds

