#
# A fatal error has been detected by the Java Runtime Environment:
#
#  EXCEPTION_ACCESS_VIOLATION (0xc0000005) at pc=0x0000000069794db2, pid=11120, tid=9948
#
# JRE version: Java(TM) SE Runtime Environment (8.0_11-b12) (build 1.8.0_11-b12)
# Java VM: Java HotSpot(TM) 64-Bit Server VM (25.11-b03 mixed mode windows-amd64 compressed oops)
# Problematic frame:
# V  [jvm.dll+0x424db2]
#
# Failed to write core dump. Minidumps are not enabled by default on client versions of Windows
#
# If you would like to submit a bug report, please visit:
#   http://bugreport.sun.com/bugreport/crash.jsp
#

---------------  T H R E A D  ---------------

Current thread (0x00000000561ac800):  JavaThread "C2 CompilerThread0" daemon [_thread_in_native, id=9948, stack(0x00000000567f0000,0x00000000568f0000)]

siginfo: ExceptionCode=0xc0000005, reading address 0x0000000000000000

Registers:
RAX=0x0000000058317928, RBX=0x0000000000000600, RCX=0x0000000000000000, RDX=0x00000000587b92b0
RSP=0x00000000568ec930, RBP=0x00000000000000c0, RSI=0x00000000000000b8, RDI=0x0000000000000000
R8 =0x0000000069370000, R9 =0x00000000568ecc50, R10=0x00000000ffffffff, R11=0x00000000561cfa50
R12=0x0000000058318030, R13=0x00000000581a14e8, R14=0x0000000000000008, R15=0x00000000581a14e8
RIP=0x0000000069794db2, EFLAGS=0x0000000000010206

Top of Stack: (sp=0x00000000568ec930)
0x00000000568ec930:   00000000000000da 00000000000000b0
0x00000000568ec940:   000000000000000a 000000005994d660
0x00000000568ec950:   0000000000000001 0000000000000600
0x00000000568ec960:   0000000000000180 00000000000000c0
0x00000000568ec970:   000000005b05ea00 00000000561a4290
0x00000000568ec980:   00000000000006f0 00000000587b4dd0
0x00000000568ec990:   00000000568ecc50 0000000058314a80
0x00000000568ec9a0:   0000000000000020 0000000000000009
0x00000000568ec9b0:   0000000058318000 00000000000000da
0x00000000568ec9c0:   00000000581a14e8 000000006979598d
0x00000000568ec9d0:   0000000058318000 000000000000001c
0x00000000568ec9e0:   00000000000000da 00000000568ecc50
0x00000000568ec9f0:   00000000587b92b0 00000000000000da
0x00000000568eca00:   0000000058314a80 0000000000000020
0x00000000568eca10:   00000000589d65a0 00000000568eefc0
0x00000000568eca20:   00000000589d6bd0 0000000058318000 

Instructions: (pc=0x0000000069794db2)
0x0000000069794d92:   c6 48 63 f0 48 03 f1 eb 04 48 83 ce ff 48 8b 84
0x0000000069794da2:   24 a0 00 00 00 48 8b 40 08 48 8b 3c 03 48 8b cf
0x0000000069794db2:   48 8b 07 ff 50 28 4c 8d 05 41 b2 bd ff 48 63 50
0x0000000069794dc2:   10 4c 8b d8 48 8b ca 48 c1 e1 05 42 80 bc 01 c0 


Register to memory mapping:

RAX=0x0000000058317928 is an unknown value
RBX=0x0000000000000600 is an unknown value
RCX=0x0000000000000000 is an unknown value
RDX=0x00000000587b92b0 is an unknown value
RSP=0x00000000568ec930 is pointing into the stack for thread: 0x00000000561ac800
RBP=0x00000000000000c0 is an unknown value
RSI=0x00000000000000b8 is an unknown value
RDI=0x0000000000000000 is an unknown value
R8 =0x0000000069370000 is an unknown value
R9 =0x00000000568ecc50 is pointing into the stack for thread: 0x00000000561ac800
R10=0x00000000ffffffff is an unknown value
R11=0x00000000561cfa50 is an unknown value
R12=0x0000000058318030 is an unknown value
R13=0x00000000581a14e8 is an unknown value
R14=0x0000000000000008 is an unknown value
R15=0x00000000581a14e8 is an unknown value


Stack: [0x00000000567f0000,0x00000000568f0000],  sp=0x00000000568ec930,  free space=1010k
Native frames: (J=compiled Java code, j=interpreted, Vv=VM code, C=native code)
V  [jvm.dll+0x424db2]
V  [jvm.dll+0x42598d]
V  [jvm.dll+0x425ecf]
V  [jvm.dll+0x4c5a84]
V  [jvm.dll+0x4415bc]
V  [jvm.dll+0x443a29]
V  [jvm.dll+0x427722]
V  [jvm.dll+0x96982]
V  [jvm.dll+0x97173]
V  [jvm.dll+0x2234b4]
V  [jvm.dll+0x27bcca]
C  [msvcr100.dll+0x21d9f]
C  [msvcr100.dll+0x21e3b]
C  [kernel32.dll+0x159ed]
C  [ntdll.dll+0x2c541]


Current CompileTask:
C2:  62012 6964       4       groovy.lang.MetaClassImpl::findPropertyMethod (356 bytes)


---------------  P R O C E S S  ---------------

Java Threads: ( => current thread )
  0x0000000058e02000 JavaThread "com.oumuo.SecurityGroup.data" daemon [_thread_blocked, id=11636, stack(0x0000000060a00000,0x0000000060b00000)]
  0x0000000058e01800 JavaThread "com.oumuo.Authority.data" daemon [_thread_blocked, id=9608, stack(0x000000005e0c0000,0x000000005e1c0000)]
  0x0000000056f12800 JavaThread "net.sf.ehcache.CacheManager@c17ded1" daemon [_thread_blocked, id=7276, stack(0x00000000604c0000,0x00000000605c0000)]
  0x0000000059747800 JavaThread "PoolCleaner[1070157899:1429186945668]" daemon [_thread_blocked, id=11500, stack(0x000000005db30000,0x000000005dc30000)]
  0x0000000058121000 JavaThread "FileSystemWatcher: files=#279 cl=groovy.lang.GroovyClassLoader@3fc9504b" daemon [_thread_blocked, id=8288, stack(0x000000005bce0000,0x000000005bde0000)]
  0x0000000057669000 JavaThread "localhost-startStop-1" daemon [_thread_in_vm, id=9424, stack(0x000000005bb90000,0x000000005bc90000)]
  0x0000000057668000 JavaThread "Tomcat-startStop-1" daemon [_thread_blocked, id=9172, stack(0x0000000056900000,0x0000000056a00000)]
  0x00000000563a8000 JavaThread "Thread-3" [_thread_in_native, id=3572, stack(0x0000000057a90000,0x0000000057b90000)]
  0x00000000593b3000 JavaThread "Thread-2" [_thread_blocked, id=6388, stack(0x000000005a480000,0x000000005a580000)]
  0x00000000572a7000 JavaThread "NonBlockingInputStreamThread" daemon [_thread_blocked, id=7348, stack(0x0000000057c00000,0x0000000057d00000)]
  0x0000000056286000 JavaThread "Service Thread" daemon [_thread_blocked, id=12176, stack(0x0000000055e50000,0x0000000055f50000)]
  0x00000000561a9800 JavaThread "C1 CompilerThread2" daemon [_thread_blocked, id=6024, stack(0x0000000056b90000,0x0000000056c90000)]
  0x00000000561ad800 JavaThread "C2 CompilerThread1" daemon [_thread_in_native, id=4108, stack(0x0000000056a10000,0x0000000056b10000)]
=>0x00000000561ac800 JavaThread "C2 CompilerThread0" daemon [_thread_in_native, id=9948, stack(0x00000000567f0000,0x00000000568f0000)]
  0x00000000560b4800 JavaThread "Attach Listener" daemon [_thread_blocked, id=11172, stack(0x0000000056630000,0x0000000056730000)]
  0x0000000054b77000 JavaThread "Signal Dispatcher" daemon [_thread_blocked, id=9056, stack(0x0000000056530000,0x0000000056630000)]
  0x0000000054b12800 JavaThread "Finalizer" daemon [_thread_blocked, id=9132, stack(0x0000000055fb0000,0x00000000560b0000)]
  0x0000000054b0d000 JavaThread "Reference Handler" daemon [_thread_blocked, id=4204, stack(0x0000000055bd0000,0x0000000055cd0000)]
  0x00000000028ba000 JavaThread "main" [_thread_blocked, id=9104, stack(0x0000000002980000,0x0000000002a80000)]

Other Threads:
  0x0000000054b0a000 VMThread [stack: 0x0000000055d00000,0x0000000055e00000] [id=6392]
  0x00000000562cd000 WatcherThread [stack: 0x0000000056d80000,0x0000000056e80000] [id=3644]

VM state:not at safepoint (normal execution)

VM Mutex/Monitor currently owned by a thread: None

Heap:
 PSYoungGen      total 230912K, used 136436K [0x00000000f0000000, 0x0000000100000000, 0x0000000100000000)
  eden space 205824K, 55% used [0x00000000f0000000,0x00000000f6f25b60,0x00000000fc900000)
  from space 25088K, 90% used [0x00000000fe780000,0x00000000ffd976d0,0x0000000100000000)
  to   space 28160K, 0% used [0x00000000fc900000,0x00000000fc900000,0x00000000fe480000)
 ParOldGen       total 132096K, used 111141K [0x00000000d0000000, 0x00000000d8100000, 0x00000000f0000000)
  object space 132096K, 84% used [0x00000000d0000000,0x00000000d6c89570,0x00000000d8100000)
 Metaspace       used 69162K, capacity 70984K, committed 71168K, reserved 1112064K
  class space    used 7304K, capacity 7834K, committed 7936K, reserved 1048576K

Card table byte_map: [0x0000000012010000,0x00000000121a0000] byte_map_base: 0x0000000011990000

Marking Bits: (ParMarkBitMap*) 0x0000000069b212b0
 Begin Bits: [0x0000000012800000, 0x0000000013400000)
 End Bits:   [0x0000000013400000, 0x0000000014000000)

Polling page: 0x0000000001cc0000

CodeCache: size=245760Kb used=25930Kb max_used=25930Kb free=219829Kb
 bounds [0x0000000002c50000, 0x00000000045c0000, 0x0000000011c50000]
 total_blobs=6845 nmethods=6081 adapters=675
 compilation: enabled

Compilation events (10 events):
Event: 61.906 Thread 0x00000000561a9800 6969       3       sun.reflect.generics.tree.Wildcard::<init> (15 bytes)
Event: 61.906 Thread 0x00000000561a9800 nmethod 6969 0x0000000002e8a1d0 code [0x0000000002e8a320, 0x0000000002e8a4f0]
Event: 61.922 Thread 0x00000000561a9800 6971       3       sun.reflect.AccessorGenerator::emitMethod (275 bytes)
Event: 61.928 Thread 0x00000000561a9800 nmethod 6971 0x00000000045a3d90 code [0x00000000045a4400, 0x00000000045a73d8]
Event: 61.928 Thread 0x00000000561a9800 6970       3       sun.reflect.ClassFileAssembler::opc_swap (7 bytes)
Event: 61.928 Thread 0x00000000561a9800 nmethod 6970 0x0000000003e389d0 code [0x0000000003e38b40, 0x0000000003e38d68]
Event: 61.928 Thread 0x00000000561a9800 6972       3       sun.reflect.ClassFileAssembler::getMaxStack (6 bytes)
Event: 61.928 Thread 0x00000000561a9800 nmethod 6972 0x0000000004532c90 code [0x0000000004532de0, 0x0000000004532f30]
Event: 61.946 Thread 0x00000000561a9800 6976       1       org.codehaus.groovy.runtime.metaclass.ClosureStaticMetaMethod::getName (5 bytes)
Event: 61.946 Thread 0x00000000561a9800 nmethod 6976 0x0000000002e89e90 code [0x0000000002e89fe0, 0x0000000002e8a0f0]

GC Heap History (10 events):
Event: 54.800 GC heap before
{Heap before GC invocations=58 (full 7):
 PSYoungGen      total 243712K, used 243712K [0x00000000f0000000, 0x0000000100000000, 0x0000000100000000)
  eden space 230400K, 100% used [0x00000000f0000000,0x00000000fe100000,0x00000000fe100000)
  from space 13312K, 100% used [0x00000000ff300000,0x0000000100000000,0x0000000100000000)
  to   space 15872K, 0% used [0x00000000fe100000,0x00000000fe100000,0x00000000ff080000)
 ParOldGen       total 111104K, used 93082K [0x00000000d0000000, 0x00000000d6c80000, 0x00000000f0000000)
  object space 111104K, 83% used [0x00000000d0000000,0x00000000d5ae6998,0x00000000d6c80000)
 Metaspace       used 63958K, capacity 65626K, committed 66048K, reserved 1107968K
  class space    used 6668K, capacity 7113K, committed 7168K, reserved 1048576K
Event: 54.841 GC heap after
Heap after GC invocations=58 (full 7):
 PSYoungGen      total 246272K, used 15856K [0x00000000f0000000, 0x0000000100000000, 0x0000000100000000)
  eden space 230400K, 0% used [0x00000000f0000000,0x00000000f0000000,0x00000000fe100000)
  from space 15872K, 99% used [0x00000000fe100000,0x00000000ff07c030,0x00000000ff080000)
  to   space 15872K, 0% used [0x00000000ff080000,0x00000000ff080000,0x0000000100000000)
 ParOldGen       total 111104K, used 98404K [0x00000000d0000000, 0x00000000d6c80000, 0x00000000f0000000)
  object space 111104K, 88% used [0x00000000d0000000,0x00000000d60192a0,0x00000000d6c80000)
 Metaspace       used 63958K, capacity 65626K, committed 66048K, reserved 1107968K
  class space    used 6668K, capacity 7113K, committed 7168K, reserved 1048576K
}
Event: 56.201 GC heap before
{Heap before GC invocations=59 (full 7):
 PSYoungGen      total 246272K, used 246256K [0x00000000f0000000, 0x0000000100000000, 0x0000000100000000)
  eden space 230400K, 100% used [0x00000000f0000000,0x00000000fe100000,0x00000000fe100000)
  from space 15872K, 99% used [0x00000000fe100000,0x00000000ff07c030,0x00000000ff080000)
  to   space 15872K, 0% used [0x00000000ff080000,0x00000000ff080000,0x0000000100000000)
 ParOldGen       total 111104K, used 98404K [0x00000000d0000000, 0x00000000d6c80000, 0x00000000f0000000)
  object space 111104K, 88% used [0x00000000d0000000,0x00000000d60192a0,0x00000000d6c80000)
 Metaspace       used 65564K, capacity 67232K, committed 67584K, reserved 1110016K
  class space    used 6830K, capacity 7306K, committed 7424K, reserved 1048576K
Event: 56.229 GC heap after
Heap after GC invocations=59 (full 7):
 PSYoungGen      total 229888K, used 15856K [0x00000000f0000000, 0x0000000100000000, 0x0000000100000000)
  eden space 214016K, 0% used [0x00000000f0000000,0x00000000f0000000,0x00000000fd100000)
  from space 15872K, 99% used [0x00000000ff080000,0x00000000ffffc300,0x0000000100000000)
  to   space 24064K, 0% used [0x00000000fd100000,0x00000000fd100000,0x00000000fe880000)
 ParOldGen       total 111104K, used 103743K [0x00000000d0000000, 0x00000000d6c80000, 0x00000000f0000000)
  object space 111104K, 93% used [0x00000000d0000000,0x00000000d654ffc8,0x00000000d6c80000)
 Metaspace       used 65564K, capacity 67232K, committed 67584K, reserved 1110016K
  class space    used 6830K, capacity 7306K, committed 7424K, reserved 1048576K
}
Event: 56.229 GC heap before
{Heap before GC invocations=60 (full 8):
 PSYoungGen      total 229888K, used 15856K [0x00000000f0000000, 0x0000000100000000, 0x0000000100000000)
  eden space 214016K, 0% used [0x00000000f0000000,0x00000000f0000000,0x00000000fd100000)
  from space 15872K, 99% used [0x00000000ff080000,0x00000000ffffc300,0x0000000100000000)
  to   space 24064K, 0% used [0x00000000fd100000,0x00000000fd100000,0x00000000fe880000)
 ParOldGen       total 111104K, used 103743K [0x00000000d0000000, 0x00000000d6c80000, 0x00000000f0000000)
  object space 111104K, 93% used [0x00000000d0000000,0x00000000d654ffc8,0x00000000d6c80000)
 Metaspace       used 65564K, capacity 67232K, committed 67584K, reserved 1110016K
  class space    used 6830K, capacity 7306K, committed 7424K, reserved 1048576K
Event: 57.975 GC heap after
Heap after GC invocations=60 (full 8):
 PSYoungGen      total 229888K, used 6111K [0x00000000f0000000, 0x0000000100000000, 0x0000000100000000)
  eden space 214016K, 0% used [0x00000000f0000000,0x00000000f0000000,0x00000000fd100000)
  from space 15872K, 38% used [0x00000000ff080000,0x00000000ff677d98,0x0000000100000000)
  to   space 24064K, 0% used [0x00000000fd100000,0x00000000fd100000,0x00000000fe880000)
 ParOldGen       total 132096K, used 110933K [0x00000000d0000000, 0x00000000d8100000, 0x00000000f0000000)
  object space 132096K, 83% used [0x00000000d0000000,0x00000000d6c55570,0x00000000d8100000)
 Metaspace       used 65560K, capacity 67226K, committed 67584K, reserved 1110016K
  class space    used 6829K, capacity 7305K, committed 7424K, reserved 1048576K
}
Event: 59.730 GC heap before
{Heap before GC invocations=61 (full 8):
 PSYoungGen      total 229888K, used 215400K [0x00000000f0000000, 0x0000000100000000, 0x0000000100000000)
  eden space 214016K, 97% used [0x00000000f0000000,0x00000000fcc62370,0x00000000fd100000)
  from space 15872K, 38% used [0x00000000ff080000,0x00000000ff677d98,0x0000000100000000)
  to   space 24064K, 0% used [0x00000000fd100000,0x00000000fd100000,0x00000000fe880000)
 ParOldGen       total 132096K, used 110933K [0x00000000d0000000, 0x00000000d8100000, 0x00000000f0000000)
  object space 132096K, 83% used [0x00000000d0000000,0x00000000d6c55570,0x00000000d8100000)
 Metaspace       used 66625K, capacity 68372K, committed 68736K, reserved 1110016K
  class space    used 6950K, capacity 7463K, committed 7552K, reserved 1048576K
Event: 59.799 GC heap after
Heap after GC invocations=61 (full 8):
 PSYoungGen      total 229888K, used 15849K [0x00000000f0000000, 0x0000000100000000, 0x0000000100000000)
  eden space 214016K, 0% used [0x00000000f0000000,0x00000000f0000000,0x00000000fd100000)
  from space 15872K, 99% used [0x00000000fd100000,0x00000000fe07a5c8,0x00000000fe080000)
  to   space 25088K, 0% used [0x00000000fe780000,0x00000000fe780000,0x0000000100000000)
 ParOldGen       total 132096K, used 111133K [0x00000000d0000000, 0x00000000d8100000, 0x00000000f0000000)
  object space 132096K, 84% used [0x00000000d0000000,0x00000000d6c87570,0x00000000d8100000)
 Metaspace       used 66625K, capacity 68372K, committed 68736K, reserved 1110016K
  class space    used 6950K, capacity 7463K, committed 7552K, reserved 1048576K
}
Event: 61.037 GC heap before
{Heap before GC invocations=62 (full 8):
 PSYoungGen      total 229888K, used 224681K [0x00000000f0000000, 0x0000000100000000, 0x0000000100000000)
  eden space 214016K, 97% used [0x00000000f0000000,0x00000000fcbf01d0,0x00000000fd100000)
  from space 15872K, 99% used [0x00000000fd100000,0x00000000fe07a5c8,0x00000000fe080000)
  to   space 25088K, 0% used [0x00000000fe780000,0x00000000fe780000,0x0000000100000000)
 ParOldGen       total 132096K, used 111133K [0x00000000d0000000, 0x00000000d8100000, 0x00000000f0000000)
  object space 132096K, 84% used [0x00000000d0000000,0x00000000d6c87570,0x00000000d8100000)
 Metaspace       used 68204K, capacity 69946K, committed 70272K, reserved 1112064K
  class space    used 7178K, capacity 7688K, committed 7808K, reserved 1048576K
Event: 61.072 GC heap after
Heap after GC invocations=62 (full 8):
 PSYoungGen      total 230912K, used 22621K [0x00000000f0000000, 0x0000000100000000, 0x0000000100000000)
  eden space 205824K, 0% used [0x00000000f0000000,0x00000000f0000000,0x00000000fc900000)
  from space 25088K, 90% used [0x00000000fe780000,0x00000000ffd976d0,0x0000000100000000)
  to   space 28160K, 0% used [0x00000000fc900000,0x00000000fc900000,0x00000000fe480000)
 ParOldGen       total 132096K, used 111141K [0x00000000d0000000, 0x00000000d8100000, 0x00000000f0000000)
  object space 132096K, 84% used [0x00000000d0000000,0x00000000d6c89570,0x00000000d8100000)
 Metaspace       used 68204K, capacity 69946K, committed 70272K, reserved 1112064K
  class space    used 7178K, capacity 7688K, committed 7808K, reserved 1048576K
}

Deoptimization events (10 events):
Event: 60.457 Thread 0x0000000057669000 Uncommon trap: reason=unreached action=reinterpret pc=0x00000000042e67f0 method=org.springframework.util.ObjectUtils.nullSafeEquals(Ljava/lang/Object;Ljava/lang/Object;)Z @ 8
Event: 60.997 Thread 0x0000000057669000 Uncommon trap: reason=unreached action=reinterpret pc=0x00000000043541f4 method=groovy.lang.MetaClassImpl.invokeMethod(Ljava/lang/Class;Ljava/lang/Object;Ljava/lang/String;[Ljava/lang/Object;ZZ)Ljava/lang/Object; @ 136
Event: 61.493 Thread 0x0000000057669000 Uncommon trap: reason=unloaded action=reinterpret pc=0x000000000435a510 method=org.codehaus.groovy.runtime.metaclass.ClosureMetaMethod.createMethodList(Ljava/lang/String;Ljava/lang/Class;Lgroovy/lang/Closure;)Ljava/util/List; @ 227
Event: 61.643 Thread 0x0000000057669000 Uncommon trap: reason=bimorphic action=maybe_recompile pc=0x0000000003e1ca40 method=org.codehaus.groovy.runtime.metaclass.MetaMethodIndex.addMethodToList(Ljava/lang/Object;Lgroovy/lang/MetaMethod;)Ljava/lang/Object; @ 218
Event: 61.791 Thread 0x0000000057669000 Uncommon trap: reason=class_check action=maybe_recompile pc=0x0000000003e3ca44 method=groovy.lang.MetaClassImpl.isGenericGetMethod(Lgroovy/lang/MetaMethod;)Z @ 14
Event: 61.791 Thread 0x0000000057669000 Uncommon trap: reason=class_check action=maybe_recompile pc=0x0000000003e3ca70 method=org.codehaus.groovy.runtime.MetaClassHelper.isGenericSetMethod(Lgroovy/lang/MetaMethod;)Z @ 14
Event: 61.792 Thread 0x0000000057669000 Uncommon trap: reason=class_check action=maybe_recompile pc=0x0000000003e3ca44 method=groovy.lang.MetaClassImpl.isGenericGetMethod(Lgroovy/lang/MetaMethod;)Z @ 14
Event: 61.792 Thread 0x0000000057669000 Uncommon trap: reason=class_check action=maybe_recompile pc=0x0000000003e3ca70 method=org.codehaus.groovy.runtime.MetaClassHelper.isGenericSetMethod(Lgroovy/lang/MetaMethod;)Z @ 14
Event: 61.847 Thread 0x0000000057669000 Uncommon trap: reason=unreached action=reinterpret pc=0x0000000003e1c950 method=org.codehaus.groovy.runtime.metaclass.MetaMethodIndex.isNonRealMethod(Lgroovy/lang/MetaMethod;)Z @ 32
Event: 61.919 Thread 0x0000000057669000 Uncommon trap: reason=null_check action=make_not_entrant pc=0x00000000045aea40 method=java.beans.Introspector.isAssignable(Ljava/lang/Class;Ljava/lang/Class;)Z @ 18

Internal exceptions (10 events):
Event: 61.941 Thread 0x0000000057669000 Exception <a 'java/security/PrivilegedActionException'> (0x00000000f674a988) thrown at [C:\re\workspace\8-2-build-windows-amd64-cygwin\jdk8u11\648\hotspot\src\share\vm\prims\jvm.cpp, line 1248]
Event: 61.941 Thread 0x0000000057669000 Exception <a 'java/lang/ClassNotFoundException': org/codehaus/groovy/grails/plugins/DomainClassGrailsPlugin$_addRelationshipManagementMethods_closure25BeanInfo> (0x00000000f674b918) thrown at [C:\re\workspace\8-2-build-windows-amd64-cygwin\jdk8u11\648\hotsƒGœtøN@
Event: 61.941 Thread 0x0000000057669000 Exception <a 'java/security/PrivilegedActionException'> (0x00000000f674cfa8) thrown at [C:\re\workspace\8-2-build-windows-amd64-cygwin\jdk8u11\648\hotspot\src\share\vm\prims\jvm.cpp, line 1248]
Event: 61.941 Thread 0x0000000057669000 Exception <a 'java/security/PrivilegedActionException'> (0x00000000f6753598) thrown at [C:\re\workspace\8-2-build-windows-amd64-cygwin\jdk8u11\648\hotspot\src\share\vm\prims\jvm.cpp, line 1248]
Event: 61.942 Thread 0x0000000057669000 Exception <a 'java/security/PrivilegedActionException'> (0x00000000f676cbb0) thrown at [C:\re\workspace\8-2-build-windows-amd64-cygwin\jdk8u11\648\hotspot\src\share\vm\prims\jvm.cpp, line 1248]
Event: 61.942 Thread 0x0000000057669000 Exception <a 'java/security/PrivilegedActionException'> (0x00000000f678c830) thrown at [C:\re\workspace\8-2-build-windows-amd64-cygwin\jdk8u11\648\hotspot\src\share\vm\prims\jvm.cpp, line 1248]
Event: 61.942 Thread 0x0000000057669000 Exception <a 'java/security/PrivilegedActionException'> (0x00000000f6792e20) thrown at [C:\re\workspace\8-2-build-windows-amd64-cygwin\jdk8u11\648\hotspot\src\share\vm\prims\jvm.cpp, line 1248]
Event: 61.942 Thread 0x0000000057669000 Exception <a 'java/security/PrivilegedActionException'> (0x00000000f67ac438) thrown at [C:\re\workspace\8-2-build-windows-amd64-cygwin\jdk8u11\648\hotspot\src\share\vm\prims\jvm.cpp, line 1248]
Event: 61.943 Thread 0x0000000057669000 Exception <a 'java/security/PrivilegedActionException'> (0x00000000f67e4520) thrown at [C:\re\workspace\8-2-build-windows-amd64-cygwin\jdk8u11\648\hotspot\src\share\vm\prims\jvm.cpp, line 1248]
Event: 61.943 Thread 0x0000000057669000 Exception <a 'java/lang/ClassNotFoundException': org/codehaus/groovy/grails/plugins/DomainClassGrailsPlugin$_addRelationshipManagementMethods_closure25Customizer> (0x00000000f67e54b0) thrown at [C:\re\workspace\8-2-build-windows-amd64-cygwin\jdk8u11\648\hoEJ÷gøN@

Events (10 events):
Event: 61.939 loading class org/codehaus/groovy/grails/plugins/DomainClassGrailsPlugin$_addRelationshipManagementMethods_closure25BeanInfo
Event: 61.939 loading class org/codehaus/groovy/grails/plugins/DomainClassGrailsPlugin$_addRelationshipManagementMethods_closure25BeanInfo done
Event: 61.941 loading class org/codehaus/groovy/grails/plugins/DomainClassGrailsPlugin$_addRelationshipManagementMethods_closure25BeanInfo
Event: 61.941 loading class org/codehaus/groovy/grails/plugins/DomainClassGrailsPlugin$_addRelationshipManagementMethods_closure25BeanInfo done
Event: 61.941 loading class org/codehaus/groovy/grails/plugins/DomainClassGrailsPlugin$_addRelationshipManagementMethods_closure25Customizer
Event: 61.941 loading class org/codehaus/groovy/grails/plugins/DomainClassGrailsPlugin$_addRelationshipManagementMethods_closure25Customizer done
Event: 61.942 loading class org/codehaus/groovy/grails/plugins/DomainClassGrailsPlugin$_addRelationshipManagementMethods_closure25Customizer
Event: 61.942 loading class org/codehaus/groovy/grails/plugins/DomainClassGrailsPlugin$_addRelationshipManagementMethods_closure25Customizer done
Event: 61.943 loading class org/codehaus/groovy/grails/plugins/DomainClassGrailsPlugin$_addRelationshipManagementMethods_closure25Customizer
Event: 61.943 loading class org/codehaus/groovy/grails/plugins/DomainClassGrailsPlugin$_addRelationshipManagementMethods_closure25Customizer done


Dynamic libraries:
0x000000013fda0000 - 0x000000013fdd4000 	C:\Program Files\Java\jdk1.8.0_11\bin\java.exe
0x0000000077500000 - 0x00000000776a9000 	C:\Windows\SYSTEM32\ntdll.dll
0x0000000076e00000 - 0x0000000076f1f000 	C:\Windows\system32\kernel32.dll
0x000007fefda10000 - 0x000007fefda7c000 	C:\Windows\system32\KERNELBASE.dll
0x000007fefe210000 - 0x000007fefe2eb000 	C:\Windows\system32\ADVAPI32.dll
0x000007fefe8b0000 - 0x000007fefe94f000 	C:\Windows\system32\msvcrt.dll
0x000007fefe890000 - 0x000007fefe8af000 	C:\Windows\SYSTEM32\sechost.dll
0x000007fefe3c0000 - 0x000007fefe4ed000 	C:\Windows\system32\RPCRT4.dll
0x00000000771e0000 - 0x00000000772da000 	C:\Windows\system32\USER32.dll
0x000007fefdf40000 - 0x000007fefdfa7000 	C:\Windows\system32\GDI32.dll
0x000007fefe4f0000 - 0x000007fefe4fe000 	C:\Windows\system32\LPK.dll
0x000007fefe2f0000 - 0x000007fefe3b9000 	C:\Windows\system32\USP10.dll
0x000007fefbf60000 - 0x000007fefc154000 	C:\Windows\WinSxS\amd64_microsoft.windows.common-controls_6595b64144ccf1df_6.0.7601.17514_none_fa396087175ac9ac\COMCTL32.dll
0x000007fefe050000 - 0x000007fefe0c1000 	C:\Windows\system32\SHLWAPI.dll
0x000007fefe1e0000 - 0x000007fefe20e000 	C:\Windows\system32\IMM32.DLL
0x000007fefe0d0000 - 0x000007fefe1d9000 	C:\Windows\system32\MSCTF.dll
0x0000000180000000 - 0x000000018001c000 	C:\Windows\system32\btpload64.dll
0x00000000776d0000 - 0x00000000776d7000 	C:\Windows\system32\PSAPI.DLL
0x0000000001c90000 - 0x0000000001cbc000 	C:\Windows\system32\privman64.dll
0x000007fefd8b0000 - 0x000007fefd8bc000 	C:\Windows\system32\VERSION.dll
0x000007fefea70000 - 0x000007feff7f9000 	C:\Windows\system32\SHELL32.dll
0x000007fefd890000 - 0x000007fefd8ae000 	C:\Windows\system32\USERENV.dll
0x000007fefd960000 - 0x000007fefd96f000 	C:\Windows\system32\profapi.dll
0x0000000069290000 - 0x0000000069362000 	C:\Program Files\Java\jdk1.8.0_11\jre\bin\msvcr100.dll
0x0000000069370000 - 0x0000000069b9a000 	C:\Program Files\Java\jdk1.8.0_11\jre\bin\server\jvm.dll
0x000007fefce40000 - 0x000007fefce49000 	C:\Windows\system32\WSOCK32.dll
0x000007fefe6e0000 - 0x000007fefe72d000 	C:\Windows\system32\WS2_32.dll
0x000007feff800000 - 0x000007feff808000 	C:\Windows\system32\NSI.dll
0x000007fefb4a0000 - 0x000007fefb4db000 	C:\Windows\system32\WINMM.dll
0x000000006da30000 - 0x000000006da3f000 	C:\Program Files\Java\jdk1.8.0_11\jre\bin\verify.dll
0x000000006da00000 - 0x000000006da28000 	C:\Program Files\Java\jdk1.8.0_11\jre\bin\java.dll
0x000000006c7c0000 - 0x000000006c7e3000 	C:\Program Files\Java\jdk1.8.0_11\jre\bin\instrument.dll
0x000000006d9e0000 - 0x000000006d9f6000 	C:\Program Files\Java\jdk1.8.0_11\jre\bin\zip.dll
0x000007fefdd30000 - 0x000007fefdf33000 	C:\Windows\system32\ole32.dll
0x000007fefd200000 - 0x000007fefd217000 	C:\Windows\system32\CRYPTSP.dll
0x000007fefcf00000 - 0x000007fefcf47000 	C:\Windows\system32\rsaenh.dll
0x000007fefd860000 - 0x000007fefd86f000 	C:\Windows\system32\CRYPTBASE.dll
0x000000006d380000 - 0x000000006d39a000 	C:\Program Files\Java\jdk1.8.0_11\jre\bin\net.dll
0x000007fefd1a0000 - 0x000007fefd1f5000 	C:\Windows\system32\mswsock.dll
0x000007fefd190000 - 0x000007fefd197000 	C:\Windows\System32\wship6.dll
0x000007fefc900000 - 0x000007fefc927000 	C:\Windows\system32\IPHLPAPI.DLL
0x000007fefc8f0000 - 0x000007fefc8fb000 	C:\Windows\system32\WINNSI.DLL
0x000007fefaf30000 - 0x000007fefaf48000 	C:\Windows\system32\dhcpcsvc.DLL
0x000007fefaec0000 - 0x000007fefaed1000 	C:\Windows\system32\dhcpcsvc6.DLL
0x000000006ccd0000 - 0x000000006cce1000 	C:\Program Files\Java\jdk1.8.0_11\jre\bin\nio.dll
0x000007fefb3d0000 - 0x000007fefb3da000 	C:\Users\rgopal\AppData\Local\Temp\jansi-64-1196285073600833160.dll
0x000000006fa50000 - 0x000000006fa5d000 	C:\Program Files\Java\jdk1.8.0_11\jre\bin\management.dll
0x000007fefca00000 - 0x000007fefca07000 	C:\Windows\System32\wshtcpip.dll
0x000007fefd020000 - 0x000007fefd07b000 	C:\Windows\system32\DNSAPI.dll
0x0000000074bd0000 - 0x0000000074bf6000 	C:\Program Files\Bonjour\mdnsNSP.dll
0x000007fefae50000 - 0x000007fefae58000 	C:\Windows\system32\rasadhlp.dll
0x000007fefae60000 - 0x000007fefaeb3000 	C:\Windows\System32\fwpuclnt.dll
0x000007fefb200000 - 0x000007fefb215000 	C:\Windows\system32\NLAapi.dll
0x000007fefb000000 - 0x000007fefb015000 	C:\Windows\system32\napinsp.dll
0x000007fefaf70000 - 0x000007fefaf89000 	C:\Windows\system32\pnrpnsp.dll
0x000007fefaf60000 - 0x000007fefaf6b000 	C:\Windows\System32\winrnr.dll
0x000007fefaf50000 - 0x000007fefaf60000 	C:\Windows\system32\wshbth.dll
0x000007fef4860000 - 0x000007fef4985000 	C:\Windows\system32\dbghelp.dll

VM Arguments:
jvm_args: -Dfile.encoding=UTF-8 -Xmx768M -Xms64M -Dgrails.fork.parent.process.port=52300 -Dgrails.fork.active=true -Dgrails.build.execution.context=C:\Users\rgopal\AppData\Local\Temp\central2961699812688441915grails-execution-context -Dgrails.home=C:\Users\rgopal\Documents\grails-2.4.4\grails-2.4.4 -javaagent:C:\Users\rgopal\Documents\grails-2.4.4\grails-2.4.4\lib\org.springframework\springloaded\jars\springloaded-1.2.1.RELEASE.jar -Xverify:none -Dspringloaded.synchronize=true -Djdk.reflect.allowGetCallerClass=true -Dspringloaded=profile=grails;cacheDir=C:\Users\rgopal/.grails/2.4.4/ 
java_command: org.grails.plugins.tomcat.fork.ForkedTomcatServer
java_class_path (initial): C:\Program Files\Java\jdk1.8.0_11\lib\tools.jar;C:\Users\rgopal\Documents\grails-2.4.4\grails-2.4.4\lib\org.codehaus.groovy\groovy-all\jars\groovy-all-2.3.7.jar;C:\Users\rgopal\Documents\grails-2.4.4\grails-2.4.4\lib\org.slf4j\jcl-over-slf4j\jars\jcl-over-slf4j-1.7.5.jar;C:\Users\rgopal\Documents\grails-2.4.4\grails-2.4.4\lib\org.codehaus.gant\gant_groovy1.8\jars\gant_groovy1.8-1.9.6.jar;C:\Users\rgopal\Documents\grails-2.4.4\grails-2.4.4\lib\org.apache.tomcat.embed\tomcat-embed-logging-log4j\jars\tomcat-embed-logging-log4j-7.0.50.jar;C:\Users\rgopal\Documents\grails-2.4.4\grails-2.4.4\dist\grails-plugin-log4j-2.4.4.jar;C:\Users\rgopal\Documents\grails-2.4.4\grails-2.4.4\lib\log4j\log4j\jars\log4j-1.2.17.jar;C:\Users\rgopal\Documents\grails-2.4.4\grails-2.4.4\dist\grails-bootstrap-2.4.4.jar;C:\Users\rgopal\Documents\grails-2.4.4\grails-2.4.4\lib\org.slf4j\slf4j-api\jars\slf4j-api-1.7.5.jar;C:\Users\rgopal\Documents\grails-2.4.4\grails-2.4.4\lib\jline\jline\jars\jline-2.12.jar;C:\Users\rgopal\Documents\grails-2.4.4\grails-2.4.4\lib\org.apache.ant\ant\jars\ant-1.8.4.jar;C:\Users\rgopal\Documents\grails-2.4.4\grails-2.4.4\lib\org.apache.ant\ant-launcher\jars\ant-launcher-1.8.4.jar;C:\Users\rgopal\Documents\grails-2.4.4\grails-2.4.4\lib\org.apache.ant\ant-trax\jars\ant-trax-1.7.1.jar;C:\Users\rgopal\Documents\grails-2.4.4\grails-2.4.4\lib\org.apache.ant\ant-junit\jars\ant-junit-1.8.4.jar;C:\Users\rgopal\Documents\grails-2.4.4\grails-2.4.4\lib\org.apache.ivy\ivy\jars\ivy-2.3.0.jar;C:\Users\rgopal\Documents\grails-2.4.4\grails-2.4.4\lib\org.fusesource.jansi\jansi\jars\jansi-1.11.jar;C:\Users\rgopal\.m2\repository\org\apache\tomcat\tomcat-catalina-ant\7.0.55\tomcat-catalina-ant-7.0.55.jar;C:\Users\rgopal\.m2\repository\org\apache\tomcat\embed\tomcat-embed-jasper\7.0.55\tomcat-embed-jasper-7.0.55.jar;C:\Users\rgopal\.m2\repository\org\apache\tomcat\embed\tomcat-embed-el\7.0.55\tomcat-embed-el-7.0.55.jar;C:\Users\rgopal\.m2\repository\org\apache\
Launcher Type: SUN_STANDARD

Environment Variables:
JAVA_HOME=C:\Program Files\Java\jdk1.8.0_11
PATH=C:\Windows\system32;C:\Windows;C:\Windows\System32\Wbem;C:\Windows\System32\WindowsPowerShell\v1.0\;C:\users\rgopal\My Documents\springsource\grails-2.3.5\bin\;c:\Program Files\Java\jdk1.7.0_51\bin\;C:\Program Files (x86)\MiKTeX 2.9\miktex\bin\
USERNAME=rgopal
OS=Windows_NT
PROCESSOR_IDENTIFIER=Intel64 Family 6 Model 37 Stepping 5, GenuineIntel



---------------  S Y S T E M  ---------------

OS: Windows 7 , 64 bit Build 7601 Service Pack 1

CPU:total 4 (2 cores per cpu, 2 threads per core) family 6 model 37 stepping 5, cmov, cx8, fxsr, mmx, sse, sse2, sse3, ssse3, sse4.1, sse4.2, popcnt, aes, clmul, ht, tsc, tscinvbit

Memory: 4k page, physical 8181608k(1938904k free), swap 16361352k(8001884k free)

vm_info: Java HotSpot(TM) 64-Bit Server VM (25.11-b03) for windows-amd64 JRE (1.8.0_11-b12), built on Jun 16 2014 20:57:32 by "java_re" with MS VC++ 10.0 (VS2010)

time: Thu Apr 16 08:22:41 2015
elapsed time: 62 seconds

