#
# A fatal error has been detected by the Java Runtime Environment:
#
#  EXCEPTION_ACCESS_VIOLATION (0xc0000005) at pc=0x000000005abd4db2, pid=8512, tid=3020
#
# JRE version: Java(TM) SE Runtime Environment (8.0_11-b12) (build 1.8.0_11-b12)
# Java VM: Java HotSpot(TM) 64-Bit Server VM (25.11-b03 mixed mode windows-amd64 compressed oops)
# Problematic frame:
# V  [jvm.dll+0x424db2]
#
# Failed to write core dump. Minidumps are not enabled by default on client versions of Windows
#
# If you would like to submit a bug report, please visit:
#   http://bugreport.sun.com/bugreport/crash.jsp
#

---------------  T H R E A D  ---------------

Current thread (0x00000000564e3000):  JavaThread "C2 CompilerThread1" daemon [_thread_in_native, id=3020, stack(0x0000000056ba0000,0x0000000056ca0000)]

siginfo: ExceptionCode=0xc0000005, reading address 0x0000000000000000

Registers:
RAX=0x000000005c82f208, RBX=0x0000000000000600, RCX=0x0000000000000000, RDX=0x0000000056682080
RSP=0x0000000056c9c3e0, RBP=0x00000000000000c0, RSI=0x00000000000000b8, RDI=0x0000000000000000
R8 =0x000000005a7b0000, R9 =0x0000000056c9c700, R10=0x00000000ffffffff, R11=0x0000000056527080
R12=0x000000005c82f910, R13=0x000000005873d818, R14=0x0000000000000008, R15=0x000000005873d818
RIP=0x000000005abd4db2, EFLAGS=0x0000000000010206

Top of Stack: (sp=0x0000000056c9c3e0)
0x0000000056c9c3e0:   00000000000000da 000000005667da20
0x0000000056c9c3f0:   0000000000000000 0000000059574490
0x0000000056c9c400:   0000000000000001 0000000000000600
0x0000000056c9c410:   0000000000000180 00000000000000c0
0x0000000056c9c420:   00000000583f7550 00000000564ef220
0x0000000056c9c430:   00000000000006a8 000000005667da20
0x0000000056c9c440:   0000000056c9c700 000000005c82c3a0
0x0000000056c9c450:   0000000000000020 0000000000000009
0x0000000056c9c460:   000000005c82f8e0 00000000000000da
0x0000000056c9c470:   000000005873d818 000000005abd598d
0x0000000056c9c480:   000000005c82f8e0 000000000000001c
0x0000000056c9c490:   00000000000000da 0000000056c9c700
0x0000000056c9c4a0:   0000000056682080 00000000000000da
0x0000000056c9c4b0:   000000005c82c3a0 0000000000000020
0x0000000056c9c4c0:   000000005788b2d0 0000000056c9ea70
0x0000000056c9c4d0:   000000005788b900 000000005c82f8e0 

Instructions: (pc=0x000000005abd4db2)
0x000000005abd4d92:   c6 48 63 f0 48 03 f1 eb 04 48 83 ce ff 48 8b 84
0x000000005abd4da2:   24 a0 00 00 00 48 8b 40 08 48 8b 3c 03 48 8b cf
0x000000005abd4db2:   48 8b 07 ff 50 28 4c 8d 05 41 b2 bd ff 48 63 50
0x000000005abd4dc2:   10 4c 8b d8 48 8b ca 48 c1 e1 05 42 80 bc 01 c0 


Register to memory mapping:

RAX=0x000000005c82f208 is an unknown value
RBX=0x0000000000000600 is an unknown value
RCX=0x0000000000000000 is an unknown value
RDX=0x0000000056682080 is an unknown value
RSP=0x0000000056c9c3e0 is pointing into the stack for thread: 0x00000000564e3000
RBP=0x00000000000000c0 is an unknown value
RSI=0x00000000000000b8 is an unknown value
RDI=0x0000000000000000 is an unknown value
R8 =0x000000005a7b0000 is an unknown value
R9 =0x0000000056c9c700 is pointing into the stack for thread: 0x00000000564e3000
R10=0x00000000ffffffff is an unknown value
R11=0x0000000056527080 is an unknown value
R12=0x000000005c82f910 is an unknown value
R13=0x000000005873d818 is an unknown value
R14=0x0000000000000008 is an unknown value
R15=0x000000005873d818 is an unknown value


Stack: [0x0000000056ba0000,0x0000000056ca0000],  sp=0x0000000056c9c3e0,  free space=1008k
Native frames: (J=compiled Java code, j=interpreted, Vv=VM code, C=native code)
V  [jvm.dll+0x424db2]
V  [jvm.dll+0x42598d]
V  [jvm.dll+0x425ecf]
V  [jvm.dll+0x4c5a84]
V  [jvm.dll+0x4415bc]
V  [jvm.dll+0x443a29]
V  [jvm.dll+0x427722]
V  [jvm.dll+0x96982]
V  [jvm.dll+0x97173]
V  [jvm.dll+0x2234b4]
V  [jvm.dll+0x27bcca]
C  [msvcr100.dll+0x21d9f]
C  [msvcr100.dll+0x21e3b]
C  [kernel32.dll+0x159ed]
C  [ntdll.dll+0x2c541]


Current CompileTask:
C2:  59929 6523       4       groovy.lang.MetaClassImpl::findPropertyMethod (356 bytes)


---------------  P R O C E S S  ---------------

Java Threads: ( => current thread )
  0x0000000058356800 JavaThread "com.oumuo.SecurityGroup.data" daemon [_thread_blocked, id=8852, stack(0x000000005efc0000,0x000000005f0c0000)]
  0x0000000058b23000 JavaThread "com.oumuo.Authority.data" daemon [_thread_blocked, id=5580, stack(0x00000000616c0000,0x00000000617c0000)]
  0x0000000058ad3800 JavaThread "net.sf.ehcache.CacheManager@50d90f2e" daemon [_thread_blocked, id=8416, stack(0x000000005d410000,0x000000005d510000)]
  0x000000005664c800 JavaThread "PoolCleaner[1430861186:1428633362386]" daemon [_thread_blocked, id=11500, stack(0x0000000060f50000,0x0000000061050000)]
  0x0000000058c4f800 JavaThread "FileSystemWatcher: files=#244 cl=groovy.lang.GroovyClassLoader@55493582" daemon [_thread_blocked, id=10784, stack(0x000000005cbc0000,0x000000005ccc0000)]
  0x000000005724a800 JavaThread "localhost-startStop-1" daemon [_thread_in_Java, id=7324, stack(0x000000005b8f0000,0x000000005b9f0000)]
  0x0000000057371800 JavaThread "Tomcat-startStop-1" daemon [_thread_blocked, id=11244, stack(0x000000005b6d0000,0x000000005b7d0000)]
  0x0000000058cbd000 JavaThread "Thread-3" [_thread_in_native, id=6696, stack(0x000000005a600000,0x000000005a700000)]
  0x0000000058a32000 JavaThread "Thread-2" [_thread_blocked, id=5844, stack(0x000000005a4d0000,0x000000005a5d0000)]
  0x00000000576b9800 JavaThread "NonBlockingInputStreamThread" daemon [_thread_blocked, id=11692, stack(0x0000000057d00000,0x0000000057e00000)]
  0x000000005661a800 JavaThread "Service Thread" daemon [_thread_blocked, id=10076, stack(0x0000000056f40000,0x0000000057040000)]
  0x00000000564e5000 JavaThread "C1 CompilerThread2" daemon [_thread_blocked, id=10416, stack(0x0000000056d30000,0x0000000056e30000)]
=>0x00000000564e3000 JavaThread "C2 CompilerThread1" daemon [_thread_in_native, id=3020, stack(0x0000000056ba0000,0x0000000056ca0000)]
  0x00000000564ec000 JavaThread "C2 CompilerThread0" daemon [_thread_in_native, id=1544, stack(0x00000000569f0000,0x0000000056af0000)]
  0x00000000563f9000 JavaThread "Attach Listener" daemon [_thread_blocked, id=9468, stack(0x0000000056830000,0x0000000056930000)]
  0x0000000054df7800 JavaThread "Signal Dispatcher" daemon [_thread_blocked, id=7520, stack(0x0000000055e00000,0x0000000055f00000)]
  0x0000000054d91000 JavaThread "Finalizer" daemon [_thread_blocked, id=1436, stack(0x00000000562f0000,0x00000000563f0000)]
  0x0000000054d8c000 JavaThread "Reference Handler" daemon [_thread_blocked, id=6488, stack(0x0000000056040000,0x0000000056140000)]
  0x000000000295a000 JavaThread "main" [_thread_blocked, id=10712, stack(0x0000000002c00000,0x0000000002d00000)]

Other Threads:
  0x0000000054d88800 VMThread [stack: 0x0000000055f10000,0x0000000056010000] [id=10824]
  0x000000005661e800 WatcherThread [stack: 0x0000000057130000,0x0000000057230000] [id=8768]

VM state:not at safepoint (normal execution)

VM Mutex/Monitor currently owned by a thread: None

Heap:
 PSYoungGen      total 238592K, used 218444K [0x00000000f0000000, 0x0000000100000000, 0x0000000100000000)
  eden space 220160K, 91% used [0x00000000f0000000,0x00000000fc49f480,0x00000000fd700000)
  from space 18432K, 92% used [0x00000000fee00000,0x00000000ffeb3d78,0x0000000100000000)
  to   space 20992K, 0% used [0x00000000fd700000,0x00000000fd700000,0x00000000feb80000)
 ParOldGen       total 117248K, used 98249K [0x00000000d0000000, 0x00000000d7280000, 0x00000000f0000000)
  object space 117248K, 83% used [0x00000000d0000000,0x00000000d5ff2598,0x00000000d7280000)
 Metaspace       used 65514K, capacity 67212K, committed 67584K, reserved 1110016K
  class space    used 7093K, capacity 7573K, committed 7680K, reserved 1048576K

Card table byte_map: [0x0000000012280000,0x0000000012410000] byte_map_base: 0x0000000011c00000

Marking Bits: (ParMarkBitMap*) 0x000000005af612b0
 Begin Bits: [0x0000000012a80000, 0x0000000013680000)
 End Bits:   [0x0000000013680000, 0x0000000014280000)

Polling page: 0x00000000002a0000

CodeCache: size=245760Kb used=22474Kb max_used=22513Kb free=223285Kb
 bounds [0x0000000002ec0000, 0x00000000044e0000, 0x0000000011ec0000]
 total_blobs=6455 nmethods=5695 adapters=671
 compilation: enabled

Compilation events (10 events):
Event: 59.854 Thread 0x00000000564e5000 6525       2       sun.reflect.ClassFileAssembler::opc_checkcast (12 bytes)
Event: 59.854 Thread 0x00000000564e5000 nmethod 6525 0x000000000448c550 code [0x000000000448c6e0, 0x000000000448c968]
Event: 59.855 Thread 0x00000000564e3000 nmethod 6482 0x00000000044b4f10 code [0x00000000044b5440, 0x00000000044b88c0]
Event: 59.855 Thread 0x00000000564e3000 6523       4       groovy.lang.MetaClassImpl::findPropertyMethod (356 bytes)
Event: 59.857 Thread 0x00000000564e5000 6526       2       org.springframework.beans.BeanWrapperImpl::getPropertyValue (23 bytes)
Event: 59.857 Thread 0x00000000564e5000 nmethod 6526 0x000000000448bf90 code [0x000000000448c120, 0x000000000448c368]
Event: 59.857 Thread 0x00000000564e5000 6527       1       org.codehaus.groovy.runtime.metaclass.ClosureStaticMetaMethod::getName (5 bytes)
Event: 59.858 Thread 0x00000000564e5000 nmethod 6527 0x00000000038a3d10 code [0x00000000038a3e60, 0x00000000038a3f70]
Event: 59.864 Thread 0x00000000564e5000 6528       2       groovy.lang.MetaClassImpl::addMetaMethodToIndex (65 bytes)
Event: 59.865 Thread 0x00000000564e5000 nmethod 6528 0x000000000448b8d0 code [0x000000000448ba80, 0x000000000448bd58]

GC Heap History (10 events):
Event: 51.646 GC heap before
{Heap before GC invocations=51 (full 6):
 PSYoungGen      total 248320K, used 247918K [0x00000000f0000000, 0x0000000100000000, 0x0000000100000000)
  eden space 237568K, 100% used [0x00000000f0000000,0x00000000fe800000,0x00000000fe800000)
  from space 10752K, 96% used [0x00000000ff480000,0x00000000ffe9b950,0x00000000fff00000)
  to   space 12288K, 0% used [0x00000000fe800000,0x00000000fe800000,0x00000000ff400000)
 ParOldGen       total 98304K, used 79621K [0x00000000d0000000, 0x00000000d6000000, 0x00000000f0000000)
  object space 98304K, 80% used [0x00000000d0000000,0x00000000d4dc17d8,0x00000000d6000000)
 Metaspace       used 59809K, capacity 61326K, committed 61696K, reserved 1103872K
  class space    used 6373K, capacity 6826K, committed 6912K, reserved 1048576K
Event: 51.708 GC heap after
Heap after GC invocations=51 (full 6):
 PSYoungGen      total 249856K, used 12288K [0x00000000f0000000, 0x0000000100000000, 0x0000000100000000)
  eden space 237568K, 0% used [0x00000000f0000000,0x00000000f0000000,0x00000000fe800000)
  from space 12288K, 100% used [0x00000000fe800000,0x00000000ff400000,0x00000000ff400000)
  to   space 12288K, 0% used [0x00000000ff400000,0x00000000ff400000,0x0000000100000000)
 ParOldGen       total 98304K, used 82404K [0x00000000d0000000, 0x00000000d6000000, 0x00000000f0000000)
  object space 98304K, 83% used [0x00000000d0000000,0x00000000d50791e0,0x00000000d6000000)
 Metaspace       used 59809K, capacity 61326K, committed 61696K, reserved 1103872K
  class space    used 6373K, capacity 6826K, committed 6912K, reserved 1048576K
}
Event: 53.899 GC heap before
{Heap before GC invocations=52 (full 6):
 PSYoungGen      total 249856K, used 249856K [0x00000000f0000000, 0x0000000100000000, 0x0000000100000000)
  eden space 237568K, 100% used [0x00000000f0000000,0x00000000fe800000,0x00000000fe800000)
  from space 12288K, 100% used [0x00000000fe800000,0x00000000ff400000,0x00000000ff400000)
  to   space 12288K, 0% used [0x00000000ff400000,0x00000000ff400000,0x0000000100000000)
 ParOldGen       total 98304K, used 82404K [0x00000000d0000000, 0x00000000d6000000, 0x00000000f0000000)
  object space 98304K, 83% used [0x00000000d0000000,0x00000000d50791e0,0x00000000d6000000)
 Metaspace       used 61026K, capacity 62642K, committed 62848K, reserved 1105920K
  class space    used 6539K, capacity 7000K, committed 7040K, reserved 1048576K
Event: 53.954 GC heap after
Heap after GC invocations=52 (full 6):
 PSYoungGen      total 234496K, used 12256K [0x00000000f0000000, 0x0000000100000000, 0x0000000100000000)
  eden space 222208K, 0% used [0x00000000f0000000,0x00000000f0000000,0x00000000fd900000)
  from space 12288K, 99% used [0x00000000ff400000,0x00000000ffff8020,0x0000000100000000)
  to   space 19968K, 0% used [0x00000000fd900000,0x00000000fd900000,0x00000000fec80000)
 ParOldGen       total 98304K, used 90768K [0x00000000d0000000, 0x00000000d6000000, 0x00000000f0000000)
  object space 98304K, 92% used [0x00000000d0000000,0x00000000d58a42c0,0x00000000d6000000)
 Metaspace       used 61026K, capacity 62642K, committed 62848K, reserved 1105920K
  class space    used 6539K, capacity 7000K, committed 7040K, reserved 1048576K
}
Event: 53.954 GC heap before
{Heap before GC invocations=53 (full 7):
 PSYoungGen      total 234496K, used 12256K [0x00000000f0000000, 0x0000000100000000, 0x0000000100000000)
  eden space 222208K, 0% used [0x00000000f0000000,0x00000000f0000000,0x00000000fd900000)
  from space 12288K, 99% used [0x00000000ff400000,0x00000000ffff8020,0x0000000100000000)
  to   space 19968K, 0% used [0x00000000fd900000,0x00000000fd900000,0x00000000fec80000)
 ParOldGen       total 98304K, used 90768K [0x00000000d0000000, 0x00000000d6000000, 0x00000000f0000000)
  object space 98304K, 92% used [0x00000000d0000000,0x00000000d58a42c0,0x00000000d6000000)
 Metaspace       used 61026K, capacity 62642K, committed 62848K, reserved 1105920K
  class space    used 6539K, capacity 7000K, committed 7040K, reserved 1048576K
Event: 55.399 GC heap after
Heap after GC invocations=53 (full 7):
 PSYoungGen      total 234496K, used 2517K [0x00000000f0000000, 0x0000000100000000, 0x0000000100000000)
  eden space 222208K, 0% used [0x00000000f0000000,0x00000000f0000000,0x00000000fd900000)
  from space 12288K, 20% used [0x00000000ff400000,0x00000000ff675440,0x0000000100000000)
  to   space 19968K, 0% used [0x00000000fd900000,0x00000000fd900000,0x00000000fec80000)
 ParOldGen       total 117248K, used 98081K [0x00000000d0000000, 0x00000000d7280000, 0x00000000f0000000)
  object space 117248K, 83% used [0x00000000d0000000,0x00000000d5fc8598,0x00000000d7280000)
 Metaspace       used 61026K, capacity 62642K, committed 62848K, reserved 1105920K
  class space    used 6539K, capacity 7000K, committed 7040K, reserved 1048576K
}
Event: 56.929 GC heap before
{Heap before GC invocations=54 (full 7):
 PSYoungGen      total 234496K, used 224029K [0x00000000f0000000, 0x0000000100000000, 0x0000000100000000)
  eden space 222208K, 99% used [0x00000000f0000000,0x00000000fd8520d8,0x00000000fd900000)
  from space 12288K, 20% used [0x00000000ff400000,0x00000000ff675440,0x0000000100000000)
  to   space 19968K, 0% used [0x00000000fd900000,0x00000000fd900000,0x00000000fec80000)
 ParOldGen       total 117248K, used 98081K [0x00000000d0000000, 0x00000000d7280000, 0x00000000f0000000)
  object space 117248K, 83% used [0x00000000d0000000,0x00000000d5fc8598,0x00000000d7280000)
 Metaspace       used 62469K, capacity 64048K, committed 64384K, reserved 1105920K
  class space    used 6691K, capacity 7169K, committed 7296K, reserved 1048576K
Event: 57.064 GC heap after
Heap after GC invocations=54 (full 7):
 PSYoungGen      total 242176K, used 7234K [0x00000000f0000000, 0x0000000100000000, 0x0000000100000000)
  eden space 222208K, 0% used [0x00000000f0000000,0x00000000f0000000,0x00000000fd900000)
  from space 19968K, 36% used [0x00000000fd900000,0x00000000fe0109e0,0x00000000fec80000)
  to   space 18432K, 0% used [0x00000000fee00000,0x00000000fee00000,0x0000000100000000)
 ParOldGen       total 117248K, used 98249K [0x00000000d0000000, 0x00000000d7280000, 0x00000000f0000000)
  object space 117248K, 83% used [0x00000000d0000000,0x00000000d5ff2598,0x00000000d7280000)
 Metaspace       used 62469K, capacity 64048K, committed 64384K, reserved 1105920K
  class space    used 6691K, capacity 7169K, committed 7296K, reserved 1048576K
}
Event: 58.665 GC heap before
{Heap before GC invocations=55 (full 7):
 PSYoungGen      total 242176K, used 223146K [0x00000000f0000000, 0x0000000100000000, 0x0000000100000000)
  eden space 222208K, 97% used [0x00000000f0000000,0x00000000fd2da110,0x00000000fd900000)
  from space 19968K, 36% used [0x00000000fd900000,0x00000000fe0109e0,0x00000000fec80000)
  to   space 18432K, 0% used [0x00000000fee00000,0x00000000fee00000,0x0000000100000000)
 ParOldGen       total 117248K, used 98249K [0x00000000d0000000, 0x00000000d7280000, 0x00000000f0000000)
  object space 117248K, 83% used [0x00000000d0000000,0x00000000d5ff2598,0x00000000d7280000)
 Metaspace       used 64461K, capacity 66070K, committed 66432K, reserved 1107968K
  class space    used 6959K, capacity 7433K, committed 7552K, reserved 1048576K
Event: 58.718 GC heap after
Heap after GC invocations=55 (full 7):
 PSYoungGen      total 238592K, used 17103K [0x00000000f0000000, 0x0000000100000000, 0x0000000100000000)
  eden space 220160K, 0% used [0x00000000f0000000,0x00000000f0000000,0x00000000fd700000)
  from space 18432K, 92% used [0x00000000fee00000,0x00000000ffeb3d78,0x0000000100000000)
  to   space 20992K, 0% used [0x00000000fd700000,0x00000000fd700000,0x00000000feb80000)
 ParOldGen       total 117248K, used 98249K [0x00000000d0000000, 0x00000000d7280000, 0x00000000f0000000)
  object space 117248K, 83% used [0x00000000d0000000,0x00000000d5ff2598,0x00000000d7280000)
 Metaspace       used 64461K, capacity 66070K, committed 66432K, reserved 1107968K
  class space    used 6959K, capacity 7433K, committed 7552K, reserved 1048576K
}

Deoptimization events (10 events):
Event: 52.466 Thread 0x000000005724a800 Uncommon trap: reason=null_assert action=make_not_entrant pc=0x0000000003bfca68 method=java.util.concurrent.ConcurrentHashMap.transfer([Ljava/util/concurrent/ConcurrentHashMap$Node;[Ljava/util/concurrent/ConcurrentHashMap$Node;)V @ 557
Event: 56.342 Thread 0x000000005724a800 Uncommon trap: reason=unloaded action=reinterpret pc=0x0000000003d7f93c method=org.springframework.core.BridgeMethodResolver.findBridgedMethod(Ljava/lang/reflect/Method;)Ljava/lang/reflect/Method; @ 13
Event: 56.872 Thread 0x000000005724a800 Uncommon trap: reason=unreached action=reinterpret pc=0x0000000003383c34 method=org.springframework.util.ObjectUtils.nullSafeEquals(Ljava/lang/Object;Ljava/lang/Object;)Z @ 12
Event: 57.149 Thread 0x000000005724a800 Uncommon trap: reason=null_check action=make_not_entrant pc=0x00000000042d2e58 method=org.springsource.loaded.ri.ReloadableTypeMethodProvider.getMethod(Ljava/lang/String;[Ljava/lang/Class;)Lorg/springsource/loaded/ri/Invoker; @ 28
Event: 57.189 Thread 0x000000005724a800 Uncommon trap: reason=unreached action=reinterpret pc=0x0000000003bc9db0 method=org.codehaus.groovy.runtime.metaclass.MetaMethodIndex.getMethods(Ljava/lang/Class;Ljava/lang/String;)Lorg/codehaus/groovy/runtime/metaclass/MetaMethodIndex$Entry; @ 61
Event: 58.446 Thread 0x000000005724a800 Uncommon trap: reason=null_check action=make_not_entrant pc=0x0000000004413a10 method=org.springframework.beans.ExtendedBeanInfo.isCandidateWriteMethod(Ljava/lang/reflect/Method;)Z @ 47
Event: 58.810 Thread 0x000000005724a800 Uncommon trap: reason=unreached action=reinterpret pc=0x00000000044436a8 method=org.springframework.util.ObjectUtils.nullSafeEquals(Ljava/lang/Object;Ljava/lang/Object;)Z @ 8
Event: 59.716 Thread 0x000000005724a800 Uncommon trap: reason=class_check action=maybe_recompile pc=0x00000000038a1dec method=groovy.lang.MetaClassImpl.isGenericGetMethod(Lgroovy/lang/MetaMethod;)Z @ 14
Event: 59.717 Thread 0x000000005724a800 Uncommon trap: reason=class_check action=maybe_recompile pc=0x00000000038a1dec method=groovy.lang.MetaClassImpl.isGenericGetMethod(Lgroovy/lang/MetaMethod;)Z @ 14
Event: 59.858 Thread 0x000000005724a800 Uncommon trap: reason=unreached action=reinterpret pc=0x00000000044b82a4 method=org.codehaus.groovy.runtime.metaclass.MetaMethodIndex.isNonRealMethod(Lgroovy/lang/MetaMethod;)Z @ 32

Internal exceptions (10 events):
Event: 59.884 Thread 0x000000005724a800 Exception <a 'java/security/PrivilegedActionException'> (0x00000000fb586ec8) thrown at [C:\re\workspace\8-2-build-windows-amd64-cygwin\jdk8u11\648\hotspot\src\share\vm\prims\jvm.cpp, line 1248]
Event: 59.884 Thread 0x000000005724a800 Exception <a 'java/security/PrivilegedActionException'> (0x00000000fb58be60) thrown at [C:\re\workspace\8-2-build-windows-amd64-cygwin\jdk8u11\648\hotspot\src\share\vm\prims\jvm.cpp, line 1248]
Event: 59.884 Thread 0x000000005724a800 Exception <a 'java/security/PrivilegedActionException'> (0x00000000fb59f218) thrown at [C:\re\workspace\8-2-build-windows-amd64-cygwin\jdk8u11\648\hotspot\src\share\vm\prims\jvm.cpp, line 1248]
Event: 59.885 Thread 0x000000005724a800 Exception <a 'java/security/PrivilegedActionException'> (0x00000000fb5b7758) thrown at [C:\re\workspace\8-2-build-windows-amd64-cygwin\jdk8u11\648\hotspot\src\share\vm\prims\jvm.cpp, line 1248]
Event: 59.885 Thread 0x000000005724a800 Exception <a 'java/security/PrivilegedActionException'> (0x00000000fb5bc6f0) thrown at [C:\re\workspace\8-2-build-windows-amd64-cygwin\jdk8u11\648\hotspot\src\share\vm\prims\jvm.cpp, line 1248]
Event: 59.886 Thread 0x000000005724a800 Exception <a 'java/security/PrivilegedActionException'> (0x00000000fb5cfaa8) thrown at [C:\re\workspace\8-2-build-windows-amd64-cygwin\jdk8u11\648\hotspot\src\share\vm\prims\jvm.cpp, line 1248]
Event: 59.886 Thread 0x000000005724a800 Exception <a 'java/security/PrivilegedActionException'> (0x00000000fb5fa380) thrown at [C:\re\workspace\8-2-build-windows-amd64-cygwin\jdk8u11\648\hotspot\src\share\vm\prims\jvm.cpp, line 1248]
Event: 59.886 Thread 0x000000005724a800 Exception <a 'java/lang/ClassNotFoundException': org/grails/async/factory/gpars/GparsPromiseFactory$__clinit__closure1Customizer> (0x00000000fb5fb2d0) thrown at [C:\re\workspace\8-2-build-windows-amd64-cygwin\jdk8u11\648\hotspot\src\share\vm\classfile\systt°ìèÒM@
Event: 59.887 Thread 0x000000005724a800 Exception <a 'java/security/PrivilegedActionException'> (0x00000000fb607fa0) thrown at [C:\re\workspace\8-2-build-windows-amd64-cygwin\jdk8u11\648\hotspot\src\share\vm\prims\jvm.cpp, line 1248]
Event: 59.887 Thread 0x000000005724a800 Exception <a 'java/security/PrivilegedActionException'> (0x00000000fb60a790) thrown at [C:\re\workspace\8-2-build-windows-amd64-cygwin\jdk8u11\648\hotspot\src\share\vm\prims\jvm.cpp, line 1248]

Events (10 events):
Event: 59.884 loading class org/grails/async/factory/gpars/GparsPromiseFactory$__clinit__closure1BeanInfo
Event: 59.884 loading class org/grails/async/factory/gpars/GparsPromiseFactory$__clinit__closure1BeanInfo done
Event: 59.884 loading class org/grails/async/factory/gpars/GparsPromiseFactory$__clinit__closure1Customizer
Event: 59.884 loading class org/grails/async/factory/gpars/GparsPromiseFactory$__clinit__closure1Customizer done
Event: 59.885 loading class org/grails/async/factory/gpars/GparsPromiseFactory$__clinit__closure1Customizer
Event: 59.885 loading class org/grails/async/factory/gpars/GparsPromiseFactory$__clinit__closure1Customizer done
Event: 59.886 loading class org/grails/async/factory/gpars/GparsPromiseFactory$__clinit__closure1Customizer
Event: 59.886 loading class org/grails/async/factory/gpars/GparsPromiseFactory$__clinit__closure1Customizer done
Event: 59.887 loading class groovyx/gpars/GParsConfig
Event: 59.887 loading class groovyx/gpars/GParsConfig done


Dynamic libraries:
0x000000013fdd0000 - 0x000000013fe04000 	C:\Program Files\Java\jdk1.8.0_11\bin\java.exe
0x0000000077980000 - 0x0000000077b29000 	C:\Windows\SYSTEM32\ntdll.dll
0x0000000077860000 - 0x000000007797f000 	C:\Windows\system32\kernel32.dll
0x000007fefe140000 - 0x000007fefe1ac000 	C:\Windows\system32\KERNELBASE.dll
0x000007feff400000 - 0x000007feff4db000 	C:\Windows\system32\ADVAPI32.dll
0x000007feffb10000 - 0x000007feffbaf000 	C:\Windows\system32\msvcrt.dll
0x000007feffae0000 - 0x000007feffaff000 	C:\Windows\SYSTEM32\sechost.dll
0x000007fefef40000 - 0x000007feff06d000 	C:\Windows\system32\RPCRT4.dll
0x0000000077280000 - 0x000000007737a000 	C:\Windows\system32\USER32.dll
0x000007feffc20000 - 0x000007feffc87000 	C:\Windows\system32\GDI32.dll
0x000007feffc10000 - 0x000007feffc1e000 	C:\Windows\system32\LPK.dll
0x000007feff560000 - 0x000007feff629000 	C:\Windows\system32\USP10.dll
0x000007fefc3e0000 - 0x000007fefc5d4000 	C:\Windows\WinSxS\amd64_microsoft.windows.common-controls_6595b64144ccf1df_6.0.7601.17514_none_fa396087175ac9ac\COMCTL32.dll
0x000007feff4e0000 - 0x000007feff551000 	C:\Windows\system32\SHLWAPI.dll
0x000007feff110000 - 0x000007feff13e000 	C:\Windows\system32\IMM32.DLL
0x000007feff720000 - 0x000007feff829000 	C:\Windows\system32\MSCTF.dll
0x0000000180000000 - 0x000000018001c000 	C:\Windows\system32\btpload64.dll
0x0000000077b40000 - 0x0000000077b47000 	C:\Windows\system32\PSAPI.DLL
0x0000000000140000 - 0x000000000016c000 	C:\Windows\system32\privman64.dll
0x000007fefdd30000 - 0x000007fefdd3c000 	C:\Windows\system32\VERSION.dll
0x000007fefe1b0000 - 0x000007fefef39000 	C:\Windows\system32\SHELL32.dll
0x000007fefdd10000 - 0x000007fefdd2e000 	C:\Windows\system32\USERENV.dll
0x000007fefdde0000 - 0x000007fefddef000 	C:\Windows\system32\profapi.dll
0x000000006e110000 - 0x000000006e1e2000 	C:\Program Files\Java\jdk1.8.0_11\jre\bin\msvcr100.dll
0x000000005a7b0000 - 0x000000005afda000 	C:\Program Files\Java\jdk1.8.0_11\jre\bin\server\jvm.dll
0x000007fefd2c0000 - 0x000007fefd2c9000 	C:\Windows\system32\WSOCK32.dll
0x000007feff6d0000 - 0x000007feff71d000 	C:\Windows\system32\WS2_32.dll
0x000007feffb00000 - 0x000007feffb08000 	C:\Windows\system32\NSI.dll
0x000007fefb930000 - 0x000007fefb96b000 	C:\Windows\system32\WINMM.dll
0x0000000070860000 - 0x000000007086f000 	C:\Program Files\Java\jdk1.8.0_11\jre\bin\verify.dll
0x0000000070830000 - 0x0000000070858000 	C:\Program Files\Java\jdk1.8.0_11\jre\bin\java.dll
0x000000006f860000 - 0x000000006f883000 	C:\Program Files\Java\jdk1.8.0_11\jre\bin\instrument.dll
0x0000000070680000 - 0x0000000070696000 	C:\Program Files\Java\jdk1.8.0_11\jre\bin\zip.dll
0x000007feff830000 - 0x000007feffa33000 	C:\Windows\system32\ole32.dll
0x000007fefd680000 - 0x000007fefd697000 	C:\Windows\system32\CRYPTSP.dll
0x000007fefd380000 - 0x000007fefd3c7000 	C:\Windows\system32\rsaenh.dll
0x000007fefdce0000 - 0x000007fefdcef000 	C:\Windows\system32\CRYPTBASE.dll
0x0000000070660000 - 0x000000007067a000 	C:\Program Files\Java\jdk1.8.0_11\jre\bin\net.dll
0x000007fefd620000 - 0x000007fefd675000 	C:\Windows\system32\mswsock.dll
0x000007fefd610000 - 0x000007fefd617000 	C:\Windows\System32\wship6.dll
0x000007fefcd80000 - 0x000007fefcda7000 	C:\Windows\system32\IPHLPAPI.DLL
0x000007fefcd70000 - 0x000007fefcd7b000 	C:\Windows\system32\WINNSI.DLL
0x000007fefb3d0000 - 0x000007fefb3e8000 	C:\Windows\system32\dhcpcsvc.DLL
0x000007fefb3b0000 - 0x000007fefb3c1000 	C:\Windows\system32\dhcpcsvc6.DLL
0x0000000070640000 - 0x0000000070651000 	C:\Program Files\Java\jdk1.8.0_11\jre\bin\nio.dll
0x000007fefb1f0000 - 0x000007fefb1fa000 	C:\Users\rgopal\AppData\Local\Temp\jansi-64-2584840320037403123.dll
0x0000000070590000 - 0x000000007059d000 	C:\Program Files\Java\jdk1.8.0_11\jre\bin\management.dll
0x000007fefce80000 - 0x000007fefce87000 	C:\Windows\System32\wshtcpip.dll
0x000007fefd4a0000 - 0x000007fefd4fb000 	C:\Windows\system32\DNSAPI.dll
0x0000000074fa0000 - 0x0000000074fc6000 	C:\Program Files\Bonjour\mdnsNSP.dll
0x000007fefb340000 - 0x000007fefb348000 	C:\Windows\system32\rasadhlp.dll
0x000007fefb350000 - 0x000007fefb3a3000 	C:\Windows\System32\fwpuclnt.dll
0x000007fefb450000 - 0x000007fefb465000 	C:\Windows\system32\NLAapi.dll
0x000007fefb430000 - 0x000007fefb445000 	C:\Windows\system32\napinsp.dll
0x000007fefb410000 - 0x000007fefb429000 	C:\Windows\system32\pnrpnsp.dll
0x000007fefb400000 - 0x000007fefb40b000 	C:\Windows\System32\winrnr.dll
0x000007fefb3f0000 - 0x000007fefb400000 	C:\Windows\system32\wshbth.dll
0x000007fef6a90000 - 0x000007fef6bb5000 	C:\Windows\system32\dbghelp.dll

VM Arguments:
jvm_args: -Dfile.encoding=UTF-8 -Xmx768M -Xms64M -Dgrails.fork.parent.process.port=55653 -Dgrails.fork.active=true -Dgrails.build.execution.context=C:\Users\rgopal\AppData\Local\Temp\central901379548294649332grails-execution-context -Dgrails.home=C:\Users\rgopal\Documents\grails-2.4.4\grails-2.4.4 -javaagent:C:\Users\rgopal\Documents\grails-2.4.4\grails-2.4.4\lib\org.springframework\springloaded\jars\springloaded-1.2.1.RELEASE.jar -Xverify:none -Dspringloaded.synchronize=true -Djdk.reflect.allowGetCallerClass=true -Dspringloaded=profile=grails;cacheDir=C:\Users\rgopal/.grails/2.4.4/ 
java_command: org.grails.plugins.tomcat.fork.ForkedTomcatServer
java_class_path (initial): C:\Program Files\Java\jdk1.8.0_11\lib\tools.jar;C:\Users\rgopal\Documents\grails-2.4.4\grails-2.4.4\lib\org.codehaus.groovy\groovy-all\jars\groovy-all-2.3.7.jar;C:\Users\rgopal\Documents\grails-2.4.4\grails-2.4.4\lib\org.slf4j\jcl-over-slf4j\jars\jcl-over-slf4j-1.7.5.jar;C:\Users\rgopal\Documents\grails-2.4.4\grails-2.4.4\lib\org.codehaus.gant\gant_groovy1.8\jars\gant_groovy1.8-1.9.6.jar;C:\Users\rgopal\Documents\grails-2.4.4\grails-2.4.4\lib\org.apache.tomcat.embed\tomcat-embed-logging-log4j\jars\tomcat-embed-logging-log4j-7.0.50.jar;C:\Users\rgopal\Documents\grails-2.4.4\grails-2.4.4\dist\grails-plugin-log4j-2.4.4.jar;C:\Users\rgopal\Documents\grails-2.4.4\grails-2.4.4\lib\log4j\log4j\jars\log4j-1.2.17.jar;C:\Users\rgopal\Documents\grails-2.4.4\grails-2.4.4\dist\grails-bootstrap-2.4.4.jar;C:\Users\rgopal\Documents\grails-2.4.4\grails-2.4.4\lib\org.slf4j\slf4j-api\jars\slf4j-api-1.7.5.jar;C:\Users\rgopal\Documents\grails-2.4.4\grails-2.4.4\lib\jline\jline\jars\jline-2.12.jar;C:\Users\rgopal\Documents\grails-2.4.4\grails-2.4.4\lib\org.apache.ant\ant\jars\ant-1.8.4.jar;C:\Users\rgopal\Documents\grails-2.4.4\grails-2.4.4\lib\org.apache.ant\ant-launcher\jars\ant-launcher-1.8.4.jar;C:\Users\rgopal\Documents\grails-2.4.4\grails-2.4.4\lib\org.apache.ant\ant-trax\jars\ant-trax-1.7.1.jar;C:\Users\rgopal\Documents\grails-2.4.4\grails-2.4.4\lib\org.apache.ant\ant-junit\jars\ant-junit-1.8.4.jar;C:\Users\rgopal\Documents\grails-2.4.4\grails-2.4.4\lib\org.apache.ivy\ivy\jars\ivy-2.3.0.jar;C:\Users\rgopal\Documents\grails-2.4.4\grails-2.4.4\lib\org.fusesource.jansi\jansi\jars\jansi-1.11.jar;C:\Users\rgopal\.m2\repository\org\apache\tomcat\tomcat-catalina-ant\7.0.55\tomcat-catalina-ant-7.0.55.jar;C:\Users\rgopal\.m2\repository\org\apache\tomcat\embed\tomcat-embed-jasper\7.0.55\tomcat-embed-jasper-7.0.55.jar;C:\Users\rgopal\.m2\repository\org\apache\tomcat\embed\tomcat-embed-el\7.0.55\tomcat-embed-el-7.0.55.jar;C:\Users\rgopal\.m2\repository\org\apache\
Launcher Type: SUN_STANDARD

Environment Variables:
JAVA_HOME=C:\Program Files\Java\jdk1.8.0_11
PATH=C:\Windows\system32;C:\Windows;C:\Windows\System32\Wbem;C:\Windows\System32\WindowsPowerShell\v1.0\;C:\users\rgopal\My Documents\springsource\grails-2.3.5\bin\;c:\Program Files\Java\jdk1.7.0_51\bin\;C:\Program Files (x86)\MiKTeX 2.9\miktex\bin\
USERNAME=rgopal
OS=Windows_NT
PROCESSOR_IDENTIFIER=Intel64 Family 6 Model 37 Stepping 5, GenuineIntel



---------------  S Y S T E M  ---------------

OS: Windows 7 , 64 bit Build 7601 Service Pack 1

CPU:total 4 (2 cores per cpu, 2 threads per core) family 6 model 37 stepping 5, cmov, cx8, fxsr, mmx, sse, sse2, sse3, ssse3, sse4.1, sse4.2, popcnt, aes, clmul, ht, tsc, tscinvbit

Memory: 4k page, physical 8181608k(2029532k free), swap 16361352k(8352248k free)

vm_info: Java HotSpot(TM) 64-Bit Server VM (25.11-b03) for windows-amd64 JRE (1.8.0_11-b12), built on Jun 16 2014 20:57:32 by "java_re" with MS VC++ 10.0 (VS2010)

time: Thu Apr 09 22:36:18 2015
elapsed time: 59 seconds

