#
# A fatal error has been detected by the Java Runtime Environment:
#
#  EXCEPTION_ACCESS_VIOLATION (0xc0000005) at pc=0x0000000063dd4db2, pid=2868, tid=7592
#
# JRE version: Java(TM) SE Runtime Environment (8.0_11-b12) (build 1.8.0_11-b12)
# Java VM: Java HotSpot(TM) 64-Bit Server VM (25.11-b03 mixed mode windows-amd64 compressed oops)
# Problematic frame:
# V  [jvm.dll+0x424db2]
#
# Failed to write core dump. Minidumps are not enabled by default on client versions of Windows
#
# If you would like to submit a bug report, please visit:
#   http://bugreport.sun.com/bugreport/crash.jsp
#

---------------  T H R E A D  ---------------

Current thread (0x0000000056363000):  JavaThread "C2 CompilerThread0" daemon [_thread_in_native, id=7592, stack(0x0000000056690000,0x0000000056790000)]

siginfo: ExceptionCode=0xc0000005, reading address 0x0000000000000000

Registers:
RAX=0x00000000565795a8, RBX=0x0000000000000600, RCX=0x0000000000000000, RDX=0x000000005bdadf90
RSP=0x000000005678bfe0, RBP=0x00000000000000c0, RSI=0x00000000000000b8, RDI=0x0000000000000000
R8 =0x00000000639b0000, R9 =0x000000005678c300, R10=0x00000000ffffffff, R11=0x000000005636a8b0
R12=0x0000000056579cc0, R13=0x0000000059d4a138, R14=0x0000000000000008, R15=0x0000000059d4a138
RIP=0x0000000063dd4db2, EFLAGS=0x0000000000010206

Top of Stack: (sp=0x000000005678bfe0)
0x000000005678bfe0:   00000000000000dc 000000005bda95f0
0x000000005678bff0:   0000000000000000 0000000059550e58
0x000000005678c000:   0000000000000001 0000000000000600
0x000000005678c010:   0000000000000180 00000000000000c0
0x000000005678c020:   00000000572981b0 0000000056366370
0x000000005678c030:   0000000000000738 000000005bda95f0
0x000000005678c040:   000000005678c300 0000000056576630
0x000000005678c050:   0000000000000020 0000000000000009
0x000000005678c060:   0000000056579c90 00000000000000dc
0x000000005678c070:   0000000059d4a138 0000000063dd598d
0x000000005678c080:   0000000056579c90 000000000000001c
0x000000005678c090:   00000000000000dc 000000005678c300
0x000000005678c0a0:   000000005bdadf90 00000000000000dc
0x000000005678c0b0:   0000000056576630 0000000000000020
0x000000005678c0c0:   0000000057a61c48 000000005678e670
0x000000005678c0d0:   0000000057a62278 0000000056579c90 

Instructions: (pc=0x0000000063dd4db2)
0x0000000063dd4d92:   c6 48 63 f0 48 03 f1 eb 04 48 83 ce ff 48 8b 84
0x0000000063dd4da2:   24 a0 00 00 00 48 8b 40 08 48 8b 3c 03 48 8b cf
0x0000000063dd4db2:   48 8b 07 ff 50 28 4c 8d 05 41 b2 bd ff 48 63 50
0x0000000063dd4dc2:   10 4c 8b d8 48 8b ca 48 c1 e1 05 42 80 bc 01 c0 


Register to memory mapping:

RAX=0x00000000565795a8 is an unknown value
RBX=0x0000000000000600 is an unknown value
RCX=0x0000000000000000 is an unknown value
RDX=0x000000005bdadf90 is an unknown value
RSP=0x000000005678bfe0 is pointing into the stack for thread: 0x0000000056363000
RBP=0x00000000000000c0 is an unknown value
RSI=0x00000000000000b8 is an unknown value
RDI=0x0000000000000000 is an unknown value
R8 =0x00000000639b0000 is an unknown value
R9 =0x000000005678c300 is pointing into the stack for thread: 0x0000000056363000
R10=0x00000000ffffffff is an unknown value
R11=0x000000005636a8b0 is an unknown value
R12=0x0000000056579cc0 is an unknown value
R13=0x0000000059d4a138 is an unknown value
R14=0x0000000000000008 is an unknown value
R15=0x0000000059d4a138 is an unknown value


Stack: [0x0000000056690000,0x0000000056790000],  sp=0x000000005678bfe0,  free space=1007k
Native frames: (J=compiled Java code, j=interpreted, Vv=VM code, C=native code)
V  [jvm.dll+0x424db2]
V  [jvm.dll+0x42598d]
V  [jvm.dll+0x425ecf]
V  [jvm.dll+0x4c5a84]
V  [jvm.dll+0x4415bc]
V  [jvm.dll+0x443a29]
V  [jvm.dll+0x427722]
V  [jvm.dll+0x96982]
V  [jvm.dll+0x97173]
V  [jvm.dll+0x2234b4]
V  [jvm.dll+0x27bcca]
C  [msvcr100.dll+0x21d9f]
C  [msvcr100.dll+0x21e3b]
C  [kernel32.dll+0x159ed]
C  [ntdll.dll+0x2c541]


Current CompileTask:
C2:  60776 7556       4       groovy.lang.MetaClassImpl::findPropertyMethod (356 bytes)


---------------  P R O C E S S  ---------------

Java Threads: ( => current thread )
  0x000000005663b800 JavaThread "net.sf.ehcache.CacheManager@35d7273b" daemon [_thread_blocked, id=8708, stack(0x000000005efd0000,0x000000005f0d0000)]
  0x000000005663b000 JavaThread "com.oumuo.SecurityGroup.data" daemon [_thread_blocked, id=10292, stack(0x0000000060030000,0x0000000060130000)]
  0x0000000056638800 JavaThread "com.oumuo.Authority.data" daemon [_thread_blocked, id=2892, stack(0x000000005e8c0000,0x000000005e9c0000)]
  0x0000000056638000 JavaThread "net.sf.ehcache.CacheManager@3a78030a" daemon [_thread_blocked, id=8292, stack(0x000000005fbe0000,0x000000005fce0000)]
  0x0000000056510000 JavaThread "PoolCleaner[192694377:1430062963360]" daemon [_thread_blocked, id=6892, stack(0x000000005f0f0000,0x000000005f1f0000)]
  0x0000000059ea6800 JavaThread "FileSystemWatcher: files=#311 cl=groovy.lang.GroovyClassLoader@b7c4869" daemon [_thread_blocked, id=6420, stack(0x000000005aec0000,0x000000005afc0000)]
  0x000000005959c800 JavaThread "localhost-startStop-1" daemon [_thread_blocked, id=10788, stack(0x000000005adc0000,0x000000005aec0000)]
  0x00000000588df800 JavaThread "Tomcat-startStop-1" daemon [_thread_blocked, id=6328, stack(0x000000005aca0000,0x000000005ada0000)]
  0x00000000591c0000 JavaThread "Thread-3" [_thread_in_native, id=10364, stack(0x000000005a740000,0x000000005a840000)]
  0x0000000057e20000 JavaThread "Thread-2" [_thread_blocked, id=8544, stack(0x000000005a320000,0x000000005a420000)]
  0x0000000057103800 JavaThread "NonBlockingInputStreamThread" daemon [_thread_blocked, id=10592, stack(0x0000000057560000,0x0000000057660000)]
  0x00000000564f7800 JavaThread "Service Thread" daemon [_thread_blocked, id=8472, stack(0x0000000056c00000,0x0000000056d00000)]
  0x00000000563ac000 JavaThread "C1 CompilerThread2" daemon [_thread_blocked, id=10780, stack(0x0000000012370000,0x0000000012470000)]
  0x00000000563aa000 JavaThread "C2 CompilerThread1" daemon [_thread_in_native, id=8584, stack(0x0000000056980000,0x0000000056a80000)]
=>0x0000000056363000 JavaThread "C2 CompilerThread0" daemon [_thread_in_native, id=7592, stack(0x0000000056690000,0x0000000056790000)]
  0x0000000056279000 JavaThread "Attach Listener" daemon [_thread_blocked, id=9132, stack(0x00000000567f0000,0x00000000568f0000)]
  0x0000000054d37800 JavaThread "Signal Dispatcher" daemon [_thread_blocked, id=10676, stack(0x0000000056030000,0x0000000056130000)]
  0x0000000054cd1000 JavaThread "Finalizer" daemon [_thread_blocked, id=6884, stack(0x0000000056170000,0x0000000056270000)]
  0x0000000054ccb800 JavaThread "Reference Handler" daemon [_thread_blocked, id=5392, stack(0x0000000055f10000,0x0000000056010000)]
  0x000000000293a000 JavaThread "main" [_thread_blocked, id=11064, stack(0x0000000002bb0000,0x0000000002cb0000)]

Other Threads:
  0x0000000054cc8000 VMThread [stack: 0x0000000055d10000,0x0000000055e10000] [id=5500]
  0x00000000564fc000 WatcherThread [stack: 0x0000000056af0000,0x0000000056bf0000] [id=5144]

VM state:at safepoint (normal execution)

VM Mutex/Monitor currently owned by a thread:  ([mutex/lock_event])
[0x0000000002938900] Threads_lock - owner thread: 0x0000000054cc8000
[0x0000000002938e00] Heap_lock - owner thread: 0x000000005959c800

Heap:
 PSYoungGen      total 222720K, used 221624K [0x00000000f0000000, 0x0000000100000000, 0x0000000100000000)
  eden space 193536K, 100% used [0x00000000f0000000,0x00000000fbd00000,0x00000000fbd00000)
  from space 29184K, 96% used [0x00000000fe380000,0x00000000ffeee3d8,0x0000000100000000)
  to   space 34304K, 21% used [0x00000000fbd00000,0x00000000fc43e678,0x00000000fde80000)
 ParOldGen       total 133632K, used 114507K [0x00000000d0000000, 0x00000000d8280000, 0x00000000f0000000)
  object space 133632K, 85% used [0x00000000d0000000,0x00000000d6fd2d88,0x00000000d8280000)
 Metaspace       used 72371K, capacity 74428K, committed 74752K, reserved 1116160K
  class space    used 7484K, capacity 8074K, committed 8192K, reserved 1048576K

Card table byte_map: [0x0000000002cb0000,0x0000000002e40000] byte_map_base: 0x0000000002630000

Marking Bits: (ParMarkBitMap*) 0x00000000641612b0
 Begin Bits: [0x0000000012b40000, 0x0000000013740000)
 End Bits:   [0x0000000013740000, 0x0000000014340000)

Polling page: 0x00000000002a0000

CodeCache: size=245760Kb used=23803Kb max_used=24501Kb free=221956Kb
 bounds [0x0000000002eb0000, 0x00000000046e0000, 0x0000000011eb0000]
 total_blobs=7152 nmethods=6388 adapters=675
 compilation: enabled

Compilation events (10 events):
Event: 60.690 Thread 0x0000000056363000 nmethod 7558 0x0000000003743b90 code [0x0000000003743d20, 0x0000000003744188]
Event: 60.690 Thread 0x0000000056363000 7577       4       org.codehaus.groovy.runtime.metaclass.MetaMethodIndex::isMatchingMethod (68 bytes)
Event: 60.692 Thread 0x0000000056363000 nmethod 7577 0x0000000003112c10 code [0x0000000003112d60, 0x0000000003112e98]
Event: 60.692 Thread 0x0000000056363000 7556       4       groovy.lang.MetaClassImpl::findPropertyMethod (356 bytes)
Event: 60.730 Thread 0x00000000563ac000 7585       1       org.codehaus.groovy.runtime.metaclass.ClosureStaticMetaMethod::getName (5 bytes)
Event: 60.730 Thread 0x00000000563ac000 nmethod 7585 0x000000000405cdd0 code [0x000000000405cf20, 0x000000000405d030]
Event: 60.730 Thread 0x00000000563ac000 7586 %     3       groovy.lang.ExpandoMetaClass$ExpandoMetaProperty::checkIfMethodExists @ 21 (88 bytes)
Event: 60.731 Thread 0x00000000563ac000 nmethod 7586% 0x00000000035a3990 code [0x00000000035a3b60, 0x00000000035a44f8]
Event: 60.731 Thread 0x00000000563ac000 7587       3       groovy.lang.ExpandoMetaClass$ExpandoMetaProperty::checkIfMethodExists (88 bytes)
Event: 60.732 Thread 0x00000000563ac000 nmethod 7587 0x00000000031c2290 code [0x00000000031c2460, 0x00000000031c2cb8]

GC Heap History (10 events):
Event: 51.870 GC heap before
{Heap before GC invocations=58 (full 8):
 PSYoungGen      total 227840K, used 17911K [0x00000000f0000000, 0x0000000100000000, 0x0000000100000000)
  eden space 209920K, 0% used [0x00000000f0000000,0x00000000f0000000,0x00000000fcd00000)
  from space 17920K, 99% used [0x00000000fee80000,0x00000000ffffdcc8,0x0000000100000000)
  to   space 26112K, 0% used [0x00000000fcd00000,0x00000000fcd00000,0x00000000fe680000)
 ParOldGen       total 114688K, used 102749K [0x00000000d0000000, 0x00000000d7000000, 0x00000000f0000000)
  object space 114688K, 89% used [0x00000000d0000000,0x00000000d64577d0,0x00000000d7000000)
 Metaspace       used 66699K, capacity 68514K, committed 68864K, reserved 1110016K
  class space    used 6819K, capacity 7352K, committed 7424K, reserved 1048576K
Event: 53.600 GC heap after
Heap after GC invocations=58 (full 8):
 PSYoungGen      total 227840K, used 5596K [0x00000000f0000000, 0x0000000100000000, 0x0000000100000000)
  eden space 209920K, 0% used [0x00000000f0000000,0x00000000f0000000,0x00000000fcd00000)
  from space 17920K, 31% used [0x00000000fee80000,0x00000000ff3f73f8,0x0000000100000000)
  to   space 26112K, 0% used [0x00000000fcd00000,0x00000000fcd00000,0x00000000fe680000)
 ParOldGen       total 133632K, used 114331K [0x00000000d0000000, 0x00000000d8280000, 0x00000000f0000000)
  object space 133632K, 85% used [0x00000000d0000000,0x00000000d6fa6d88,0x00000000d8280000)
 Metaspace       used 66699K, capacity 68514K, committed 68864K, reserved 1110016K
  class space    used 6819K, capacity 7352K, committed 7424K, reserved 1048576K
}
Event: 54.825 GC heap before
{Heap before GC invocations=59 (full 8):
 PSYoungGen      total 227840K, used 215516K [0x00000000f0000000, 0x0000000100000000, 0x0000000100000000)
  eden space 209920K, 100% used [0x00000000f0000000,0x00000000fcd00000,0x00000000fcd00000)
  from space 17920K, 31% used [0x00000000fee80000,0x00000000ff3f73f8,0x0000000100000000)
  to   space 26112K, 0% used [0x00000000fcd00000,0x00000000fcd00000,0x00000000fe680000)
 ParOldGen       total 133632K, used 114331K [0x00000000d0000000, 0x00000000d8280000, 0x00000000f0000000)
  object space 133632K, 85% used [0x00000000d0000000,0x00000000d6fa6d88,0x00000000d8280000)
 Metaspace       used 68257K, capacity 70050K, committed 70272K, reserved 1112064K
  class space    used 6986K, capacity 7544K, committed 7552K, reserved 1048576K
Event: 54.909 GC heap after
Heap after GC invocations=59 (full 8):
 PSYoungGen      total 236032K, used 11960K [0x00000000f0000000, 0x0000000100000000, 0x0000000100000000)
  eden space 209920K, 0% used [0x00000000f0000000,0x00000000f0000000,0x00000000fcd00000)
  from space 26112K, 45% used [0x00000000fcd00000,0x00000000fd8ae028,0x00000000fe680000)
  to   space 25088K, 0% used [0x00000000fe780000,0x00000000fe780000,0x0000000100000000)
 ParOldGen       total 133632K, used 114483K [0x00000000d0000000, 0x00000000d8280000, 0x00000000f0000000)
  object space 133632K, 85% used [0x00000000d0000000,0x00000000d6fccd88,0x00000000d8280000)
 Metaspace       used 68257K, capacity 70050K, committed 70272K, reserved 1112064K
  class space    used 6986K, capacity 7544K, committed 7552K, reserved 1048576K
}
Event: 57.129 GC heap before
{Heap before GC invocations=60 (full 8):
 PSYoungGen      total 236032K, used 221880K [0x00000000f0000000, 0x0000000100000000, 0x0000000100000000)
  eden space 209920K, 100% used [0x00000000f0000000,0x00000000fcd00000,0x00000000fcd00000)
  from space 26112K, 45% used [0x00000000fcd00000,0x00000000fd8ae028,0x00000000fe680000)
  to   space 25088K, 0% used [0x00000000fe780000,0x00000000fe780000,0x0000000100000000)
 ParOldGen       total 133632K, used 114483K [0x00000000d0000000, 0x00000000d8280000, 0x00000000f0000000)
  object space 133632K, 85% used [0x00000000d0000000,0x00000000d6fccd88,0x00000000d8280000)
 Metaspace       used 69283K, capacity 71150K, committed 71424K, reserved 1114112K
  class space    used 7078K, capacity 7650K, committed 7680K, reserved 1048576K
Event: 57.208 GC heap after
Heap after GC invocations=60 (full 8):
 PSYoungGen      total 233984K, used 18494K [0x00000000f0000000, 0x0000000100000000, 0x0000000100000000)
  eden space 208896K, 0% used [0x00000000f0000000,0x00000000f0000000,0x00000000fcc00000)
  from space 25088K, 73% used [0x00000000fe780000,0x00000000ff98f968,0x0000000100000000)
  to   space 26624K, 0% used [0x00000000fcc00000,0x00000000fcc00000,0x00000000fe600000)
 ParOldGen       total 133632K, used 114491K [0x00000000d0000000, 0x00000000d8280000, 0x00000000f0000000)
  object space 133632K, 85% used [0x00000000d0000000,0x00000000d6fced88,0x00000000d8280000)
 Metaspace       used 69283K, capacity 71150K, committed 71424K, reserved 1114112K
  class space    used 7078K, capacity 7650K, committed 7680K, reserved 1048576K
}
Event: 58.631 GC heap before
{Heap before GC invocations=61 (full 8):
 PSYoungGen      total 233984K, used 227390K [0x00000000f0000000, 0x0000000100000000, 0x0000000100000000)
  eden space 208896K, 100% used [0x00000000f0000000,0x00000000fcc00000,0x00000000fcc00000)
  from space 25088K, 73% used [0x00000000fe780000,0x00000000ff98f968,0x0000000100000000)
  to   space 26624K, 0% used [0x00000000fcc00000,0x00000000fcc00000,0x00000000fe600000)
 ParOldGen       total 133632K, used 114491K [0x00000000d0000000, 0x00000000d8280000, 0x00000000f0000000)
  object space 133632K, 85% used [0x00000000d0000000,0x00000000d6fced88,0x00000000d8280000)
 Metaspace       used 70013K, capacity 71920K, committed 72064K, reserved 1114112K
  class space    used 7185K, capacity 7767K, committed 7808K, reserved 1048576K
Event: 58.698 GC heap after
Heap after GC invocations=61 (full 8):
 PSYoungGen      total 232960K, used 23595K [0x00000000f0000000, 0x0000000100000000, 0x0000000100000000)
  eden space 208896K, 0% used [0x00000000f0000000,0x00000000f0000000,0x00000000fcc00000)
  from space 24064K, 98% used [0x00000000fcc00000,0x00000000fe30ac88,0x00000000fe380000)
  to   space 29184K, 0% used [0x00000000fe380000,0x00000000fe380000,0x0000000100000000)
 ParOldGen       total 133632K, used 114499K [0x00000000d0000000, 0x00000000d8280000, 0x00000000f0000000)
  object space 133632K, 85% used [0x00000000d0000000,0x00000000d6fd0d88,0x00000000d8280000)
 Metaspace       used 70013K, capacity 71920K, committed 72064K, reserved 1114112K
  class space    used 7185K, capacity 7767K, committed 7808K, reserved 1048576K
}
Event: 59.334 GC heap before
{Heap before GC invocations=62 (full 8):
 PSYoungGen      total 232960K, used 224831K [0x00000000f0000000, 0x0000000100000000, 0x0000000100000000)
  eden space 208896K, 96% used [0x00000000f0000000,0x00000000fc4850e8,0x00000000fcc00000)
  from space 24064K, 98% used [0x00000000fcc00000,0x00000000fe30ac88,0x00000000fe380000)
  to   space 29184K, 0% used [0x00000000fe380000,0x00000000fe380000,0x0000000100000000)
 ParOldGen       total 133632K, used 114499K [0x00000000d0000000, 0x00000000d8280000, 0x00000000f0000000)
  object space 133632K, 85% used [0x00000000d0000000,0x00000000d6fd0d88,0x00000000d8280000)
 Metaspace       used 71425K, capacity 73396K, committed 73472K, reserved 1114112K
  class space    used 7359K, capacity 7932K, committed 7936K, reserved 1048576K
Event: 59.480 GC heap after
Heap after GC invocations=62 (full 8):
 PSYoungGen      total 222720K, used 28088K [0x00000000f0000000, 0x0000000100000000, 0x0000000100000000)
  eden space 193536K, 0% used [0x00000000f0000000,0x00000000f0000000,0x00000000fbd00000)
  from space 29184K, 96% used [0x00000000fe380000,0x00000000ffeee3d8,0x0000000100000000)
  to   space 34304K, 0% used [0x00000000fbd00000,0x00000000fbd00000,0x00000000fde80000)
 ParOldGen       total 133632K, used 114507K [0x00000000d0000000, 0x00000000d8280000, 0x00000000f0000000)
  object space 133632K, 85% used [0x00000000d0000000,0x00000000d6fd2d88,0x00000000d8280000)
 Metaspace       used 71425K, capacity 73396K, committed 73472K, reserved 1114112K
  class space    used 7359K, capacity 7932K, committed 7936K, reserved 1048576K
}

Deoptimization events (10 events):
Event: 58.128 Thread 0x000000005959c800 Uncommon trap: reason=null_check action=make_not_entrant pc=0x0000000004548a10 method=org.springframework.beans.ExtendedBeanInfo.isCandidateWriteMethod(Ljava/lang/reflect/Method;)Z @ 47
Event: 58.419 Thread 0x000000005959c800 Uncommon trap: reason=unreached action=reinterpret pc=0x000000000455fbf4 method=java.lang.reflect.WeakCache$CacheKey.valueOf(Ljava/lang/Object;Ljava/lang/ref/ReferenceQueue;)Ljava/lang/Object; @ 1
Event: 59.056 Thread 0x000000005959c800 Uncommon trap: reason=unreached action=reinterpret pc=0x00000000042e4670 method=org.springframework.util.ObjectUtils.nullSafeEquals(Ljava/lang/Object;Ljava/lang/Object;)Z @ 8
Event: 59.125 Thread 0x000000005959c800 Uncommon trap: reason=bimorphic action=maybe_recompile pc=0x0000000004144ba8 method=sl.org.objectweb.asm.MethodVisitor.visitTryCatchBlock(Lsl/org/objectweb/asm/Label;Lsl/org/objectweb/asm/Label;Lsl/org/objectweb/asm/Label;Ljava/lang/String;)V @ 16
Event: 59.126 Thread 0x000000005959c800 Uncommon trap: reason=class_check action=maybe_recompile pc=0x00000000041466d4 method=sl.org.objectweb.asm.ClassReader.a(Lsl/org/objectweb/asm/MethodVisitor;Lsl/org/objectweb/asm/Context;I)V @ 1945
Event: 59.126 Thread 0x000000005959c800 Uncommon trap: reason=class_check action=maybe_recompile pc=0x00000000041466d4 method=sl.org.objectweb.asm.ClassReader.a(Lsl/org/objectweb/asm/MethodVisitor;Lsl/org/objectweb/asm/Context;I)V @ 1945
Event: 60.366 Thread 0x000000005959c800 Uncommon trap: reason=unloaded action=reinterpret pc=0x000000000447c9bc method=org.codehaus.groovy.runtime.metaclass.ClosureMetaMethod.createMethodList(Ljava/lang/String;Ljava/lang/Class;Lgroovy/lang/Closure;)Ljava/util/List; @ 227
Event: 60.638 Thread 0x000000005959c800 Uncommon trap: reason=class_check action=maybe_recompile pc=0x0000000003f492f0 method=sun.reflect.generics.scope.AbstractScope.lookup(Ljava/lang/String;)Ljava/lang/reflect/TypeVariable; @ 60
Event: 60.639 Thread 0x000000005959c800 Uncommon trap: reason=class_check action=maybe_recompile pc=0x0000000003f492f0 method=sun.reflect.generics.scope.AbstractScope.lookup(Ljava/lang/String;)Ljava/lang/reflect/TypeVariable; @ 60
Event: 60.673 Thread 0x000000005959c800 Uncommon trap: reason=unreached action=reinterpret pc=0x0000000004327714 method=org.codehaus.groovy.runtime.metaclass.MetaMethodIndex.isNonRealMethod(Lgroovy/lang/MetaMethod;)Z @ 32

Internal exceptions (10 events):
Event: 60.725 Thread 0x000000005959c800 Exception <a 'java/security/PrivilegedActionException'> (0x00000000fba0da80) thrown at [C:\re\workspace\8-2-build-windows-amd64-cygwin\jdk8u11\648\hotspot\src\share\vm\prims\jvm.cpp, line 1248]
Event: 60.725 Thread 0x000000005959c800 Exception <a 'java/lang/ClassNotFoundException': org/codehaus/groovy/grails/plugins/DomainClassGrailsPlugin$_addRelationshipManagementMethods_closure23Customizer> (0x00000000fba0ea10) thrown at [C:\re\workspace\8-2-build-windows-amd64-cygwin\jdk8u11\648\hoí›Ïß^N@
Event: 60.734 Thread 0x000000005959c800 Exception <a 'java/security/PrivilegedActionException'> (0x00000000fba75670) thrown at [C:\re\workspace\8-2-build-windows-amd64-cygwin\jdk8u11\648\hotspot\src\share\vm\prims\jvm.cpp, line 1248]
Event: 60.735 Thread 0x000000005959c800 Exception <a 'java/security/PrivilegedActionException'> (0x00000000fba7b208) thrown at [C:\re\workspace\8-2-build-windows-amd64-cygwin\jdk8u11\648\hotspot\src\share\vm\prims\jvm.cpp, line 1248]
Event: 60.736 Thread 0x000000005959c800 Exception <a 'java/security/PrivilegedActionException'> (0x00000000fba983f8) thrown at [C:\re\workspace\8-2-build-windows-amd64-cygwin\jdk8u11\648\hotspot\src\share\vm\prims\jvm.cpp, line 1248]
Event: 60.736 Thread 0x000000005959c800 Exception <a 'java/security/PrivilegedActionException'> (0x00000000fba9fa08) thrown at [C:\re\workspace\8-2-build-windows-amd64-cygwin\jdk8u11\648\hotspot\src\share\vm\prims\jvm.cpp, line 1248]
Event: 60.737 Thread 0x000000005959c800 Exception <a 'java/security/PrivilegedActionException'> (0x00000000fbac9310) thrown at [C:\re\workspace\8-2-build-windows-amd64-cygwin\jdk8u11\648\hotspot\src\share\vm\prims\jvm.cpp, line 1248]
Event: 60.738 Thread 0x000000005959c800 Exception <a 'java/security/PrivilegedActionException'> (0x00000000fbacf728) thrown at [C:\re\workspace\8-2-build-windows-amd64-cygwin\jdk8u11\648\hotspot\src\share\vm\prims\jvm.cpp, line 1248]
Event: 60.738 Thread 0x000000005959c800 Exception <a 'java/security/PrivilegedActionException'> (0x00000000fbae88d8) thrown at [C:\re\workspace\8-2-build-windows-amd64-cygwin\jdk8u11\648\hotspot\src\share\vm\prims\jvm.cpp, line 1248]
Event: 60.739 Thread 0x000000005959c800 Exception <a 'java/security/PrivilegedActionException'> (0x00000000fbb084a8) thrown at [C:\re\workspace\8-2-build-windows-amd64-cygwin\jdk8u11\648\hotspot\src\share\vm\prims\jvm.cpp, line 1248]

Events (10 events):
Event: 60.732 Thread 0x000000005959c800 DEOPT PACKING pc=0x0000000003a3ad8f sp=0x000000005aebc820
Event: 60.732 Thread 0x000000005959c800 DEOPT UNPACKING pc=0x0000000002ef7204 sp=0x000000005aebc560 mode 0
Event: 60.734 loading class org/codehaus/groovy/grails/plugins/DomainClassGrailsPlugin$_addRelationshipManagementMethods_closure24
Event: 60.734 loading class org/codehaus/groovy/grails/plugins/DomainClassGrailsPlugin$_addRelationshipManagementMethods_closure24 done
Event: 60.736 loading class groovy/runtime/metaclass/org/codehaus/groovy/grails/plugins/DomainClassGrailsPlugin$_addRelationshipManagementMethods_closure24MetaClass
Event: 60.736 loading class groovy/runtime/metaclass/org/codehaus/groovy/grails/plugins/DomainClassGrailsPlugin$_addRelationshipManagementMethods_closure24MetaClass done
Event: 60.737 loading class org/codehaus/groovy/grails/plugins/DomainClassGrailsPlugin$_addRelationshipManagementMethods_closure24BeanInfo
Event: 60.737 loading class org/codehaus/groovy/grails/plugins/DomainClassGrailsPlugin$_addRelationshipManagementMethods_closure24BeanInfo done
Event: 60.739 loading class org/codehaus/groovy/grails/plugins/DomainClassGrailsPlugin$_addRelationshipManagementMethods_closure24BeanInfo
Event: 60.739 loading class org/codehaus/groovy/grails/plugins/DomainClassGrailsPlugin$_addRelationshipManagementMethods_closure24BeanInfo done


Dynamic libraries:
0x000000013fd00000 - 0x000000013fd34000 	C:\Program Files\Java\jdk1.8.0_11\bin\java.exe
0x0000000076e80000 - 0x0000000077029000 	C:\Windows\SYSTEM32\ntdll.dll
0x0000000076c60000 - 0x0000000076d7f000 	C:\Windows\system32\kernel32.dll
0x000007fefd390000 - 0x000007fefd3fc000 	C:\Windows\system32\KERNELBASE.dll
0x000007fefd6c0000 - 0x000007fefd79b000 	C:\Windows\system32\ADVAPI32.dll
0x000007fefe610000 - 0x000007fefe6af000 	C:\Windows\system32\msvcrt.dll
0x000007fefeb60000 - 0x000007fefeb7f000 	C:\Windows\SYSTEM32\sechost.dll
0x000007fefedb0000 - 0x000007fefeedd000 	C:\Windows\system32\RPCRT4.dll
0x0000000076d80000 - 0x0000000076e7a000 	C:\Windows\system32\USER32.dll
0x000007fefed10000 - 0x000007fefed77000 	C:\Windows\system32\GDI32.dll
0x000007fefd6b0000 - 0x000007fefd6be000 	C:\Windows\system32\LPK.dll
0x000007fefeee0000 - 0x000007fefefa9000 	C:\Windows\system32\USP10.dll
0x000007fefb8e0000 - 0x000007fefbad4000 	C:\Windows\WinSxS\amd64_microsoft.windows.common-controls_6595b64144ccf1df_6.0.7601.17514_none_fa396087175ac9ac\COMCTL32.dll
0x000007fefe580000 - 0x000007fefe5f1000 	C:\Windows\system32\SHLWAPI.dll
0x000007fefed80000 - 0x000007fefedae000 	C:\Windows\system32\IMM32.DLL
0x000007fefeb80000 - 0x000007fefec89000 	C:\Windows\system32\MSCTF.dll
0x0000000180000000 - 0x000000018001c000 	C:\Windows\system32\btpload64.dll
0x0000000077050000 - 0x0000000077057000 	C:\Windows\system32\PSAPI.DLL
0x0000000000130000 - 0x000000000015c000 	C:\Windows\system32\privman64.dll
0x000007fefd230000 - 0x000007fefd23c000 	C:\Windows\system32\VERSION.dll
0x000007fefd7f0000 - 0x000007fefe579000 	C:\Windows\system32\SHELL32.dll
0x000007fefd210000 - 0x000007fefd22e000 	C:\Windows\system32\USERENV.dll
0x000007fefd2e0000 - 0x000007fefd2ef000 	C:\Windows\system32\profapi.dll
0x0000000064d70000 - 0x0000000064e42000 	C:\Program Files\Java\jdk1.8.0_11\jre\bin\msvcr100.dll
0x00000000639b0000 - 0x00000000641da000 	C:\Program Files\Java\jdk1.8.0_11\jre\bin\server\jvm.dll
0x000007fefc7c0000 - 0x000007fefc7c9000 	C:\Windows\system32\WSOCK32.dll
0x000007fefd7a0000 - 0x000007fefd7ed000 	C:\Windows\system32\WS2_32.dll
0x000007fefe600000 - 0x000007fefe608000 	C:\Windows\system32\NSI.dll
0x000007fefae20000 - 0x000007fefae5b000 	C:\Windows\system32\WINMM.dll
0x000000006a0c0000 - 0x000000006a0cf000 	C:\Program Files\Java\jdk1.8.0_11\jre\bin\verify.dll
0x0000000064d00000 - 0x0000000064d28000 	C:\Program Files\Java\jdk1.8.0_11\jre\bin\java.dll
0x000000006fc30000 - 0x000000006fc53000 	C:\Program Files\Java\jdk1.8.0_11\jre\bin\instrument.dll
0x000000006afe0000 - 0x000000006aff6000 	C:\Program Files\Java\jdk1.8.0_11\jre\bin\zip.dll
0x000007fefe6b0000 - 0x000007fefe8b3000 	C:\Windows\system32\ole32.dll
0x000007fefcb80000 - 0x000007fefcb97000 	C:\Windows\system32\CRYPTSP.dll
0x000007fefc880000 - 0x000007fefc8c7000 	C:\Windows\system32\rsaenh.dll
0x000007fefd1e0000 - 0x000007fefd1ef000 	C:\Windows\system32\CRYPTBASE.dll
0x0000000064630000 - 0x000000006464a000 	C:\Program Files\Java\jdk1.8.0_11\jre\bin\net.dll
0x000007fefcb20000 - 0x000007fefcb75000 	C:\Windows\system32\mswsock.dll
0x000007fefcb10000 - 0x000007fefcb17000 	C:\Windows\System32\wship6.dll
0x000007fefc280000 - 0x000007fefc2a7000 	C:\Windows\system32\IPHLPAPI.DLL
0x000007fefc270000 - 0x000007fefc27b000 	C:\Windows\system32\WINNSI.DLL
0x000007fefa8b0000 - 0x000007fefa8c8000 	C:\Windows\system32\dhcpcsvc.DLL
0x000007fefa840000 - 0x000007fefa851000 	C:\Windows\system32\dhcpcsvc6.DLL
0x0000000060c30000 - 0x0000000060c41000 	C:\Program Files\Java\jdk1.8.0_11\jre\bin\nio.dll
0x000007fefbae0000 - 0x000007fefbaea000 	C:\Users\rgopal\AppData\Local\Temp\jansi-64-8673850960743177235.dll
0x000000006b3e0000 - 0x000000006b3ed000 	C:\Program Files\Java\jdk1.8.0_11\jre\bin\management.dll
0x000007fefc380000 - 0x000007fefc387000 	C:\Windows\System32\wshtcpip.dll
0x000007fefc9a0000 - 0x000007fefc9fb000 	C:\Windows\system32\DNSAPI.dll
0x00000000744a0000 - 0x00000000744c6000 	C:\Program Files\Bonjour\mdnsNSP.dll
0x000007fefa7d0000 - 0x000007fefa7d8000 	C:\Windows\system32\rasadhlp.dll
0x000007fefa7e0000 - 0x000007fefa833000 	C:\Windows\System32\fwpuclnt.dll
0x000007fefa9a0000 - 0x000007fefa9b5000 	C:\Windows\system32\NLAapi.dll
0x000007fefa910000 - 0x000007fefa925000 	C:\Windows\system32\napinsp.dll
0x000007fefa8f0000 - 0x000007fefa909000 	C:\Windows\system32\pnrpnsp.dll
0x000007fefa8e0000 - 0x000007fefa8eb000 	C:\Windows\System32\winrnr.dll
0x000007fefa8d0000 - 0x000007fefa8e0000 	C:\Windows\system32\wshbth.dll
0x000007fef5730000 - 0x000007fef5855000 	C:\Windows\system32\dbghelp.dll

VM Arguments:
jvm_args: -Dfile.encoding=UTF-8 -Xmx768M -Xms64M -Dgrails.fork.parent.process.port=54437 -Dgrails.fork.active=true -Dgrails.build.execution.context=C:\Users\rgopal\AppData\Local\Temp\central5255552388096355829grails-execution-context -Dgrails.home=C:\Users\rgopal\Documents\grails-2.4.4\grails-2.4.4 -javaagent:C:\Users\rgopal\Documents\grails-2.4.4\grails-2.4.4\lib\org.springframework\springloaded\jars\springloaded-1.2.1.RELEASE.jar -Xverify:none -Dspringloaded.synchronize=true -Djdk.reflect.allowGetCallerClass=true -Dspringloaded=profile=grails;cacheDir=C:\Users\rgopal/.grails/2.4.4/ 
java_command: org.grails.plugins.tomcat.fork.ForkedTomcatServer
java_class_path (initial): C:\Program Files\Java\jdk1.8.0_11\lib\tools.jar;C:\Users\rgopal\Documents\grails-2.4.4\grails-2.4.4\lib\org.codehaus.groovy\groovy-all\jars\groovy-all-2.3.7.jar;C:\Users\rgopal\Documents\grails-2.4.4\grails-2.4.4\lib\org.slf4j\jcl-over-slf4j\jars\jcl-over-slf4j-1.7.5.jar;C:\Users\rgopal\Documents\grails-2.4.4\grails-2.4.4\lib\org.codehaus.gant\gant_groovy1.8\jars\gant_groovy1.8-1.9.6.jar;C:\Users\rgopal\Documents\grails-2.4.4\grails-2.4.4\lib\org.apache.tomcat.embed\tomcat-embed-logging-log4j\jars\tomcat-embed-logging-log4j-7.0.50.jar;C:\Users\rgopal\Documents\grails-2.4.4\grails-2.4.4\dist\grails-plugin-log4j-2.4.4.jar;C:\Users\rgopal\Documents\grails-2.4.4\grails-2.4.4\lib\log4j\log4j\jars\log4j-1.2.17.jar;C:\Users\rgopal\Documents\grails-2.4.4\grails-2.4.4\dist\grails-bootstrap-2.4.4.jar;C:\Users\rgopal\Documents\grails-2.4.4\grails-2.4.4\lib\org.slf4j\slf4j-api\jars\slf4j-api-1.7.5.jar;C:\Users\rgopal\Documents\grails-2.4.4\grails-2.4.4\lib\jline\jline\jars\jline-2.12.jar;C:\Users\rgopal\Documents\grails-2.4.4\grails-2.4.4\lib\org.apache.ant\ant\jars\ant-1.8.4.jar;C:\Users\rgopal\Documents\grails-2.4.4\grails-2.4.4\lib\org.apache.ant\ant-launcher\jars\ant-launcher-1.8.4.jar;C:\Users\rgopal\Documents\grails-2.4.4\grails-2.4.4\lib\org.apache.ant\ant-trax\jars\ant-trax-1.7.1.jar;C:\Users\rgopal\Documents\grails-2.4.4\grails-2.4.4\lib\org.apache.ant\ant-junit\jars\ant-junit-1.8.4.jar;C:\Users\rgopal\Documents\grails-2.4.4\grails-2.4.4\lib\org.apache.ivy\ivy\jars\ivy-2.3.0.jar;C:\Users\rgopal\Documents\grails-2.4.4\grails-2.4.4\lib\org.fusesource.jansi\jansi\jars\jansi-1.11.jar;C:\Users\rgopal\.m2\repository\org\apache\tomcat\tomcat-catalina-ant\7.0.55\tomcat-catalina-ant-7.0.55.jar;C:\Users\rgopal\.m2\repository\org\apache\tomcat\embed\tomcat-embed-jasper\7.0.55\tomcat-embed-jasper-7.0.55.jar;C:\Users\rgopal\.m2\repository\org\apache\tomcat\embed\tomcat-embed-el\7.0.55\tomcat-embed-el-7.0.55.jar;C:\Users\rgopal\.m2\repository\org\apache\
Launcher Type: SUN_STANDARD

Environment Variables:
JAVA_HOME=C:\Program Files\Java\jdk1.8.0_11
PATH=C:\Windows\system32;C:\Windows;C:\Windows\System32\Wbem;C:\Windows\System32\WindowsPowerShell\v1.0\;C:\users\rgopal\My Documents\springsource\grails-2.3.5\bin\;c:\Program Files\Java\jdk1.7.0_51\bin\;C:\Program Files (x86)\MiKTeX 2.9\miktex\bin\
USERNAME=rgopal
OS=Windows_NT
PROCESSOR_IDENTIFIER=Intel64 Family 6 Model 37 Stepping 5, GenuineIntel



---------------  S Y S T E M  ---------------

OS: Windows 7 , 64 bit Build 7601 Service Pack 1

CPU:total 4 (2 cores per cpu, 2 threads per core) family 6 model 37 stepping 5, cmov, cx8, fxsr, mmx, sse, sse2, sse3, ssse3, sse4.1, sse4.2, popcnt, aes, clmul, ht, tsc, tscinvbit

Memory: 4k page, physical 8181608k(1876656k free), swap 16361352k(8872860k free)

vm_info: Java HotSpot(TM) 64-Bit Server VM (25.11-b03) for windows-amd64 JRE (1.8.0_11-b12), built on Jun 16 2014 20:57:32 by "java_re" with MS VC++ 10.0 (VS2010)

time: Sun Apr 26 11:43:02 2015
elapsed time: 60 seconds

