#
# A fatal error has been detected by the Java Runtime Environment:
#
#  EXCEPTION_ACCESS_VIOLATION (0xc0000005) at pc=0x000000005abd4db2, pid=11296, tid=3848
#
# JRE version: Java(TM) SE Runtime Environment (8.0_11-b12) (build 1.8.0_11-b12)
# Java VM: Java HotSpot(TM) 64-Bit Server VM (25.11-b03 mixed mode windows-amd64 compressed oops)
# Problematic frame:
# V  [jvm.dll+0x424db2]
#
# Failed to write core dump. Minidumps are not enabled by default on client versions of Windows
#
# If you would like to submit a bug report, please visit:
#   http://bugreport.sun.com/bugreport/crash.jsp
#

---------------  T H R E A D  ---------------

Current thread (0x0000000056206000):  JavaThread "C2 CompilerThread1" daemon [_thread_in_native, id=3848, stack(0x0000000056a10000,0x0000000056b10000)]

siginfo: ExceptionCode=0xc0000005, reading address 0x0000000000000000

Registers:
RAX=0x00000000582eebc8, RBX=0x0000000000000600, RCX=0x0000000000000000, RDX=0x0000000059f1a5d0
RSP=0x0000000056b0c360, RBP=0x00000000000000c0, RSI=0x00000000000000b8, RDI=0x0000000000000000
R8 =0x000000005a7b0000, R9 =0x0000000056b0c680, R10=0x00000000ffffffff, R11=0x00000000561c2790
R12=0x00000000582ef2d0, R13=0x00000000580da368, R14=0x0000000000000008, R15=0x00000000580da368
RIP=0x000000005abd4db2, EFLAGS=0x0000000000010206

Top of Stack: (sp=0x0000000056b0c360)
0x0000000056b0c360:   00000000000000da 00000000000000b0
0x0000000056b0c370:   000000000000000a 0000000059f15f10
0x0000000056b0c380:   0000000000000001 0000000000000600
0x0000000056b0c390:   0000000000000180 00000000000000c0
0x0000000056b0c3a0:   0000000059580ef0 00000000561be400
0x0000000056b0c3b0:   00000000000006d0 0000000059f15f10
0x0000000056b0c3c0:   0000000056b0c680 00000000582ebd20
0x0000000056b0c3d0:   0000000000000020 0000000000000009
0x0000000056b0c3e0:   00000000582ef2a0 00000000000000da
0x0000000056b0c3f0:   00000000580da368 000000005abd598d
0x0000000056b0c400:   00000000582ef2a0 000000000000001c
0x0000000056b0c410:   00000000000000da 0000000056b0c680
0x0000000056b0c420:   0000000059f1a5d0 00000000000000da
0x0000000056b0c430:   00000000582ebd20 0000000000000020
0x0000000056b0c440:   00000000598c7b90 0000000056b0e9f0
0x0000000056b0c450:   00000000598c81c0 00000000582ef2a0 

Instructions: (pc=0x000000005abd4db2)
0x000000005abd4d92:   c6 48 63 f0 48 03 f1 eb 04 48 83 ce ff 48 8b 84
0x000000005abd4da2:   24 a0 00 00 00 48 8b 40 08 48 8b 3c 03 48 8b cf
0x000000005abd4db2:   48 8b 07 ff 50 28 4c 8d 05 41 b2 bd ff 48 63 50
0x000000005abd4dc2:   10 4c 8b d8 48 8b ca 48 c1 e1 05 42 80 bc 01 c0 


Register to memory mapping:

RAX=0x00000000582eebc8 is an unknown value
RBX=0x0000000000000600 is an unknown value
RCX=0x0000000000000000 is an unknown value
RDX=0x0000000059f1a5d0 is an unknown value
RSP=0x0000000056b0c360 is pointing into the stack for thread: 0x0000000056206000
RBP=0x00000000000000c0 is an unknown value
RSI=0x00000000000000b8 is an unknown value
RDI=0x0000000000000000 is an unknown value
R8 =0x000000005a7b0000 is an unknown value
R9 =0x0000000056b0c680 is pointing into the stack for thread: 0x0000000056206000
R10=0x00000000ffffffff is an unknown value
R11=0x00000000561c2790 is an unknown value
R12=0x00000000582ef2d0 is an unknown value
R13=0x00000000580da368 is an unknown value
R14=0x0000000000000008 is an unknown value
R15=0x00000000580da368 is an unknown value


Stack: [0x0000000056a10000,0x0000000056b10000],  sp=0x0000000056b0c360,  free space=1008k
Native frames: (J=compiled Java code, j=interpreted, Vv=VM code, C=native code)
V  [jvm.dll+0x424db2]
V  [jvm.dll+0x42598d]
V  [jvm.dll+0x425ecf]
V  [jvm.dll+0x4c5a84]
V  [jvm.dll+0x4415bc]
V  [jvm.dll+0x443a29]
V  [jvm.dll+0x427722]
V  [jvm.dll+0x96982]
V  [jvm.dll+0x97173]
V  [jvm.dll+0x2234b4]
V  [jvm.dll+0x27bcca]
C  [msvcr100.dll+0x21d9f]
C  [msvcr100.dll+0x21e3b]
C  [kernel32.dll+0x159ed]
C  [ntdll.dll+0x2c541]


Current CompileTask:
C2:  44647 6465       4       groovy.lang.MetaClassImpl::findPropertyMethod (356 bytes)


---------------  P R O C E S S  ---------------

Java Threads: ( => current thread )
  0x000000005b0cb000 JavaThread "com.oumuo.SecurityGroup.data" daemon [_thread_blocked, id=11168, stack(0x000000005fce0000,0x000000005fde0000)]
  0x000000005b0ca800 JavaThread "com.oumuo.Authority.data" daemon [_thread_blocked, id=8472, stack(0x000000005f910000,0x000000005fa10000)]
  0x00000000586ea800 JavaThread "net.sf.ehcache.CacheManager@2612a77" daemon [_thread_blocked, id=11624, stack(0x000000005f5b0000,0x000000005f6b0000)]
  0x00000000589bf800 JavaThread "PoolCleaner[1070157899:1428780235940]" daemon [_thread_blocked, id=2540, stack(0x000000005ed80000,0x000000005ee80000)]
  0x000000005883d800 JavaThread "FileSystemWatcher: files=#266 cl=groovy.lang.GroovyClassLoader@3fc9504b" daemon [_thread_blocked, id=10884, stack(0x000000005c800000,0x000000005c900000)]
  0x0000000059f3d000 JavaThread "localhost-startStop-1" daemon [_thread_in_Java, id=12260, stack(0x0000000058e40000,0x0000000058f40000)]
  0x0000000059a54000 JavaThread "Tomcat-startStop-1" daemon [_thread_blocked, id=10452, stack(0x00000000564c0000,0x00000000565c0000)]
  0x00000000589d0800 JavaThread "Thread-3" [_thread_in_native, id=1436, stack(0x000000005c270000,0x000000005c370000)]
  0x00000000583fd000 JavaThread "Thread-2" [_thread_blocked, id=10888, stack(0x000000005a410000,0x000000005a510000)]
  0x00000000571f3800 JavaThread "NonBlockingInputStreamThread" daemon [_thread_blocked, id=8744, stack(0x0000000057b20000,0x0000000057c20000)]
  0x00000000562b0000 JavaThread "Service Thread" daemon [_thread_blocked, id=6508, stack(0x00000000566e0000,0x00000000567e0000)]
  0x0000000056208000 JavaThread "C1 CompilerThread2" daemon [_thread_blocked, id=9692, stack(0x0000000056bc0000,0x0000000056cc0000)]
=>0x0000000056206000 JavaThread "C2 CompilerThread1" daemon [_thread_in_native, id=3848, stack(0x0000000056a10000,0x0000000056b10000)]
  0x00000000561bb000 JavaThread "C2 CompilerThread0" daemon [_thread_in_native, id=6640, stack(0x0000000056840000,0x0000000056940000)]
  0x00000000560c8000 JavaThread "Attach Listener" daemon [_thread_blocked, id=10324, stack(0x0000000055e70000,0x0000000055f70000)]
  0x00000000560c5000 JavaThread "Signal Dispatcher" daemon [_thread_blocked, id=11952, stack(0x00000000565d0000,0x00000000566d0000)]
  0x0000000054b81000 JavaThread "Finalizer" daemon [_thread_blocked, id=10332, stack(0x0000000055fc0000,0x00000000560c0000)]
  0x0000000054b7c000 JavaThread "Reference Handler" daemon [_thread_blocked, id=9212, stack(0x0000000055d50000,0x0000000055e50000)]
  0x000000000281a000 JavaThread "main" [_thread_blocked, id=11372, stack(0x0000000002bc0000,0x0000000002cc0000)]

Other Threads:
  0x0000000054b78800 VMThread [stack: 0x0000000055c30000,0x0000000055d30000] [id=3124]
  0x00000000562b4000 WatcherThread [stack: 0x0000000056cf0000,0x0000000056df0000] [id=6020]

VM state:not at safepoint (normal execution)

VM Mutex/Monitor currently owned by a thread: None

Heap:
 PSYoungGen      total 220160K, used 140958K [0x00000000f0000000, 0x0000000100000000, 0x0000000100000000)
  eden space 188416K, 58% used [0x00000000f0000000,0x00000000f6ad4a28,0x00000000fb800000)
  from space 31744K, 99% used [0x00000000fb800000,0x00000000fd6d2fb0,0x00000000fd700000)
  to   space 40448K, 0% used [0x00000000fd880000,0x00000000fd880000,0x0000000100000000)
 ParOldGen       total 117760K, used 99541K [0x00000000d0000000, 0x00000000d7300000, 0x00000000f0000000)
  object space 117760K, 84% used [0x00000000d0000000,0x00000000d61356e0,0x00000000d7300000)
 Metaspace       used 68652K, capacity 70456K, committed 70724K, reserved 1112064K
  class space    used 7272K, capacity 7808K, committed 7808K, reserved 1048576K

Card table byte_map: [0x00000000121e0000,0x0000000012370000] byte_map_base: 0x0000000011b60000

Marking Bits: (ParMarkBitMap*) 0x000000005af612b0
 Begin Bits: [0x0000000012870000, 0x0000000013470000)
 End Bits:   [0x0000000013470000, 0x0000000014070000)

Polling page: 0x0000000001bd0000

CodeCache: size=245760Kb used=21086Kb max_used=21837Kb free=224674Kb
 bounds [0x0000000002e20000, 0x00000000043a0000, 0x0000000011e20000]
 total_blobs=6627 nmethods=5863 adapters=675
 compilation: enabled

Compilation events (10 events):
Event: 44.507 Thread 0x0000000056206000 nmethod 5784 0x000000000382d450 code [0x000000000382e040, 0x0000000003834b00]
Event: 44.507 Thread 0x0000000056206000 6487       4       java.util.AbstractCollection::toArray (147 bytes)
Event: 44.516 Thread 0x0000000056206000 nmethod 6487 0x00000000036050d0 code [0x0000000003605240, 0x00000000036057b8]
Event: 44.516 Thread 0x0000000056206000 6488       4       org.codehaus.groovy.runtime.metaclass.MetaMethodIndex::isMatchingMethod (68 bytes)
Event: 44.518 Thread 0x0000000056206000 nmethod 6488 0x0000000003448490 code [0x00000000034485e0, 0x0000000003448718]
Event: 44.518 Thread 0x0000000056206000 6465       4       groovy.lang.MetaClassImpl::findPropertyMethod (356 bytes)
Event: 44.530 Thread 0x0000000056208000 6511       2       org.codehaus.groovy.runtime.MetaClassHelper::chooseEmptyMethodParams (82 bytes)
Event: 44.531 Thread 0x0000000056208000 nmethod 6511 0x0000000003912b50 code [0x0000000003912ce0, 0x0000000003912fb8]
Event: 44.539 Thread 0x0000000056208000 6512       2       grails.util.GrailsNameUtils::getGetterName (85 bytes)
Event: 44.541 Thread 0x0000000056208000 nmethod 6512 0x0000000002feeb50 code [0x0000000002feede0, 0x0000000002fef778]

GC Heap History (10 events):
Event: 36.130 GC heap before
{Heap before GC invocations=52 (full 6):
 PSYoungGen      total 233472K, used 232617K [0x00000000f0000000, 0x0000000100000000, 0x0000000100000000)
  eden space 204800K, 99% used [0x00000000f0000000,0x00000000fc72ce90,0x00000000fc800000)
  from space 28672K, 99% used [0x00000000fc800000,0x00000000fe3fd720,0x00000000fe400000)
  to   space 28672K, 0% used [0x00000000fe400000,0x00000000fe400000,0x0000000100000000)
 ParOldGen       total 98304K, used 79771K [0x00000000d0000000, 0x00000000d6000000, 0x00000000f0000000)
  object space 98304K, 81% used [0x00000000d0000000,0x00000000d4de6df0,0x00000000d6000000)
 Metaspace       used 64791K, capacity 66436K, committed 66884K, reserved 1110016K
  class space    used 6732K, capacity 7210K, committed 7296K, reserved 1048576K
Event: 37.499 GC heap after
Heap after GC invocations=52 (full 6):
 PSYoungGen      total 219136K, used 25889K [0x00000000f0000000, 0x0000000100000000, 0x0000000100000000)
  eden space 190464K, 0% used [0x00000000f0000000,0x00000000f0000000,0x00000000fba00000)
  from space 28672K, 90% used [0x00000000fe400000,0x00000000ffd486a0,0x0000000100000000)
  to   space 35840K, 0% used [0x00000000fba00000,0x00000000fba00000,0x00000000fdd00000)
 ParOldGen       total 98304K, used 90867K [0x00000000d0000000, 0x00000000d6000000, 0x00000000f0000000)
  object space 98304K, 92% used [0x00000000d0000000,0x00000000d58bcf80,0x00000000d6000000)
 Metaspace       used 64791K, capacity 66436K, committed 66884K, reserved 1110016K
  class space    used 6732K, capacity 7210K, committed 7296K, reserved 1048576K
}
Event: 37.499 GC heap before
{Heap before GC invocations=53 (full 7):
 PSYoungGen      total 219136K, used 25889K [0x00000000f0000000, 0x0000000100000000, 0x0000000100000000)
  eden space 190464K, 0% used [0x00000000f0000000,0x00000000f0000000,0x00000000fba00000)
  from space 28672K, 90% used [0x00000000fe400000,0x00000000ffd486a0,0x0000000100000000)
  to   space 35840K, 0% used [0x00000000fba00000,0x00000000fba00000,0x00000000fdd00000)
 ParOldGen       total 98304K, used 90867K [0x00000000d0000000, 0x00000000d6000000, 0x00000000f0000000)
  object space 98304K, 92% used [0x00000000d0000000,0x00000000d58bcf80,0x00000000d6000000)
 Metaspace       used 64791K, capacity 66436K, committed 66884K, reserved 1110016K
  class space    used 6732K, capacity 7210K, committed 7296K, reserved 1048576K
Event: 38.952 GC heap after
Heap after GC invocations=53 (full 7):
 PSYoungGen      total 219136K, used 17542K [0x00000000f0000000, 0x0000000100000000, 0x0000000100000000)
  eden space 190464K, 0% used [0x00000000f0000000,0x00000000f0000000,0x00000000fba00000)
  from space 28672K, 61% used [0x00000000fe400000,0x00000000ff521a48,0x0000000100000000)
  to   space 35840K, 0% used [0x00000000fba00000,0x00000000fba00000,0x00000000fdd00000)
 ParOldGen       total 117760K, used 97951K [0x00000000d0000000, 0x00000000d7300000, 0x00000000f0000000)
  object space 117760K, 83% used [0x00000000d0000000,0x00000000d5fa7eb0,0x00000000d7300000)
 Metaspace       used 64791K, capacity 66436K, committed 66884K, reserved 1110016K
  class space    used 6732K, capacity 7210K, committed 7296K, reserved 1048576K
}
Event: 40.405 GC heap before
{Heap before GC invocations=54 (full 7):
 PSYoungGen      total 219136K, used 208006K [0x00000000f0000000, 0x0000000100000000, 0x0000000100000000)
  eden space 190464K, 100% used [0x00000000f0000000,0x00000000fba00000,0x00000000fba00000)
  from space 28672K, 61% used [0x00000000fe400000,0x00000000ff521a48,0x0000000100000000)
  to   space 35840K, 0% used [0x00000000fba00000,0x00000000fba00000,0x00000000fdd00000)
 ParOldGen       total 117760K, used 97951K [0x00000000d0000000, 0x00000000d7300000, 0x00000000f0000000)
  object space 117760K, 83% used [0x00000000d0000000,0x00000000d5fa7eb0,0x00000000d7300000)
 Metaspace       used 65680K, capacity 67448K, committed 67780K, reserved 1110016K
  class space    used 6849K, capacity 7325K, committed 7424K, reserved 1048576K
Event: 40.631 GC heap after
Heap after GC invocations=54 (full 7):
 PSYoungGen      total 226304K, used 18327K [0x00000000f0000000, 0x0000000100000000, 0x0000000100000000)
  eden space 190464K, 0% used [0x00000000f0000000,0x00000000f0000000,0x00000000fba00000)
  from space 35840K, 51% used [0x00000000fba00000,0x00000000fcbe5cd0,0x00000000fdd00000)
  to   space 34816K, 0% used [0x00000000fde00000,0x00000000fde00000,0x0000000100000000)
 ParOldGen       total 117760K, used 98519K [0x00000000d0000000, 0x00000000d7300000, 0x00000000f0000000)
  object space 117760K, 83% used [0x00000000d0000000,0x00000000d6035ed0,0x00000000d7300000)
 Metaspace       used 65680K, capacity 67448K, committed 67780K, reserved 1110016K
  class space    used 6849K, capacity 7325K, committed 7424K, reserved 1048576K
}
Event: 42.519 GC heap before
{Heap before GC invocations=55 (full 7):
 PSYoungGen      total 226304K, used 199385K [0x00000000f0000000, 0x0000000100000000, 0x0000000100000000)
  eden space 190464K, 95% used [0x00000000f0000000,0x00000000fb0d0770,0x00000000fba00000)
  from space 35840K, 51% used [0x00000000fba00000,0x00000000fcbe5cd0,0x00000000fdd00000)
  to   space 34816K, 0% used [0x00000000fde00000,0x00000000fde00000,0x0000000100000000)
 ParOldGen       total 117760K, used 98519K [0x00000000d0000000, 0x00000000d7300000, 0x00000000f0000000)
  object space 117760K, 83% used [0x00000000d0000000,0x00000000d6035ed0,0x00000000d7300000)
 Metaspace       used 66607K, capacity 68292K, committed 68676K, reserved 1110016K
  class space    used 6945K, capacity 7433K, committed 7552K, reserved 1048576K
Event: 42.627 GC heap after
Heap after GC invocations=55 (full 7):
 PSYoungGen      total 223232K, used 25962K [0x00000000f0000000, 0x0000000100000000, 0x0000000100000000)
  eden space 188416K, 0% used [0x00000000f0000000,0x00000000f0000000,0x00000000fb800000)
  from space 34816K, 74% used [0x00000000fde00000,0x00000000ff75a870,0x0000000100000000)
  to   space 36864K, 0% used [0x00000000fb800000,0x00000000fb800000,0x00000000fdc00000)
 ParOldGen       total 117760K, used 99261K [0x00000000d0000000, 0x00000000d7300000, 0x00000000f0000000)
  object space 117760K, 84% used [0x00000000d0000000,0x00000000d60ef6e0,0x00000000d7300000)
 Metaspace       used 66607K, capacity 68292K, committed 68676K, reserved 1110016K
  class space    used 6945K, capacity 7433K, committed 7552K, reserved 1048576K
}
Event: 43.668 GC heap before
{Heap before GC invocations=56 (full 7):
 PSYoungGen      total 223232K, used 214378K [0x00000000f0000000, 0x0000000100000000, 0x0000000100000000)
  eden space 188416K, 100% used [0x00000000f0000000,0x00000000fb800000,0x00000000fb800000)
  from space 34816K, 74% used [0x00000000fde00000,0x00000000ff75a870,0x0000000100000000)
  to   space 36864K, 0% used [0x00000000fb800000,0x00000000fb800000,0x00000000fdc00000)
 ParOldGen       total 117760K, used 99261K [0x00000000d0000000, 0x00000000d7300000, 0x00000000f0000000)
  object space 117760K, 84% used [0x00000000d0000000,0x00000000d60ef6e0,0x00000000d7300000)
 Metaspace       used 68127K, capacity 69770K, committed 70084K, reserved 1112064K
  class space    used 7166K, capacity 7626K, committed 7680K, reserved 1048576K
Event: 43.732 GC heap after
Heap after GC invocations=56 (full 7):
 PSYoungGen      total 220160K, used 31563K [0x00000000f0000000, 0x0000000100000000, 0x0000000100000000)
  eden space 188416K, 0% used [0x00000000f0000000,0x00000000f0000000,0x00000000fb800000)
  from space 31744K, 99% used [0x00000000fb800000,0x00000000fd6d2fb0,0x00000000fd700000)
  to   space 40448K, 0% used [0x00000000fd880000,0x00000000fd880000,0x0000000100000000)
 ParOldGen       total 117760K, used 99541K [0x00000000d0000000, 0x00000000d7300000, 0x00000000f0000000)
  object space 117760K, 84% used [0x00000000d0000000,0x00000000d61356e0,0x00000000d7300000)
 Metaspace       used 68127K, capacity 69770K, committed 70084K, reserved 1112064K
  class space    used 7166K, capacity 7626K, committed 7680K, reserved 1048576K
}

Deoptimization events (10 events):
Event: 33.362 Thread 0x0000000059f3d000 Uncommon trap: reason=unreached action=reinterpret pc=0x00000000030312b0 method=java.lang.reflect.Method.equals(Ljava/lang/Object;)Z @ 1
Event: 35.081 Thread 0x0000000059f3d000 Uncommon trap: reason=null_assert action=make_not_entrant pc=0x0000000003b998ac method=java.util.concurrent.ConcurrentHashMap.transfer([Ljava/util/concurrent/ConcurrentHashMap$Node;[Ljava/util/concurrent/ConcurrentHashMap$Node;)V @ 557
Event: 39.028 Thread 0x0000000059f3d000 Uncommon trap: reason=bimorphic action=maybe_recompile pc=0x0000000003bcccd4 method=sl.org.objectweb.asm.ClassReader.a(Lsl/org/objectweb/asm/MethodVisitor;Lsl/org/objectweb/asm/Context;I)V @ 2134
Event: 40.920 Thread 0x0000000059f3d000 Uncommon trap: reason=unreached action=reinterpret pc=0x0000000003c74d34 method=org.codehaus.groovy.runtime.metaclass.MetaMethodIndex.getMethods(Ljava/lang/Class;Ljava/lang/String;)Lorg/codehaus/groovy/runtime/metaclass/MetaMethodIndex$Entry; @ 61
Event: 43.002 Thread 0x0000000059f3d000 Uncommon trap: reason=bimorphic action=maybe_recompile pc=0x0000000004382628 method=org.codehaus.groovy.runtime.metaclass.MetaMethodIndex.addMethodToList(Ljava/lang/Object;Lgroovy/lang/MetaMethod;)Ljava/lang/Object; @ 97
Event: 43.002 Thread 0x0000000059f3d000 Uncommon trap: reason=bimorphic action=maybe_recompile pc=0x0000000004382628 method=org.codehaus.groovy.runtime.metaclass.MetaMethodIndex.addMethodToList(Ljava/lang/Object;Lgroovy/lang/MetaMethod;)Ljava/lang/Object; @ 97
Event: 44.067 Thread 0x0000000059f3d000 Uncommon trap: reason=array_check action=maybe_recompile pc=0x00000000032e3b94 method=java.util.AbstractCollection.toArray([Ljava/lang/Object;)[Ljava/lang/Object; @ 119
Event: 44.067 Thread 0x0000000059f3d000 Uncommon trap: reason=array_check action=maybe_recompile pc=0x00000000032e3b94 method=java.util.AbstractCollection.toArray([Ljava/lang/Object;)[Ljava/lang/Object; @ 119
Event: 44.083 Thread 0x0000000059f3d000 Uncommon trap: reason=array_check action=maybe_recompile pc=0x00000000032e3b94 method=java.util.AbstractCollection.toArray([Ljava/lang/Object;)[Ljava/lang/Object; @ 119
Event: 44.083 Thread 0x0000000059f3d000 Uncommon trap: reason=array_check action=maybe_recompile pc=0x00000000032e3b94 method=java.util.AbstractCollection.toArray([Ljava/lang/Object;)[Ljava/lang/Object; @ 119

Internal exceptions (10 events):
Event: 44.512 Thread 0x0000000059f3d000 Exception <a 'java/security/PrivilegedActionException'> (0x00000000f641b7c0) thrown at [C:\re\workspace\8-2-build-windows-amd64-cygwin\jdk8u11\648\hotspot\src\share\vm\prims\jvm.cpp, line 1248]
Event: 44.513 Thread 0x0000000059f3d000 Exception <a 'java/lang/ClassNotFoundException': org/codehaus/groovy/grails/web/util/TagLibraryMetaUtils$_registerPropertyMissingForTag_closure6BeanInfo> (0x00000000f641c740) thrown at [C:\re\workspace\8-2-build-windows-amd64-cygwin\jdk8u11\648\hotspot\src
Event: 44.513 Thread 0x0000000059f3d000 Exception <a 'java/security/PrivilegedActionException'> (0x00000000f641dd48) thrown at [C:\re\workspace\8-2-build-windows-amd64-cygwin\jdk8u11\648\hotspot\src\share\vm\prims\jvm.cpp, line 1248]
Event: 44.513 Thread 0x0000000059f3d000 Exception <a 'java/security/PrivilegedActionException'> (0x00000000f6423de8) thrown at [C:\re\workspace\8-2-build-windows-amd64-cygwin\jdk8u11\648\hotspot\src\share\vm\prims\jvm.cpp, line 1248]
Event: 44.513 Thread 0x0000000059f3d000 Exception <a 'java/security/PrivilegedActionException'> (0x00000000f643be50) thrown at [C:\re\workspace\8-2-build-windows-amd64-cygwin\jdk8u11\648\hotspot\src\share\vm\prims\jvm.cpp, line 1248]
Event: 44.514 Thread 0x0000000059f3d000 Exception <a 'java/security/PrivilegedActionException'> (0x00000000f6459f98) thrown at [C:\re\workspace\8-2-build-windows-amd64-cygwin\jdk8u11\648\hotspot\src\share\vm\prims\jvm.cpp, line 1248]
Event: 44.514 Thread 0x0000000059f3d000 Exception <a 'java/security/PrivilegedActionException'> (0x00000000f6460038) thrown at [C:\re\workspace\8-2-build-windows-amd64-cygwin\jdk8u11\648\hotspot\src\share\vm\prims\jvm.cpp, line 1248]
Event: 44.514 Thread 0x0000000059f3d000 Exception <a 'java/security/PrivilegedActionException'> (0x00000000f64780a0) thrown at [C:\re\workspace\8-2-build-windows-amd64-cygwin\jdk8u11\648\hotspot\src\share\vm\prims\jvm.cpp, line 1248]
Event: 44.515 Thread 0x0000000059f3d000 Exception <a 'java/security/PrivilegedActionException'> (0x00000000f64ad018) thrown at [C:\re\workspace\8-2-build-windows-amd64-cygwin\jdk8u11\648\hotspot\src\share\vm\prims\jvm.cpp, line 1248]
Event: 44.515 Thread 0x0000000059f3d000 Exception <a 'java/lang/ClassNotFoundException': org/codehaus/groovy/grails/web/util/TagLibraryMetaUtils$_registerPropertyMissingForTag_closure6Customizer> (0x00000000f64adfa0) thrown at [C:\re\workspace\8-2-build-windows-amd64-cygwin\jdk8u11\648\hotspot\s’ä“‘ñAF@

Events (10 events):
Event: 44.543 Thread 0x0000000059f3d000 DEOPT PACKING pc=0x00000000041326b5 sp=0x0000000058f3c590
Event: 44.543 Thread 0x0000000059f3d000 DEOPT UNPACKING pc=0x0000000002e67204 sp=0x0000000058f3c2d0 mode 0
Event: 44.543 Thread 0x0000000059f3d000 DEOPT PACKING pc=0x00000000041326b5 sp=0x0000000058f3c590
Event: 44.543 Thread 0x0000000059f3d000 DEOPT UNPACKING pc=0x0000000002e67204 sp=0x0000000058f3c2d0 mode 0
Event: 44.544 Thread 0x0000000059f3d000 DEOPT PACKING pc=0x00000000041326b5 sp=0x0000000058f3c590
Event: 44.544 Thread 0x0000000059f3d000 DEOPT UNPACKING pc=0x0000000002e67204 sp=0x0000000058f3c2d0 mode 0
Event: 44.547 Thread 0x0000000059f3d000 DEOPT PACKING pc=0x00000000041326b5 sp=0x0000000058f3c590
Event: 44.547 Thread 0x0000000059f3d000 DEOPT UNPACKING pc=0x0000000002e67204 sp=0x0000000058f3c2d0 mode 0
Event: 44.548 Thread 0x0000000059f3d000 DEOPT PACKING pc=0x00000000041326b5 sp=0x0000000058f3c590
Event: 44.549 Thread 0x0000000059f3d000 DEOPT UNPACKING pc=0x0000000002e67204 sp=0x0000000058f3c2d0 mode 0


Dynamic libraries:
0x000000013fe50000 - 0x000000013fe84000 	C:\Program Files\Java\jdk1.8.0_11\bin\java.exe
0x0000000077980000 - 0x0000000077b29000 	C:\Windows\SYSTEM32\ntdll.dll
0x0000000077860000 - 0x000000007797f000 	C:\Windows\system32\kernel32.dll
0x000007fefe140000 - 0x000007fefe1ac000 	C:\Windows\system32\KERNELBASE.dll
0x000007feff400000 - 0x000007feff4db000 	C:\Windows\system32\ADVAPI32.dll
0x000007feffb10000 - 0x000007feffbaf000 	C:\Windows\system32\msvcrt.dll
0x000007feffae0000 - 0x000007feffaff000 	C:\Windows\SYSTEM32\sechost.dll
0x000007fefef40000 - 0x000007feff06d000 	C:\Windows\system32\RPCRT4.dll
0x0000000077280000 - 0x000000007737a000 	C:\Windows\system32\USER32.dll
0x000007feffc20000 - 0x000007feffc87000 	C:\Windows\system32\GDI32.dll
0x000007feffc10000 - 0x000007feffc1e000 	C:\Windows\system32\LPK.dll
0x000007feff560000 - 0x000007feff629000 	C:\Windows\system32\USP10.dll
0x000007fefc3e0000 - 0x000007fefc5d4000 	C:\Windows\WinSxS\amd64_microsoft.windows.common-controls_6595b64144ccf1df_6.0.7601.17514_none_fa396087175ac9ac\COMCTL32.dll
0x000007feff4e0000 - 0x000007feff551000 	C:\Windows\system32\SHLWAPI.dll
0x000007feff110000 - 0x000007feff13e000 	C:\Windows\system32\IMM32.DLL
0x000007feff720000 - 0x000007feff829000 	C:\Windows\system32\MSCTF.dll
0x0000000180000000 - 0x000000018001c000 	C:\Windows\system32\btpload64.dll
0x0000000077b40000 - 0x0000000077b47000 	C:\Windows\system32\PSAPI.DLL
0x00000000001d0000 - 0x00000000001fc000 	C:\Windows\system32\privman64.dll
0x000007fefdd30000 - 0x000007fefdd3c000 	C:\Windows\system32\VERSION.dll
0x000007fefe1b0000 - 0x000007fefef39000 	C:\Windows\system32\SHELL32.dll
0x000007fefdd10000 - 0x000007fefdd2e000 	C:\Windows\system32\USERENV.dll
0x000007fefdde0000 - 0x000007fefddef000 	C:\Windows\system32\profapi.dll
0x000000006e110000 - 0x000000006e1e2000 	C:\Program Files\Java\jdk1.8.0_11\jre\bin\msvcr100.dll
0x000000005a7b0000 - 0x000000005afda000 	C:\Program Files\Java\jdk1.8.0_11\jre\bin\server\jvm.dll
0x000007fefd2c0000 - 0x000007fefd2c9000 	C:\Windows\system32\WSOCK32.dll
0x000007feff6d0000 - 0x000007feff71d000 	C:\Windows\system32\WS2_32.dll
0x000007feffb00000 - 0x000007feffb08000 	C:\Windows\system32\NSI.dll
0x000007fefb930000 - 0x000007fefb96b000 	C:\Windows\system32\WINMM.dll
0x0000000070860000 - 0x000000007086f000 	C:\Program Files\Java\jdk1.8.0_11\jre\bin\verify.dll
0x0000000070830000 - 0x0000000070858000 	C:\Program Files\Java\jdk1.8.0_11\jre\bin\java.dll
0x000000006c180000 - 0x000000006c1a3000 	C:\Program Files\Java\jdk1.8.0_11\jre\bin\instrument.dll
0x0000000070680000 - 0x0000000070696000 	C:\Program Files\Java\jdk1.8.0_11\jre\bin\zip.dll
0x000007feff830000 - 0x000007feffa33000 	C:\Windows\system32\ole32.dll
0x000007fefd680000 - 0x000007fefd697000 	C:\Windows\system32\CRYPTSP.dll
0x000007fefd380000 - 0x000007fefd3c7000 	C:\Windows\system32\rsaenh.dll
0x000007fefdce0000 - 0x000007fefdcef000 	C:\Windows\system32\CRYPTBASE.dll
0x0000000070660000 - 0x000000007067a000 	C:\Program Files\Java\jdk1.8.0_11\jre\bin\net.dll
0x000007fefd620000 - 0x000007fefd675000 	C:\Windows\system32\mswsock.dll
0x000007fefd610000 - 0x000007fefd617000 	C:\Windows\System32\wship6.dll
0x000007fefcd80000 - 0x000007fefcda7000 	C:\Windows\system32\IPHLPAPI.DLL
0x000007fefcd70000 - 0x000007fefcd7b000 	C:\Windows\system32\WINNSI.DLL
0x000007fefb3d0000 - 0x000007fefb3e8000 	C:\Windows\system32\dhcpcsvc.DLL
0x000007fefb3b0000 - 0x000007fefb3c1000 	C:\Windows\system32\dhcpcsvc6.DLL
0x0000000070640000 - 0x0000000070651000 	C:\Program Files\Java\jdk1.8.0_11\jre\bin\nio.dll
0x000007fefb1f0000 - 0x000007fefb1fa000 	C:\Users\rgopal\AppData\Local\Temp\jansi-64-3779523276302254530.dll
0x0000000070590000 - 0x000000007059d000 	C:\Program Files\Java\jdk1.8.0_11\jre\bin\management.dll
0x000007fefce80000 - 0x000007fefce87000 	C:\Windows\System32\wshtcpip.dll
0x000007fefd4a0000 - 0x000007fefd4fb000 	C:\Windows\system32\DNSAPI.dll
0x0000000074fa0000 - 0x0000000074fc6000 	C:\Program Files\Bonjour\mdnsNSP.dll
0x000007fefb340000 - 0x000007fefb348000 	C:\Windows\system32\rasadhlp.dll
0x000007fefb350000 - 0x000007fefb3a3000 	C:\Windows\System32\fwpuclnt.dll
0x000007fefb450000 - 0x000007fefb465000 	C:\Windows\system32\NLAapi.dll
0x000007fefb430000 - 0x000007fefb445000 	C:\Windows\system32\napinsp.dll
0x000007fefb410000 - 0x000007fefb429000 	C:\Windows\system32\pnrpnsp.dll
0x000007fefb400000 - 0x000007fefb40b000 	C:\Windows\System32\winrnr.dll
0x000007fefb3f0000 - 0x000007fefb400000 	C:\Windows\system32\wshbth.dll
0x000007fef6a90000 - 0x000007fef6bb5000 	C:\Windows\system32\dbghelp.dll

VM Arguments:
jvm_args: -Dfile.encoding=UTF-8 -Xmx768M -Xms64M -Dgrails.fork.parent.process.port=51095 -Dgrails.fork.active=true -Dgrails.build.execution.context=C:\Users\rgopal\AppData\Local\Temp\central1319032851701995651grails-execution-context -Dgrails.home=C:\Users\rgopal\Documents\grails-2.4.4\grails-2.4.4 -javaagent:C:\Users\rgopal\Documents\grails-2.4.4\grails-2.4.4\lib\org.springframework\springloaded\jars\springloaded-1.2.1.RELEASE.jar -Xverify:none -Dspringloaded.synchronize=true -Djdk.reflect.allowGetCallerClass=true -Dspringloaded=profile=grails;cacheDir=C:\Users\rgopal/.grails/2.4.4/ 
java_command: org.grails.plugins.tomcat.fork.ForkedTomcatServer
java_class_path (initial): C:\Program Files\Java\jdk1.8.0_11\lib\tools.jar;C:\Users\rgopal\Documents\grails-2.4.4\grails-2.4.4\lib\org.codehaus.groovy\groovy-all\jars\groovy-all-2.3.7.jar;C:\Users\rgopal\Documents\grails-2.4.4\grails-2.4.4\lib\org.slf4j\jcl-over-slf4j\jars\jcl-over-slf4j-1.7.5.jar;C:\Users\rgopal\Documents\grails-2.4.4\grails-2.4.4\lib\org.codehaus.gant\gant_groovy1.8\jars\gant_groovy1.8-1.9.6.jar;C:\Users\rgopal\Documents\grails-2.4.4\grails-2.4.4\lib\org.apache.tomcat.embed\tomcat-embed-logging-log4j\jars\tomcat-embed-logging-log4j-7.0.50.jar;C:\Users\rgopal\Documents\grails-2.4.4\grails-2.4.4\dist\grails-plugin-log4j-2.4.4.jar;C:\Users\rgopal\Documents\grails-2.4.4\grails-2.4.4\lib\log4j\log4j\jars\log4j-1.2.17.jar;C:\Users\rgopal\Documents\grails-2.4.4\grails-2.4.4\dist\grails-bootstrap-2.4.4.jar;C:\Users\rgopal\Documents\grails-2.4.4\grails-2.4.4\lib\org.slf4j\slf4j-api\jars\slf4j-api-1.7.5.jar;C:\Users\rgopal\Documents\grails-2.4.4\grails-2.4.4\lib\jline\jline\jars\jline-2.12.jar;C:\Users\rgopal\Documents\grails-2.4.4\grails-2.4.4\lib\org.apache.ant\ant\jars\ant-1.8.4.jar;C:\Users\rgopal\Documents\grails-2.4.4\grails-2.4.4\lib\org.apache.ant\ant-launcher\jars\ant-launcher-1.8.4.jar;C:\Users\rgopal\Documents\grails-2.4.4\grails-2.4.4\lib\org.apache.ant\ant-trax\jars\ant-trax-1.7.1.jar;C:\Users\rgopal\Documents\grails-2.4.4\grails-2.4.4\lib\org.apache.ant\ant-junit\jars\ant-junit-1.8.4.jar;C:\Users\rgopal\Documents\grails-2.4.4\grails-2.4.4\lib\org.apache.ivy\ivy\jars\ivy-2.3.0.jar;C:\Users\rgopal\Documents\grails-2.4.4\grails-2.4.4\lib\org.fusesource.jansi\jansi\jars\jansi-1.11.jar;C:\Users\rgopal\.m2\repository\org\apache\tomcat\tomcat-catalina-ant\7.0.55\tomcat-catalina-ant-7.0.55.jar;C:\Users\rgopal\.m2\repository\org\apache\tomcat\embed\tomcat-embed-jasper\7.0.55\tomcat-embed-jasper-7.0.55.jar;C:\Users\rgopal\.m2\repository\org\apache\tomcat\embed\tomcat-embed-el\7.0.55\tomcat-embed-el-7.0.55.jar;C:\Users\rgopal\.m2\repository\org\apache\
Launcher Type: SUN_STANDARD

Environment Variables:
JAVA_HOME=C:\Program Files\Java\jdk1.8.0_11
PATH=C:\Windows\system32;C:\Windows;C:\Windows\System32\Wbem;C:\Windows\System32\WindowsPowerShell\v1.0\;C:\users\rgopal\My Documents\springsource\grails-2.3.5\bin\;c:\Program Files\Java\jdk1.7.0_51\bin\;C:\Program Files (x86)\MiKTeX 2.9\miktex\bin\
USERNAME=rgopal
OS=Windows_NT
PROCESSOR_IDENTIFIER=Intel64 Family 6 Model 37 Stepping 5, GenuineIntel



---------------  S Y S T E M  ---------------

OS: Windows 7 , 64 bit Build 7601 Service Pack 1

CPU:total 4 (2 cores per cpu, 2 threads per core) family 6 model 37 stepping 5, cmov, cx8, fxsr, mmx, sse, sse2, sse3, ssse3, sse4.1, sse4.2, popcnt, aes, clmul, ht, tsc, tscinvbit

Memory: 4k page, physical 8181608k(1435524k free), swap 16361352k(7718716k free)

vm_info: Java HotSpot(TM) 64-Bit Server VM (25.11-b03) for windows-amd64 JRE (1.8.0_11-b12), built on Jun 16 2014 20:57:32 by "java_re" with MS VC++ 10.0 (VS2010)

time: Sat Apr 11 15:24:14 2015
elapsed time: 44 seconds

