#
# A fatal error has been detected by the Java Runtime Environment:
#
#  EXCEPTION_ACCESS_VIOLATION (0xc0000005) at pc=0x000000005abd4db2, pid=4124, tid=10492
#
# JRE version: Java(TM) SE Runtime Environment (8.0_11-b12) (build 1.8.0_11-b12)
# Java VM: Java HotSpot(TM) 64-Bit Server VM (25.11-b03 mixed mode windows-amd64 compressed oops)
# Problematic frame:
# V  [jvm.dll+0x424db2]
#
# Failed to write core dump. Minidumps are not enabled by default on client versions of Windows
#
# If you would like to submit a bug report, please visit:
#   http://bugreport.sun.com/bugreport/crash.jsp
#

---------------  T H R E A D  ---------------

Current thread (0x000000005625d000):  JavaThread "C2 CompilerThread1" daemon [_thread_in_native, id=10492, stack(0x00000000569d0000,0x0000000056ad0000)]

siginfo: ExceptionCode=0xc0000005, reading address 0x0000000000000000

Registers:
RAX=0x000000005cda3f48, RBX=0x0000000000000600, RCX=0x0000000000000000, RDX=0x000000005ee0df20
RSP=0x0000000056acc6c0, RBP=0x00000000000000c0, RSI=0x00000000000000b8, RDI=0x0000000000000000
R8 =0x000000005a7b0000, R9 =0x0000000056acc9e0, R10=0x00000000ffffffff, R11=0x00000000562818a0
R12=0x000000005cda4650, R13=0x000000005eba3d68, R14=0x0000000000000008, R15=0x000000005eba3d68
RIP=0x000000005abd4db2, EFLAGS=0x0000000000010206

Top of Stack: (sp=0x0000000056acc6c0)
0x0000000056acc6c0:   00000000000000da 00000000000000b0
0x0000000056acc6d0:   000000000000000a 000000005c83f120
0x0000000056acc6e0:   0000000000000001 0000000000000600
0x0000000056acc6f0:   0000000000000180 00000000000000c0
0x0000000056acc700:   0000000058845990 0000000056255430
0x0000000056acc710:   00000000000006f8 000000005ee09a50
0x0000000056acc720:   0000000056acc9e0 000000005cda10b0
0x0000000056acc730:   0000000000000020 0000000000000009
0x0000000056acc740:   000000005cda4620 00000000000000da
0x0000000056acc750:   000000005eba3d68 000000005abd598d
0x0000000056acc760:   000000005cda4620 000000000000001c
0x0000000056acc770:   00000000000000da 0000000056acc9e0
0x0000000056acc780:   000000005ee0df20 00000000000000da
0x0000000056acc790:   000000005cda10b0 0000000000000020
0x0000000056acc7a0:   0000000058da5258 0000000056aced50
0x0000000056acc7b0:   0000000058da5888 000000005cda4620 

Instructions: (pc=0x000000005abd4db2)
0x000000005abd4d92:   c6 48 63 f0 48 03 f1 eb 04 48 83 ce ff 48 8b 84
0x000000005abd4da2:   24 a0 00 00 00 48 8b 40 08 48 8b 3c 03 48 8b cf
0x000000005abd4db2:   48 8b 07 ff 50 28 4c 8d 05 41 b2 bd ff 48 63 50
0x000000005abd4dc2:   10 4c 8b d8 48 8b ca 48 c1 e1 05 42 80 bc 01 c0 


Register to memory mapping:

RAX=0x000000005cda3f48 is an unknown value
RBX=0x0000000000000600 is an unknown value
RCX=0x0000000000000000 is an unknown value
RDX=0x000000005ee0df20 is an unknown value
RSP=0x0000000056acc6c0 is pointing into the stack for thread: 0x000000005625d000
RBP=0x00000000000000c0 is an unknown value
RSI=0x00000000000000b8 is an unknown value
RDI=0x0000000000000000 is an unknown value
R8 =0x000000005a7b0000 is an unknown value
R9 =0x0000000056acc9e0 is pointing into the stack for thread: 0x000000005625d000
R10=0x00000000ffffffff is an unknown value
R11=0x00000000562818a0 is an unknown value
R12=0x000000005cda4650 is an unknown value
R13=0x000000005eba3d68 is an unknown value
R14=0x0000000000000008 is an unknown value
R15=0x000000005eba3d68 is an unknown value


Stack: [0x00000000569d0000,0x0000000056ad0000],  sp=0x0000000056acc6c0,  free space=1009k
Native frames: (J=compiled Java code, j=interpreted, Vv=VM code, C=native code)
V  [jvm.dll+0x424db2]
V  [jvm.dll+0x42598d]
V  [jvm.dll+0x425ecf]
V  [jvm.dll+0x4c5a84]
V  [jvm.dll+0x4415bc]
V  [jvm.dll+0x443a29]
V  [jvm.dll+0x427722]
V  [jvm.dll+0x96982]
V  [jvm.dll+0x97173]
V  [jvm.dll+0x2234b4]
V  [jvm.dll+0x27bcca]
C  [msvcr100.dll+0x21d9f]
C  [msvcr100.dll+0x21e3b]
C  [kernel32.dll+0x159ed]
C  [ntdll.dll+0x2c541]


Current CompileTask:
C2:  41365 7150       4       groovy.lang.MetaClassImpl::findPropertyMethod (356 bytes)


---------------  P R O C E S S  ---------------

Java Threads: ( => current thread )
  0x000000005a3ff000 JavaThread "com.oumuo.SecurityGroup.data" daemon [_thread_blocked, id=6032, stack(0x00000000602c0000,0x00000000603c0000)]
  0x000000005a3fe800 JavaThread "com.oumuo.Authority.data" daemon [_thread_blocked, id=7776, stack(0x000000005dd20000,0x000000005de20000)]
  0x000000005a3fc000 JavaThread "net.sf.ehcache.CacheManager@7e0e2629" daemon [_thread_blocked, id=10376, stack(0x000000005d3c0000,0x000000005d4c0000)]
  0x000000005a3fb800 JavaThread "PoolCleaner[1070157899:1428768927282]" daemon [_thread_blocked, id=12132, stack(0x000000005f740000,0x000000005f840000)]
  0x0000000059afd800 JavaThread "FileSystemWatcher: files=#279 cl=groovy.lang.GroovyClassLoader@3fc9504b" daemon [_thread_blocked, id=5224, stack(0x0000000057810000,0x0000000057910000)]
  0x0000000059710000 JavaThread "localhost-startStop-1" daemon [_thread_in_vm, id=9260, stack(0x000000005b060000,0x000000005b160000)]
  0x00000000586e5000 JavaThread "Tomcat-startStop-1" daemon [_thread_blocked, id=7572, stack(0x000000005b680000,0x000000005b780000)]
  0x00000000585eb000 JavaThread "Thread-3" [_thread_in_native, id=10624, stack(0x0000000059250000,0x0000000059350000)]
  0x0000000058563800 JavaThread "Thread-2" [_thread_blocked, id=7224, stack(0x000000005b170000,0x000000005b270000)]
  0x00000000572fd800 JavaThread "NonBlockingInputStreamThread" daemon [_thread_blocked, id=10776, stack(0x0000000057ce0000,0x0000000057de0000)]
  0x0000000056396800 JavaThread "Service Thread" daemon [_thread_blocked, id=9308, stack(0x0000000056b60000,0x0000000056c60000)]
  0x0000000056252000 JavaThread "C1 CompilerThread2" daemon [_thread_blocked, id=10984, stack(0x0000000056c70000,0x0000000056d70000)]
=>0x000000005625d000 JavaThread "C2 CompilerThread1" daemon [_thread_in_native, id=10492, stack(0x00000000569d0000,0x0000000056ad0000)]
  0x000000005625c000 JavaThread "C2 CompilerThread0" daemon [_thread_in_native, id=8036, stack(0x0000000056790000,0x0000000056890000)]
  0x0000000056164800 JavaThread "Attach Listener" daemon [_thread_blocked, id=8216, stack(0x00000000568d0000,0x00000000569d0000)]
  0x0000000054dc7800 JavaThread "Signal Dispatcher" daemon [_thread_blocked, id=5760, stack(0x0000000056650000,0x0000000056750000)]
  0x0000000054d61000 JavaThread "Finalizer" daemon [_thread_blocked, id=11892, stack(0x0000000056060000,0x0000000056160000)]
  0x0000000054d5c000 JavaThread "Reference Handler" daemon [_thread_blocked, id=7452, stack(0x0000000055df0000,0x0000000055ef0000)]
  0x00000000028da000 JavaThread "main" [_thread_blocked, id=9436, stack(0x0000000002ad0000,0x0000000002bd0000)]

Other Threads:
  0x0000000054d58800 VMThread [stack: 0x0000000055f20000,0x0000000056020000] [id=9644]
  0x00000000563d2800 WatcherThread [stack: 0x0000000056da0000,0x0000000056ea0000] [id=5244]

VM state:not at safepoint (normal execution)

VM Mutex/Monitor currently owned by a thread: None

Heap:
 PSYoungGen      total 209408K, used 112250K [0x00000000f0000000, 0x0000000100000000, 0x0000000100000000)
  eden space 172032K, 43% used [0x00000000f0000000,0x00000000f4941ff0,0x00000000fa800000)
  from space 37376K, 99% used [0x00000000fa800000,0x00000000fcc5c9f8,0x00000000fcc80000)
  to   space 49152K, 0% used [0x00000000fd000000,0x00000000fd000000,0x0000000100000000)
 ParOldGen       total 115200K, used 95908K [0x00000000d0000000, 0x00000000d7080000, 0x00000000f0000000)
  object space 115200K, 83% used [0x00000000d0000000,0x00000000d5da9288,0x00000000d7080000)
 Metaspace       used 69282K, capacity 71056K, committed 71424K, reserved 1112064K
  class space    used 7321K, capacity 7840K, committed 7936K, reserved 1048576K

Card table byte_map: [0x0000000012120000,0x00000000122b0000] byte_map_base: 0x0000000011aa0000

Marking Bits: (ParMarkBitMap*) 0x000000005af612b0
 Begin Bits: [0x0000000012a50000, 0x0000000013650000)
 End Bits:   [0x0000000013650000, 0x0000000014250000)

Polling page: 0x0000000001bc0000

CodeCache: size=245760Kb used=24211Kb max_used=24948Kb free=221548Kb
 bounds [0x0000000002d60000, 0x0000000004600000, 0x0000000011d60000]
 total_blobs=6918 nmethods=6154 adapters=675
 compilation: enabled

Compilation events (10 events):
Event: 41.170 Thread 0x0000000056252000 7168       3       com.sun.org.apache.xerces.internal.xni.XMLString::toString (32 bytes)
Event: 41.170 Thread 0x0000000056252000 nmethod 7168 0x0000000003299f10 code [0x000000000329a080, 0x000000000329a2c8]
Event: 41.170 Thread 0x0000000056252000 7169       2       com.sun.org.apache.xerces.internal.util.XMLStringBuffer::clear (11 bytes)
Event: 41.170 Thread 0x0000000056252000 nmethod 7169 0x0000000003059b50 code [0x0000000003059ca0, 0x0000000003059df0]
Event: 41.171 Thread 0x0000000056252000 7170       3       com.sun.org.apache.xerces.internal.impl.dtd.DTDGrammar::getAttributeDecl (173 bytes)
Event: 41.171 Thread 0x0000000056252000 nmethod 7170 0x00000000038a1390 code [0x00000000038a1560, 0x00000000038a1b68]
Event: 41.171 Thread 0x0000000056252000 7171       3       com.sun.org.apache.xerces.internal.impl.dtd.XMLSimpleType::setValues (82 bytes)
Event: 41.172 Thread 0x0000000056252000 nmethod 7171 0x000000000348ae50 code [0x000000000348afc0, 0x000000000348b388]
Event: 41.172 Thread 0x0000000056252000 7172       3       com.sun.org.apache.xerces.internal.impl.dtd.DTDGrammar::getNextAttributeDeclIndex (20 bytes)
Event: 41.172 Thread 0x0000000056252000 nmethod 7172 0x0000000003381510 code [0x0000000003381680, 0x0000000003381830]

GC Heap History (10 events):
Event: 33.488 GC heap before
{Heap before GC invocations=54 (full 6):
 PSYoungGen      total 228352K, used 219447K [0x00000000f0000000, 0x0000000100000000, 0x0000000100000000)
  eden space 194560K, 95% used [0x00000000f0000000,0x00000000fb5536a0,0x00000000fbe00000)
  from space 33792K, 99% used [0x00000000fbe00000,0x00000000fdefa760,0x00000000fdf00000)
  to   space 33792K, 0% used [0x00000000fdf00000,0x00000000fdf00000,0x0000000100000000)
 ParOldGen       total 96256K, used 78254K [0x00000000d0000000, 0x00000000d5e00000, 0x00000000f0000000)
  object space 96256K, 81% used [0x00000000d0000000,0x00000000d4c6b9a8,0x00000000d5e00000)
 Metaspace       used 65451K, capacity 67096K, committed 67584K, reserved 1110016K
  class space    used 6827K, capacity 7306K, committed 7424K, reserved 1048576K
Event: 33.544 GC heap after
Heap after GC invocations=54 (full 6):
 PSYoungGen      total 214016K, used 26655K [0x00000000f0000000, 0x0000000100000000, 0x0000000100000000)
  eden space 180224K, 0% used [0x00000000f0000000,0x00000000f0000000,0x00000000fb000000)
  from space 33792K, 78% used [0x00000000fdf00000,0x00000000ff907c58,0x0000000100000000)
  to   space 40960K, 0% used [0x00000000fb000000,0x00000000fb000000,0x00000000fd800000)
 ParOldGen       total 96256K, used 90508K [0x00000000d0000000, 0x00000000d5e00000, 0x00000000f0000000)
  object space 96256K, 94% used [0x00000000d0000000,0x00000000d58633a0,0x00000000d5e00000)
 Metaspace       used 65451K, capacity 67096K, committed 67584K, reserved 1110016K
  class space    used 6827K, capacity 7306K, committed 7424K, reserved 1048576K
}
Event: 33.544 GC heap before
{Heap before GC invocations=55 (full 7):
 PSYoungGen      total 214016K, used 26655K [0x00000000f0000000, 0x0000000100000000, 0x0000000100000000)
  eden space 180224K, 0% used [0x00000000f0000000,0x00000000f0000000,0x00000000fb000000)
  from space 33792K, 78% used [0x00000000fdf00000,0x00000000ff907c58,0x0000000100000000)
  to   space 40960K, 0% used [0x00000000fb000000,0x00000000fb000000,0x00000000fd800000)
 ParOldGen       total 96256K, used 90508K [0x00000000d0000000, 0x00000000d5e00000, 0x00000000f0000000)
  object space 96256K, 94% used [0x00000000d0000000,0x00000000d58633a0,0x00000000d5e00000)
 Metaspace       used 65451K, capacity 67096K, committed 67584K, reserved 1110016K
  class space    used 6827K, capacity 7306K, committed 7424K, reserved 1048576K
Event: 35.178 GC heap after
Heap after GC invocations=55 (full 7):
 PSYoungGen      total 214016K, used 19755K [0x00000000f0000000, 0x0000000100000000, 0x0000000100000000)
  eden space 180224K, 0% used [0x00000000f0000000,0x00000000f0000000,0x00000000fb000000)
  from space 33792K, 58% used [0x00000000fdf00000,0x00000000ff24afc0,0x0000000100000000)
  to   space 40960K, 0% used [0x00000000fb000000,0x00000000fb000000,0x00000000fd800000)
 ParOldGen       total 115200K, used 95892K [0x00000000d0000000, 0x00000000d7080000, 0x00000000f0000000)
  object space 115200K, 83% used [0x00000000d0000000,0x00000000d5da5288,0x00000000d7080000)
 Metaspace       used 65451K, capacity 67096K, committed 67584K, reserved 1110016K
  class space    used 6827K, capacity 7306K, committed 7424K, reserved 1048576K
}
Event: 36.801 GC heap before
{Heap before GC invocations=56 (full 7):
 PSYoungGen      total 214016K, used 199979K [0x00000000f0000000, 0x0000000100000000, 0x0000000100000000)
  eden space 180224K, 100% used [0x00000000f0000000,0x00000000fb000000,0x00000000fb000000)
  from space 33792K, 58% used [0x00000000fdf00000,0x00000000ff24afc0,0x0000000100000000)
  to   space 40960K, 0% used [0x00000000fb000000,0x00000000fb000000,0x00000000fd800000)
 ParOldGen       total 115200K, used 95892K [0x00000000d0000000, 0x00000000d7080000, 0x00000000f0000000)
  object space 115200K, 83% used [0x00000000d0000000,0x00000000d5da5288,0x00000000d7080000)
 Metaspace       used 66253K, capacity 68050K, committed 68352K, reserved 1110016K
  class space    used 6908K, capacity 7422K, committed 7424K, reserved 1048576K
Event: 36.911 GC heap after
Heap after GC invocations=56 (full 7):
 PSYoungGen      total 206336K, used 26063K [0x00000000f0000000, 0x0000000100000000, 0x0000000100000000)
  eden space 180224K, 0% used [0x00000000f0000000,0x00000000f0000000,0x00000000fb000000)
  from space 26112K, 99% used [0x00000000fb000000,0x00000000fc973e58,0x00000000fc980000)
  to   space 41984K, 0% used [0x00000000fd700000,0x00000000fd700000,0x0000000100000000)
 ParOldGen       total 115200K, used 95900K [0x00000000d0000000, 0x00000000d7080000, 0x00000000f0000000)
  object space 115200K, 83% used [0x00000000d0000000,0x00000000d5da7288,0x00000000d7080000)
 Metaspace       used 66253K, capacity 68050K, committed 68352K, reserved 1110016K
  class space    used 6908K, capacity 7422K, committed 7424K, reserved 1048576K
}
Event: 39.406 GC heap before
{Heap before GC invocations=57 (full 7):
 PSYoungGen      total 206336K, used 199674K [0x00000000f0000000, 0x0000000100000000, 0x0000000100000000)
  eden space 180224K, 96% used [0x00000000f0000000,0x00000000fa98ad68,0x00000000fb000000)
  from space 26112K, 99% used [0x00000000fb000000,0x00000000fc973e58,0x00000000fc980000)
  to   space 41984K, 0% used [0x00000000fd700000,0x00000000fd700000,0x0000000100000000)
 ParOldGen       total 115200K, used 95900K [0x00000000d0000000, 0x00000000d7080000, 0x00000000f0000000)
  object space 115200K, 83% used [0x00000000d0000000,0x00000000d5da7288,0x00000000d7080000)
 Metaspace       used 67976K, capacity 69726K, committed 69888K, reserved 1112064K
  class space    used 7155K, capacity 7658K, committed 7680K, reserved 1048576K
Event: 39.492 GC heap after
Heap after GC invocations=57 (full 7):
 PSYoungGen      total 214016K, used 33837K [0x00000000f0000000, 0x0000000100000000, 0x0000000100000000)
  eden space 172032K, 0% used [0x00000000f0000000,0x00000000f0000000,0x00000000fa800000)
  from space 41984K, 80% used [0x00000000fd700000,0x00000000ff80b708,0x0000000100000000)
  to   space 45056K, 0% used [0x00000000fa800000,0x00000000fa800000,0x00000000fd400000)
 ParOldGen       total 115200K, used 95908K [0x00000000d0000000, 0x00000000d7080000, 0x00000000f0000000)
  object space 115200K, 83% used [0x00000000d0000000,0x00000000d5da9288,0x00000000d7080000)
 Metaspace       used 67976K, capacity 69726K, committed 69888K, reserved 1112064K
  class space    used 7155K, capacity 7658K, committed 7680K, reserved 1048576K
}
Event: 40.639 GC heap before
{Heap before GC invocations=58 (full 7):
 PSYoungGen      total 214016K, used 205869K [0x00000000f0000000, 0x0000000100000000, 0x0000000100000000)
  eden space 172032K, 100% used [0x00000000f0000000,0x00000000fa800000,0x00000000fa800000)
  from space 41984K, 80% used [0x00000000fd700000,0x00000000ff80b708,0x0000000100000000)
  to   space 45056K, 0% used [0x00000000fa800000,0x00000000fa800000,0x00000000fd400000)
 ParOldGen       total 115200K, used 95908K [0x00000000d0000000, 0x00000000d7080000, 0x00000000f0000000)
  object space 115200K, 83% used [0x00000000d0000000,0x00000000d5da9288,0x00000000d7080000)
 Metaspace       used 68474K, capacity 70208K, committed 70528K, reserved 1112064K
  class space    used 7248K, capacity 7756K, committed 7808K, reserved 1048576K
Event: 40.753 GC heap after
Heap after GC invocations=58 (full 7):
 PSYoungGen      total 209408K, used 37234K [0x00000000f0000000, 0x0000000100000000, 0x0000000100000000)
  eden space 172032K, 0% used [0x00000000f0000000,0x00000000f0000000,0x00000000fa800000)
  from space 37376K, 99% used [0x00000000fa800000,0x00000000fcc5c9f8,0x00000000fcc80000)
  to   space 49152K, 0% used [0x00000000fd000000,0x00000000fd000000,0x0000000100000000)
 ParOldGen       total 115200K, used 95908K [0x00000000d0000000, 0x00000000d7080000, 0x00000000f0000000)
  object space 115200K, 83% used [0x00000000d0000000,0x00000000d5da9288,0x00000000d7080000)
 Metaspace       used 68474K, capacity 70208K, committed 70528K, reserved 1112064K
  class space    used 7248K, capacity 7756K, committed 7808K, reserved 1048576K
}

Deoptimization events (10 events):
Event: 40.562 Thread 0x0000000059710000 Uncommon trap: reason=class_check action=maybe_recompile pc=0x00000000045c02c0 method=groovy.lang.MetaClassImpl.checkIfStdMethod(Lgroovy/lang/MetaMethod;)V @ 123
Event: 40.562 Thread 0x0000000059710000 Uncommon trap: reason=class_check action=maybe_recompile pc=0x00000000045c02b4 method=groovy.lang.MetaClassImpl.checkIfStdMethod(Lgroovy/lang/MetaMethod;)V @ 60
Event: 40.562 Thread 0x0000000059710000 Uncommon trap: reason=class_check action=maybe_recompile pc=0x00000000045c02b4 method=groovy.lang.MetaClassImpl.checkIfStdMethod(Lgroovy/lang/MetaMethod;)V @ 60
Event: 40.570 Thread 0x0000000059710000 Uncommon trap: reason=unloaded action=reinterpret pc=0x00000000043ced38 method=org.codehaus.groovy.runtime.metaclass.ClosureMetaMethod.createMethodList(Ljava/lang/String;Ljava/lang/Class;Lgroovy/lang/Closure;)Ljava/util/List; @ 227
Event: 40.582 Thread 0x0000000059710000 Uncommon trap: reason=class_check action=maybe_recompile pc=0x00000000045c0284 method=groovy.lang.MetaClassImpl.isGenericGetMethod(Lgroovy/lang/MetaMethod;)Z @ 14
Event: 40.582 Thread 0x0000000059710000 Uncommon trap: reason=class_check action=maybe_recompile pc=0x00000000045c02a4 method=org.codehaus.groovy.runtime.MetaClassHelper.isGenericSetMethod(Lgroovy/lang/MetaMethod;)Z @ 14
Event: 40.582 Thread 0x0000000059710000 Uncommon trap: reason=class_check action=maybe_recompile pc=0x00000000045c0284 method=groovy.lang.MetaClassImpl.isGenericGetMethod(Lgroovy/lang/MetaMethod;)Z @ 14
Event: 40.582 Thread 0x0000000059710000 Uncommon trap: reason=class_check action=maybe_recompile pc=0x00000000045c02a4 method=org.codehaus.groovy.runtime.MetaClassHelper.isGenericSetMethod(Lgroovy/lang/MetaMethod;)Z @ 14
Event: 40.592 Thread 0x0000000059710000 Uncommon trap: reason=class_check action=maybe_recompile pc=0x0000000003e18d58 method=sun.reflect.generics.factory.CoreReflectionFactory.findTypeVariable(Ljava/lang/String;)Ljava/lang/reflect/TypeVariable; @ 5
Event: 40.592 Thread 0x0000000059710000 Uncommon trap: reason=class_check action=maybe_recompile pc=0x0000000003e18d58 method=sun.reflect.generics.factory.CoreReflectionFactory.findTypeVariable(Ljava/lang/String;)Ljava/lang/reflect/TypeVariable; @ 5

Internal exceptions (10 events):
Event: 41.072 Thread 0x0000000059710000 Exception <a 'java/security/PrivilegedActionException'> (0x00000000f22c2a48) thrown at [C:\re\workspace\8-2-build-windows-amd64-cygwin\jdk8u11\648\hotspot\src\share\vm\prims\jvm.cpp, line 1248]
Event: 41.072 Thread 0x0000000059710000 Exception <a 'java/security/PrivilegedActionException'> (0x00000000f22c6f78) thrown at [C:\re\workspace\8-2-build-windows-amd64-cygwin\jdk8u11\648\hotspot\src\share\vm\prims\jvm.cpp, line 1248]
Event: 41.158 Thread 0x0000000059710000 Exception <a 'java/security/PrivilegedActionException'> (0x00000000f22de798) thrown at [C:\re\workspace\8-2-build-windows-amd64-cygwin\jdk8u11\648\hotspot\src\share\vm\prims\jvm.cpp, line 1248]
Event: 41.158 Thread 0x0000000059710000 Exception <a 'java/security/PrivilegedActionException'> (0x00000000f22e31d0) thrown at [C:\re\workspace\8-2-build-windows-amd64-cygwin\jdk8u11\648\hotspot\src\share\vm\prims\jvm.cpp, line 1248]
Event: 41.159 Thread 0x0000000059710000 Exception <a 'java/security/PrivilegedActionException'> (0x00000000f22ece58) thrown at [C:\re\workspace\8-2-build-windows-amd64-cygwin\jdk8u11\648\hotspot\src\share\vm\prims\jvm.cpp, line 1248]
Event: 41.159 Thread 0x0000000059710000 Exception <a 'java/security/PrivilegedActionException'> (0x00000000f22f1010) thrown at [C:\re\workspace\8-2-build-windows-amd64-cygwin\jdk8u11\648\hotspot\src\share\vm\prims\jvm.cpp, line 1248]
Event: 41.159 Thread 0x0000000059710000 Exception <a 'java/security/PrivilegedActionException'> (0x00000000f22fa730) thrown at [C:\re\workspace\8-2-build-windows-amd64-cygwin\jdk8u11\648\hotspot\src\share\vm\prims\jvm.cpp, line 1248]
Event: 41.159 Thread 0x0000000059710000 Exception <a 'java/security/PrivilegedActionException'> (0x00000000f22fe8e8) thrown at [C:\re\workspace\8-2-build-windows-amd64-cygwin\jdk8u11\648\hotspot\src\share\vm\prims\jvm.cpp, line 1248]
Event: 41.160 Thread 0x0000000059710000 Exception <a 'java/security/PrivilegedActionException'> (0x00000000f2309e60) thrown at [C:\re\workspace\8-2-build-windows-amd64-cygwin\jdk8u11\648\hotspot\src\share\vm\prims\jvm.cpp, line 1248]
Event: 41.160 Thread 0x0000000059710000 Exception <a 'java/security/PrivilegedActionException'> (0x00000000f230d9b8) thrown at [C:\re\workspace\8-2-build-windows-amd64-cygwin\jdk8u11\648\hotspot\src\share\vm\prims\jvm.cpp, line 1248]

Events (10 events):
Event: 41.159 loading class org/springframework/jdbc/support/SQLStateSQLExceptionTranslator done
Event: 41.160 loading class org/springframework/jdbc/support/SQLErrorCodesFactory
Event: 41.160 loading class org/springframework/jdbc/support/SQLErrorCodesFactory done
Event: 41.164 Thread 0x0000000059710000 DEOPT PACKING pc=0x00000000037bbf25 sp=0x000000005b15bfe0
Event: 41.164 Thread 0x0000000059710000 DEOPT UNPACKING pc=0x0000000002da7204 sp=0x000000005b15bd88 mode 0
Event: 41.168 Thread 0x0000000059710000 DEOPT PACKING pc=0x00000000037bbf25 sp=0x000000005b15bcf0
Event: 41.168 Thread 0x0000000059710000 DEOPT UNPACKING pc=0x0000000002da7204 sp=0x000000005b15ba98 mode 0
Event: 41.169 Thread 0x0000000059710000 DEOPT PACKING pc=0x00000000037bbf25 sp=0x000000005b15bcf0
Event: 41.169 Thread 0x0000000059710000 DEOPT UNPACKING pc=0x0000000002da7204 sp=0x000000005b15ba98 mode 0
Event: 41.171 loading class com/sun/org/apache/xerces/internal/impl/dtd/DTDGrammar$ChildrenList


Dynamic libraries:
0x000000013f7a0000 - 0x000000013f7d4000 	C:\Program Files\Java\jdk1.8.0_11\bin\java.exe
0x0000000077980000 - 0x0000000077b29000 	C:\Windows\SYSTEM32\ntdll.dll
0x0000000077860000 - 0x000000007797f000 	C:\Windows\system32\kernel32.dll
0x000007fefe140000 - 0x000007fefe1ac000 	C:\Windows\system32\KERNELBASE.dll
0x000007feff400000 - 0x000007feff4db000 	C:\Windows\system32\ADVAPI32.dll
0x000007feffb10000 - 0x000007feffbaf000 	C:\Windows\system32\msvcrt.dll
0x000007feffae0000 - 0x000007feffaff000 	C:\Windows\SYSTEM32\sechost.dll
0x000007fefef40000 - 0x000007feff06d000 	C:\Windows\system32\RPCRT4.dll
0x0000000077280000 - 0x000000007737a000 	C:\Windows\system32\USER32.dll
0x000007feffc20000 - 0x000007feffc87000 	C:\Windows\system32\GDI32.dll
0x000007feffc10000 - 0x000007feffc1e000 	C:\Windows\system32\LPK.dll
0x000007feff560000 - 0x000007feff629000 	C:\Windows\system32\USP10.dll
0x000007fefc3e0000 - 0x000007fefc5d4000 	C:\Windows\WinSxS\amd64_microsoft.windows.common-controls_6595b64144ccf1df_6.0.7601.17514_none_fa396087175ac9ac\COMCTL32.dll
0x000007feff4e0000 - 0x000007feff551000 	C:\Windows\system32\SHLWAPI.dll
0x000007feff110000 - 0x000007feff13e000 	C:\Windows\system32\IMM32.DLL
0x000007feff720000 - 0x000007feff829000 	C:\Windows\system32\MSCTF.dll
0x0000000180000000 - 0x000000018001c000 	C:\Windows\system32\btpload64.dll
0x0000000077b40000 - 0x0000000077b47000 	C:\Windows\system32\PSAPI.DLL
0x00000000001d0000 - 0x00000000001fc000 	C:\Windows\system32\privman64.dll
0x000007fefdd30000 - 0x000007fefdd3c000 	C:\Windows\system32\VERSION.dll
0x000007fefe1b0000 - 0x000007fefef39000 	C:\Windows\system32\SHELL32.dll
0x000007fefdd10000 - 0x000007fefdd2e000 	C:\Windows\system32\USERENV.dll
0x000007fefdde0000 - 0x000007fefddef000 	C:\Windows\system32\profapi.dll
0x000000006e110000 - 0x000000006e1e2000 	C:\Program Files\Java\jdk1.8.0_11\jre\bin\msvcr100.dll
0x000000005a7b0000 - 0x000000005afda000 	C:\Program Files\Java\jdk1.8.0_11\jre\bin\server\jvm.dll
0x000007fefd2c0000 - 0x000007fefd2c9000 	C:\Windows\system32\WSOCK32.dll
0x000007feff6d0000 - 0x000007feff71d000 	C:\Windows\system32\WS2_32.dll
0x000007feffb00000 - 0x000007feffb08000 	C:\Windows\system32\NSI.dll
0x000007fefb930000 - 0x000007fefb96b000 	C:\Windows\system32\WINMM.dll
0x0000000070860000 - 0x000000007086f000 	C:\Program Files\Java\jdk1.8.0_11\jre\bin\verify.dll
0x0000000070830000 - 0x0000000070858000 	C:\Program Files\Java\jdk1.8.0_11\jre\bin\java.dll
0x000000006c180000 - 0x000000006c1a3000 	C:\Program Files\Java\jdk1.8.0_11\jre\bin\instrument.dll
0x0000000070680000 - 0x0000000070696000 	C:\Program Files\Java\jdk1.8.0_11\jre\bin\zip.dll
0x000007feff830000 - 0x000007feffa33000 	C:\Windows\system32\ole32.dll
0x000007fefd680000 - 0x000007fefd697000 	C:\Windows\system32\CRYPTSP.dll
0x000007fefd380000 - 0x000007fefd3c7000 	C:\Windows\system32\rsaenh.dll
0x000007fefdce0000 - 0x000007fefdcef000 	C:\Windows\system32\CRYPTBASE.dll
0x0000000070660000 - 0x000000007067a000 	C:\Program Files\Java\jdk1.8.0_11\jre\bin\net.dll
0x000007fefd620000 - 0x000007fefd675000 	C:\Windows\system32\mswsock.dll
0x000007fefd610000 - 0x000007fefd617000 	C:\Windows\System32\wship6.dll
0x000007fefcd80000 - 0x000007fefcda7000 	C:\Windows\system32\IPHLPAPI.DLL
0x000007fefcd70000 - 0x000007fefcd7b000 	C:\Windows\system32\WINNSI.DLL
0x000007fefb3d0000 - 0x000007fefb3e8000 	C:\Windows\system32\dhcpcsvc.DLL
0x000007fefb3b0000 - 0x000007fefb3c1000 	C:\Windows\system32\dhcpcsvc6.DLL
0x0000000070640000 - 0x0000000070651000 	C:\Program Files\Java\jdk1.8.0_11\jre\bin\nio.dll
0x000007fefb1f0000 - 0x000007fefb1fa000 	C:\Users\rgopal\AppData\Local\Temp\jansi-64-3603282291801572255.dll
0x0000000070590000 - 0x000000007059d000 	C:\Program Files\Java\jdk1.8.0_11\jre\bin\management.dll
0x000007fefce80000 - 0x000007fefce87000 	C:\Windows\System32\wshtcpip.dll
0x000007fefd4a0000 - 0x000007fefd4fb000 	C:\Windows\system32\DNSAPI.dll
0x0000000074fa0000 - 0x0000000074fc6000 	C:\Program Files\Bonjour\mdnsNSP.dll
0x000007fefb340000 - 0x000007fefb348000 	C:\Windows\system32\rasadhlp.dll
0x000007fefb350000 - 0x000007fefb3a3000 	C:\Windows\System32\fwpuclnt.dll
0x000007fefb450000 - 0x000007fefb465000 	C:\Windows\system32\NLAapi.dll
0x000007fefb430000 - 0x000007fefb445000 	C:\Windows\system32\napinsp.dll
0x000007fefb410000 - 0x000007fefb429000 	C:\Windows\system32\pnrpnsp.dll
0x000007fefb400000 - 0x000007fefb40b000 	C:\Windows\System32\winrnr.dll
0x000007fefb3f0000 - 0x000007fefb400000 	C:\Windows\system32\wshbth.dll
0x000007fef6a90000 - 0x000007fef6bb5000 	C:\Windows\system32\dbghelp.dll

VM Arguments:
jvm_args: -Dfile.encoding=UTF-8 -Xmx768M -Xms64M -Dgrails.fork.parent.process.port=60339 -Dgrails.fork.active=true -Dgrails.build.execution.context=C:\Users\rgopal\AppData\Local\Temp\central7514902456206444854grails-execution-context -Dgrails.home=C:\Users\rgopal\Documents\grails-2.4.4\grails-2.4.4 -javaagent:C:\Users\rgopal\Documents\grails-2.4.4\grails-2.4.4\lib\org.springframework\springloaded\jars\springloaded-1.2.1.RELEASE.jar -Xverify:none -Dspringloaded.synchronize=true -Djdk.reflect.allowGetCallerClass=true -Dspringloaded=profile=grails;cacheDir=C:\Users\rgopal/.grails/2.4.4/ 
java_command: org.grails.plugins.tomcat.fork.ForkedTomcatServer
java_class_path (initial): C:\Program Files\Java\jdk1.8.0_11\lib\tools.jar;C:\Users\rgopal\Documents\grails-2.4.4\grails-2.4.4\lib\org.codehaus.groovy\groovy-all\jars\groovy-all-2.3.7.jar;C:\Users\rgopal\Documents\grails-2.4.4\grails-2.4.4\lib\org.slf4j\jcl-over-slf4j\jars\jcl-over-slf4j-1.7.5.jar;C:\Users\rgopal\Documents\grails-2.4.4\grails-2.4.4\lib\org.codehaus.gant\gant_groovy1.8\jars\gant_groovy1.8-1.9.6.jar;C:\Users\rgopal\Documents\grails-2.4.4\grails-2.4.4\lib\org.apache.tomcat.embed\tomcat-embed-logging-log4j\jars\tomcat-embed-logging-log4j-7.0.50.jar;C:\Users\rgopal\Documents\grails-2.4.4\grails-2.4.4\dist\grails-plugin-log4j-2.4.4.jar;C:\Users\rgopal\Documents\grails-2.4.4\grails-2.4.4\lib\log4j\log4j\jars\log4j-1.2.17.jar;C:\Users\rgopal\Documents\grails-2.4.4\grails-2.4.4\dist\grails-bootstrap-2.4.4.jar;C:\Users\rgopal\Documents\grails-2.4.4\grails-2.4.4\lib\org.slf4j\slf4j-api\jars\slf4j-api-1.7.5.jar;C:\Users\rgopal\Documents\grails-2.4.4\grails-2.4.4\lib\jline\jline\jars\jline-2.12.jar;C:\Users\rgopal\Documents\grails-2.4.4\grails-2.4.4\lib\org.apache.ant\ant\jars\ant-1.8.4.jar;C:\Users\rgopal\Documents\grails-2.4.4\grails-2.4.4\lib\org.apache.ant\ant-launcher\jars\ant-launcher-1.8.4.jar;C:\Users\rgopal\Documents\grails-2.4.4\grails-2.4.4\lib\org.apache.ant\ant-trax\jars\ant-trax-1.7.1.jar;C:\Users\rgopal\Documents\grails-2.4.4\grails-2.4.4\lib\org.apache.ant\ant-junit\jars\ant-junit-1.8.4.jar;C:\Users\rgopal\Documents\grails-2.4.4\grails-2.4.4\lib\org.apache.ivy\ivy\jars\ivy-2.3.0.jar;C:\Users\rgopal\Documents\grails-2.4.4\grails-2.4.4\lib\org.fusesource.jansi\jansi\jars\jansi-1.11.jar;C:\Users\rgopal\.m2\repository\org\apache\tomcat\tomcat-catalina-ant\7.0.55\tomcat-catalina-ant-7.0.55.jar;C:\Users\rgopal\.m2\repository\org\apache\tomcat\embed\tomcat-embed-jasper\7.0.55\tomcat-embed-jasper-7.0.55.jar;C:\Users\rgopal\.m2\repository\org\apache\tomcat\embed\tomcat-embed-el\7.0.55\tomcat-embed-el-7.0.55.jar;C:\Users\rgopal\.m2\repository\org\apache\
Launcher Type: SUN_STANDARD

Environment Variables:
JAVA_HOME=C:\Program Files\Java\jdk1.8.0_11
PATH=C:\Windows\system32;C:\Windows;C:\Windows\System32\Wbem;C:\Windows\System32\WindowsPowerShell\v1.0\;C:\users\rgopal\My Documents\springsource\grails-2.3.5\bin\;c:\Program Files\Java\jdk1.7.0_51\bin\;C:\Program Files (x86)\MiKTeX 2.9\miktex\bin\
USERNAME=rgopal
OS=Windows_NT
PROCESSOR_IDENTIFIER=Intel64 Family 6 Model 37 Stepping 5, GenuineIntel



---------------  S Y S T E M  ---------------

OS: Windows 7 , 64 bit Build 7601 Service Pack 1

CPU:total 4 (2 cores per cpu, 2 threads per core) family 6 model 37 stepping 5, cmov, cx8, fxsr, mmx, sse, sse2, sse3, ssse3, sse4.1, sse4.2, popcnt, aes, clmul, ht, tsc, tscinvbit

Memory: 4k page, physical 8181608k(1390124k free), swap 16361352k(7494888k free)

vm_info: Java HotSpot(TM) 64-Bit Server VM (25.11-b03) for windows-amd64 JRE (1.8.0_11-b12), built on Jun 16 2014 20:57:32 by "java_re" with MS VC++ 10.0 (VS2010)

time: Sat Apr 11 12:15:44 2015
elapsed time: 41 seconds

