#
# A fatal error has been detected by the Java Runtime Environment:
#
#  EXCEPTION_ACCESS_VIOLATION (0xc0000005) at pc=0x0000000002e74db2, pid=9152, tid=6756
#
# JRE version: Java(TM) SE Runtime Environment (8.0_11-b12) (build 1.8.0_11-b12)
# Java VM: Java HotSpot(TM) 64-Bit Server VM (25.11-b03 mixed mode windows-amd64 compressed oops)
# Problematic frame:
# V  [jvm.dll+0x424db2]
#
# Failed to write core dump. Minidumps are not enabled by default on client versions of Windows
#
# If you would like to submit a bug report, please visit:
#   http://bugreport.sun.com/bugreport/crash.jsp
#

---------------  T H R E A D  ---------------

Current thread (0x0000000056aed000):  JavaThread "C2 CompilerThread1" daemon [_thread_in_native, id=6756, stack(0x0000000057390000,0x0000000057490000)]

siginfo: ExceptionCode=0xc0000005, reading address 0x0000000000000000

Registers:
RAX=0x0000000057fa4de8, RBX=0x0000000000000600, RCX=0x0000000000000000, RDX=0x000000005df29c50
RSP=0x000000005748c320, RBP=0x00000000000000c0, RSI=0x00000000000000b8, RDI=0x0000000000000000
R8 =0x0000000002a50000, R9 =0x000000005748c640, R10=0x00000000ffffffff, R11=0x0000000056af6890
R12=0x0000000057fa54f0, R13=0x000000005af67c38, R14=0x0000000000000008, R15=0x000000005af67c38
RIP=0x0000000002e74db2, EFLAGS=0x0000000000010206

Top of Stack: (sp=0x000000005748c320)
0x000000005748c320:   00000000000000da 000000005df25600
0x000000005748c330:   0000000000000040 0000000000000400
0x000000005748c340:   0000000000000001 0000000000000600
0x000000005748c350:   0000000000000180 00000000000000c0
0x000000005748c360:   0000000060600fa0 0000000056af2df0
0x000000005748c370:   00000000000006b0 000000005df25600
0x000000005748c380:   000000005748c640 0000000057fa1f60
0x000000005748c390:   0000000000000020 0000000000000009
0x000000005748c3a0:   0000000057fa54c0 00000000000000da
0x000000005748c3b0:   000000005af67c38 0000000002e7598d
0x000000005748c3c0:   0000000057fa54c0 000000000000001c
0x000000005748c3d0:   00000000000000da 000000005748c640
0x000000005748c3e0:   000000005df29c50 00000000000000da
0x000000005748c3f0:   0000000057fa1f60 0000000000000020
0x000000005748c400:   0000000057d67918 000000005748e9b0
0x000000005748c410:   0000000057d67f48 0000000057fa54c0 

Instructions: (pc=0x0000000002e74db2)
0x0000000002e74d92:   c6 48 63 f0 48 03 f1 eb 04 48 83 ce ff 48 8b 84
0x0000000002e74da2:   24 a0 00 00 00 48 8b 40 08 48 8b 3c 03 48 8b cf
0x0000000002e74db2:   48 8b 07 ff 50 28 4c 8d 05 41 b2 bd ff 48 63 50
0x0000000002e74dc2:   10 4c 8b d8 48 8b ca 48 c1 e1 05 42 80 bc 01 c0 


Register to memory mapping:

RAX=0x0000000057fa4de8 is an unknown value
RBX=0x0000000000000600 is an unknown value
RCX=0x0000000000000000 is an unknown value
RDX=0x000000005df29c50 is an unknown value
RSP=0x000000005748c320 is pointing into the stack for thread: 0x0000000056aed000
RBP=0x00000000000000c0 is an unknown value
RSI=0x00000000000000b8 is an unknown value
RDI=0x0000000000000000 is an unknown value
R8 =0x0000000002a50000 is an unknown value
R9 =0x000000005748c640 is pointing into the stack for thread: 0x0000000056aed000
R10=0x00000000ffffffff is an unknown value
R11=0x0000000056af6890 is an unknown value
R12=0x0000000057fa54f0 is an unknown value
R13=0x000000005af67c38 is an unknown value
R14=0x0000000000000008 is an unknown value
R15=0x000000005af67c38 is an unknown value


Stack: [0x0000000057390000,0x0000000057490000],  sp=0x000000005748c320,  free space=1008k
Native frames: (J=compiled Java code, j=interpreted, Vv=VM code, C=native code)
V  [jvm.dll+0x424db2]
V  [jvm.dll+0x42598d]
V  [jvm.dll+0x425ecf]
V  [jvm.dll+0x4c5a84]
V  [jvm.dll+0x4415bc]
V  [jvm.dll+0x443a29]
V  [jvm.dll+0x427722]
V  [jvm.dll+0x96982]
V  [jvm.dll+0x97173]
V  [jvm.dll+0x2234b4]
V  [jvm.dll+0x27bcca]
C  [msvcr100.dll+0x21d9f]
C  [msvcr100.dll+0x21e3b]
C  [kernel32.dll+0x159ed]
C  [ntdll.dll+0x2c541]


Current CompileTask:
C2:  47816 5624       4       groovy.lang.MetaClassImpl::findPropertyMethod (356 bytes)


---------------  P R O C E S S  ---------------

Java Threads: ( => current thread )
  0x0000000059f78800 JavaThread "net.sf.ehcache.CacheManager@134acde9" daemon [_thread_blocked, id=5588, stack(0x000000005fa80000,0x000000005fb80000)]
  0x000000005b0ee000 JavaThread "PoolCleaner[1543043602:1428073492228]" daemon [_thread_blocked, id=10104, stack(0x000000005e990000,0x000000005ea90000)]
  0x000000005a20a000 JavaThread "FileSystemWatcher: files=#132 cl=groovy.lang.GroovyClassLoader@5bf8fa12" daemon [_thread_blocked, id=11260, stack(0x000000005cca0000,0x000000005cda0000)]
  0x000000005b249800 JavaThread "localhost-startStop-1" daemon [_thread_in_native, id=6584, stack(0x00000000567d0000,0x00000000568d0000)]
  0x000000005b01b000 JavaThread "Tomcat-startStop-1" daemon [_thread_blocked, id=10948, stack(0x0000000058ba0000,0x0000000058ca0000)]
  0x0000000059f44000 JavaThread "Thread-3" [_thread_in_native, id=3788, stack(0x0000000059510000,0x0000000059610000)]
  0x0000000056ddc000 JavaThread "Thread-2" [_thread_blocked, id=11120, stack(0x0000000058fe0000,0x00000000590e0000)]
  0x0000000057c69000 JavaThread "NonBlockingInputStreamThread" daemon [_thread_blocked, id=8612, stack(0x0000000058690000,0x0000000058790000)]
  0x0000000056c20000 JavaThread "Service Thread" daemon [_thread_blocked, id=8168, stack(0x0000000057600000,0x0000000057700000)]
  0x0000000056aef000 JavaThread "C1 CompilerThread2" daemon [_thread_blocked, id=10996, stack(0x00000000574e0000,0x00000000575e0000)]
=>0x0000000056aed000 JavaThread "C2 CompilerThread1" daemon [_thread_in_native, id=6756, stack(0x0000000057390000,0x0000000057490000)]
  0x0000000056aea000 JavaThread "C2 CompilerThread0" daemon [_thread_in_native, id=4872, stack(0x00000000571d0000,0x00000000572d0000)]
  0x0000000055588000 JavaThread "Attach Listener" daemon [_thread_blocked, id=7380, stack(0x0000000056fc0000,0x00000000570c0000)]
  0x0000000055587800 JavaThread "Signal Dispatcher" daemon [_thread_blocked, id=11052, stack(0x0000000056e00000,0x0000000056f00000)]
  0x0000000055521000 JavaThread "Finalizer" daemon [_thread_blocked, id=7104, stack(0x00000000568f0000,0x00000000569f0000)]
  0x000000005551c000 JavaThread "Reference Handler" daemon [_thread_blocked, id=9992, stack(0x00000000566a0000,0x00000000567a0000)]
  0x000000000298a000 JavaThread "main" [_thread_blocked, id=9320, stack(0x00000000034f0000,0x00000000035f0000)]

Other Threads:
  0x0000000055518800 VMThread [stack: 0x0000000056590000,0x0000000056690000] [id=9640]
  0x0000000056c17800 WatcherThread [stack: 0x0000000057790000,0x0000000057890000] [id=10636]

VM state:not at safepoint (normal execution)

VM Mutex/Monitor currently owned by a thread: None

Heap:
 PSYoungGen      total 248320K, used 183316K [0x00000000f0000000, 0x0000000100000000, 0x0000000100000000)
  eden space 234496K, 74% used [0x00000000f0000000,0x00000000faa91260,0x00000000fe500000)
  from space 13824K, 62% used [0x00000000fe500000,0x00000000fed73e10,0x00000000ff280000)
  to   space 13824K, 0% used [0x00000000ff280000,0x00000000ff280000,0x0000000100000000)
 ParOldGen       total 100864K, used 83039K [0x00000000d0000000, 0x00000000d6280000, 0x00000000f0000000)
  object space 100864K, 82% used [0x00000000d0000000,0x00000000d5117f00,0x00000000d6280000)
 Metaspace       used 58387K, capacity 60072K, committed 60288K, reserved 1101824K
  class space    used 6545K, capacity 7038K, committed 7040K, reserved 1048576K

Card table byte_map: [0x00000000035f0000,0x0000000003780000] byte_map_base: 0x0000000002f70000

Marking Bits: (ParMarkBitMap*) 0x00000000032012b0
 Begin Bits: [0x0000000013210000, 0x0000000013e10000)
 End Bits:   [0x0000000013e10000, 0x0000000014a10000)

Polling page: 0x0000000000290000

CodeCache: size=245760Kb used=19509Kb max_used=19512Kb free=226250Kb
 bounds [0x00000000037a0000, 0x0000000004ac0000, 0x00000000127a0000]
 total_blobs=5873 nmethods=5122 adapters=662
 compilation: enabled

Compilation events (10 events):
Event: 47.691 Thread 0x0000000056aef000 5647       1       org.springsource.loaded.TypeDescriptor::getConstructors (5 bytes)
Event: 47.691 Thread 0x0000000056aef000 nmethod 5647 0x0000000003c04cd0 code [0x0000000003c04e20, 0x0000000003c04f30]
Event: 47.692 Thread 0x0000000056aef000 5648       1       org.springsource.loaded.ReloadableType::getId (5 bytes)
Event: 47.692 Thread 0x0000000056aef000 nmethod 5648 0x000000000394d410 code [0x000000000394d560, 0x000000000394d670]
Event: 47.692 Thread 0x0000000056aef000 5649       1       org.springsource.loaded.MethodInvokerRewriter$RewriteClassAdaptor::getClassVisitor (5 bytes)
Event: 47.692 Thread 0x0000000056aef000 nmethod 5649 0x0000000003be3fd0 code [0x0000000003be4120, 0x0000000003be4230]
Event: 47.692 Thread 0x0000000056aef000 5650       1       org.springsource.loaded.TypeRewriter$RewriteClassAdaptor::getClassVisitor (5 bytes)
Event: 47.692 Thread 0x0000000056aef000 nmethod 5650 0x0000000004a949d0 code [0x0000000004a94b20, 0x0000000004a94c30]
Event: 47.692 Thread 0x0000000056aef000 5651       1       org.springsource.loaded.TypeRegistry::shouldDefineClasses (5 bytes)
Event: 47.692 Thread 0x0000000056aef000 nmethod 5651 0x0000000004a94710 code [0x0000000004a94860, 0x0000000004a94970]

GC Heap History (10 events):
Event: 37.971 GC heap before
{Heap before GC invocations=46 (full 6):
 PSYoungGen      total 249344K, used 6785K [0x00000000f0000000, 0x0000000100000000, 0x0000000100000000)
  eden space 236544K, 0% used [0x00000000f0000000,0x00000000f0000000,0x00000000fe700000)
  from space 12800K, 53% used [0x00000000ff380000,0x00000000ffa20538,0x0000000100000000)
  to   space 12800K, 0% used [0x00000000fe700000,0x00000000fe700000,0x00000000ff380000)
 ParOldGen       total 72192K, used 63786K [0x00000000d0000000, 0x00000000d4680000, 0x00000000f0000000)
  object space 72192K, 88% used [0x00000000d0000000,0x00000000d3e4a880,0x00000000d4680000)
 Metaspace       used 52473K, capacity 54028K, committed 54272K, reserved 1097728K
  class space    used 5831K, capacity 6316K, committed 6400K, reserved 1048576K
Event: 38.690 GC heap after
Heap after GC invocations=46 (full 6):
 PSYoungGen      total 249344K, used 0K [0x00000000f0000000, 0x0000000100000000, 0x0000000100000000)
  eden space 236544K, 0% used [0x00000000f0000000,0x00000000f0000000,0x00000000fe700000)
  from space 12800K, 0% used [0x00000000ff380000,0x00000000ff380000,0x0000000100000000)
  to   space 12800K, 0% used [0x00000000fe700000,0x00000000fe700000,0x00000000ff380000)
 ParOldGen       total 83456K, used 68764K [0x00000000d0000000, 0x00000000d5180000, 0x00000000f0000000)
  object space 83456K, 82% used [0x00000000d0000000,0x00000000d4327360,0x00000000d5180000)
 Metaspace       used 52473K, capacity 54028K, committed 54272K, reserved 1097728K
  class space    used 5831K, capacity 6316K, committed 6400K, reserved 1048576K
}
Event: 40.058 GC heap before
{Heap before GC invocations=47 (full 6):
 PSYoungGen      total 249344K, used 230839K [0x00000000f0000000, 0x0000000100000000, 0x0000000100000000)
  eden space 236544K, 97% used [0x00000000f0000000,0x00000000fe16dc20,0x00000000fe700000)
  from space 12800K, 0% used [0x00000000ff380000,0x00000000ff380000,0x0000000100000000)
  to   space 12800K, 0% used [0x00000000fe700000,0x00000000fe700000,0x00000000ff380000)
 ParOldGen       total 83456K, used 68764K [0x00000000d0000000, 0x00000000d5180000, 0x00000000f0000000)
  object space 83456K, 82% used [0x00000000d0000000,0x00000000d4327360,0x00000000d5180000)
 Metaspace       used 53817K, capacity 55410K, committed 55680K, reserved 1097728K
  class space    used 6011K, capacity 6477K, committed 6528K, reserved 1048576K
Event: 40.106 GC heap after
Heap after GC invocations=47 (full 6):
 PSYoungGen      total 241664K, used 4722K [0x00000000f0000000, 0x00000000fff00000, 0x0000000100000000)
  eden space 236544K, 0% used [0x00000000f0000000,0x00000000f0000000,0x00000000fe700000)
  from space 5120K, 92% used [0x00000000fe700000,0x00000000feb9ca00,0x00000000fec00000)
  to   space 12288K, 0% used [0x00000000ff300000,0x00000000ff300000,0x00000000fff00000)
 ParOldGen       total 83456K, used 68772K [0x00000000d0000000, 0x00000000d5180000, 0x00000000f0000000)
  object space 83456K, 82% used [0x00000000d0000000,0x00000000d4329360,0x00000000d5180000)
 Metaspace       used 53817K, capacity 55410K, committed 55680K, reserved 1097728K
  class space    used 6011K, capacity 6477K, committed 6528K, reserved 1048576K
}
Event: 42.493 GC heap before
{Heap before GC invocations=48 (full 6):
 PSYoungGen      total 241664K, used 238837K [0x00000000f0000000, 0x00000000fff00000, 0x0000000100000000)
  eden space 236544K, 98% used [0x00000000f0000000,0x00000000fe4a0d88,0x00000000fe700000)
  from space 5120K, 92% used [0x00000000fe700000,0x00000000feb9ca00,0x00000000fec00000)
  to   space 12288K, 0% used [0x00000000ff300000,0x00000000ff300000,0x00000000fff00000)
 ParOldGen       total 83456K, used 68772K [0x00000000d0000000, 0x00000000d5180000, 0x00000000f0000000)
  object space 83456K, 82% used [0x00000000d0000000,0x00000000d4329360,0x00000000d5180000)
 Metaspace       used 54815K, capacity 56456K, committed 56832K, reserved 1099776K
  class space    used 6138K, capacity 6623K, committed 6656K, reserved 1048576K
Event: 42.567 GC heap after
Heap after GC invocations=48 (full 6):
 PSYoungGen      total 246784K, used 12262K [0x00000000f0000000, 0x0000000100000000, 0x0000000100000000)
  eden space 234496K, 0% used [0x00000000f0000000,0x00000000f0000000,0x00000000fe500000)
  from space 12288K, 99% used [0x00000000ff300000,0x00000000ffef9928,0x00000000fff00000)
  to   space 13824K, 0% used [0x00000000fe500000,0x00000000fe500000,0x00000000ff280000)
 ParOldGen       total 83456K, used 68883K [0x00000000d0000000, 0x00000000d5180000, 0x00000000f0000000)
  object space 83456K, 82% used [0x00000000d0000000,0x00000000d4344ec8,0x00000000d5180000)
 Metaspace       used 54815K, capacity 56456K, committed 56832K, reserved 1099776K
  class space    used 6138K, capacity 6623K, committed 6656K, reserved 1048576K
}
Event: 45.127 GC heap before
{Heap before GC invocations=49 (full 6):
 PSYoungGen      total 246784K, used 239237K [0x00000000f0000000, 0x0000000100000000, 0x0000000100000000)
  eden space 234496K, 96% used [0x00000000f0000000,0x00000000fdda7b28,0x00000000fe500000)
  from space 12288K, 99% used [0x00000000ff300000,0x00000000ffef9928,0x00000000fff00000)
  to   space 13824K, 0% used [0x00000000fe500000,0x00000000fe500000,0x00000000ff280000)
 ParOldGen       total 83456K, used 68883K [0x00000000d0000000, 0x00000000d5180000, 0x00000000f0000000)
  object space 83456K, 82% used [0x00000000d0000000,0x00000000d4344ec8,0x00000000d5180000)
 Metaspace       used 57268K, capacity 58906K, committed 59136K, reserved 1101824K
  class space    used 6411K, capacity 6882K, committed 6912K, reserved 1048576K
Event: 45.194 GC heap after
Heap after GC invocations=49 (full 6):
 PSYoungGen      total 248320K, used 13808K [0x00000000f0000000, 0x0000000100000000, 0x0000000100000000)
  eden space 234496K, 0% used [0x00000000f0000000,0x00000000f0000000,0x00000000fe500000)
  from space 13824K, 99% used [0x00000000fe500000,0x00000000ff27c030,0x00000000ff280000)
  to   space 13824K, 0% used [0x00000000ff280000,0x00000000ff280000,0x0000000100000000)
 ParOldGen       total 83456K, used 80007K [0x00000000d0000000, 0x00000000d5180000, 0x00000000f0000000)
  object space 83456K, 95% used [0x00000000d0000000,0x00000000d4e21d60,0x00000000d5180000)
 Metaspace       used 57268K, capacity 58906K, committed 59136K, reserved 1101824K
  class space    used 6411K, capacity 6882K, committed 6912K, reserved 1048576K
}
Event: 45.194 GC heap before
{Heap before GC invocations=50 (full 7):
 PSYoungGen      total 248320K, used 13808K [0x00000000f0000000, 0x0000000100000000, 0x0000000100000000)
  eden space 234496K, 0% used [0x00000000f0000000,0x00000000f0000000,0x00000000fe500000)
  from space 13824K, 99% used [0x00000000fe500000,0x00000000ff27c030,0x00000000ff280000)
  to   space 13824K, 0% used [0x00000000ff280000,0x00000000ff280000,0x0000000100000000)
 ParOldGen       total 83456K, used 80007K [0x00000000d0000000, 0x00000000d5180000, 0x00000000f0000000)
  object space 83456K, 95% used [0x00000000d0000000,0x00000000d4e21d60,0x00000000d5180000)
 Metaspace       used 57268K, capacity 58906K, committed 59136K, reserved 1101824K
  class space    used 6411K, capacity 6882K, committed 6912K, reserved 1048576K
Event: 46.730 GC heap after
Heap after GC invocations=50 (full 7):
 PSYoungGen      total 248320K, used 8655K [0x00000000f0000000, 0x0000000100000000, 0x0000000100000000)
  eden space 234496K, 0% used [0x00000000f0000000,0x00000000f0000000,0x00000000fe500000)
  from space 13824K, 62% used [0x00000000fe500000,0x00000000fed73e10,0x00000000ff280000)
  to   space 13824K, 0% used [0x00000000ff280000,0x00000000ff280000,0x0000000100000000)
 ParOldGen       total 100864K, used 83039K [0x00000000d0000000, 0x00000000d6280000, 0x00000000f0000000)
  object space 100864K, 82% used [0x00000000d0000000,0x00000000d5117f00,0x00000000d6280000)
 Metaspace       used 57268K, capacity 58906K, committed 59136K, reserved 1101824K
  class space    used 6411K, capacity 6882K, committed 6912K, reserved 1048576K
}

Deoptimization events (10 events):
Event: 39.862 Thread 0x000000005b249800 Uncommon trap: reason=class_check action=maybe_recompile pc=0x0000000003e53ac8 method=java.util.TreeMap.put(Ljava/lang/Object;Ljava/lang/Object;)Ljava/lang/Object; @ 127
Event: 39.862 Thread 0x000000005b249800 Uncommon trap: reason=class_check action=maybe_recompile pc=0x0000000003e53ac8 method=java.util.TreeMap.put(Ljava/lang/Object;Ljava/lang/Object;)Ljava/lang/Object; @ 127
Event: 40.437 Thread 0x000000005b249800 Uncommon trap: reason=unreached action=reinterpret pc=0x00000000039b25b0 method=java.lang.reflect.Method.equals(Ljava/lang/Object;)Z @ 1
Event: 43.191 Thread 0x000000005b249800 Uncommon trap: reason=unreached action=reinterpret pc=0x00000000039dc970 method=org.codehaus.groovy.runtime.metaclass.MetaMethodIndex.getMethods(Ljava/lang/Class;Ljava/lang/String;)Lorg/codehaus/groovy/runtime/metaclass/MetaMethodIndex$Entry; @ 61
Event: 44.834 Thread 0x000000005b249800 Uncommon trap: reason=bimorphic action=maybe_recompile pc=0x0000000004a0afb4 method=org.codehaus.groovy.runtime.metaclass.MetaMethodIndex.addMethodToList(Ljava/lang/Object;Lgroovy/lang/MetaMethod;)Ljava/lang/Object; @ 97
Event: 44.834 Thread 0x000000005b249800 Uncommon trap: reason=bimorphic action=maybe_recompile pc=0x0000000004a0afb4 method=org.codehaus.groovy.runtime.metaclass.MetaMethodIndex.addMethodToList(Ljava/lang/Object;Lgroovy/lang/MetaMethod;)Ljava/lang/Object; @ 97
Event: 47.408 Thread 0x000000005b249800 Uncommon trap: reason=array_check action=maybe_recompile pc=0x0000000004a717d8 method=java.util.AbstractCollection.toArray([Ljava/lang/Object;)[Ljava/lang/Object; @ 119
Event: 47.408 Thread 0x000000005b249800 Uncommon trap: reason=array_check action=maybe_recompile pc=0x0000000004a717d8 method=java.util.AbstractCollection.toArray([Ljava/lang/Object;)[Ljava/lang/Object; @ 119
Event: 47.415 Thread 0x000000005b249800 Uncommon trap: reason=array_check action=maybe_recompile pc=0x0000000004a717d8 method=java.util.AbstractCollection.toArray([Ljava/lang/Object;)[Ljava/lang/Object; @ 119
Event: 47.415 Thread 0x000000005b249800 Uncommon trap: reason=array_check action=maybe_recompile pc=0x0000000004a717d8 method=java.util.AbstractCollection.toArray([Ljava/lang/Object;)[Ljava/lang/Object; @ 119

Internal exceptions (10 events):
Event: 47.696 Thread 0x000000005b249800 Exception <a 'java/security/PrivilegedActionException'> (0x00000000f96514b8) thrown at [C:\re\workspace\8-2-build-windows-amd64-cygwin\jdk8u11\648\hotspot\src\share\vm\prims\jvm.cpp, line 1248]
Event: 47.697 Thread 0x000000005b249800 Exception <a 'java/security/PrivilegedActionException'> (0x00000000f9661830) thrown at [C:\re\workspace\8-2-build-windows-amd64-cygwin\jdk8u11\648\hotspot\src\share\vm\prims\jvm.cpp, line 1248]
Event: 47.697 Thread 0x000000005b249800 Exception <a 'java/security/PrivilegedActionException'> (0x00000000f9664d88) thrown at [C:\re\workspace\8-2-build-windows-amd64-cygwin\jdk8u11\648\hotspot\src\share\vm\prims\jvm.cpp, line 1248]
Event: 47.697 Thread 0x000000005b249800 Exception <a 'java/security/PrivilegedActionException'> (0x00000000f9671f88) thrown at [C:\re\workspace\8-2-build-windows-amd64-cygwin\jdk8u11\648\hotspot\src\share\vm\prims\jvm.cpp, line 1248]
Event: 47.697 Thread 0x000000005b249800 Exception <a 'java/security/PrivilegedActionException'> (0x00000000f968ed38) thrown at [C:\re\workspace\8-2-build-windows-amd64-cygwin\jdk8u11\648\hotspot\src\share\vm\prims\jvm.cpp, line 1248]
Event: 47.697 Thread 0x000000005b249800 Exception <a 'java/lang/ClassNotFoundException': CsvGrailsPlugin$_closure4_closure16Customizer> (0x00000000f968f798) thrown at [C:\re\workspace\8-2-build-windows-amd64-cygwin\jdk8u11\648\hotspot\src\share\vm\classfile\systemDictionary.cpp, line 202]
Event: 47.698 Thread 0x000000005b249800 Exception <a 'java/security/PrivilegedActionException'> (0x00000000f96a48d0) thrown at [C:\re\workspace\8-2-build-windows-amd64-cygwin\jdk8u11\648\hotspot\src\share\vm\prims\jvm.cpp, line 1248]
Event: 47.698 Thread 0x000000005b249800 Exception <a 'java/security/PrivilegedActionException'> (0x00000000f96a7828) thrown at [C:\re\workspace\8-2-build-windows-amd64-cygwin\jdk8u11\648\hotspot\src\share\vm\prims\jvm.cpp, line 1248]
Event: 47.702 Thread 0x000000005b249800 Exception <a 'java/security/PrivilegedActionException'> (0x00000000f970a150) thrown at [C:\re\workspace\8-2-build-windows-amd64-cygwin\jdk8u11\648\hotspot\src\share\vm\prims\jvm.cpp, line 1248]
Event: 47.703 Thread 0x000000005b249800 Exception <a 'java/security/PrivilegedActionException'> (0x00000000f970e7d0) thrown at [C:\re\workspace\8-2-build-windows-amd64-cygwin\jdk8u11\648\hotspot\src\share\vm\prims\jvm.cpp, line 1248]

Events (10 events):
Event: 47.696 loading class CsvGrailsPlugin$_closure4_closure16Customizer
Event: 47.696 loading class CsvGrailsPlugin$_closure4_closure16Customizer done
Event: 47.697 loading class CsvGrailsPlugin$_closure4_closure16Customizer
Event: 47.697 loading class CsvGrailsPlugin$_closure4_closure16Customizer done
Event: 47.697 loading class CsvGrailsPlugin$_closure4_closure16Customizer
Event: 47.697 loading class CsvGrailsPlugin$_closure4_closure16Customizer done
Event: 47.698 loading class CsvGrailsPlugin$_closure4_closure17
Event: 47.698 loading class CsvGrailsPlugin$_closure4_closure17 done
Event: 47.702 loading class groovy/runtime/metaclass/CsvGrailsPlugin$_closure4_closure17MetaClass
Event: 47.702 loading class groovy/runtime/metaclass/CsvGrailsPlugin$_closure4_closure17MetaClass done


Dynamic libraries:
0x000000013f870000 - 0x000000013f8a4000 	C:\Program Files\Java\jdk1.8.0_11\bin\java.exe
0x0000000077a80000 - 0x0000000077c29000 	C:\Windows\SYSTEM32\ntdll.dll
0x0000000077800000 - 0x000000007791f000 	C:\Windows\system32\kernel32.dll
0x000007fefe160000 - 0x000007fefe1cc000 	C:\Windows\system32\KERNELBASE.dll
0x000007fefee40000 - 0x000007fefef1b000 	C:\Windows\system32\ADVAPI32.dll
0x000007fefe840000 - 0x000007fefe8df000 	C:\Windows\system32\msvcrt.dll
0x000007fefea80000 - 0x000007fefea9f000 	C:\Windows\SYSTEM32\sechost.dll
0x000007fefed10000 - 0x000007fefee3d000 	C:\Windows\system32\RPCRT4.dll
0x00000000775a0000 - 0x000000007769a000 	C:\Windows\system32\USER32.dll
0x000007fefeca0000 - 0x000007fefed07000 	C:\Windows\system32\GDI32.dll
0x000007fefe8e0000 - 0x000007fefe8ee000 	C:\Windows\system32\LPK.dll
0x000007fefeba0000 - 0x000007fefec69000 	C:\Windows\system32\USP10.dll
0x000007fefc4e0000 - 0x000007fefc6d4000 	C:\Windows\WinSxS\amd64_microsoft.windows.common-controls_6595b64144ccf1df_6.0.7601.17514_none_fa396087175ac9ac\COMCTL32.dll
0x000007fefeaa0000 - 0x000007fefeb11000 	C:\Windows\system32\SHLWAPI.dll
0x000007fefec70000 - 0x000007fefec9e000 	C:\Windows\system32\IMM32.DLL
0x000007fefe720000 - 0x000007fefe829000 	C:\Windows\system32\MSCTF.dll
0x0000000180000000 - 0x000000018001c000 	C:\Windows\system32\btpload64.dll
0x0000000077c40000 - 0x0000000077c47000 	C:\Windows\system32\PSAPI.DLL
0x0000000000240000 - 0x000000000026c000 	C:\Windows\system32\privman64.dll
0x000007fefde30000 - 0x000007fefde3c000 	C:\Windows\system32\VERSION.dll
0x000007fefef20000 - 0x000007feffca9000 	C:\Windows\system32\SHELL32.dll
0x000007fefde10000 - 0x000007fefde2e000 	C:\Windows\system32\USERENV.dll
0x000007fefdee0000 - 0x000007fefdeef000 	C:\Windows\system32\profapi.dll
0x00000000596c0000 - 0x0000000059792000 	C:\Program Files\Java\jdk1.8.0_11\jre\bin\msvcr100.dll
0x0000000002a50000 - 0x000000000327a000 	C:\Program Files\Java\jdk1.8.0_11\jre\bin\server\jvm.dll
0x000007fefd3c0000 - 0x000007fefd3c9000 	C:\Windows\system32\WSOCK32.dll
0x000007fefea30000 - 0x000007fefea7d000 	C:\Windows\system32\WS2_32.dll
0x000007fefe830000 - 0x000007fefe838000 	C:\Windows\system32\NSI.dll
0x000007fefba10000 - 0x000007fefba4b000 	C:\Windows\system32\WINMM.dll
0x0000000070ab0000 - 0x0000000070abf000 	C:\Program Files\Java\jdk1.8.0_11\jre\bin\verify.dll
0x0000000070830000 - 0x0000000070858000 	C:\Program Files\Java\jdk1.8.0_11\jre\bin\java.dll
0x0000000070e00000 - 0x0000000070e23000 	C:\Program Files\Java\jdk1.8.0_11\jre\bin\instrument.dll
0x0000000070810000 - 0x0000000070826000 	C:\Program Files\Java\jdk1.8.0_11\jre\bin\zip.dll
0x000007fefe490000 - 0x000007fefe693000 	C:\Windows\system32\ole32.dll
0x000007fefd780000 - 0x000007fefd797000 	C:\Windows\system32\CRYPTSP.dll
0x000007fefd480000 - 0x000007fefd4c7000 	C:\Windows\system32\rsaenh.dll
0x000007fefdde0000 - 0x000007fefddef000 	C:\Windows\system32\CRYPTBASE.dll
0x00000000707f0000 - 0x000000007080a000 	C:\Program Files\Java\jdk1.8.0_11\jre\bin\net.dll
0x000007fefd720000 - 0x000007fefd775000 	C:\Windows\system32\mswsock.dll
0x000007fefd710000 - 0x000007fefd717000 	C:\Windows\System32\wship6.dll
0x000007fefce80000 - 0x000007fefcea7000 	C:\Windows\system32\IPHLPAPI.DLL
0x000007fefce70000 - 0x000007fefce7b000 	C:\Windows\system32\WINNSI.DLL
0x000007fefb4b0000 - 0x000007fefb4c8000 	C:\Windows\system32\dhcpcsvc.DLL
0x000007fefb490000 - 0x000007fefb4a1000 	C:\Windows\system32\dhcpcsvc6.DLL
0x00000000707d0000 - 0x00000000707e1000 	C:\Program Files\Java\jdk1.8.0_11\jre\bin\nio.dll
0x000007fefb4d0000 - 0x000007fefb4da000 	C:\Users\rgopal\AppData\Local\Temp\jansi-64-736590256106741647.dll
0x0000000070a80000 - 0x0000000070a8d000 	C:\Program Files\Java\jdk1.8.0_11\jre\bin\management.dll
0x000007fefcf80000 - 0x000007fefcf87000 	C:\Windows\System32\wshtcpip.dll
0x000007fefd5a0000 - 0x000007fefd5fb000 	C:\Windows\system32\DNSAPI.dll
0x0000000075150000 - 0x0000000075176000 	C:\Program Files\Bonjour\mdnsNSP.dll
0x000007fefb420000 - 0x000007fefb428000 	C:\Windows\system32\rasadhlp.dll
0x000007fefb430000 - 0x000007fefb483000 	C:\Windows\System32\fwpuclnt.dll
0x000007fefb5a0000 - 0x000007fefb5b5000 	C:\Windows\system32\NLAapi.dll
0x000007fefb580000 - 0x000007fefb595000 	C:\Windows\system32\napinsp.dll
0x000007fefb560000 - 0x000007fefb579000 	C:\Windows\system32\pnrpnsp.dll
0x000007fefb550000 - 0x000007fefb55b000 	C:\Windows\System32\winrnr.dll
0x000007fefb540000 - 0x000007fefb550000 	C:\Windows\system32\wshbth.dll
0x000007fef6950000 - 0x000007fef6a75000 	C:\Windows\system32\dbghelp.dll

VM Arguments:
jvm_args: -Dfile.encoding=UTF-8 -Xmx768M -Xms64M -Dgrails.fork.parent.process.port=51799 -Dgrails.fork.active=true -Dgrails.build.execution.context=C:\Users\rgopal\AppData\Local\Temp\central1849112279723592165grails-execution-context -Dgrails.home=C:\Users\rgopal\Documents\grails-2.4.4\grails-2.4.4 -javaagent:C:\Users\rgopal\Documents\grails-2.4.4\grails-2.4.4\lib\org.springframework\springloaded\jars\springloaded-1.2.1.RELEASE.jar -Xverify:none -Dspringloaded.synchronize=true -Djdk.reflect.allowGetCallerClass=true -Dspringloaded=profile=grails;cacheDir=C:\Users\rgopal/.grails/2.4.4/ 
java_command: org.grails.plugins.tomcat.fork.ForkedTomcatServer
java_class_path (initial): C:\Program Files\Java\jdk1.8.0_11\lib\tools.jar;C:\Users\rgopal\Documents\grails-2.4.4\grails-2.4.4\lib\org.codehaus.groovy\groovy-all\jars\groovy-all-2.3.7.jar;C:\Users\rgopal\Documents\grails-2.4.4\grails-2.4.4\lib\org.slf4j\jcl-over-slf4j\jars\jcl-over-slf4j-1.7.5.jar;C:\Users\rgopal\Documents\grails-2.4.4\grails-2.4.4\lib\org.codehaus.gant\gant_groovy1.8\jars\gant_groovy1.8-1.9.6.jar;C:\Users\rgopal\Documents\grails-2.4.4\grails-2.4.4\lib\org.apache.tomcat.embed\tomcat-embed-logging-log4j\jars\tomcat-embed-logging-log4j-7.0.50.jar;C:\Users\rgopal\Documents\grails-2.4.4\grails-2.4.4\dist\grails-plugin-log4j-2.4.4.jar;C:\Users\rgopal\Documents\grails-2.4.4\grails-2.4.4\lib\log4j\log4j\jars\log4j-1.2.17.jar;C:\Users\rgopal\Documents\grails-2.4.4\grails-2.4.4\dist\grails-bootstrap-2.4.4.jar;C:\Users\rgopal\Documents\grails-2.4.4\grails-2.4.4\lib\org.slf4j\slf4j-api\jars\slf4j-api-1.7.5.jar;C:\Users\rgopal\Documents\grails-2.4.4\grails-2.4.4\lib\jline\jline\jars\jline-2.12.jar;C:\Users\rgopal\Documents\grails-2.4.4\grails-2.4.4\lib\org.apache.ant\ant\jars\ant-1.8.4.jar;C:\Users\rgopal\Documents\grails-2.4.4\grails-2.4.4\lib\org.apache.ant\ant-launcher\jars\ant-launcher-1.8.4.jar;C:\Users\rgopal\Documents\grails-2.4.4\grails-2.4.4\lib\org.apache.ant\ant-trax\jars\ant-trax-1.7.1.jar;C:\Users\rgopal\Documents\grails-2.4.4\grails-2.4.4\lib\org.apache.ant\ant-junit\jars\ant-junit-1.8.4.jar;C:\Users\rgopal\Documents\grails-2.4.4\grails-2.4.4\lib\org.apache.ivy\ivy\jars\ivy-2.3.0.jar;C:\Users\rgopal\Documents\grails-2.4.4\grails-2.4.4\lib\org.fusesource.jansi\jansi\jars\jansi-1.11.jar;C:\Users\rgopal\.m2\repository\org\apache\tomcat\tomcat-catalina-ant\7.0.55\tomcat-catalina-ant-7.0.55.jar;C:\Users\rgopal\.m2\repository\org\apache\tomcat\embed\tomcat-embed-jasper\7.0.55\tomcat-embed-jasper-7.0.55.jar;C:\Users\rgopal\.m2\repository\org\apache\tomcat\embed\tomcat-embed-el\7.0.55\tomcat-embed-el-7.0.55.jar;C:\Users\rgopal\.m2\repository\org\apache\
Launcher Type: SUN_STANDARD

Environment Variables:
JAVA_HOME=C:\Program Files\Java\jdk1.8.0_11
PATH=C:\Windows\system32;C:\Windows;C:\Windows\System32\Wbem;C:\Windows\System32\WindowsPowerShell\v1.0\;C:\users\rgopal\My Documents\springsource\grails-2.3.5\bin\;c:\Program Files\Java\jdk1.7.0_51\bin\;C:\Program Files (x86)\MiKTeX 2.9\miktex\bin\
USERNAME=rgopal
OS=Windows_NT
PROCESSOR_IDENTIFIER=Intel64 Family 6 Model 37 Stepping 5, GenuineIntel



---------------  S Y S T E M  ---------------

OS: Windows 7 , 64 bit Build 7601 Service Pack 1

CPU:total 4 (2 cores per cpu, 2 threads per core) family 6 model 37 stepping 5, cmov, cx8, fxsr, mmx, sse, sse2, sse3, ssse3, sse4.1, sse4.2, popcnt, aes, clmul, ht, tsc, tscinvbit

Memory: 4k page, physical 8181608k(2341448k free), swap 16361352k(9388044k free)

vm_info: Java HotSpot(TM) 64-Bit Server VM (25.11-b03) for windows-amd64 JRE (1.8.0_11-b12), built on Jun 16 2014 20:57:32 by "java_re" with MS VC++ 10.0 (VS2010)

time: Fri Apr 03 11:05:09 2015
elapsed time: 47 seconds

